[2024-06-05T17:17:08.968+0000] {local_task_job_runner.py:120} INFO - ::group::Pre task execution logs
[2024-06-05T17:17:08.999+0000] {taskinstance.py:2076} INFO - Dependencies all met for dep_context=non-requeueable deps ti=<TaskInstance: s3_postgres.wait_until_6pm scheduled__2024-06-04T00:00:00+00:00 [queued]>
[2024-06-05T17:17:09.010+0000] {taskinstance.py:2076} INFO - Dependencies all met for dep_context=requeueable deps ti=<TaskInstance: s3_postgres.wait_until_6pm scheduled__2024-06-04T00:00:00+00:00 [queued]>
[2024-06-05T17:17:09.011+0000] {taskinstance.py:2306} INFO - Starting attempt 1 of 2
[2024-06-05T17:17:09.028+0000] {taskinstance.py:2330} INFO - Executing <Task(TimeDeltaSensor): wait_until_6pm> on 2024-06-04 00:00:00+00:00
[2024-06-05T17:17:09.037+0000] {warnings.py:110} WARNING - /home/***/.local/lib/python3.12/site-packages/***/task/task_runner/standard_task_runner.py:61: DeprecationWarning: This process (pid=108) is multi-threaded, use of fork() may lead to deadlocks in the child.
  pid = os.fork()

[2024-06-05T17:17:09.039+0000] {standard_task_runner.py:63} INFO - Started process 112 to run task
[2024-06-05T17:17:09.039+0000] {standard_task_runner.py:90} INFO - Running: ['***', 'tasks', 'run', 's3_postgres', 'wait_until_6pm', 'scheduled__2024-06-04T00:00:00+00:00', '--job-id', '742', '--raw', '--subdir', 'DAGS_FOLDER/pipeline.py', '--cfg-path', '/tmp/tmpk60kpp6e']
[2024-06-05T17:17:09.041+0000] {standard_task_runner.py:91} INFO - Job 742: Subtask wait_until_6pm
[2024-06-05T17:17:09.098+0000] {task_command.py:426} INFO - Running <TaskInstance: s3_postgres.wait_until_6pm scheduled__2024-06-04T00:00:00+00:00 [running]> on host 68d2d1c90970
[2024-06-05T17:17:09.196+0000] {taskinstance.py:2648} INFO - Exporting env vars: AIRFLOW_CTX_DAG_OWNER='***' AIRFLOW_CTX_DAG_ID='s3_postgres' AIRFLOW_CTX_TASK_ID='wait_until_6pm' AIRFLOW_CTX_EXECUTION_DATE='2024-06-04T00:00:00+00:00' AIRFLOW_CTX_TRY_NUMBER='1' AIRFLOW_CTX_DAG_RUN_ID='scheduled__2024-06-04T00:00:00+00:00'
[2024-06-05T17:17:09.198+0000] {taskinstance.py:430} INFO - ::endgroup::
[2024-06-05T17:17:09.208+0000] {time_delta.py:51} INFO - Checking if the time (2024-06-05 18:00:00+00:00) has come
[2024-06-05T17:17:09.211+0000] {taskinstance.py:441} INFO - ::group::Post task execution logs
[2024-06-05T17:17:09.238+0000] {taskinstance.py:2865} INFO - Rescheduling task, marking task as UP_FOR_RESCHEDULE
[2024-06-05T17:17:09.255+0000] {local_task_job_runner.py:240} INFO - Task exited with return code 0
[2024-06-05T17:17:09.278+0000] {taskinstance.py:3498} INFO - 0 downstream tasks scheduled from follow-on schedule check
[2024-06-05T17:17:09.281+0000] {local_task_job_runner.py:222} INFO - ::endgroup::
[2024-06-05T17:18:11.402+0000] {local_task_job_runner.py:120} INFO - ::group::Pre task execution logs
[2024-06-05T17:18:11.465+0000] {taskinstance.py:2076} INFO - Dependencies all met for dep_context=non-requeueable deps ti=<TaskInstance: s3_postgres.wait_until_6pm scheduled__2024-06-04T00:00:00+00:00 [queued]>
[2024-06-05T17:18:11.482+0000] {taskinstance.py:2076} INFO - Dependencies all met for dep_context=requeueable deps ti=<TaskInstance: s3_postgres.wait_until_6pm scheduled__2024-06-04T00:00:00+00:00 [queued]>
[2024-06-05T17:18:11.489+0000] {taskinstance.py:2306} INFO - Starting attempt 1 of 2
[2024-06-05T17:18:11.529+0000] {taskinstance.py:2330} INFO - Executing <Task(TimeDeltaSensor): wait_until_6pm> on 2024-06-04 00:00:00+00:00
[2024-06-05T17:18:11.544+0000] {warnings.py:110} WARNING - /home/***/.local/lib/python3.12/site-packages/***/task/task_runner/standard_task_runner.py:61: DeprecationWarning: This process (pid=127) is multi-threaded, use of fork() may lead to deadlocks in the child.
  pid = os.fork()

[2024-06-05T17:18:11.549+0000] {standard_task_runner.py:63} INFO - Started process 131 to run task
[2024-06-05T17:18:11.551+0000] {standard_task_runner.py:90} INFO - Running: ['***', 'tasks', 'run', 's3_postgres', 'wait_until_6pm', 'scheduled__2024-06-04T00:00:00+00:00', '--job-id', '744', '--raw', '--subdir', 'DAGS_FOLDER/pipeline.py', '--cfg-path', '/tmp/tmpq3llpw29']
[2024-06-05T17:18:11.553+0000] {standard_task_runner.py:91} INFO - Job 744: Subtask wait_until_6pm
[2024-06-05T17:18:11.664+0000] {task_command.py:426} INFO - Running <TaskInstance: s3_postgres.wait_until_6pm scheduled__2024-06-04T00:00:00+00:00 [running]> on host 68d2d1c90970
[2024-06-05T17:18:11.890+0000] {taskinstance.py:2648} INFO - Exporting env vars: AIRFLOW_CTX_DAG_OWNER='***' AIRFLOW_CTX_DAG_ID='s3_postgres' AIRFLOW_CTX_TASK_ID='wait_until_6pm' AIRFLOW_CTX_EXECUTION_DATE='2024-06-04T00:00:00+00:00' AIRFLOW_CTX_TRY_NUMBER='1' AIRFLOW_CTX_DAG_RUN_ID='scheduled__2024-06-04T00:00:00+00:00'
[2024-06-05T17:18:11.896+0000] {taskinstance.py:430} INFO - ::endgroup::
[2024-06-05T17:18:11.921+0000] {time_delta.py:51} INFO - Checking if the time (2024-06-05 18:00:00+00:00) has come
[2024-06-05T17:18:11.927+0000] {taskinstance.py:441} INFO - ::group::Post task execution logs
[2024-06-05T17:18:11.973+0000] {taskinstance.py:2865} INFO - Rescheduling task, marking task as UP_FOR_RESCHEDULE
[2024-06-05T17:18:12.019+0000] {local_task_job_runner.py:240} INFO - Task exited with return code 0
[2024-06-05T17:18:12.068+0000] {taskinstance.py:3498} INFO - 0 downstream tasks scheduled from follow-on schedule check
[2024-06-05T17:18:12.082+0000] {local_task_job_runner.py:222} INFO - ::endgroup::
[2024-06-05T17:19:13.672+0000] {local_task_job_runner.py:120} INFO - ::group::Pre task execution logs
[2024-06-05T17:19:13.699+0000] {taskinstance.py:2076} INFO - Dependencies all met for dep_context=non-requeueable deps ti=<TaskInstance: s3_postgres.wait_until_6pm scheduled__2024-06-04T00:00:00+00:00 [queued]>
[2024-06-05T17:19:13.707+0000] {taskinstance.py:2076} INFO - Dependencies all met for dep_context=requeueable deps ti=<TaskInstance: s3_postgres.wait_until_6pm scheduled__2024-06-04T00:00:00+00:00 [queued]>
[2024-06-05T17:19:13.708+0000] {taskinstance.py:2306} INFO - Starting attempt 1 of 2
[2024-06-05T17:19:13.722+0000] {taskinstance.py:2330} INFO - Executing <Task(TimeDeltaSensor): wait_until_6pm> on 2024-06-04 00:00:00+00:00
[2024-06-05T17:19:13.729+0000] {warnings.py:110} WARNING - /home/***/.local/lib/python3.12/site-packages/***/task/task_runner/standard_task_runner.py:61: DeprecationWarning: This process (pid=140) is multi-threaded, use of fork() may lead to deadlocks in the child.
  pid = os.fork()

[2024-06-05T17:19:13.731+0000] {standard_task_runner.py:63} INFO - Started process 144 to run task
[2024-06-05T17:19:13.731+0000] {standard_task_runner.py:90} INFO - Running: ['***', 'tasks', 'run', 's3_postgres', 'wait_until_6pm', 'scheduled__2024-06-04T00:00:00+00:00', '--job-id', '746', '--raw', '--subdir', 'DAGS_FOLDER/pipeline.py', '--cfg-path', '/tmp/tmpciw_ady5']
[2024-06-05T17:19:13.732+0000] {standard_task_runner.py:91} INFO - Job 746: Subtask wait_until_6pm
[2024-06-05T17:19:13.787+0000] {task_command.py:426} INFO - Running <TaskInstance: s3_postgres.wait_until_6pm scheduled__2024-06-04T00:00:00+00:00 [running]> on host 68d2d1c90970
[2024-06-05T17:19:13.874+0000] {taskinstance.py:2648} INFO - Exporting env vars: AIRFLOW_CTX_DAG_OWNER='***' AIRFLOW_CTX_DAG_ID='s3_postgres' AIRFLOW_CTX_TASK_ID='wait_until_6pm' AIRFLOW_CTX_EXECUTION_DATE='2024-06-04T00:00:00+00:00' AIRFLOW_CTX_TRY_NUMBER='1' AIRFLOW_CTX_DAG_RUN_ID='scheduled__2024-06-04T00:00:00+00:00'
[2024-06-05T17:19:13.876+0000] {taskinstance.py:430} INFO - ::endgroup::
[2024-06-05T17:19:13.884+0000] {time_delta.py:51} INFO - Checking if the time (2024-06-05 18:00:00+00:00) has come
[2024-06-05T17:19:13.885+0000] {taskinstance.py:441} INFO - ::group::Post task execution logs
[2024-06-05T17:19:13.905+0000] {taskinstance.py:2865} INFO - Rescheduling task, marking task as UP_FOR_RESCHEDULE
[2024-06-05T17:19:13.945+0000] {local_task_job_runner.py:240} INFO - Task exited with return code 0
[2024-06-05T17:19:13.963+0000] {taskinstance.py:3498} INFO - 0 downstream tasks scheduled from follow-on schedule check
[2024-06-05T17:19:13.965+0000] {local_task_job_runner.py:222} INFO - ::endgroup::
[2024-06-05T17:20:15.226+0000] {local_task_job_runner.py:120} INFO - ::group::Pre task execution logs
[2024-06-05T17:20:15.249+0000] {taskinstance.py:2076} INFO - Dependencies all met for dep_context=non-requeueable deps ti=<TaskInstance: s3_postgres.wait_until_6pm scheduled__2024-06-04T00:00:00+00:00 [queued]>
[2024-06-05T17:20:15.256+0000] {taskinstance.py:2076} INFO - Dependencies all met for dep_context=requeueable deps ti=<TaskInstance: s3_postgres.wait_until_6pm scheduled__2024-06-04T00:00:00+00:00 [queued]>
[2024-06-05T17:20:15.257+0000] {taskinstance.py:2306} INFO - Starting attempt 1 of 2
[2024-06-05T17:20:15.272+0000] {taskinstance.py:2330} INFO - Executing <Task(TimeDeltaSensor): wait_until_6pm> on 2024-06-04 00:00:00+00:00
[2024-06-05T17:20:15.278+0000] {warnings.py:110} WARNING - /home/***/.local/lib/python3.12/site-packages/***/task/task_runner/standard_task_runner.py:61: DeprecationWarning: This process (pid=160) is multi-threaded, use of fork() may lead to deadlocks in the child.
  pid = os.fork()

[2024-06-05T17:20:15.279+0000] {standard_task_runner.py:63} INFO - Started process 162 to run task
[2024-06-05T17:20:15.280+0000] {standard_task_runner.py:90} INFO - Running: ['***', 'tasks', 'run', 's3_postgres', 'wait_until_6pm', 'scheduled__2024-06-04T00:00:00+00:00', '--job-id', '748', '--raw', '--subdir', 'DAGS_FOLDER/pipeline.py', '--cfg-path', '/tmp/tmpxkj824f6']
[2024-06-05T17:20:15.281+0000] {standard_task_runner.py:91} INFO - Job 748: Subtask wait_until_6pm
[2024-06-05T17:20:15.326+0000] {task_command.py:426} INFO - Running <TaskInstance: s3_postgres.wait_until_6pm scheduled__2024-06-04T00:00:00+00:00 [running]> on host 68d2d1c90970
[2024-06-05T17:20:15.406+0000] {taskinstance.py:2648} INFO - Exporting env vars: AIRFLOW_CTX_DAG_OWNER='***' AIRFLOW_CTX_DAG_ID='s3_postgres' AIRFLOW_CTX_TASK_ID='wait_until_6pm' AIRFLOW_CTX_EXECUTION_DATE='2024-06-04T00:00:00+00:00' AIRFLOW_CTX_TRY_NUMBER='1' AIRFLOW_CTX_DAG_RUN_ID='scheduled__2024-06-04T00:00:00+00:00'
[2024-06-05T17:20:15.408+0000] {taskinstance.py:430} INFO - ::endgroup::
[2024-06-05T17:20:15.417+0000] {time_delta.py:51} INFO - Checking if the time (2024-06-05 18:00:00+00:00) has come
[2024-06-05T17:20:15.419+0000] {taskinstance.py:441} INFO - ::group::Post task execution logs
[2024-06-05T17:20:15.446+0000] {taskinstance.py:2865} INFO - Rescheduling task, marking task as UP_FOR_RESCHEDULE
[2024-06-05T17:20:15.493+0000] {local_task_job_runner.py:240} INFO - Task exited with return code 0
[2024-06-05T17:20:15.512+0000] {taskinstance.py:3498} INFO - 0 downstream tasks scheduled from follow-on schedule check
[2024-06-05T17:20:15.514+0000] {local_task_job_runner.py:222} INFO - ::endgroup::
[2024-06-05T17:21:16.853+0000] {local_task_job_runner.py:120} INFO - ::group::Pre task execution logs
[2024-06-05T17:21:16.874+0000] {taskinstance.py:2076} INFO - Dependencies all met for dep_context=non-requeueable deps ti=<TaskInstance: s3_postgres.wait_until_6pm scheduled__2024-06-04T00:00:00+00:00 [queued]>
[2024-06-05T17:21:16.882+0000] {taskinstance.py:2076} INFO - Dependencies all met for dep_context=requeueable deps ti=<TaskInstance: s3_postgres.wait_until_6pm scheduled__2024-06-04T00:00:00+00:00 [queued]>
[2024-06-05T17:21:16.883+0000] {taskinstance.py:2306} INFO - Starting attempt 1 of 2
[2024-06-05T17:21:16.896+0000] {taskinstance.py:2330} INFO - Executing <Task(TimeDeltaSensor): wait_until_6pm> on 2024-06-04 00:00:00+00:00
[2024-06-05T17:21:16.902+0000] {warnings.py:110} WARNING - /home/***/.local/lib/python3.12/site-packages/***/task/task_runner/standard_task_runner.py:61: DeprecationWarning: This process (pid=180) is multi-threaded, use of fork() may lead to deadlocks in the child.
  pid = os.fork()

[2024-06-05T17:21:16.904+0000] {standard_task_runner.py:63} INFO - Started process 182 to run task
[2024-06-05T17:21:16.904+0000] {standard_task_runner.py:90} INFO - Running: ['***', 'tasks', 'run', 's3_postgres', 'wait_until_6pm', 'scheduled__2024-06-04T00:00:00+00:00', '--job-id', '750', '--raw', '--subdir', 'DAGS_FOLDER/pipeline.py', '--cfg-path', '/tmp/tmpm10y22pi']
[2024-06-05T17:21:16.906+0000] {standard_task_runner.py:91} INFO - Job 750: Subtask wait_until_6pm
[2024-06-05T17:21:16.963+0000] {task_command.py:426} INFO - Running <TaskInstance: s3_postgres.wait_until_6pm scheduled__2024-06-04T00:00:00+00:00 [running]> on host 68d2d1c90970
[2024-06-05T17:21:17.056+0000] {taskinstance.py:2648} INFO - Exporting env vars: AIRFLOW_CTX_DAG_OWNER='***' AIRFLOW_CTX_DAG_ID='s3_postgres' AIRFLOW_CTX_TASK_ID='wait_until_6pm' AIRFLOW_CTX_EXECUTION_DATE='2024-06-04T00:00:00+00:00' AIRFLOW_CTX_TRY_NUMBER='1' AIRFLOW_CTX_DAG_RUN_ID='scheduled__2024-06-04T00:00:00+00:00'
[2024-06-05T17:21:17.058+0000] {taskinstance.py:430} INFO - ::endgroup::
[2024-06-05T17:21:17.065+0000] {time_delta.py:51} INFO - Checking if the time (2024-06-05 18:00:00+00:00) has come
[2024-06-05T17:21:17.067+0000] {taskinstance.py:441} INFO - ::group::Post task execution logs
[2024-06-05T17:21:17.087+0000] {taskinstance.py:2865} INFO - Rescheduling task, marking task as UP_FOR_RESCHEDULE
[2024-06-05T17:21:17.118+0000] {local_task_job_runner.py:240} INFO - Task exited with return code 0
[2024-06-05T17:21:17.139+0000] {taskinstance.py:3498} INFO - 0 downstream tasks scheduled from follow-on schedule check
[2024-06-05T17:21:17.141+0000] {local_task_job_runner.py:222} INFO - ::endgroup::
[2024-06-05T17:22:20.133+0000] {local_task_job_runner.py:120} INFO - ::group::Pre task execution logs
[2024-06-05T17:22:20.184+0000] {taskinstance.py:2076} INFO - Dependencies all met for dep_context=non-requeueable deps ti=<TaskInstance: s3_postgres.wait_until_6pm scheduled__2024-06-04T00:00:00+00:00 [queued]>
[2024-06-05T17:22:20.199+0000] {taskinstance.py:2076} INFO - Dependencies all met for dep_context=requeueable deps ti=<TaskInstance: s3_postgres.wait_until_6pm scheduled__2024-06-04T00:00:00+00:00 [queued]>
[2024-06-05T17:22:20.200+0000] {taskinstance.py:2306} INFO - Starting attempt 1 of 2
[2024-06-05T17:22:20.220+0000] {taskinstance.py:2330} INFO - Executing <Task(TimeDeltaSensor): wait_until_6pm> on 2024-06-04 00:00:00+00:00
[2024-06-05T17:22:20.231+0000] {warnings.py:110} WARNING - /home/***/.local/lib/python3.12/site-packages/***/task/task_runner/standard_task_runner.py:61: DeprecationWarning: This process (pid=200) is multi-threaded, use of fork() may lead to deadlocks in the child.
  pid = os.fork()

[2024-06-05T17:22:20.233+0000] {standard_task_runner.py:63} INFO - Started process 204 to run task
[2024-06-05T17:22:20.234+0000] {standard_task_runner.py:90} INFO - Running: ['***', 'tasks', 'run', 's3_postgres', 'wait_until_6pm', 'scheduled__2024-06-04T00:00:00+00:00', '--job-id', '752', '--raw', '--subdir', 'DAGS_FOLDER/pipeline.py', '--cfg-path', '/tmp/tmp6p1yetto']
[2024-06-05T17:22:20.237+0000] {standard_task_runner.py:91} INFO - Job 752: Subtask wait_until_6pm
[2024-06-05T17:22:20.313+0000] {task_command.py:426} INFO - Running <TaskInstance: s3_postgres.wait_until_6pm scheduled__2024-06-04T00:00:00+00:00 [running]> on host 68d2d1c90970
[2024-06-05T17:22:20.461+0000] {taskinstance.py:2648} INFO - Exporting env vars: AIRFLOW_CTX_DAG_OWNER='***' AIRFLOW_CTX_DAG_ID='s3_postgres' AIRFLOW_CTX_TASK_ID='wait_until_6pm' AIRFLOW_CTX_EXECUTION_DATE='2024-06-04T00:00:00+00:00' AIRFLOW_CTX_TRY_NUMBER='1' AIRFLOW_CTX_DAG_RUN_ID='scheduled__2024-06-04T00:00:00+00:00'
[2024-06-05T17:22:20.463+0000] {taskinstance.py:430} INFO - ::endgroup::
[2024-06-05T17:22:20.477+0000] {time_delta.py:51} INFO - Checking if the time (2024-06-05 18:00:00+00:00) has come
[2024-06-05T17:22:20.480+0000] {taskinstance.py:441} INFO - ::group::Post task execution logs
[2024-06-05T17:22:20.517+0000] {taskinstance.py:2865} INFO - Rescheduling task, marking task as UP_FOR_RESCHEDULE
[2024-06-05T17:22:20.572+0000] {local_task_job_runner.py:240} INFO - Task exited with return code 0
[2024-06-05T17:22:20.588+0000] {local_task_job_runner.py:222} INFO - ::endgroup::
[2024-06-05T17:23:21.793+0000] {local_task_job_runner.py:120} INFO - ::group::Pre task execution logs
[2024-06-05T17:23:21.816+0000] {taskinstance.py:2076} INFO - Dependencies all met for dep_context=non-requeueable deps ti=<TaskInstance: s3_postgres.wait_until_6pm scheduled__2024-06-04T00:00:00+00:00 [queued]>
[2024-06-05T17:23:21.825+0000] {taskinstance.py:2076} INFO - Dependencies all met for dep_context=requeueable deps ti=<TaskInstance: s3_postgres.wait_until_6pm scheduled__2024-06-04T00:00:00+00:00 [queued]>
[2024-06-05T17:23:21.825+0000] {taskinstance.py:2306} INFO - Starting attempt 1 of 2
[2024-06-05T17:23:21.840+0000] {taskinstance.py:2330} INFO - Executing <Task(TimeDeltaSensor): wait_until_6pm> on 2024-06-04 00:00:00+00:00
[2024-06-05T17:23:21.847+0000] {warnings.py:110} WARNING - /home/***/.local/lib/python3.12/site-packages/***/task/task_runner/standard_task_runner.py:61: DeprecationWarning: This process (pid=220) is multi-threaded, use of fork() may lead to deadlocks in the child.
  pid = os.fork()

[2024-06-05T17:23:21.849+0000] {standard_task_runner.py:63} INFO - Started process 222 to run task
[2024-06-05T17:23:21.848+0000] {standard_task_runner.py:90} INFO - Running: ['***', 'tasks', 'run', 's3_postgres', 'wait_until_6pm', 'scheduled__2024-06-04T00:00:00+00:00', '--job-id', '754', '--raw', '--subdir', 'DAGS_FOLDER/pipeline.py', '--cfg-path', '/tmp/tmpwvof2hrt']
[2024-06-05T17:23:21.849+0000] {standard_task_runner.py:91} INFO - Job 754: Subtask wait_until_6pm
[2024-06-05T17:23:21.899+0000] {task_command.py:426} INFO - Running <TaskInstance: s3_postgres.wait_until_6pm scheduled__2024-06-04T00:00:00+00:00 [running]> on host 68d2d1c90970
[2024-06-05T17:23:21.977+0000] {taskinstance.py:2648} INFO - Exporting env vars: AIRFLOW_CTX_DAG_OWNER='***' AIRFLOW_CTX_DAG_ID='s3_postgres' AIRFLOW_CTX_TASK_ID='wait_until_6pm' AIRFLOW_CTX_EXECUTION_DATE='2024-06-04T00:00:00+00:00' AIRFLOW_CTX_TRY_NUMBER='1' AIRFLOW_CTX_DAG_RUN_ID='scheduled__2024-06-04T00:00:00+00:00'
[2024-06-05T17:23:21.979+0000] {taskinstance.py:430} INFO - ::endgroup::
[2024-06-05T17:23:21.986+0000] {time_delta.py:51} INFO - Checking if the time (2024-06-05 18:00:00+00:00) has come
[2024-06-05T17:23:21.988+0000] {taskinstance.py:441} INFO - ::group::Post task execution logs
[2024-06-05T17:23:22.005+0000] {taskinstance.py:2865} INFO - Rescheduling task, marking task as UP_FOR_RESCHEDULE
[2024-06-05T17:23:22.023+0000] {local_task_job_runner.py:240} INFO - Task exited with return code 0
[2024-06-05T17:23:22.038+0000] {taskinstance.py:3498} INFO - 0 downstream tasks scheduled from follow-on schedule check
[2024-06-05T17:23:22.040+0000] {local_task_job_runner.py:222} INFO - ::endgroup::
[2024-06-05T17:24:24.542+0000] {local_task_job_runner.py:120} INFO - ::group::Pre task execution logs
[2024-06-05T17:24:24.573+0000] {taskinstance.py:2076} INFO - Dependencies all met for dep_context=non-requeueable deps ti=<TaskInstance: s3_postgres.wait_until_6pm scheduled__2024-06-04T00:00:00+00:00 [queued]>
[2024-06-05T17:24:24.587+0000] {taskinstance.py:2076} INFO - Dependencies all met for dep_context=requeueable deps ti=<TaskInstance: s3_postgres.wait_until_6pm scheduled__2024-06-04T00:00:00+00:00 [queued]>
[2024-06-05T17:24:24.588+0000] {taskinstance.py:2306} INFO - Starting attempt 1 of 2
[2024-06-05T17:24:24.607+0000] {taskinstance.py:2330} INFO - Executing <Task(TimeDeltaSensor): wait_until_6pm> on 2024-06-04 00:00:00+00:00
[2024-06-05T17:24:24.616+0000] {warnings.py:110} WARNING - /home/***/.local/lib/python3.12/site-packages/***/task/task_runner/standard_task_runner.py:61: DeprecationWarning: This process (pid=240) is multi-threaded, use of fork() may lead to deadlocks in the child.
  pid = os.fork()

[2024-06-05T17:24:24.618+0000] {standard_task_runner.py:63} INFO - Started process 243 to run task
[2024-06-05T17:24:24.620+0000] {standard_task_runner.py:90} INFO - Running: ['***', 'tasks', 'run', 's3_postgres', 'wait_until_6pm', 'scheduled__2024-06-04T00:00:00+00:00', '--job-id', '756', '--raw', '--subdir', 'DAGS_FOLDER/pipeline.py', '--cfg-path', '/tmp/tmpac4crsm8']
[2024-06-05T17:24:24.622+0000] {standard_task_runner.py:91} INFO - Job 756: Subtask wait_until_6pm
[2024-06-05T17:24:24.676+0000] {task_command.py:426} INFO - Running <TaskInstance: s3_postgres.wait_until_6pm scheduled__2024-06-04T00:00:00+00:00 [running]> on host 68d2d1c90970
[2024-06-05T17:24:24.759+0000] {taskinstance.py:2648} INFO - Exporting env vars: AIRFLOW_CTX_DAG_OWNER='***' AIRFLOW_CTX_DAG_ID='s3_postgres' AIRFLOW_CTX_TASK_ID='wait_until_6pm' AIRFLOW_CTX_EXECUTION_DATE='2024-06-04T00:00:00+00:00' AIRFLOW_CTX_TRY_NUMBER='1' AIRFLOW_CTX_DAG_RUN_ID='scheduled__2024-06-04T00:00:00+00:00'
[2024-06-05T17:24:24.761+0000] {taskinstance.py:430} INFO - ::endgroup::
[2024-06-05T17:24:24.771+0000] {time_delta.py:51} INFO - Checking if the time (2024-06-05 18:00:00+00:00) has come
[2024-06-05T17:24:24.773+0000] {taskinstance.py:441} INFO - ::group::Post task execution logs
[2024-06-05T17:24:24.798+0000] {taskinstance.py:2865} INFO - Rescheduling task, marking task as UP_FOR_RESCHEDULE
[2024-06-05T17:24:24.833+0000] {local_task_job_runner.py:240} INFO - Task exited with return code 0
[2024-06-05T17:24:24.855+0000] {taskinstance.py:3498} INFO - 0 downstream tasks scheduled from follow-on schedule check
[2024-06-05T17:24:24.859+0000] {local_task_job_runner.py:222} INFO - ::endgroup::
[2024-06-05T17:25:26.345+0000] {local_task_job_runner.py:120} INFO - ::group::Pre task execution logs
[2024-06-05T17:25:26.371+0000] {taskinstance.py:2076} INFO - Dependencies all met for dep_context=non-requeueable deps ti=<TaskInstance: s3_postgres.wait_until_6pm scheduled__2024-06-04T00:00:00+00:00 [queued]>
[2024-06-05T17:25:26.382+0000] {taskinstance.py:2076} INFO - Dependencies all met for dep_context=requeueable deps ti=<TaskInstance: s3_postgres.wait_until_6pm scheduled__2024-06-04T00:00:00+00:00 [queued]>
[2024-06-05T17:25:26.383+0000] {taskinstance.py:2306} INFO - Starting attempt 1 of 2
[2024-06-05T17:25:26.399+0000] {taskinstance.py:2330} INFO - Executing <Task(TimeDeltaSensor): wait_until_6pm> on 2024-06-04 00:00:00+00:00
[2024-06-05T17:25:26.407+0000] {warnings.py:110} WARNING - /home/***/.local/lib/python3.12/site-packages/***/task/task_runner/standard_task_runner.py:61: DeprecationWarning: This process (pid=260) is multi-threaded, use of fork() may lead to deadlocks in the child.
  pid = os.fork()

[2024-06-05T17:25:26.410+0000] {standard_task_runner.py:63} INFO - Started process 264 to run task
[2024-06-05T17:25:26.410+0000] {standard_task_runner.py:90} INFO - Running: ['***', 'tasks', 'run', 's3_postgres', 'wait_until_6pm', 'scheduled__2024-06-04T00:00:00+00:00', '--job-id', '758', '--raw', '--subdir', 'DAGS_FOLDER/pipeline.py', '--cfg-path', '/tmp/tmpaf58zceu']
[2024-06-05T17:25:26.412+0000] {standard_task_runner.py:91} INFO - Job 758: Subtask wait_until_6pm
[2024-06-05T17:25:26.464+0000] {task_command.py:426} INFO - Running <TaskInstance: s3_postgres.wait_until_6pm scheduled__2024-06-04T00:00:00+00:00 [running]> on host 68d2d1c90970
[2024-06-05T17:25:26.551+0000] {taskinstance.py:2648} INFO - Exporting env vars: AIRFLOW_CTX_DAG_OWNER='***' AIRFLOW_CTX_DAG_ID='s3_postgres' AIRFLOW_CTX_TASK_ID='wait_until_6pm' AIRFLOW_CTX_EXECUTION_DATE='2024-06-04T00:00:00+00:00' AIRFLOW_CTX_TRY_NUMBER='1' AIRFLOW_CTX_DAG_RUN_ID='scheduled__2024-06-04T00:00:00+00:00'
[2024-06-05T17:25:26.552+0000] {taskinstance.py:430} INFO - ::endgroup::
[2024-06-05T17:25:26.561+0000] {time_delta.py:51} INFO - Checking if the time (2024-06-05 18:00:00+00:00) has come
[2024-06-05T17:25:26.563+0000] {taskinstance.py:441} INFO - ::group::Post task execution logs
[2024-06-05T17:25:26.582+0000] {taskinstance.py:2865} INFO - Rescheduling task, marking task as UP_FOR_RESCHEDULE
[2024-06-05T17:25:26.624+0000] {local_task_job_runner.py:240} INFO - Task exited with return code 0
[2024-06-05T17:25:26.641+0000] {taskinstance.py:3498} INFO - 0 downstream tasks scheduled from follow-on schedule check
[2024-06-05T17:25:26.643+0000] {local_task_job_runner.py:222} INFO - ::endgroup::
[2024-06-05T17:26:28.160+0000] {local_task_job_runner.py:120} INFO - ::group::Pre task execution logs
[2024-06-05T17:26:28.182+0000] {taskinstance.py:2076} INFO - Dependencies all met for dep_context=non-requeueable deps ti=<TaskInstance: s3_postgres.wait_until_6pm scheduled__2024-06-04T00:00:00+00:00 [queued]>
[2024-06-05T17:26:28.190+0000] {taskinstance.py:2076} INFO - Dependencies all met for dep_context=requeueable deps ti=<TaskInstance: s3_postgres.wait_until_6pm scheduled__2024-06-04T00:00:00+00:00 [queued]>
[2024-06-05T17:26:28.190+0000] {taskinstance.py:2306} INFO - Starting attempt 1 of 2
[2024-06-05T17:26:28.204+0000] {taskinstance.py:2330} INFO - Executing <Task(TimeDeltaSensor): wait_until_6pm> on 2024-06-04 00:00:00+00:00
[2024-06-05T17:26:28.211+0000] {warnings.py:110} WARNING - /home/***/.local/lib/python3.12/site-packages/***/task/task_runner/standard_task_runner.py:61: DeprecationWarning: This process (pid=273) is multi-threaded, use of fork() may lead to deadlocks in the child.
  pid = os.fork()

[2024-06-05T17:26:28.213+0000] {standard_task_runner.py:63} INFO - Started process 276 to run task
[2024-06-05T17:26:28.214+0000] {standard_task_runner.py:90} INFO - Running: ['***', 'tasks', 'run', 's3_postgres', 'wait_until_6pm', 'scheduled__2024-06-04T00:00:00+00:00', '--job-id', '760', '--raw', '--subdir', 'DAGS_FOLDER/pipeline.py', '--cfg-path', '/tmp/tmpwsv_4ob5']
[2024-06-05T17:26:28.215+0000] {standard_task_runner.py:91} INFO - Job 760: Subtask wait_until_6pm
[2024-06-05T17:26:28.260+0000] {task_command.py:426} INFO - Running <TaskInstance: s3_postgres.wait_until_6pm scheduled__2024-06-04T00:00:00+00:00 [running]> on host 68d2d1c90970
[2024-06-05T17:26:28.338+0000] {taskinstance.py:2648} INFO - Exporting env vars: AIRFLOW_CTX_DAG_OWNER='***' AIRFLOW_CTX_DAG_ID='s3_postgres' AIRFLOW_CTX_TASK_ID='wait_until_6pm' AIRFLOW_CTX_EXECUTION_DATE='2024-06-04T00:00:00+00:00' AIRFLOW_CTX_TRY_NUMBER='1' AIRFLOW_CTX_DAG_RUN_ID='scheduled__2024-06-04T00:00:00+00:00'
[2024-06-05T17:26:28.339+0000] {taskinstance.py:430} INFO - ::endgroup::
[2024-06-05T17:26:28.347+0000] {time_delta.py:51} INFO - Checking if the time (2024-06-05 18:00:00+00:00) has come
[2024-06-05T17:26:28.349+0000] {taskinstance.py:441} INFO - ::group::Post task execution logs
[2024-06-05T17:26:28.366+0000] {taskinstance.py:2865} INFO - Rescheduling task, marking task as UP_FOR_RESCHEDULE
[2024-06-05T17:26:28.387+0000] {local_task_job_runner.py:240} INFO - Task exited with return code 0
[2024-06-05T17:26:28.402+0000] {taskinstance.py:3498} INFO - 0 downstream tasks scheduled from follow-on schedule check
[2024-06-05T17:26:28.404+0000] {local_task_job_runner.py:222} INFO - ::endgroup::
[2024-06-05T17:27:29.887+0000] {local_task_job_runner.py:120} INFO - ::group::Pre task execution logs
[2024-06-05T17:27:29.910+0000] {taskinstance.py:2076} INFO - Dependencies all met for dep_context=non-requeueable deps ti=<TaskInstance: s3_postgres.wait_until_6pm scheduled__2024-06-04T00:00:00+00:00 [queued]>
[2024-06-05T17:27:29.920+0000] {taskinstance.py:2076} INFO - Dependencies all met for dep_context=requeueable deps ti=<TaskInstance: s3_postgres.wait_until_6pm scheduled__2024-06-04T00:00:00+00:00 [queued]>
[2024-06-05T17:27:29.921+0000] {taskinstance.py:2306} INFO - Starting attempt 1 of 2
[2024-06-05T17:27:29.939+0000] {taskinstance.py:2330} INFO - Executing <Task(TimeDeltaSensor): wait_until_6pm> on 2024-06-04 00:00:00+00:00
[2024-06-05T17:27:29.948+0000] {warnings.py:110} WARNING - /home/***/.local/lib/python3.12/site-packages/***/task/task_runner/standard_task_runner.py:61: DeprecationWarning: This process (pid=293) is multi-threaded, use of fork() may lead to deadlocks in the child.
  pid = os.fork()

[2024-06-05T17:27:29.950+0000] {standard_task_runner.py:63} INFO - Started process 296 to run task
[2024-06-05T17:27:29.950+0000] {standard_task_runner.py:90} INFO - Running: ['***', 'tasks', 'run', 's3_postgres', 'wait_until_6pm', 'scheduled__2024-06-04T00:00:00+00:00', '--job-id', '762', '--raw', '--subdir', 'DAGS_FOLDER/pipeline.py', '--cfg-path', '/tmp/tmpgmssikcc']
[2024-06-05T17:27:29.951+0000] {standard_task_runner.py:91} INFO - Job 762: Subtask wait_until_6pm
[2024-06-05T17:27:30.019+0000] {task_command.py:426} INFO - Running <TaskInstance: s3_postgres.wait_until_6pm scheduled__2024-06-04T00:00:00+00:00 [running]> on host 68d2d1c90970
[2024-06-05T17:27:30.115+0000] {taskinstance.py:2648} INFO - Exporting env vars: AIRFLOW_CTX_DAG_OWNER='***' AIRFLOW_CTX_DAG_ID='s3_postgres' AIRFLOW_CTX_TASK_ID='wait_until_6pm' AIRFLOW_CTX_EXECUTION_DATE='2024-06-04T00:00:00+00:00' AIRFLOW_CTX_TRY_NUMBER='1' AIRFLOW_CTX_DAG_RUN_ID='scheduled__2024-06-04T00:00:00+00:00'
[2024-06-05T17:27:30.116+0000] {taskinstance.py:430} INFO - ::endgroup::
[2024-06-05T17:27:30.125+0000] {time_delta.py:51} INFO - Checking if the time (2024-06-05 18:00:00+00:00) has come
[2024-06-05T17:27:30.126+0000] {taskinstance.py:441} INFO - ::group::Post task execution logs
[2024-06-05T17:27:30.142+0000] {taskinstance.py:2865} INFO - Rescheduling task, marking task as UP_FOR_RESCHEDULE
[2024-06-05T17:27:30.164+0000] {local_task_job_runner.py:240} INFO - Task exited with return code 0
[2024-06-05T17:27:30.178+0000] {taskinstance.py:3498} INFO - 0 downstream tasks scheduled from follow-on schedule check
[2024-06-05T17:27:30.180+0000] {local_task_job_runner.py:222} INFO - ::endgroup::
[2024-06-05T17:30:04.900+0000] {local_task_job_runner.py:120} INFO - ::group::Pre task execution logs
[2024-06-05T17:30:04.941+0000] {taskinstance.py:2076} INFO - Dependencies all met for dep_context=non-requeueable deps ti=<TaskInstance: s3_postgres.wait_until_6pm scheduled__2024-06-04T00:00:00+00:00 [queued]>
[2024-06-05T17:30:04.959+0000] {taskinstance.py:2076} INFO - Dependencies all met for dep_context=requeueable deps ti=<TaskInstance: s3_postgres.wait_until_6pm scheduled__2024-06-04T00:00:00+00:00 [queued]>
[2024-06-05T17:30:04.960+0000] {taskinstance.py:2306} INFO - Starting attempt 1 of 2
[2024-06-05T17:30:04.988+0000] {taskinstance.py:2330} INFO - Executing <Task(TimeDeltaSensor): wait_until_6pm> on 2024-06-04 00:00:00+00:00
[2024-06-05T17:30:04.997+0000] {warnings.py:110} WARNING - /home/***/.local/lib/python3.12/site-packages/***/task/task_runner/standard_task_runner.py:61: DeprecationWarning: This process (pid=58) is multi-threaded, use of fork() may lead to deadlocks in the child.
  pid = os.fork()

[2024-06-05T17:30:05.001+0000] {standard_task_runner.py:63} INFO - Started process 62 to run task
[2024-06-05T17:30:05.000+0000] {standard_task_runner.py:90} INFO - Running: ['***', 'tasks', 'run', 's3_postgres', 'wait_until_6pm', 'scheduled__2024-06-04T00:00:00+00:00', '--job-id', '767', '--raw', '--subdir', 'DAGS_FOLDER/pipeline.py', '--cfg-path', '/tmp/tmpy28nl0h_']
[2024-06-05T17:30:05.002+0000] {standard_task_runner.py:91} INFO - Job 767: Subtask wait_until_6pm
[2024-06-05T17:30:05.152+0000] {task_command.py:426} INFO - Running <TaskInstance: s3_postgres.wait_until_6pm scheduled__2024-06-04T00:00:00+00:00 [running]> on host 0a6aac87d868
[2024-06-05T17:30:05.311+0000] {taskinstance.py:2648} INFO - Exporting env vars: AIRFLOW_CTX_DAG_OWNER='***' AIRFLOW_CTX_DAG_ID='s3_postgres' AIRFLOW_CTX_TASK_ID='wait_until_6pm' AIRFLOW_CTX_EXECUTION_DATE='2024-06-04T00:00:00+00:00' AIRFLOW_CTX_TRY_NUMBER='1' AIRFLOW_CTX_DAG_RUN_ID='scheduled__2024-06-04T00:00:00+00:00'
[2024-06-05T17:30:05.313+0000] {taskinstance.py:430} INFO - ::endgroup::
[2024-06-05T17:30:05.328+0000] {time_delta.py:51} INFO - Checking if the time (2024-06-05 18:00:00+00:00) has come
[2024-06-05T17:30:05.331+0000] {taskinstance.py:441} INFO - ::group::Post task execution logs
[2024-06-05T17:30:05.373+0000] {taskinstance.py:2865} INFO - Rescheduling task, marking task as UP_FOR_RESCHEDULE
[2024-06-05T17:30:05.399+0000] {local_task_job_runner.py:240} INFO - Task exited with return code 0
[2024-06-05T17:30:05.435+0000] {taskinstance.py:3498} INFO - 0 downstream tasks scheduled from follow-on schedule check
[2024-06-05T17:30:05.438+0000] {local_task_job_runner.py:222} INFO - ::endgroup::
[2024-06-05T17:30:54.825+0000] {local_task_job_runner.py:120} INFO - ::group::Pre task execution logs
[2024-06-05T17:30:54.867+0000] {taskinstance.py:2076} INFO - Dependencies all met for dep_context=non-requeueable deps ti=<TaskInstance: s3_postgres.wait_until_6pm scheduled__2024-06-04T00:00:00+00:00 [queued]>
[2024-06-05T17:30:54.882+0000] {taskinstance.py:2076} INFO - Dependencies all met for dep_context=requeueable deps ti=<TaskInstance: s3_postgres.wait_until_6pm scheduled__2024-06-04T00:00:00+00:00 [queued]>
[2024-06-05T17:30:54.883+0000] {taskinstance.py:2306} INFO - Starting attempt 1 of 2
[2024-06-05T17:30:54.911+0000] {taskinstance.py:2330} INFO - Executing <Task(TimeDeltaSensor): wait_until_6pm> on 2024-06-04 00:00:00+00:00
[2024-06-05T17:30:54.921+0000] {warnings.py:110} WARNING - /home/***/.local/lib/python3.12/site-packages/***/task/task_runner/standard_task_runner.py:61: DeprecationWarning: This process (pid=83) is multi-threaded, use of fork() may lead to deadlocks in the child.
  pid = os.fork()

[2024-06-05T17:30:54.925+0000] {standard_task_runner.py:63} INFO - Started process 86 to run task
[2024-06-05T17:30:54.925+0000] {standard_task_runner.py:90} INFO - Running: ['***', 'tasks', 'run', 's3_postgres', 'wait_until_6pm', 'scheduled__2024-06-04T00:00:00+00:00', '--job-id', '772', '--raw', '--subdir', 'DAGS_FOLDER/pipeline.py', '--cfg-path', '/tmp/tmpzotv5hye']
[2024-06-05T17:30:54.927+0000] {standard_task_runner.py:91} INFO - Job 772: Subtask wait_until_6pm
[2024-06-05T17:30:55.073+0000] {task_command.py:426} INFO - Running <TaskInstance: s3_postgres.wait_until_6pm scheduled__2024-06-04T00:00:00+00:00 [running]> on host 0a6aac87d868
[2024-06-05T17:30:55.216+0000] {taskinstance.py:2648} INFO - Exporting env vars: AIRFLOW_CTX_DAG_OWNER='***' AIRFLOW_CTX_DAG_ID='s3_postgres' AIRFLOW_CTX_TASK_ID='wait_until_6pm' AIRFLOW_CTX_EXECUTION_DATE='2024-06-04T00:00:00+00:00' AIRFLOW_CTX_TRY_NUMBER='1' AIRFLOW_CTX_DAG_RUN_ID='scheduled__2024-06-04T00:00:00+00:00'
[2024-06-05T17:30:55.218+0000] {taskinstance.py:430} INFO - ::endgroup::
[2024-06-05T17:30:55.229+0000] {time_delta.py:51} INFO - Checking if the time (2024-06-05 18:00:00+00:00) has come
[2024-06-05T17:30:55.231+0000] {taskinstance.py:441} INFO - ::group::Post task execution logs
[2024-06-05T17:30:55.258+0000] {taskinstance.py:2865} INFO - Rescheduling task, marking task as UP_FOR_RESCHEDULE
[2024-06-05T17:30:55.302+0000] {local_task_job_runner.py:240} INFO - Task exited with return code 0
[2024-06-05T17:30:55.322+0000] {taskinstance.py:3498} INFO - 0 downstream tasks scheduled from follow-on schedule check
[2024-06-05T17:30:55.325+0000] {local_task_job_runner.py:222} INFO - ::endgroup::
[2024-06-05T17:31:56.689+0000] {local_task_job_runner.py:120} INFO - ::group::Pre task execution logs
[2024-06-05T17:31:56.709+0000] {taskinstance.py:2076} INFO - Dependencies all met for dep_context=non-requeueable deps ti=<TaskInstance: s3_postgres.wait_until_6pm scheduled__2024-06-04T00:00:00+00:00 [queued]>
[2024-06-05T17:31:56.716+0000] {taskinstance.py:2076} INFO - Dependencies all met for dep_context=requeueable deps ti=<TaskInstance: s3_postgres.wait_until_6pm scheduled__2024-06-04T00:00:00+00:00 [queued]>
[2024-06-05T17:31:56.717+0000] {taskinstance.py:2306} INFO - Starting attempt 1 of 2
[2024-06-05T17:31:56.733+0000] {taskinstance.py:2330} INFO - Executing <Task(TimeDeltaSensor): wait_until_6pm> on 2024-06-04 00:00:00+00:00
[2024-06-05T17:31:56.738+0000] {warnings.py:110} WARNING - /home/***/.local/lib/python3.12/site-packages/***/task/task_runner/standard_task_runner.py:61: DeprecationWarning: This process (pid=112) is multi-threaded, use of fork() may lead to deadlocks in the child.
  pid = os.fork()

[2024-06-05T17:31:56.740+0000] {standard_task_runner.py:63} INFO - Started process 114 to run task
[2024-06-05T17:31:56.740+0000] {standard_task_runner.py:90} INFO - Running: ['***', 'tasks', 'run', 's3_postgres', 'wait_until_6pm', 'scheduled__2024-06-04T00:00:00+00:00', '--job-id', '776', '--raw', '--subdir', 'DAGS_FOLDER/pipeline.py', '--cfg-path', '/tmp/tmpzspysoji']
[2024-06-05T17:31:56.741+0000] {standard_task_runner.py:91} INFO - Job 776: Subtask wait_until_6pm
[2024-06-05T17:31:56.786+0000] {task_command.py:426} INFO - Running <TaskInstance: s3_postgres.wait_until_6pm scheduled__2024-06-04T00:00:00+00:00 [running]> on host 0a6aac87d868
[2024-06-05T17:31:56.861+0000] {taskinstance.py:2648} INFO - Exporting env vars: AIRFLOW_CTX_DAG_OWNER='***' AIRFLOW_CTX_DAG_ID='s3_postgres' AIRFLOW_CTX_TASK_ID='wait_until_6pm' AIRFLOW_CTX_EXECUTION_DATE='2024-06-04T00:00:00+00:00' AIRFLOW_CTX_TRY_NUMBER='1' AIRFLOW_CTX_DAG_RUN_ID='scheduled__2024-06-04T00:00:00+00:00'
[2024-06-05T17:31:56.862+0000] {taskinstance.py:430} INFO - ::endgroup::
[2024-06-05T17:31:56.870+0000] {time_delta.py:51} INFO - Checking if the time (2024-06-05 18:00:00+00:00) has come
[2024-06-05T17:31:56.872+0000] {taskinstance.py:441} INFO - ::group::Post task execution logs
[2024-06-05T17:31:56.889+0000] {taskinstance.py:2865} INFO - Rescheduling task, marking task as UP_FOR_RESCHEDULE
[2024-06-05T17:31:56.914+0000] {local_task_job_runner.py:240} INFO - Task exited with return code 0
[2024-06-05T17:31:56.929+0000] {taskinstance.py:3498} INFO - 0 downstream tasks scheduled from follow-on schedule check
[2024-06-05T17:31:56.931+0000] {local_task_job_runner.py:222} INFO - ::endgroup::
[2024-06-05T17:32:59.066+0000] {local_task_job_runner.py:120} INFO - ::group::Pre task execution logs
[2024-06-05T17:32:59.091+0000] {taskinstance.py:2076} INFO - Dependencies all met for dep_context=non-requeueable deps ti=<TaskInstance: s3_postgres.wait_until_6pm scheduled__2024-06-04T00:00:00+00:00 [queued]>
[2024-06-05T17:32:59.100+0000] {taskinstance.py:2076} INFO - Dependencies all met for dep_context=requeueable deps ti=<TaskInstance: s3_postgres.wait_until_6pm scheduled__2024-06-04T00:00:00+00:00 [queued]>
[2024-06-05T17:32:59.101+0000] {taskinstance.py:2306} INFO - Starting attempt 1 of 2
[2024-06-05T17:32:59.117+0000] {taskinstance.py:2330} INFO - Executing <Task(TimeDeltaSensor): wait_until_6pm> on 2024-06-04 00:00:00+00:00
[2024-06-05T17:32:59.123+0000] {warnings.py:110} WARNING - /home/***/.local/lib/python3.12/site-packages/***/task/task_runner/standard_task_runner.py:61: DeprecationWarning: This process (pid=132) is multi-threaded, use of fork() may lead to deadlocks in the child.
  pid = os.fork()

[2024-06-05T17:32:59.125+0000] {standard_task_runner.py:63} INFO - Started process 134 to run task
[2024-06-05T17:32:59.125+0000] {standard_task_runner.py:90} INFO - Running: ['***', 'tasks', 'run', 's3_postgres', 'wait_until_6pm', 'scheduled__2024-06-04T00:00:00+00:00', '--job-id', '778', '--raw', '--subdir', 'DAGS_FOLDER/pipeline.py', '--cfg-path', '/tmp/tmprx0ndadh']
[2024-06-05T17:32:59.127+0000] {standard_task_runner.py:91} INFO - Job 778: Subtask wait_until_6pm
[2024-06-05T17:32:59.179+0000] {task_command.py:426} INFO - Running <TaskInstance: s3_postgres.wait_until_6pm scheduled__2024-06-04T00:00:00+00:00 [running]> on host 0a6aac87d868
[2024-06-05T17:32:59.265+0000] {taskinstance.py:2648} INFO - Exporting env vars: AIRFLOW_CTX_DAG_OWNER='***' AIRFLOW_CTX_DAG_ID='s3_postgres' AIRFLOW_CTX_TASK_ID='wait_until_6pm' AIRFLOW_CTX_EXECUTION_DATE='2024-06-04T00:00:00+00:00' AIRFLOW_CTX_TRY_NUMBER='1' AIRFLOW_CTX_DAG_RUN_ID='scheduled__2024-06-04T00:00:00+00:00'
[2024-06-05T17:32:59.267+0000] {taskinstance.py:430} INFO - ::endgroup::
[2024-06-05T17:32:59.277+0000] {time_delta.py:51} INFO - Checking if the time (2024-06-05 18:00:00+00:00) has come
[2024-06-05T17:32:59.279+0000] {taskinstance.py:441} INFO - ::group::Post task execution logs
[2024-06-05T17:32:59.299+0000] {taskinstance.py:2865} INFO - Rescheduling task, marking task as UP_FOR_RESCHEDULE
[2024-06-05T17:32:59.339+0000] {local_task_job_runner.py:240} INFO - Task exited with return code 0
[2024-06-05T17:32:59.360+0000] {taskinstance.py:3498} INFO - 0 downstream tasks scheduled from follow-on schedule check
[2024-06-05T17:32:59.363+0000] {local_task_job_runner.py:222} INFO - ::endgroup::
[2024-06-05T17:34:00.619+0000] {local_task_job_runner.py:120} INFO - ::group::Pre task execution logs
[2024-06-05T17:34:00.653+0000] {taskinstance.py:2076} INFO - Dependencies all met for dep_context=non-requeueable deps ti=<TaskInstance: s3_postgres.wait_until_6pm scheduled__2024-06-04T00:00:00+00:00 [queued]>
[2024-06-05T17:34:00.669+0000] {taskinstance.py:2076} INFO - Dependencies all met for dep_context=requeueable deps ti=<TaskInstance: s3_postgres.wait_until_6pm scheduled__2024-06-04T00:00:00+00:00 [queued]>
[2024-06-05T17:34:00.669+0000] {taskinstance.py:2306} INFO - Starting attempt 1 of 2
[2024-06-05T17:34:00.686+0000] {taskinstance.py:2330} INFO - Executing <Task(TimeDeltaSensor): wait_until_6pm> on 2024-06-04 00:00:00+00:00
[2024-06-05T17:34:00.692+0000] {warnings.py:110} WARNING - /home/***/.local/lib/python3.12/site-packages/***/task/task_runner/standard_task_runner.py:61: DeprecationWarning: This process (pid=152) is multi-threaded, use of fork() may lead to deadlocks in the child.
  pid = os.fork()

[2024-06-05T17:34:00.694+0000] {standard_task_runner.py:63} INFO - Started process 154 to run task
[2024-06-05T17:34:00.694+0000] {standard_task_runner.py:90} INFO - Running: ['***', 'tasks', 'run', 's3_postgres', 'wait_until_6pm', 'scheduled__2024-06-04T00:00:00+00:00', '--job-id', '780', '--raw', '--subdir', 'DAGS_FOLDER/pipeline.py', '--cfg-path', '/tmp/tmp58nllg3h']
[2024-06-05T17:34:00.696+0000] {standard_task_runner.py:91} INFO - Job 780: Subtask wait_until_6pm
[2024-06-05T17:34:00.741+0000] {task_command.py:426} INFO - Running <TaskInstance: s3_postgres.wait_until_6pm scheduled__2024-06-04T00:00:00+00:00 [running]> on host 0a6aac87d868
[2024-06-05T17:34:00.824+0000] {taskinstance.py:2648} INFO - Exporting env vars: AIRFLOW_CTX_DAG_OWNER='***' AIRFLOW_CTX_DAG_ID='s3_postgres' AIRFLOW_CTX_TASK_ID='wait_until_6pm' AIRFLOW_CTX_EXECUTION_DATE='2024-06-04T00:00:00+00:00' AIRFLOW_CTX_TRY_NUMBER='1' AIRFLOW_CTX_DAG_RUN_ID='scheduled__2024-06-04T00:00:00+00:00'
[2024-06-05T17:34:00.826+0000] {taskinstance.py:430} INFO - ::endgroup::
[2024-06-05T17:34:00.835+0000] {time_delta.py:51} INFO - Checking if the time (2024-06-05 18:00:00+00:00) has come
[2024-06-05T17:34:00.838+0000] {taskinstance.py:441} INFO - ::group::Post task execution logs
[2024-06-05T17:34:00.860+0000] {taskinstance.py:2865} INFO - Rescheduling task, marking task as UP_FOR_RESCHEDULE
[2024-06-05T17:34:00.908+0000] {local_task_job_runner.py:240} INFO - Task exited with return code 0
[2024-06-05T17:34:00.928+0000] {taskinstance.py:3498} INFO - 0 downstream tasks scheduled from follow-on schedule check
[2024-06-05T17:34:00.931+0000] {local_task_job_runner.py:222} INFO - ::endgroup::
[2024-06-05T17:35:02.899+0000] {local_task_job_runner.py:120} INFO - ::group::Pre task execution logs
[2024-06-05T17:35:02.933+0000] {taskinstance.py:2076} INFO - Dependencies all met for dep_context=non-requeueable deps ti=<TaskInstance: s3_postgres.wait_until_6pm scheduled__2024-06-04T00:00:00+00:00 [queued]>
[2024-06-05T17:35:02.945+0000] {taskinstance.py:2076} INFO - Dependencies all met for dep_context=requeueable deps ti=<TaskInstance: s3_postgres.wait_until_6pm scheduled__2024-06-04T00:00:00+00:00 [queued]>
[2024-06-05T17:35:02.945+0000] {taskinstance.py:2306} INFO - Starting attempt 1 of 2
[2024-06-05T17:35:02.966+0000] {taskinstance.py:2330} INFO - Executing <Task(TimeDeltaSensor): wait_until_6pm> on 2024-06-04 00:00:00+00:00
[2024-06-05T17:35:02.974+0000] {warnings.py:110} WARNING - /home/***/.local/lib/python3.12/site-packages/***/task/task_runner/standard_task_runner.py:61: DeprecationWarning: This process (pid=172) is multi-threaded, use of fork() may lead to deadlocks in the child.
  pid = os.fork()

[2024-06-05T17:35:02.976+0000] {standard_task_runner.py:63} INFO - Started process 174 to run task
[2024-06-05T17:35:02.976+0000] {standard_task_runner.py:90} INFO - Running: ['***', 'tasks', 'run', 's3_postgres', 'wait_until_6pm', 'scheduled__2024-06-04T00:00:00+00:00', '--job-id', '782', '--raw', '--subdir', 'DAGS_FOLDER/pipeline.py', '--cfg-path', '/tmp/tmpre6w7ndi']
[2024-06-05T17:35:02.978+0000] {standard_task_runner.py:91} INFO - Job 782: Subtask wait_until_6pm
[2024-06-05T17:35:03.043+0000] {task_command.py:426} INFO - Running <TaskInstance: s3_postgres.wait_until_6pm scheduled__2024-06-04T00:00:00+00:00 [running]> on host 0a6aac87d868
[2024-06-05T17:35:03.137+0000] {taskinstance.py:2648} INFO - Exporting env vars: AIRFLOW_CTX_DAG_OWNER='***' AIRFLOW_CTX_DAG_ID='s3_postgres' AIRFLOW_CTX_TASK_ID='wait_until_6pm' AIRFLOW_CTX_EXECUTION_DATE='2024-06-04T00:00:00+00:00' AIRFLOW_CTX_TRY_NUMBER='1' AIRFLOW_CTX_DAG_RUN_ID='scheduled__2024-06-04T00:00:00+00:00'
[2024-06-05T17:35:03.139+0000] {taskinstance.py:430} INFO - ::endgroup::
[2024-06-05T17:35:03.147+0000] {time_delta.py:51} INFO - Checking if the time (2024-06-05 18:00:00+00:00) has come
[2024-06-05T17:35:03.149+0000] {taskinstance.py:441} INFO - ::group::Post task execution logs
[2024-06-05T17:35:03.166+0000] {taskinstance.py:2865} INFO - Rescheduling task, marking task as UP_FOR_RESCHEDULE
[2024-06-05T17:35:03.194+0000] {local_task_job_runner.py:240} INFO - Task exited with return code 0
[2024-06-05T17:35:03.212+0000] {taskinstance.py:3498} INFO - 0 downstream tasks scheduled from follow-on schedule check
[2024-06-05T17:35:03.215+0000] {local_task_job_runner.py:222} INFO - ::endgroup::
[2024-06-05T17:36:04.938+0000] {local_task_job_runner.py:120} INFO - ::group::Pre task execution logs
[2024-06-05T17:36:04.958+0000] {taskinstance.py:2076} INFO - Dependencies all met for dep_context=non-requeueable deps ti=<TaskInstance: s3_postgres.wait_until_6pm scheduled__2024-06-04T00:00:00+00:00 [queued]>
[2024-06-05T17:36:04.965+0000] {taskinstance.py:2076} INFO - Dependencies all met for dep_context=requeueable deps ti=<TaskInstance: s3_postgres.wait_until_6pm scheduled__2024-06-04T00:00:00+00:00 [queued]>
[2024-06-05T17:36:04.965+0000] {taskinstance.py:2306} INFO - Starting attempt 1 of 2
[2024-06-05T17:36:04.977+0000] {taskinstance.py:2330} INFO - Executing <Task(TimeDeltaSensor): wait_until_6pm> on 2024-06-04 00:00:00+00:00
[2024-06-05T17:36:04.983+0000] {warnings.py:110} WARNING - /home/***/.local/lib/python3.12/site-packages/***/task/task_runner/standard_task_runner.py:61: DeprecationWarning: This process (pid=185) is multi-threaded, use of fork() may lead to deadlocks in the child.
  pid = os.fork()

[2024-06-05T17:36:04.985+0000] {standard_task_runner.py:63} INFO - Started process 187 to run task
[2024-06-05T17:36:04.985+0000] {standard_task_runner.py:90} INFO - Running: ['***', 'tasks', 'run', 's3_postgres', 'wait_until_6pm', 'scheduled__2024-06-04T00:00:00+00:00', '--job-id', '784', '--raw', '--subdir', 'DAGS_FOLDER/pipeline.py', '--cfg-path', '/tmp/tmpjeu4novv']
[2024-06-05T17:36:04.986+0000] {standard_task_runner.py:91} INFO - Job 784: Subtask wait_until_6pm
[2024-06-05T17:36:05.030+0000] {task_command.py:426} INFO - Running <TaskInstance: s3_postgres.wait_until_6pm scheduled__2024-06-04T00:00:00+00:00 [running]> on host 0a6aac87d868
[2024-06-05T17:36:05.105+0000] {taskinstance.py:2648} INFO - Exporting env vars: AIRFLOW_CTX_DAG_OWNER='***' AIRFLOW_CTX_DAG_ID='s3_postgres' AIRFLOW_CTX_TASK_ID='wait_until_6pm' AIRFLOW_CTX_EXECUTION_DATE='2024-06-04T00:00:00+00:00' AIRFLOW_CTX_TRY_NUMBER='1' AIRFLOW_CTX_DAG_RUN_ID='scheduled__2024-06-04T00:00:00+00:00'
[2024-06-05T17:36:05.106+0000] {taskinstance.py:430} INFO - ::endgroup::
[2024-06-05T17:36:05.115+0000] {time_delta.py:51} INFO - Checking if the time (2024-06-05 18:00:00+00:00) has come
[2024-06-05T17:36:05.116+0000] {taskinstance.py:441} INFO - ::group::Post task execution logs
[2024-06-05T17:36:05.135+0000] {taskinstance.py:2865} INFO - Rescheduling task, marking task as UP_FOR_RESCHEDULE
[2024-06-05T17:36:05.159+0000] {local_task_job_runner.py:240} INFO - Task exited with return code 0
[2024-06-05T17:36:05.174+0000] {taskinstance.py:3498} INFO - 0 downstream tasks scheduled from follow-on schedule check
[2024-06-05T17:36:05.176+0000] {local_task_job_runner.py:222} INFO - ::endgroup::
[2024-06-05T17:37:06.916+0000] {local_task_job_runner.py:120} INFO - ::group::Pre task execution logs
[2024-06-05T17:37:06.939+0000] {taskinstance.py:2076} INFO - Dependencies all met for dep_context=non-requeueable deps ti=<TaskInstance: s3_postgres.wait_until_6pm scheduled__2024-06-04T00:00:00+00:00 [queued]>
[2024-06-05T17:37:06.946+0000] {taskinstance.py:2076} INFO - Dependencies all met for dep_context=requeueable deps ti=<TaskInstance: s3_postgres.wait_until_6pm scheduled__2024-06-04T00:00:00+00:00 [queued]>
[2024-06-05T17:37:06.946+0000] {taskinstance.py:2306} INFO - Starting attempt 1 of 2
[2024-06-05T17:37:06.958+0000] {taskinstance.py:2330} INFO - Executing <Task(TimeDeltaSensor): wait_until_6pm> on 2024-06-04 00:00:00+00:00
[2024-06-05T17:37:06.964+0000] {warnings.py:110} WARNING - /home/***/.local/lib/python3.12/site-packages/***/task/task_runner/standard_task_runner.py:61: DeprecationWarning: This process (pid=205) is multi-threaded, use of fork() may lead to deadlocks in the child.
  pid = os.fork()

[2024-06-05T17:37:06.966+0000] {standard_task_runner.py:63} INFO - Started process 207 to run task
[2024-06-05T17:37:06.966+0000] {standard_task_runner.py:90} INFO - Running: ['***', 'tasks', 'run', 's3_postgres', 'wait_until_6pm', 'scheduled__2024-06-04T00:00:00+00:00', '--job-id', '786', '--raw', '--subdir', 'DAGS_FOLDER/pipeline.py', '--cfg-path', '/tmp/tmpl_w0wdxb']
[2024-06-05T17:37:06.967+0000] {standard_task_runner.py:91} INFO - Job 786: Subtask wait_until_6pm
[2024-06-05T17:37:07.019+0000] {task_command.py:426} INFO - Running <TaskInstance: s3_postgres.wait_until_6pm scheduled__2024-06-04T00:00:00+00:00 [running]> on host 0a6aac87d868
[2024-06-05T17:37:07.097+0000] {taskinstance.py:2648} INFO - Exporting env vars: AIRFLOW_CTX_DAG_OWNER='***' AIRFLOW_CTX_DAG_ID='s3_postgres' AIRFLOW_CTX_TASK_ID='wait_until_6pm' AIRFLOW_CTX_EXECUTION_DATE='2024-06-04T00:00:00+00:00' AIRFLOW_CTX_TRY_NUMBER='1' AIRFLOW_CTX_DAG_RUN_ID='scheduled__2024-06-04T00:00:00+00:00'
[2024-06-05T17:37:07.098+0000] {taskinstance.py:430} INFO - ::endgroup::
[2024-06-05T17:37:07.108+0000] {time_delta.py:51} INFO - Checking if the time (2024-06-05 18:00:00+00:00) has come
[2024-06-05T17:37:07.109+0000] {taskinstance.py:441} INFO - ::group::Post task execution logs
[2024-06-05T17:37:07.130+0000] {taskinstance.py:2865} INFO - Rescheduling task, marking task as UP_FOR_RESCHEDULE
[2024-06-05T17:37:07.140+0000] {local_task_job_runner.py:240} INFO - Task exited with return code 0
[2024-06-05T17:37:07.157+0000] {taskinstance.py:3498} INFO - 0 downstream tasks scheduled from follow-on schedule check
[2024-06-05T17:37:07.159+0000] {local_task_job_runner.py:222} INFO - ::endgroup::
[2024-06-05T17:38:09.143+0000] {local_task_job_runner.py:120} INFO - ::group::Pre task execution logs
[2024-06-05T17:38:09.163+0000] {taskinstance.py:2076} INFO - Dependencies all met for dep_context=non-requeueable deps ti=<TaskInstance: s3_postgres.wait_until_6pm scheduled__2024-06-04T00:00:00+00:00 [queued]>
[2024-06-05T17:38:09.171+0000] {taskinstance.py:2076} INFO - Dependencies all met for dep_context=requeueable deps ti=<TaskInstance: s3_postgres.wait_until_6pm scheduled__2024-06-04T00:00:00+00:00 [queued]>
[2024-06-05T17:38:09.171+0000] {taskinstance.py:2306} INFO - Starting attempt 1 of 2
[2024-06-05T17:38:09.185+0000] {taskinstance.py:2330} INFO - Executing <Task(TimeDeltaSensor): wait_until_6pm> on 2024-06-04 00:00:00+00:00
[2024-06-05T17:38:09.190+0000] {warnings.py:110} WARNING - /home/***/.local/lib/python3.12/site-packages/***/task/task_runner/standard_task_runner.py:61: DeprecationWarning: This process (pid=225) is multi-threaded, use of fork() may lead to deadlocks in the child.
  pid = os.fork()

[2024-06-05T17:38:09.192+0000] {standard_task_runner.py:63} INFO - Started process 227 to run task
[2024-06-05T17:38:09.192+0000] {standard_task_runner.py:90} INFO - Running: ['***', 'tasks', 'run', 's3_postgres', 'wait_until_6pm', 'scheduled__2024-06-04T00:00:00+00:00', '--job-id', '788', '--raw', '--subdir', 'DAGS_FOLDER/pipeline.py', '--cfg-path', '/tmp/tmp99yphc5n']
[2024-06-05T17:38:09.193+0000] {standard_task_runner.py:91} INFO - Job 788: Subtask wait_until_6pm
[2024-06-05T17:38:09.238+0000] {task_command.py:426} INFO - Running <TaskInstance: s3_postgres.wait_until_6pm scheduled__2024-06-04T00:00:00+00:00 [running]> on host 0a6aac87d868
[2024-06-05T17:38:09.315+0000] {taskinstance.py:2648} INFO - Exporting env vars: AIRFLOW_CTX_DAG_OWNER='***' AIRFLOW_CTX_DAG_ID='s3_postgres' AIRFLOW_CTX_TASK_ID='wait_until_6pm' AIRFLOW_CTX_EXECUTION_DATE='2024-06-04T00:00:00+00:00' AIRFLOW_CTX_TRY_NUMBER='1' AIRFLOW_CTX_DAG_RUN_ID='scheduled__2024-06-04T00:00:00+00:00'
[2024-06-05T17:38:09.316+0000] {taskinstance.py:430} INFO - ::endgroup::
[2024-06-05T17:38:09.324+0000] {time_delta.py:51} INFO - Checking if the time (2024-06-05 18:00:00+00:00) has come
[2024-06-05T17:38:09.326+0000] {taskinstance.py:441} INFO - ::group::Post task execution logs
[2024-06-05T17:38:09.344+0000] {taskinstance.py:2865} INFO - Rescheduling task, marking task as UP_FOR_RESCHEDULE
[2024-06-05T17:38:09.366+0000] {local_task_job_runner.py:240} INFO - Task exited with return code 0
[2024-06-05T17:38:09.381+0000] {taskinstance.py:3498} INFO - 0 downstream tasks scheduled from follow-on schedule check
[2024-06-05T17:38:09.383+0000] {local_task_job_runner.py:222} INFO - ::endgroup::
[2024-06-05T17:39:10.869+0000] {local_task_job_runner.py:120} INFO - ::group::Pre task execution logs
[2024-06-05T17:39:10.889+0000] {taskinstance.py:2076} INFO - Dependencies all met for dep_context=non-requeueable deps ti=<TaskInstance: s3_postgres.wait_until_6pm scheduled__2024-06-04T00:00:00+00:00 [queued]>
[2024-06-05T17:39:10.896+0000] {taskinstance.py:2076} INFO - Dependencies all met for dep_context=requeueable deps ti=<TaskInstance: s3_postgres.wait_until_6pm scheduled__2024-06-04T00:00:00+00:00 [queued]>
[2024-06-05T17:39:10.897+0000] {taskinstance.py:2306} INFO - Starting attempt 1 of 2
[2024-06-05T17:39:10.908+0000] {taskinstance.py:2330} INFO - Executing <Task(TimeDeltaSensor): wait_until_6pm> on 2024-06-04 00:00:00+00:00
[2024-06-05T17:39:10.914+0000] {warnings.py:110} WARNING - /home/***/.local/lib/python3.12/site-packages/***/task/task_runner/standard_task_runner.py:61: DeprecationWarning: This process (pid=245) is multi-threaded, use of fork() may lead to deadlocks in the child.
  pid = os.fork()

[2024-06-05T17:39:10.916+0000] {standard_task_runner.py:63} INFO - Started process 247 to run task
[2024-06-05T17:39:10.916+0000] {standard_task_runner.py:90} INFO - Running: ['***', 'tasks', 'run', 's3_postgres', 'wait_until_6pm', 'scheduled__2024-06-04T00:00:00+00:00', '--job-id', '790', '--raw', '--subdir', 'DAGS_FOLDER/pipeline.py', '--cfg-path', '/tmp/tmpn41y3fj3']
[2024-06-05T17:39:10.918+0000] {standard_task_runner.py:91} INFO - Job 790: Subtask wait_until_6pm
[2024-06-05T17:39:10.964+0000] {task_command.py:426} INFO - Running <TaskInstance: s3_postgres.wait_until_6pm scheduled__2024-06-04T00:00:00+00:00 [running]> on host 0a6aac87d868
[2024-06-05T17:39:11.042+0000] {taskinstance.py:2648} INFO - Exporting env vars: AIRFLOW_CTX_DAG_OWNER='***' AIRFLOW_CTX_DAG_ID='s3_postgres' AIRFLOW_CTX_TASK_ID='wait_until_6pm' AIRFLOW_CTX_EXECUTION_DATE='2024-06-04T00:00:00+00:00' AIRFLOW_CTX_TRY_NUMBER='1' AIRFLOW_CTX_DAG_RUN_ID='scheduled__2024-06-04T00:00:00+00:00'
[2024-06-05T17:39:11.043+0000] {taskinstance.py:430} INFO - ::endgroup::
[2024-06-05T17:39:11.051+0000] {time_delta.py:51} INFO - Checking if the time (2024-06-05 18:00:00+00:00) has come
[2024-06-05T17:39:11.053+0000] {taskinstance.py:441} INFO - ::group::Post task execution logs
[2024-06-05T17:39:11.070+0000] {taskinstance.py:2865} INFO - Rescheduling task, marking task as UP_FOR_RESCHEDULE
[2024-06-05T17:39:11.090+0000] {local_task_job_runner.py:240} INFO - Task exited with return code 0
[2024-06-05T17:39:11.105+0000] {taskinstance.py:3498} INFO - 0 downstream tasks scheduled from follow-on schedule check
[2024-06-05T17:39:11.108+0000] {local_task_job_runner.py:222} INFO - ::endgroup::
[2024-06-05T17:40:13.001+0000] {local_task_job_runner.py:120} INFO - ::group::Pre task execution logs
[2024-06-05T17:40:13.064+0000] {taskinstance.py:2076} INFO - Dependencies all met for dep_context=non-requeueable deps ti=<TaskInstance: s3_postgres.wait_until_6pm scheduled__2024-06-04T00:00:00+00:00 [queued]>
[2024-06-05T17:40:13.080+0000] {taskinstance.py:2076} INFO - Dependencies all met for dep_context=requeueable deps ti=<TaskInstance: s3_postgres.wait_until_6pm scheduled__2024-06-04T00:00:00+00:00 [queued]>
[2024-06-05T17:40:13.081+0000] {taskinstance.py:2306} INFO - Starting attempt 1 of 2
[2024-06-05T17:40:13.099+0000] {taskinstance.py:2330} INFO - Executing <Task(TimeDeltaSensor): wait_until_6pm> on 2024-06-04 00:00:00+00:00
[2024-06-05T17:40:13.108+0000] {warnings.py:110} WARNING - /home/***/.local/lib/python3.12/site-packages/***/task/task_runner/standard_task_runner.py:61: DeprecationWarning: This process (pid=265) is multi-threaded, use of fork() may lead to deadlocks in the child.
  pid = os.fork()

[2024-06-05T17:40:13.110+0000] {standard_task_runner.py:63} INFO - Started process 267 to run task
[2024-06-05T17:40:13.110+0000] {standard_task_runner.py:90} INFO - Running: ['***', 'tasks', 'run', 's3_postgres', 'wait_until_6pm', 'scheduled__2024-06-04T00:00:00+00:00', '--job-id', '792', '--raw', '--subdir', 'DAGS_FOLDER/pipeline.py', '--cfg-path', '/tmp/tmp646vowvn']
[2024-06-05T17:40:13.112+0000] {standard_task_runner.py:91} INFO - Job 792: Subtask wait_until_6pm
[2024-06-05T17:40:13.170+0000] {task_command.py:426} INFO - Running <TaskInstance: s3_postgres.wait_until_6pm scheduled__2024-06-04T00:00:00+00:00 [running]> on host 0a6aac87d868
[2024-06-05T17:40:13.272+0000] {taskinstance.py:2648} INFO - Exporting env vars: AIRFLOW_CTX_DAG_OWNER='***' AIRFLOW_CTX_DAG_ID='s3_postgres' AIRFLOW_CTX_TASK_ID='wait_until_6pm' AIRFLOW_CTX_EXECUTION_DATE='2024-06-04T00:00:00+00:00' AIRFLOW_CTX_TRY_NUMBER='1' AIRFLOW_CTX_DAG_RUN_ID='scheduled__2024-06-04T00:00:00+00:00'
[2024-06-05T17:40:13.273+0000] {taskinstance.py:430} INFO - ::endgroup::
[2024-06-05T17:40:13.282+0000] {time_delta.py:51} INFO - Checking if the time (2024-06-05 18:00:00+00:00) has come
[2024-06-05T17:40:13.284+0000] {taskinstance.py:441} INFO - ::group::Post task execution logs
[2024-06-05T17:40:13.305+0000] {taskinstance.py:2865} INFO - Rescheduling task, marking task as UP_FOR_RESCHEDULE
[2024-06-05T17:40:13.325+0000] {local_task_job_runner.py:240} INFO - Task exited with return code 0
[2024-06-05T17:40:13.343+0000] {taskinstance.py:3498} INFO - 0 downstream tasks scheduled from follow-on schedule check
[2024-06-05T17:40:13.345+0000] {local_task_job_runner.py:222} INFO - ::endgroup::
[2024-06-05T17:41:14.831+0000] {local_task_job_runner.py:120} INFO - ::group::Pre task execution logs
[2024-06-05T17:41:14.853+0000] {taskinstance.py:2076} INFO - Dependencies all met for dep_context=non-requeueable deps ti=<TaskInstance: s3_postgres.wait_until_6pm scheduled__2024-06-04T00:00:00+00:00 [queued]>
[2024-06-05T17:41:14.862+0000] {taskinstance.py:2076} INFO - Dependencies all met for dep_context=requeueable deps ti=<TaskInstance: s3_postgres.wait_until_6pm scheduled__2024-06-04T00:00:00+00:00 [queued]>
[2024-06-05T17:41:14.863+0000] {taskinstance.py:2306} INFO - Starting attempt 1 of 2
[2024-06-05T17:41:14.876+0000] {taskinstance.py:2330} INFO - Executing <Task(TimeDeltaSensor): wait_until_6pm> on 2024-06-04 00:00:00+00:00
[2024-06-05T17:41:14.882+0000] {warnings.py:110} WARNING - /home/***/.local/lib/python3.12/site-packages/***/task/task_runner/standard_task_runner.py:61: DeprecationWarning: This process (pid=285) is multi-threaded, use of fork() may lead to deadlocks in the child.
  pid = os.fork()

[2024-06-05T17:41:14.884+0000] {standard_task_runner.py:63} INFO - Started process 287 to run task
[2024-06-05T17:41:14.884+0000] {standard_task_runner.py:90} INFO - Running: ['***', 'tasks', 'run', 's3_postgres', 'wait_until_6pm', 'scheduled__2024-06-04T00:00:00+00:00', '--job-id', '794', '--raw', '--subdir', 'DAGS_FOLDER/pipeline.py', '--cfg-path', '/tmp/tmp42dva38a']
[2024-06-05T17:41:14.886+0000] {standard_task_runner.py:91} INFO - Job 794: Subtask wait_until_6pm
[2024-06-05T17:41:14.937+0000] {task_command.py:426} INFO - Running <TaskInstance: s3_postgres.wait_until_6pm scheduled__2024-06-04T00:00:00+00:00 [running]> on host 0a6aac87d868
[2024-06-05T17:41:15.047+0000] {taskinstance.py:2648} INFO - Exporting env vars: AIRFLOW_CTX_DAG_OWNER='***' AIRFLOW_CTX_DAG_ID='s3_postgres' AIRFLOW_CTX_TASK_ID='wait_until_6pm' AIRFLOW_CTX_EXECUTION_DATE='2024-06-04T00:00:00+00:00' AIRFLOW_CTX_TRY_NUMBER='1' AIRFLOW_CTX_DAG_RUN_ID='scheduled__2024-06-04T00:00:00+00:00'
[2024-06-05T17:41:15.049+0000] {taskinstance.py:430} INFO - ::endgroup::
[2024-06-05T17:41:15.059+0000] {time_delta.py:51} INFO - Checking if the time (2024-06-05 18:00:00+00:00) has come
[2024-06-05T17:41:15.061+0000] {taskinstance.py:441} INFO - ::group::Post task execution logs
[2024-06-05T17:41:15.083+0000] {taskinstance.py:2865} INFO - Rescheduling task, marking task as UP_FOR_RESCHEDULE
[2024-06-05T17:41:15.100+0000] {local_task_job_runner.py:240} INFO - Task exited with return code 0
[2024-06-05T17:41:15.121+0000] {taskinstance.py:3498} INFO - 0 downstream tasks scheduled from follow-on schedule check
[2024-06-05T17:41:15.123+0000] {local_task_job_runner.py:222} INFO - ::endgroup::
[2024-06-05T17:43:15.746+0000] {local_task_job_runner.py:120} INFO - ::group::Pre task execution logs
[2024-06-05T17:43:15.805+0000] {taskinstance.py:2076} INFO - Dependencies all met for dep_context=non-requeueable deps ti=<TaskInstance: s3_postgres.wait_until_6pm scheduled__2024-06-04T00:00:00+00:00 [queued]>
[2024-06-05T17:43:15.821+0000] {taskinstance.py:2076} INFO - Dependencies all met for dep_context=requeueable deps ti=<TaskInstance: s3_postgres.wait_until_6pm scheduled__2024-06-04T00:00:00+00:00 [queued]>
[2024-06-05T17:43:15.821+0000] {taskinstance.py:2306} INFO - Starting attempt 1 of 2
[2024-06-05T17:43:15.842+0000] {taskinstance.py:2330} INFO - Executing <Task(TimeDeltaSensor): wait_until_6pm> on 2024-06-04 00:00:00+00:00
[2024-06-05T17:43:15.851+0000] {warnings.py:110} WARNING - /home/***/.local/lib/python3.12/site-packages/***/task/task_runner/standard_task_runner.py:61: DeprecationWarning: This process (pid=50) is multi-threaded, use of fork() may lead to deadlocks in the child.
  pid = os.fork()

[2024-06-05T17:43:15.854+0000] {standard_task_runner.py:63} INFO - Started process 61 to run task
[2024-06-05T17:43:15.858+0000] {standard_task_runner.py:90} INFO - Running: ['***', 'tasks', 'run', 's3_postgres', 'wait_until_6pm', 'scheduled__2024-06-04T00:00:00+00:00', '--job-id', '799', '--raw', '--subdir', 'DAGS_FOLDER/pipeline.py', '--cfg-path', '/tmp/tmpg5xru69j']
[2024-06-05T17:43:15.860+0000] {standard_task_runner.py:91} INFO - Job 799: Subtask wait_until_6pm
[2024-06-05T17:43:15.951+0000] {task_command.py:426} INFO - Running <TaskInstance: s3_postgres.wait_until_6pm scheduled__2024-06-04T00:00:00+00:00 [running]> on host b9a8b9be1324
[2024-06-05T17:43:16.111+0000] {taskinstance.py:2648} INFO - Exporting env vars: AIRFLOW_CTX_DAG_OWNER='***' AIRFLOW_CTX_DAG_ID='s3_postgres' AIRFLOW_CTX_TASK_ID='wait_until_6pm' AIRFLOW_CTX_EXECUTION_DATE='2024-06-04T00:00:00+00:00' AIRFLOW_CTX_TRY_NUMBER='1' AIRFLOW_CTX_DAG_RUN_ID='scheduled__2024-06-04T00:00:00+00:00'
[2024-06-05T17:43:16.114+0000] {taskinstance.py:430} INFO - ::endgroup::
[2024-06-05T17:43:16.136+0000] {time_delta.py:51} INFO - Checking if the time (2024-06-05 18:00:00+00:00) has come
[2024-06-05T17:43:16.142+0000] {taskinstance.py:441} INFO - ::group::Post task execution logs
[2024-06-05T17:43:16.184+0000] {taskinstance.py:2865} INFO - Rescheduling task, marking task as UP_FOR_RESCHEDULE
[2024-06-05T17:43:16.240+0000] {local_task_job_runner.py:240} INFO - Task exited with return code 0
[2024-06-05T17:43:16.276+0000] {taskinstance.py:3498} INFO - 0 downstream tasks scheduled from follow-on schedule check
[2024-06-05T17:43:16.279+0000] {local_task_job_runner.py:222} INFO - ::endgroup::
[2024-06-05T17:47:38.462+0000] {local_task_job_runner.py:120} INFO - ::group::Pre task execution logs
[2024-06-05T17:47:38.495+0000] {taskinstance.py:2076} INFO - Dependencies all met for dep_context=non-requeueable deps ti=<TaskInstance: s3_postgres.wait_until_6pm scheduled__2024-06-04T00:00:00+00:00 [queued]>
[2024-06-05T17:47:38.506+0000] {taskinstance.py:2076} INFO - Dependencies all met for dep_context=requeueable deps ti=<TaskInstance: s3_postgres.wait_until_6pm scheduled__2024-06-04T00:00:00+00:00 [queued]>
[2024-06-05T17:47:38.506+0000] {taskinstance.py:2306} INFO - Starting attempt 1 of 2
[2024-06-05T17:47:38.523+0000] {taskinstance.py:2330} INFO - Executing <Task(TimeDeltaSensor): wait_until_6pm> on 2024-06-04 00:00:00+00:00
[2024-06-05T17:47:38.531+0000] {warnings.py:110} WARNING - /home/***/.local/lib/python3.12/site-packages/***/task/task_runner/standard_task_runner.py:61: DeprecationWarning: This process (pid=139) is multi-threaded, use of fork() may lead to deadlocks in the child.
  pid = os.fork()

[2024-06-05T17:47:38.533+0000] {standard_task_runner.py:63} INFO - Started process 141 to run task
[2024-06-05T17:47:38.534+0000] {standard_task_runner.py:90} INFO - Running: ['***', 'tasks', 'run', 's3_postgres', 'wait_until_6pm', 'scheduled__2024-06-04T00:00:00+00:00', '--job-id', '808', '--raw', '--subdir', 'DAGS_FOLDER/pipeline.py', '--cfg-path', '/tmp/tmpfd7bc3we']
[2024-06-05T17:47:38.535+0000] {standard_task_runner.py:91} INFO - Job 808: Subtask wait_until_6pm
[2024-06-05T17:47:38.598+0000] {task_command.py:426} INFO - Running <TaskInstance: s3_postgres.wait_until_6pm scheduled__2024-06-04T00:00:00+00:00 [running]> on host b9a8b9be1324
[2024-06-05T17:47:38.765+0000] {taskinstance.py:2648} INFO - Exporting env vars: AIRFLOW_CTX_DAG_OWNER='***' AIRFLOW_CTX_DAG_ID='s3_postgres' AIRFLOW_CTX_TASK_ID='wait_until_6pm' AIRFLOW_CTX_EXECUTION_DATE='2024-06-04T00:00:00+00:00' AIRFLOW_CTX_TRY_NUMBER='1' AIRFLOW_CTX_DAG_RUN_ID='scheduled__2024-06-04T00:00:00+00:00'
[2024-06-05T17:47:38.777+0000] {taskinstance.py:430} INFO - ::endgroup::
[2024-06-05T17:47:38.808+0000] {time_delta.py:51} INFO - Checking if the time (2024-06-05 18:00:00+00:00) has come
[2024-06-05T17:47:38.818+0000] {taskinstance.py:441} INFO - ::group::Post task execution logs
[2024-06-05T17:47:38.870+0000] {taskinstance.py:2865} INFO - Rescheduling task, marking task as UP_FOR_RESCHEDULE
[2024-06-05T17:47:38.910+0000] {local_task_job_runner.py:240} INFO - Task exited with return code 0
[2024-06-05T17:47:38.955+0000] {taskinstance.py:3498} INFO - 0 downstream tasks scheduled from follow-on schedule check
[2024-06-05T17:47:38.961+0000] {local_task_job_runner.py:222} INFO - ::endgroup::
[2024-06-05T17:48:40.121+0000] {local_task_job_runner.py:120} INFO - ::group::Pre task execution logs
[2024-06-05T17:48:40.142+0000] {taskinstance.py:2076} INFO - Dependencies all met for dep_context=non-requeueable deps ti=<TaskInstance: s3_postgres.wait_until_6pm scheduled__2024-06-04T00:00:00+00:00 [queued]>
[2024-06-05T17:48:40.151+0000] {taskinstance.py:2076} INFO - Dependencies all met for dep_context=requeueable deps ti=<TaskInstance: s3_postgres.wait_until_6pm scheduled__2024-06-04T00:00:00+00:00 [queued]>
[2024-06-05T17:48:40.152+0000] {taskinstance.py:2306} INFO - Starting attempt 1 of 2
[2024-06-05T17:48:40.167+0000] {taskinstance.py:2330} INFO - Executing <Task(TimeDeltaSensor): wait_until_6pm> on 2024-06-04 00:00:00+00:00
[2024-06-05T17:48:40.173+0000] {warnings.py:110} WARNING - /home/***/.local/lib/python3.12/site-packages/***/task/task_runner/standard_task_runner.py:61: DeprecationWarning: This process (pid=159) is multi-threaded, use of fork() may lead to deadlocks in the child.
  pid = os.fork()

[2024-06-05T17:48:40.175+0000] {standard_task_runner.py:63} INFO - Started process 161 to run task
[2024-06-05T17:48:40.175+0000] {standard_task_runner.py:90} INFO - Running: ['***', 'tasks', 'run', 's3_postgres', 'wait_until_6pm', 'scheduled__2024-06-04T00:00:00+00:00', '--job-id', '810', '--raw', '--subdir', 'DAGS_FOLDER/pipeline.py', '--cfg-path', '/tmp/tmpcaux2fbe']
[2024-06-05T17:48:40.176+0000] {standard_task_runner.py:91} INFO - Job 810: Subtask wait_until_6pm
[2024-06-05T17:48:40.227+0000] {task_command.py:426} INFO - Running <TaskInstance: s3_postgres.wait_until_6pm scheduled__2024-06-04T00:00:00+00:00 [running]> on host b9a8b9be1324
[2024-06-05T17:48:40.319+0000] {taskinstance.py:2648} INFO - Exporting env vars: AIRFLOW_CTX_DAG_OWNER='***' AIRFLOW_CTX_DAG_ID='s3_postgres' AIRFLOW_CTX_TASK_ID='wait_until_6pm' AIRFLOW_CTX_EXECUTION_DATE='2024-06-04T00:00:00+00:00' AIRFLOW_CTX_TRY_NUMBER='1' AIRFLOW_CTX_DAG_RUN_ID='scheduled__2024-06-04T00:00:00+00:00'
[2024-06-05T17:48:40.321+0000] {taskinstance.py:430} INFO - ::endgroup::
[2024-06-05T17:48:40.332+0000] {time_delta.py:51} INFO - Checking if the time (2024-06-05 18:00:00+00:00) has come
[2024-06-05T17:48:40.334+0000] {taskinstance.py:441} INFO - ::group::Post task execution logs
[2024-06-05T17:48:40.356+0000] {taskinstance.py:2865} INFO - Rescheduling task, marking task as UP_FOR_RESCHEDULE
[2024-06-05T17:48:40.389+0000] {local_task_job_runner.py:240} INFO - Task exited with return code 0
[2024-06-05T17:48:40.410+0000] {taskinstance.py:3498} INFO - 0 downstream tasks scheduled from follow-on schedule check
[2024-06-05T17:48:40.412+0000] {local_task_job_runner.py:222} INFO - ::endgroup::
[2024-06-05T17:49:42.000+0000] {local_task_job_runner.py:120} INFO - ::group::Pre task execution logs
[2024-06-05T17:49:42.022+0000] {taskinstance.py:2076} INFO - Dependencies all met for dep_context=non-requeueable deps ti=<TaskInstance: s3_postgres.wait_until_6pm scheduled__2024-06-04T00:00:00+00:00 [queued]>
[2024-06-05T17:49:42.030+0000] {taskinstance.py:2076} INFO - Dependencies all met for dep_context=requeueable deps ti=<TaskInstance: s3_postgres.wait_until_6pm scheduled__2024-06-04T00:00:00+00:00 [queued]>
[2024-06-05T17:49:42.031+0000] {taskinstance.py:2306} INFO - Starting attempt 1 of 2
[2024-06-05T17:49:42.045+0000] {taskinstance.py:2330} INFO - Executing <Task(TimeDeltaSensor): wait_until_6pm> on 2024-06-04 00:00:00+00:00
[2024-06-05T17:49:42.051+0000] {warnings.py:110} WARNING - /home/***/.local/lib/python3.12/site-packages/***/task/task_runner/standard_task_runner.py:61: DeprecationWarning: This process (pid=179) is multi-threaded, use of fork() may lead to deadlocks in the child.
  pid = os.fork()

[2024-06-05T17:49:42.054+0000] {standard_task_runner.py:63} INFO - Started process 181 to run task
[2024-06-05T17:49:42.054+0000] {standard_task_runner.py:90} INFO - Running: ['***', 'tasks', 'run', 's3_postgres', 'wait_until_6pm', 'scheduled__2024-06-04T00:00:00+00:00', '--job-id', '812', '--raw', '--subdir', 'DAGS_FOLDER/pipeline.py', '--cfg-path', '/tmp/tmpxhllse30']
[2024-06-05T17:49:42.055+0000] {standard_task_runner.py:91} INFO - Job 812: Subtask wait_until_6pm
[2024-06-05T17:49:42.101+0000] {task_command.py:426} INFO - Running <TaskInstance: s3_postgres.wait_until_6pm scheduled__2024-06-04T00:00:00+00:00 [running]> on host b9a8b9be1324
[2024-06-05T17:49:42.179+0000] {taskinstance.py:2648} INFO - Exporting env vars: AIRFLOW_CTX_DAG_OWNER='***' AIRFLOW_CTX_DAG_ID='s3_postgres' AIRFLOW_CTX_TASK_ID='wait_until_6pm' AIRFLOW_CTX_EXECUTION_DATE='2024-06-04T00:00:00+00:00' AIRFLOW_CTX_TRY_NUMBER='1' AIRFLOW_CTX_DAG_RUN_ID='scheduled__2024-06-04T00:00:00+00:00'
[2024-06-05T17:49:42.180+0000] {taskinstance.py:430} INFO - ::endgroup::
[2024-06-05T17:49:42.189+0000] {time_delta.py:51} INFO - Checking if the time (2024-06-05 18:00:00+00:00) has come
[2024-06-05T17:49:42.191+0000] {taskinstance.py:441} INFO - ::group::Post task execution logs
[2024-06-05T17:49:42.209+0000] {taskinstance.py:2865} INFO - Rescheduling task, marking task as UP_FOR_RESCHEDULE
[2024-06-05T17:49:42.228+0000] {local_task_job_runner.py:240} INFO - Task exited with return code 0
[2024-06-05T17:49:42.243+0000] {taskinstance.py:3498} INFO - 0 downstream tasks scheduled from follow-on schedule check
[2024-06-05T17:49:42.246+0000] {local_task_job_runner.py:222} INFO - ::endgroup::
[2024-06-05T17:50:45.229+0000] {local_task_job_runner.py:120} INFO - ::group::Pre task execution logs
[2024-06-05T17:50:45.249+0000] {taskinstance.py:2076} INFO - Dependencies all met for dep_context=non-requeueable deps ti=<TaskInstance: s3_postgres.wait_until_6pm scheduled__2024-06-04T00:00:00+00:00 [queued]>
[2024-06-05T17:50:45.258+0000] {taskinstance.py:2076} INFO - Dependencies all met for dep_context=requeueable deps ti=<TaskInstance: s3_postgres.wait_until_6pm scheduled__2024-06-04T00:00:00+00:00 [queued]>
[2024-06-05T17:50:45.258+0000] {taskinstance.py:2306} INFO - Starting attempt 1 of 2
[2024-06-05T17:50:45.276+0000] {taskinstance.py:2330} INFO - Executing <Task(TimeDeltaSensor): wait_until_6pm> on 2024-06-04 00:00:00+00:00
[2024-06-05T17:50:45.282+0000] {warnings.py:110} WARNING - /home/***/.local/lib/python3.12/site-packages/***/task/task_runner/standard_task_runner.py:61: DeprecationWarning: This process (pid=199) is multi-threaded, use of fork() may lead to deadlocks in the child.
  pid = os.fork()

[2024-06-05T17:50:45.284+0000] {standard_task_runner.py:63} INFO - Started process 201 to run task
[2024-06-05T17:50:45.284+0000] {standard_task_runner.py:90} INFO - Running: ['***', 'tasks', 'run', 's3_postgres', 'wait_until_6pm', 'scheduled__2024-06-04T00:00:00+00:00', '--job-id', '814', '--raw', '--subdir', 'DAGS_FOLDER/pipeline.py', '--cfg-path', '/tmp/tmp4mx4763y']
[2024-06-05T17:50:45.286+0000] {standard_task_runner.py:91} INFO - Job 814: Subtask wait_until_6pm
[2024-06-05T17:50:45.338+0000] {task_command.py:426} INFO - Running <TaskInstance: s3_postgres.wait_until_6pm scheduled__2024-06-04T00:00:00+00:00 [running]> on host b9a8b9be1324
[2024-06-05T17:50:45.457+0000] {taskinstance.py:2648} INFO - Exporting env vars: AIRFLOW_CTX_DAG_OWNER='***' AIRFLOW_CTX_DAG_ID='s3_postgres' AIRFLOW_CTX_TASK_ID='wait_until_6pm' AIRFLOW_CTX_EXECUTION_DATE='2024-06-04T00:00:00+00:00' AIRFLOW_CTX_TRY_NUMBER='1' AIRFLOW_CTX_DAG_RUN_ID='scheduled__2024-06-04T00:00:00+00:00'
[2024-06-05T17:50:45.459+0000] {taskinstance.py:430} INFO - ::endgroup::
[2024-06-05T17:50:45.469+0000] {time_delta.py:51} INFO - Checking if the time (2024-06-05 18:00:00+00:00) has come
[2024-06-05T17:50:45.471+0000] {taskinstance.py:441} INFO - ::group::Post task execution logs
[2024-06-05T17:50:45.500+0000] {taskinstance.py:2865} INFO - Rescheduling task, marking task as UP_FOR_RESCHEDULE
[2024-06-05T17:50:45.539+0000] {local_task_job_runner.py:240} INFO - Task exited with return code 0
[2024-06-05T17:50:45.554+0000] {taskinstance.py:3498} INFO - 0 downstream tasks scheduled from follow-on schedule check
[2024-06-05T17:50:45.556+0000] {local_task_job_runner.py:222} INFO - ::endgroup::
[2024-06-05T17:51:11.377+0000] {local_task_job_runner.py:120} INFO - ::group::Pre task execution logs
[2024-06-05T17:51:11.415+0000] {taskinstance.py:2076} INFO - Dependencies all met for dep_context=non-requeueable deps ti=<TaskInstance: s3_postgres.wait_until_6pm scheduled__2024-06-04T00:00:00+00:00 [queued]>
[2024-06-05T17:51:11.428+0000] {taskinstance.py:2076} INFO - Dependencies all met for dep_context=requeueable deps ti=<TaskInstance: s3_postgres.wait_until_6pm scheduled__2024-06-04T00:00:00+00:00 [queued]>
[2024-06-05T17:51:11.429+0000] {taskinstance.py:2306} INFO - Starting attempt 1 of 2
[2024-06-05T17:51:11.449+0000] {taskinstance.py:2330} INFO - Executing <Task(TimeDeltaSensor): wait_until_6pm> on 2024-06-04 00:00:00+00:00
[2024-06-05T17:51:11.460+0000] {warnings.py:110} WARNING - /home/***/.local/lib/python3.12/site-packages/***/task/task_runner/standard_task_runner.py:61: DeprecationWarning: This process (pid=212) is multi-threaded, use of fork() may lead to deadlocks in the child.
  pid = os.fork()

[2024-06-05T17:51:11.461+0000] {standard_task_runner.py:63} INFO - Started process 214 to run task
[2024-06-05T17:51:11.462+0000] {standard_task_runner.py:90} INFO - Running: ['***', 'tasks', 'run', 's3_postgres', 'wait_until_6pm', 'scheduled__2024-06-04T00:00:00+00:00', '--job-id', '816', '--raw', '--subdir', 'DAGS_FOLDER/pipeline.py', '--cfg-path', '/tmp/tmp5vd2hfgw']
[2024-06-05T17:51:11.463+0000] {standard_task_runner.py:91} INFO - Job 816: Subtask wait_until_6pm
[2024-06-05T17:51:11.521+0000] {task_command.py:426} INFO - Running <TaskInstance: s3_postgres.wait_until_6pm scheduled__2024-06-04T00:00:00+00:00 [running]> on host b9a8b9be1324
[2024-06-05T17:51:11.607+0000] {taskinstance.py:2648} INFO - Exporting env vars: AIRFLOW_CTX_DAG_OWNER='***' AIRFLOW_CTX_DAG_ID='s3_postgres' AIRFLOW_CTX_TASK_ID='wait_until_6pm' AIRFLOW_CTX_EXECUTION_DATE='2024-06-04T00:00:00+00:00' AIRFLOW_CTX_TRY_NUMBER='1' AIRFLOW_CTX_DAG_RUN_ID='scheduled__2024-06-04T00:00:00+00:00'
[2024-06-05T17:51:11.609+0000] {taskinstance.py:430} INFO - ::endgroup::
[2024-06-05T17:51:11.619+0000] {time_delta.py:51} INFO - Checking if the time (2024-06-05 18:00:00+00:00) has come
[2024-06-05T17:51:11.621+0000] {taskinstance.py:441} INFO - ::group::Post task execution logs
[2024-06-05T17:51:11.643+0000] {taskinstance.py:2865} INFO - Rescheduling task, marking task as UP_FOR_RESCHEDULE
[2024-06-05T17:51:11.676+0000] {local_task_job_runner.py:240} INFO - Task exited with return code 0
[2024-06-05T17:51:11.699+0000] {taskinstance.py:3498} INFO - 0 downstream tasks scheduled from follow-on schedule check
[2024-06-05T17:51:11.703+0000] {local_task_job_runner.py:222} INFO - ::endgroup::
[2024-06-05T17:52:14.884+0000] {local_task_job_runner.py:120} INFO - ::group::Pre task execution logs
[2024-06-05T17:52:14.921+0000] {taskinstance.py:2076} INFO - Dependencies all met for dep_context=non-requeueable deps ti=<TaskInstance: s3_postgres.wait_until_6pm scheduled__2024-06-04T00:00:00+00:00 [queued]>
[2024-06-05T17:52:14.937+0000] {taskinstance.py:2076} INFO - Dependencies all met for dep_context=requeueable deps ti=<TaskInstance: s3_postgres.wait_until_6pm scheduled__2024-06-04T00:00:00+00:00 [queued]>
[2024-06-05T17:52:14.938+0000] {taskinstance.py:2306} INFO - Starting attempt 1 of 2
[2024-06-05T17:52:14.963+0000] {taskinstance.py:2330} INFO - Executing <Task(TimeDeltaSensor): wait_until_6pm> on 2024-06-04 00:00:00+00:00
[2024-06-05T17:52:14.978+0000] {standard_task_runner.py:90} INFO - Running: ['***', 'tasks', 'run', 's3_postgres', 'wait_until_6pm', 'scheduled__2024-06-04T00:00:00+00:00', '--job-id', '818', '--raw', '--subdir', 'DAGS_FOLDER/pipeline.py', '--cfg-path', '/tmp/tmpb_apt9iy']
[2024-06-05T17:52:14.980+0000] {standard_task_runner.py:91} INFO - Job 818: Subtask wait_until_6pm
[2024-06-05T17:52:14.975+0000] {warnings.py:110} WARNING - /home/***/.local/lib/python3.12/site-packages/***/task/task_runner/standard_task_runner.py:61: DeprecationWarning: This process (pid=232) is multi-threaded, use of fork() may lead to deadlocks in the child.
  pid = os.fork()

[2024-06-05T17:52:14.983+0000] {standard_task_runner.py:63} INFO - Started process 234 to run task
[2024-06-05T17:52:15.094+0000] {task_command.py:426} INFO - Running <TaskInstance: s3_postgres.wait_until_6pm scheduled__2024-06-04T00:00:00+00:00 [running]> on host b9a8b9be1324
[2024-06-05T17:52:15.249+0000] {taskinstance.py:2648} INFO - Exporting env vars: AIRFLOW_CTX_DAG_OWNER='***' AIRFLOW_CTX_DAG_ID='s3_postgres' AIRFLOW_CTX_TASK_ID='wait_until_6pm' AIRFLOW_CTX_EXECUTION_DATE='2024-06-04T00:00:00+00:00' AIRFLOW_CTX_TRY_NUMBER='1' AIRFLOW_CTX_DAG_RUN_ID='scheduled__2024-06-04T00:00:00+00:00'
[2024-06-05T17:52:15.251+0000] {taskinstance.py:430} INFO - ::endgroup::
[2024-06-05T17:52:15.263+0000] {time_delta.py:51} INFO - Checking if the time (2024-06-05 18:00:00+00:00) has come
[2024-06-05T17:52:15.265+0000] {taskinstance.py:441} INFO - ::group::Post task execution logs
[2024-06-05T17:52:15.293+0000] {taskinstance.py:2865} INFO - Rescheduling task, marking task as UP_FOR_RESCHEDULE
[2024-06-05T17:52:15.323+0000] {local_task_job_runner.py:240} INFO - Task exited with return code 0
[2024-06-05T17:52:15.351+0000] {taskinstance.py:3498} INFO - 0 downstream tasks scheduled from follow-on schedule check
[2024-06-05T17:52:15.354+0000] {local_task_job_runner.py:222} INFO - ::endgroup::
[2024-06-07T14:01:56.644+0000] {local_task_job_runner.py:120} INFO - ::group::Pre task execution logs
[2024-06-07T14:01:56.777+0000] {taskinstance.py:2076} INFO - Dependencies all met for dep_context=non-requeueable deps ti=<TaskInstance: s3_postgres.wait_until_6pm scheduled__2024-06-04T00:00:00+00:00 [queued]>
[2024-06-07T14:01:56.826+0000] {taskinstance.py:2076} INFO - Dependencies all met for dep_context=requeueable deps ti=<TaskInstance: s3_postgres.wait_until_6pm scheduled__2024-06-04T00:00:00+00:00 [queued]>
[2024-06-07T14:01:56.829+0000] {taskinstance.py:2306} INFO - Starting attempt 1 of 2
[2024-06-07T14:01:56.904+0000] {taskinstance.py:2330} INFO - Executing <Task(TimeDeltaSensor): wait_until_6pm> on 2024-06-04 00:00:00+00:00
[2024-06-07T14:01:56.950+0000] {warnings.py:110} WARNING - /home/***/.local/lib/python3.12/site-packages/***/task/task_runner/standard_task_runner.py:61: DeprecationWarning: This process (pid=51) is multi-threaded, use of fork() may lead to deadlocks in the child.
  pid = os.fork()

[2024-06-07T14:01:56.973+0000] {standard_task_runner.py:63} INFO - Started process 65 to run task
[2024-06-07T14:01:56.963+0000] {standard_task_runner.py:90} INFO - Running: ['***', 'tasks', 'run', 's3_postgres', 'wait_until_6pm', 'scheduled__2024-06-04T00:00:00+00:00', '--job-id', '823', '--raw', '--subdir', 'DAGS_FOLDER/pipeline.py', '--cfg-path', '/tmp/tmpi91oyjn8']
[2024-06-07T14:01:56.989+0000] {standard_task_runner.py:91} INFO - Job 823: Subtask wait_until_6pm
[2024-06-07T14:01:57.397+0000] {task_command.py:426} INFO - Running <TaskInstance: s3_postgres.wait_until_6pm scheduled__2024-06-04T00:00:00+00:00 [running]> on host 1dcaa0c0151e
[2024-06-07T14:01:57.986+0000] {taskinstance.py:2648} INFO - Exporting env vars: AIRFLOW_CTX_DAG_OWNER='***' AIRFLOW_CTX_DAG_ID='s3_postgres' AIRFLOW_CTX_TASK_ID='wait_until_6pm' AIRFLOW_CTX_EXECUTION_DATE='2024-06-04T00:00:00+00:00' AIRFLOW_CTX_TRY_NUMBER='1' AIRFLOW_CTX_DAG_RUN_ID='scheduled__2024-06-04T00:00:00+00:00'
[2024-06-07T14:01:58.004+0000] {taskinstance.py:430} INFO - ::endgroup::
[2024-06-07T14:01:58.069+0000] {time_delta.py:51} INFO - Checking if the time (2024-06-05 18:00:00+00:00) has come
[2024-06-07T14:01:58.082+0000] {base.py:294} INFO - Success criteria met. Exiting.
[2024-06-07T14:01:58.085+0000] {taskinstance.py:441} INFO - ::group::Post task execution logs
[2024-06-07T14:01:58.170+0000] {taskinstance.py:1206} INFO - Marking task as SUCCESS. dag_id=s3_postgres, task_id=wait_until_6pm, run_id=scheduled__2024-06-04T00:00:00+00:00, execution_date=20240604T000000, start_date=20240607T140156, end_date=20240607T140158
[2024-06-07T14:01:58.346+0000] {local_task_job_runner.py:240} INFO - Task exited with return code 0
[2024-06-07T14:01:58.476+0000] {taskinstance.py:3498} INFO - 0 downstream tasks scheduled from follow-on schedule check
[2024-06-07T14:01:58.536+0000] {local_task_job_runner.py:222} INFO - ::endgroup::
