[2024-06-07T14:02:20.510+0000] {local_task_job_runner.py:120} INFO - ::group::Pre task execution logs
[2024-06-07T14:02:20.549+0000] {taskinstance.py:2076} INFO - Dependencies all met for dep_context=non-requeueable deps ti=<TaskInstance: s3_postgres.wait_until_6pm scheduled__2024-06-06T00:00:00+00:00 [queued]>
[2024-06-07T14:02:20.572+0000] {taskinstance.py:2076} INFO - Dependencies all met for dep_context=requeueable deps ti=<TaskInstance: s3_postgres.wait_until_6pm scheduled__2024-06-06T00:00:00+00:00 [queued]>
[2024-06-07T14:02:20.574+0000] {taskinstance.py:2306} INFO - Starting attempt 1 of 2
[2024-06-07T14:02:20.604+0000] {taskinstance.py:2330} INFO - Executing <Task(TimeDeltaSensor): wait_until_6pm> on 2024-06-06 00:00:00+00:00
[2024-06-07T14:02:20.613+0000] {warnings.py:110} WARNING - /home/***/.local/lib/python3.12/site-packages/***/task/task_runner/standard_task_runner.py:61: DeprecationWarning: This process (pid=83) is multi-threaded, use of fork() may lead to deadlocks in the child.
  pid = os.fork()

[2024-06-07T14:02:20.616+0000] {standard_task_runner.py:63} INFO - Started process 88 to run task
[2024-06-07T14:02:20.616+0000] {standard_task_runner.py:90} INFO - Running: ['***', 'tasks', 'run', 's3_postgres', 'wait_until_6pm', 'scheduled__2024-06-06T00:00:00+00:00', '--job-id', '829', '--raw', '--subdir', 'DAGS_FOLDER/pipeline.py', '--cfg-path', '/tmp/tmpbp01wnb7']
[2024-06-07T14:02:20.618+0000] {standard_task_runner.py:91} INFO - Job 829: Subtask wait_until_6pm
[2024-06-07T14:02:20.702+0000] {task_command.py:426} INFO - Running <TaskInstance: s3_postgres.wait_until_6pm scheduled__2024-06-06T00:00:00+00:00 [running]> on host 1dcaa0c0151e
[2024-06-07T14:02:20.913+0000] {taskinstance.py:2648} INFO - Exporting env vars: AIRFLOW_CTX_DAG_OWNER='***' AIRFLOW_CTX_DAG_ID='s3_postgres' AIRFLOW_CTX_TASK_ID='wait_until_6pm' AIRFLOW_CTX_EXECUTION_DATE='2024-06-06T00:00:00+00:00' AIRFLOW_CTX_TRY_NUMBER='1' AIRFLOW_CTX_DAG_RUN_ID='scheduled__2024-06-06T00:00:00+00:00'
[2024-06-07T14:02:20.922+0000] {taskinstance.py:430} INFO - ::endgroup::
[2024-06-07T14:02:20.939+0000] {time_delta.py:51} INFO - Checking if the time (2024-06-07 18:00:00+00:00) has come
[2024-06-07T14:02:20.942+0000] {taskinstance.py:441} INFO - ::group::Post task execution logs
[2024-06-07T14:02:20.988+0000] {taskinstance.py:2865} INFO - Rescheduling task, marking task as UP_FOR_RESCHEDULE
[2024-06-07T14:02:21.035+0000] {local_task_job_runner.py:240} INFO - Task exited with return code 0
[2024-06-07T14:02:21.078+0000] {taskinstance.py:3498} INFO - 0 downstream tasks scheduled from follow-on schedule check
[2024-06-07T14:02:21.082+0000] {local_task_job_runner.py:222} INFO - ::endgroup::
[2024-06-07T14:03:22.720+0000] {local_task_job_runner.py:120} INFO - ::group::Pre task execution logs
[2024-06-07T14:03:22.739+0000] {taskinstance.py:2076} INFO - Dependencies all met for dep_context=non-requeueable deps ti=<TaskInstance: s3_postgres.wait_until_6pm scheduled__2024-06-06T00:00:00+00:00 [queued]>
[2024-06-07T14:03:22.747+0000] {taskinstance.py:2076} INFO - Dependencies all met for dep_context=requeueable deps ti=<TaskInstance: s3_postgres.wait_until_6pm scheduled__2024-06-06T00:00:00+00:00 [queued]>
[2024-06-07T14:03:22.748+0000] {taskinstance.py:2306} INFO - Starting attempt 1 of 2
[2024-06-07T14:03:22.765+0000] {taskinstance.py:2330} INFO - Executing <Task(TimeDeltaSensor): wait_until_6pm> on 2024-06-06 00:00:00+00:00
[2024-06-07T14:03:22.773+0000] {warnings.py:110} WARNING - /home/***/.local/lib/python3.12/site-packages/***/task/task_runner/standard_task_runner.py:61: DeprecationWarning: This process (pid=103) is multi-threaded, use of fork() may lead to deadlocks in the child.
  pid = os.fork()

[2024-06-07T14:03:22.775+0000] {standard_task_runner.py:63} INFO - Started process 105 to run task
[2024-06-07T14:03:22.775+0000] {standard_task_runner.py:90} INFO - Running: ['***', 'tasks', 'run', 's3_postgres', 'wait_until_6pm', 'scheduled__2024-06-06T00:00:00+00:00', '--job-id', '831', '--raw', '--subdir', 'DAGS_FOLDER/pipeline.py', '--cfg-path', '/tmp/tmpxt0onuzm']
[2024-06-07T14:03:22.776+0000] {standard_task_runner.py:91} INFO - Job 831: Subtask wait_until_6pm
[2024-06-07T14:03:22.832+0000] {task_command.py:426} INFO - Running <TaskInstance: s3_postgres.wait_until_6pm scheduled__2024-06-06T00:00:00+00:00 [running]> on host 1dcaa0c0151e
[2024-06-07T14:03:22.945+0000] {taskinstance.py:2648} INFO - Exporting env vars: AIRFLOW_CTX_DAG_OWNER='***' AIRFLOW_CTX_DAG_ID='s3_postgres' AIRFLOW_CTX_TASK_ID='wait_until_6pm' AIRFLOW_CTX_EXECUTION_DATE='2024-06-06T00:00:00+00:00' AIRFLOW_CTX_TRY_NUMBER='1' AIRFLOW_CTX_DAG_RUN_ID='scheduled__2024-06-06T00:00:00+00:00'
[2024-06-07T14:03:22.948+0000] {taskinstance.py:430} INFO - ::endgroup::
[2024-06-07T14:03:22.957+0000] {time_delta.py:51} INFO - Checking if the time (2024-06-07 18:00:00+00:00) has come
[2024-06-07T14:03:22.959+0000] {taskinstance.py:441} INFO - ::group::Post task execution logs
[2024-06-07T14:03:22.989+0000] {taskinstance.py:2865} INFO - Rescheduling task, marking task as UP_FOR_RESCHEDULE
[2024-06-07T14:03:23.029+0000] {local_task_job_runner.py:240} INFO - Task exited with return code 0
[2024-06-07T14:03:23.049+0000] {taskinstance.py:3498} INFO - 0 downstream tasks scheduled from follow-on schedule check
[2024-06-07T14:03:23.052+0000] {local_task_job_runner.py:222} INFO - ::endgroup::
[2024-06-07T14:04:25.095+0000] {local_task_job_runner.py:120} INFO - ::group::Pre task execution logs
[2024-06-07T14:04:25.117+0000] {taskinstance.py:2076} INFO - Dependencies all met for dep_context=non-requeueable deps ti=<TaskInstance: s3_postgres.wait_until_6pm scheduled__2024-06-06T00:00:00+00:00 [queued]>
[2024-06-07T14:04:25.125+0000] {taskinstance.py:2076} INFO - Dependencies all met for dep_context=requeueable deps ti=<TaskInstance: s3_postgres.wait_until_6pm scheduled__2024-06-06T00:00:00+00:00 [queued]>
[2024-06-07T14:04:25.126+0000] {taskinstance.py:2306} INFO - Starting attempt 1 of 2
[2024-06-07T14:04:25.144+0000] {taskinstance.py:2330} INFO - Executing <Task(TimeDeltaSensor): wait_until_6pm> on 2024-06-06 00:00:00+00:00
[2024-06-07T14:04:25.151+0000] {warnings.py:110} WARNING - /home/***/.local/lib/python3.12/site-packages/***/task/task_runner/standard_task_runner.py:61: DeprecationWarning: This process (pid=120) is multi-threaded, use of fork() may lead to deadlocks in the child.
  pid = os.fork()

[2024-06-07T14:04:25.154+0000] {standard_task_runner.py:63} INFO - Started process 122 to run task
[2024-06-07T14:04:25.153+0000] {standard_task_runner.py:90} INFO - Running: ['***', 'tasks', 'run', 's3_postgres', 'wait_until_6pm', 'scheduled__2024-06-06T00:00:00+00:00', '--job-id', '832', '--raw', '--subdir', 'DAGS_FOLDER/pipeline.py', '--cfg-path', '/tmp/tmpwvm2826h']
[2024-06-07T14:04:25.155+0000] {standard_task_runner.py:91} INFO - Job 832: Subtask wait_until_6pm
[2024-06-07T14:04:25.205+0000] {task_command.py:426} INFO - Running <TaskInstance: s3_postgres.wait_until_6pm scheduled__2024-06-06T00:00:00+00:00 [running]> on host 1dcaa0c0151e
[2024-06-07T14:04:25.341+0000] {taskinstance.py:2648} INFO - Exporting env vars: AIRFLOW_CTX_DAG_OWNER='***' AIRFLOW_CTX_DAG_ID='s3_postgres' AIRFLOW_CTX_TASK_ID='wait_until_6pm' AIRFLOW_CTX_EXECUTION_DATE='2024-06-06T00:00:00+00:00' AIRFLOW_CTX_TRY_NUMBER='1' AIRFLOW_CTX_DAG_RUN_ID='scheduled__2024-06-06T00:00:00+00:00'
[2024-06-07T14:04:25.343+0000] {taskinstance.py:430} INFO - ::endgroup::
[2024-06-07T14:04:25.359+0000] {time_delta.py:51} INFO - Checking if the time (2024-06-07 18:00:00+00:00) has come
[2024-06-07T14:04:25.362+0000] {taskinstance.py:441} INFO - ::group::Post task execution logs
[2024-06-07T14:04:25.388+0000] {taskinstance.py:2865} INFO - Rescheduling task, marking task as UP_FOR_RESCHEDULE
[2024-06-07T14:04:25.409+0000] {local_task_job_runner.py:240} INFO - Task exited with return code 0
[2024-06-07T14:04:25.427+0000] {taskinstance.py:3498} INFO - 0 downstream tasks scheduled from follow-on schedule check
[2024-06-07T14:04:25.430+0000] {local_task_job_runner.py:222} INFO - ::endgroup::
[2024-06-07T14:05:27.934+0000] {local_task_job_runner.py:120} INFO - ::group::Pre task execution logs
[2024-06-07T14:05:27.959+0000] {taskinstance.py:2076} INFO - Dependencies all met for dep_context=non-requeueable deps ti=<TaskInstance: s3_postgres.wait_until_6pm scheduled__2024-06-06T00:00:00+00:00 [queued]>
[2024-06-07T14:05:27.968+0000] {taskinstance.py:2076} INFO - Dependencies all met for dep_context=requeueable deps ti=<TaskInstance: s3_postgres.wait_until_6pm scheduled__2024-06-06T00:00:00+00:00 [queued]>
[2024-06-07T14:05:27.969+0000] {taskinstance.py:2306} INFO - Starting attempt 1 of 2
[2024-06-07T14:05:27.986+0000] {taskinstance.py:2330} INFO - Executing <Task(TimeDeltaSensor): wait_until_6pm> on 2024-06-06 00:00:00+00:00
[2024-06-07T14:05:27.992+0000] {warnings.py:110} WARNING - /home/***/.local/lib/python3.12/site-packages/***/task/task_runner/standard_task_runner.py:61: DeprecationWarning: This process (pid=137) is multi-threaded, use of fork() may lead to deadlocks in the child.
  pid = os.fork()

[2024-06-07T14:05:27.994+0000] {standard_task_runner.py:63} INFO - Started process 139 to run task
[2024-06-07T14:05:27.994+0000] {standard_task_runner.py:90} INFO - Running: ['***', 'tasks', 'run', 's3_postgres', 'wait_until_6pm', 'scheduled__2024-06-06T00:00:00+00:00', '--job-id', '833', '--raw', '--subdir', 'DAGS_FOLDER/pipeline.py', '--cfg-path', '/tmp/tmpjb2npwtw']
[2024-06-07T14:05:27.995+0000] {standard_task_runner.py:91} INFO - Job 833: Subtask wait_until_6pm
[2024-06-07T14:05:28.101+0000] {task_command.py:426} INFO - Running <TaskInstance: s3_postgres.wait_until_6pm scheduled__2024-06-06T00:00:00+00:00 [running]> on host 1dcaa0c0151e
[2024-06-07T14:05:28.406+0000] {taskinstance.py:2648} INFO - Exporting env vars: AIRFLOW_CTX_DAG_OWNER='***' AIRFLOW_CTX_DAG_ID='s3_postgres' AIRFLOW_CTX_TASK_ID='wait_until_6pm' AIRFLOW_CTX_EXECUTION_DATE='2024-06-06T00:00:00+00:00' AIRFLOW_CTX_TRY_NUMBER='1' AIRFLOW_CTX_DAG_RUN_ID='scheduled__2024-06-06T00:00:00+00:00'
[2024-06-07T14:05:28.412+0000] {taskinstance.py:430} INFO - ::endgroup::
[2024-06-07T14:05:28.456+0000] {time_delta.py:51} INFO - Checking if the time (2024-06-07 18:00:00+00:00) has come
[2024-06-07T14:05:28.462+0000] {taskinstance.py:441} INFO - ::group::Post task execution logs
[2024-06-07T14:05:28.545+0000] {taskinstance.py:2865} INFO - Rescheduling task, marking task as UP_FOR_RESCHEDULE
[2024-06-07T14:05:28.612+0000] {local_task_job_runner.py:240} INFO - Task exited with return code 0
[2024-06-07T14:05:28.687+0000] {taskinstance.py:3498} INFO - 0 downstream tasks scheduled from follow-on schedule check
[2024-06-07T14:05:28.702+0000] {local_task_job_runner.py:222} INFO - ::endgroup::
[2024-06-07T14:06:31.297+0000] {local_task_job_runner.py:120} INFO - ::group::Pre task execution logs
[2024-06-07T14:06:31.338+0000] {taskinstance.py:2076} INFO - Dependencies all met for dep_context=non-requeueable deps ti=<TaskInstance: s3_postgres.wait_until_6pm scheduled__2024-06-06T00:00:00+00:00 [queued]>
[2024-06-07T14:06:31.380+0000] {taskinstance.py:2076} INFO - Dependencies all met for dep_context=requeueable deps ti=<TaskInstance: s3_postgres.wait_until_6pm scheduled__2024-06-06T00:00:00+00:00 [queued]>
[2024-06-07T14:06:31.383+0000] {taskinstance.py:2306} INFO - Starting attempt 1 of 2
[2024-06-07T14:06:31.438+0000] {taskinstance.py:2330} INFO - Executing <Task(TimeDeltaSensor): wait_until_6pm> on 2024-06-06 00:00:00+00:00
[2024-06-07T14:06:31.460+0000] {warnings.py:110} WARNING - /home/***/.local/lib/python3.12/site-packages/***/task/task_runner/standard_task_runner.py:61: DeprecationWarning: This process (pid=147) is multi-threaded, use of fork() may lead to deadlocks in the child.
  pid = os.fork()

[2024-06-07T14:06:31.465+0000] {standard_task_runner.py:63} INFO - Started process 156 to run task
[2024-06-07T14:06:31.472+0000] {standard_task_runner.py:90} INFO - Running: ['***', 'tasks', 'run', 's3_postgres', 'wait_until_6pm', 'scheduled__2024-06-06T00:00:00+00:00', '--job-id', '834', '--raw', '--subdir', 'DAGS_FOLDER/pipeline.py', '--cfg-path', '/tmp/tmph8q__k4z']
[2024-06-07T14:06:31.479+0000] {standard_task_runner.py:91} INFO - Job 834: Subtask wait_until_6pm
[2024-06-07T14:06:31.663+0000] {task_command.py:426} INFO - Running <TaskInstance: s3_postgres.wait_until_6pm scheduled__2024-06-06T00:00:00+00:00 [running]> on host 1dcaa0c0151e
[2024-06-07T14:06:32.122+0000] {taskinstance.py:2648} INFO - Exporting env vars: AIRFLOW_CTX_DAG_OWNER='***' AIRFLOW_CTX_DAG_ID='s3_postgres' AIRFLOW_CTX_TASK_ID='wait_until_6pm' AIRFLOW_CTX_EXECUTION_DATE='2024-06-06T00:00:00+00:00' AIRFLOW_CTX_TRY_NUMBER='1' AIRFLOW_CTX_DAG_RUN_ID='scheduled__2024-06-06T00:00:00+00:00'
[2024-06-07T14:06:32.128+0000] {taskinstance.py:430} INFO - ::endgroup::
[2024-06-07T14:06:32.146+0000] {time_delta.py:51} INFO - Checking if the time (2024-06-07 18:00:00+00:00) has come
[2024-06-07T14:06:32.150+0000] {taskinstance.py:441} INFO - ::group::Post task execution logs
[2024-06-07T14:06:32.205+0000] {taskinstance.py:2865} INFO - Rescheduling task, marking task as UP_FOR_RESCHEDULE
[2024-06-07T14:06:32.257+0000] {local_task_job_runner.py:240} INFO - Task exited with return code 0
[2024-06-07T14:06:32.293+0000] {taskinstance.py:3498} INFO - 0 downstream tasks scheduled from follow-on schedule check
[2024-06-07T14:06:32.296+0000] {local_task_job_runner.py:222} INFO - ::endgroup::
[2024-06-07T14:07:35.831+0000] {local_task_job_runner.py:120} INFO - ::group::Pre task execution logs
[2024-06-07T14:07:35.852+0000] {taskinstance.py:2076} INFO - Dependencies all met for dep_context=non-requeueable deps ti=<TaskInstance: s3_postgres.wait_until_6pm scheduled__2024-06-06T00:00:00+00:00 [queued]>
[2024-06-07T14:07:35.860+0000] {taskinstance.py:2076} INFO - Dependencies all met for dep_context=requeueable deps ti=<TaskInstance: s3_postgres.wait_until_6pm scheduled__2024-06-06T00:00:00+00:00 [queued]>
[2024-06-07T14:07:35.861+0000] {taskinstance.py:2306} INFO - Starting attempt 1 of 2
[2024-06-07T14:07:35.875+0000] {taskinstance.py:2330} INFO - Executing <Task(TimeDeltaSensor): wait_until_6pm> on 2024-06-06 00:00:00+00:00
[2024-06-07T14:07:35.881+0000] {warnings.py:110} WARNING - /home/***/.local/lib/python3.12/site-packages/***/task/task_runner/standard_task_runner.py:61: DeprecationWarning: This process (pid=164) is multi-threaded, use of fork() may lead to deadlocks in the child.
  pid = os.fork()

[2024-06-07T14:07:35.882+0000] {standard_task_runner.py:63} INFO - Started process 166 to run task
[2024-06-07T14:07:35.883+0000] {standard_task_runner.py:90} INFO - Running: ['***', 'tasks', 'run', 's3_postgres', 'wait_until_6pm', 'scheduled__2024-06-06T00:00:00+00:00', '--job-id', '835', '--raw', '--subdir', 'DAGS_FOLDER/pipeline.py', '--cfg-path', '/tmp/tmp4xjniqvy']
[2024-06-07T14:07:35.884+0000] {standard_task_runner.py:91} INFO - Job 835: Subtask wait_until_6pm
[2024-06-07T14:07:35.930+0000] {task_command.py:426} INFO - Running <TaskInstance: s3_postgres.wait_until_6pm scheduled__2024-06-06T00:00:00+00:00 [running]> on host 1dcaa0c0151e
[2024-06-07T14:07:36.020+0000] {taskinstance.py:2648} INFO - Exporting env vars: AIRFLOW_CTX_DAG_OWNER='***' AIRFLOW_CTX_DAG_ID='s3_postgres' AIRFLOW_CTX_TASK_ID='wait_until_6pm' AIRFLOW_CTX_EXECUTION_DATE='2024-06-06T00:00:00+00:00' AIRFLOW_CTX_TRY_NUMBER='1' AIRFLOW_CTX_DAG_RUN_ID='scheduled__2024-06-06T00:00:00+00:00'
[2024-06-07T14:07:36.022+0000] {taskinstance.py:430} INFO - ::endgroup::
[2024-06-07T14:07:36.030+0000] {time_delta.py:51} INFO - Checking if the time (2024-06-07 18:00:00+00:00) has come
[2024-06-07T14:07:36.032+0000] {taskinstance.py:441} INFO - ::group::Post task execution logs
[2024-06-07T14:07:36.052+0000] {taskinstance.py:2865} INFO - Rescheduling task, marking task as UP_FOR_RESCHEDULE
[2024-06-07T14:07:36.096+0000] {local_task_job_runner.py:240} INFO - Task exited with return code 0
[2024-06-07T14:07:36.114+0000] {taskinstance.py:3498} INFO - 0 downstream tasks scheduled from follow-on schedule check
[2024-06-07T14:07:36.116+0000] {local_task_job_runner.py:222} INFO - ::endgroup::
[2024-06-07T14:08:38.138+0000] {local_task_job_runner.py:120} INFO - ::group::Pre task execution logs
[2024-06-07T14:08:38.161+0000] {taskinstance.py:2076} INFO - Dependencies all met for dep_context=non-requeueable deps ti=<TaskInstance: s3_postgres.wait_until_6pm scheduled__2024-06-06T00:00:00+00:00 [queued]>
[2024-06-07T14:08:38.170+0000] {taskinstance.py:2076} INFO - Dependencies all met for dep_context=requeueable deps ti=<TaskInstance: s3_postgres.wait_until_6pm scheduled__2024-06-06T00:00:00+00:00 [queued]>
[2024-06-07T14:08:38.171+0000] {taskinstance.py:2306} INFO - Starting attempt 1 of 2
[2024-06-07T14:08:38.185+0000] {taskinstance.py:2330} INFO - Executing <Task(TimeDeltaSensor): wait_until_6pm> on 2024-06-06 00:00:00+00:00
[2024-06-07T14:08:38.192+0000] {warnings.py:110} WARNING - /home/***/.local/lib/python3.12/site-packages/***/task/task_runner/standard_task_runner.py:61: DeprecationWarning: This process (pid=181) is multi-threaded, use of fork() may lead to deadlocks in the child.
  pid = os.fork()

[2024-06-07T14:08:38.194+0000] {standard_task_runner.py:63} INFO - Started process 183 to run task
[2024-06-07T14:08:38.194+0000] {standard_task_runner.py:90} INFO - Running: ['***', 'tasks', 'run', 's3_postgres', 'wait_until_6pm', 'scheduled__2024-06-06T00:00:00+00:00', '--job-id', '836', '--raw', '--subdir', 'DAGS_FOLDER/pipeline.py', '--cfg-path', '/tmp/tmppi36plrz']
[2024-06-07T14:08:38.195+0000] {standard_task_runner.py:91} INFO - Job 836: Subtask wait_until_6pm
[2024-06-07T14:08:38.255+0000] {task_command.py:426} INFO - Running <TaskInstance: s3_postgres.wait_until_6pm scheduled__2024-06-06T00:00:00+00:00 [running]> on host 1dcaa0c0151e
[2024-06-07T14:08:38.352+0000] {taskinstance.py:2648} INFO - Exporting env vars: AIRFLOW_CTX_DAG_OWNER='***' AIRFLOW_CTX_DAG_ID='s3_postgres' AIRFLOW_CTX_TASK_ID='wait_until_6pm' AIRFLOW_CTX_EXECUTION_DATE='2024-06-06T00:00:00+00:00' AIRFLOW_CTX_TRY_NUMBER='1' AIRFLOW_CTX_DAG_RUN_ID='scheduled__2024-06-06T00:00:00+00:00'
[2024-06-07T14:08:38.354+0000] {taskinstance.py:430} INFO - ::endgroup::
[2024-06-07T14:08:38.362+0000] {time_delta.py:51} INFO - Checking if the time (2024-06-07 18:00:00+00:00) has come
[2024-06-07T14:08:38.364+0000] {taskinstance.py:441} INFO - ::group::Post task execution logs
[2024-06-07T14:08:38.384+0000] {taskinstance.py:2865} INFO - Rescheduling task, marking task as UP_FOR_RESCHEDULE
[2024-06-07T14:08:38.409+0000] {local_task_job_runner.py:240} INFO - Task exited with return code 0
[2024-06-07T14:08:38.426+0000] {taskinstance.py:3498} INFO - 0 downstream tasks scheduled from follow-on schedule check
[2024-06-07T14:08:38.429+0000] {local_task_job_runner.py:222} INFO - ::endgroup::
[2024-06-07T14:09:40.577+0000] {local_task_job_runner.py:120} INFO - ::group::Pre task execution logs
[2024-06-07T14:09:40.598+0000] {taskinstance.py:2076} INFO - Dependencies all met for dep_context=non-requeueable deps ti=<TaskInstance: s3_postgres.wait_until_6pm scheduled__2024-06-06T00:00:00+00:00 [queued]>
[2024-06-07T14:09:40.606+0000] {taskinstance.py:2076} INFO - Dependencies all met for dep_context=requeueable deps ti=<TaskInstance: s3_postgres.wait_until_6pm scheduled__2024-06-06T00:00:00+00:00 [queued]>
[2024-06-07T14:09:40.607+0000] {taskinstance.py:2306} INFO - Starting attempt 1 of 2
[2024-06-07T14:09:40.620+0000] {taskinstance.py:2330} INFO - Executing <Task(TimeDeltaSensor): wait_until_6pm> on 2024-06-06 00:00:00+00:00
[2024-06-07T14:09:40.626+0000] {warnings.py:110} WARNING - /home/***/.local/lib/python3.12/site-packages/***/task/task_runner/standard_task_runner.py:61: DeprecationWarning: This process (pid=198) is multi-threaded, use of fork() may lead to deadlocks in the child.
  pid = os.fork()

[2024-06-07T14:09:40.627+0000] {standard_task_runner.py:63} INFO - Started process 200 to run task
[2024-06-07T14:09:40.628+0000] {standard_task_runner.py:90} INFO - Running: ['***', 'tasks', 'run', 's3_postgres', 'wait_until_6pm', 'scheduled__2024-06-06T00:00:00+00:00', '--job-id', '837', '--raw', '--subdir', 'DAGS_FOLDER/pipeline.py', '--cfg-path', '/tmp/tmpyxmgkfss']
[2024-06-07T14:09:40.629+0000] {standard_task_runner.py:91} INFO - Job 837: Subtask wait_until_6pm
[2024-06-07T14:09:40.674+0000] {task_command.py:426} INFO - Running <TaskInstance: s3_postgres.wait_until_6pm scheduled__2024-06-06T00:00:00+00:00 [running]> on host 1dcaa0c0151e
[2024-06-07T14:09:40.760+0000] {taskinstance.py:2648} INFO - Exporting env vars: AIRFLOW_CTX_DAG_OWNER='***' AIRFLOW_CTX_DAG_ID='s3_postgres' AIRFLOW_CTX_TASK_ID='wait_until_6pm' AIRFLOW_CTX_EXECUTION_DATE='2024-06-06T00:00:00+00:00' AIRFLOW_CTX_TRY_NUMBER='1' AIRFLOW_CTX_DAG_RUN_ID='scheduled__2024-06-06T00:00:00+00:00'
[2024-06-07T14:09:40.762+0000] {taskinstance.py:430} INFO - ::endgroup::
[2024-06-07T14:09:40.770+0000] {time_delta.py:51} INFO - Checking if the time (2024-06-07 18:00:00+00:00) has come
[2024-06-07T14:09:40.771+0000] {taskinstance.py:441} INFO - ::group::Post task execution logs
[2024-06-07T14:09:40.790+0000] {taskinstance.py:2865} INFO - Rescheduling task, marking task as UP_FOR_RESCHEDULE
[2024-06-07T14:09:40.802+0000] {local_task_job_runner.py:240} INFO - Task exited with return code 0
[2024-06-07T14:09:40.818+0000] {taskinstance.py:3498} INFO - 0 downstream tasks scheduled from follow-on schedule check
[2024-06-07T14:09:40.821+0000] {local_task_job_runner.py:222} INFO - ::endgroup::
[2024-06-07T14:10:43.020+0000] {local_task_job_runner.py:120} INFO - ::group::Pre task execution logs
[2024-06-07T14:10:43.044+0000] {taskinstance.py:2076} INFO - Dependencies all met for dep_context=non-requeueable deps ti=<TaskInstance: s3_postgres.wait_until_6pm scheduled__2024-06-06T00:00:00+00:00 [queued]>
[2024-06-07T14:10:43.055+0000] {taskinstance.py:2076} INFO - Dependencies all met for dep_context=requeueable deps ti=<TaskInstance: s3_postgres.wait_until_6pm scheduled__2024-06-06T00:00:00+00:00 [queued]>
[2024-06-07T14:10:43.055+0000] {taskinstance.py:2306} INFO - Starting attempt 1 of 2
[2024-06-07T14:10:43.072+0000] {taskinstance.py:2330} INFO - Executing <Task(TimeDeltaSensor): wait_until_6pm> on 2024-06-06 00:00:00+00:00
[2024-06-07T14:10:43.080+0000] {warnings.py:110} WARNING - /home/***/.local/lib/python3.12/site-packages/***/task/task_runner/standard_task_runner.py:61: DeprecationWarning: This process (pid=215) is multi-threaded, use of fork() may lead to deadlocks in the child.
  pid = os.fork()

[2024-06-07T14:10:43.082+0000] {standard_task_runner.py:63} INFO - Started process 217 to run task
[2024-06-07T14:10:43.082+0000] {standard_task_runner.py:90} INFO - Running: ['***', 'tasks', 'run', 's3_postgres', 'wait_until_6pm', 'scheduled__2024-06-06T00:00:00+00:00', '--job-id', '838', '--raw', '--subdir', 'DAGS_FOLDER/pipeline.py', '--cfg-path', '/tmp/tmpxmhvytcp']
[2024-06-07T14:10:43.084+0000] {standard_task_runner.py:91} INFO - Job 838: Subtask wait_until_6pm
[2024-06-07T14:10:43.140+0000] {task_command.py:426} INFO - Running <TaskInstance: s3_postgres.wait_until_6pm scheduled__2024-06-06T00:00:00+00:00 [running]> on host 1dcaa0c0151e
[2024-06-07T14:10:43.245+0000] {taskinstance.py:2648} INFO - Exporting env vars: AIRFLOW_CTX_DAG_OWNER='***' AIRFLOW_CTX_DAG_ID='s3_postgres' AIRFLOW_CTX_TASK_ID='wait_until_6pm' AIRFLOW_CTX_EXECUTION_DATE='2024-06-06T00:00:00+00:00' AIRFLOW_CTX_TRY_NUMBER='1' AIRFLOW_CTX_DAG_RUN_ID='scheduled__2024-06-06T00:00:00+00:00'
[2024-06-07T14:10:43.249+0000] {taskinstance.py:430} INFO - ::endgroup::
[2024-06-07T14:10:43.258+0000] {time_delta.py:51} INFO - Checking if the time (2024-06-07 18:00:00+00:00) has come
[2024-06-07T14:10:43.261+0000] {taskinstance.py:441} INFO - ::group::Post task execution logs
[2024-06-07T14:10:43.282+0000] {taskinstance.py:2865} INFO - Rescheduling task, marking task as UP_FOR_RESCHEDULE
[2024-06-07T14:10:43.297+0000] {local_task_job_runner.py:240} INFO - Task exited with return code 0
[2024-06-07T14:10:43.328+0000] {taskinstance.py:3498} INFO - 0 downstream tasks scheduled from follow-on schedule check
[2024-06-07T14:10:43.330+0000] {local_task_job_runner.py:222} INFO - ::endgroup::
[2024-06-07T14:11:45.529+0000] {local_task_job_runner.py:120} INFO - ::group::Pre task execution logs
[2024-06-07T14:11:45.554+0000] {taskinstance.py:2076} INFO - Dependencies all met for dep_context=non-requeueable deps ti=<TaskInstance: s3_postgres.wait_until_6pm scheduled__2024-06-06T00:00:00+00:00 [queued]>
[2024-06-07T14:11:45.566+0000] {taskinstance.py:2076} INFO - Dependencies all met for dep_context=requeueable deps ti=<TaskInstance: s3_postgres.wait_until_6pm scheduled__2024-06-06T00:00:00+00:00 [queued]>
[2024-06-07T14:11:45.567+0000] {taskinstance.py:2306} INFO - Starting attempt 1 of 2
[2024-06-07T14:11:45.583+0000] {taskinstance.py:2330} INFO - Executing <Task(TimeDeltaSensor): wait_until_6pm> on 2024-06-06 00:00:00+00:00
[2024-06-07T14:11:45.591+0000] {warnings.py:110} WARNING - /home/***/.local/lib/python3.12/site-packages/***/task/task_runner/standard_task_runner.py:61: DeprecationWarning: This process (pid=243) is multi-threaded, use of fork() may lead to deadlocks in the child.
  pid = os.fork()

[2024-06-07T14:11:45.594+0000] {standard_task_runner.py:63} INFO - Started process 245 to run task
[2024-06-07T14:11:45.595+0000] {standard_task_runner.py:90} INFO - Running: ['***', 'tasks', 'run', 's3_postgres', 'wait_until_6pm', 'scheduled__2024-06-06T00:00:00+00:00', '--job-id', '842', '--raw', '--subdir', 'DAGS_FOLDER/pipeline.py', '--cfg-path', '/tmp/tmpohuv8r5z']
[2024-06-07T14:11:45.598+0000] {standard_task_runner.py:91} INFO - Job 842: Subtask wait_until_6pm
[2024-06-07T14:11:45.667+0000] {task_command.py:426} INFO - Running <TaskInstance: s3_postgres.wait_until_6pm scheduled__2024-06-06T00:00:00+00:00 [running]> on host 1dcaa0c0151e
[2024-06-07T14:11:45.783+0000] {taskinstance.py:2648} INFO - Exporting env vars: AIRFLOW_CTX_DAG_OWNER='***' AIRFLOW_CTX_DAG_ID='s3_postgres' AIRFLOW_CTX_TASK_ID='wait_until_6pm' AIRFLOW_CTX_EXECUTION_DATE='2024-06-06T00:00:00+00:00' AIRFLOW_CTX_TRY_NUMBER='1' AIRFLOW_CTX_DAG_RUN_ID='scheduled__2024-06-06T00:00:00+00:00'
[2024-06-07T14:11:45.784+0000] {taskinstance.py:430} INFO - ::endgroup::
[2024-06-07T14:11:45.794+0000] {time_delta.py:51} INFO - Checking if the time (2024-06-07 18:00:00+00:00) has come
[2024-06-07T14:11:45.796+0000] {taskinstance.py:441} INFO - ::group::Post task execution logs
[2024-06-07T14:11:45.823+0000] {taskinstance.py:2865} INFO - Rescheduling task, marking task as UP_FOR_RESCHEDULE
[2024-06-07T14:11:45.851+0000] {local_task_job_runner.py:240} INFO - Task exited with return code 0
[2024-06-07T14:11:45.886+0000] {taskinstance.py:3498} INFO - 0 downstream tasks scheduled from follow-on schedule check
[2024-06-07T14:11:45.889+0000] {local_task_job_runner.py:222} INFO - ::endgroup::
[2024-06-07T14:12:48.881+0000] {local_task_job_runner.py:120} INFO - ::group::Pre task execution logs
[2024-06-07T14:12:48.915+0000] {taskinstance.py:2076} INFO - Dependencies all met for dep_context=non-requeueable deps ti=<TaskInstance: s3_postgres.wait_until_6pm scheduled__2024-06-06T00:00:00+00:00 [queued]>
[2024-06-07T14:12:48.926+0000] {taskinstance.py:2076} INFO - Dependencies all met for dep_context=requeueable deps ti=<TaskInstance: s3_postgres.wait_until_6pm scheduled__2024-06-06T00:00:00+00:00 [queued]>
[2024-06-07T14:12:48.927+0000] {taskinstance.py:2306} INFO - Starting attempt 1 of 2
[2024-06-07T14:12:48.943+0000] {taskinstance.py:2330} INFO - Executing <Task(TimeDeltaSensor): wait_until_6pm> on 2024-06-06 00:00:00+00:00
[2024-06-07T14:12:48.954+0000] {warnings.py:110} WARNING - /home/***/.local/lib/python3.12/site-packages/***/task/task_runner/standard_task_runner.py:61: DeprecationWarning: This process (pid=253) is multi-threaded, use of fork() may lead to deadlocks in the child.
  pid = os.fork()

[2024-06-07T14:12:48.959+0000] {standard_task_runner.py:63} INFO - Started process 262 to run task
[2024-06-07T14:12:48.960+0000] {standard_task_runner.py:90} INFO - Running: ['***', 'tasks', 'run', 's3_postgres', 'wait_until_6pm', 'scheduled__2024-06-06T00:00:00+00:00', '--job-id', '843', '--raw', '--subdir', 'DAGS_FOLDER/pipeline.py', '--cfg-path', '/tmp/tmph3q4vl55']
[2024-06-07T14:12:48.962+0000] {standard_task_runner.py:91} INFO - Job 843: Subtask wait_until_6pm
[2024-06-07T14:12:49.034+0000] {task_command.py:426} INFO - Running <TaskInstance: s3_postgres.wait_until_6pm scheduled__2024-06-06T00:00:00+00:00 [running]> on host 1dcaa0c0151e
[2024-06-07T14:12:49.199+0000] {taskinstance.py:2648} INFO - Exporting env vars: AIRFLOW_CTX_DAG_OWNER='***' AIRFLOW_CTX_DAG_ID='s3_postgres' AIRFLOW_CTX_TASK_ID='wait_until_6pm' AIRFLOW_CTX_EXECUTION_DATE='2024-06-06T00:00:00+00:00' AIRFLOW_CTX_TRY_NUMBER='1' AIRFLOW_CTX_DAG_RUN_ID='scheduled__2024-06-06T00:00:00+00:00'
[2024-06-07T14:12:49.201+0000] {taskinstance.py:430} INFO - ::endgroup::
[2024-06-07T14:12:49.211+0000] {time_delta.py:51} INFO - Checking if the time (2024-06-07 18:00:00+00:00) has come
[2024-06-07T14:12:49.214+0000] {taskinstance.py:441} INFO - ::group::Post task execution logs
[2024-06-07T14:12:49.246+0000] {taskinstance.py:2865} INFO - Rescheduling task, marking task as UP_FOR_RESCHEDULE
[2024-06-07T14:12:49.296+0000] {local_task_job_runner.py:240} INFO - Task exited with return code 0
[2024-06-07T14:12:49.337+0000] {taskinstance.py:3498} INFO - 0 downstream tasks scheduled from follow-on schedule check
[2024-06-07T14:12:49.340+0000] {local_task_job_runner.py:222} INFO - ::endgroup::
[2024-06-07T14:13:51.597+0000] {local_task_job_runner.py:120} INFO - ::group::Pre task execution logs
[2024-06-07T14:13:51.618+0000] {taskinstance.py:2076} INFO - Dependencies all met for dep_context=non-requeueable deps ti=<TaskInstance: s3_postgres.wait_until_6pm scheduled__2024-06-06T00:00:00+00:00 [queued]>
[2024-06-07T14:13:51.627+0000] {taskinstance.py:2076} INFO - Dependencies all met for dep_context=requeueable deps ti=<TaskInstance: s3_postgres.wait_until_6pm scheduled__2024-06-06T00:00:00+00:00 [queued]>
[2024-06-07T14:13:51.628+0000] {taskinstance.py:2306} INFO - Starting attempt 1 of 2
[2024-06-07T14:13:51.642+0000] {taskinstance.py:2330} INFO - Executing <Task(TimeDeltaSensor): wait_until_6pm> on 2024-06-06 00:00:00+00:00
[2024-06-07T14:13:51.651+0000] {standard_task_runner.py:90} INFO - Running: ['***', 'tasks', 'run', 's3_postgres', 'wait_until_6pm', 'scheduled__2024-06-06T00:00:00+00:00', '--job-id', '844', '--raw', '--subdir', 'DAGS_FOLDER/pipeline.py', '--cfg-path', '/tmp/tmp7mmzxxir']
[2024-06-07T14:13:51.649+0000] {warnings.py:110} WARNING - /home/***/.local/lib/python3.12/site-packages/***/task/task_runner/standard_task_runner.py:61: DeprecationWarning: This process (pid=270) is multi-threaded, use of fork() may lead to deadlocks in the child.
  pid = os.fork()

[2024-06-07T14:13:51.653+0000] {standard_task_runner.py:91} INFO - Job 844: Subtask wait_until_6pm
[2024-06-07T14:13:51.654+0000] {standard_task_runner.py:63} INFO - Started process 272 to run task
[2024-06-07T14:13:51.706+0000] {task_command.py:426} INFO - Running <TaskInstance: s3_postgres.wait_until_6pm scheduled__2024-06-06T00:00:00+00:00 [running]> on host 1dcaa0c0151e
[2024-06-07T14:13:51.809+0000] {taskinstance.py:2648} INFO - Exporting env vars: AIRFLOW_CTX_DAG_OWNER='***' AIRFLOW_CTX_DAG_ID='s3_postgres' AIRFLOW_CTX_TASK_ID='wait_until_6pm' AIRFLOW_CTX_EXECUTION_DATE='2024-06-06T00:00:00+00:00' AIRFLOW_CTX_TRY_NUMBER='1' AIRFLOW_CTX_DAG_RUN_ID='scheduled__2024-06-06T00:00:00+00:00'
[2024-06-07T14:13:51.812+0000] {taskinstance.py:430} INFO - ::endgroup::
[2024-06-07T14:13:51.821+0000] {time_delta.py:51} INFO - Checking if the time (2024-06-07 18:00:00+00:00) has come
[2024-06-07T14:13:51.825+0000] {taskinstance.py:441} INFO - ::group::Post task execution logs
[2024-06-07T14:13:51.846+0000] {taskinstance.py:2865} INFO - Rescheduling task, marking task as UP_FOR_RESCHEDULE
[2024-06-07T14:13:51.869+0000] {local_task_job_runner.py:240} INFO - Task exited with return code 0
[2024-06-07T14:13:51.895+0000] {taskinstance.py:3498} INFO - 0 downstream tasks scheduled from follow-on schedule check
[2024-06-07T14:13:51.897+0000] {local_task_job_runner.py:222} INFO - ::endgroup::
[2024-06-07T14:14:53.244+0000] {local_task_job_runner.py:120} INFO - ::group::Pre task execution logs
[2024-06-07T14:14:53.273+0000] {taskinstance.py:2076} INFO - Dependencies all met for dep_context=non-requeueable deps ti=<TaskInstance: s3_postgres.wait_until_6pm scheduled__2024-06-06T00:00:00+00:00 [queued]>
[2024-06-07T14:14:53.284+0000] {taskinstance.py:2076} INFO - Dependencies all met for dep_context=requeueable deps ti=<TaskInstance: s3_postgres.wait_until_6pm scheduled__2024-06-06T00:00:00+00:00 [queued]>
[2024-06-07T14:14:53.285+0000] {taskinstance.py:2306} INFO - Starting attempt 1 of 2
[2024-06-07T14:14:53.301+0000] {taskinstance.py:2330} INFO - Executing <Task(TimeDeltaSensor): wait_until_6pm> on 2024-06-06 00:00:00+00:00
[2024-06-07T14:14:53.310+0000] {warnings.py:110} WARNING - /home/***/.local/lib/python3.12/site-packages/***/task/task_runner/standard_task_runner.py:61: DeprecationWarning: This process (pid=287) is multi-threaded, use of fork() may lead to deadlocks in the child.
  pid = os.fork()

[2024-06-07T14:14:53.312+0000] {standard_task_runner.py:63} INFO - Started process 289 to run task
[2024-06-07T14:14:53.312+0000] {standard_task_runner.py:90} INFO - Running: ['***', 'tasks', 'run', 's3_postgres', 'wait_until_6pm', 'scheduled__2024-06-06T00:00:00+00:00', '--job-id', '845', '--raw', '--subdir', 'DAGS_FOLDER/pipeline.py', '--cfg-path', '/tmp/tmpq0sjjiea']
[2024-06-07T14:14:53.313+0000] {standard_task_runner.py:91} INFO - Job 845: Subtask wait_until_6pm
[2024-06-07T14:14:53.378+0000] {task_command.py:426} INFO - Running <TaskInstance: s3_postgres.wait_until_6pm scheduled__2024-06-06T00:00:00+00:00 [running]> on host 1dcaa0c0151e
[2024-06-07T14:14:53.469+0000] {taskinstance.py:2648} INFO - Exporting env vars: AIRFLOW_CTX_DAG_OWNER='***' AIRFLOW_CTX_DAG_ID='s3_postgres' AIRFLOW_CTX_TASK_ID='wait_until_6pm' AIRFLOW_CTX_EXECUTION_DATE='2024-06-06T00:00:00+00:00' AIRFLOW_CTX_TRY_NUMBER='1' AIRFLOW_CTX_DAG_RUN_ID='scheduled__2024-06-06T00:00:00+00:00'
[2024-06-07T14:14:53.470+0000] {taskinstance.py:430} INFO - ::endgroup::
[2024-06-07T14:14:53.479+0000] {time_delta.py:51} INFO - Checking if the time (2024-06-07 18:00:00+00:00) has come
[2024-06-07T14:14:53.481+0000] {taskinstance.py:441} INFO - ::group::Post task execution logs
[2024-06-07T14:14:53.500+0000] {taskinstance.py:2865} INFO - Rescheduling task, marking task as UP_FOR_RESCHEDULE
[2024-06-07T14:14:53.526+0000] {local_task_job_runner.py:240} INFO - Task exited with return code 0
[2024-06-07T14:14:53.553+0000] {taskinstance.py:3498} INFO - 0 downstream tasks scheduled from follow-on schedule check
[2024-06-07T14:14:53.556+0000] {local_task_job_runner.py:222} INFO - ::endgroup::
[2024-06-07T14:15:55.282+0000] {local_task_job_runner.py:120} INFO - ::group::Pre task execution logs
[2024-06-07T14:15:55.302+0000] {taskinstance.py:2076} INFO - Dependencies all met for dep_context=non-requeueable deps ti=<TaskInstance: s3_postgres.wait_until_6pm scheduled__2024-06-06T00:00:00+00:00 [queued]>
[2024-06-07T14:15:55.311+0000] {taskinstance.py:2076} INFO - Dependencies all met for dep_context=requeueable deps ti=<TaskInstance: s3_postgres.wait_until_6pm scheduled__2024-06-06T00:00:00+00:00 [queued]>
[2024-06-07T14:15:55.311+0000] {taskinstance.py:2306} INFO - Starting attempt 1 of 2
[2024-06-07T14:15:55.326+0000] {taskinstance.py:2330} INFO - Executing <Task(TimeDeltaSensor): wait_until_6pm> on 2024-06-06 00:00:00+00:00
[2024-06-07T14:15:55.332+0000] {warnings.py:110} WARNING - /home/***/.local/lib/python3.12/site-packages/***/task/task_runner/standard_task_runner.py:61: DeprecationWarning: This process (pid=305) is multi-threaded, use of fork() may lead to deadlocks in the child.
  pid = os.fork()

[2024-06-07T14:15:55.333+0000] {standard_task_runner.py:63} INFO - Started process 307 to run task
[2024-06-07T14:15:55.334+0000] {standard_task_runner.py:90} INFO - Running: ['***', 'tasks', 'run', 's3_postgres', 'wait_until_6pm', 'scheduled__2024-06-06T00:00:00+00:00', '--job-id', '846', '--raw', '--subdir', 'DAGS_FOLDER/pipeline.py', '--cfg-path', '/tmp/tmpy62jko8_']
[2024-06-07T14:15:55.335+0000] {standard_task_runner.py:91} INFO - Job 846: Subtask wait_until_6pm
[2024-06-07T14:15:55.389+0000] {task_command.py:426} INFO - Running <TaskInstance: s3_postgres.wait_until_6pm scheduled__2024-06-06T00:00:00+00:00 [running]> on host 1dcaa0c0151e
[2024-06-07T14:15:55.477+0000] {taskinstance.py:2648} INFO - Exporting env vars: AIRFLOW_CTX_DAG_OWNER='***' AIRFLOW_CTX_DAG_ID='s3_postgres' AIRFLOW_CTX_TASK_ID='wait_until_6pm' AIRFLOW_CTX_EXECUTION_DATE='2024-06-06T00:00:00+00:00' AIRFLOW_CTX_TRY_NUMBER='1' AIRFLOW_CTX_DAG_RUN_ID='scheduled__2024-06-06T00:00:00+00:00'
[2024-06-07T14:15:55.478+0000] {taskinstance.py:430} INFO - ::endgroup::
[2024-06-07T14:15:55.488+0000] {time_delta.py:51} INFO - Checking if the time (2024-06-07 18:00:00+00:00) has come
[2024-06-07T14:15:55.490+0000] {taskinstance.py:441} INFO - ::group::Post task execution logs
[2024-06-07T14:15:55.509+0000] {taskinstance.py:2865} INFO - Rescheduling task, marking task as UP_FOR_RESCHEDULE
[2024-06-07T14:15:55.548+0000] {local_task_job_runner.py:240} INFO - Task exited with return code 0
[2024-06-07T14:15:55.579+0000] {taskinstance.py:3498} INFO - 0 downstream tasks scheduled from follow-on schedule check
[2024-06-07T14:15:55.581+0000] {local_task_job_runner.py:222} INFO - ::endgroup::
[2024-06-07T14:16:58.046+0000] {local_task_job_runner.py:120} INFO - ::group::Pre task execution logs
[2024-06-07T14:16:58.083+0000] {taskinstance.py:2076} INFO - Dependencies all met for dep_context=non-requeueable deps ti=<TaskInstance: s3_postgres.wait_until_6pm scheduled__2024-06-06T00:00:00+00:00 [queued]>
[2024-06-07T14:16:58.096+0000] {taskinstance.py:2076} INFO - Dependencies all met for dep_context=requeueable deps ti=<TaskInstance: s3_postgres.wait_until_6pm scheduled__2024-06-06T00:00:00+00:00 [queued]>
[2024-06-07T14:16:58.096+0000] {taskinstance.py:2306} INFO - Starting attempt 1 of 2
[2024-06-07T14:16:58.120+0000] {taskinstance.py:2330} INFO - Executing <Task(TimeDeltaSensor): wait_until_6pm> on 2024-06-06 00:00:00+00:00
[2024-06-07T14:16:58.130+0000] {warnings.py:110} WARNING - /home/***/.local/lib/python3.12/site-packages/***/task/task_runner/standard_task_runner.py:61: DeprecationWarning: This process (pid=322) is multi-threaded, use of fork() may lead to deadlocks in the child.
  pid = os.fork()

[2024-06-07T14:16:58.132+0000] {standard_task_runner.py:63} INFO - Started process 324 to run task
[2024-06-07T14:16:58.132+0000] {standard_task_runner.py:90} INFO - Running: ['***', 'tasks', 'run', 's3_postgres', 'wait_until_6pm', 'scheduled__2024-06-06T00:00:00+00:00', '--job-id', '847', '--raw', '--subdir', 'DAGS_FOLDER/pipeline.py', '--cfg-path', '/tmp/tmple48cic0']
[2024-06-07T14:16:58.134+0000] {standard_task_runner.py:91} INFO - Job 847: Subtask wait_until_6pm
[2024-06-07T14:16:58.214+0000] {task_command.py:426} INFO - Running <TaskInstance: s3_postgres.wait_until_6pm scheduled__2024-06-06T00:00:00+00:00 [running]> on host 1dcaa0c0151e
[2024-06-07T14:16:58.339+0000] {taskinstance.py:2648} INFO - Exporting env vars: AIRFLOW_CTX_DAG_OWNER='***' AIRFLOW_CTX_DAG_ID='s3_postgres' AIRFLOW_CTX_TASK_ID='wait_until_6pm' AIRFLOW_CTX_EXECUTION_DATE='2024-06-06T00:00:00+00:00' AIRFLOW_CTX_TRY_NUMBER='1' AIRFLOW_CTX_DAG_RUN_ID='scheduled__2024-06-06T00:00:00+00:00'
[2024-06-07T14:16:58.340+0000] {taskinstance.py:430} INFO - ::endgroup::
[2024-06-07T14:16:58.351+0000] {time_delta.py:51} INFO - Checking if the time (2024-06-07 18:00:00+00:00) has come
[2024-06-07T14:16:58.354+0000] {taskinstance.py:441} INFO - ::group::Post task execution logs
[2024-06-07T14:16:58.377+0000] {taskinstance.py:2865} INFO - Rescheduling task, marking task as UP_FOR_RESCHEDULE
[2024-06-07T14:16:58.388+0000] {local_task_job_runner.py:240} INFO - Task exited with return code 0
[2024-06-07T14:16:58.414+0000] {taskinstance.py:3498} INFO - 0 downstream tasks scheduled from follow-on schedule check
[2024-06-07T14:16:58.416+0000] {local_task_job_runner.py:222} INFO - ::endgroup::
[2024-06-07T14:18:00.002+0000] {local_task_job_runner.py:120} INFO - ::group::Pre task execution logs
[2024-06-07T14:18:00.026+0000] {taskinstance.py:2076} INFO - Dependencies all met for dep_context=non-requeueable deps ti=<TaskInstance: s3_postgres.wait_until_6pm scheduled__2024-06-06T00:00:00+00:00 [queued]>
[2024-06-07T14:18:00.033+0000] {taskinstance.py:2076} INFO - Dependencies all met for dep_context=requeueable deps ti=<TaskInstance: s3_postgres.wait_until_6pm scheduled__2024-06-06T00:00:00+00:00 [queued]>
[2024-06-07T14:18:00.034+0000] {taskinstance.py:2306} INFO - Starting attempt 1 of 2
[2024-06-07T14:18:00.046+0000] {taskinstance.py:2330} INFO - Executing <Task(TimeDeltaSensor): wait_until_6pm> on 2024-06-06 00:00:00+00:00
[2024-06-07T14:18:00.054+0000] {warnings.py:110} WARNING - /home/***/.local/lib/python3.12/site-packages/***/task/task_runner/standard_task_runner.py:61: DeprecationWarning: This process (pid=339) is multi-threaded, use of fork() may lead to deadlocks in the child.
  pid = os.fork()

[2024-06-07T14:18:00.056+0000] {standard_task_runner.py:63} INFO - Started process 341 to run task
[2024-06-07T14:18:00.056+0000] {standard_task_runner.py:90} INFO - Running: ['***', 'tasks', 'run', 's3_postgres', 'wait_until_6pm', 'scheduled__2024-06-06T00:00:00+00:00', '--job-id', '848', '--raw', '--subdir', 'DAGS_FOLDER/pipeline.py', '--cfg-path', '/tmp/tmpa8pjukns']
[2024-06-07T14:18:00.058+0000] {standard_task_runner.py:91} INFO - Job 848: Subtask wait_until_6pm
[2024-06-07T14:18:00.105+0000] {task_command.py:426} INFO - Running <TaskInstance: s3_postgres.wait_until_6pm scheduled__2024-06-06T00:00:00+00:00 [running]> on host 1dcaa0c0151e
[2024-06-07T14:18:00.202+0000] {taskinstance.py:2648} INFO - Exporting env vars: AIRFLOW_CTX_DAG_OWNER='***' AIRFLOW_CTX_DAG_ID='s3_postgres' AIRFLOW_CTX_TASK_ID='wait_until_6pm' AIRFLOW_CTX_EXECUTION_DATE='2024-06-06T00:00:00+00:00' AIRFLOW_CTX_TRY_NUMBER='1' AIRFLOW_CTX_DAG_RUN_ID='scheduled__2024-06-06T00:00:00+00:00'
[2024-06-07T14:18:00.203+0000] {taskinstance.py:430} INFO - ::endgroup::
[2024-06-07T14:18:00.214+0000] {time_delta.py:51} INFO - Checking if the time (2024-06-07 18:00:00+00:00) has come
[2024-06-07T14:18:00.216+0000] {taskinstance.py:441} INFO - ::group::Post task execution logs
[2024-06-07T14:18:00.243+0000] {taskinstance.py:2865} INFO - Rescheduling task, marking task as UP_FOR_RESCHEDULE
[2024-06-07T14:18:00.271+0000] {local_task_job_runner.py:240} INFO - Task exited with return code 0
[2024-06-07T14:18:00.317+0000] {taskinstance.py:3498} INFO - 0 downstream tasks scheduled from follow-on schedule check
[2024-06-07T14:18:00.319+0000] {local_task_job_runner.py:222} INFO - ::endgroup::
[2024-06-08T14:19:36.537+0000] {local_task_job_runner.py:120} INFO - ::group::Pre task execution logs
[2024-06-08T14:19:36.657+0000] {taskinstance.py:2076} INFO - Dependencies all met for dep_context=non-requeueable deps ti=<TaskInstance: s3_postgres.wait_until_6pm scheduled__2024-06-06T00:00:00+00:00 [queued]>
[2024-06-08T14:19:36.704+0000] {taskinstance.py:2076} INFO - Dependencies all met for dep_context=requeueable deps ti=<TaskInstance: s3_postgres.wait_until_6pm scheduled__2024-06-06T00:00:00+00:00 [queued]>
[2024-06-08T14:19:36.705+0000] {taskinstance.py:2306} INFO - Starting attempt 1 of 2
[2024-06-08T14:19:37.456+0000] {taskinstance.py:2330} INFO - Executing <Task(TimeDeltaSensor): wait_until_6pm> on 2024-06-06 00:00:00+00:00
[2024-06-08T14:19:37.476+0000] {warnings.py:110} WARNING - /home/***/.local/lib/python3.12/site-packages/***/task/task_runner/standard_task_runner.py:61: DeprecationWarning: This process (pid=58) is multi-threaded, use of fork() may lead to deadlocks in the child.
  pid = os.fork()

[2024-06-08T14:19:37.489+0000] {standard_task_runner.py:63} INFO - Started process 63 to run task
[2024-06-08T14:19:37.517+0000] {standard_task_runner.py:90} INFO - Running: ['***', 'tasks', 'run', 's3_postgres', 'wait_until_6pm', 'scheduled__2024-06-06T00:00:00+00:00', '--job-id', '852', '--raw', '--subdir', 'DAGS_FOLDER/pipeline.py', '--cfg-path', '/tmp/tmprlg_amiw']
[2024-06-08T14:19:37.519+0000] {standard_task_runner.py:91} INFO - Job 852: Subtask wait_until_6pm
[2024-06-08T14:19:37.832+0000] {task_command.py:426} INFO - Running <TaskInstance: s3_postgres.wait_until_6pm scheduled__2024-06-06T00:00:00+00:00 [running]> on host 728c6b2dbd3f
[2024-06-08T14:19:38.129+0000] {taskinstance.py:2648} INFO - Exporting env vars: AIRFLOW_CTX_DAG_OWNER='***' AIRFLOW_CTX_DAG_ID='s3_postgres' AIRFLOW_CTX_TASK_ID='wait_until_6pm' AIRFLOW_CTX_EXECUTION_DATE='2024-06-06T00:00:00+00:00' AIRFLOW_CTX_TRY_NUMBER='1' AIRFLOW_CTX_DAG_RUN_ID='scheduled__2024-06-06T00:00:00+00:00'
[2024-06-08T14:19:38.136+0000] {taskinstance.py:430} INFO - ::endgroup::
[2024-06-08T14:19:38.166+0000] {time_delta.py:51} INFO - Checking if the time (2024-06-07 18:00:00+00:00) has come
[2024-06-08T14:19:38.181+0000] {base.py:294} INFO - Success criteria met. Exiting.
[2024-06-08T14:19:38.182+0000] {taskinstance.py:441} INFO - ::group::Post task execution logs
[2024-06-08T14:19:38.217+0000] {taskinstance.py:1206} INFO - Marking task as SUCCESS. dag_id=s3_postgres, task_id=wait_until_6pm, run_id=scheduled__2024-06-06T00:00:00+00:00, execution_date=20240606T000000, start_date=20240608T141936, end_date=20240608T141938
[2024-06-08T14:19:38.283+0000] {local_task_job_runner.py:240} INFO - Task exited with return code 0
[2024-06-08T14:19:38.376+0000] {taskinstance.py:3498} INFO - 0 downstream tasks scheduled from follow-on schedule check
[2024-06-08T14:19:38.386+0000] {local_task_job_runner.py:222} INFO - ::endgroup::
