[2024-06-07T14:11:13.602+0000] {local_task_job_runner.py:120} INFO - ::group::Pre task execution logs
[2024-06-07T14:11:13.626+0000] {taskinstance.py:2076} INFO - Dependencies all met for dep_context=non-requeueable deps ti=<TaskInstance: s3_postgres.wait_until_6pm scheduled__2024-06-05T00:00:00+00:00 [queued]>
[2024-06-07T14:11:13.634+0000] {taskinstance.py:2076} INFO - Dependencies all met for dep_context=requeueable deps ti=<TaskInstance: s3_postgres.wait_until_6pm scheduled__2024-06-05T00:00:00+00:00 [queued]>
[2024-06-07T14:11:13.635+0000] {taskinstance.py:2306} INFO - Starting attempt 2 of 3
[2024-06-07T14:11:13.651+0000] {taskinstance.py:2330} INFO - Executing <Task(TimeDeltaSensor): wait_until_6pm> on 2024-06-05 00:00:00+00:00
[2024-06-07T14:11:13.658+0000] {warnings.py:110} WARNING - /home/***/.local/lib/python3.12/site-packages/***/task/task_runner/standard_task_runner.py:61: DeprecationWarning: This process (pid=230) is multi-threaded, use of fork() may lead to deadlocks in the child.
  pid = os.fork()

[2024-06-07T14:11:13.659+0000] {standard_task_runner.py:63} INFO - Started process 232 to run task
[2024-06-07T14:11:13.659+0000] {standard_task_runner.py:90} INFO - Running: ['***', 'tasks', 'run', 's3_postgres', 'wait_until_6pm', 'scheduled__2024-06-05T00:00:00+00:00', '--job-id', '840', '--raw', '--subdir', 'DAGS_FOLDER/pipeline.py', '--cfg-path', '/tmp/tmp_nx82tty']
[2024-06-07T14:11:13.660+0000] {standard_task_runner.py:91} INFO - Job 840: Subtask wait_until_6pm
[2024-06-07T14:11:13.708+0000] {task_command.py:426} INFO - Running <TaskInstance: s3_postgres.wait_until_6pm scheduled__2024-06-05T00:00:00+00:00 [running]> on host 1dcaa0c0151e
[2024-06-07T14:11:13.799+0000] {taskinstance.py:2648} INFO - Exporting env vars: AIRFLOW_CTX_DAG_OWNER='***' AIRFLOW_CTX_DAG_ID='s3_postgres' AIRFLOW_CTX_TASK_ID='wait_until_6pm' AIRFLOW_CTX_EXECUTION_DATE='2024-06-05T00:00:00+00:00' AIRFLOW_CTX_TRY_NUMBER='2' AIRFLOW_CTX_DAG_RUN_ID='scheduled__2024-06-05T00:00:00+00:00'
[2024-06-07T14:11:13.801+0000] {taskinstance.py:430} INFO - ::endgroup::
[2024-06-07T14:11:13.809+0000] {time_delta.py:51} INFO - Checking if the time (2024-06-06 18:00:00+00:00) has come
[2024-06-07T14:11:13.811+0000] {base.py:294} INFO - Success criteria met. Exiting.
[2024-06-07T14:11:13.811+0000] {taskinstance.py:441} INFO - ::group::Post task execution logs
[2024-06-07T14:11:13.820+0000] {taskinstance.py:1206} INFO - Marking task as SUCCESS. dag_id=s3_postgres, task_id=wait_until_6pm, run_id=scheduled__2024-06-05T00:00:00+00:00, execution_date=20240605T000000, start_date=20240607T141113, end_date=20240607T141113
[2024-06-07T14:11:13.873+0000] {local_task_job_runner.py:240} INFO - Task exited with return code 0
[2024-06-07T14:11:13.900+0000] {taskinstance.py:3498} INFO - 1 downstream tasks scheduled from follow-on schedule check
[2024-06-07T14:11:13.902+0000] {local_task_job_runner.py:222} INFO - ::endgroup::
