[2024-06-05T17:17:08.967+0000] {local_task_job_runner.py:120} INFO - ::group::Pre task execution logs
[2024-06-05T17:17:09.000+0000] {taskinstance.py:2076} INFO - Dependencies all met for dep_context=non-requeueable deps ti=<TaskInstance: s3_postgres.wait_until_6pm manual__2024-06-05T17:16:45.751163+00:00 [queued]>
[2024-06-05T17:17:09.010+0000] {taskinstance.py:2076} INFO - Dependencies all met for dep_context=requeueable deps ti=<TaskInstance: s3_postgres.wait_until_6pm manual__2024-06-05T17:16:45.751163+00:00 [queued]>
[2024-06-05T17:17:09.011+0000] {taskinstance.py:2306} INFO - Starting attempt 1 of 2
[2024-06-05T17:17:09.027+0000] {taskinstance.py:2330} INFO - Executing <Task(TimeDeltaSensor): wait_until_6pm> on 2024-06-05 17:16:45.751163+00:00
[2024-06-05T17:17:09.036+0000] {warnings.py:110} WARNING - /home/***/.local/lib/python3.12/site-packages/***/task/task_runner/standard_task_runner.py:61: DeprecationWarning: This process (pid=107) is multi-threaded, use of fork() may lead to deadlocks in the child.
  pid = os.fork()

[2024-06-05T17:17:09.039+0000] {standard_task_runner.py:90} INFO - Running: ['***', 'tasks', 'run', 's3_postgres', 'wait_until_6pm', 'manual__2024-06-05T17:16:45.751163+00:00', '--job-id', '743', '--raw', '--subdir', 'DAGS_FOLDER/pipeline.py', '--cfg-path', '/tmp/tmpc9jfz0tj']
[2024-06-05T17:17:09.040+0000] {standard_task_runner.py:63} INFO - Started process 111 to run task
[2024-06-05T17:17:09.040+0000] {standard_task_runner.py:91} INFO - Job 743: Subtask wait_until_6pm
[2024-06-05T17:17:09.096+0000] {task_command.py:426} INFO - Running <TaskInstance: s3_postgres.wait_until_6pm manual__2024-06-05T17:16:45.751163+00:00 [running]> on host 68d2d1c90970
[2024-06-05T17:17:09.197+0000] {taskinstance.py:2648} INFO - Exporting env vars: AIRFLOW_CTX_DAG_OWNER='***' AIRFLOW_CTX_DAG_ID='s3_postgres' AIRFLOW_CTX_TASK_ID='wait_until_6pm' AIRFLOW_CTX_EXECUTION_DATE='2024-06-05T17:16:45.751163+00:00' AIRFLOW_CTX_TRY_NUMBER='1' AIRFLOW_CTX_DAG_RUN_ID='manual__2024-06-05T17:16:45.751163+00:00'
[2024-06-05T17:17:09.198+0000] {taskinstance.py:430} INFO - ::endgroup::
[2024-06-05T17:17:09.208+0000] {time_delta.py:51} INFO - Checking if the time (2024-06-05 18:00:00+00:00) has come
[2024-06-05T17:17:09.210+0000] {taskinstance.py:441} INFO - ::group::Post task execution logs
[2024-06-05T17:17:09.239+0000] {taskinstance.py:2865} INFO - Rescheduling task, marking task as UP_FOR_RESCHEDULE
[2024-06-05T17:17:09.256+0000] {local_task_job_runner.py:240} INFO - Task exited with return code 0
[2024-06-05T17:17:09.279+0000] {taskinstance.py:3498} INFO - 0 downstream tasks scheduled from follow-on schedule check
[2024-06-05T17:17:09.282+0000] {local_task_job_runner.py:222} INFO - ::endgroup::
[2024-06-05T17:18:11.729+0000] {local_task_job_runner.py:120} INFO - ::group::Pre task execution logs
[2024-06-05T17:18:11.794+0000] {taskinstance.py:2076} INFO - Dependencies all met for dep_context=non-requeueable deps ti=<TaskInstance: s3_postgres.wait_until_6pm manual__2024-06-05T17:16:45.751163+00:00 [queued]>
[2024-06-05T17:18:11.816+0000] {taskinstance.py:2076} INFO - Dependencies all met for dep_context=requeueable deps ti=<TaskInstance: s3_postgres.wait_until_6pm manual__2024-06-05T17:16:45.751163+00:00 [queued]>
[2024-06-05T17:18:11.820+0000] {taskinstance.py:2306} INFO - Starting attempt 1 of 2
[2024-06-05T17:18:11.851+0000] {taskinstance.py:2330} INFO - Executing <Task(TimeDeltaSensor): wait_until_6pm> on 2024-06-05 17:16:45.751163+00:00
[2024-06-05T17:18:11.867+0000] {warnings.py:110} WARNING - /home/***/.local/lib/python3.12/site-packages/***/task/task_runner/standard_task_runner.py:61: DeprecationWarning: This process (pid=128) is multi-threaded, use of fork() may lead to deadlocks in the child.
  pid = os.fork()

[2024-06-05T17:18:11.873+0000] {standard_task_runner.py:63} INFO - Started process 132 to run task
[2024-06-05T17:18:11.872+0000] {standard_task_runner.py:90} INFO - Running: ['***', 'tasks', 'run', 's3_postgres', 'wait_until_6pm', 'manual__2024-06-05T17:16:45.751163+00:00', '--job-id', '745', '--raw', '--subdir', 'DAGS_FOLDER/pipeline.py', '--cfg-path', '/tmp/tmp9mtxub9y']
[2024-06-05T17:18:11.883+0000] {standard_task_runner.py:91} INFO - Job 745: Subtask wait_until_6pm
[2024-06-05T17:18:11.998+0000] {task_command.py:426} INFO - Running <TaskInstance: s3_postgres.wait_until_6pm manual__2024-06-05T17:16:45.751163+00:00 [running]> on host 68d2d1c90970
[2024-06-05T17:18:12.244+0000] {taskinstance.py:2648} INFO - Exporting env vars: AIRFLOW_CTX_DAG_OWNER='***' AIRFLOW_CTX_DAG_ID='s3_postgres' AIRFLOW_CTX_TASK_ID='wait_until_6pm' AIRFLOW_CTX_EXECUTION_DATE='2024-06-05T17:16:45.751163+00:00' AIRFLOW_CTX_TRY_NUMBER='1' AIRFLOW_CTX_DAG_RUN_ID='manual__2024-06-05T17:16:45.751163+00:00'
[2024-06-05T17:18:12.261+0000] {taskinstance.py:430} INFO - ::endgroup::
[2024-06-05T17:18:12.292+0000] {time_delta.py:51} INFO - Checking if the time (2024-06-05 18:00:00+00:00) has come
[2024-06-05T17:18:12.301+0000] {taskinstance.py:441} INFO - ::group::Post task execution logs
[2024-06-05T17:18:12.359+0000] {taskinstance.py:2865} INFO - Rescheduling task, marking task as UP_FOR_RESCHEDULE
[2024-06-05T17:18:12.396+0000] {local_task_job_runner.py:240} INFO - Task exited with return code 0
[2024-06-05T17:18:12.429+0000] {taskinstance.py:3498} INFO - 0 downstream tasks scheduled from follow-on schedule check
[2024-06-05T17:18:12.434+0000] {local_task_job_runner.py:222} INFO - ::endgroup::
[2024-06-05T17:19:14.765+0000] {local_task_job_runner.py:120} INFO - ::group::Pre task execution logs
[2024-06-05T17:19:14.795+0000] {taskinstance.py:2076} INFO - Dependencies all met for dep_context=non-requeueable deps ti=<TaskInstance: s3_postgres.wait_until_6pm manual__2024-06-05T17:16:45.751163+00:00 [queued]>
[2024-06-05T17:19:14.803+0000] {taskinstance.py:2076} INFO - Dependencies all met for dep_context=requeueable deps ti=<TaskInstance: s3_postgres.wait_until_6pm manual__2024-06-05T17:16:45.751163+00:00 [queued]>
[2024-06-05T17:19:14.803+0000] {taskinstance.py:2306} INFO - Starting attempt 1 of 2
[2024-06-05T17:19:14.821+0000] {taskinstance.py:2330} INFO - Executing <Task(TimeDeltaSensor): wait_until_6pm> on 2024-06-05 17:16:45.751163+00:00
[2024-06-05T17:19:14.829+0000] {warnings.py:110} WARNING - /home/***/.local/lib/python3.12/site-packages/***/task/task_runner/standard_task_runner.py:61: DeprecationWarning: This process (pid=142) is multi-threaded, use of fork() may lead to deadlocks in the child.
  pid = os.fork()

[2024-06-05T17:19:14.831+0000] {standard_task_runner.py:63} INFO - Started process 145 to run task
[2024-06-05T17:19:14.831+0000] {standard_task_runner.py:90} INFO - Running: ['***', 'tasks', 'run', 's3_postgres', 'wait_until_6pm', 'manual__2024-06-05T17:16:45.751163+00:00', '--job-id', '747', '--raw', '--subdir', 'DAGS_FOLDER/pipeline.py', '--cfg-path', '/tmp/tmpu2ei2xf4']
[2024-06-05T17:19:14.832+0000] {standard_task_runner.py:91} INFO - Job 747: Subtask wait_until_6pm
[2024-06-05T17:19:14.878+0000] {task_command.py:426} INFO - Running <TaskInstance: s3_postgres.wait_until_6pm manual__2024-06-05T17:16:45.751163+00:00 [running]> on host 68d2d1c90970
[2024-06-05T17:19:14.957+0000] {taskinstance.py:2648} INFO - Exporting env vars: AIRFLOW_CTX_DAG_OWNER='***' AIRFLOW_CTX_DAG_ID='s3_postgres' AIRFLOW_CTX_TASK_ID='wait_until_6pm' AIRFLOW_CTX_EXECUTION_DATE='2024-06-05T17:16:45.751163+00:00' AIRFLOW_CTX_TRY_NUMBER='1' AIRFLOW_CTX_DAG_RUN_ID='manual__2024-06-05T17:16:45.751163+00:00'
[2024-06-05T17:19:14.958+0000] {taskinstance.py:430} INFO - ::endgroup::
[2024-06-05T17:19:14.967+0000] {time_delta.py:51} INFO - Checking if the time (2024-06-05 18:00:00+00:00) has come
[2024-06-05T17:19:14.968+0000] {taskinstance.py:441} INFO - ::group::Post task execution logs
[2024-06-05T17:19:14.987+0000] {taskinstance.py:2865} INFO - Rescheduling task, marking task as UP_FOR_RESCHEDULE
[2024-06-05T17:19:15.005+0000] {local_task_job_runner.py:240} INFO - Task exited with return code 0
[2024-06-05T17:19:15.023+0000] {taskinstance.py:3498} INFO - 0 downstream tasks scheduled from follow-on schedule check
[2024-06-05T17:19:15.026+0000] {local_task_job_runner.py:222} INFO - ::endgroup::
[2024-06-05T17:20:16.668+0000] {local_task_job_runner.py:120} INFO - ::group::Pre task execution logs
[2024-06-05T17:20:16.688+0000] {taskinstance.py:2076} INFO - Dependencies all met for dep_context=non-requeueable deps ti=<TaskInstance: s3_postgres.wait_until_6pm manual__2024-06-05T17:16:45.751163+00:00 [queued]>
[2024-06-05T17:20:16.696+0000] {taskinstance.py:2076} INFO - Dependencies all met for dep_context=requeueable deps ti=<TaskInstance: s3_postgres.wait_until_6pm manual__2024-06-05T17:16:45.751163+00:00 [queued]>
[2024-06-05T17:20:16.696+0000] {taskinstance.py:2306} INFO - Starting attempt 1 of 2
[2024-06-05T17:20:16.709+0000] {taskinstance.py:2330} INFO - Executing <Task(TimeDeltaSensor): wait_until_6pm> on 2024-06-05 17:16:45.751163+00:00
[2024-06-05T17:20:16.715+0000] {warnings.py:110} WARNING - /home/***/.local/lib/python3.12/site-packages/***/task/task_runner/standard_task_runner.py:61: DeprecationWarning: This process (pid=163) is multi-threaded, use of fork() may lead to deadlocks in the child.
  pid = os.fork()

[2024-06-05T17:20:16.717+0000] {standard_task_runner.py:63} INFO - Started process 165 to run task
[2024-06-05T17:20:16.717+0000] {standard_task_runner.py:90} INFO - Running: ['***', 'tasks', 'run', 's3_postgres', 'wait_until_6pm', 'manual__2024-06-05T17:16:45.751163+00:00', '--job-id', '749', '--raw', '--subdir', 'DAGS_FOLDER/pipeline.py', '--cfg-path', '/tmp/tmp2m1k7ts2']
[2024-06-05T17:20:16.718+0000] {standard_task_runner.py:91} INFO - Job 749: Subtask wait_until_6pm
[2024-06-05T17:20:16.762+0000] {task_command.py:426} INFO - Running <TaskInstance: s3_postgres.wait_until_6pm manual__2024-06-05T17:16:45.751163+00:00 [running]> on host 68d2d1c90970
[2024-06-05T17:20:16.835+0000] {taskinstance.py:2648} INFO - Exporting env vars: AIRFLOW_CTX_DAG_OWNER='***' AIRFLOW_CTX_DAG_ID='s3_postgres' AIRFLOW_CTX_TASK_ID='wait_until_6pm' AIRFLOW_CTX_EXECUTION_DATE='2024-06-05T17:16:45.751163+00:00' AIRFLOW_CTX_TRY_NUMBER='1' AIRFLOW_CTX_DAG_RUN_ID='manual__2024-06-05T17:16:45.751163+00:00'
[2024-06-05T17:20:16.836+0000] {taskinstance.py:430} INFO - ::endgroup::
[2024-06-05T17:20:16.844+0000] {time_delta.py:51} INFO - Checking if the time (2024-06-05 18:00:00+00:00) has come
[2024-06-05T17:20:16.845+0000] {taskinstance.py:441} INFO - ::group::Post task execution logs
[2024-06-05T17:20:16.862+0000] {taskinstance.py:2865} INFO - Rescheduling task, marking task as UP_FOR_RESCHEDULE
[2024-06-05T17:20:16.891+0000] {local_task_job_runner.py:240} INFO - Task exited with return code 0
[2024-06-05T17:20:16.907+0000] {taskinstance.py:3498} INFO - 0 downstream tasks scheduled from follow-on schedule check
[2024-06-05T17:20:16.909+0000] {local_task_job_runner.py:222} INFO - ::endgroup::
[2024-06-05T17:21:18.310+0000] {local_task_job_runner.py:120} INFO - ::group::Pre task execution logs
[2024-06-05T17:21:18.334+0000] {taskinstance.py:2076} INFO - Dependencies all met for dep_context=non-requeueable deps ti=<TaskInstance: s3_postgres.wait_until_6pm manual__2024-06-05T17:16:45.751163+00:00 [queued]>
[2024-06-05T17:21:18.343+0000] {taskinstance.py:2076} INFO - Dependencies all met for dep_context=requeueable deps ti=<TaskInstance: s3_postgres.wait_until_6pm manual__2024-06-05T17:16:45.751163+00:00 [queued]>
[2024-06-05T17:21:18.344+0000] {taskinstance.py:2306} INFO - Starting attempt 1 of 2
[2024-06-05T17:21:18.356+0000] {taskinstance.py:2330} INFO - Executing <Task(TimeDeltaSensor): wait_until_6pm> on 2024-06-05 17:16:45.751163+00:00
[2024-06-05T17:21:18.362+0000] {warnings.py:110} WARNING - /home/***/.local/lib/python3.12/site-packages/***/task/task_runner/standard_task_runner.py:61: DeprecationWarning: This process (pid=183) is multi-threaded, use of fork() may lead to deadlocks in the child.
  pid = os.fork()

[2024-06-05T17:21:18.363+0000] {standard_task_runner.py:63} INFO - Started process 185 to run task
[2024-06-05T17:21:18.364+0000] {standard_task_runner.py:90} INFO - Running: ['***', 'tasks', 'run', 's3_postgres', 'wait_until_6pm', 'manual__2024-06-05T17:16:45.751163+00:00', '--job-id', '751', '--raw', '--subdir', 'DAGS_FOLDER/pipeline.py', '--cfg-path', '/tmp/tmpo4074yec']
[2024-06-05T17:21:18.365+0000] {standard_task_runner.py:91} INFO - Job 751: Subtask wait_until_6pm
[2024-06-05T17:21:18.407+0000] {task_command.py:426} INFO - Running <TaskInstance: s3_postgres.wait_until_6pm manual__2024-06-05T17:16:45.751163+00:00 [running]> on host 68d2d1c90970
[2024-06-05T17:21:18.487+0000] {taskinstance.py:2648} INFO - Exporting env vars: AIRFLOW_CTX_DAG_OWNER='***' AIRFLOW_CTX_DAG_ID='s3_postgres' AIRFLOW_CTX_TASK_ID='wait_until_6pm' AIRFLOW_CTX_EXECUTION_DATE='2024-06-05T17:16:45.751163+00:00' AIRFLOW_CTX_TRY_NUMBER='1' AIRFLOW_CTX_DAG_RUN_ID='manual__2024-06-05T17:16:45.751163+00:00'
[2024-06-05T17:21:18.489+0000] {taskinstance.py:430} INFO - ::endgroup::
[2024-06-05T17:21:18.498+0000] {time_delta.py:51} INFO - Checking if the time (2024-06-05 18:00:00+00:00) has come
[2024-06-05T17:21:18.500+0000] {taskinstance.py:441} INFO - ::group::Post task execution logs
[2024-06-05T17:21:18.520+0000] {taskinstance.py:2865} INFO - Rescheduling task, marking task as UP_FOR_RESCHEDULE
[2024-06-05T17:21:18.538+0000] {local_task_job_runner.py:240} INFO - Task exited with return code 0
[2024-06-05T17:21:18.553+0000] {taskinstance.py:3498} INFO - 0 downstream tasks scheduled from follow-on schedule check
[2024-06-05T17:21:18.555+0000] {local_task_job_runner.py:222} INFO - ::endgroup::
[2024-06-05T17:22:21.913+0000] {local_task_job_runner.py:120} INFO - ::group::Pre task execution logs
[2024-06-05T17:22:21.985+0000] {taskinstance.py:2076} INFO - Dependencies all met for dep_context=non-requeueable deps ti=<TaskInstance: s3_postgres.wait_until_6pm manual__2024-06-05T17:16:45.751163+00:00 [queued]>
[2024-06-05T17:22:22.005+0000] {taskinstance.py:2076} INFO - Dependencies all met for dep_context=requeueable deps ti=<TaskInstance: s3_postgres.wait_until_6pm manual__2024-06-05T17:16:45.751163+00:00 [queued]>
[2024-06-05T17:22:22.007+0000] {taskinstance.py:2306} INFO - Starting attempt 1 of 2
[2024-06-05T17:22:22.039+0000] {taskinstance.py:2330} INFO - Executing <Task(TimeDeltaSensor): wait_until_6pm> on 2024-06-05 17:16:45.751163+00:00
[2024-06-05T17:22:22.054+0000] {warnings.py:110} WARNING - /home/***/.local/lib/python3.12/site-packages/***/task/task_runner/standard_task_runner.py:61: DeprecationWarning: This process (pid=202) is multi-threaded, use of fork() may lead to deadlocks in the child.
  pid = os.fork()

[2024-06-05T17:22:22.060+0000] {standard_task_runner.py:63} INFO - Started process 205 to run task
[2024-06-05T17:22:22.060+0000] {standard_task_runner.py:90} INFO - Running: ['***', 'tasks', 'run', 's3_postgres', 'wait_until_6pm', 'manual__2024-06-05T17:16:45.751163+00:00', '--job-id', '753', '--raw', '--subdir', 'DAGS_FOLDER/pipeline.py', '--cfg-path', '/tmp/tmp4al3q8gm']
[2024-06-05T17:22:22.068+0000] {standard_task_runner.py:91} INFO - Job 753: Subtask wait_until_6pm
[2024-06-05T17:22:22.176+0000] {task_command.py:426} INFO - Running <TaskInstance: s3_postgres.wait_until_6pm manual__2024-06-05T17:16:45.751163+00:00 [running]> on host 68d2d1c90970
[2024-06-05T17:22:22.325+0000] {taskinstance.py:2648} INFO - Exporting env vars: AIRFLOW_CTX_DAG_OWNER='***' AIRFLOW_CTX_DAG_ID='s3_postgres' AIRFLOW_CTX_TASK_ID='wait_until_6pm' AIRFLOW_CTX_EXECUTION_DATE='2024-06-05T17:16:45.751163+00:00' AIRFLOW_CTX_TRY_NUMBER='1' AIRFLOW_CTX_DAG_RUN_ID='manual__2024-06-05T17:16:45.751163+00:00'
[2024-06-05T17:22:22.328+0000] {taskinstance.py:430} INFO - ::endgroup::
[2024-06-05T17:22:22.343+0000] {time_delta.py:51} INFO - Checking if the time (2024-06-05 18:00:00+00:00) has come
[2024-06-05T17:22:22.346+0000] {taskinstance.py:441} INFO - ::group::Post task execution logs
[2024-06-05T17:22:22.393+0000] {taskinstance.py:2865} INFO - Rescheduling task, marking task as UP_FOR_RESCHEDULE
[2024-06-05T17:22:22.439+0000] {local_task_job_runner.py:240} INFO - Task exited with return code 0
[2024-06-05T17:22:22.461+0000] {local_task_job_runner.py:222} INFO - ::endgroup::
[2024-06-05T17:23:23.796+0000] {local_task_job_runner.py:120} INFO - ::group::Pre task execution logs
[2024-06-05T17:23:23.820+0000] {taskinstance.py:2076} INFO - Dependencies all met for dep_context=non-requeueable deps ti=<TaskInstance: s3_postgres.wait_until_6pm manual__2024-06-05T17:16:45.751163+00:00 [queued]>
[2024-06-05T17:23:23.829+0000] {taskinstance.py:2076} INFO - Dependencies all met for dep_context=requeueable deps ti=<TaskInstance: s3_postgres.wait_until_6pm manual__2024-06-05T17:16:45.751163+00:00 [queued]>
[2024-06-05T17:23:23.829+0000] {taskinstance.py:2306} INFO - Starting attempt 1 of 2
[2024-06-05T17:23:23.844+0000] {taskinstance.py:2330} INFO - Executing <Task(TimeDeltaSensor): wait_until_6pm> on 2024-06-05 17:16:45.751163+00:00
[2024-06-05T17:23:23.850+0000] {warnings.py:110} WARNING - /home/***/.local/lib/python3.12/site-packages/***/task/task_runner/standard_task_runner.py:61: DeprecationWarning: This process (pid=223) is multi-threaded, use of fork() may lead to deadlocks in the child.
  pid = os.fork()

[2024-06-05T17:23:23.852+0000] {standard_task_runner.py:63} INFO - Started process 225 to run task
[2024-06-05T17:23:23.852+0000] {standard_task_runner.py:90} INFO - Running: ['***', 'tasks', 'run', 's3_postgres', 'wait_until_6pm', 'manual__2024-06-05T17:16:45.751163+00:00', '--job-id', '755', '--raw', '--subdir', 'DAGS_FOLDER/pipeline.py', '--cfg-path', '/tmp/tmppprhddsc']
[2024-06-05T17:23:23.854+0000] {standard_task_runner.py:91} INFO - Job 755: Subtask wait_until_6pm
[2024-06-05T17:23:23.905+0000] {task_command.py:426} INFO - Running <TaskInstance: s3_postgres.wait_until_6pm manual__2024-06-05T17:16:45.751163+00:00 [running]> on host 68d2d1c90970
[2024-06-05T17:23:23.996+0000] {taskinstance.py:2648} INFO - Exporting env vars: AIRFLOW_CTX_DAG_OWNER='***' AIRFLOW_CTX_DAG_ID='s3_postgres' AIRFLOW_CTX_TASK_ID='wait_until_6pm' AIRFLOW_CTX_EXECUTION_DATE='2024-06-05T17:16:45.751163+00:00' AIRFLOW_CTX_TRY_NUMBER='1' AIRFLOW_CTX_DAG_RUN_ID='manual__2024-06-05T17:16:45.751163+00:00'
[2024-06-05T17:23:23.997+0000] {taskinstance.py:430} INFO - ::endgroup::
[2024-06-05T17:23:24.006+0000] {time_delta.py:51} INFO - Checking if the time (2024-06-05 18:00:00+00:00) has come
[2024-06-05T17:23:24.007+0000] {taskinstance.py:441} INFO - ::group::Post task execution logs
[2024-06-05T17:23:24.027+0000] {taskinstance.py:2865} INFO - Rescheduling task, marking task as UP_FOR_RESCHEDULE
[2024-06-05T17:23:24.066+0000] {local_task_job_runner.py:240} INFO - Task exited with return code 0
[2024-06-05T17:23:24.083+0000] {taskinstance.py:3498} INFO - 0 downstream tasks scheduled from follow-on schedule check
[2024-06-05T17:23:24.086+0000] {local_task_job_runner.py:222} INFO - ::endgroup::
[2024-06-05T17:24:25.654+0000] {local_task_job_runner.py:120} INFO - ::group::Pre task execution logs
[2024-06-05T17:24:25.676+0000] {taskinstance.py:2076} INFO - Dependencies all met for dep_context=non-requeueable deps ti=<TaskInstance: s3_postgres.wait_until_6pm manual__2024-06-05T17:16:45.751163+00:00 [queued]>
[2024-06-05T17:24:25.683+0000] {taskinstance.py:2076} INFO - Dependencies all met for dep_context=requeueable deps ti=<TaskInstance: s3_postgres.wait_until_6pm manual__2024-06-05T17:16:45.751163+00:00 [queued]>
[2024-06-05T17:24:25.684+0000] {taskinstance.py:2306} INFO - Starting attempt 1 of 2
[2024-06-05T17:24:25.696+0000] {taskinstance.py:2330} INFO - Executing <Task(TimeDeltaSensor): wait_until_6pm> on 2024-06-05 17:16:45.751163+00:00
[2024-06-05T17:24:25.702+0000] {warnings.py:110} WARNING - /home/***/.local/lib/python3.12/site-packages/***/task/task_runner/standard_task_runner.py:61: DeprecationWarning: This process (pid=242) is multi-threaded, use of fork() may lead to deadlocks in the child.
  pid = os.fork()

[2024-06-05T17:24:25.704+0000] {standard_task_runner.py:63} INFO - Started process 245 to run task
[2024-06-05T17:24:25.704+0000] {standard_task_runner.py:90} INFO - Running: ['***', 'tasks', 'run', 's3_postgres', 'wait_until_6pm', 'manual__2024-06-05T17:16:45.751163+00:00', '--job-id', '757', '--raw', '--subdir', 'DAGS_FOLDER/pipeline.py', '--cfg-path', '/tmp/tmpybqqfh5i']
[2024-06-05T17:24:25.706+0000] {standard_task_runner.py:91} INFO - Job 757: Subtask wait_until_6pm
[2024-06-05T17:24:25.765+0000] {task_command.py:426} INFO - Running <TaskInstance: s3_postgres.wait_until_6pm manual__2024-06-05T17:16:45.751163+00:00 [running]> on host 68d2d1c90970
[2024-06-05T17:24:25.901+0000] {taskinstance.py:2648} INFO - Exporting env vars: AIRFLOW_CTX_DAG_OWNER='***' AIRFLOW_CTX_DAG_ID='s3_postgres' AIRFLOW_CTX_TASK_ID='wait_until_6pm' AIRFLOW_CTX_EXECUTION_DATE='2024-06-05T17:16:45.751163+00:00' AIRFLOW_CTX_TRY_NUMBER='1' AIRFLOW_CTX_DAG_RUN_ID='manual__2024-06-05T17:16:45.751163+00:00'
[2024-06-05T17:24:25.904+0000] {taskinstance.py:430} INFO - ::endgroup::
[2024-06-05T17:24:25.922+0000] {time_delta.py:51} INFO - Checking if the time (2024-06-05 18:00:00+00:00) has come
[2024-06-05T17:24:25.926+0000] {taskinstance.py:441} INFO - ::group::Post task execution logs
[2024-06-05T17:24:25.956+0000] {taskinstance.py:2865} INFO - Rescheduling task, marking task as UP_FOR_RESCHEDULE
[2024-06-05T17:24:25.999+0000] {local_task_job_runner.py:240} INFO - Task exited with return code 0
[2024-06-05T17:24:26.028+0000] {taskinstance.py:3498} INFO - 0 downstream tasks scheduled from follow-on schedule check
[2024-06-05T17:24:26.032+0000] {local_task_job_runner.py:222} INFO - ::endgroup::
[2024-06-05T17:25:27.503+0000] {local_task_job_runner.py:120} INFO - ::group::Pre task execution logs
[2024-06-05T17:25:27.527+0000] {taskinstance.py:2076} INFO - Dependencies all met for dep_context=non-requeueable deps ti=<TaskInstance: s3_postgres.wait_until_6pm manual__2024-06-05T17:16:45.751163+00:00 [queued]>
[2024-06-05T17:25:27.537+0000] {taskinstance.py:2076} INFO - Dependencies all met for dep_context=requeueable deps ti=<TaskInstance: s3_postgres.wait_until_6pm manual__2024-06-05T17:16:45.751163+00:00 [queued]>
[2024-06-05T17:25:27.538+0000] {taskinstance.py:2306} INFO - Starting attempt 1 of 2
[2024-06-05T17:25:27.556+0000] {taskinstance.py:2330} INFO - Executing <Task(TimeDeltaSensor): wait_until_6pm> on 2024-06-05 17:16:45.751163+00:00
[2024-06-05T17:25:27.564+0000] {warnings.py:110} WARNING - /home/***/.local/lib/python3.12/site-packages/***/task/task_runner/standard_task_runner.py:61: DeprecationWarning: This process (pid=262) is multi-threaded, use of fork() may lead to deadlocks in the child.
  pid = os.fork()

[2024-06-05T17:25:27.566+0000] {standard_task_runner.py:63} INFO - Started process 265 to run task
[2024-06-05T17:25:27.567+0000] {standard_task_runner.py:90} INFO - Running: ['***', 'tasks', 'run', 's3_postgres', 'wait_until_6pm', 'manual__2024-06-05T17:16:45.751163+00:00', '--job-id', '759', '--raw', '--subdir', 'DAGS_FOLDER/pipeline.py', '--cfg-path', '/tmp/tmpg3vfop5v']
[2024-06-05T17:25:27.568+0000] {standard_task_runner.py:91} INFO - Job 759: Subtask wait_until_6pm
[2024-06-05T17:25:27.617+0000] {task_command.py:426} INFO - Running <TaskInstance: s3_postgres.wait_until_6pm manual__2024-06-05T17:16:45.751163+00:00 [running]> on host 68d2d1c90970
[2024-06-05T17:25:27.703+0000] {taskinstance.py:2648} INFO - Exporting env vars: AIRFLOW_CTX_DAG_OWNER='***' AIRFLOW_CTX_DAG_ID='s3_postgres' AIRFLOW_CTX_TASK_ID='wait_until_6pm' AIRFLOW_CTX_EXECUTION_DATE='2024-06-05T17:16:45.751163+00:00' AIRFLOW_CTX_TRY_NUMBER='1' AIRFLOW_CTX_DAG_RUN_ID='manual__2024-06-05T17:16:45.751163+00:00'
[2024-06-05T17:25:27.704+0000] {taskinstance.py:430} INFO - ::endgroup::
[2024-06-05T17:25:27.712+0000] {time_delta.py:51} INFO - Checking if the time (2024-06-05 18:00:00+00:00) has come
[2024-06-05T17:25:27.713+0000] {taskinstance.py:441} INFO - ::group::Post task execution logs
[2024-06-05T17:25:27.730+0000] {taskinstance.py:2865} INFO - Rescheduling task, marking task as UP_FOR_RESCHEDULE
[2024-06-05T17:25:27.740+0000] {local_task_job_runner.py:240} INFO - Task exited with return code 0
[2024-06-05T17:25:27.756+0000] {taskinstance.py:3498} INFO - 0 downstream tasks scheduled from follow-on schedule check
[2024-06-05T17:25:27.758+0000] {local_task_job_runner.py:222} INFO - ::endgroup::
[2024-06-05T17:26:29.395+0000] {local_task_job_runner.py:120} INFO - ::group::Pre task execution logs
[2024-06-05T17:26:29.416+0000] {taskinstance.py:2076} INFO - Dependencies all met for dep_context=non-requeueable deps ti=<TaskInstance: s3_postgres.wait_until_6pm manual__2024-06-05T17:16:45.751163+00:00 [queued]>
[2024-06-05T17:26:29.423+0000] {taskinstance.py:2076} INFO - Dependencies all met for dep_context=requeueable deps ti=<TaskInstance: s3_postgres.wait_until_6pm manual__2024-06-05T17:16:45.751163+00:00 [queued]>
[2024-06-05T17:26:29.424+0000] {taskinstance.py:2306} INFO - Starting attempt 1 of 2
[2024-06-05T17:26:29.436+0000] {taskinstance.py:2330} INFO - Executing <Task(TimeDeltaSensor): wait_until_6pm> on 2024-06-05 17:16:45.751163+00:00
[2024-06-05T17:26:29.443+0000] {warnings.py:110} WARNING - /home/***/.local/lib/python3.12/site-packages/***/task/task_runner/standard_task_runner.py:61: DeprecationWarning: This process (pid=275) is multi-threaded, use of fork() may lead to deadlocks in the child.
  pid = os.fork()

[2024-06-05T17:26:29.445+0000] {standard_task_runner.py:63} INFO - Started process 278 to run task
[2024-06-05T17:26:29.445+0000] {standard_task_runner.py:90} INFO - Running: ['***', 'tasks', 'run', 's3_postgres', 'wait_until_6pm', 'manual__2024-06-05T17:16:45.751163+00:00', '--job-id', '761', '--raw', '--subdir', 'DAGS_FOLDER/pipeline.py', '--cfg-path', '/tmp/tmpgs586ay6']
[2024-06-05T17:26:29.446+0000] {standard_task_runner.py:91} INFO - Job 761: Subtask wait_until_6pm
[2024-06-05T17:26:29.490+0000] {task_command.py:426} INFO - Running <TaskInstance: s3_postgres.wait_until_6pm manual__2024-06-05T17:16:45.751163+00:00 [running]> on host 68d2d1c90970
[2024-06-05T17:26:29.567+0000] {taskinstance.py:2648} INFO - Exporting env vars: AIRFLOW_CTX_DAG_OWNER='***' AIRFLOW_CTX_DAG_ID='s3_postgres' AIRFLOW_CTX_TASK_ID='wait_until_6pm' AIRFLOW_CTX_EXECUTION_DATE='2024-06-05T17:16:45.751163+00:00' AIRFLOW_CTX_TRY_NUMBER='1' AIRFLOW_CTX_DAG_RUN_ID='manual__2024-06-05T17:16:45.751163+00:00'
[2024-06-05T17:26:29.568+0000] {taskinstance.py:430} INFO - ::endgroup::
[2024-06-05T17:26:29.577+0000] {time_delta.py:51} INFO - Checking if the time (2024-06-05 18:00:00+00:00) has come
[2024-06-05T17:26:29.578+0000] {taskinstance.py:441} INFO - ::group::Post task execution logs
[2024-06-05T17:26:29.598+0000] {taskinstance.py:2865} INFO - Rescheduling task, marking task as UP_FOR_RESCHEDULE
[2024-06-05T17:26:29.619+0000] {local_task_job_runner.py:240} INFO - Task exited with return code 0
[2024-06-05T17:26:29.628+0000] {local_task_job_runner.py:222} INFO - ::endgroup::
[2024-06-05T17:27:31.080+0000] {local_task_job_runner.py:120} INFO - ::group::Pre task execution logs
[2024-06-05T17:27:31.106+0000] {taskinstance.py:2076} INFO - Dependencies all met for dep_context=non-requeueable deps ti=<TaskInstance: s3_postgres.wait_until_6pm manual__2024-06-05T17:16:45.751163+00:00 [queued]>
[2024-06-05T17:27:31.116+0000] {taskinstance.py:2076} INFO - Dependencies all met for dep_context=requeueable deps ti=<TaskInstance: s3_postgres.wait_until_6pm manual__2024-06-05T17:16:45.751163+00:00 [queued]>
[2024-06-05T17:27:31.117+0000] {taskinstance.py:2306} INFO - Starting attempt 1 of 2
[2024-06-05T17:27:31.135+0000] {taskinstance.py:2330} INFO - Executing <Task(TimeDeltaSensor): wait_until_6pm> on 2024-06-05 17:16:45.751163+00:00
[2024-06-05T17:27:31.142+0000] {warnings.py:110} WARNING - /home/***/.local/lib/python3.12/site-packages/***/task/task_runner/standard_task_runner.py:61: DeprecationWarning: This process (pid=295) is multi-threaded, use of fork() may lead to deadlocks in the child.
  pid = os.fork()

[2024-06-05T17:27:31.144+0000] {standard_task_runner.py:63} INFO - Started process 298 to run task
[2024-06-05T17:27:31.145+0000] {standard_task_runner.py:90} INFO - Running: ['***', 'tasks', 'run', 's3_postgres', 'wait_until_6pm', 'manual__2024-06-05T17:16:45.751163+00:00', '--job-id', '763', '--raw', '--subdir', 'DAGS_FOLDER/pipeline.py', '--cfg-path', '/tmp/tmp1i8wb4ek']
[2024-06-05T17:27:31.146+0000] {standard_task_runner.py:91} INFO - Job 763: Subtask wait_until_6pm
[2024-06-05T17:27:31.201+0000] {task_command.py:426} INFO - Running <TaskInstance: s3_postgres.wait_until_6pm manual__2024-06-05T17:16:45.751163+00:00 [running]> on host 68d2d1c90970
[2024-06-05T17:27:31.309+0000] {taskinstance.py:2648} INFO - Exporting env vars: AIRFLOW_CTX_DAG_OWNER='***' AIRFLOW_CTX_DAG_ID='s3_postgres' AIRFLOW_CTX_TASK_ID='wait_until_6pm' AIRFLOW_CTX_EXECUTION_DATE='2024-06-05T17:16:45.751163+00:00' AIRFLOW_CTX_TRY_NUMBER='1' AIRFLOW_CTX_DAG_RUN_ID='manual__2024-06-05T17:16:45.751163+00:00'
[2024-06-05T17:27:31.311+0000] {taskinstance.py:430} INFO - ::endgroup::
[2024-06-05T17:27:31.323+0000] {time_delta.py:51} INFO - Checking if the time (2024-06-05 18:00:00+00:00) has come
[2024-06-05T17:27:31.325+0000] {taskinstance.py:441} INFO - ::group::Post task execution logs
[2024-06-05T17:27:31.348+0000] {taskinstance.py:2865} INFO - Rescheduling task, marking task as UP_FOR_RESCHEDULE
[2024-06-05T17:27:31.359+0000] {local_task_job_runner.py:240} INFO - Task exited with return code 0
[2024-06-05T17:27:31.377+0000] {taskinstance.py:3498} INFO - 0 downstream tasks scheduled from follow-on schedule check
[2024-06-05T17:27:31.379+0000] {local_task_job_runner.py:222} INFO - ::endgroup::
[2024-06-05T17:30:04.899+0000] {local_task_job_runner.py:120} INFO - ::group::Pre task execution logs
[2024-06-05T17:30:04.938+0000] {taskinstance.py:2076} INFO - Dependencies all met for dep_context=non-requeueable deps ti=<TaskInstance: s3_postgres.wait_until_6pm manual__2024-06-05T17:16:45.751163+00:00 [queued]>
[2024-06-05T17:30:04.953+0000] {taskinstance.py:2076} INFO - Dependencies all met for dep_context=requeueable deps ti=<TaskInstance: s3_postgres.wait_until_6pm manual__2024-06-05T17:16:45.751163+00:00 [queued]>
[2024-06-05T17:30:04.954+0000] {taskinstance.py:2306} INFO - Starting attempt 1 of 2
[2024-06-05T17:30:04.979+0000] {taskinstance.py:2330} INFO - Executing <Task(TimeDeltaSensor): wait_until_6pm> on 2024-06-05 17:16:45.751163+00:00
[2024-06-05T17:30:04.989+0000] {warnings.py:110} WARNING - /home/***/.local/lib/python3.12/site-packages/***/task/task_runner/standard_task_runner.py:61: DeprecationWarning: This process (pid=57) is multi-threaded, use of fork() may lead to deadlocks in the child.
  pid = os.fork()

[2024-06-05T17:30:04.992+0000] {standard_task_runner.py:63} INFO - Started process 61 to run task
[2024-06-05T17:30:04.993+0000] {standard_task_runner.py:90} INFO - Running: ['***', 'tasks', 'run', 's3_postgres', 'wait_until_6pm', 'manual__2024-06-05T17:16:45.751163+00:00', '--job-id', '766', '--raw', '--subdir', 'DAGS_FOLDER/pipeline.py', '--cfg-path', '/tmp/tmpwnf49_n6']
[2024-06-05T17:30:04.996+0000] {standard_task_runner.py:91} INFO - Job 766: Subtask wait_until_6pm
[2024-06-05T17:30:05.151+0000] {task_command.py:426} INFO - Running <TaskInstance: s3_postgres.wait_until_6pm manual__2024-06-05T17:16:45.751163+00:00 [running]> on host 0a6aac87d868
[2024-06-05T17:30:05.309+0000] {taskinstance.py:2648} INFO - Exporting env vars: AIRFLOW_CTX_DAG_OWNER='***' AIRFLOW_CTX_DAG_ID='s3_postgres' AIRFLOW_CTX_TASK_ID='wait_until_6pm' AIRFLOW_CTX_EXECUTION_DATE='2024-06-05T17:16:45.751163+00:00' AIRFLOW_CTX_TRY_NUMBER='1' AIRFLOW_CTX_DAG_RUN_ID='manual__2024-06-05T17:16:45.751163+00:00'
[2024-06-05T17:30:05.312+0000] {taskinstance.py:430} INFO - ::endgroup::
[2024-06-05T17:30:05.326+0000] {time_delta.py:51} INFO - Checking if the time (2024-06-05 18:00:00+00:00) has come
[2024-06-05T17:30:05.329+0000] {taskinstance.py:441} INFO - ::group::Post task execution logs
[2024-06-05T17:30:05.388+0000] {taskinstance.py:2865} INFO - Rescheduling task, marking task as UP_FOR_RESCHEDULE
[2024-06-05T17:30:05.436+0000] {local_task_job_runner.py:240} INFO - Task exited with return code 0
[2024-06-05T17:30:05.483+0000] {taskinstance.py:3498} INFO - 0 downstream tasks scheduled from follow-on schedule check
[2024-06-05T17:30:05.486+0000] {local_task_job_runner.py:222} INFO - ::endgroup::
[2024-06-05T17:31:07.114+0000] {local_task_job_runner.py:120} INFO - ::group::Pre task execution logs
[2024-06-05T17:31:07.134+0000] {taskinstance.py:2076} INFO - Dependencies all met for dep_context=non-requeueable deps ti=<TaskInstance: s3_postgres.wait_until_6pm manual__2024-06-05T17:16:45.751163+00:00 [queued]>
[2024-06-05T17:31:07.142+0000] {taskinstance.py:2076} INFO - Dependencies all met for dep_context=requeueable deps ti=<TaskInstance: s3_postgres.wait_until_6pm manual__2024-06-05T17:16:45.751163+00:00 [queued]>
[2024-06-05T17:31:07.142+0000] {taskinstance.py:2306} INFO - Starting attempt 1 of 2
[2024-06-05T17:31:07.155+0000] {taskinstance.py:2330} INFO - Executing <Task(TimeDeltaSensor): wait_until_6pm> on 2024-06-05 17:16:45.751163+00:00
[2024-06-05T17:31:07.161+0000] {warnings.py:110} WARNING - /home/***/.local/lib/python3.12/site-packages/***/task/task_runner/standard_task_runner.py:61: DeprecationWarning: This process (pid=95) is multi-threaded, use of fork() may lead to deadlocks in the child.
  pid = os.fork()

[2024-06-05T17:31:07.162+0000] {standard_task_runner.py:63} INFO - Started process 97 to run task
[2024-06-05T17:31:07.162+0000] {standard_task_runner.py:90} INFO - Running: ['***', 'tasks', 'run', 's3_postgres', 'wait_until_6pm', 'manual__2024-06-05T17:16:45.751163+00:00', '--job-id', '775', '--raw', '--subdir', 'DAGS_FOLDER/pipeline.py', '--cfg-path', '/tmp/tmpkgfkzc49']
[2024-06-05T17:31:07.164+0000] {standard_task_runner.py:91} INFO - Job 775: Subtask wait_until_6pm
[2024-06-05T17:31:07.209+0000] {task_command.py:426} INFO - Running <TaskInstance: s3_postgres.wait_until_6pm manual__2024-06-05T17:16:45.751163+00:00 [running]> on host 0a6aac87d868
[2024-06-05T17:31:07.283+0000] {taskinstance.py:2648} INFO - Exporting env vars: AIRFLOW_CTX_DAG_OWNER='***' AIRFLOW_CTX_DAG_ID='s3_postgres' AIRFLOW_CTX_TASK_ID='wait_until_6pm' AIRFLOW_CTX_EXECUTION_DATE='2024-06-05T17:16:45.751163+00:00' AIRFLOW_CTX_TRY_NUMBER='1' AIRFLOW_CTX_DAG_RUN_ID='manual__2024-06-05T17:16:45.751163+00:00'
[2024-06-05T17:31:07.284+0000] {taskinstance.py:430} INFO - ::endgroup::
[2024-06-05T17:31:07.292+0000] {time_delta.py:51} INFO - Checking if the time (2024-06-05 18:00:00+00:00) has come
[2024-06-05T17:31:07.294+0000] {taskinstance.py:441} INFO - ::group::Post task execution logs
[2024-06-05T17:31:07.310+0000] {taskinstance.py:2865} INFO - Rescheduling task, marking task as UP_FOR_RESCHEDULE
[2024-06-05T17:31:07.336+0000] {local_task_job_runner.py:240} INFO - Task exited with return code 0
[2024-06-05T17:31:07.352+0000] {taskinstance.py:3498} INFO - 0 downstream tasks scheduled from follow-on schedule check
[2024-06-05T17:31:07.354+0000] {local_task_job_runner.py:222} INFO - ::endgroup::
[2024-06-05T17:32:09.430+0000] {local_task_job_runner.py:120} INFO - ::group::Pre task execution logs
[2024-06-05T17:32:09.450+0000] {taskinstance.py:2076} INFO - Dependencies all met for dep_context=non-requeueable deps ti=<TaskInstance: s3_postgres.wait_until_6pm manual__2024-06-05T17:16:45.751163+00:00 [queued]>
[2024-06-05T17:32:09.457+0000] {taskinstance.py:2076} INFO - Dependencies all met for dep_context=requeueable deps ti=<TaskInstance: s3_postgres.wait_until_6pm manual__2024-06-05T17:16:45.751163+00:00 [queued]>
[2024-06-05T17:32:09.458+0000] {taskinstance.py:2306} INFO - Starting attempt 1 of 2
[2024-06-05T17:32:09.470+0000] {taskinstance.py:2330} INFO - Executing <Task(TimeDeltaSensor): wait_until_6pm> on 2024-06-05 17:16:45.751163+00:00
[2024-06-05T17:32:09.475+0000] {warnings.py:110} WARNING - /home/***/.local/lib/python3.12/site-packages/***/task/task_runner/standard_task_runner.py:61: DeprecationWarning: This process (pid=115) is multi-threaded, use of fork() may lead to deadlocks in the child.
  pid = os.fork()

[2024-06-05T17:32:09.477+0000] {standard_task_runner.py:63} INFO - Started process 117 to run task
[2024-06-05T17:32:09.477+0000] {standard_task_runner.py:90} INFO - Running: ['***', 'tasks', 'run', 's3_postgres', 'wait_until_6pm', 'manual__2024-06-05T17:16:45.751163+00:00', '--job-id', '777', '--raw', '--subdir', 'DAGS_FOLDER/pipeline.py', '--cfg-path', '/tmp/tmp81ebmwog']
[2024-06-05T17:32:09.478+0000] {standard_task_runner.py:91} INFO - Job 777: Subtask wait_until_6pm
[2024-06-05T17:32:09.523+0000] {task_command.py:426} INFO - Running <TaskInstance: s3_postgres.wait_until_6pm manual__2024-06-05T17:16:45.751163+00:00 [running]> on host 0a6aac87d868
[2024-06-05T17:32:09.601+0000] {taskinstance.py:2648} INFO - Exporting env vars: AIRFLOW_CTX_DAG_OWNER='***' AIRFLOW_CTX_DAG_ID='s3_postgres' AIRFLOW_CTX_TASK_ID='wait_until_6pm' AIRFLOW_CTX_EXECUTION_DATE='2024-06-05T17:16:45.751163+00:00' AIRFLOW_CTX_TRY_NUMBER='1' AIRFLOW_CTX_DAG_RUN_ID='manual__2024-06-05T17:16:45.751163+00:00'
[2024-06-05T17:32:09.602+0000] {taskinstance.py:430} INFO - ::endgroup::
[2024-06-05T17:32:09.610+0000] {time_delta.py:51} INFO - Checking if the time (2024-06-05 18:00:00+00:00) has come
[2024-06-05T17:32:09.612+0000] {taskinstance.py:441} INFO - ::group::Post task execution logs
[2024-06-05T17:32:09.629+0000] {taskinstance.py:2865} INFO - Rescheduling task, marking task as UP_FOR_RESCHEDULE
[2024-06-05T17:32:09.651+0000] {local_task_job_runner.py:240} INFO - Task exited with return code 0
[2024-06-05T17:32:09.666+0000] {taskinstance.py:3498} INFO - 0 downstream tasks scheduled from follow-on schedule check
[2024-06-05T17:32:09.668+0000] {local_task_job_runner.py:222} INFO - ::endgroup::
[2024-06-05T17:33:11.967+0000] {local_task_job_runner.py:120} INFO - ::group::Pre task execution logs
[2024-06-05T17:33:11.990+0000] {taskinstance.py:2076} INFO - Dependencies all met for dep_context=non-requeueable deps ti=<TaskInstance: s3_postgres.wait_until_6pm manual__2024-06-05T17:16:45.751163+00:00 [queued]>
[2024-06-05T17:33:11.999+0000] {taskinstance.py:2076} INFO - Dependencies all met for dep_context=requeueable deps ti=<TaskInstance: s3_postgres.wait_until_6pm manual__2024-06-05T17:16:45.751163+00:00 [queued]>
[2024-06-05T17:33:11.999+0000] {taskinstance.py:2306} INFO - Starting attempt 1 of 2
[2024-06-05T17:33:12.013+0000] {taskinstance.py:2330} INFO - Executing <Task(TimeDeltaSensor): wait_until_6pm> on 2024-06-05 17:16:45.751163+00:00
[2024-06-05T17:33:12.018+0000] {warnings.py:110} WARNING - /home/***/.local/lib/python3.12/site-packages/***/task/task_runner/standard_task_runner.py:61: DeprecationWarning: This process (pid=135) is multi-threaded, use of fork() may lead to deadlocks in the child.
  pid = os.fork()

[2024-06-05T17:33:12.020+0000] {standard_task_runner.py:63} INFO - Started process 137 to run task
[2024-06-05T17:33:12.021+0000] {standard_task_runner.py:90} INFO - Running: ['***', 'tasks', 'run', 's3_postgres', 'wait_until_6pm', 'manual__2024-06-05T17:16:45.751163+00:00', '--job-id', '779', '--raw', '--subdir', 'DAGS_FOLDER/pipeline.py', '--cfg-path', '/tmp/tmpimbsshwv']
[2024-06-05T17:33:12.022+0000] {standard_task_runner.py:91} INFO - Job 779: Subtask wait_until_6pm
[2024-06-05T17:33:12.068+0000] {task_command.py:426} INFO - Running <TaskInstance: s3_postgres.wait_until_6pm manual__2024-06-05T17:16:45.751163+00:00 [running]> on host 0a6aac87d868
[2024-06-05T17:33:12.231+0000] {taskinstance.py:2648} INFO - Exporting env vars: AIRFLOW_CTX_DAG_OWNER='***' AIRFLOW_CTX_DAG_ID='s3_postgres' AIRFLOW_CTX_TASK_ID='wait_until_6pm' AIRFLOW_CTX_EXECUTION_DATE='2024-06-05T17:16:45.751163+00:00' AIRFLOW_CTX_TRY_NUMBER='1' AIRFLOW_CTX_DAG_RUN_ID='manual__2024-06-05T17:16:45.751163+00:00'
[2024-06-05T17:33:12.233+0000] {taskinstance.py:430} INFO - ::endgroup::
[2024-06-05T17:33:12.244+0000] {time_delta.py:51} INFO - Checking if the time (2024-06-05 18:00:00+00:00) has come
[2024-06-05T17:33:12.247+0000] {taskinstance.py:441} INFO - ::group::Post task execution logs
[2024-06-05T17:33:12.270+0000] {taskinstance.py:2865} INFO - Rescheduling task, marking task as UP_FOR_RESCHEDULE
[2024-06-05T17:33:12.315+0000] {local_task_job_runner.py:240} INFO - Task exited with return code 0
[2024-06-05T17:33:12.334+0000] {taskinstance.py:3498} INFO - 0 downstream tasks scheduled from follow-on schedule check
[2024-06-05T17:33:12.337+0000] {local_task_job_runner.py:222} INFO - ::endgroup::
[2024-06-05T17:34:13.489+0000] {local_task_job_runner.py:120} INFO - ::group::Pre task execution logs
[2024-06-05T17:34:13.509+0000] {taskinstance.py:2076} INFO - Dependencies all met for dep_context=non-requeueable deps ti=<TaskInstance: s3_postgres.wait_until_6pm manual__2024-06-05T17:16:45.751163+00:00 [queued]>
[2024-06-05T17:34:13.516+0000] {taskinstance.py:2076} INFO - Dependencies all met for dep_context=requeueable deps ti=<TaskInstance: s3_postgres.wait_until_6pm manual__2024-06-05T17:16:45.751163+00:00 [queued]>
[2024-06-05T17:34:13.517+0000] {taskinstance.py:2306} INFO - Starting attempt 1 of 2
[2024-06-05T17:34:13.530+0000] {taskinstance.py:2330} INFO - Executing <Task(TimeDeltaSensor): wait_until_6pm> on 2024-06-05 17:16:45.751163+00:00
[2024-06-05T17:34:13.536+0000] {warnings.py:110} WARNING - /home/***/.local/lib/python3.12/site-packages/***/task/task_runner/standard_task_runner.py:61: DeprecationWarning: This process (pid=155) is multi-threaded, use of fork() may lead to deadlocks in the child.
  pid = os.fork()

[2024-06-05T17:34:13.538+0000] {standard_task_runner.py:63} INFO - Started process 157 to run task
[2024-06-05T17:34:13.538+0000] {standard_task_runner.py:90} INFO - Running: ['***', 'tasks', 'run', 's3_postgres', 'wait_until_6pm', 'manual__2024-06-05T17:16:45.751163+00:00', '--job-id', '781', '--raw', '--subdir', 'DAGS_FOLDER/pipeline.py', '--cfg-path', '/tmp/tmpth5799yh']
[2024-06-05T17:34:13.539+0000] {standard_task_runner.py:91} INFO - Job 781: Subtask wait_until_6pm
[2024-06-05T17:34:13.583+0000] {task_command.py:426} INFO - Running <TaskInstance: s3_postgres.wait_until_6pm manual__2024-06-05T17:16:45.751163+00:00 [running]> on host 0a6aac87d868
[2024-06-05T17:34:13.656+0000] {taskinstance.py:2648} INFO - Exporting env vars: AIRFLOW_CTX_DAG_OWNER='***' AIRFLOW_CTX_DAG_ID='s3_postgres' AIRFLOW_CTX_TASK_ID='wait_until_6pm' AIRFLOW_CTX_EXECUTION_DATE='2024-06-05T17:16:45.751163+00:00' AIRFLOW_CTX_TRY_NUMBER='1' AIRFLOW_CTX_DAG_RUN_ID='manual__2024-06-05T17:16:45.751163+00:00'
[2024-06-05T17:34:13.657+0000] {taskinstance.py:430} INFO - ::endgroup::
[2024-06-05T17:34:13.665+0000] {time_delta.py:51} INFO - Checking if the time (2024-06-05 18:00:00+00:00) has come
[2024-06-05T17:34:13.667+0000] {taskinstance.py:441} INFO - ::group::Post task execution logs
[2024-06-05T17:34:13.690+0000] {taskinstance.py:2865} INFO - Rescheduling task, marking task as UP_FOR_RESCHEDULE
[2024-06-05T17:34:13.712+0000] {local_task_job_runner.py:240} INFO - Task exited with return code 0
[2024-06-05T17:34:13.732+0000] {taskinstance.py:3498} INFO - 0 downstream tasks scheduled from follow-on schedule check
[2024-06-05T17:34:13.734+0000] {local_task_job_runner.py:222} INFO - ::endgroup::
[2024-06-05T17:35:14.950+0000] {local_task_job_runner.py:120} INFO - ::group::Pre task execution logs
[2024-06-05T17:35:14.970+0000] {taskinstance.py:2076} INFO - Dependencies all met for dep_context=non-requeueable deps ti=<TaskInstance: s3_postgres.wait_until_6pm manual__2024-06-05T17:16:45.751163+00:00 [queued]>
[2024-06-05T17:35:14.978+0000] {taskinstance.py:2076} INFO - Dependencies all met for dep_context=requeueable deps ti=<TaskInstance: s3_postgres.wait_until_6pm manual__2024-06-05T17:16:45.751163+00:00 [queued]>
[2024-06-05T17:35:14.978+0000] {taskinstance.py:2306} INFO - Starting attempt 1 of 2
[2024-06-05T17:35:14.991+0000] {taskinstance.py:2330} INFO - Executing <Task(TimeDeltaSensor): wait_until_6pm> on 2024-06-05 17:16:45.751163+00:00
[2024-06-05T17:35:14.997+0000] {warnings.py:110} WARNING - /home/***/.local/lib/python3.12/site-packages/***/task/task_runner/standard_task_runner.py:61: DeprecationWarning: This process (pid=175) is multi-threaded, use of fork() may lead to deadlocks in the child.
  pid = os.fork()

[2024-06-05T17:35:14.999+0000] {standard_task_runner.py:63} INFO - Started process 177 to run task
[2024-06-05T17:35:14.999+0000] {standard_task_runner.py:90} INFO - Running: ['***', 'tasks', 'run', 's3_postgres', 'wait_until_6pm', 'manual__2024-06-05T17:16:45.751163+00:00', '--job-id', '783', '--raw', '--subdir', 'DAGS_FOLDER/pipeline.py', '--cfg-path', '/tmp/tmpjtht_1im']
[2024-06-05T17:35:15.000+0000] {standard_task_runner.py:91} INFO - Job 783: Subtask wait_until_6pm
[2024-06-05T17:35:15.043+0000] {task_command.py:426} INFO - Running <TaskInstance: s3_postgres.wait_until_6pm manual__2024-06-05T17:16:45.751163+00:00 [running]> on host 0a6aac87d868
[2024-06-05T17:35:15.119+0000] {taskinstance.py:2648} INFO - Exporting env vars: AIRFLOW_CTX_DAG_OWNER='***' AIRFLOW_CTX_DAG_ID='s3_postgres' AIRFLOW_CTX_TASK_ID='wait_until_6pm' AIRFLOW_CTX_EXECUTION_DATE='2024-06-05T17:16:45.751163+00:00' AIRFLOW_CTX_TRY_NUMBER='1' AIRFLOW_CTX_DAG_RUN_ID='manual__2024-06-05T17:16:45.751163+00:00'
[2024-06-05T17:35:15.121+0000] {taskinstance.py:430} INFO - ::endgroup::
[2024-06-05T17:35:15.128+0000] {time_delta.py:51} INFO - Checking if the time (2024-06-05 18:00:00+00:00) has come
[2024-06-05T17:35:15.130+0000] {taskinstance.py:441} INFO - ::group::Post task execution logs
[2024-06-05T17:35:15.147+0000] {taskinstance.py:2865} INFO - Rescheduling task, marking task as UP_FOR_RESCHEDULE
[2024-06-05T17:35:15.173+0000] {local_task_job_runner.py:240} INFO - Task exited with return code 0
[2024-06-05T17:35:15.188+0000] {taskinstance.py:3498} INFO - 0 downstream tasks scheduled from follow-on schedule check
[2024-06-05T17:35:15.190+0000] {local_task_job_runner.py:222} INFO - ::endgroup::
[2024-06-05T17:36:16.376+0000] {local_task_job_runner.py:120} INFO - ::group::Pre task execution logs
[2024-06-05T17:36:16.396+0000] {taskinstance.py:2076} INFO - Dependencies all met for dep_context=non-requeueable deps ti=<TaskInstance: s3_postgres.wait_until_6pm manual__2024-06-05T17:16:45.751163+00:00 [queued]>
[2024-06-05T17:36:16.403+0000] {taskinstance.py:2076} INFO - Dependencies all met for dep_context=requeueable deps ti=<TaskInstance: s3_postgres.wait_until_6pm manual__2024-06-05T17:16:45.751163+00:00 [queued]>
[2024-06-05T17:36:16.403+0000] {taskinstance.py:2306} INFO - Starting attempt 1 of 2
[2024-06-05T17:36:16.416+0000] {taskinstance.py:2330} INFO - Executing <Task(TimeDeltaSensor): wait_until_6pm> on 2024-06-05 17:16:45.751163+00:00
[2024-06-05T17:36:16.422+0000] {warnings.py:110} WARNING - /home/***/.local/lib/python3.12/site-packages/***/task/task_runner/standard_task_runner.py:61: DeprecationWarning: This process (pid=195) is multi-threaded, use of fork() may lead to deadlocks in the child.
  pid = os.fork()

[2024-06-05T17:36:16.423+0000] {standard_task_runner.py:63} INFO - Started process 197 to run task
[2024-06-05T17:36:16.423+0000] {standard_task_runner.py:90} INFO - Running: ['***', 'tasks', 'run', 's3_postgres', 'wait_until_6pm', 'manual__2024-06-05T17:16:45.751163+00:00', '--job-id', '785', '--raw', '--subdir', 'DAGS_FOLDER/pipeline.py', '--cfg-path', '/tmp/tmpprly8kbu']
[2024-06-05T17:36:16.425+0000] {standard_task_runner.py:91} INFO - Job 785: Subtask wait_until_6pm
[2024-06-05T17:36:16.467+0000] {task_command.py:426} INFO - Running <TaskInstance: s3_postgres.wait_until_6pm manual__2024-06-05T17:16:45.751163+00:00 [running]> on host 0a6aac87d868
[2024-06-05T17:36:16.540+0000] {taskinstance.py:2648} INFO - Exporting env vars: AIRFLOW_CTX_DAG_OWNER='***' AIRFLOW_CTX_DAG_ID='s3_postgres' AIRFLOW_CTX_TASK_ID='wait_until_6pm' AIRFLOW_CTX_EXECUTION_DATE='2024-06-05T17:16:45.751163+00:00' AIRFLOW_CTX_TRY_NUMBER='1' AIRFLOW_CTX_DAG_RUN_ID='manual__2024-06-05T17:16:45.751163+00:00'
[2024-06-05T17:36:16.541+0000] {taskinstance.py:430} INFO - ::endgroup::
[2024-06-05T17:36:16.549+0000] {time_delta.py:51} INFO - Checking if the time (2024-06-05 18:00:00+00:00) has come
[2024-06-05T17:36:16.550+0000] {taskinstance.py:441} INFO - ::group::Post task execution logs
[2024-06-05T17:36:16.568+0000] {taskinstance.py:2865} INFO - Rescheduling task, marking task as UP_FOR_RESCHEDULE
[2024-06-05T17:36:16.597+0000] {local_task_job_runner.py:240} INFO - Task exited with return code 0
[2024-06-05T17:36:16.612+0000] {taskinstance.py:3498} INFO - 0 downstream tasks scheduled from follow-on schedule check
[2024-06-05T17:36:16.615+0000] {local_task_job_runner.py:222} INFO - ::endgroup::
[2024-06-05T17:37:18.977+0000] {local_task_job_runner.py:120} INFO - ::group::Pre task execution logs
[2024-06-05T17:37:18.998+0000] {taskinstance.py:2076} INFO - Dependencies all met for dep_context=non-requeueable deps ti=<TaskInstance: s3_postgres.wait_until_6pm manual__2024-06-05T17:16:45.751163+00:00 [queued]>
[2024-06-05T17:37:19.006+0000] {taskinstance.py:2076} INFO - Dependencies all met for dep_context=requeueable deps ti=<TaskInstance: s3_postgres.wait_until_6pm manual__2024-06-05T17:16:45.751163+00:00 [queued]>
[2024-06-05T17:37:19.006+0000] {taskinstance.py:2306} INFO - Starting attempt 1 of 2
[2024-06-05T17:37:19.019+0000] {taskinstance.py:2330} INFO - Executing <Task(TimeDeltaSensor): wait_until_6pm> on 2024-06-05 17:16:45.751163+00:00
[2024-06-05T17:37:19.025+0000] {warnings.py:110} WARNING - /home/***/.local/lib/python3.12/site-packages/***/task/task_runner/standard_task_runner.py:61: DeprecationWarning: This process (pid=215) is multi-threaded, use of fork() may lead to deadlocks in the child.
  pid = os.fork()

[2024-06-05T17:37:19.026+0000] {standard_task_runner.py:63} INFO - Started process 217 to run task
[2024-06-05T17:37:19.026+0000] {standard_task_runner.py:90} INFO - Running: ['***', 'tasks', 'run', 's3_postgres', 'wait_until_6pm', 'manual__2024-06-05T17:16:45.751163+00:00', '--job-id', '787', '--raw', '--subdir', 'DAGS_FOLDER/pipeline.py', '--cfg-path', '/tmp/tmpai4ruzan']
[2024-06-05T17:37:19.028+0000] {standard_task_runner.py:91} INFO - Job 787: Subtask wait_until_6pm
[2024-06-05T17:37:19.076+0000] {task_command.py:426} INFO - Running <TaskInstance: s3_postgres.wait_until_6pm manual__2024-06-05T17:16:45.751163+00:00 [running]> on host 0a6aac87d868
[2024-06-05T17:37:19.167+0000] {taskinstance.py:2648} INFO - Exporting env vars: AIRFLOW_CTX_DAG_OWNER='***' AIRFLOW_CTX_DAG_ID='s3_postgres' AIRFLOW_CTX_TASK_ID='wait_until_6pm' AIRFLOW_CTX_EXECUTION_DATE='2024-06-05T17:16:45.751163+00:00' AIRFLOW_CTX_TRY_NUMBER='1' AIRFLOW_CTX_DAG_RUN_ID='manual__2024-06-05T17:16:45.751163+00:00'
[2024-06-05T17:37:19.169+0000] {taskinstance.py:430} INFO - ::endgroup::
[2024-06-05T17:37:19.179+0000] {time_delta.py:51} INFO - Checking if the time (2024-06-05 18:00:00+00:00) has come
[2024-06-05T17:37:19.182+0000] {taskinstance.py:441} INFO - ::group::Post task execution logs
[2024-06-05T17:37:19.203+0000] {taskinstance.py:2865} INFO - Rescheduling task, marking task as UP_FOR_RESCHEDULE
[2024-06-05T17:37:19.240+0000] {local_task_job_runner.py:240} INFO - Task exited with return code 0
[2024-06-05T17:37:19.256+0000] {taskinstance.py:3498} INFO - 0 downstream tasks scheduled from follow-on schedule check
[2024-06-05T17:37:19.258+0000] {local_task_job_runner.py:222} INFO - ::endgroup::
[2024-06-05T17:38:20.610+0000] {local_task_job_runner.py:120} INFO - ::group::Pre task execution logs
[2024-06-05T17:38:20.633+0000] {taskinstance.py:2076} INFO - Dependencies all met for dep_context=non-requeueable deps ti=<TaskInstance: s3_postgres.wait_until_6pm manual__2024-06-05T17:16:45.751163+00:00 [queued]>
[2024-06-05T17:38:20.640+0000] {taskinstance.py:2076} INFO - Dependencies all met for dep_context=requeueable deps ti=<TaskInstance: s3_postgres.wait_until_6pm manual__2024-06-05T17:16:45.751163+00:00 [queued]>
[2024-06-05T17:38:20.641+0000] {taskinstance.py:2306} INFO - Starting attempt 1 of 2
[2024-06-05T17:38:20.654+0000] {taskinstance.py:2330} INFO - Executing <Task(TimeDeltaSensor): wait_until_6pm> on 2024-06-05 17:16:45.751163+00:00
[2024-06-05T17:38:20.659+0000] {warnings.py:110} WARNING - /home/***/.local/lib/python3.12/site-packages/***/task/task_runner/standard_task_runner.py:61: DeprecationWarning: This process (pid=235) is multi-threaded, use of fork() may lead to deadlocks in the child.
  pid = os.fork()

[2024-06-05T17:38:20.660+0000] {standard_task_runner.py:63} INFO - Started process 237 to run task
[2024-06-05T17:38:20.661+0000] {standard_task_runner.py:90} INFO - Running: ['***', 'tasks', 'run', 's3_postgres', 'wait_until_6pm', 'manual__2024-06-05T17:16:45.751163+00:00', '--job-id', '789', '--raw', '--subdir', 'DAGS_FOLDER/pipeline.py', '--cfg-path', '/tmp/tmpl2j80d0u']
[2024-06-05T17:38:20.662+0000] {standard_task_runner.py:91} INFO - Job 789: Subtask wait_until_6pm
[2024-06-05T17:38:20.707+0000] {task_command.py:426} INFO - Running <TaskInstance: s3_postgres.wait_until_6pm manual__2024-06-05T17:16:45.751163+00:00 [running]> on host 0a6aac87d868
[2024-06-05T17:38:20.792+0000] {taskinstance.py:2648} INFO - Exporting env vars: AIRFLOW_CTX_DAG_OWNER='***' AIRFLOW_CTX_DAG_ID='s3_postgres' AIRFLOW_CTX_TASK_ID='wait_until_6pm' AIRFLOW_CTX_EXECUTION_DATE='2024-06-05T17:16:45.751163+00:00' AIRFLOW_CTX_TRY_NUMBER='1' AIRFLOW_CTX_DAG_RUN_ID='manual__2024-06-05T17:16:45.751163+00:00'
[2024-06-05T17:38:20.794+0000] {taskinstance.py:430} INFO - ::endgroup::
[2024-06-05T17:38:20.804+0000] {time_delta.py:51} INFO - Checking if the time (2024-06-05 18:00:00+00:00) has come
[2024-06-05T17:38:20.806+0000] {taskinstance.py:441} INFO - ::group::Post task execution logs
[2024-06-05T17:38:20.829+0000] {taskinstance.py:2865} INFO - Rescheduling task, marking task as UP_FOR_RESCHEDULE
[2024-06-05T17:38:20.874+0000] {local_task_job_runner.py:240} INFO - Task exited with return code 0
[2024-06-05T17:38:20.890+0000] {taskinstance.py:3498} INFO - 0 downstream tasks scheduled from follow-on schedule check
[2024-06-05T17:38:20.892+0000] {local_task_job_runner.py:222} INFO - ::endgroup::
[2024-06-05T17:39:22.295+0000] {local_task_job_runner.py:120} INFO - ::group::Pre task execution logs
[2024-06-05T17:39:22.317+0000] {taskinstance.py:2076} INFO - Dependencies all met for dep_context=non-requeueable deps ti=<TaskInstance: s3_postgres.wait_until_6pm manual__2024-06-05T17:16:45.751163+00:00 [queued]>
[2024-06-05T17:39:22.324+0000] {taskinstance.py:2076} INFO - Dependencies all met for dep_context=requeueable deps ti=<TaskInstance: s3_postgres.wait_until_6pm manual__2024-06-05T17:16:45.751163+00:00 [queued]>
[2024-06-05T17:39:22.325+0000] {taskinstance.py:2306} INFO - Starting attempt 1 of 2
[2024-06-05T17:39:22.337+0000] {taskinstance.py:2330} INFO - Executing <Task(TimeDeltaSensor): wait_until_6pm> on 2024-06-05 17:16:45.751163+00:00
[2024-06-05T17:39:22.343+0000] {warnings.py:110} WARNING - /home/***/.local/lib/python3.12/site-packages/***/task/task_runner/standard_task_runner.py:61: DeprecationWarning: This process (pid=248) is multi-threaded, use of fork() may lead to deadlocks in the child.
  pid = os.fork()

[2024-06-05T17:39:22.345+0000] {standard_task_runner.py:63} INFO - Started process 250 to run task
[2024-06-05T17:39:22.345+0000] {standard_task_runner.py:90} INFO - Running: ['***', 'tasks', 'run', 's3_postgres', 'wait_until_6pm', 'manual__2024-06-05T17:16:45.751163+00:00', '--job-id', '791', '--raw', '--subdir', 'DAGS_FOLDER/pipeline.py', '--cfg-path', '/tmp/tmpgy1otopf']
[2024-06-05T17:39:22.346+0000] {standard_task_runner.py:91} INFO - Job 791: Subtask wait_until_6pm
[2024-06-05T17:39:22.391+0000] {task_command.py:426} INFO - Running <TaskInstance: s3_postgres.wait_until_6pm manual__2024-06-05T17:16:45.751163+00:00 [running]> on host 0a6aac87d868
[2024-06-05T17:39:22.465+0000] {taskinstance.py:2648} INFO - Exporting env vars: AIRFLOW_CTX_DAG_OWNER='***' AIRFLOW_CTX_DAG_ID='s3_postgres' AIRFLOW_CTX_TASK_ID='wait_until_6pm' AIRFLOW_CTX_EXECUTION_DATE='2024-06-05T17:16:45.751163+00:00' AIRFLOW_CTX_TRY_NUMBER='1' AIRFLOW_CTX_DAG_RUN_ID='manual__2024-06-05T17:16:45.751163+00:00'
[2024-06-05T17:39:22.467+0000] {taskinstance.py:430} INFO - ::endgroup::
[2024-06-05T17:39:22.475+0000] {time_delta.py:51} INFO - Checking if the time (2024-06-05 18:00:00+00:00) has come
[2024-06-05T17:39:22.477+0000] {taskinstance.py:441} INFO - ::group::Post task execution logs
[2024-06-05T17:39:22.497+0000] {taskinstance.py:2865} INFO - Rescheduling task, marking task as UP_FOR_RESCHEDULE
[2024-06-05T17:39:22.519+0000] {local_task_job_runner.py:240} INFO - Task exited with return code 0
[2024-06-05T17:39:22.534+0000] {taskinstance.py:3498} INFO - 0 downstream tasks scheduled from follow-on schedule check
[2024-06-05T17:39:22.536+0000] {local_task_job_runner.py:222} INFO - ::endgroup::
[2024-06-05T17:40:24.178+0000] {local_task_job_runner.py:120} INFO - ::group::Pre task execution logs
[2024-06-05T17:40:24.205+0000] {taskinstance.py:2076} INFO - Dependencies all met for dep_context=non-requeueable deps ti=<TaskInstance: s3_postgres.wait_until_6pm manual__2024-06-05T17:16:45.751163+00:00 [queued]>
[2024-06-05T17:40:24.218+0000] {taskinstance.py:2076} INFO - Dependencies all met for dep_context=requeueable deps ti=<TaskInstance: s3_postgres.wait_until_6pm manual__2024-06-05T17:16:45.751163+00:00 [queued]>
[2024-06-05T17:40:24.219+0000] {taskinstance.py:2306} INFO - Starting attempt 1 of 2
[2024-06-05T17:40:24.236+0000] {taskinstance.py:2330} INFO - Executing <Task(TimeDeltaSensor): wait_until_6pm> on 2024-06-05 17:16:45.751163+00:00
[2024-06-05T17:40:24.245+0000] {warnings.py:110} WARNING - /home/***/.local/lib/python3.12/site-packages/***/task/task_runner/standard_task_runner.py:61: DeprecationWarning: This process (pid=268) is multi-threaded, use of fork() may lead to deadlocks in the child.
  pid = os.fork()

[2024-06-05T17:40:24.247+0000] {standard_task_runner.py:63} INFO - Started process 270 to run task
[2024-06-05T17:40:24.247+0000] {standard_task_runner.py:90} INFO - Running: ['***', 'tasks', 'run', 's3_postgres', 'wait_until_6pm', 'manual__2024-06-05T17:16:45.751163+00:00', '--job-id', '793', '--raw', '--subdir', 'DAGS_FOLDER/pipeline.py', '--cfg-path', '/tmp/tmpquu8gnyn']
[2024-06-05T17:40:24.248+0000] {standard_task_runner.py:91} INFO - Job 793: Subtask wait_until_6pm
[2024-06-05T17:40:24.309+0000] {task_command.py:426} INFO - Running <TaskInstance: s3_postgres.wait_until_6pm manual__2024-06-05T17:16:45.751163+00:00 [running]> on host 0a6aac87d868
[2024-06-05T17:40:24.420+0000] {taskinstance.py:2648} INFO - Exporting env vars: AIRFLOW_CTX_DAG_OWNER='***' AIRFLOW_CTX_DAG_ID='s3_postgres' AIRFLOW_CTX_TASK_ID='wait_until_6pm' AIRFLOW_CTX_EXECUTION_DATE='2024-06-05T17:16:45.751163+00:00' AIRFLOW_CTX_TRY_NUMBER='1' AIRFLOW_CTX_DAG_RUN_ID='manual__2024-06-05T17:16:45.751163+00:00'
[2024-06-05T17:40:24.421+0000] {taskinstance.py:430} INFO - ::endgroup::
[2024-06-05T17:40:24.433+0000] {time_delta.py:51} INFO - Checking if the time (2024-06-05 18:00:00+00:00) has come
[2024-06-05T17:40:24.435+0000] {taskinstance.py:441} INFO - ::group::Post task execution logs
[2024-06-05T17:40:24.462+0000] {taskinstance.py:2865} INFO - Rescheduling task, marking task as UP_FOR_RESCHEDULE
[2024-06-05T17:40:24.501+0000] {local_task_job_runner.py:240} INFO - Task exited with return code 0
[2024-06-05T17:40:24.516+0000] {taskinstance.py:3498} INFO - 0 downstream tasks scheduled from follow-on schedule check
[2024-06-05T17:40:24.518+0000] {local_task_job_runner.py:222} INFO - ::endgroup::
[2024-06-05T17:41:26.455+0000] {local_task_job_runner.py:120} INFO - ::group::Pre task execution logs
[2024-06-05T17:41:26.476+0000] {taskinstance.py:2076} INFO - Dependencies all met for dep_context=non-requeueable deps ti=<TaskInstance: s3_postgres.wait_until_6pm manual__2024-06-05T17:16:45.751163+00:00 [queued]>
[2024-06-05T17:41:26.485+0000] {taskinstance.py:2076} INFO - Dependencies all met for dep_context=requeueable deps ti=<TaskInstance: s3_postgres.wait_until_6pm manual__2024-06-05T17:16:45.751163+00:00 [queued]>
[2024-06-05T17:41:26.486+0000] {taskinstance.py:2306} INFO - Starting attempt 1 of 2
[2024-06-05T17:41:26.499+0000] {taskinstance.py:2330} INFO - Executing <Task(TimeDeltaSensor): wait_until_6pm> on 2024-06-05 17:16:45.751163+00:00
[2024-06-05T17:41:26.505+0000] {warnings.py:110} WARNING - /home/***/.local/lib/python3.12/site-packages/***/task/task_runner/standard_task_runner.py:61: DeprecationWarning: This process (pid=288) is multi-threaded, use of fork() may lead to deadlocks in the child.
  pid = os.fork()

[2024-06-05T17:41:26.508+0000] {standard_task_runner.py:63} INFO - Started process 290 to run task
[2024-06-05T17:41:26.507+0000] {standard_task_runner.py:90} INFO - Running: ['***', 'tasks', 'run', 's3_postgres', 'wait_until_6pm', 'manual__2024-06-05T17:16:45.751163+00:00', '--job-id', '795', '--raw', '--subdir', 'DAGS_FOLDER/pipeline.py', '--cfg-path', '/tmp/tmpq8frsi41']
[2024-06-05T17:41:26.508+0000] {standard_task_runner.py:91} INFO - Job 795: Subtask wait_until_6pm
[2024-06-05T17:41:26.554+0000] {task_command.py:426} INFO - Running <TaskInstance: s3_postgres.wait_until_6pm manual__2024-06-05T17:16:45.751163+00:00 [running]> on host 0a6aac87d868
[2024-06-05T17:41:26.632+0000] {taskinstance.py:2648} INFO - Exporting env vars: AIRFLOW_CTX_DAG_OWNER='***' AIRFLOW_CTX_DAG_ID='s3_postgres' AIRFLOW_CTX_TASK_ID='wait_until_6pm' AIRFLOW_CTX_EXECUTION_DATE='2024-06-05T17:16:45.751163+00:00' AIRFLOW_CTX_TRY_NUMBER='1' AIRFLOW_CTX_DAG_RUN_ID='manual__2024-06-05T17:16:45.751163+00:00'
[2024-06-05T17:41:26.633+0000] {taskinstance.py:430} INFO - ::endgroup::
[2024-06-05T17:41:26.641+0000] {time_delta.py:51} INFO - Checking if the time (2024-06-05 18:00:00+00:00) has come
[2024-06-05T17:41:26.643+0000] {taskinstance.py:441} INFO - ::group::Post task execution logs
[2024-06-05T17:41:26.660+0000] {taskinstance.py:2865} INFO - Rescheduling task, marking task as UP_FOR_RESCHEDULE
[2024-06-05T17:41:26.682+0000] {local_task_job_runner.py:240} INFO - Task exited with return code 0
[2024-06-05T17:41:26.697+0000] {taskinstance.py:3498} INFO - 0 downstream tasks scheduled from follow-on schedule check
[2024-06-05T17:41:26.699+0000] {local_task_job_runner.py:222} INFO - ::endgroup::
[2024-06-05T17:43:15.735+0000] {local_task_job_runner.py:120} INFO - ::group::Pre task execution logs
[2024-06-05T17:43:15.774+0000] {taskinstance.py:2076} INFO - Dependencies all met for dep_context=non-requeueable deps ti=<TaskInstance: s3_postgres.wait_until_6pm manual__2024-06-05T17:16:45.751163+00:00 [queued]>
[2024-06-05T17:43:15.787+0000] {taskinstance.py:2076} INFO - Dependencies all met for dep_context=requeueable deps ti=<TaskInstance: s3_postgres.wait_until_6pm manual__2024-06-05T17:16:45.751163+00:00 [queued]>
[2024-06-05T17:43:15.788+0000] {taskinstance.py:2306} INFO - Starting attempt 1 of 2
[2024-06-05T17:43:15.825+0000] {taskinstance.py:2330} INFO - Executing <Task(TimeDeltaSensor): wait_until_6pm> on 2024-06-05 17:16:45.751163+00:00
[2024-06-05T17:43:15.835+0000] {warnings.py:110} WARNING - /home/***/.local/lib/python3.12/site-packages/***/task/task_runner/standard_task_runner.py:61: DeprecationWarning: This process (pid=49) is multi-threaded, use of fork() may lead to deadlocks in the child.
  pid = os.fork()

[2024-06-05T17:43:15.837+0000] {standard_task_runner.py:63} INFO - Started process 60 to run task
[2024-06-05T17:43:15.838+0000] {standard_task_runner.py:90} INFO - Running: ['***', 'tasks', 'run', 's3_postgres', 'wait_until_6pm', 'manual__2024-06-05T17:16:45.751163+00:00', '--job-id', '798', '--raw', '--subdir', 'DAGS_FOLDER/pipeline.py', '--cfg-path', '/tmp/tmp0gyn_fxp']
[2024-06-05T17:43:15.839+0000] {standard_task_runner.py:91} INFO - Job 798: Subtask wait_until_6pm
[2024-06-05T17:43:15.932+0000] {task_command.py:426} INFO - Running <TaskInstance: s3_postgres.wait_until_6pm manual__2024-06-05T17:16:45.751163+00:00 [running]> on host b9a8b9be1324
[2024-06-05T17:43:16.090+0000] {taskinstance.py:2648} INFO - Exporting env vars: AIRFLOW_CTX_DAG_OWNER='***' AIRFLOW_CTX_DAG_ID='s3_postgres' AIRFLOW_CTX_TASK_ID='wait_until_6pm' AIRFLOW_CTX_EXECUTION_DATE='2024-06-05T17:16:45.751163+00:00' AIRFLOW_CTX_TRY_NUMBER='1' AIRFLOW_CTX_DAG_RUN_ID='manual__2024-06-05T17:16:45.751163+00:00'
[2024-06-05T17:43:16.092+0000] {taskinstance.py:430} INFO - ::endgroup::
[2024-06-05T17:43:16.107+0000] {time_delta.py:51} INFO - Checking if the time (2024-06-05 18:00:00+00:00) has come
[2024-06-05T17:43:16.110+0000] {taskinstance.py:441} INFO - ::group::Post task execution logs
[2024-06-05T17:43:16.183+0000] {taskinstance.py:2865} INFO - Rescheduling task, marking task as UP_FOR_RESCHEDULE
[2024-06-05T17:43:16.222+0000] {local_task_job_runner.py:240} INFO - Task exited with return code 0
[2024-06-05T17:43:16.250+0000] {taskinstance.py:3498} INFO - 0 downstream tasks scheduled from follow-on schedule check
[2024-06-05T17:43:16.259+0000] {local_task_job_runner.py:222} INFO - ::endgroup::
[2024-06-05T17:44:18.403+0000] {local_task_job_runner.py:120} INFO - ::group::Pre task execution logs
[2024-06-05T17:44:18.425+0000] {taskinstance.py:2076} INFO - Dependencies all met for dep_context=non-requeueable deps ti=<TaskInstance: s3_postgres.wait_until_6pm manual__2024-06-05T17:16:45.751163+00:00 [queued]>
[2024-06-05T17:44:18.434+0000] {taskinstance.py:2076} INFO - Dependencies all met for dep_context=requeueable deps ti=<TaskInstance: s3_postgres.wait_until_6pm manual__2024-06-05T17:16:45.751163+00:00 [queued]>
[2024-06-05T17:44:18.435+0000] {taskinstance.py:2306} INFO - Starting attempt 1 of 2
[2024-06-05T17:44:18.448+0000] {taskinstance.py:2330} INFO - Executing <Task(TimeDeltaSensor): wait_until_6pm> on 2024-06-05 17:16:45.751163+00:00
[2024-06-05T17:44:18.455+0000] {warnings.py:110} WARNING - /home/***/.local/lib/python3.12/site-packages/***/task/task_runner/standard_task_runner.py:61: DeprecationWarning: This process (pid=72) is multi-threaded, use of fork() may lead to deadlocks in the child.
  pid = os.fork()

[2024-06-05T17:44:18.458+0000] {standard_task_runner.py:63} INFO - Started process 75 to run task
[2024-06-05T17:44:18.457+0000] {standard_task_runner.py:90} INFO - Running: ['***', 'tasks', 'run', 's3_postgres', 'wait_until_6pm', 'manual__2024-06-05T17:16:45.751163+00:00', '--job-id', '801', '--raw', '--subdir', 'DAGS_FOLDER/pipeline.py', '--cfg-path', '/tmp/tmpqpfcnt28']
[2024-06-05T17:44:18.459+0000] {standard_task_runner.py:91} INFO - Job 801: Subtask wait_until_6pm
[2024-06-05T17:44:18.510+0000] {task_command.py:426} INFO - Running <TaskInstance: s3_postgres.wait_until_6pm manual__2024-06-05T17:16:45.751163+00:00 [running]> on host b9a8b9be1324
[2024-06-05T17:44:18.602+0000] {taskinstance.py:2648} INFO - Exporting env vars: AIRFLOW_CTX_DAG_OWNER='***' AIRFLOW_CTX_DAG_ID='s3_postgres' AIRFLOW_CTX_TASK_ID='wait_until_6pm' AIRFLOW_CTX_EXECUTION_DATE='2024-06-05T17:16:45.751163+00:00' AIRFLOW_CTX_TRY_NUMBER='1' AIRFLOW_CTX_DAG_RUN_ID='manual__2024-06-05T17:16:45.751163+00:00'
[2024-06-05T17:44:18.605+0000] {taskinstance.py:430} INFO - ::endgroup::
[2024-06-05T17:44:18.615+0000] {time_delta.py:51} INFO - Checking if the time (2024-06-05 18:00:00+00:00) has come
[2024-06-05T17:44:18.618+0000] {taskinstance.py:441} INFO - ::group::Post task execution logs
[2024-06-05T17:44:18.640+0000] {taskinstance.py:2865} INFO - Rescheduling task, marking task as UP_FOR_RESCHEDULE
[2024-06-05T17:44:18.672+0000] {local_task_job_runner.py:240} INFO - Task exited with return code 0
[2024-06-05T17:44:18.690+0000] {taskinstance.py:3498} INFO - 0 downstream tasks scheduled from follow-on schedule check
[2024-06-05T17:44:18.693+0000] {local_task_job_runner.py:222} INFO - ::endgroup::
[2024-06-05T17:45:20.996+0000] {local_task_job_runner.py:120} INFO - ::group::Pre task execution logs
[2024-06-05T17:45:21.025+0000] {taskinstance.py:2076} INFO - Dependencies all met for dep_context=non-requeueable deps ti=<TaskInstance: s3_postgres.wait_until_6pm manual__2024-06-05T17:16:45.751163+00:00 [queued]>
[2024-06-05T17:45:21.037+0000] {taskinstance.py:2076} INFO - Dependencies all met for dep_context=requeueable deps ti=<TaskInstance: s3_postgres.wait_until_6pm manual__2024-06-05T17:16:45.751163+00:00 [queued]>
[2024-06-05T17:45:21.037+0000] {taskinstance.py:2306} INFO - Starting attempt 1 of 2
[2024-06-05T17:45:21.056+0000] {taskinstance.py:2330} INFO - Executing <Task(TimeDeltaSensor): wait_until_6pm> on 2024-06-05 17:16:45.751163+00:00
[2024-06-05T17:45:21.063+0000] {warnings.py:110} WARNING - /home/***/.local/lib/python3.12/site-packages/***/task/task_runner/standard_task_runner.py:61: DeprecationWarning: This process (pid=91) is multi-threaded, use of fork() may lead to deadlocks in the child.
  pid = os.fork()

[2024-06-05T17:45:21.064+0000] {standard_task_runner.py:63} INFO - Started process 93 to run task
[2024-06-05T17:45:21.065+0000] {standard_task_runner.py:90} INFO - Running: ['***', 'tasks', 'run', 's3_postgres', 'wait_until_6pm', 'manual__2024-06-05T17:16:45.751163+00:00', '--job-id', '802', '--raw', '--subdir', 'DAGS_FOLDER/pipeline.py', '--cfg-path', '/tmp/tmpgke7k_n3']
[2024-06-05T17:45:21.066+0000] {standard_task_runner.py:91} INFO - Job 802: Subtask wait_until_6pm
[2024-06-05T17:45:21.136+0000] {task_command.py:426} INFO - Running <TaskInstance: s3_postgres.wait_until_6pm manual__2024-06-05T17:16:45.751163+00:00 [running]> on host b9a8b9be1324
[2024-06-05T17:45:21.280+0000] {taskinstance.py:2648} INFO - Exporting env vars: AIRFLOW_CTX_DAG_OWNER='***' AIRFLOW_CTX_DAG_ID='s3_postgres' AIRFLOW_CTX_TASK_ID='wait_until_6pm' AIRFLOW_CTX_EXECUTION_DATE='2024-06-05T17:16:45.751163+00:00' AIRFLOW_CTX_TRY_NUMBER='1' AIRFLOW_CTX_DAG_RUN_ID='manual__2024-06-05T17:16:45.751163+00:00'
[2024-06-05T17:45:21.282+0000] {taskinstance.py:430} INFO - ::endgroup::
[2024-06-05T17:45:21.295+0000] {time_delta.py:51} INFO - Checking if the time (2024-06-05 18:00:00+00:00) has come
[2024-06-05T17:45:21.298+0000] {taskinstance.py:441} INFO - ::group::Post task execution logs
[2024-06-05T17:45:21.327+0000] {taskinstance.py:2865} INFO - Rescheduling task, marking task as UP_FOR_RESCHEDULE
[2024-06-05T17:45:21.360+0000] {local_task_job_runner.py:240} INFO - Task exited with return code 0
[2024-06-05T17:45:21.378+0000] {taskinstance.py:3498} INFO - 0 downstream tasks scheduled from follow-on schedule check
[2024-06-05T17:45:21.381+0000] {local_task_job_runner.py:222} INFO - ::endgroup::
[2024-06-05T17:46:23.243+0000] {local_task_job_runner.py:120} INFO - ::group::Pre task execution logs
[2024-06-05T17:46:23.270+0000] {taskinstance.py:2076} INFO - Dependencies all met for dep_context=non-requeueable deps ti=<TaskInstance: s3_postgres.wait_until_6pm manual__2024-06-05T17:16:45.751163+00:00 [queued]>
[2024-06-05T17:46:23.280+0000] {taskinstance.py:2076} INFO - Dependencies all met for dep_context=requeueable deps ti=<TaskInstance: s3_postgres.wait_until_6pm manual__2024-06-05T17:16:45.751163+00:00 [queued]>
[2024-06-05T17:46:23.281+0000] {taskinstance.py:2306} INFO - Starting attempt 1 of 2
[2024-06-05T17:46:23.296+0000] {taskinstance.py:2330} INFO - Executing <Task(TimeDeltaSensor): wait_until_6pm> on 2024-06-05 17:16:45.751163+00:00
[2024-06-05T17:46:23.303+0000] {warnings.py:110} WARNING - /home/***/.local/lib/python3.12/site-packages/***/task/task_runner/standard_task_runner.py:61: DeprecationWarning: This process (pid=108) is multi-threaded, use of fork() may lead to deadlocks in the child.
  pid = os.fork()

[2024-06-05T17:46:23.305+0000] {standard_task_runner.py:63} INFO - Started process 110 to run task
[2024-06-05T17:46:23.305+0000] {standard_task_runner.py:90} INFO - Running: ['***', 'tasks', 'run', 's3_postgres', 'wait_until_6pm', 'manual__2024-06-05T17:16:45.751163+00:00', '--job-id', '803', '--raw', '--subdir', 'DAGS_FOLDER/pipeline.py', '--cfg-path', '/tmp/tmpojfuxvqf']
[2024-06-05T17:46:23.306+0000] {standard_task_runner.py:91} INFO - Job 803: Subtask wait_until_6pm
[2024-06-05T17:46:23.364+0000] {task_command.py:426} INFO - Running <TaskInstance: s3_postgres.wait_until_6pm manual__2024-06-05T17:16:45.751163+00:00 [running]> on host b9a8b9be1324
[2024-06-05T17:46:23.463+0000] {taskinstance.py:2648} INFO - Exporting env vars: AIRFLOW_CTX_DAG_OWNER='***' AIRFLOW_CTX_DAG_ID='s3_postgres' AIRFLOW_CTX_TASK_ID='wait_until_6pm' AIRFLOW_CTX_EXECUTION_DATE='2024-06-05T17:16:45.751163+00:00' AIRFLOW_CTX_TRY_NUMBER='1' AIRFLOW_CTX_DAG_RUN_ID='manual__2024-06-05T17:16:45.751163+00:00'
[2024-06-05T17:46:23.465+0000] {taskinstance.py:430} INFO - ::endgroup::
[2024-06-05T17:46:23.475+0000] {time_delta.py:51} INFO - Checking if the time (2024-06-05 18:00:00+00:00) has come
[2024-06-05T17:46:23.477+0000] {taskinstance.py:441} INFO - ::group::Post task execution logs
[2024-06-05T17:46:23.498+0000] {taskinstance.py:2865} INFO - Rescheduling task, marking task as UP_FOR_RESCHEDULE
[2024-06-05T17:46:23.519+0000] {local_task_job_runner.py:240} INFO - Task exited with return code 0
[2024-06-05T17:46:23.536+0000] {taskinstance.py:3498} INFO - 0 downstream tasks scheduled from follow-on schedule check
[2024-06-05T17:46:23.539+0000] {local_task_job_runner.py:222} INFO - ::endgroup::
[2024-06-05T17:47:25.736+0000] {local_task_job_runner.py:120} INFO - ::group::Pre task execution logs
[2024-06-05T17:47:25.768+0000] {taskinstance.py:2076} INFO - Dependencies all met for dep_context=non-requeueable deps ti=<TaskInstance: s3_postgres.wait_until_6pm manual__2024-06-05T17:16:45.751163+00:00 [queued]>
[2024-06-05T17:47:25.782+0000] {taskinstance.py:2076} INFO - Dependencies all met for dep_context=requeueable deps ti=<TaskInstance: s3_postgres.wait_until_6pm manual__2024-06-05T17:16:45.751163+00:00 [queued]>
[2024-06-05T17:47:25.783+0000] {taskinstance.py:2306} INFO - Starting attempt 1 of 2
[2024-06-05T17:47:25.803+0000] {taskinstance.py:2330} INFO - Executing <Task(TimeDeltaSensor): wait_until_6pm> on 2024-06-05 17:16:45.751163+00:00
[2024-06-05T17:47:25.813+0000] {warnings.py:110} WARNING - /home/***/.local/lib/python3.12/site-packages/***/task/task_runner/standard_task_runner.py:61: DeprecationWarning: This process (pid=128) is multi-threaded, use of fork() may lead to deadlocks in the child.
  pid = os.fork()

[2024-06-05T17:47:25.816+0000] {standard_task_runner.py:63} INFO - Started process 132 to run task
[2024-06-05T17:47:25.817+0000] {standard_task_runner.py:90} INFO - Running: ['***', 'tasks', 'run', 's3_postgres', 'wait_until_6pm', 'manual__2024-06-05T17:16:45.751163+00:00', '--job-id', '805', '--raw', '--subdir', 'DAGS_FOLDER/pipeline.py', '--cfg-path', '/tmp/tmppaf6j9hq']
[2024-06-05T17:47:25.819+0000] {standard_task_runner.py:91} INFO - Job 805: Subtask wait_until_6pm
[2024-06-05T17:47:25.892+0000] {task_command.py:426} INFO - Running <TaskInstance: s3_postgres.wait_until_6pm manual__2024-06-05T17:16:45.751163+00:00 [running]> on host b9a8b9be1324
[2024-06-05T17:47:26.028+0000] {taskinstance.py:2648} INFO - Exporting env vars: AIRFLOW_CTX_DAG_OWNER='***' AIRFLOW_CTX_DAG_ID='s3_postgres' AIRFLOW_CTX_TASK_ID='wait_until_6pm' AIRFLOW_CTX_EXECUTION_DATE='2024-06-05T17:16:45.751163+00:00' AIRFLOW_CTX_TRY_NUMBER='1' AIRFLOW_CTX_DAG_RUN_ID='manual__2024-06-05T17:16:45.751163+00:00'
[2024-06-05T17:47:26.030+0000] {taskinstance.py:430} INFO - ::endgroup::
[2024-06-05T17:47:26.044+0000] {time_delta.py:51} INFO - Checking if the time (2024-06-05 18:00:00+00:00) has come
[2024-06-05T17:47:26.048+0000] {taskinstance.py:441} INFO - ::group::Post task execution logs
[2024-06-05T17:47:26.087+0000] {taskinstance.py:2865} INFO - Rescheduling task, marking task as UP_FOR_RESCHEDULE
[2024-06-05T17:47:26.112+0000] {local_task_job_runner.py:240} INFO - Task exited with return code 0
[2024-06-05T17:47:26.151+0000] {taskinstance.py:3498} INFO - 0 downstream tasks scheduled from follow-on schedule check
[2024-06-05T17:47:26.154+0000] {local_task_job_runner.py:222} INFO - ::endgroup::
[2024-06-05T17:48:27.737+0000] {local_task_job_runner.py:120} INFO - ::group::Pre task execution logs
[2024-06-05T17:48:27.759+0000] {taskinstance.py:2076} INFO - Dependencies all met for dep_context=non-requeueable deps ti=<TaskInstance: s3_postgres.wait_until_6pm manual__2024-06-05T17:16:45.751163+00:00 [queued]>
[2024-06-05T17:48:27.767+0000] {taskinstance.py:2076} INFO - Dependencies all met for dep_context=requeueable deps ti=<TaskInstance: s3_postgres.wait_until_6pm manual__2024-06-05T17:16:45.751163+00:00 [queued]>
[2024-06-05T17:48:27.768+0000] {taskinstance.py:2306} INFO - Starting attempt 1 of 2
[2024-06-05T17:48:27.781+0000] {taskinstance.py:2330} INFO - Executing <Task(TimeDeltaSensor): wait_until_6pm> on 2024-06-05 17:16:45.751163+00:00
[2024-06-05T17:48:27.787+0000] {warnings.py:110} WARNING - /home/***/.local/lib/python3.12/site-packages/***/task/task_runner/standard_task_runner.py:61: DeprecationWarning: This process (pid=156) is multi-threaded, use of fork() may lead to deadlocks in the child.
  pid = os.fork()

[2024-06-05T17:48:27.789+0000] {standard_task_runner.py:63} INFO - Started process 158 to run task
[2024-06-05T17:48:27.789+0000] {standard_task_runner.py:90} INFO - Running: ['***', 'tasks', 'run', 's3_postgres', 'wait_until_6pm', 'manual__2024-06-05T17:16:45.751163+00:00', '--job-id', '809', '--raw', '--subdir', 'DAGS_FOLDER/pipeline.py', '--cfg-path', '/tmp/tmp20p35swf']
[2024-06-05T17:48:27.790+0000] {standard_task_runner.py:91} INFO - Job 809: Subtask wait_until_6pm
[2024-06-05T17:48:27.838+0000] {task_command.py:426} INFO - Running <TaskInstance: s3_postgres.wait_until_6pm manual__2024-06-05T17:16:45.751163+00:00 [running]> on host b9a8b9be1324
[2024-06-05T17:48:27.911+0000] {taskinstance.py:2648} INFO - Exporting env vars: AIRFLOW_CTX_DAG_OWNER='***' AIRFLOW_CTX_DAG_ID='s3_postgres' AIRFLOW_CTX_TASK_ID='wait_until_6pm' AIRFLOW_CTX_EXECUTION_DATE='2024-06-05T17:16:45.751163+00:00' AIRFLOW_CTX_TRY_NUMBER='1' AIRFLOW_CTX_DAG_RUN_ID='manual__2024-06-05T17:16:45.751163+00:00'
[2024-06-05T17:48:27.912+0000] {taskinstance.py:430} INFO - ::endgroup::
[2024-06-05T17:48:27.920+0000] {time_delta.py:51} INFO - Checking if the time (2024-06-05 18:00:00+00:00) has come
[2024-06-05T17:48:27.922+0000] {taskinstance.py:441} INFO - ::group::Post task execution logs
[2024-06-05T17:48:27.938+0000] {taskinstance.py:2865} INFO - Rescheduling task, marking task as UP_FOR_RESCHEDULE
[2024-06-05T17:48:27.963+0000] {local_task_job_runner.py:240} INFO - Task exited with return code 0
[2024-06-05T17:48:27.979+0000] {taskinstance.py:3498} INFO - 0 downstream tasks scheduled from follow-on schedule check
[2024-06-05T17:48:27.982+0000] {local_task_job_runner.py:222} INFO - ::endgroup::
[2024-06-05T17:49:30.220+0000] {local_task_job_runner.py:120} INFO - ::group::Pre task execution logs
[2024-06-05T17:49:30.241+0000] {taskinstance.py:2076} INFO - Dependencies all met for dep_context=non-requeueable deps ti=<TaskInstance: s3_postgres.wait_until_6pm manual__2024-06-05T17:16:45.751163+00:00 [queued]>
[2024-06-05T17:49:30.250+0000] {taskinstance.py:2076} INFO - Dependencies all met for dep_context=requeueable deps ti=<TaskInstance: s3_postgres.wait_until_6pm manual__2024-06-05T17:16:45.751163+00:00 [queued]>
[2024-06-05T17:49:30.251+0000] {taskinstance.py:2306} INFO - Starting attempt 1 of 2
[2024-06-05T17:49:30.264+0000] {taskinstance.py:2330} INFO - Executing <Task(TimeDeltaSensor): wait_until_6pm> on 2024-06-05 17:16:45.751163+00:00
[2024-06-05T17:49:30.271+0000] {warnings.py:110} WARNING - /home/***/.local/lib/python3.12/site-packages/***/task/task_runner/standard_task_runner.py:61: DeprecationWarning: This process (pid=176) is multi-threaded, use of fork() may lead to deadlocks in the child.
  pid = os.fork()

[2024-06-05T17:49:30.273+0000] {standard_task_runner.py:63} INFO - Started process 178 to run task
[2024-06-05T17:49:30.273+0000] {standard_task_runner.py:90} INFO - Running: ['***', 'tasks', 'run', 's3_postgres', 'wait_until_6pm', 'manual__2024-06-05T17:16:45.751163+00:00', '--job-id', '811', '--raw', '--subdir', 'DAGS_FOLDER/pipeline.py', '--cfg-path', '/tmp/tmpuw99pzki']
[2024-06-05T17:49:30.274+0000] {standard_task_runner.py:91} INFO - Job 811: Subtask wait_until_6pm
[2024-06-05T17:49:30.320+0000] {task_command.py:426} INFO - Running <TaskInstance: s3_postgres.wait_until_6pm manual__2024-06-05T17:16:45.751163+00:00 [running]> on host b9a8b9be1324
[2024-06-05T17:49:30.406+0000] {taskinstance.py:2648} INFO - Exporting env vars: AIRFLOW_CTX_DAG_OWNER='***' AIRFLOW_CTX_DAG_ID='s3_postgres' AIRFLOW_CTX_TASK_ID='wait_until_6pm' AIRFLOW_CTX_EXECUTION_DATE='2024-06-05T17:16:45.751163+00:00' AIRFLOW_CTX_TRY_NUMBER='1' AIRFLOW_CTX_DAG_RUN_ID='manual__2024-06-05T17:16:45.751163+00:00'
[2024-06-05T17:49:30.408+0000] {taskinstance.py:430} INFO - ::endgroup::
[2024-06-05T17:49:30.417+0000] {time_delta.py:51} INFO - Checking if the time (2024-06-05 18:00:00+00:00) has come
[2024-06-05T17:49:30.419+0000] {taskinstance.py:441} INFO - ::group::Post task execution logs
[2024-06-05T17:49:30.439+0000] {taskinstance.py:2865} INFO - Rescheduling task, marking task as UP_FOR_RESCHEDULE
[2024-06-05T17:49:30.487+0000] {local_task_job_runner.py:240} INFO - Task exited with return code 0
[2024-06-05T17:49:30.503+0000] {taskinstance.py:3498} INFO - 0 downstream tasks scheduled from follow-on schedule check
[2024-06-05T17:49:30.506+0000] {local_task_job_runner.py:222} INFO - ::endgroup::
[2024-06-05T17:50:32.627+0000] {local_task_job_runner.py:120} INFO - ::group::Pre task execution logs
[2024-06-05T17:50:32.647+0000] {taskinstance.py:2076} INFO - Dependencies all met for dep_context=non-requeueable deps ti=<TaskInstance: s3_postgres.wait_until_6pm manual__2024-06-05T17:16:45.751163+00:00 [queued]>
[2024-06-05T17:50:32.656+0000] {taskinstance.py:2076} INFO - Dependencies all met for dep_context=requeueable deps ti=<TaskInstance: s3_postgres.wait_until_6pm manual__2024-06-05T17:16:45.751163+00:00 [queued]>
[2024-06-05T17:50:32.656+0000] {taskinstance.py:2306} INFO - Starting attempt 1 of 2
[2024-06-05T17:50:32.669+0000] {taskinstance.py:2330} INFO - Executing <Task(TimeDeltaSensor): wait_until_6pm> on 2024-06-05 17:16:45.751163+00:00
[2024-06-05T17:50:32.674+0000] {warnings.py:110} WARNING - /home/***/.local/lib/python3.12/site-packages/***/task/task_runner/standard_task_runner.py:61: DeprecationWarning: This process (pid=196) is multi-threaded, use of fork() may lead to deadlocks in the child.
  pid = os.fork()

[2024-06-05T17:50:32.676+0000] {standard_task_runner.py:63} INFO - Started process 198 to run task
[2024-06-05T17:50:32.676+0000] {standard_task_runner.py:90} INFO - Running: ['***', 'tasks', 'run', 's3_postgres', 'wait_until_6pm', 'manual__2024-06-05T17:16:45.751163+00:00', '--job-id', '813', '--raw', '--subdir', 'DAGS_FOLDER/pipeline.py', '--cfg-path', '/tmp/tmpfj8yzyqw']
[2024-06-05T17:50:32.677+0000] {standard_task_runner.py:91} INFO - Job 813: Subtask wait_until_6pm
[2024-06-05T17:50:32.725+0000] {task_command.py:426} INFO - Running <TaskInstance: s3_postgres.wait_until_6pm manual__2024-06-05T17:16:45.751163+00:00 [running]> on host b9a8b9be1324
[2024-06-05T17:50:32.803+0000] {taskinstance.py:2648} INFO - Exporting env vars: AIRFLOW_CTX_DAG_OWNER='***' AIRFLOW_CTX_DAG_ID='s3_postgres' AIRFLOW_CTX_TASK_ID='wait_until_6pm' AIRFLOW_CTX_EXECUTION_DATE='2024-06-05T17:16:45.751163+00:00' AIRFLOW_CTX_TRY_NUMBER='1' AIRFLOW_CTX_DAG_RUN_ID='manual__2024-06-05T17:16:45.751163+00:00'
[2024-06-05T17:50:32.804+0000] {taskinstance.py:430} INFO - ::endgroup::
[2024-06-05T17:50:32.813+0000] {time_delta.py:51} INFO - Checking if the time (2024-06-05 18:00:00+00:00) has come
[2024-06-05T17:50:32.814+0000] {taskinstance.py:441} INFO - ::group::Post task execution logs
[2024-06-05T17:50:32.833+0000] {taskinstance.py:2865} INFO - Rescheduling task, marking task as UP_FOR_RESCHEDULE
[2024-06-05T17:50:32.850+0000] {local_task_job_runner.py:240} INFO - Task exited with return code 0
[2024-06-05T17:50:32.865+0000] {taskinstance.py:3498} INFO - 0 downstream tasks scheduled from follow-on schedule check
[2024-06-05T17:50:32.868+0000] {local_task_job_runner.py:222} INFO - ::endgroup::
[2024-06-05T17:51:34.719+0000] {local_task_job_runner.py:120} INFO - ::group::Pre task execution logs
[2024-06-05T17:51:34.741+0000] {taskinstance.py:2076} INFO - Dependencies all met for dep_context=non-requeueable deps ti=<TaskInstance: s3_postgres.wait_until_6pm manual__2024-06-05T17:16:45.751163+00:00 [queued]>
[2024-06-05T17:51:34.749+0000] {taskinstance.py:2076} INFO - Dependencies all met for dep_context=requeueable deps ti=<TaskInstance: s3_postgres.wait_until_6pm manual__2024-06-05T17:16:45.751163+00:00 [queued]>
[2024-06-05T17:51:34.750+0000] {taskinstance.py:2306} INFO - Starting attempt 1 of 2
[2024-06-05T17:51:34.765+0000] {taskinstance.py:2330} INFO - Executing <Task(TimeDeltaSensor): wait_until_6pm> on 2024-06-05 17:16:45.751163+00:00
[2024-06-05T17:51:34.772+0000] {warnings.py:110} WARNING - /home/***/.local/lib/python3.12/site-packages/***/task/task_runner/standard_task_runner.py:61: DeprecationWarning: This process (pid=222) is multi-threaded, use of fork() may lead to deadlocks in the child.
  pid = os.fork()

[2024-06-05T17:51:34.774+0000] {standard_task_runner.py:63} INFO - Started process 224 to run task
[2024-06-05T17:51:34.775+0000] {standard_task_runner.py:90} INFO - Running: ['***', 'tasks', 'run', 's3_postgres', 'wait_until_6pm', 'manual__2024-06-05T17:16:45.751163+00:00', '--job-id', '817', '--raw', '--subdir', 'DAGS_FOLDER/pipeline.py', '--cfg-path', '/tmp/tmpb48xn0er']
[2024-06-05T17:51:34.776+0000] {standard_task_runner.py:91} INFO - Job 817: Subtask wait_until_6pm
[2024-06-05T17:51:34.830+0000] {task_command.py:426} INFO - Running <TaskInstance: s3_postgres.wait_until_6pm manual__2024-06-05T17:16:45.751163+00:00 [running]> on host b9a8b9be1324
[2024-06-05T17:51:34.922+0000] {taskinstance.py:2648} INFO - Exporting env vars: AIRFLOW_CTX_DAG_OWNER='***' AIRFLOW_CTX_DAG_ID='s3_postgres' AIRFLOW_CTX_TASK_ID='wait_until_6pm' AIRFLOW_CTX_EXECUTION_DATE='2024-06-05T17:16:45.751163+00:00' AIRFLOW_CTX_TRY_NUMBER='1' AIRFLOW_CTX_DAG_RUN_ID='manual__2024-06-05T17:16:45.751163+00:00'
[2024-06-05T17:51:34.924+0000] {taskinstance.py:430} INFO - ::endgroup::
[2024-06-05T17:51:34.932+0000] {time_delta.py:51} INFO - Checking if the time (2024-06-05 18:00:00+00:00) has come
[2024-06-05T17:51:34.934+0000] {taskinstance.py:441} INFO - ::group::Post task execution logs
[2024-06-05T17:51:34.961+0000] {taskinstance.py:2865} INFO - Rescheduling task, marking task as UP_FOR_RESCHEDULE
[2024-06-05T17:51:34.989+0000] {local_task_job_runner.py:240} INFO - Task exited with return code 0
[2024-06-05T17:51:35.017+0000] {taskinstance.py:3498} INFO - 0 downstream tasks scheduled from follow-on schedule check
[2024-06-05T17:51:35.021+0000] {local_task_job_runner.py:222} INFO - ::endgroup::
[2024-06-07T14:01:56.661+0000] {local_task_job_runner.py:120} INFO - ::group::Pre task execution logs
[2024-06-07T14:01:56.821+0000] {taskinstance.py:2076} INFO - Dependencies all met for dep_context=non-requeueable deps ti=<TaskInstance: s3_postgres.wait_until_6pm manual__2024-06-05T17:16:45.751163+00:00 [queued]>
[2024-06-07T14:01:56.866+0000] {taskinstance.py:2076} INFO - Dependencies all met for dep_context=requeueable deps ti=<TaskInstance: s3_postgres.wait_until_6pm manual__2024-06-05T17:16:45.751163+00:00 [queued]>
[2024-06-07T14:01:56.868+0000] {taskinstance.py:2306} INFO - Starting attempt 1 of 2
[2024-06-07T14:01:56.915+0000] {taskinstance.py:2330} INFO - Executing <Task(TimeDeltaSensor): wait_until_6pm> on 2024-06-05 17:16:45.751163+00:00
[2024-06-07T14:01:56.929+0000] {warnings.py:110} WARNING - /home/***/.local/lib/python3.12/site-packages/***/task/task_runner/standard_task_runner.py:61: DeprecationWarning: This process (pid=49) is multi-threaded, use of fork() may lead to deadlocks in the child.
  pid = os.fork()

[2024-06-07T14:01:56.945+0000] {standard_task_runner.py:63} INFO - Started process 64 to run task
[2024-06-07T14:01:56.962+0000] {standard_task_runner.py:90} INFO - Running: ['***', 'tasks', 'run', 's3_postgres', 'wait_until_6pm', 'manual__2024-06-05T17:16:45.751163+00:00', '--job-id', '821', '--raw', '--subdir', 'DAGS_FOLDER/pipeline.py', '--cfg-path', '/tmp/tmpbqyj4gv7']
[2024-06-07T14:01:56.984+0000] {standard_task_runner.py:91} INFO - Job 821: Subtask wait_until_6pm
[2024-06-07T14:01:57.400+0000] {task_command.py:426} INFO - Running <TaskInstance: s3_postgres.wait_until_6pm manual__2024-06-05T17:16:45.751163+00:00 [running]> on host 1dcaa0c0151e
[2024-06-07T14:01:58.085+0000] {taskinstance.py:2648} INFO - Exporting env vars: AIRFLOW_CTX_DAG_OWNER='***' AIRFLOW_CTX_DAG_ID='s3_postgres' AIRFLOW_CTX_TASK_ID='wait_until_6pm' AIRFLOW_CTX_EXECUTION_DATE='2024-06-05T17:16:45.751163+00:00' AIRFLOW_CTX_TRY_NUMBER='1' AIRFLOW_CTX_DAG_RUN_ID='manual__2024-06-05T17:16:45.751163+00:00'
[2024-06-07T14:01:58.113+0000] {taskinstance.py:430} INFO - ::endgroup::
[2024-06-07T14:01:58.189+0000] {time_delta.py:51} INFO - Checking if the time (2024-06-05 18:00:00+00:00) has come
[2024-06-07T14:01:58.224+0000] {base.py:294} INFO - Success criteria met. Exiting.
[2024-06-07T14:01:58.263+0000] {taskinstance.py:441} INFO - ::group::Post task execution logs
[2024-06-07T14:01:58.301+0000] {taskinstance.py:1206} INFO - Marking task as SUCCESS. dag_id=s3_postgres, task_id=wait_until_6pm, run_id=manual__2024-06-05T17:16:45.751163+00:00, execution_date=20240605T171645, start_date=20240607T140156, end_date=20240607T140158
[2024-06-07T14:01:58.555+0000] {local_task_job_runner.py:240} INFO - Task exited with return code 0
[2024-06-07T14:01:58.633+0000] {taskinstance.py:3498} INFO - 0 downstream tasks scheduled from follow-on schedule check
[2024-06-07T14:01:58.653+0000] {local_task_job_runner.py:222} INFO - ::endgroup::
