[2024-06-07T14:01:52.156+0000] {processor.py:161} INFO - Started process (PID=84) to work on /home/airflow/.local/lib/python3.12/site-packages/airflow/example_dags/example_latest_only_with_trigger.py
[2024-06-07T14:01:52.162+0000] {processor.py:830} INFO - Processing file /home/airflow/.local/lib/python3.12/site-packages/airflow/example_dags/example_latest_only_with_trigger.py for tasks to queue
[2024-06-07T14:01:52.181+0000] {logging_mixin.py:188} INFO - [2024-06-07T14:01:52.180+0000] {dagbag.py:545} INFO - Filling up the DagBag from /home/airflow/.local/lib/python3.12/site-packages/airflow/example_dags/example_latest_only_with_trigger.py
[2024-06-07T14:01:52.250+0000] {processor.py:840} INFO - DAG(s) 'latest_only_with_trigger' retrieved from /home/airflow/.local/lib/python3.12/site-packages/airflow/example_dags/example_latest_only_with_trigger.py
[2024-06-07T14:01:53.043+0000] {logging_mixin.py:188} INFO - [2024-06-07T14:01:53.043+0000] {dag.py:3096} INFO - Sync 1 DAGs
[2024-06-07T14:01:53.216+0000] {logging_mixin.py:188} INFO - [2024-06-07T14:01:53.215+0000] {dag.py:3954} INFO - Setting next_dagrun for latest_only_with_trigger to 2024-06-07 08:00:00+00:00, run_after=2024-06-07 12:00:00+00:00
[2024-06-07T14:01:53.334+0000] {processor.py:183} INFO - Processing /home/airflow/.local/lib/python3.12/site-packages/airflow/example_dags/example_latest_only_with_trigger.py took 1.212 seconds
[2024-06-07T14:02:23.966+0000] {processor.py:161} INFO - Started process (PID=156) to work on /home/airflow/.local/lib/python3.12/site-packages/airflow/example_dags/example_latest_only_with_trigger.py
[2024-06-07T14:02:23.972+0000] {processor.py:830} INFO - Processing file /home/airflow/.local/lib/python3.12/site-packages/airflow/example_dags/example_latest_only_with_trigger.py for tasks to queue
[2024-06-07T14:02:23.981+0000] {logging_mixin.py:188} INFO - [2024-06-07T14:02:23.980+0000] {dagbag.py:545} INFO - Filling up the DagBag from /home/airflow/.local/lib/python3.12/site-packages/airflow/example_dags/example_latest_only_with_trigger.py
[2024-06-07T14:02:24.004+0000] {processor.py:840} INFO - DAG(s) 'latest_only_with_trigger' retrieved from /home/airflow/.local/lib/python3.12/site-packages/airflow/example_dags/example_latest_only_with_trigger.py
[2024-06-07T14:02:24.066+0000] {logging_mixin.py:188} INFO - [2024-06-07T14:02:24.064+0000] {dag.py:3096} INFO - Sync 1 DAGs
[2024-06-07T14:02:24.169+0000] {logging_mixin.py:188} INFO - [2024-06-07T14:02:24.168+0000] {dag.py:3954} INFO - Setting next_dagrun for latest_only_with_trigger to 2024-06-07 08:00:00+00:00, run_after=2024-06-07 12:00:00+00:00
[2024-06-07T14:02:24.229+0000] {processor.py:183} INFO - Processing /home/airflow/.local/lib/python3.12/site-packages/airflow/example_dags/example_latest_only_with_trigger.py took 0.278 seconds
[2024-06-07T14:02:54.861+0000] {processor.py:161} INFO - Started process (PID=216) to work on /home/airflow/.local/lib/python3.12/site-packages/airflow/example_dags/example_latest_only_with_trigger.py
[2024-06-07T14:02:54.872+0000] {processor.py:830} INFO - Processing file /home/airflow/.local/lib/python3.12/site-packages/airflow/example_dags/example_latest_only_with_trigger.py for tasks to queue
[2024-06-07T14:02:54.890+0000] {logging_mixin.py:188} INFO - [2024-06-07T14:02:54.888+0000] {dagbag.py:545} INFO - Filling up the DagBag from /home/airflow/.local/lib/python3.12/site-packages/airflow/example_dags/example_latest_only_with_trigger.py
[2024-06-07T14:02:54.914+0000] {processor.py:840} INFO - DAG(s) 'latest_only_with_trigger' retrieved from /home/airflow/.local/lib/python3.12/site-packages/airflow/example_dags/example_latest_only_with_trigger.py
[2024-06-07T14:02:55.040+0000] {logging_mixin.py:188} INFO - [2024-06-07T14:02:55.040+0000] {dag.py:3096} INFO - Sync 1 DAGs
[2024-06-07T14:02:55.089+0000] {logging_mixin.py:188} INFO - [2024-06-07T14:02:55.089+0000] {dag.py:3954} INFO - Setting next_dagrun for latest_only_with_trigger to 2024-06-07 08:00:00+00:00, run_after=2024-06-07 12:00:00+00:00
[2024-06-07T14:02:55.206+0000] {processor.py:183} INFO - Processing /home/airflow/.local/lib/python3.12/site-packages/airflow/example_dags/example_latest_only_with_trigger.py took 0.362 seconds
[2024-06-07T14:03:26.106+0000] {processor.py:161} INFO - Started process (PID=276) to work on /home/airflow/.local/lib/python3.12/site-packages/airflow/example_dags/example_latest_only_with_trigger.py
[2024-06-07T14:03:26.107+0000] {processor.py:830} INFO - Processing file /home/airflow/.local/lib/python3.12/site-packages/airflow/example_dags/example_latest_only_with_trigger.py for tasks to queue
[2024-06-07T14:03:26.110+0000] {logging_mixin.py:188} INFO - [2024-06-07T14:03:26.110+0000] {dagbag.py:545} INFO - Filling up the DagBag from /home/airflow/.local/lib/python3.12/site-packages/airflow/example_dags/example_latest_only_with_trigger.py
[2024-06-07T14:03:26.115+0000] {processor.py:840} INFO - DAG(s) 'latest_only_with_trigger' retrieved from /home/airflow/.local/lib/python3.12/site-packages/airflow/example_dags/example_latest_only_with_trigger.py
[2024-06-07T14:03:26.137+0000] {logging_mixin.py:188} INFO - [2024-06-07T14:03:26.137+0000] {dag.py:3096} INFO - Sync 1 DAGs
[2024-06-07T14:03:26.162+0000] {logging_mixin.py:188} INFO - [2024-06-07T14:03:26.162+0000] {dag.py:3954} INFO - Setting next_dagrun for latest_only_with_trigger to 2024-06-07 08:00:00+00:00, run_after=2024-06-07 12:00:00+00:00
[2024-06-07T14:03:26.185+0000] {processor.py:183} INFO - Processing /home/airflow/.local/lib/python3.12/site-packages/airflow/example_dags/example_latest_only_with_trigger.py took 0.085 seconds
[2024-06-07T14:03:56.277+0000] {processor.py:161} INFO - Started process (PID=336) to work on /home/airflow/.local/lib/python3.12/site-packages/airflow/example_dags/example_latest_only_with_trigger.py
[2024-06-07T14:03:56.279+0000] {processor.py:830} INFO - Processing file /home/airflow/.local/lib/python3.12/site-packages/airflow/example_dags/example_latest_only_with_trigger.py for tasks to queue
[2024-06-07T14:03:56.283+0000] {logging_mixin.py:188} INFO - [2024-06-07T14:03:56.282+0000] {dagbag.py:545} INFO - Filling up the DagBag from /home/airflow/.local/lib/python3.12/site-packages/airflow/example_dags/example_latest_only_with_trigger.py
[2024-06-07T14:03:56.290+0000] {processor.py:840} INFO - DAG(s) 'latest_only_with_trigger' retrieved from /home/airflow/.local/lib/python3.12/site-packages/airflow/example_dags/example_latest_only_with_trigger.py
[2024-06-07T14:03:56.320+0000] {logging_mixin.py:188} INFO - [2024-06-07T14:03:56.320+0000] {dag.py:3096} INFO - Sync 1 DAGs
[2024-06-07T14:03:56.352+0000] {logging_mixin.py:188} INFO - [2024-06-07T14:03:56.352+0000] {dag.py:3954} INFO - Setting next_dagrun for latest_only_with_trigger to 2024-06-07 08:00:00+00:00, run_after=2024-06-07 12:00:00+00:00
[2024-06-07T14:03:56.383+0000] {processor.py:183} INFO - Processing /home/airflow/.local/lib/python3.12/site-packages/airflow/example_dags/example_latest_only_with_trigger.py took 0.115 seconds
[2024-06-07T14:04:27.393+0000] {processor.py:161} INFO - Started process (PID=396) to work on /home/airflow/.local/lib/python3.12/site-packages/airflow/example_dags/example_latest_only_with_trigger.py
[2024-06-07T14:04:27.394+0000] {processor.py:830} INFO - Processing file /home/airflow/.local/lib/python3.12/site-packages/airflow/example_dags/example_latest_only_with_trigger.py for tasks to queue
[2024-06-07T14:04:27.398+0000] {logging_mixin.py:188} INFO - [2024-06-07T14:04:27.397+0000] {dagbag.py:545} INFO - Filling up the DagBag from /home/airflow/.local/lib/python3.12/site-packages/airflow/example_dags/example_latest_only_with_trigger.py
[2024-06-07T14:04:27.405+0000] {processor.py:840} INFO - DAG(s) 'latest_only_with_trigger' retrieved from /home/airflow/.local/lib/python3.12/site-packages/airflow/example_dags/example_latest_only_with_trigger.py
[2024-06-07T14:04:27.427+0000] {logging_mixin.py:188} INFO - [2024-06-07T14:04:27.426+0000] {dag.py:3096} INFO - Sync 1 DAGs
[2024-06-07T14:04:27.450+0000] {logging_mixin.py:188} INFO - [2024-06-07T14:04:27.450+0000] {dag.py:3954} INFO - Setting next_dagrun for latest_only_with_trigger to 2024-06-07 08:00:00+00:00, run_after=2024-06-07 12:00:00+00:00
[2024-06-07T14:04:27.473+0000] {processor.py:183} INFO - Processing /home/airflow/.local/lib/python3.12/site-packages/airflow/example_dags/example_latest_only_with_trigger.py took 0.085 seconds
[2024-06-07T14:04:57.572+0000] {processor.py:161} INFO - Started process (PID=456) to work on /home/airflow/.local/lib/python3.12/site-packages/airflow/example_dags/example_latest_only_with_trigger.py
[2024-06-07T14:04:57.574+0000] {processor.py:830} INFO - Processing file /home/airflow/.local/lib/python3.12/site-packages/airflow/example_dags/example_latest_only_with_trigger.py for tasks to queue
[2024-06-07T14:04:57.578+0000] {logging_mixin.py:188} INFO - [2024-06-07T14:04:57.577+0000] {dagbag.py:545} INFO - Filling up the DagBag from /home/airflow/.local/lib/python3.12/site-packages/airflow/example_dags/example_latest_only_with_trigger.py
[2024-06-07T14:04:57.587+0000] {processor.py:840} INFO - DAG(s) 'latest_only_with_trigger' retrieved from /home/airflow/.local/lib/python3.12/site-packages/airflow/example_dags/example_latest_only_with_trigger.py
[2024-06-07T14:04:57.612+0000] {logging_mixin.py:188} INFO - [2024-06-07T14:04:57.612+0000] {dag.py:3096} INFO - Sync 1 DAGs
[2024-06-07T14:04:57.641+0000] {logging_mixin.py:188} INFO - [2024-06-07T14:04:57.641+0000] {dag.py:3954} INFO - Setting next_dagrun for latest_only_with_trigger to 2024-06-07 08:00:00+00:00, run_after=2024-06-07 12:00:00+00:00
[2024-06-07T14:04:57.668+0000] {processor.py:183} INFO - Processing /home/airflow/.local/lib/python3.12/site-packages/airflow/example_dags/example_latest_only_with_trigger.py took 0.103 seconds
[2024-06-07T14:05:28.601+0000] {processor.py:161} INFO - Started process (PID=516) to work on /home/airflow/.local/lib/python3.12/site-packages/airflow/example_dags/example_latest_only_with_trigger.py
[2024-06-07T14:05:28.613+0000] {processor.py:830} INFO - Processing file /home/airflow/.local/lib/python3.12/site-packages/airflow/example_dags/example_latest_only_with_trigger.py for tasks to queue
[2024-06-07T14:05:28.620+0000] {logging_mixin.py:188} INFO - [2024-06-07T14:05:28.618+0000] {dagbag.py:545} INFO - Filling up the DagBag from /home/airflow/.local/lib/python3.12/site-packages/airflow/example_dags/example_latest_only_with_trigger.py
[2024-06-07T14:05:28.659+0000] {processor.py:840} INFO - DAG(s) 'latest_only_with_trigger' retrieved from /home/airflow/.local/lib/python3.12/site-packages/airflow/example_dags/example_latest_only_with_trigger.py
[2024-06-07T14:05:28.768+0000] {logging_mixin.py:188} INFO - [2024-06-07T14:05:28.767+0000] {dag.py:3096} INFO - Sync 1 DAGs
[2024-06-07T14:05:28.912+0000] {logging_mixin.py:188} INFO - [2024-06-07T14:05:28.910+0000] {dag.py:3954} INFO - Setting next_dagrun for latest_only_with_trigger to 2024-06-07 08:00:00+00:00, run_after=2024-06-07 12:00:00+00:00
[2024-06-07T14:05:28.980+0000] {processor.py:183} INFO - Processing /home/airflow/.local/lib/python3.12/site-packages/airflow/example_dags/example_latest_only_with_trigger.py took 0.410 seconds
[2024-06-07T14:05:59.082+0000] {processor.py:161} INFO - Started process (PID=578) to work on /home/airflow/.local/lib/python3.12/site-packages/airflow/example_dags/example_latest_only_with_trigger.py
[2024-06-07T14:05:59.083+0000] {processor.py:830} INFO - Processing file /home/airflow/.local/lib/python3.12/site-packages/airflow/example_dags/example_latest_only_with_trigger.py for tasks to queue
[2024-06-07T14:05:59.086+0000] {logging_mixin.py:188} INFO - [2024-06-07T14:05:59.086+0000] {dagbag.py:545} INFO - Filling up the DagBag from /home/airflow/.local/lib/python3.12/site-packages/airflow/example_dags/example_latest_only_with_trigger.py
[2024-06-07T14:05:59.091+0000] {processor.py:840} INFO - DAG(s) 'latest_only_with_trigger' retrieved from /home/airflow/.local/lib/python3.12/site-packages/airflow/example_dags/example_latest_only_with_trigger.py
[2024-06-07T14:05:59.116+0000] {logging_mixin.py:188} INFO - [2024-06-07T14:05:59.116+0000] {dag.py:3096} INFO - Sync 1 DAGs
[2024-06-07T14:05:59.140+0000] {logging_mixin.py:188} INFO - [2024-06-07T14:05:59.140+0000] {dag.py:3954} INFO - Setting next_dagrun for latest_only_with_trigger to 2024-06-07 08:00:00+00:00, run_after=2024-06-07 12:00:00+00:00
[2024-06-07T14:05:59.162+0000] {processor.py:183} INFO - Processing /home/airflow/.local/lib/python3.12/site-packages/airflow/example_dags/example_latest_only_with_trigger.py took 0.088 seconds
[2024-06-07T14:06:29.419+0000] {processor.py:161} INFO - Started process (PID=637) to work on /home/airflow/.local/lib/python3.12/site-packages/airflow/example_dags/example_latest_only_with_trigger.py
[2024-06-07T14:06:29.421+0000] {processor.py:830} INFO - Processing file /home/airflow/.local/lib/python3.12/site-packages/airflow/example_dags/example_latest_only_with_trigger.py for tasks to queue
[2024-06-07T14:06:29.423+0000] {logging_mixin.py:188} INFO - [2024-06-07T14:06:29.423+0000] {dagbag.py:545} INFO - Filling up the DagBag from /home/airflow/.local/lib/python3.12/site-packages/airflow/example_dags/example_latest_only_with_trigger.py
[2024-06-07T14:06:29.433+0000] {processor.py:840} INFO - DAG(s) 'latest_only_with_trigger' retrieved from /home/airflow/.local/lib/python3.12/site-packages/airflow/example_dags/example_latest_only_with_trigger.py
[2024-06-07T14:06:29.473+0000] {logging_mixin.py:188} INFO - [2024-06-07T14:06:29.473+0000] {dag.py:3096} INFO - Sync 1 DAGs
[2024-06-07T14:06:29.513+0000] {logging_mixin.py:188} INFO - [2024-06-07T14:06:29.513+0000] {dag.py:3954} INFO - Setting next_dagrun for latest_only_with_trigger to 2024-06-07 08:00:00+00:00, run_after=2024-06-07 12:00:00+00:00
[2024-06-07T14:06:29.547+0000] {processor.py:183} INFO - Processing /home/airflow/.local/lib/python3.12/site-packages/airflow/example_dags/example_latest_only_with_trigger.py took 0.136 seconds
[2024-06-07T14:07:00.340+0000] {processor.py:161} INFO - Started process (PID=697) to work on /home/airflow/.local/lib/python3.12/site-packages/airflow/example_dags/example_latest_only_with_trigger.py
[2024-06-07T14:07:00.342+0000] {processor.py:830} INFO - Processing file /home/airflow/.local/lib/python3.12/site-packages/airflow/example_dags/example_latest_only_with_trigger.py for tasks to queue
[2024-06-07T14:07:00.345+0000] {logging_mixin.py:188} INFO - [2024-06-07T14:07:00.345+0000] {dagbag.py:545} INFO - Filling up the DagBag from /home/airflow/.local/lib/python3.12/site-packages/airflow/example_dags/example_latest_only_with_trigger.py
[2024-06-07T14:07:00.353+0000] {processor.py:840} INFO - DAG(s) 'latest_only_with_trigger' retrieved from /home/airflow/.local/lib/python3.12/site-packages/airflow/example_dags/example_latest_only_with_trigger.py
[2024-06-07T14:07:00.381+0000] {logging_mixin.py:188} INFO - [2024-06-07T14:07:00.380+0000] {dag.py:3096} INFO - Sync 1 DAGs
[2024-06-07T14:07:00.418+0000] {logging_mixin.py:188} INFO - [2024-06-07T14:07:00.418+0000] {dag.py:3954} INFO - Setting next_dagrun for latest_only_with_trigger to 2024-06-07 08:00:00+00:00, run_after=2024-06-07 12:00:00+00:00
[2024-06-07T14:07:00.442+0000] {processor.py:183} INFO - Processing /home/airflow/.local/lib/python3.12/site-packages/airflow/example_dags/example_latest_only_with_trigger.py took 0.110 seconds
[2024-06-07T14:07:30.662+0000] {processor.py:161} INFO - Started process (PID=757) to work on /home/airflow/.local/lib/python3.12/site-packages/airflow/example_dags/example_latest_only_with_trigger.py
[2024-06-07T14:07:30.665+0000] {processor.py:830} INFO - Processing file /home/airflow/.local/lib/python3.12/site-packages/airflow/example_dags/example_latest_only_with_trigger.py for tasks to queue
[2024-06-07T14:07:30.669+0000] {logging_mixin.py:188} INFO - [2024-06-07T14:07:30.668+0000] {dagbag.py:545} INFO - Filling up the DagBag from /home/airflow/.local/lib/python3.12/site-packages/airflow/example_dags/example_latest_only_with_trigger.py
[2024-06-07T14:07:30.680+0000] {processor.py:840} INFO - DAG(s) 'latest_only_with_trigger' retrieved from /home/airflow/.local/lib/python3.12/site-packages/airflow/example_dags/example_latest_only_with_trigger.py
[2024-06-07T14:07:30.718+0000] {logging_mixin.py:188} INFO - [2024-06-07T14:07:30.718+0000] {dag.py:3096} INFO - Sync 1 DAGs
[2024-06-07T14:07:30.754+0000] {logging_mixin.py:188} INFO - [2024-06-07T14:07:30.754+0000] {dag.py:3954} INFO - Setting next_dagrun for latest_only_with_trigger to 2024-06-07 08:00:00+00:00, run_after=2024-06-07 12:00:00+00:00
[2024-06-07T14:07:30.809+0000] {processor.py:183} INFO - Processing /home/airflow/.local/lib/python3.12/site-packages/airflow/example_dags/example_latest_only_with_trigger.py took 0.161 seconds
[2024-06-07T14:08:01.494+0000] {processor.py:161} INFO - Started process (PID=817) to work on /home/airflow/.local/lib/python3.12/site-packages/airflow/example_dags/example_latest_only_with_trigger.py
[2024-06-07T14:08:01.495+0000] {processor.py:830} INFO - Processing file /home/airflow/.local/lib/python3.12/site-packages/airflow/example_dags/example_latest_only_with_trigger.py for tasks to queue
[2024-06-07T14:08:01.497+0000] {logging_mixin.py:188} INFO - [2024-06-07T14:08:01.497+0000] {dagbag.py:545} INFO - Filling up the DagBag from /home/airflow/.local/lib/python3.12/site-packages/airflow/example_dags/example_latest_only_with_trigger.py
[2024-06-07T14:08:01.503+0000] {processor.py:840} INFO - DAG(s) 'latest_only_with_trigger' retrieved from /home/airflow/.local/lib/python3.12/site-packages/airflow/example_dags/example_latest_only_with_trigger.py
[2024-06-07T14:08:01.526+0000] {logging_mixin.py:188} INFO - [2024-06-07T14:08:01.525+0000] {dag.py:3096} INFO - Sync 1 DAGs
[2024-06-07T14:08:01.547+0000] {logging_mixin.py:188} INFO - [2024-06-07T14:08:01.547+0000] {dag.py:3954} INFO - Setting next_dagrun for latest_only_with_trigger to 2024-06-07 08:00:00+00:00, run_after=2024-06-07 12:00:00+00:00
[2024-06-07T14:08:01.570+0000] {processor.py:183} INFO - Processing /home/airflow/.local/lib/python3.12/site-packages/airflow/example_dags/example_latest_only_with_trigger.py took 0.085 seconds
[2024-06-07T14:08:31.626+0000] {processor.py:161} INFO - Started process (PID=877) to work on /home/airflow/.local/lib/python3.12/site-packages/airflow/example_dags/example_latest_only_with_trigger.py
[2024-06-07T14:08:31.627+0000] {processor.py:830} INFO - Processing file /home/airflow/.local/lib/python3.12/site-packages/airflow/example_dags/example_latest_only_with_trigger.py for tasks to queue
[2024-06-07T14:08:31.630+0000] {logging_mixin.py:188} INFO - [2024-06-07T14:08:31.630+0000] {dagbag.py:545} INFO - Filling up the DagBag from /home/airflow/.local/lib/python3.12/site-packages/airflow/example_dags/example_latest_only_with_trigger.py
[2024-06-07T14:08:31.639+0000] {processor.py:840} INFO - DAG(s) 'latest_only_with_trigger' retrieved from /home/airflow/.local/lib/python3.12/site-packages/airflow/example_dags/example_latest_only_with_trigger.py
[2024-06-07T14:08:31.681+0000] {logging_mixin.py:188} INFO - [2024-06-07T14:08:31.680+0000] {dag.py:3096} INFO - Sync 1 DAGs
[2024-06-07T14:08:31.716+0000] {logging_mixin.py:188} INFO - [2024-06-07T14:08:31.715+0000] {dag.py:3954} INFO - Setting next_dagrun for latest_only_with_trigger to 2024-06-07 08:00:00+00:00, run_after=2024-06-07 12:00:00+00:00
[2024-06-07T14:08:31.752+0000] {processor.py:183} INFO - Processing /home/airflow/.local/lib/python3.12/site-packages/airflow/example_dags/example_latest_only_with_trigger.py took 0.134 seconds
[2024-06-07T14:09:02.229+0000] {processor.py:161} INFO - Started process (PID=937) to work on /home/airflow/.local/lib/python3.12/site-packages/airflow/example_dags/example_latest_only_with_trigger.py
[2024-06-07T14:09:02.230+0000] {processor.py:830} INFO - Processing file /home/airflow/.local/lib/python3.12/site-packages/airflow/example_dags/example_latest_only_with_trigger.py for tasks to queue
[2024-06-07T14:09:02.232+0000] {logging_mixin.py:188} INFO - [2024-06-07T14:09:02.232+0000] {dagbag.py:545} INFO - Filling up the DagBag from /home/airflow/.local/lib/python3.12/site-packages/airflow/example_dags/example_latest_only_with_trigger.py
[2024-06-07T14:09:02.238+0000] {processor.py:840} INFO - DAG(s) 'latest_only_with_trigger' retrieved from /home/airflow/.local/lib/python3.12/site-packages/airflow/example_dags/example_latest_only_with_trigger.py
[2024-06-07T14:09:02.260+0000] {logging_mixin.py:188} INFO - [2024-06-07T14:09:02.260+0000] {dag.py:3096} INFO - Sync 1 DAGs
[2024-06-07T14:09:02.282+0000] {logging_mixin.py:188} INFO - [2024-06-07T14:09:02.282+0000] {dag.py:3954} INFO - Setting next_dagrun for latest_only_with_trigger to 2024-06-07 08:00:00+00:00, run_after=2024-06-07 12:00:00+00:00
[2024-06-07T14:09:02.304+0000] {processor.py:183} INFO - Processing /home/airflow/.local/lib/python3.12/site-packages/airflow/example_dags/example_latest_only_with_trigger.py took 0.082 seconds
[2024-06-07T14:09:32.651+0000] {processor.py:161} INFO - Started process (PID=997) to work on /home/airflow/.local/lib/python3.12/site-packages/airflow/example_dags/example_latest_only_with_trigger.py
[2024-06-07T14:09:32.652+0000] {processor.py:830} INFO - Processing file /home/airflow/.local/lib/python3.12/site-packages/airflow/example_dags/example_latest_only_with_trigger.py for tasks to queue
[2024-06-07T14:09:32.654+0000] {logging_mixin.py:188} INFO - [2024-06-07T14:09:32.654+0000] {dagbag.py:545} INFO - Filling up the DagBag from /home/airflow/.local/lib/python3.12/site-packages/airflow/example_dags/example_latest_only_with_trigger.py
[2024-06-07T14:09:32.662+0000] {processor.py:840} INFO - DAG(s) 'latest_only_with_trigger' retrieved from /home/airflow/.local/lib/python3.12/site-packages/airflow/example_dags/example_latest_only_with_trigger.py
[2024-06-07T14:09:32.683+0000] {logging_mixin.py:188} INFO - [2024-06-07T14:09:32.683+0000] {dag.py:3096} INFO - Sync 1 DAGs
[2024-06-07T14:09:32.704+0000] {logging_mixin.py:188} INFO - [2024-06-07T14:09:32.704+0000] {dag.py:3954} INFO - Setting next_dagrun for latest_only_with_trigger to 2024-06-07 08:00:00+00:00, run_after=2024-06-07 12:00:00+00:00
[2024-06-07T14:09:32.725+0000] {processor.py:183} INFO - Processing /home/airflow/.local/lib/python3.12/site-packages/airflow/example_dags/example_latest_only_with_trigger.py took 0.081 seconds
[2024-06-07T14:10:03.230+0000] {processor.py:161} INFO - Started process (PID=1057) to work on /home/airflow/.local/lib/python3.12/site-packages/airflow/example_dags/example_latest_only_with_trigger.py
[2024-06-07T14:10:03.232+0000] {processor.py:830} INFO - Processing file /home/airflow/.local/lib/python3.12/site-packages/airflow/example_dags/example_latest_only_with_trigger.py for tasks to queue
[2024-06-07T14:10:03.239+0000] {logging_mixin.py:188} INFO - [2024-06-07T14:10:03.238+0000] {dagbag.py:545} INFO - Filling up the DagBag from /home/airflow/.local/lib/python3.12/site-packages/airflow/example_dags/example_latest_only_with_trigger.py
[2024-06-07T14:10:03.252+0000] {processor.py:840} INFO - DAG(s) 'latest_only_with_trigger' retrieved from /home/airflow/.local/lib/python3.12/site-packages/airflow/example_dags/example_latest_only_with_trigger.py
[2024-06-07T14:10:03.289+0000] {logging_mixin.py:188} INFO - [2024-06-07T14:10:03.288+0000] {dag.py:3096} INFO - Sync 1 DAGs
[2024-06-07T14:10:03.325+0000] {logging_mixin.py:188} INFO - [2024-06-07T14:10:03.324+0000] {dag.py:3954} INFO - Setting next_dagrun for latest_only_with_trigger to 2024-06-07 08:00:00+00:00, run_after=2024-06-07 12:00:00+00:00
[2024-06-07T14:10:03.362+0000] {processor.py:183} INFO - Processing /home/airflow/.local/lib/python3.12/site-packages/airflow/example_dags/example_latest_only_with_trigger.py took 0.145 seconds
[2024-06-07T14:10:34.043+0000] {processor.py:161} INFO - Started process (PID=1117) to work on /home/airflow/.local/lib/python3.12/site-packages/airflow/example_dags/example_latest_only_with_trigger.py
[2024-06-07T14:10:34.045+0000] {processor.py:830} INFO - Processing file /home/airflow/.local/lib/python3.12/site-packages/airflow/example_dags/example_latest_only_with_trigger.py for tasks to queue
[2024-06-07T14:10:34.049+0000] {logging_mixin.py:188} INFO - [2024-06-07T14:10:34.048+0000] {dagbag.py:545} INFO - Filling up the DagBag from /home/airflow/.local/lib/python3.12/site-packages/airflow/example_dags/example_latest_only_with_trigger.py
[2024-06-07T14:10:34.062+0000] {processor.py:840} INFO - DAG(s) 'latest_only_with_trigger' retrieved from /home/airflow/.local/lib/python3.12/site-packages/airflow/example_dags/example_latest_only_with_trigger.py
[2024-06-07T14:10:34.102+0000] {logging_mixin.py:188} INFO - [2024-06-07T14:10:34.102+0000] {dag.py:3096} INFO - Sync 1 DAGs
[2024-06-07T14:10:34.145+0000] {logging_mixin.py:188} INFO - [2024-06-07T14:10:34.144+0000] {dag.py:3954} INFO - Setting next_dagrun for latest_only_with_trigger to 2024-06-07 08:00:00+00:00, run_after=2024-06-07 12:00:00+00:00
[2024-06-07T14:10:34.179+0000] {processor.py:183} INFO - Processing /home/airflow/.local/lib/python3.12/site-packages/airflow/example_dags/example_latest_only_with_trigger.py took 0.144 seconds
[2024-06-07T14:11:04.540+0000] {processor.py:161} INFO - Started process (PID=1177) to work on /home/airflow/.local/lib/python3.12/site-packages/airflow/example_dags/example_latest_only_with_trigger.py
[2024-06-07T14:11:04.542+0000] {processor.py:830} INFO - Processing file /home/airflow/.local/lib/python3.12/site-packages/airflow/example_dags/example_latest_only_with_trigger.py for tasks to queue
[2024-06-07T14:11:04.546+0000] {logging_mixin.py:188} INFO - [2024-06-07T14:11:04.545+0000] {dagbag.py:545} INFO - Filling up the DagBag from /home/airflow/.local/lib/python3.12/site-packages/airflow/example_dags/example_latest_only_with_trigger.py
[2024-06-07T14:11:04.562+0000] {processor.py:840} INFO - DAG(s) 'latest_only_with_trigger' retrieved from /home/airflow/.local/lib/python3.12/site-packages/airflow/example_dags/example_latest_only_with_trigger.py
[2024-06-07T14:11:04.607+0000] {logging_mixin.py:188} INFO - [2024-06-07T14:11:04.607+0000] {dag.py:3096} INFO - Sync 1 DAGs
[2024-06-07T14:11:04.647+0000] {logging_mixin.py:188} INFO - [2024-06-07T14:11:04.647+0000] {dag.py:3954} INFO - Setting next_dagrun for latest_only_with_trigger to 2024-06-07 08:00:00+00:00, run_after=2024-06-07 12:00:00+00:00
[2024-06-07T14:11:04.685+0000] {processor.py:183} INFO - Processing /home/airflow/.local/lib/python3.12/site-packages/airflow/example_dags/example_latest_only_with_trigger.py took 0.155 seconds
[2024-06-07T14:11:34.936+0000] {processor.py:161} INFO - Started process (PID=1237) to work on /home/airflow/.local/lib/python3.12/site-packages/airflow/example_dags/example_latest_only_with_trigger.py
[2024-06-07T14:11:34.937+0000] {processor.py:830} INFO - Processing file /home/airflow/.local/lib/python3.12/site-packages/airflow/example_dags/example_latest_only_with_trigger.py for tasks to queue
[2024-06-07T14:11:34.940+0000] {logging_mixin.py:188} INFO - [2024-06-07T14:11:34.940+0000] {dagbag.py:545} INFO - Filling up the DagBag from /home/airflow/.local/lib/python3.12/site-packages/airflow/example_dags/example_latest_only_with_trigger.py
[2024-06-07T14:11:34.946+0000] {processor.py:840} INFO - DAG(s) 'latest_only_with_trigger' retrieved from /home/airflow/.local/lib/python3.12/site-packages/airflow/example_dags/example_latest_only_with_trigger.py
[2024-06-07T14:11:34.973+0000] {logging_mixin.py:188} INFO - [2024-06-07T14:11:34.973+0000] {dag.py:3096} INFO - Sync 1 DAGs
[2024-06-07T14:11:35.001+0000] {logging_mixin.py:188} INFO - [2024-06-07T14:11:35.001+0000] {dag.py:3954} INFO - Setting next_dagrun for latest_only_with_trigger to 2024-06-07 08:00:00+00:00, run_after=2024-06-07 12:00:00+00:00
[2024-06-07T14:11:35.029+0000] {processor.py:183} INFO - Processing /home/airflow/.local/lib/python3.12/site-packages/airflow/example_dags/example_latest_only_with_trigger.py took 0.101 seconds
[2024-06-07T14:12:05.206+0000] {processor.py:161} INFO - Started process (PID=1297) to work on /home/airflow/.local/lib/python3.12/site-packages/airflow/example_dags/example_latest_only_with_trigger.py
[2024-06-07T14:12:05.208+0000] {processor.py:830} INFO - Processing file /home/airflow/.local/lib/python3.12/site-packages/airflow/example_dags/example_latest_only_with_trigger.py for tasks to queue
[2024-06-07T14:12:05.210+0000] {logging_mixin.py:188} INFO - [2024-06-07T14:12:05.209+0000] {dagbag.py:545} INFO - Filling up the DagBag from /home/airflow/.local/lib/python3.12/site-packages/airflow/example_dags/example_latest_only_with_trigger.py
[2024-06-07T14:12:05.217+0000] {processor.py:840} INFO - DAG(s) 'latest_only_with_trigger' retrieved from /home/airflow/.local/lib/python3.12/site-packages/airflow/example_dags/example_latest_only_with_trigger.py
[2024-06-07T14:12:05.243+0000] {logging_mixin.py:188} INFO - [2024-06-07T14:12:05.243+0000] {dag.py:3096} INFO - Sync 1 DAGs
[2024-06-07T14:12:05.281+0000] {logging_mixin.py:188} INFO - [2024-06-07T14:12:05.281+0000] {dag.py:3954} INFO - Setting next_dagrun for latest_only_with_trigger to 2024-06-07 08:00:00+00:00, run_after=2024-06-07 12:00:00+00:00
[2024-06-07T14:12:05.312+0000] {processor.py:183} INFO - Processing /home/airflow/.local/lib/python3.12/site-packages/airflow/example_dags/example_latest_only_with_trigger.py took 0.113 seconds
[2024-06-07T14:12:35.407+0000] {processor.py:161} INFO - Started process (PID=1357) to work on /home/airflow/.local/lib/python3.12/site-packages/airflow/example_dags/example_latest_only_with_trigger.py
[2024-06-07T14:12:35.408+0000] {processor.py:830} INFO - Processing file /home/airflow/.local/lib/python3.12/site-packages/airflow/example_dags/example_latest_only_with_trigger.py for tasks to queue
[2024-06-07T14:12:35.410+0000] {logging_mixin.py:188} INFO - [2024-06-07T14:12:35.410+0000] {dagbag.py:545} INFO - Filling up the DagBag from /home/airflow/.local/lib/python3.12/site-packages/airflow/example_dags/example_latest_only_with_trigger.py
[2024-06-07T14:12:35.416+0000] {processor.py:840} INFO - DAG(s) 'latest_only_with_trigger' retrieved from /home/airflow/.local/lib/python3.12/site-packages/airflow/example_dags/example_latest_only_with_trigger.py
[2024-06-07T14:12:35.439+0000] {logging_mixin.py:188} INFO - [2024-06-07T14:12:35.438+0000] {dag.py:3096} INFO - Sync 1 DAGs
[2024-06-07T14:12:35.463+0000] {logging_mixin.py:188} INFO - [2024-06-07T14:12:35.463+0000] {dag.py:3954} INFO - Setting next_dagrun for latest_only_with_trigger to 2024-06-07 08:00:00+00:00, run_after=2024-06-07 12:00:00+00:00
[2024-06-07T14:12:35.485+0000] {processor.py:183} INFO - Processing /home/airflow/.local/lib/python3.12/site-packages/airflow/example_dags/example_latest_only_with_trigger.py took 0.084 seconds
[2024-06-07T14:13:07.078+0000] {processor.py:161} INFO - Started process (PID=1417) to work on /home/airflow/.local/lib/python3.12/site-packages/airflow/example_dags/example_latest_only_with_trigger.py
[2024-06-07T14:13:07.080+0000] {processor.py:830} INFO - Processing file /home/airflow/.local/lib/python3.12/site-packages/airflow/example_dags/example_latest_only_with_trigger.py for tasks to queue
[2024-06-07T14:13:07.084+0000] {logging_mixin.py:188} INFO - [2024-06-07T14:13:07.084+0000] {dagbag.py:545} INFO - Filling up the DagBag from /home/airflow/.local/lib/python3.12/site-packages/airflow/example_dags/example_latest_only_with_trigger.py
[2024-06-07T14:13:07.103+0000] {processor.py:840} INFO - DAG(s) 'latest_only_with_trigger' retrieved from /home/airflow/.local/lib/python3.12/site-packages/airflow/example_dags/example_latest_only_with_trigger.py
[2024-06-07T14:13:07.171+0000] {logging_mixin.py:188} INFO - [2024-06-07T14:13:07.171+0000] {dag.py:3096} INFO - Sync 1 DAGs
[2024-06-07T14:13:07.224+0000] {logging_mixin.py:188} INFO - [2024-06-07T14:13:07.224+0000] {dag.py:3954} INFO - Setting next_dagrun for latest_only_with_trigger to 2024-06-07 08:00:00+00:00, run_after=2024-06-07 12:00:00+00:00
[2024-06-07T14:13:07.254+0000] {processor.py:183} INFO - Processing /home/airflow/.local/lib/python3.12/site-packages/airflow/example_dags/example_latest_only_with_trigger.py took 0.190 seconds
[2024-06-07T14:13:37.478+0000] {processor.py:161} INFO - Started process (PID=1477) to work on /home/airflow/.local/lib/python3.12/site-packages/airflow/example_dags/example_latest_only_with_trigger.py
[2024-06-07T14:13:37.479+0000] {processor.py:830} INFO - Processing file /home/airflow/.local/lib/python3.12/site-packages/airflow/example_dags/example_latest_only_with_trigger.py for tasks to queue
[2024-06-07T14:13:37.481+0000] {logging_mixin.py:188} INFO - [2024-06-07T14:13:37.481+0000] {dagbag.py:545} INFO - Filling up the DagBag from /home/airflow/.local/lib/python3.12/site-packages/airflow/example_dags/example_latest_only_with_trigger.py
[2024-06-07T14:13:37.488+0000] {processor.py:840} INFO - DAG(s) 'latest_only_with_trigger' retrieved from /home/airflow/.local/lib/python3.12/site-packages/airflow/example_dags/example_latest_only_with_trigger.py
[2024-06-07T14:13:37.510+0000] {logging_mixin.py:188} INFO - [2024-06-07T14:13:37.510+0000] {dag.py:3096} INFO - Sync 1 DAGs
[2024-06-07T14:13:37.536+0000] {logging_mixin.py:188} INFO - [2024-06-07T14:13:37.536+0000] {dag.py:3954} INFO - Setting next_dagrun for latest_only_with_trigger to 2024-06-07 08:00:00+00:00, run_after=2024-06-07 12:00:00+00:00
[2024-06-07T14:13:37.560+0000] {processor.py:183} INFO - Processing /home/airflow/.local/lib/python3.12/site-packages/airflow/example_dags/example_latest_only_with_trigger.py took 0.089 seconds
[2024-06-07T14:14:07.911+0000] {processor.py:161} INFO - Started process (PID=1537) to work on /home/airflow/.local/lib/python3.12/site-packages/airflow/example_dags/example_latest_only_with_trigger.py
[2024-06-07T14:14:07.912+0000] {processor.py:830} INFO - Processing file /home/airflow/.local/lib/python3.12/site-packages/airflow/example_dags/example_latest_only_with_trigger.py for tasks to queue
[2024-06-07T14:14:07.915+0000] {logging_mixin.py:188} INFO - [2024-06-07T14:14:07.914+0000] {dagbag.py:545} INFO - Filling up the DagBag from /home/airflow/.local/lib/python3.12/site-packages/airflow/example_dags/example_latest_only_with_trigger.py
[2024-06-07T14:14:07.922+0000] {processor.py:840} INFO - DAG(s) 'latest_only_with_trigger' retrieved from /home/airflow/.local/lib/python3.12/site-packages/airflow/example_dags/example_latest_only_with_trigger.py
[2024-06-07T14:14:07.942+0000] {logging_mixin.py:188} INFO - [2024-06-07T14:14:07.942+0000] {dag.py:3096} INFO - Sync 1 DAGs
[2024-06-07T14:14:07.965+0000] {logging_mixin.py:188} INFO - [2024-06-07T14:14:07.965+0000] {dag.py:3954} INFO - Setting next_dagrun for latest_only_with_trigger to 2024-06-07 08:00:00+00:00, run_after=2024-06-07 12:00:00+00:00
[2024-06-07T14:14:07.986+0000] {processor.py:183} INFO - Processing /home/airflow/.local/lib/python3.12/site-packages/airflow/example_dags/example_latest_only_with_trigger.py took 0.081 seconds
[2024-06-07T14:14:38.328+0000] {processor.py:161} INFO - Started process (PID=1597) to work on /home/airflow/.local/lib/python3.12/site-packages/airflow/example_dags/example_latest_only_with_trigger.py
[2024-06-07T14:14:38.329+0000] {processor.py:830} INFO - Processing file /home/airflow/.local/lib/python3.12/site-packages/airflow/example_dags/example_latest_only_with_trigger.py for tasks to queue
[2024-06-07T14:14:38.331+0000] {logging_mixin.py:188} INFO - [2024-06-07T14:14:38.331+0000] {dagbag.py:545} INFO - Filling up the DagBag from /home/airflow/.local/lib/python3.12/site-packages/airflow/example_dags/example_latest_only_with_trigger.py
[2024-06-07T14:14:38.338+0000] {processor.py:840} INFO - DAG(s) 'latest_only_with_trigger' retrieved from /home/airflow/.local/lib/python3.12/site-packages/airflow/example_dags/example_latest_only_with_trigger.py
[2024-06-07T14:14:38.361+0000] {logging_mixin.py:188} INFO - [2024-06-07T14:14:38.361+0000] {dag.py:3096} INFO - Sync 1 DAGs
[2024-06-07T14:14:38.384+0000] {logging_mixin.py:188} INFO - [2024-06-07T14:14:38.384+0000] {dag.py:3954} INFO - Setting next_dagrun for latest_only_with_trigger to 2024-06-07 08:00:00+00:00, run_after=2024-06-07 12:00:00+00:00
[2024-06-07T14:14:38.404+0000] {processor.py:183} INFO - Processing /home/airflow/.local/lib/python3.12/site-packages/airflow/example_dags/example_latest_only_with_trigger.py took 0.082 seconds
[2024-06-07T14:15:10.271+0000] {processor.py:161} INFO - Started process (PID=1657) to work on /home/airflow/.local/lib/python3.12/site-packages/airflow/example_dags/example_latest_only_with_trigger.py
[2024-06-07T14:15:10.274+0000] {processor.py:830} INFO - Processing file /home/airflow/.local/lib/python3.12/site-packages/airflow/example_dags/example_latest_only_with_trigger.py for tasks to queue
[2024-06-07T14:15:10.278+0000] {logging_mixin.py:188} INFO - [2024-06-07T14:15:10.277+0000] {dagbag.py:545} INFO - Filling up the DagBag from /home/airflow/.local/lib/python3.12/site-packages/airflow/example_dags/example_latest_only_with_trigger.py
[2024-06-07T14:15:10.292+0000] {processor.py:840} INFO - DAG(s) 'latest_only_with_trigger' retrieved from /home/airflow/.local/lib/python3.12/site-packages/airflow/example_dags/example_latest_only_with_trigger.py
[2024-06-07T14:15:10.339+0000] {logging_mixin.py:188} INFO - [2024-06-07T14:15:10.339+0000] {dag.py:3096} INFO - Sync 1 DAGs
[2024-06-07T14:15:10.381+0000] {logging_mixin.py:188} INFO - [2024-06-07T14:15:10.380+0000] {dag.py:3954} INFO - Setting next_dagrun for latest_only_with_trigger to 2024-06-07 08:00:00+00:00, run_after=2024-06-07 12:00:00+00:00
[2024-06-07T14:15:10.412+0000] {processor.py:183} INFO - Processing /home/airflow/.local/lib/python3.12/site-packages/airflow/example_dags/example_latest_only_with_trigger.py took 0.151 seconds
[2024-06-07T14:15:40.570+0000] {processor.py:161} INFO - Started process (PID=1717) to work on /home/airflow/.local/lib/python3.12/site-packages/airflow/example_dags/example_latest_only_with_trigger.py
[2024-06-07T14:15:40.571+0000] {processor.py:830} INFO - Processing file /home/airflow/.local/lib/python3.12/site-packages/airflow/example_dags/example_latest_only_with_trigger.py for tasks to queue
[2024-06-07T14:15:40.577+0000] {logging_mixin.py:188} INFO - [2024-06-07T14:15:40.576+0000] {dagbag.py:545} INFO - Filling up the DagBag from /home/airflow/.local/lib/python3.12/site-packages/airflow/example_dags/example_latest_only_with_trigger.py
[2024-06-07T14:15:40.583+0000] {processor.py:840} INFO - DAG(s) 'latest_only_with_trigger' retrieved from /home/airflow/.local/lib/python3.12/site-packages/airflow/example_dags/example_latest_only_with_trigger.py
[2024-06-07T14:15:40.608+0000] {logging_mixin.py:188} INFO - [2024-06-07T14:15:40.607+0000] {dag.py:3096} INFO - Sync 1 DAGs
[2024-06-07T14:15:40.634+0000] {logging_mixin.py:188} INFO - [2024-06-07T14:15:40.634+0000] {dag.py:3954} INFO - Setting next_dagrun for latest_only_with_trigger to 2024-06-07 08:00:00+00:00, run_after=2024-06-07 12:00:00+00:00
[2024-06-07T14:15:40.653+0000] {processor.py:183} INFO - Processing /home/airflow/.local/lib/python3.12/site-packages/airflow/example_dags/example_latest_only_with_trigger.py took 0.090 seconds
[2024-06-07T14:16:11.967+0000] {processor.py:161} INFO - Started process (PID=1775) to work on /home/airflow/.local/lib/python3.12/site-packages/airflow/example_dags/example_latest_only_with_trigger.py
[2024-06-07T14:16:11.969+0000] {processor.py:830} INFO - Processing file /home/airflow/.local/lib/python3.12/site-packages/airflow/example_dags/example_latest_only_with_trigger.py for tasks to queue
[2024-06-07T14:16:11.972+0000] {logging_mixin.py:188} INFO - [2024-06-07T14:16:11.971+0000] {dagbag.py:545} INFO - Filling up the DagBag from /home/airflow/.local/lib/python3.12/site-packages/airflow/example_dags/example_latest_only_with_trigger.py
[2024-06-07T14:16:11.985+0000] {processor.py:840} INFO - DAG(s) 'latest_only_with_trigger' retrieved from /home/airflow/.local/lib/python3.12/site-packages/airflow/example_dags/example_latest_only_with_trigger.py
[2024-06-07T14:16:12.025+0000] {logging_mixin.py:188} INFO - [2024-06-07T14:16:12.025+0000] {dag.py:3096} INFO - Sync 1 DAGs
[2024-06-07T14:16:12.061+0000] {logging_mixin.py:188} INFO - [2024-06-07T14:16:12.060+0000] {dag.py:3954} INFO - Setting next_dagrun for latest_only_with_trigger to 2024-06-07 08:00:00+00:00, run_after=2024-06-07 12:00:00+00:00
[2024-06-07T14:16:12.240+0000] {processor.py:183} INFO - Processing /home/airflow/.local/lib/python3.12/site-packages/airflow/example_dags/example_latest_only_with_trigger.py took 0.280 seconds
[2024-06-07T14:16:42.826+0000] {processor.py:161} INFO - Started process (PID=1835) to work on /home/airflow/.local/lib/python3.12/site-packages/airflow/example_dags/example_latest_only_with_trigger.py
[2024-06-07T14:16:42.827+0000] {processor.py:830} INFO - Processing file /home/airflow/.local/lib/python3.12/site-packages/airflow/example_dags/example_latest_only_with_trigger.py for tasks to queue
[2024-06-07T14:16:42.829+0000] {logging_mixin.py:188} INFO - [2024-06-07T14:16:42.829+0000] {dagbag.py:545} INFO - Filling up the DagBag from /home/airflow/.local/lib/python3.12/site-packages/airflow/example_dags/example_latest_only_with_trigger.py
[2024-06-07T14:16:42.838+0000] {processor.py:840} INFO - DAG(s) 'latest_only_with_trigger' retrieved from /home/airflow/.local/lib/python3.12/site-packages/airflow/example_dags/example_latest_only_with_trigger.py
[2024-06-07T14:16:42.873+0000] {logging_mixin.py:188} INFO - [2024-06-07T14:16:42.872+0000] {dag.py:3096} INFO - Sync 1 DAGs
[2024-06-07T14:16:42.910+0000] {logging_mixin.py:188} INFO - [2024-06-07T14:16:42.910+0000] {dag.py:3954} INFO - Setting next_dagrun for latest_only_with_trigger to 2024-06-07 08:00:00+00:00, run_after=2024-06-07 12:00:00+00:00
[2024-06-07T14:16:43.107+0000] {processor.py:183} INFO - Processing /home/airflow/.local/lib/python3.12/site-packages/airflow/example_dags/example_latest_only_with_trigger.py took 0.293 seconds
[2024-06-07T14:17:13.407+0000] {processor.py:161} INFO - Started process (PID=1896) to work on /home/airflow/.local/lib/python3.12/site-packages/airflow/example_dags/example_latest_only_with_trigger.py
[2024-06-07T14:17:13.408+0000] {processor.py:830} INFO - Processing file /home/airflow/.local/lib/python3.12/site-packages/airflow/example_dags/example_latest_only_with_trigger.py for tasks to queue
[2024-06-07T14:17:13.410+0000] {logging_mixin.py:188} INFO - [2024-06-07T14:17:13.410+0000] {dagbag.py:545} INFO - Filling up the DagBag from /home/airflow/.local/lib/python3.12/site-packages/airflow/example_dags/example_latest_only_with_trigger.py
[2024-06-07T14:17:13.417+0000] {processor.py:840} INFO - DAG(s) 'latest_only_with_trigger' retrieved from /home/airflow/.local/lib/python3.12/site-packages/airflow/example_dags/example_latest_only_with_trigger.py
[2024-06-07T14:17:13.441+0000] {logging_mixin.py:188} INFO - [2024-06-07T14:17:13.441+0000] {dag.py:3096} INFO - Sync 1 DAGs
[2024-06-07T14:17:13.470+0000] {logging_mixin.py:188} INFO - [2024-06-07T14:17:13.469+0000] {dag.py:3954} INFO - Setting next_dagrun for latest_only_with_trigger to 2024-06-07 08:00:00+00:00, run_after=2024-06-07 12:00:00+00:00
[2024-06-07T14:17:13.655+0000] {processor.py:183} INFO - Processing /home/airflow/.local/lib/python3.12/site-packages/airflow/example_dags/example_latest_only_with_trigger.py took 0.255 seconds
[2024-06-07T14:17:44.108+0000] {processor.py:161} INFO - Started process (PID=1956) to work on /home/airflow/.local/lib/python3.12/site-packages/airflow/example_dags/example_latest_only_with_trigger.py
[2024-06-07T14:17:44.109+0000] {processor.py:830} INFO - Processing file /home/airflow/.local/lib/python3.12/site-packages/airflow/example_dags/example_latest_only_with_trigger.py for tasks to queue
[2024-06-07T14:17:44.111+0000] {logging_mixin.py:188} INFO - [2024-06-07T14:17:44.111+0000] {dagbag.py:545} INFO - Filling up the DagBag from /home/airflow/.local/lib/python3.12/site-packages/airflow/example_dags/example_latest_only_with_trigger.py
[2024-06-07T14:17:44.117+0000] {processor.py:840} INFO - DAG(s) 'latest_only_with_trigger' retrieved from /home/airflow/.local/lib/python3.12/site-packages/airflow/example_dags/example_latest_only_with_trigger.py
[2024-06-07T14:17:44.146+0000] {logging_mixin.py:188} INFO - [2024-06-07T14:17:44.146+0000] {dag.py:3096} INFO - Sync 1 DAGs
[2024-06-07T14:17:44.188+0000] {logging_mixin.py:188} INFO - [2024-06-07T14:17:44.187+0000] {dag.py:3954} INFO - Setting next_dagrun for latest_only_with_trigger to 2024-06-07 08:00:00+00:00, run_after=2024-06-07 12:00:00+00:00
[2024-06-07T14:17:44.217+0000] {processor.py:183} INFO - Processing /home/airflow/.local/lib/python3.12/site-packages/airflow/example_dags/example_latest_only_with_trigger.py took 0.117 seconds
[2024-06-07T14:18:14.415+0000] {processor.py:161} INFO - Started process (PID=2015) to work on /home/airflow/.local/lib/python3.12/site-packages/airflow/example_dags/example_latest_only_with_trigger.py
[2024-06-07T14:18:14.416+0000] {processor.py:830} INFO - Processing file /home/airflow/.local/lib/python3.12/site-packages/airflow/example_dags/example_latest_only_with_trigger.py for tasks to queue
[2024-06-07T14:18:14.419+0000] {logging_mixin.py:188} INFO - [2024-06-07T14:18:14.418+0000] {dagbag.py:545} INFO - Filling up the DagBag from /home/airflow/.local/lib/python3.12/site-packages/airflow/example_dags/example_latest_only_with_trigger.py
[2024-06-07T14:18:14.424+0000] {processor.py:840} INFO - DAG(s) 'latest_only_with_trigger' retrieved from /home/airflow/.local/lib/python3.12/site-packages/airflow/example_dags/example_latest_only_with_trigger.py
[2024-06-07T14:18:14.448+0000] {logging_mixin.py:188} INFO - [2024-06-07T14:18:14.448+0000] {dag.py:3096} INFO - Sync 1 DAGs
[2024-06-07T14:18:14.474+0000] {logging_mixin.py:188} INFO - [2024-06-07T14:18:14.473+0000] {dag.py:3954} INFO - Setting next_dagrun for latest_only_with_trigger to 2024-06-07 08:00:00+00:00, run_after=2024-06-07 12:00:00+00:00
[2024-06-07T14:18:14.497+0000] {processor.py:183} INFO - Processing /home/airflow/.local/lib/python3.12/site-packages/airflow/example_dags/example_latest_only_with_trigger.py took 0.089 seconds
