[2024-06-07T14:01:55.524+0000] {processor.py:161} INFO - Started process (PID=88) to work on /home/airflow/.local/lib/python3.12/site-packages/airflow/example_dags/example_external_task_marker_dag.py
[2024-06-07T14:01:55.526+0000] {processor.py:830} INFO - Processing file /home/airflow/.local/lib/python3.12/site-packages/airflow/example_dags/example_external_task_marker_dag.py for tasks to queue
[2024-06-07T14:01:55.529+0000] {logging_mixin.py:188} INFO - [2024-06-07T14:01:55.529+0000] {dagbag.py:545} INFO - Filling up the DagBag from /home/airflow/.local/lib/python3.12/site-packages/airflow/example_dags/example_external_task_marker_dag.py
[2024-06-07T14:01:55.598+0000] {processor.py:840} INFO - DAG(s) 'example_external_task_marker_parent', 'example_external_task_marker_child' retrieved from /home/airflow/.local/lib/python3.12/site-packages/airflow/example_dags/example_external_task_marker_dag.py
[2024-06-07T14:01:56.295+0000] {logging_mixin.py:188} INFO - [2024-06-07T14:01:56.295+0000] {dag.py:3096} INFO - Sync 2 DAGs
[2024-06-07T14:01:56.349+0000] {logging_mixin.py:188} INFO - [2024-06-07T14:01:56.349+0000] {dag.py:3954} INFO - Setting next_dagrun for example_external_task_marker_child to None, run_after=None
[2024-06-07T14:01:56.368+0000] {logging_mixin.py:188} INFO - [2024-06-07T14:01:56.366+0000] {dag.py:3954} INFO - Setting next_dagrun for example_external_task_marker_parent to None, run_after=None
[2024-06-07T14:01:56.528+0000] {processor.py:183} INFO - Processing /home/airflow/.local/lib/python3.12/site-packages/airflow/example_dags/example_external_task_marker_dag.py took 1.016 seconds
[2024-06-07T14:02:27.092+0000] {processor.py:161} INFO - Started process (PID=160) to work on /home/airflow/.local/lib/python3.12/site-packages/airflow/example_dags/example_external_task_marker_dag.py
[2024-06-07T14:02:27.097+0000] {processor.py:830} INFO - Processing file /home/airflow/.local/lib/python3.12/site-packages/airflow/example_dags/example_external_task_marker_dag.py for tasks to queue
[2024-06-07T14:02:27.104+0000] {logging_mixin.py:188} INFO - [2024-06-07T14:02:27.103+0000] {dagbag.py:545} INFO - Filling up the DagBag from /home/airflow/.local/lib/python3.12/site-packages/airflow/example_dags/example_external_task_marker_dag.py
[2024-06-07T14:02:27.130+0000] {processor.py:840} INFO - DAG(s) 'example_external_task_marker_child', 'example_external_task_marker_parent' retrieved from /home/airflow/.local/lib/python3.12/site-packages/airflow/example_dags/example_external_task_marker_dag.py
[2024-06-07T14:02:27.251+0000] {logging_mixin.py:188} INFO - [2024-06-07T14:02:27.249+0000] {dag.py:3096} INFO - Sync 2 DAGs
[2024-06-07T14:02:27.336+0000] {logging_mixin.py:188} INFO - [2024-06-07T14:02:27.335+0000] {dag.py:3954} INFO - Setting next_dagrun for example_external_task_marker_child to None, run_after=None
[2024-06-07T14:02:27.356+0000] {logging_mixin.py:188} INFO - [2024-06-07T14:02:27.354+0000] {dag.py:3954} INFO - Setting next_dagrun for example_external_task_marker_parent to None, run_after=None
[2024-06-07T14:02:27.442+0000] {processor.py:183} INFO - Processing /home/airflow/.local/lib/python3.12/site-packages/airflow/example_dags/example_external_task_marker_dag.py took 0.378 seconds
[2024-06-07T14:02:57.528+0000] {processor.py:161} INFO - Started process (PID=220) to work on /home/airflow/.local/lib/python3.12/site-packages/airflow/example_dags/example_external_task_marker_dag.py
[2024-06-07T14:02:57.529+0000] {processor.py:830} INFO - Processing file /home/airflow/.local/lib/python3.12/site-packages/airflow/example_dags/example_external_task_marker_dag.py for tasks to queue
[2024-06-07T14:02:57.533+0000] {logging_mixin.py:188} INFO - [2024-06-07T14:02:57.532+0000] {dagbag.py:545} INFO - Filling up the DagBag from /home/airflow/.local/lib/python3.12/site-packages/airflow/example_dags/example_external_task_marker_dag.py
[2024-06-07T14:02:57.551+0000] {processor.py:840} INFO - DAG(s) 'example_external_task_marker_parent', 'example_external_task_marker_child' retrieved from /home/airflow/.local/lib/python3.12/site-packages/airflow/example_dags/example_external_task_marker_dag.py
[2024-06-07T14:02:57.585+0000] {logging_mixin.py:188} INFO - [2024-06-07T14:02:57.585+0000] {dag.py:3096} INFO - Sync 2 DAGs
[2024-06-07T14:02:57.607+0000] {logging_mixin.py:188} INFO - [2024-06-07T14:02:57.607+0000] {dag.py:3954} INFO - Setting next_dagrun for example_external_task_marker_child to None, run_after=None
[2024-06-07T14:02:57.613+0000] {logging_mixin.py:188} INFO - [2024-06-07T14:02:57.613+0000] {dag.py:3954} INFO - Setting next_dagrun for example_external_task_marker_parent to None, run_after=None
[2024-06-07T14:02:57.632+0000] {processor.py:183} INFO - Processing /home/airflow/.local/lib/python3.12/site-packages/airflow/example_dags/example_external_task_marker_dag.py took 0.117 seconds
[2024-06-07T14:03:28.346+0000] {processor.py:161} INFO - Started process (PID=280) to work on /home/airflow/.local/lib/python3.12/site-packages/airflow/example_dags/example_external_task_marker_dag.py
[2024-06-07T14:03:28.348+0000] {processor.py:830} INFO - Processing file /home/airflow/.local/lib/python3.12/site-packages/airflow/example_dags/example_external_task_marker_dag.py for tasks to queue
[2024-06-07T14:03:28.350+0000] {logging_mixin.py:188} INFO - [2024-06-07T14:03:28.350+0000] {dagbag.py:545} INFO - Filling up the DagBag from /home/airflow/.local/lib/python3.12/site-packages/airflow/example_dags/example_external_task_marker_dag.py
[2024-06-07T14:03:28.357+0000] {processor.py:840} INFO - DAG(s) 'example_external_task_marker_child', 'example_external_task_marker_parent' retrieved from /home/airflow/.local/lib/python3.12/site-packages/airflow/example_dags/example_external_task_marker_dag.py
[2024-06-07T14:03:28.386+0000] {logging_mixin.py:188} INFO - [2024-06-07T14:03:28.386+0000] {dag.py:3096} INFO - Sync 2 DAGs
[2024-06-07T14:03:28.405+0000] {logging_mixin.py:188} INFO - [2024-06-07T14:03:28.405+0000] {dag.py:3954} INFO - Setting next_dagrun for example_external_task_marker_child to None, run_after=None
[2024-06-07T14:03:28.410+0000] {logging_mixin.py:188} INFO - [2024-06-07T14:03:28.410+0000] {dag.py:3954} INFO - Setting next_dagrun for example_external_task_marker_parent to None, run_after=None
[2024-06-07T14:03:28.439+0000] {processor.py:183} INFO - Processing /home/airflow/.local/lib/python3.12/site-packages/airflow/example_dags/example_external_task_marker_dag.py took 0.099 seconds
[2024-06-07T14:03:58.814+0000] {processor.py:161} INFO - Started process (PID=341) to work on /home/airflow/.local/lib/python3.12/site-packages/airflow/example_dags/example_external_task_marker_dag.py
[2024-06-07T14:03:58.817+0000] {processor.py:830} INFO - Processing file /home/airflow/.local/lib/python3.12/site-packages/airflow/example_dags/example_external_task_marker_dag.py for tasks to queue
[2024-06-07T14:03:58.819+0000] {logging_mixin.py:188} INFO - [2024-06-07T14:03:58.819+0000] {dagbag.py:545} INFO - Filling up the DagBag from /home/airflow/.local/lib/python3.12/site-packages/airflow/example_dags/example_external_task_marker_dag.py
[2024-06-07T14:03:58.831+0000] {processor.py:840} INFO - DAG(s) 'example_external_task_marker_child', 'example_external_task_marker_parent' retrieved from /home/airflow/.local/lib/python3.12/site-packages/airflow/example_dags/example_external_task_marker_dag.py
[2024-06-07T14:03:58.869+0000] {logging_mixin.py:188} INFO - [2024-06-07T14:03:58.869+0000] {dag.py:3096} INFO - Sync 2 DAGs
[2024-06-07T14:03:58.886+0000] {logging_mixin.py:188} INFO - [2024-06-07T14:03:58.886+0000] {dag.py:3954} INFO - Setting next_dagrun for example_external_task_marker_child to None, run_after=None
[2024-06-07T14:03:58.891+0000] {logging_mixin.py:188} INFO - [2024-06-07T14:03:58.890+0000] {dag.py:3954} INFO - Setting next_dagrun for example_external_task_marker_parent to None, run_after=None
[2024-06-07T14:03:58.917+0000] {processor.py:183} INFO - Processing /home/airflow/.local/lib/python3.12/site-packages/airflow/example_dags/example_external_task_marker_dag.py took 0.113 seconds
[2024-06-07T14:04:30.198+0000] {processor.py:161} INFO - Started process (PID=400) to work on /home/airflow/.local/lib/python3.12/site-packages/airflow/example_dags/example_external_task_marker_dag.py
[2024-06-07T14:04:30.202+0000] {processor.py:830} INFO - Processing file /home/airflow/.local/lib/python3.12/site-packages/airflow/example_dags/example_external_task_marker_dag.py for tasks to queue
[2024-06-07T14:04:30.210+0000] {logging_mixin.py:188} INFO - [2024-06-07T14:04:30.209+0000] {dagbag.py:545} INFO - Filling up the DagBag from /home/airflow/.local/lib/python3.12/site-packages/airflow/example_dags/example_external_task_marker_dag.py
[2024-06-07T14:04:30.263+0000] {processor.py:840} INFO - DAG(s) 'example_external_task_marker_child', 'example_external_task_marker_parent' retrieved from /home/airflow/.local/lib/python3.12/site-packages/airflow/example_dags/example_external_task_marker_dag.py
[2024-06-07T14:04:30.401+0000] {logging_mixin.py:188} INFO - [2024-06-07T14:04:30.400+0000] {dag.py:3096} INFO - Sync 2 DAGs
[2024-06-07T14:04:30.480+0000] {logging_mixin.py:188} INFO - [2024-06-07T14:04:30.480+0000] {dag.py:3954} INFO - Setting next_dagrun for example_external_task_marker_child to None, run_after=None
[2024-06-07T14:04:30.508+0000] {logging_mixin.py:188} INFO - [2024-06-07T14:04:30.507+0000] {dag.py:3954} INFO - Setting next_dagrun for example_external_task_marker_parent to None, run_after=None
[2024-06-07T14:04:30.551+0000] {processor.py:183} INFO - Processing /home/airflow/.local/lib/python3.12/site-packages/airflow/example_dags/example_external_task_marker_dag.py took 0.383 seconds
[2024-06-07T14:05:00.872+0000] {processor.py:161} INFO - Started process (PID=460) to work on /home/airflow/.local/lib/python3.12/site-packages/airflow/example_dags/example_external_task_marker_dag.py
[2024-06-07T14:05:00.873+0000] {processor.py:830} INFO - Processing file /home/airflow/.local/lib/python3.12/site-packages/airflow/example_dags/example_external_task_marker_dag.py for tasks to queue
[2024-06-07T14:05:00.876+0000] {logging_mixin.py:188} INFO - [2024-06-07T14:05:00.876+0000] {dagbag.py:545} INFO - Filling up the DagBag from /home/airflow/.local/lib/python3.12/site-packages/airflow/example_dags/example_external_task_marker_dag.py
[2024-06-07T14:05:00.885+0000] {processor.py:840} INFO - DAG(s) 'example_external_task_marker_parent', 'example_external_task_marker_child' retrieved from /home/airflow/.local/lib/python3.12/site-packages/airflow/example_dags/example_external_task_marker_dag.py
[2024-06-07T14:05:00.912+0000] {logging_mixin.py:188} INFO - [2024-06-07T14:05:00.912+0000] {dag.py:3096} INFO - Sync 2 DAGs
[2024-06-07T14:05:00.931+0000] {logging_mixin.py:188} INFO - [2024-06-07T14:05:00.931+0000] {dag.py:3954} INFO - Setting next_dagrun for example_external_task_marker_child to None, run_after=None
[2024-06-07T14:05:00.935+0000] {logging_mixin.py:188} INFO - [2024-06-07T14:05:00.935+0000] {dag.py:3954} INFO - Setting next_dagrun for example_external_task_marker_parent to None, run_after=None
[2024-06-07T14:05:00.951+0000] {processor.py:183} INFO - Processing /home/airflow/.local/lib/python3.12/site-packages/airflow/example_dags/example_external_task_marker_dag.py took 0.088 seconds
[2024-06-07T14:05:31.189+0000] {processor.py:161} INFO - Started process (PID=521) to work on /home/airflow/.local/lib/python3.12/site-packages/airflow/example_dags/example_external_task_marker_dag.py
[2024-06-07T14:05:31.190+0000] {processor.py:830} INFO - Processing file /home/airflow/.local/lib/python3.12/site-packages/airflow/example_dags/example_external_task_marker_dag.py for tasks to queue
[2024-06-07T14:05:31.193+0000] {logging_mixin.py:188} INFO - [2024-06-07T14:05:31.193+0000] {dagbag.py:545} INFO - Filling up the DagBag from /home/airflow/.local/lib/python3.12/site-packages/airflow/example_dags/example_external_task_marker_dag.py
[2024-06-07T14:05:31.203+0000] {processor.py:840} INFO - DAG(s) 'example_external_task_marker_parent', 'example_external_task_marker_child' retrieved from /home/airflow/.local/lib/python3.12/site-packages/airflow/example_dags/example_external_task_marker_dag.py
[2024-06-07T14:05:31.228+0000] {logging_mixin.py:188} INFO - [2024-06-07T14:05:31.228+0000] {dag.py:3096} INFO - Sync 2 DAGs
[2024-06-07T14:05:31.245+0000] {logging_mixin.py:188} INFO - [2024-06-07T14:05:31.245+0000] {dag.py:3954} INFO - Setting next_dagrun for example_external_task_marker_child to None, run_after=None
[2024-06-07T14:05:31.249+0000] {logging_mixin.py:188} INFO - [2024-06-07T14:05:31.249+0000] {dag.py:3954} INFO - Setting next_dagrun for example_external_task_marker_parent to None, run_after=None
[2024-06-07T14:05:31.269+0000] {processor.py:183} INFO - Processing /home/airflow/.local/lib/python3.12/site-packages/airflow/example_dags/example_external_task_marker_dag.py took 0.091 seconds
[2024-06-07T14:06:01.402+0000] {processor.py:161} INFO - Started process (PID=582) to work on /home/airflow/.local/lib/python3.12/site-packages/airflow/example_dags/example_external_task_marker_dag.py
[2024-06-07T14:06:01.404+0000] {processor.py:830} INFO - Processing file /home/airflow/.local/lib/python3.12/site-packages/airflow/example_dags/example_external_task_marker_dag.py for tasks to queue
[2024-06-07T14:06:01.406+0000] {logging_mixin.py:188} INFO - [2024-06-07T14:06:01.406+0000] {dagbag.py:545} INFO - Filling up the DagBag from /home/airflow/.local/lib/python3.12/site-packages/airflow/example_dags/example_external_task_marker_dag.py
[2024-06-07T14:06:01.415+0000] {processor.py:840} INFO - DAG(s) 'example_external_task_marker_parent', 'example_external_task_marker_child' retrieved from /home/airflow/.local/lib/python3.12/site-packages/airflow/example_dags/example_external_task_marker_dag.py
[2024-06-07T14:06:01.443+0000] {logging_mixin.py:188} INFO - [2024-06-07T14:06:01.442+0000] {dag.py:3096} INFO - Sync 2 DAGs
[2024-06-07T14:06:01.457+0000] {logging_mixin.py:188} INFO - [2024-06-07T14:06:01.456+0000] {dag.py:3954} INFO - Setting next_dagrun for example_external_task_marker_child to None, run_after=None
[2024-06-07T14:06:01.461+0000] {logging_mixin.py:188} INFO - [2024-06-07T14:06:01.461+0000] {dag.py:3954} INFO - Setting next_dagrun for example_external_task_marker_parent to None, run_after=None
[2024-06-07T14:06:01.493+0000] {processor.py:183} INFO - Processing /home/airflow/.local/lib/python3.12/site-packages/airflow/example_dags/example_external_task_marker_dag.py took 0.100 seconds
[2024-06-07T14:06:32.241+0000] {processor.py:161} INFO - Started process (PID=641) to work on /home/airflow/.local/lib/python3.12/site-packages/airflow/example_dags/example_external_task_marker_dag.py
[2024-06-07T14:06:32.243+0000] {processor.py:830} INFO - Processing file /home/airflow/.local/lib/python3.12/site-packages/airflow/example_dags/example_external_task_marker_dag.py for tasks to queue
[2024-06-07T14:06:32.247+0000] {logging_mixin.py:188} INFO - [2024-06-07T14:06:32.246+0000] {dagbag.py:545} INFO - Filling up the DagBag from /home/airflow/.local/lib/python3.12/site-packages/airflow/example_dags/example_external_task_marker_dag.py
[2024-06-07T14:06:32.261+0000] {processor.py:840} INFO - DAG(s) 'example_external_task_marker_parent', 'example_external_task_marker_child' retrieved from /home/airflow/.local/lib/python3.12/site-packages/airflow/example_dags/example_external_task_marker_dag.py
[2024-06-07T14:06:32.328+0000] {logging_mixin.py:188} INFO - [2024-06-07T14:06:32.327+0000] {dag.py:3096} INFO - Sync 2 DAGs
[2024-06-07T14:06:32.365+0000] {logging_mixin.py:188} INFO - [2024-06-07T14:06:32.364+0000] {dag.py:3954} INFO - Setting next_dagrun for example_external_task_marker_child to None, run_after=None
[2024-06-07T14:06:32.380+0000] {logging_mixin.py:188} INFO - [2024-06-07T14:06:32.380+0000] {dag.py:3954} INFO - Setting next_dagrun for example_external_task_marker_parent to None, run_after=None
[2024-06-07T14:06:32.419+0000] {processor.py:183} INFO - Processing /home/airflow/.local/lib/python3.12/site-packages/airflow/example_dags/example_external_task_marker_dag.py took 0.193 seconds
[2024-06-07T14:07:02.613+0000] {processor.py:161} INFO - Started process (PID=701) to work on /home/airflow/.local/lib/python3.12/site-packages/airflow/example_dags/example_external_task_marker_dag.py
[2024-06-07T14:07:02.614+0000] {processor.py:830} INFO - Processing file /home/airflow/.local/lib/python3.12/site-packages/airflow/example_dags/example_external_task_marker_dag.py for tasks to queue
[2024-06-07T14:07:02.616+0000] {logging_mixin.py:188} INFO - [2024-06-07T14:07:02.616+0000] {dagbag.py:545} INFO - Filling up the DagBag from /home/airflow/.local/lib/python3.12/site-packages/airflow/example_dags/example_external_task_marker_dag.py
[2024-06-07T14:07:02.623+0000] {processor.py:840} INFO - DAG(s) 'example_external_task_marker_parent', 'example_external_task_marker_child' retrieved from /home/airflow/.local/lib/python3.12/site-packages/airflow/example_dags/example_external_task_marker_dag.py
[2024-06-07T14:07:02.652+0000] {logging_mixin.py:188} INFO - [2024-06-07T14:07:02.652+0000] {dag.py:3096} INFO - Sync 2 DAGs
[2024-06-07T14:07:02.669+0000] {logging_mixin.py:188} INFO - [2024-06-07T14:07:02.669+0000] {dag.py:3954} INFO - Setting next_dagrun for example_external_task_marker_child to None, run_after=None
[2024-06-07T14:07:02.674+0000] {logging_mixin.py:188} INFO - [2024-06-07T14:07:02.673+0000] {dag.py:3954} INFO - Setting next_dagrun for example_external_task_marker_parent to None, run_after=None
[2024-06-07T14:07:02.693+0000] {processor.py:183} INFO - Processing /home/airflow/.local/lib/python3.12/site-packages/airflow/example_dags/example_external_task_marker_dag.py took 0.090 seconds
[2024-06-07T14:07:33.320+0000] {processor.py:161} INFO - Started process (PID=761) to work on /home/airflow/.local/lib/python3.12/site-packages/airflow/example_dags/example_external_task_marker_dag.py
[2024-06-07T14:07:33.323+0000] {processor.py:830} INFO - Processing file /home/airflow/.local/lib/python3.12/site-packages/airflow/example_dags/example_external_task_marker_dag.py for tasks to queue
[2024-06-07T14:07:33.327+0000] {logging_mixin.py:188} INFO - [2024-06-07T14:07:33.327+0000] {dagbag.py:545} INFO - Filling up the DagBag from /home/airflow/.local/lib/python3.12/site-packages/airflow/example_dags/example_external_task_marker_dag.py
[2024-06-07T14:07:33.363+0000] {processor.py:840} INFO - DAG(s) 'example_external_task_marker_child', 'example_external_task_marker_parent' retrieved from /home/airflow/.local/lib/python3.12/site-packages/airflow/example_dags/example_external_task_marker_dag.py
[2024-06-07T14:07:33.501+0000] {logging_mixin.py:188} INFO - [2024-06-07T14:07:33.500+0000] {dag.py:3096} INFO - Sync 2 DAGs
[2024-06-07T14:07:33.833+0000] {logging_mixin.py:188} INFO - [2024-06-07T14:07:33.832+0000] {dag.py:3954} INFO - Setting next_dagrun for example_external_task_marker_child to None, run_after=None
[2024-06-07T14:07:33.917+0000] {logging_mixin.py:188} INFO - [2024-06-07T14:07:33.915+0000] {dag.py:3954} INFO - Setting next_dagrun for example_external_task_marker_parent to None, run_after=None
[2024-06-07T14:07:34.039+0000] {processor.py:183} INFO - Processing /home/airflow/.local/lib/python3.12/site-packages/airflow/example_dags/example_external_task_marker_dag.py took 0.738 seconds
[2024-06-07T14:08:04.730+0000] {processor.py:161} INFO - Started process (PID=821) to work on /home/airflow/.local/lib/python3.12/site-packages/airflow/example_dags/example_external_task_marker_dag.py
[2024-06-07T14:08:04.731+0000] {processor.py:830} INFO - Processing file /home/airflow/.local/lib/python3.12/site-packages/airflow/example_dags/example_external_task_marker_dag.py for tasks to queue
[2024-06-07T14:08:04.733+0000] {logging_mixin.py:188} INFO - [2024-06-07T14:08:04.733+0000] {dagbag.py:545} INFO - Filling up the DagBag from /home/airflow/.local/lib/python3.12/site-packages/airflow/example_dags/example_external_task_marker_dag.py
[2024-06-07T14:08:04.741+0000] {processor.py:840} INFO - DAG(s) 'example_external_task_marker_parent', 'example_external_task_marker_child' retrieved from /home/airflow/.local/lib/python3.12/site-packages/airflow/example_dags/example_external_task_marker_dag.py
[2024-06-07T14:08:04.767+0000] {logging_mixin.py:188} INFO - [2024-06-07T14:08:04.767+0000] {dag.py:3096} INFO - Sync 2 DAGs
[2024-06-07T14:08:04.785+0000] {logging_mixin.py:188} INFO - [2024-06-07T14:08:04.785+0000] {dag.py:3954} INFO - Setting next_dagrun for example_external_task_marker_child to None, run_after=None
[2024-06-07T14:08:04.790+0000] {logging_mixin.py:188} INFO - [2024-06-07T14:08:04.789+0000] {dag.py:3954} INFO - Setting next_dagrun for example_external_task_marker_parent to None, run_after=None
[2024-06-07T14:08:04.812+0000] {processor.py:183} INFO - Processing /home/airflow/.local/lib/python3.12/site-packages/airflow/example_dags/example_external_task_marker_dag.py took 0.088 seconds
[2024-06-07T14:08:34.909+0000] {processor.py:161} INFO - Started process (PID=881) to work on /home/airflow/.local/lib/python3.12/site-packages/airflow/example_dags/example_external_task_marker_dag.py
[2024-06-07T14:08:34.910+0000] {processor.py:830} INFO - Processing file /home/airflow/.local/lib/python3.12/site-packages/airflow/example_dags/example_external_task_marker_dag.py for tasks to queue
[2024-06-07T14:08:34.912+0000] {logging_mixin.py:188} INFO - [2024-06-07T14:08:34.912+0000] {dagbag.py:545} INFO - Filling up the DagBag from /home/airflow/.local/lib/python3.12/site-packages/airflow/example_dags/example_external_task_marker_dag.py
[2024-06-07T14:08:34.919+0000] {processor.py:840} INFO - DAG(s) 'example_external_task_marker_parent', 'example_external_task_marker_child' retrieved from /home/airflow/.local/lib/python3.12/site-packages/airflow/example_dags/example_external_task_marker_dag.py
[2024-06-07T14:08:34.947+0000] {logging_mixin.py:188} INFO - [2024-06-07T14:08:34.947+0000] {dag.py:3096} INFO - Sync 2 DAGs
[2024-06-07T14:08:34.966+0000] {logging_mixin.py:188} INFO - [2024-06-07T14:08:34.966+0000] {dag.py:3954} INFO - Setting next_dagrun for example_external_task_marker_child to None, run_after=None
[2024-06-07T14:08:34.971+0000] {logging_mixin.py:188} INFO - [2024-06-07T14:08:34.970+0000] {dag.py:3954} INFO - Setting next_dagrun for example_external_task_marker_parent to None, run_after=None
[2024-06-07T14:08:34.991+0000] {processor.py:183} INFO - Processing /home/airflow/.local/lib/python3.12/site-packages/airflow/example_dags/example_external_task_marker_dag.py took 0.089 seconds
[2024-06-07T14:09:05.501+0000] {processor.py:161} INFO - Started process (PID=941) to work on /home/airflow/.local/lib/python3.12/site-packages/airflow/example_dags/example_external_task_marker_dag.py
[2024-06-07T14:09:05.503+0000] {processor.py:830} INFO - Processing file /home/airflow/.local/lib/python3.12/site-packages/airflow/example_dags/example_external_task_marker_dag.py for tasks to queue
[2024-06-07T14:09:05.505+0000] {logging_mixin.py:188} INFO - [2024-06-07T14:09:05.505+0000] {dagbag.py:545} INFO - Filling up the DagBag from /home/airflow/.local/lib/python3.12/site-packages/airflow/example_dags/example_external_task_marker_dag.py
[2024-06-07T14:09:05.513+0000] {processor.py:840} INFO - DAG(s) 'example_external_task_marker_parent', 'example_external_task_marker_child' retrieved from /home/airflow/.local/lib/python3.12/site-packages/airflow/example_dags/example_external_task_marker_dag.py
[2024-06-07T14:09:05.546+0000] {logging_mixin.py:188} INFO - [2024-06-07T14:09:05.545+0000] {dag.py:3096} INFO - Sync 2 DAGs
[2024-06-07T14:09:05.568+0000] {logging_mixin.py:188} INFO - [2024-06-07T14:09:05.567+0000] {dag.py:3954} INFO - Setting next_dagrun for example_external_task_marker_child to None, run_after=None
[2024-06-07T14:09:05.572+0000] {logging_mixin.py:188} INFO - [2024-06-07T14:09:05.572+0000] {dag.py:3954} INFO - Setting next_dagrun for example_external_task_marker_parent to None, run_after=None
[2024-06-07T14:09:05.595+0000] {processor.py:183} INFO - Processing /home/airflow/.local/lib/python3.12/site-packages/airflow/example_dags/example_external_task_marker_dag.py took 0.102 seconds
[2024-06-07T14:09:35.879+0000] {processor.py:161} INFO - Started process (PID=1001) to work on /home/airflow/.local/lib/python3.12/site-packages/airflow/example_dags/example_external_task_marker_dag.py
[2024-06-07T14:09:35.880+0000] {processor.py:830} INFO - Processing file /home/airflow/.local/lib/python3.12/site-packages/airflow/example_dags/example_external_task_marker_dag.py for tasks to queue
[2024-06-07T14:09:35.882+0000] {logging_mixin.py:188} INFO - [2024-06-07T14:09:35.882+0000] {dagbag.py:545} INFO - Filling up the DagBag from /home/airflow/.local/lib/python3.12/site-packages/airflow/example_dags/example_external_task_marker_dag.py
[2024-06-07T14:09:35.888+0000] {processor.py:840} INFO - DAG(s) 'example_external_task_marker_child', 'example_external_task_marker_parent' retrieved from /home/airflow/.local/lib/python3.12/site-packages/airflow/example_dags/example_external_task_marker_dag.py
[2024-06-07T14:09:35.913+0000] {logging_mixin.py:188} INFO - [2024-06-07T14:09:35.912+0000] {dag.py:3096} INFO - Sync 2 DAGs
[2024-06-07T14:09:35.926+0000] {logging_mixin.py:188} INFO - [2024-06-07T14:09:35.926+0000] {dag.py:3954} INFO - Setting next_dagrun for example_external_task_marker_child to None, run_after=None
[2024-06-07T14:09:35.930+0000] {logging_mixin.py:188} INFO - [2024-06-07T14:09:35.930+0000] {dag.py:3954} INFO - Setting next_dagrun for example_external_task_marker_parent to None, run_after=None
[2024-06-07T14:09:35.949+0000] {processor.py:183} INFO - Processing /home/airflow/.local/lib/python3.12/site-packages/airflow/example_dags/example_external_task_marker_dag.py took 0.077 seconds
[2024-06-07T14:10:06.695+0000] {processor.py:161} INFO - Started process (PID=1061) to work on /home/airflow/.local/lib/python3.12/site-packages/airflow/example_dags/example_external_task_marker_dag.py
[2024-06-07T14:10:06.697+0000] {processor.py:830} INFO - Processing file /home/airflow/.local/lib/python3.12/site-packages/airflow/example_dags/example_external_task_marker_dag.py for tasks to queue
[2024-06-07T14:10:06.701+0000] {logging_mixin.py:188} INFO - [2024-06-07T14:10:06.700+0000] {dagbag.py:545} INFO - Filling up the DagBag from /home/airflow/.local/lib/python3.12/site-packages/airflow/example_dags/example_external_task_marker_dag.py
[2024-06-07T14:10:06.710+0000] {processor.py:840} INFO - DAG(s) 'example_external_task_marker_parent', 'example_external_task_marker_child' retrieved from /home/airflow/.local/lib/python3.12/site-packages/airflow/example_dags/example_external_task_marker_dag.py
[2024-06-07T14:10:06.748+0000] {logging_mixin.py:188} INFO - [2024-06-07T14:10:06.748+0000] {dag.py:3096} INFO - Sync 2 DAGs
[2024-06-07T14:10:06.770+0000] {logging_mixin.py:188} INFO - [2024-06-07T14:10:06.770+0000] {dag.py:3954} INFO - Setting next_dagrun for example_external_task_marker_child to None, run_after=None
[2024-06-07T14:10:06.776+0000] {logging_mixin.py:188} INFO - [2024-06-07T14:10:06.776+0000] {dag.py:3954} INFO - Setting next_dagrun for example_external_task_marker_parent to None, run_after=None
[2024-06-07T14:10:06.802+0000] {processor.py:183} INFO - Processing /home/airflow/.local/lib/python3.12/site-packages/airflow/example_dags/example_external_task_marker_dag.py took 0.118 seconds
[2024-06-07T14:10:37.364+0000] {processor.py:161} INFO - Started process (PID=1121) to work on /home/airflow/.local/lib/python3.12/site-packages/airflow/example_dags/example_external_task_marker_dag.py
[2024-06-07T14:10:37.366+0000] {processor.py:830} INFO - Processing file /home/airflow/.local/lib/python3.12/site-packages/airflow/example_dags/example_external_task_marker_dag.py for tasks to queue
[2024-06-07T14:10:37.369+0000] {logging_mixin.py:188} INFO - [2024-06-07T14:10:37.369+0000] {dagbag.py:545} INFO - Filling up the DagBag from /home/airflow/.local/lib/python3.12/site-packages/airflow/example_dags/example_external_task_marker_dag.py
[2024-06-07T14:10:37.380+0000] {processor.py:840} INFO - DAG(s) 'example_external_task_marker_parent', 'example_external_task_marker_child' retrieved from /home/airflow/.local/lib/python3.12/site-packages/airflow/example_dags/example_external_task_marker_dag.py
[2024-06-07T14:10:37.414+0000] {logging_mixin.py:188} INFO - [2024-06-07T14:10:37.413+0000] {dag.py:3096} INFO - Sync 2 DAGs
[2024-06-07T14:10:37.434+0000] {logging_mixin.py:188} INFO - [2024-06-07T14:10:37.433+0000] {dag.py:3954} INFO - Setting next_dagrun for example_external_task_marker_child to None, run_after=None
[2024-06-07T14:10:37.440+0000] {logging_mixin.py:188} INFO - [2024-06-07T14:10:37.440+0000] {dag.py:3954} INFO - Setting next_dagrun for example_external_task_marker_parent to None, run_after=None
[2024-06-07T14:10:37.461+0000] {processor.py:183} INFO - Processing /home/airflow/.local/lib/python3.12/site-packages/airflow/example_dags/example_external_task_marker_dag.py took 0.106 seconds
[2024-06-07T14:11:08.272+0000] {processor.py:161} INFO - Started process (PID=1181) to work on /home/airflow/.local/lib/python3.12/site-packages/airflow/example_dags/example_external_task_marker_dag.py
[2024-06-07T14:11:08.279+0000] {processor.py:830} INFO - Processing file /home/airflow/.local/lib/python3.12/site-packages/airflow/example_dags/example_external_task_marker_dag.py for tasks to queue
[2024-06-07T14:11:08.294+0000] {logging_mixin.py:188} INFO - [2024-06-07T14:11:08.292+0000] {dagbag.py:545} INFO - Filling up the DagBag from /home/airflow/.local/lib/python3.12/site-packages/airflow/example_dags/example_external_task_marker_dag.py
[2024-06-07T14:11:08.325+0000] {processor.py:840} INFO - DAG(s) 'example_external_task_marker_child', 'example_external_task_marker_parent' retrieved from /home/airflow/.local/lib/python3.12/site-packages/airflow/example_dags/example_external_task_marker_dag.py
[2024-06-07T14:11:08.425+0000] {logging_mixin.py:188} INFO - [2024-06-07T14:11:08.424+0000] {dag.py:3096} INFO - Sync 2 DAGs
[2024-06-07T14:11:08.492+0000] {logging_mixin.py:188} INFO - [2024-06-07T14:11:08.492+0000] {dag.py:3954} INFO - Setting next_dagrun for example_external_task_marker_child to None, run_after=None
[2024-06-07T14:11:08.504+0000] {logging_mixin.py:188} INFO - [2024-06-07T14:11:08.503+0000] {dag.py:3954} INFO - Setting next_dagrun for example_external_task_marker_parent to None, run_after=None
[2024-06-07T14:11:08.563+0000] {processor.py:183} INFO - Processing /home/airflow/.local/lib/python3.12/site-packages/airflow/example_dags/example_external_task_marker_dag.py took 0.320 seconds
[2024-06-07T14:11:39.310+0000] {processor.py:161} INFO - Started process (PID=1241) to work on /home/airflow/.local/lib/python3.12/site-packages/airflow/example_dags/example_external_task_marker_dag.py
[2024-06-07T14:11:39.312+0000] {processor.py:830} INFO - Processing file /home/airflow/.local/lib/python3.12/site-packages/airflow/example_dags/example_external_task_marker_dag.py for tasks to queue
[2024-06-07T14:11:39.315+0000] {logging_mixin.py:188} INFO - [2024-06-07T14:11:39.314+0000] {dagbag.py:545} INFO - Filling up the DagBag from /home/airflow/.local/lib/python3.12/site-packages/airflow/example_dags/example_external_task_marker_dag.py
[2024-06-07T14:11:39.322+0000] {processor.py:840} INFO - DAG(s) 'example_external_task_marker_parent', 'example_external_task_marker_child' retrieved from /home/airflow/.local/lib/python3.12/site-packages/airflow/example_dags/example_external_task_marker_dag.py
[2024-06-07T14:11:39.355+0000] {logging_mixin.py:188} INFO - [2024-06-07T14:11:39.355+0000] {dag.py:3096} INFO - Sync 2 DAGs
[2024-06-07T14:11:39.375+0000] {logging_mixin.py:188} INFO - [2024-06-07T14:11:39.375+0000] {dag.py:3954} INFO - Setting next_dagrun for example_external_task_marker_child to None, run_after=None
[2024-06-07T14:11:39.381+0000] {logging_mixin.py:188} INFO - [2024-06-07T14:11:39.380+0000] {dag.py:3954} INFO - Setting next_dagrun for example_external_task_marker_parent to None, run_after=None
[2024-06-07T14:11:39.400+0000] {processor.py:183} INFO - Processing /home/airflow/.local/lib/python3.12/site-packages/airflow/example_dags/example_external_task_marker_dag.py took 0.100 seconds
[2024-06-07T14:12:09.511+0000] {processor.py:161} INFO - Started process (PID=1301) to work on /home/airflow/.local/lib/python3.12/site-packages/airflow/example_dags/example_external_task_marker_dag.py
[2024-06-07T14:12:09.513+0000] {processor.py:830} INFO - Processing file /home/airflow/.local/lib/python3.12/site-packages/airflow/example_dags/example_external_task_marker_dag.py for tasks to queue
[2024-06-07T14:12:09.516+0000] {logging_mixin.py:188} INFO - [2024-06-07T14:12:09.515+0000] {dagbag.py:545} INFO - Filling up the DagBag from /home/airflow/.local/lib/python3.12/site-packages/airflow/example_dags/example_external_task_marker_dag.py
[2024-06-07T14:12:09.526+0000] {processor.py:840} INFO - DAG(s) 'example_external_task_marker_parent', 'example_external_task_marker_child' retrieved from /home/airflow/.local/lib/python3.12/site-packages/airflow/example_dags/example_external_task_marker_dag.py
[2024-06-07T14:12:09.557+0000] {logging_mixin.py:188} INFO - [2024-06-07T14:12:09.557+0000] {dag.py:3096} INFO - Sync 2 DAGs
[2024-06-07T14:12:09.576+0000] {logging_mixin.py:188} INFO - [2024-06-07T14:12:09.576+0000] {dag.py:3954} INFO - Setting next_dagrun for example_external_task_marker_child to None, run_after=None
[2024-06-07T14:12:09.581+0000] {logging_mixin.py:188} INFO - [2024-06-07T14:12:09.580+0000] {dag.py:3954} INFO - Setting next_dagrun for example_external_task_marker_parent to None, run_after=None
[2024-06-07T14:12:09.605+0000] {processor.py:183} INFO - Processing /home/airflow/.local/lib/python3.12/site-packages/airflow/example_dags/example_external_task_marker_dag.py took 0.104 seconds
[2024-06-07T14:12:39.827+0000] {processor.py:161} INFO - Started process (PID=1361) to work on /home/airflow/.local/lib/python3.12/site-packages/airflow/example_dags/example_external_task_marker_dag.py
[2024-06-07T14:12:39.829+0000] {processor.py:830} INFO - Processing file /home/airflow/.local/lib/python3.12/site-packages/airflow/example_dags/example_external_task_marker_dag.py for tasks to queue
[2024-06-07T14:12:39.834+0000] {logging_mixin.py:188} INFO - [2024-06-07T14:12:39.833+0000] {dagbag.py:545} INFO - Filling up the DagBag from /home/airflow/.local/lib/python3.12/site-packages/airflow/example_dags/example_external_task_marker_dag.py
[2024-06-07T14:12:39.845+0000] {processor.py:840} INFO - DAG(s) 'example_external_task_marker_parent', 'example_external_task_marker_child' retrieved from /home/airflow/.local/lib/python3.12/site-packages/airflow/example_dags/example_external_task_marker_dag.py
[2024-06-07T14:12:39.878+0000] {logging_mixin.py:188} INFO - [2024-06-07T14:12:39.878+0000] {dag.py:3096} INFO - Sync 2 DAGs
[2024-06-07T14:12:39.897+0000] {logging_mixin.py:188} INFO - [2024-06-07T14:12:39.896+0000] {dag.py:3954} INFO - Setting next_dagrun for example_external_task_marker_child to None, run_after=None
[2024-06-07T14:12:39.903+0000] {logging_mixin.py:188} INFO - [2024-06-07T14:12:39.903+0000] {dag.py:3954} INFO - Setting next_dagrun for example_external_task_marker_parent to None, run_after=None
[2024-06-07T14:12:39.928+0000] {processor.py:183} INFO - Processing /home/airflow/.local/lib/python3.12/site-packages/airflow/example_dags/example_external_task_marker_dag.py took 0.109 seconds
[2024-06-07T14:13:10.475+0000] {processor.py:161} INFO - Started process (PID=1421) to work on /home/airflow/.local/lib/python3.12/site-packages/airflow/example_dags/example_external_task_marker_dag.py
[2024-06-07T14:13:10.477+0000] {processor.py:830} INFO - Processing file /home/airflow/.local/lib/python3.12/site-packages/airflow/example_dags/example_external_task_marker_dag.py for tasks to queue
[2024-06-07T14:13:10.479+0000] {logging_mixin.py:188} INFO - [2024-06-07T14:13:10.479+0000] {dagbag.py:545} INFO - Filling up the DagBag from /home/airflow/.local/lib/python3.12/site-packages/airflow/example_dags/example_external_task_marker_dag.py
[2024-06-07T14:13:10.486+0000] {processor.py:840} INFO - DAG(s) 'example_external_task_marker_child', 'example_external_task_marker_parent' retrieved from /home/airflow/.local/lib/python3.12/site-packages/airflow/example_dags/example_external_task_marker_dag.py
[2024-06-07T14:13:10.513+0000] {logging_mixin.py:188} INFO - [2024-06-07T14:13:10.512+0000] {dag.py:3096} INFO - Sync 2 DAGs
[2024-06-07T14:13:10.527+0000] {logging_mixin.py:188} INFO - [2024-06-07T14:13:10.526+0000] {dag.py:3954} INFO - Setting next_dagrun for example_external_task_marker_child to None, run_after=None
[2024-06-07T14:13:10.531+0000] {logging_mixin.py:188} INFO - [2024-06-07T14:13:10.531+0000] {dag.py:3954} INFO - Setting next_dagrun for example_external_task_marker_parent to None, run_after=None
[2024-06-07T14:13:10.551+0000] {processor.py:183} INFO - Processing /home/airflow/.local/lib/python3.12/site-packages/airflow/example_dags/example_external_task_marker_dag.py took 0.082 seconds
[2024-06-07T14:13:40.749+0000] {processor.py:161} INFO - Started process (PID=1481) to work on /home/airflow/.local/lib/python3.12/site-packages/airflow/example_dags/example_external_task_marker_dag.py
[2024-06-07T14:13:40.750+0000] {processor.py:830} INFO - Processing file /home/airflow/.local/lib/python3.12/site-packages/airflow/example_dags/example_external_task_marker_dag.py for tasks to queue
[2024-06-07T14:13:40.752+0000] {logging_mixin.py:188} INFO - [2024-06-07T14:13:40.752+0000] {dagbag.py:545} INFO - Filling up the DagBag from /home/airflow/.local/lib/python3.12/site-packages/airflow/example_dags/example_external_task_marker_dag.py
[2024-06-07T14:13:40.759+0000] {processor.py:840} INFO - DAG(s) 'example_external_task_marker_parent', 'example_external_task_marker_child' retrieved from /home/airflow/.local/lib/python3.12/site-packages/airflow/example_dags/example_external_task_marker_dag.py
[2024-06-07T14:13:40.784+0000] {logging_mixin.py:188} INFO - [2024-06-07T14:13:40.784+0000] {dag.py:3096} INFO - Sync 2 DAGs
[2024-06-07T14:13:40.798+0000] {logging_mixin.py:188} INFO - [2024-06-07T14:13:40.797+0000] {dag.py:3954} INFO - Setting next_dagrun for example_external_task_marker_child to None, run_after=None
[2024-06-07T14:13:40.802+0000] {logging_mixin.py:188} INFO - [2024-06-07T14:13:40.802+0000] {dag.py:3954} INFO - Setting next_dagrun for example_external_task_marker_parent to None, run_after=None
[2024-06-07T14:13:40.820+0000] {processor.py:183} INFO - Processing /home/airflow/.local/lib/python3.12/site-packages/airflow/example_dags/example_external_task_marker_dag.py took 0.078 seconds
[2024-06-07T14:14:11.164+0000] {processor.py:161} INFO - Started process (PID=1541) to work on /home/airflow/.local/lib/python3.12/site-packages/airflow/example_dags/example_external_task_marker_dag.py
[2024-06-07T14:14:11.165+0000] {processor.py:830} INFO - Processing file /home/airflow/.local/lib/python3.12/site-packages/airflow/example_dags/example_external_task_marker_dag.py for tasks to queue
[2024-06-07T14:14:11.167+0000] {logging_mixin.py:188} INFO - [2024-06-07T14:14:11.167+0000] {dagbag.py:545} INFO - Filling up the DagBag from /home/airflow/.local/lib/python3.12/site-packages/airflow/example_dags/example_external_task_marker_dag.py
[2024-06-07T14:14:11.173+0000] {processor.py:840} INFO - DAG(s) 'example_external_task_marker_parent', 'example_external_task_marker_child' retrieved from /home/airflow/.local/lib/python3.12/site-packages/airflow/example_dags/example_external_task_marker_dag.py
[2024-06-07T14:14:11.198+0000] {logging_mixin.py:188} INFO - [2024-06-07T14:14:11.198+0000] {dag.py:3096} INFO - Sync 2 DAGs
[2024-06-07T14:14:11.211+0000] {logging_mixin.py:188} INFO - [2024-06-07T14:14:11.211+0000] {dag.py:3954} INFO - Setting next_dagrun for example_external_task_marker_child to None, run_after=None
[2024-06-07T14:14:11.216+0000] {logging_mixin.py:188} INFO - [2024-06-07T14:14:11.216+0000] {dag.py:3954} INFO - Setting next_dagrun for example_external_task_marker_parent to None, run_after=None
[2024-06-07T14:14:11.234+0000] {processor.py:183} INFO - Processing /home/airflow/.local/lib/python3.12/site-packages/airflow/example_dags/example_external_task_marker_dag.py took 0.077 seconds
[2024-06-07T14:14:41.584+0000] {processor.py:161} INFO - Started process (PID=1601) to work on /home/airflow/.local/lib/python3.12/site-packages/airflow/example_dags/example_external_task_marker_dag.py
[2024-06-07T14:14:41.585+0000] {processor.py:830} INFO - Processing file /home/airflow/.local/lib/python3.12/site-packages/airflow/example_dags/example_external_task_marker_dag.py for tasks to queue
[2024-06-07T14:14:41.587+0000] {logging_mixin.py:188} INFO - [2024-06-07T14:14:41.587+0000] {dagbag.py:545} INFO - Filling up the DagBag from /home/airflow/.local/lib/python3.12/site-packages/airflow/example_dags/example_external_task_marker_dag.py
[2024-06-07T14:14:41.594+0000] {processor.py:840} INFO - DAG(s) 'example_external_task_marker_child', 'example_external_task_marker_parent' retrieved from /home/airflow/.local/lib/python3.12/site-packages/airflow/example_dags/example_external_task_marker_dag.py
[2024-06-07T14:14:41.623+0000] {logging_mixin.py:188} INFO - [2024-06-07T14:14:41.623+0000] {dag.py:3096} INFO - Sync 2 DAGs
[2024-06-07T14:14:41.641+0000] {logging_mixin.py:188} INFO - [2024-06-07T14:14:41.641+0000] {dag.py:3954} INFO - Setting next_dagrun for example_external_task_marker_child to None, run_after=None
[2024-06-07T14:14:41.646+0000] {logging_mixin.py:188} INFO - [2024-06-07T14:14:41.646+0000] {dag.py:3954} INFO - Setting next_dagrun for example_external_task_marker_parent to None, run_after=None
[2024-06-07T14:14:41.667+0000] {processor.py:183} INFO - Processing /home/airflow/.local/lib/python3.12/site-packages/airflow/example_dags/example_external_task_marker_dag.py took 0.089 seconds
[2024-06-07T14:15:12.747+0000] {processor.py:161} INFO - Started process (PID=1661) to work on /home/airflow/.local/lib/python3.12/site-packages/airflow/example_dags/example_external_task_marker_dag.py
[2024-06-07T14:15:12.751+0000] {processor.py:830} INFO - Processing file /home/airflow/.local/lib/python3.12/site-packages/airflow/example_dags/example_external_task_marker_dag.py for tasks to queue
[2024-06-07T14:15:12.755+0000] {logging_mixin.py:188} INFO - [2024-06-07T14:15:12.754+0000] {dagbag.py:545} INFO - Filling up the DagBag from /home/airflow/.local/lib/python3.12/site-packages/airflow/example_dags/example_external_task_marker_dag.py
[2024-06-07T14:15:12.783+0000] {processor.py:840} INFO - DAG(s) 'example_external_task_marker_parent', 'example_external_task_marker_child' retrieved from /home/airflow/.local/lib/python3.12/site-packages/airflow/example_dags/example_external_task_marker_dag.py
[2024-06-07T14:15:12.878+0000] {logging_mixin.py:188} INFO - [2024-06-07T14:15:12.878+0000] {dag.py:3096} INFO - Sync 2 DAGs
[2024-06-07T14:15:12.934+0000] {logging_mixin.py:188} INFO - [2024-06-07T14:15:12.932+0000] {dag.py:3954} INFO - Setting next_dagrun for example_external_task_marker_child to None, run_after=None
[2024-06-07T14:15:12.962+0000] {logging_mixin.py:188} INFO - [2024-06-07T14:15:12.959+0000] {dag.py:3954} INFO - Setting next_dagrun for example_external_task_marker_parent to None, run_after=None
[2024-06-07T14:15:13.100+0000] {processor.py:183} INFO - Processing /home/airflow/.local/lib/python3.12/site-packages/airflow/example_dags/example_external_task_marker_dag.py took 0.390 seconds
[2024-06-07T14:15:43.975+0000] {processor.py:161} INFO - Started process (PID=1721) to work on /home/airflow/.local/lib/python3.12/site-packages/airflow/example_dags/example_external_task_marker_dag.py
[2024-06-07T14:15:43.976+0000] {processor.py:830} INFO - Processing file /home/airflow/.local/lib/python3.12/site-packages/airflow/example_dags/example_external_task_marker_dag.py for tasks to queue
[2024-06-07T14:15:43.979+0000] {logging_mixin.py:188} INFO - [2024-06-07T14:15:43.978+0000] {dagbag.py:545} INFO - Filling up the DagBag from /home/airflow/.local/lib/python3.12/site-packages/airflow/example_dags/example_external_task_marker_dag.py
[2024-06-07T14:15:43.987+0000] {processor.py:840} INFO - DAG(s) 'example_external_task_marker_child', 'example_external_task_marker_parent' retrieved from /home/airflow/.local/lib/python3.12/site-packages/airflow/example_dags/example_external_task_marker_dag.py
[2024-06-07T14:15:44.014+0000] {logging_mixin.py:188} INFO - [2024-06-07T14:15:44.014+0000] {dag.py:3096} INFO - Sync 2 DAGs
[2024-06-07T14:15:44.027+0000] {logging_mixin.py:188} INFO - [2024-06-07T14:15:44.027+0000] {dag.py:3954} INFO - Setting next_dagrun for example_external_task_marker_child to None, run_after=None
[2024-06-07T14:15:44.032+0000] {logging_mixin.py:188} INFO - [2024-06-07T14:15:44.032+0000] {dag.py:3954} INFO - Setting next_dagrun for example_external_task_marker_parent to None, run_after=None
[2024-06-07T14:15:44.054+0000] {processor.py:183} INFO - Processing /home/airflow/.local/lib/python3.12/site-packages/airflow/example_dags/example_external_task_marker_dag.py took 0.086 seconds
[2024-06-07T14:16:14.207+0000] {processor.py:161} INFO - Started process (PID=1781) to work on /home/airflow/.local/lib/python3.12/site-packages/airflow/example_dags/example_external_task_marker_dag.py
[2024-06-07T14:16:14.208+0000] {processor.py:830} INFO - Processing file /home/airflow/.local/lib/python3.12/site-packages/airflow/example_dags/example_external_task_marker_dag.py for tasks to queue
[2024-06-07T14:16:14.212+0000] {logging_mixin.py:188} INFO - [2024-06-07T14:16:14.211+0000] {dagbag.py:545} INFO - Filling up the DagBag from /home/airflow/.local/lib/python3.12/site-packages/airflow/example_dags/example_external_task_marker_dag.py
[2024-06-07T14:16:14.220+0000] {processor.py:840} INFO - DAG(s) 'example_external_task_marker_child', 'example_external_task_marker_parent' retrieved from /home/airflow/.local/lib/python3.12/site-packages/airflow/example_dags/example_external_task_marker_dag.py
[2024-06-07T14:16:14.258+0000] {logging_mixin.py:188} INFO - [2024-06-07T14:16:14.258+0000] {dag.py:3096} INFO - Sync 2 DAGs
[2024-06-07T14:16:14.438+0000] {logging_mixin.py:188} INFO - [2024-06-07T14:16:14.438+0000] {dag.py:3954} INFO - Setting next_dagrun for example_external_task_marker_child to None, run_after=None
[2024-06-07T14:16:14.443+0000] {logging_mixin.py:188} INFO - [2024-06-07T14:16:14.442+0000] {dag.py:3954} INFO - Setting next_dagrun for example_external_task_marker_parent to None, run_after=None
[2024-06-07T14:16:14.465+0000] {processor.py:183} INFO - Processing /home/airflow/.local/lib/python3.12/site-packages/airflow/example_dags/example_external_task_marker_dag.py took 0.269 seconds
[2024-06-07T14:16:44.559+0000] {processor.py:161} INFO - Started process (PID=1841) to work on /home/airflow/.local/lib/python3.12/site-packages/airflow/example_dags/example_external_task_marker_dag.py
[2024-06-07T14:16:44.561+0000] {processor.py:830} INFO - Processing file /home/airflow/.local/lib/python3.12/site-packages/airflow/example_dags/example_external_task_marker_dag.py for tasks to queue
[2024-06-07T14:16:44.564+0000] {logging_mixin.py:188} INFO - [2024-06-07T14:16:44.564+0000] {dagbag.py:545} INFO - Filling up the DagBag from /home/airflow/.local/lib/python3.12/site-packages/airflow/example_dags/example_external_task_marker_dag.py
[2024-06-07T14:16:44.575+0000] {processor.py:840} INFO - DAG(s) 'example_external_task_marker_parent', 'example_external_task_marker_child' retrieved from /home/airflow/.local/lib/python3.12/site-packages/airflow/example_dags/example_external_task_marker_dag.py
[2024-06-07T14:16:44.606+0000] {logging_mixin.py:188} INFO - [2024-06-07T14:16:44.606+0000] {dag.py:3096} INFO - Sync 2 DAGs
[2024-06-07T14:16:44.809+0000] {logging_mixin.py:188} INFO - [2024-06-07T14:16:44.809+0000] {dag.py:3954} INFO - Setting next_dagrun for example_external_task_marker_child to None, run_after=None
[2024-06-07T14:16:44.814+0000] {logging_mixin.py:188} INFO - [2024-06-07T14:16:44.814+0000] {dag.py:3954} INFO - Setting next_dagrun for example_external_task_marker_parent to None, run_after=None
[2024-06-07T14:16:44.837+0000] {processor.py:183} INFO - Processing /home/airflow/.local/lib/python3.12/site-packages/airflow/example_dags/example_external_task_marker_dag.py took 0.286 seconds
[2024-06-07T14:17:14.993+0000] {processor.py:161} INFO - Started process (PID=1901) to work on /home/airflow/.local/lib/python3.12/site-packages/airflow/example_dags/example_external_task_marker_dag.py
[2024-06-07T14:17:14.994+0000] {processor.py:830} INFO - Processing file /home/airflow/.local/lib/python3.12/site-packages/airflow/example_dags/example_external_task_marker_dag.py for tasks to queue
[2024-06-07T14:17:14.996+0000] {logging_mixin.py:188} INFO - [2024-06-07T14:17:14.996+0000] {dagbag.py:545} INFO - Filling up the DagBag from /home/airflow/.local/lib/python3.12/site-packages/airflow/example_dags/example_external_task_marker_dag.py
[2024-06-07T14:17:15.003+0000] {processor.py:840} INFO - DAG(s) 'example_external_task_marker_parent', 'example_external_task_marker_child' retrieved from /home/airflow/.local/lib/python3.12/site-packages/airflow/example_dags/example_external_task_marker_dag.py
[2024-06-07T14:17:15.029+0000] {logging_mixin.py:188} INFO - [2024-06-07T14:17:15.029+0000] {dag.py:3096} INFO - Sync 2 DAGs
[2024-06-07T14:17:15.184+0000] {logging_mixin.py:188} INFO - [2024-06-07T14:17:15.183+0000] {dag.py:3954} INFO - Setting next_dagrun for example_external_task_marker_child to None, run_after=None
[2024-06-07T14:17:15.188+0000] {logging_mixin.py:188} INFO - [2024-06-07T14:17:15.188+0000] {dag.py:3954} INFO - Setting next_dagrun for example_external_task_marker_parent to None, run_after=None
[2024-06-07T14:17:15.205+0000] {processor.py:183} INFO - Processing /home/airflow/.local/lib/python3.12/site-packages/airflow/example_dags/example_external_task_marker_dag.py took 0.219 seconds
[2024-06-07T14:17:45.295+0000] {processor.py:161} INFO - Started process (PID=1960) to work on /home/airflow/.local/lib/python3.12/site-packages/airflow/example_dags/example_external_task_marker_dag.py
[2024-06-07T14:17:45.296+0000] {processor.py:830} INFO - Processing file /home/airflow/.local/lib/python3.12/site-packages/airflow/example_dags/example_external_task_marker_dag.py for tasks to queue
[2024-06-07T14:17:45.299+0000] {logging_mixin.py:188} INFO - [2024-06-07T14:17:45.299+0000] {dagbag.py:545} INFO - Filling up the DagBag from /home/airflow/.local/lib/python3.12/site-packages/airflow/example_dags/example_external_task_marker_dag.py
[2024-06-07T14:17:45.310+0000] {processor.py:840} INFO - DAG(s) 'example_external_task_marker_child', 'example_external_task_marker_parent' retrieved from /home/airflow/.local/lib/python3.12/site-packages/airflow/example_dags/example_external_task_marker_dag.py
[2024-06-07T14:17:45.343+0000] {logging_mixin.py:188} INFO - [2024-06-07T14:17:45.343+0000] {dag.py:3096} INFO - Sync 2 DAGs
[2024-06-07T14:17:45.359+0000] {logging_mixin.py:188} INFO - [2024-06-07T14:17:45.359+0000] {dag.py:3954} INFO - Setting next_dagrun for example_external_task_marker_child to None, run_after=None
[2024-06-07T14:17:45.363+0000] {logging_mixin.py:188} INFO - [2024-06-07T14:17:45.363+0000] {dag.py:3954} INFO - Setting next_dagrun for example_external_task_marker_parent to None, run_after=None
[2024-06-07T14:17:45.388+0000] {processor.py:183} INFO - Processing /home/airflow/.local/lib/python3.12/site-packages/airflow/example_dags/example_external_task_marker_dag.py took 0.103 seconds
[2024-06-07T14:18:15.663+0000] {processor.py:161} INFO - Started process (PID=2019) to work on /home/airflow/.local/lib/python3.12/site-packages/airflow/example_dags/example_external_task_marker_dag.py
[2024-06-07T14:18:15.667+0000] {processor.py:830} INFO - Processing file /home/airflow/.local/lib/python3.12/site-packages/airflow/example_dags/example_external_task_marker_dag.py for tasks to queue
[2024-06-07T14:18:15.671+0000] {logging_mixin.py:188} INFO - [2024-06-07T14:18:15.670+0000] {dagbag.py:545} INFO - Filling up the DagBag from /home/airflow/.local/lib/python3.12/site-packages/airflow/example_dags/example_external_task_marker_dag.py
[2024-06-07T14:18:15.680+0000] {processor.py:840} INFO - DAG(s) 'example_external_task_marker_child', 'example_external_task_marker_parent' retrieved from /home/airflow/.local/lib/python3.12/site-packages/airflow/example_dags/example_external_task_marker_dag.py
[2024-06-07T14:18:15.726+0000] {logging_mixin.py:188} INFO - [2024-06-07T14:18:15.725+0000] {dag.py:3096} INFO - Sync 2 DAGs
[2024-06-07T14:18:15.753+0000] {logging_mixin.py:188} INFO - [2024-06-07T14:18:15.753+0000] {dag.py:3954} INFO - Setting next_dagrun for example_external_task_marker_child to None, run_after=None
[2024-06-07T14:18:15.762+0000] {logging_mixin.py:188} INFO - [2024-06-07T14:18:15.761+0000] {dag.py:3954} INFO - Setting next_dagrun for example_external_task_marker_parent to None, run_after=None
[2024-06-07T14:18:15.798+0000] {processor.py:183} INFO - Processing /home/airflow/.local/lib/python3.12/site-packages/airflow/example_dags/example_external_task_marker_dag.py took 0.146 seconds
