[2024-06-07T14:01:38.757+0000] {processor.py:161} INFO - Started process (PID=35) to work on /home/airflow/.local/lib/python3.12/site-packages/airflow/example_dags/example_short_circuit_operator.py
[2024-06-07T14:01:38.759+0000] {processor.py:830} INFO - Processing file /home/airflow/.local/lib/python3.12/site-packages/airflow/example_dags/example_short_circuit_operator.py for tasks to queue
[2024-06-07T14:01:38.763+0000] {logging_mixin.py:188} INFO - [2024-06-07T14:01:38.762+0000] {dagbag.py:545} INFO - Filling up the DagBag from /home/airflow/.local/lib/python3.12/site-packages/airflow/example_dags/example_short_circuit_operator.py
[2024-06-07T14:01:38.781+0000] {processor.py:840} INFO - DAG(s) 'example_short_circuit_operator' retrieved from /home/airflow/.local/lib/python3.12/site-packages/airflow/example_dags/example_short_circuit_operator.py
[2024-06-07T14:01:38.956+0000] {logging_mixin.py:188} INFO - [2024-06-07T14:01:38.955+0000] {dag.py:3096} INFO - Sync 1 DAGs
[2024-06-07T14:01:38.983+0000] {logging_mixin.py:188} INFO - [2024-06-07T14:01:38.983+0000] {dag.py:3954} INFO - Setting next_dagrun for example_short_circuit_operator to 2024-06-06 00:00:00+00:00, run_after=2024-06-07 00:00:00+00:00
[2024-06-07T14:01:39.011+0000] {processor.py:183} INFO - Processing /home/airflow/.local/lib/python3.12/site-packages/airflow/example_dags/example_short_circuit_operator.py took 0.266 seconds
[2024-06-07T14:02:09.505+0000] {processor.py:161} INFO - Started process (PID=102) to work on /home/airflow/.local/lib/python3.12/site-packages/airflow/example_dags/example_short_circuit_operator.py
[2024-06-07T14:02:09.509+0000] {processor.py:830} INFO - Processing file /home/airflow/.local/lib/python3.12/site-packages/airflow/example_dags/example_short_circuit_operator.py for tasks to queue
[2024-06-07T14:02:09.513+0000] {logging_mixin.py:188} INFO - [2024-06-07T14:02:09.513+0000] {dagbag.py:545} INFO - Filling up the DagBag from /home/airflow/.local/lib/python3.12/site-packages/airflow/example_dags/example_short_circuit_operator.py
[2024-06-07T14:02:09.565+0000] {processor.py:840} INFO - DAG(s) 'example_short_circuit_operator' retrieved from /home/airflow/.local/lib/python3.12/site-packages/airflow/example_dags/example_short_circuit_operator.py
[2024-06-07T14:02:09.675+0000] {logging_mixin.py:188} INFO - [2024-06-07T14:02:09.674+0000] {dag.py:3096} INFO - Sync 1 DAGs
[2024-06-07T14:02:09.799+0000] {logging_mixin.py:188} INFO - [2024-06-07T14:02:09.799+0000] {dag.py:3954} INFO - Setting next_dagrun for example_short_circuit_operator to 2024-06-06 00:00:00+00:00, run_after=2024-06-07 00:00:00+00:00
[2024-06-07T14:02:09.849+0000] {processor.py:183} INFO - Processing /home/airflow/.local/lib/python3.12/site-packages/airflow/example_dags/example_short_circuit_operator.py took 0.369 seconds
[2024-06-07T14:02:40.033+0000] {processor.py:161} INFO - Started process (PID=170) to work on /home/airflow/.local/lib/python3.12/site-packages/airflow/example_dags/example_short_circuit_operator.py
[2024-06-07T14:02:40.034+0000] {processor.py:830} INFO - Processing file /home/airflow/.local/lib/python3.12/site-packages/airflow/example_dags/example_short_circuit_operator.py for tasks to queue
[2024-06-07T14:02:40.037+0000] {logging_mixin.py:188} INFO - [2024-06-07T14:02:40.036+0000] {dagbag.py:545} INFO - Filling up the DagBag from /home/airflow/.local/lib/python3.12/site-packages/airflow/example_dags/example_short_circuit_operator.py
[2024-06-07T14:02:40.048+0000] {processor.py:840} INFO - DAG(s) 'example_short_circuit_operator' retrieved from /home/airflow/.local/lib/python3.12/site-packages/airflow/example_dags/example_short_circuit_operator.py
[2024-06-07T14:02:40.090+0000] {logging_mixin.py:188} INFO - [2024-06-07T14:02:40.090+0000] {dag.py:3096} INFO - Sync 1 DAGs
[2024-06-07T14:02:40.124+0000] {logging_mixin.py:188} INFO - [2024-06-07T14:02:40.123+0000] {dag.py:3954} INFO - Setting next_dagrun for example_short_circuit_operator to 2024-06-06 00:00:00+00:00, run_after=2024-06-07 00:00:00+00:00
[2024-06-07T14:02:40.150+0000] {processor.py:183} INFO - Processing /home/airflow/.local/lib/python3.12/site-packages/airflow/example_dags/example_short_circuit_operator.py took 0.125 seconds
[2024-06-07T14:03:10.282+0000] {processor.py:161} INFO - Started process (PID=230) to work on /home/airflow/.local/lib/python3.12/site-packages/airflow/example_dags/example_short_circuit_operator.py
[2024-06-07T14:03:10.284+0000] {processor.py:830} INFO - Processing file /home/airflow/.local/lib/python3.12/site-packages/airflow/example_dags/example_short_circuit_operator.py for tasks to queue
[2024-06-07T14:03:10.292+0000] {logging_mixin.py:188} INFO - [2024-06-07T14:03:10.291+0000] {dagbag.py:545} INFO - Filling up the DagBag from /home/airflow/.local/lib/python3.12/site-packages/airflow/example_dags/example_short_circuit_operator.py
[2024-06-07T14:03:10.310+0000] {processor.py:840} INFO - DAG(s) 'example_short_circuit_operator' retrieved from /home/airflow/.local/lib/python3.12/site-packages/airflow/example_dags/example_short_circuit_operator.py
[2024-06-07T14:03:10.352+0000] {logging_mixin.py:188} INFO - [2024-06-07T14:03:10.351+0000] {dag.py:3096} INFO - Sync 1 DAGs
[2024-06-07T14:03:10.434+0000] {logging_mixin.py:188} INFO - [2024-06-07T14:03:10.434+0000] {dag.py:3954} INFO - Setting next_dagrun for example_short_circuit_operator to 2024-06-06 00:00:00+00:00, run_after=2024-06-07 00:00:00+00:00
[2024-06-07T14:03:10.501+0000] {processor.py:183} INFO - Processing /home/airflow/.local/lib/python3.12/site-packages/airflow/example_dags/example_short_circuit_operator.py took 0.241 seconds
[2024-06-07T14:03:40.800+0000] {processor.py:161} INFO - Started process (PID=290) to work on /home/airflow/.local/lib/python3.12/site-packages/airflow/example_dags/example_short_circuit_operator.py
[2024-06-07T14:03:40.802+0000] {processor.py:830} INFO - Processing file /home/airflow/.local/lib/python3.12/site-packages/airflow/example_dags/example_short_circuit_operator.py for tasks to queue
[2024-06-07T14:03:40.805+0000] {logging_mixin.py:188} INFO - [2024-06-07T14:03:40.804+0000] {dagbag.py:545} INFO - Filling up the DagBag from /home/airflow/.local/lib/python3.12/site-packages/airflow/example_dags/example_short_circuit_operator.py
[2024-06-07T14:03:40.824+0000] {processor.py:840} INFO - DAG(s) 'example_short_circuit_operator' retrieved from /home/airflow/.local/lib/python3.12/site-packages/airflow/example_dags/example_short_circuit_operator.py
[2024-06-07T14:03:40.853+0000] {logging_mixin.py:188} INFO - [2024-06-07T14:03:40.853+0000] {dag.py:3096} INFO - Sync 1 DAGs
[2024-06-07T14:03:40.879+0000] {logging_mixin.py:188} INFO - [2024-06-07T14:03:40.879+0000] {dag.py:3954} INFO - Setting next_dagrun for example_short_circuit_operator to 2024-06-06 00:00:00+00:00, run_after=2024-06-07 00:00:00+00:00
[2024-06-07T14:03:40.905+0000] {processor.py:183} INFO - Processing /home/airflow/.local/lib/python3.12/site-packages/airflow/example_dags/example_short_circuit_operator.py took 0.114 seconds
[2024-06-07T14:04:11.047+0000] {processor.py:161} INFO - Started process (PID=350) to work on /home/airflow/.local/lib/python3.12/site-packages/airflow/example_dags/example_short_circuit_operator.py
[2024-06-07T14:04:11.048+0000] {processor.py:830} INFO - Processing file /home/airflow/.local/lib/python3.12/site-packages/airflow/example_dags/example_short_circuit_operator.py for tasks to queue
[2024-06-07T14:04:11.050+0000] {logging_mixin.py:188} INFO - [2024-06-07T14:04:11.050+0000] {dagbag.py:545} INFO - Filling up the DagBag from /home/airflow/.local/lib/python3.12/site-packages/airflow/example_dags/example_short_circuit_operator.py
[2024-06-07T14:04:11.059+0000] {processor.py:840} INFO - DAG(s) 'example_short_circuit_operator' retrieved from /home/airflow/.local/lib/python3.12/site-packages/airflow/example_dags/example_short_circuit_operator.py
[2024-06-07T14:04:11.094+0000] {logging_mixin.py:188} INFO - [2024-06-07T14:04:11.094+0000] {dag.py:3096} INFO - Sync 1 DAGs
[2024-06-07T14:04:11.129+0000] {logging_mixin.py:188} INFO - [2024-06-07T14:04:11.128+0000] {dag.py:3954} INFO - Setting next_dagrun for example_short_circuit_operator to 2024-06-06 00:00:00+00:00, run_after=2024-06-07 00:00:00+00:00
[2024-06-07T14:04:11.150+0000] {processor.py:183} INFO - Processing /home/airflow/.local/lib/python3.12/site-packages/airflow/example_dags/example_short_circuit_operator.py took 0.112 seconds
[2024-06-07T14:04:41.990+0000] {processor.py:161} INFO - Started process (PID=410) to work on /home/airflow/.local/lib/python3.12/site-packages/airflow/example_dags/example_short_circuit_operator.py
[2024-06-07T14:04:41.995+0000] {processor.py:830} INFO - Processing file /home/airflow/.local/lib/python3.12/site-packages/airflow/example_dags/example_short_circuit_operator.py for tasks to queue
[2024-06-07T14:04:42.004+0000] {logging_mixin.py:188} INFO - [2024-06-07T14:04:42.001+0000] {dagbag.py:545} INFO - Filling up the DagBag from /home/airflow/.local/lib/python3.12/site-packages/airflow/example_dags/example_short_circuit_operator.py
[2024-06-07T14:04:42.046+0000] {processor.py:840} INFO - DAG(s) 'example_short_circuit_operator' retrieved from /home/airflow/.local/lib/python3.12/site-packages/airflow/example_dags/example_short_circuit_operator.py
[2024-06-07T14:04:42.236+0000] {logging_mixin.py:188} INFO - [2024-06-07T14:04:42.235+0000] {dag.py:3096} INFO - Sync 1 DAGs
[2024-06-07T14:04:42.404+0000] {logging_mixin.py:188} INFO - [2024-06-07T14:04:42.402+0000] {dag.py:3954} INFO - Setting next_dagrun for example_short_circuit_operator to 2024-06-06 00:00:00+00:00, run_after=2024-06-07 00:00:00+00:00
[2024-06-07T14:04:42.548+0000] {processor.py:183} INFO - Processing /home/airflow/.local/lib/python3.12/site-packages/airflow/example_dags/example_short_circuit_operator.py took 0.586 seconds
[2024-06-07T14:05:13.294+0000] {processor.py:161} INFO - Started process (PID=470) to work on /home/airflow/.local/lib/python3.12/site-packages/airflow/example_dags/example_short_circuit_operator.py
[2024-06-07T14:05:13.295+0000] {processor.py:830} INFO - Processing file /home/airflow/.local/lib/python3.12/site-packages/airflow/example_dags/example_short_circuit_operator.py for tasks to queue
[2024-06-07T14:05:13.297+0000] {logging_mixin.py:188} INFO - [2024-06-07T14:05:13.297+0000] {dagbag.py:545} INFO - Filling up the DagBag from /home/airflow/.local/lib/python3.12/site-packages/airflow/example_dags/example_short_circuit_operator.py
[2024-06-07T14:05:13.306+0000] {processor.py:840} INFO - DAG(s) 'example_short_circuit_operator' retrieved from /home/airflow/.local/lib/python3.12/site-packages/airflow/example_dags/example_short_circuit_operator.py
[2024-06-07T14:05:13.331+0000] {logging_mixin.py:188} INFO - [2024-06-07T14:05:13.330+0000] {dag.py:3096} INFO - Sync 1 DAGs
[2024-06-07T14:05:13.352+0000] {logging_mixin.py:188} INFO - [2024-06-07T14:05:13.352+0000] {dag.py:3954} INFO - Setting next_dagrun for example_short_circuit_operator to 2024-06-06 00:00:00+00:00, run_after=2024-06-07 00:00:00+00:00
[2024-06-07T14:05:13.372+0000] {processor.py:183} INFO - Processing /home/airflow/.local/lib/python3.12/site-packages/airflow/example_dags/example_short_circuit_operator.py took 0.085 seconds
[2024-06-07T14:05:43.682+0000] {processor.py:161} INFO - Started process (PID=530) to work on /home/airflow/.local/lib/python3.12/site-packages/airflow/example_dags/example_short_circuit_operator.py
[2024-06-07T14:05:43.683+0000] {processor.py:830} INFO - Processing file /home/airflow/.local/lib/python3.12/site-packages/airflow/example_dags/example_short_circuit_operator.py for tasks to queue
[2024-06-07T14:05:43.685+0000] {logging_mixin.py:188} INFO - [2024-06-07T14:05:43.684+0000] {dagbag.py:545} INFO - Filling up the DagBag from /home/airflow/.local/lib/python3.12/site-packages/airflow/example_dags/example_short_circuit_operator.py
[2024-06-07T14:05:43.693+0000] {processor.py:840} INFO - DAG(s) 'example_short_circuit_operator' retrieved from /home/airflow/.local/lib/python3.12/site-packages/airflow/example_dags/example_short_circuit_operator.py
[2024-06-07T14:05:43.717+0000] {logging_mixin.py:188} INFO - [2024-06-07T14:05:43.717+0000] {dag.py:3096} INFO - Sync 1 DAGs
[2024-06-07T14:05:43.739+0000] {logging_mixin.py:188} INFO - [2024-06-07T14:05:43.739+0000] {dag.py:3954} INFO - Setting next_dagrun for example_short_circuit_operator to 2024-06-06 00:00:00+00:00, run_after=2024-06-07 00:00:00+00:00
[2024-06-07T14:05:43.761+0000] {processor.py:183} INFO - Processing /home/airflow/.local/lib/python3.12/site-packages/airflow/example_dags/example_short_circuit_operator.py took 0.085 seconds
[2024-06-07T14:06:13.975+0000] {processor.py:161} INFO - Started process (PID=591) to work on /home/airflow/.local/lib/python3.12/site-packages/airflow/example_dags/example_short_circuit_operator.py
[2024-06-07T14:06:13.976+0000] {processor.py:830} INFO - Processing file /home/airflow/.local/lib/python3.12/site-packages/airflow/example_dags/example_short_circuit_operator.py for tasks to queue
[2024-06-07T14:06:13.978+0000] {logging_mixin.py:188} INFO - [2024-06-07T14:06:13.978+0000] {dagbag.py:545} INFO - Filling up the DagBag from /home/airflow/.local/lib/python3.12/site-packages/airflow/example_dags/example_short_circuit_operator.py
[2024-06-07T14:06:13.986+0000] {processor.py:840} INFO - DAG(s) 'example_short_circuit_operator' retrieved from /home/airflow/.local/lib/python3.12/site-packages/airflow/example_dags/example_short_circuit_operator.py
[2024-06-07T14:06:14.010+0000] {logging_mixin.py:188} INFO - [2024-06-07T14:06:14.010+0000] {dag.py:3096} INFO - Sync 1 DAGs
[2024-06-07T14:06:14.031+0000] {logging_mixin.py:188} INFO - [2024-06-07T14:06:14.031+0000] {dag.py:3954} INFO - Setting next_dagrun for example_short_circuit_operator to 2024-06-06 00:00:00+00:00, run_after=2024-06-07 00:00:00+00:00
[2024-06-07T14:06:14.052+0000] {processor.py:183} INFO - Processing /home/airflow/.local/lib/python3.12/site-packages/airflow/example_dags/example_short_circuit_operator.py took 0.083 seconds
[2024-06-07T14:06:44.421+0000] {processor.py:161} INFO - Started process (PID=650) to work on /home/airflow/.local/lib/python3.12/site-packages/airflow/example_dags/example_short_circuit_operator.py
[2024-06-07T14:06:44.422+0000] {processor.py:830} INFO - Processing file /home/airflow/.local/lib/python3.12/site-packages/airflow/example_dags/example_short_circuit_operator.py for tasks to queue
[2024-06-07T14:06:44.424+0000] {logging_mixin.py:188} INFO - [2024-06-07T14:06:44.423+0000] {dagbag.py:545} INFO - Filling up the DagBag from /home/airflow/.local/lib/python3.12/site-packages/airflow/example_dags/example_short_circuit_operator.py
[2024-06-07T14:06:44.432+0000] {processor.py:840} INFO - DAG(s) 'example_short_circuit_operator' retrieved from /home/airflow/.local/lib/python3.12/site-packages/airflow/example_dags/example_short_circuit_operator.py
[2024-06-07T14:06:44.458+0000] {logging_mixin.py:188} INFO - [2024-06-07T14:06:44.457+0000] {dag.py:3096} INFO - Sync 1 DAGs
[2024-06-07T14:06:44.484+0000] {logging_mixin.py:188} INFO - [2024-06-07T14:06:44.484+0000] {dag.py:3954} INFO - Setting next_dagrun for example_short_circuit_operator to 2024-06-06 00:00:00+00:00, run_after=2024-06-07 00:00:00+00:00
[2024-06-07T14:06:44.505+0000] {processor.py:183} INFO - Processing /home/airflow/.local/lib/python3.12/site-packages/airflow/example_dags/example_short_circuit_operator.py took 0.091 seconds
[2024-06-07T14:07:14.613+0000] {processor.py:161} INFO - Started process (PID=709) to work on /home/airflow/.local/lib/python3.12/site-packages/airflow/example_dags/example_short_circuit_operator.py
[2024-06-07T14:07:14.615+0000] {processor.py:830} INFO - Processing file /home/airflow/.local/lib/python3.12/site-packages/airflow/example_dags/example_short_circuit_operator.py for tasks to queue
[2024-06-07T14:07:14.618+0000] {logging_mixin.py:188} INFO - [2024-06-07T14:07:14.617+0000] {dagbag.py:545} INFO - Filling up the DagBag from /home/airflow/.local/lib/python3.12/site-packages/airflow/example_dags/example_short_circuit_operator.py
[2024-06-07T14:07:14.628+0000] {processor.py:840} INFO - DAG(s) 'example_short_circuit_operator' retrieved from /home/airflow/.local/lib/python3.12/site-packages/airflow/example_dags/example_short_circuit_operator.py
[2024-06-07T14:07:14.655+0000] {logging_mixin.py:188} INFO - [2024-06-07T14:07:14.655+0000] {dag.py:3096} INFO - Sync 1 DAGs
[2024-06-07T14:07:14.683+0000] {logging_mixin.py:188} INFO - [2024-06-07T14:07:14.683+0000] {dag.py:3954} INFO - Setting next_dagrun for example_short_circuit_operator to 2024-06-06 00:00:00+00:00, run_after=2024-06-07 00:00:00+00:00
[2024-06-07T14:07:14.723+0000] {processor.py:183} INFO - Processing /home/airflow/.local/lib/python3.12/site-packages/airflow/example_dags/example_short_circuit_operator.py took 0.120 seconds
[2024-06-07T14:07:44.853+0000] {processor.py:161} INFO - Started process (PID=769) to work on /home/airflow/.local/lib/python3.12/site-packages/airflow/example_dags/example_short_circuit_operator.py
[2024-06-07T14:07:44.854+0000] {processor.py:830} INFO - Processing file /home/airflow/.local/lib/python3.12/site-packages/airflow/example_dags/example_short_circuit_operator.py for tasks to queue
[2024-06-07T14:07:44.856+0000] {logging_mixin.py:188} INFO - [2024-06-07T14:07:44.856+0000] {dagbag.py:545} INFO - Filling up the DagBag from /home/airflow/.local/lib/python3.12/site-packages/airflow/example_dags/example_short_circuit_operator.py
[2024-06-07T14:07:44.865+0000] {processor.py:840} INFO - DAG(s) 'example_short_circuit_operator' retrieved from /home/airflow/.local/lib/python3.12/site-packages/airflow/example_dags/example_short_circuit_operator.py
[2024-06-07T14:07:44.892+0000] {logging_mixin.py:188} INFO - [2024-06-07T14:07:44.891+0000] {dag.py:3096} INFO - Sync 1 DAGs
[2024-06-07T14:07:44.913+0000] {logging_mixin.py:188} INFO - [2024-06-07T14:07:44.913+0000] {dag.py:3954} INFO - Setting next_dagrun for example_short_circuit_operator to 2024-06-06 00:00:00+00:00, run_after=2024-06-07 00:00:00+00:00
[2024-06-07T14:07:44.934+0000] {processor.py:183} INFO - Processing /home/airflow/.local/lib/python3.12/site-packages/airflow/example_dags/example_short_circuit_operator.py took 0.089 seconds
[2024-06-07T14:08:15.190+0000] {processor.py:161} INFO - Started process (PID=829) to work on /home/airflow/.local/lib/python3.12/site-packages/airflow/example_dags/example_short_circuit_operator.py
[2024-06-07T14:08:15.191+0000] {processor.py:830} INFO - Processing file /home/airflow/.local/lib/python3.12/site-packages/airflow/example_dags/example_short_circuit_operator.py for tasks to queue
[2024-06-07T14:08:15.194+0000] {logging_mixin.py:188} INFO - [2024-06-07T14:08:15.193+0000] {dagbag.py:545} INFO - Filling up the DagBag from /home/airflow/.local/lib/python3.12/site-packages/airflow/example_dags/example_short_circuit_operator.py
[2024-06-07T14:08:15.206+0000] {processor.py:840} INFO - DAG(s) 'example_short_circuit_operator' retrieved from /home/airflow/.local/lib/python3.12/site-packages/airflow/example_dags/example_short_circuit_operator.py
[2024-06-07T14:08:15.242+0000] {logging_mixin.py:188} INFO - [2024-06-07T14:08:15.242+0000] {dag.py:3096} INFO - Sync 1 DAGs
[2024-06-07T14:08:15.280+0000] {logging_mixin.py:188} INFO - [2024-06-07T14:08:15.280+0000] {dag.py:3954} INFO - Setting next_dagrun for example_short_circuit_operator to 2024-06-06 00:00:00+00:00, run_after=2024-06-07 00:00:00+00:00
[2024-06-07T14:08:15.329+0000] {processor.py:183} INFO - Processing /home/airflow/.local/lib/python3.12/site-packages/airflow/example_dags/example_short_circuit_operator.py took 0.147 seconds
[2024-06-07T14:08:45.375+0000] {processor.py:161} INFO - Started process (PID=889) to work on /home/airflow/.local/lib/python3.12/site-packages/airflow/example_dags/example_short_circuit_operator.py
[2024-06-07T14:08:45.377+0000] {processor.py:830} INFO - Processing file /home/airflow/.local/lib/python3.12/site-packages/airflow/example_dags/example_short_circuit_operator.py for tasks to queue
[2024-06-07T14:08:45.379+0000] {logging_mixin.py:188} INFO - [2024-06-07T14:08:45.379+0000] {dagbag.py:545} INFO - Filling up the DagBag from /home/airflow/.local/lib/python3.12/site-packages/airflow/example_dags/example_short_circuit_operator.py
[2024-06-07T14:08:45.387+0000] {processor.py:840} INFO - DAG(s) 'example_short_circuit_operator' retrieved from /home/airflow/.local/lib/python3.12/site-packages/airflow/example_dags/example_short_circuit_operator.py
[2024-06-07T14:08:45.415+0000] {logging_mixin.py:188} INFO - [2024-06-07T14:08:45.414+0000] {dag.py:3096} INFO - Sync 1 DAGs
[2024-06-07T14:08:45.436+0000] {logging_mixin.py:188} INFO - [2024-06-07T14:08:45.436+0000] {dag.py:3954} INFO - Setting next_dagrun for example_short_circuit_operator to 2024-06-06 00:00:00+00:00, run_after=2024-06-07 00:00:00+00:00
[2024-06-07T14:08:45.457+0000] {processor.py:183} INFO - Processing /home/airflow/.local/lib/python3.12/site-packages/airflow/example_dags/example_short_circuit_operator.py took 0.088 seconds
[2024-06-07T14:09:15.988+0000] {processor.py:161} INFO - Started process (PID=949) to work on /home/airflow/.local/lib/python3.12/site-packages/airflow/example_dags/example_short_circuit_operator.py
[2024-06-07T14:09:15.989+0000] {processor.py:830} INFO - Processing file /home/airflow/.local/lib/python3.12/site-packages/airflow/example_dags/example_short_circuit_operator.py for tasks to queue
[2024-06-07T14:09:15.991+0000] {logging_mixin.py:188} INFO - [2024-06-07T14:09:15.990+0000] {dagbag.py:545} INFO - Filling up the DagBag from /home/airflow/.local/lib/python3.12/site-packages/airflow/example_dags/example_short_circuit_operator.py
[2024-06-07T14:09:15.999+0000] {processor.py:840} INFO - DAG(s) 'example_short_circuit_operator' retrieved from /home/airflow/.local/lib/python3.12/site-packages/airflow/example_dags/example_short_circuit_operator.py
[2024-06-07T14:09:16.027+0000] {logging_mixin.py:188} INFO - [2024-06-07T14:09:16.027+0000] {dag.py:3096} INFO - Sync 1 DAGs
[2024-06-07T14:09:16.052+0000] {logging_mixin.py:188} INFO - [2024-06-07T14:09:16.052+0000] {dag.py:3954} INFO - Setting next_dagrun for example_short_circuit_operator to 2024-06-06 00:00:00+00:00, run_after=2024-06-07 00:00:00+00:00
[2024-06-07T14:09:16.071+0000] {processor.py:183} INFO - Processing /home/airflow/.local/lib/python3.12/site-packages/airflow/example_dags/example_short_circuit_operator.py took 0.090 seconds
[2024-06-07T14:09:46.269+0000] {processor.py:161} INFO - Started process (PID=1009) to work on /home/airflow/.local/lib/python3.12/site-packages/airflow/example_dags/example_short_circuit_operator.py
[2024-06-07T14:09:46.270+0000] {processor.py:830} INFO - Processing file /home/airflow/.local/lib/python3.12/site-packages/airflow/example_dags/example_short_circuit_operator.py for tasks to queue
[2024-06-07T14:09:46.272+0000] {logging_mixin.py:188} INFO - [2024-06-07T14:09:46.272+0000] {dagbag.py:545} INFO - Filling up the DagBag from /home/airflow/.local/lib/python3.12/site-packages/airflow/example_dags/example_short_circuit_operator.py
[2024-06-07T14:09:46.282+0000] {processor.py:840} INFO - DAG(s) 'example_short_circuit_operator' retrieved from /home/airflow/.local/lib/python3.12/site-packages/airflow/example_dags/example_short_circuit_operator.py
[2024-06-07T14:09:46.308+0000] {logging_mixin.py:188} INFO - [2024-06-07T14:09:46.307+0000] {dag.py:3096} INFO - Sync 1 DAGs
[2024-06-07T14:09:46.334+0000] {logging_mixin.py:188} INFO - [2024-06-07T14:09:46.334+0000] {dag.py:3954} INFO - Setting next_dagrun for example_short_circuit_operator to 2024-06-06 00:00:00+00:00, run_after=2024-06-07 00:00:00+00:00
[2024-06-07T14:09:46.356+0000] {processor.py:183} INFO - Processing /home/airflow/.local/lib/python3.12/site-packages/airflow/example_dags/example_short_circuit_operator.py took 0.093 seconds
[2024-06-07T14:10:17.270+0000] {processor.py:161} INFO - Started process (PID=1075) to work on /home/airflow/.local/lib/python3.12/site-packages/airflow/example_dags/example_short_circuit_operator.py
[2024-06-07T14:10:17.271+0000] {processor.py:830} INFO - Processing file /home/airflow/.local/lib/python3.12/site-packages/airflow/example_dags/example_short_circuit_operator.py for tasks to queue
[2024-06-07T14:10:17.276+0000] {logging_mixin.py:188} INFO - [2024-06-07T14:10:17.275+0000] {dagbag.py:545} INFO - Filling up the DagBag from /home/airflow/.local/lib/python3.12/site-packages/airflow/example_dags/example_short_circuit_operator.py
[2024-06-07T14:10:17.285+0000] {processor.py:840} INFO - DAG(s) 'example_short_circuit_operator' retrieved from /home/airflow/.local/lib/python3.12/site-packages/airflow/example_dags/example_short_circuit_operator.py
[2024-06-07T14:10:17.320+0000] {logging_mixin.py:188} INFO - [2024-06-07T14:10:17.319+0000] {dag.py:3096} INFO - Sync 1 DAGs
[2024-06-07T14:10:17.350+0000] {logging_mixin.py:188} INFO - [2024-06-07T14:10:17.350+0000] {dag.py:3954} INFO - Setting next_dagrun for example_short_circuit_operator to 2024-06-06 00:00:00+00:00, run_after=2024-06-07 00:00:00+00:00
[2024-06-07T14:10:17.379+0000] {processor.py:183} INFO - Processing /home/airflow/.local/lib/python3.12/site-packages/airflow/example_dags/example_short_circuit_operator.py took 0.120 seconds
[2024-06-07T14:10:47.814+0000] {processor.py:161} INFO - Started process (PID=1135) to work on /home/airflow/.local/lib/python3.12/site-packages/airflow/example_dags/example_short_circuit_operator.py
[2024-06-07T14:10:47.816+0000] {processor.py:830} INFO - Processing file /home/airflow/.local/lib/python3.12/site-packages/airflow/example_dags/example_short_circuit_operator.py for tasks to queue
[2024-06-07T14:10:47.818+0000] {logging_mixin.py:188} INFO - [2024-06-07T14:10:47.817+0000] {dagbag.py:545} INFO - Filling up the DagBag from /home/airflow/.local/lib/python3.12/site-packages/airflow/example_dags/example_short_circuit_operator.py
[2024-06-07T14:10:47.826+0000] {processor.py:840} INFO - DAG(s) 'example_short_circuit_operator' retrieved from /home/airflow/.local/lib/python3.12/site-packages/airflow/example_dags/example_short_circuit_operator.py
[2024-06-07T14:10:47.852+0000] {logging_mixin.py:188} INFO - [2024-06-07T14:10:47.852+0000] {dag.py:3096} INFO - Sync 1 DAGs
[2024-06-07T14:10:47.875+0000] {logging_mixin.py:188} INFO - [2024-06-07T14:10:47.875+0000] {dag.py:3954} INFO - Setting next_dagrun for example_short_circuit_operator to 2024-06-06 00:00:00+00:00, run_after=2024-06-07 00:00:00+00:00
[2024-06-07T14:10:47.894+0000] {processor.py:183} INFO - Processing /home/airflow/.local/lib/python3.12/site-packages/airflow/example_dags/example_short_circuit_operator.py took 0.086 seconds
[2024-06-07T14:11:18.097+0000] {processor.py:161} INFO - Started process (PID=1195) to work on /home/airflow/.local/lib/python3.12/site-packages/airflow/example_dags/example_short_circuit_operator.py
[2024-06-07T14:11:18.098+0000] {processor.py:830} INFO - Processing file /home/airflow/.local/lib/python3.12/site-packages/airflow/example_dags/example_short_circuit_operator.py for tasks to queue
[2024-06-07T14:11:18.102+0000] {logging_mixin.py:188} INFO - [2024-06-07T14:11:18.101+0000] {dagbag.py:545} INFO - Filling up the DagBag from /home/airflow/.local/lib/python3.12/site-packages/airflow/example_dags/example_short_circuit_operator.py
[2024-06-07T14:11:18.117+0000] {processor.py:840} INFO - DAG(s) 'example_short_circuit_operator' retrieved from /home/airflow/.local/lib/python3.12/site-packages/airflow/example_dags/example_short_circuit_operator.py
[2024-06-07T14:11:18.152+0000] {logging_mixin.py:188} INFO - [2024-06-07T14:11:18.152+0000] {dag.py:3096} INFO - Sync 1 DAGs
[2024-06-07T14:11:18.179+0000] {logging_mixin.py:188} INFO - [2024-06-07T14:11:18.179+0000] {dag.py:3954} INFO - Setting next_dagrun for example_short_circuit_operator to 2024-06-06 00:00:00+00:00, run_after=2024-06-07 00:00:00+00:00
[2024-06-07T14:11:18.205+0000] {processor.py:183} INFO - Processing /home/airflow/.local/lib/python3.12/site-packages/airflow/example_dags/example_short_circuit_operator.py took 0.115 seconds
[2024-06-07T14:11:48.838+0000] {processor.py:161} INFO - Started process (PID=1255) to work on /home/airflow/.local/lib/python3.12/site-packages/airflow/example_dags/example_short_circuit_operator.py
[2024-06-07T14:11:48.842+0000] {processor.py:830} INFO - Processing file /home/airflow/.local/lib/python3.12/site-packages/airflow/example_dags/example_short_circuit_operator.py for tasks to queue
[2024-06-07T14:11:48.846+0000] {logging_mixin.py:188} INFO - [2024-06-07T14:11:48.845+0000] {dagbag.py:545} INFO - Filling up the DagBag from /home/airflow/.local/lib/python3.12/site-packages/airflow/example_dags/example_short_circuit_operator.py
[2024-06-07T14:11:48.859+0000] {processor.py:840} INFO - DAG(s) 'example_short_circuit_operator' retrieved from /home/airflow/.local/lib/python3.12/site-packages/airflow/example_dags/example_short_circuit_operator.py
[2024-06-07T14:11:48.895+0000] {logging_mixin.py:188} INFO - [2024-06-07T14:11:48.894+0000] {dag.py:3096} INFO - Sync 1 DAGs
[2024-06-07T14:11:48.930+0000] {logging_mixin.py:188} INFO - [2024-06-07T14:11:48.930+0000] {dag.py:3954} INFO - Setting next_dagrun for example_short_circuit_operator to 2024-06-06 00:00:00+00:00, run_after=2024-06-07 00:00:00+00:00
[2024-06-07T14:11:48.960+0000] {processor.py:183} INFO - Processing /home/airflow/.local/lib/python3.12/site-packages/airflow/example_dags/example_short_circuit_operator.py took 0.134 seconds
[2024-06-07T14:12:19.105+0000] {processor.py:161} INFO - Started process (PID=1315) to work on /home/airflow/.local/lib/python3.12/site-packages/airflow/example_dags/example_short_circuit_operator.py
[2024-06-07T14:12:19.106+0000] {processor.py:830} INFO - Processing file /home/airflow/.local/lib/python3.12/site-packages/airflow/example_dags/example_short_circuit_operator.py for tasks to queue
[2024-06-07T14:12:19.109+0000] {logging_mixin.py:188} INFO - [2024-06-07T14:12:19.108+0000] {dagbag.py:545} INFO - Filling up the DagBag from /home/airflow/.local/lib/python3.12/site-packages/airflow/example_dags/example_short_circuit_operator.py
[2024-06-07T14:12:19.119+0000] {processor.py:840} INFO - DAG(s) 'example_short_circuit_operator' retrieved from /home/airflow/.local/lib/python3.12/site-packages/airflow/example_dags/example_short_circuit_operator.py
[2024-06-07T14:12:19.157+0000] {logging_mixin.py:188} INFO - [2024-06-07T14:12:19.157+0000] {dag.py:3096} INFO - Sync 1 DAGs
[2024-06-07T14:12:19.192+0000] {logging_mixin.py:188} INFO - [2024-06-07T14:12:19.192+0000] {dag.py:3954} INFO - Setting next_dagrun for example_short_circuit_operator to 2024-06-06 00:00:00+00:00, run_after=2024-06-07 00:00:00+00:00
[2024-06-07T14:12:19.217+0000] {processor.py:183} INFO - Processing /home/airflow/.local/lib/python3.12/site-packages/airflow/example_dags/example_short_circuit_operator.py took 0.127 seconds
[2024-06-07T14:12:49.451+0000] {processor.py:161} INFO - Started process (PID=1375) to work on /home/airflow/.local/lib/python3.12/site-packages/airflow/example_dags/example_short_circuit_operator.py
[2024-06-07T14:12:49.452+0000] {processor.py:830} INFO - Processing file /home/airflow/.local/lib/python3.12/site-packages/airflow/example_dags/example_short_circuit_operator.py for tasks to queue
[2024-06-07T14:12:49.457+0000] {logging_mixin.py:188} INFO - [2024-06-07T14:12:49.456+0000] {dagbag.py:545} INFO - Filling up the DagBag from /home/airflow/.local/lib/python3.12/site-packages/airflow/example_dags/example_short_circuit_operator.py
[2024-06-07T14:12:49.472+0000] {processor.py:840} INFO - DAG(s) 'example_short_circuit_operator' retrieved from /home/airflow/.local/lib/python3.12/site-packages/airflow/example_dags/example_short_circuit_operator.py
[2024-06-07T14:12:49.515+0000] {logging_mixin.py:188} INFO - [2024-06-07T14:12:49.515+0000] {dag.py:3096} INFO - Sync 1 DAGs
[2024-06-07T14:12:49.553+0000] {logging_mixin.py:188} INFO - [2024-06-07T14:12:49.553+0000] {dag.py:3954} INFO - Setting next_dagrun for example_short_circuit_operator to 2024-06-06 00:00:00+00:00, run_after=2024-06-07 00:00:00+00:00
[2024-06-07T14:12:49.582+0000] {processor.py:183} INFO - Processing /home/airflow/.local/lib/python3.12/site-packages/airflow/example_dags/example_short_circuit_operator.py took 0.140 seconds
[2024-06-07T14:13:19.923+0000] {processor.py:161} INFO - Started process (PID=1435) to work on /home/airflow/.local/lib/python3.12/site-packages/airflow/example_dags/example_short_circuit_operator.py
[2024-06-07T14:13:19.925+0000] {processor.py:830} INFO - Processing file /home/airflow/.local/lib/python3.12/site-packages/airflow/example_dags/example_short_circuit_operator.py for tasks to queue
[2024-06-07T14:13:19.927+0000] {logging_mixin.py:188} INFO - [2024-06-07T14:13:19.927+0000] {dagbag.py:545} INFO - Filling up the DagBag from /home/airflow/.local/lib/python3.12/site-packages/airflow/example_dags/example_short_circuit_operator.py
[2024-06-07T14:13:19.937+0000] {processor.py:840} INFO - DAG(s) 'example_short_circuit_operator' retrieved from /home/airflow/.local/lib/python3.12/site-packages/airflow/example_dags/example_short_circuit_operator.py
[2024-06-07T14:13:20.015+0000] {logging_mixin.py:188} INFO - [2024-06-07T14:13:20.014+0000] {dag.py:3096} INFO - Sync 1 DAGs
[2024-06-07T14:13:20.070+0000] {logging_mixin.py:188} INFO - [2024-06-07T14:13:20.070+0000] {dag.py:3954} INFO - Setting next_dagrun for example_short_circuit_operator to 2024-06-06 00:00:00+00:00, run_after=2024-06-07 00:00:00+00:00
[2024-06-07T14:13:20.091+0000] {processor.py:183} INFO - Processing /home/airflow/.local/lib/python3.12/site-packages/airflow/example_dags/example_short_circuit_operator.py took 0.178 seconds
[2024-06-07T14:13:50.190+0000] {processor.py:161} INFO - Started process (PID=1495) to work on /home/airflow/.local/lib/python3.12/site-packages/airflow/example_dags/example_short_circuit_operator.py
[2024-06-07T14:13:50.191+0000] {processor.py:830} INFO - Processing file /home/airflow/.local/lib/python3.12/site-packages/airflow/example_dags/example_short_circuit_operator.py for tasks to queue
[2024-06-07T14:13:50.193+0000] {logging_mixin.py:188} INFO - [2024-06-07T14:13:50.193+0000] {dagbag.py:545} INFO - Filling up the DagBag from /home/airflow/.local/lib/python3.12/site-packages/airflow/example_dags/example_short_circuit_operator.py
[2024-06-07T14:13:50.205+0000] {processor.py:840} INFO - DAG(s) 'example_short_circuit_operator' retrieved from /home/airflow/.local/lib/python3.12/site-packages/airflow/example_dags/example_short_circuit_operator.py
[2024-06-07T14:13:50.230+0000] {logging_mixin.py:188} INFO - [2024-06-07T14:13:50.230+0000] {dag.py:3096} INFO - Sync 1 DAGs
[2024-06-07T14:13:50.254+0000] {logging_mixin.py:188} INFO - [2024-06-07T14:13:50.254+0000] {dag.py:3954} INFO - Setting next_dagrun for example_short_circuit_operator to 2024-06-06 00:00:00+00:00, run_after=2024-06-07 00:00:00+00:00
[2024-06-07T14:13:50.277+0000] {processor.py:183} INFO - Processing /home/airflow/.local/lib/python3.12/site-packages/airflow/example_dags/example_short_circuit_operator.py took 0.094 seconds
[2024-06-07T14:14:20.513+0000] {processor.py:161} INFO - Started process (PID=1555) to work on /home/airflow/.local/lib/python3.12/site-packages/airflow/example_dags/example_short_circuit_operator.py
[2024-06-07T14:14:20.515+0000] {processor.py:830} INFO - Processing file /home/airflow/.local/lib/python3.12/site-packages/airflow/example_dags/example_short_circuit_operator.py for tasks to queue
[2024-06-07T14:14:20.517+0000] {logging_mixin.py:188} INFO - [2024-06-07T14:14:20.517+0000] {dagbag.py:545} INFO - Filling up the DagBag from /home/airflow/.local/lib/python3.12/site-packages/airflow/example_dags/example_short_circuit_operator.py
[2024-06-07T14:14:20.525+0000] {processor.py:840} INFO - DAG(s) 'example_short_circuit_operator' retrieved from /home/airflow/.local/lib/python3.12/site-packages/airflow/example_dags/example_short_circuit_operator.py
[2024-06-07T14:14:20.550+0000] {logging_mixin.py:188} INFO - [2024-06-07T14:14:20.550+0000] {dag.py:3096} INFO - Sync 1 DAGs
[2024-06-07T14:14:20.573+0000] {logging_mixin.py:188} INFO - [2024-06-07T14:14:20.573+0000] {dag.py:3954} INFO - Setting next_dagrun for example_short_circuit_operator to 2024-06-06 00:00:00+00:00, run_after=2024-06-07 00:00:00+00:00
[2024-06-07T14:14:20.595+0000] {processor.py:183} INFO - Processing /home/airflow/.local/lib/python3.12/site-packages/airflow/example_dags/example_short_circuit_operator.py took 0.088 seconds
[2024-06-07T14:14:51.057+0000] {processor.py:161} INFO - Started process (PID=1615) to work on /home/airflow/.local/lib/python3.12/site-packages/airflow/example_dags/example_short_circuit_operator.py
[2024-06-07T14:14:51.058+0000] {processor.py:830} INFO - Processing file /home/airflow/.local/lib/python3.12/site-packages/airflow/example_dags/example_short_circuit_operator.py for tasks to queue
[2024-06-07T14:14:51.061+0000] {logging_mixin.py:188} INFO - [2024-06-07T14:14:51.061+0000] {dagbag.py:545} INFO - Filling up the DagBag from /home/airflow/.local/lib/python3.12/site-packages/airflow/example_dags/example_short_circuit_operator.py
[2024-06-07T14:14:51.073+0000] {processor.py:840} INFO - DAG(s) 'example_short_circuit_operator' retrieved from /home/airflow/.local/lib/python3.12/site-packages/airflow/example_dags/example_short_circuit_operator.py
[2024-06-07T14:14:51.106+0000] {logging_mixin.py:188} INFO - [2024-06-07T14:14:51.106+0000] {dag.py:3096} INFO - Sync 1 DAGs
[2024-06-07T14:14:51.128+0000] {logging_mixin.py:188} INFO - [2024-06-07T14:14:51.128+0000] {dag.py:3954} INFO - Setting next_dagrun for example_short_circuit_operator to 2024-06-06 00:00:00+00:00, run_after=2024-06-07 00:00:00+00:00
[2024-06-07T14:14:51.147+0000] {processor.py:183} INFO - Processing /home/airflow/.local/lib/python3.12/site-packages/airflow/example_dags/example_short_circuit_operator.py took 0.097 seconds
[2024-06-07T14:15:21.713+0000] {processor.py:161} INFO - Started process (PID=1675) to work on /home/airflow/.local/lib/python3.12/site-packages/airflow/example_dags/example_short_circuit_operator.py
[2024-06-07T14:15:21.714+0000] {processor.py:830} INFO - Processing file /home/airflow/.local/lib/python3.12/site-packages/airflow/example_dags/example_short_circuit_operator.py for tasks to queue
[2024-06-07T14:15:21.717+0000] {logging_mixin.py:188} INFO - [2024-06-07T14:15:21.716+0000] {dagbag.py:545} INFO - Filling up the DagBag from /home/airflow/.local/lib/python3.12/site-packages/airflow/example_dags/example_short_circuit_operator.py
[2024-06-07T14:15:21.727+0000] {processor.py:840} INFO - DAG(s) 'example_short_circuit_operator' retrieved from /home/airflow/.local/lib/python3.12/site-packages/airflow/example_dags/example_short_circuit_operator.py
[2024-06-07T14:15:21.756+0000] {logging_mixin.py:188} INFO - [2024-06-07T14:15:21.756+0000] {dag.py:3096} INFO - Sync 1 DAGs
[2024-06-07T14:15:21.785+0000] {logging_mixin.py:188} INFO - [2024-06-07T14:15:21.785+0000] {dag.py:3954} INFO - Setting next_dagrun for example_short_circuit_operator to 2024-06-06 00:00:00+00:00, run_after=2024-06-07 00:00:00+00:00
[2024-06-07T14:15:21.806+0000] {processor.py:183} INFO - Processing /home/airflow/.local/lib/python3.12/site-packages/airflow/example_dags/example_short_circuit_operator.py took 0.102 seconds
[2024-06-07T14:15:52.408+0000] {processor.py:161} INFO - Started process (PID=1735) to work on /home/airflow/.local/lib/python3.12/site-packages/airflow/example_dags/example_short_circuit_operator.py
[2024-06-07T14:15:52.409+0000] {processor.py:830} INFO - Processing file /home/airflow/.local/lib/python3.12/site-packages/airflow/example_dags/example_short_circuit_operator.py for tasks to queue
[2024-06-07T14:15:52.413+0000] {logging_mixin.py:188} INFO - [2024-06-07T14:15:52.412+0000] {dagbag.py:545} INFO - Filling up the DagBag from /home/airflow/.local/lib/python3.12/site-packages/airflow/example_dags/example_short_circuit_operator.py
[2024-06-07T14:15:52.423+0000] {processor.py:840} INFO - DAG(s) 'example_short_circuit_operator' retrieved from /home/airflow/.local/lib/python3.12/site-packages/airflow/example_dags/example_short_circuit_operator.py
[2024-06-07T14:15:52.453+0000] {logging_mixin.py:188} INFO - [2024-06-07T14:15:52.453+0000] {dag.py:3096} INFO - Sync 1 DAGs
[2024-06-07T14:15:52.479+0000] {logging_mixin.py:188} INFO - [2024-06-07T14:15:52.479+0000] {dag.py:3954} INFO - Setting next_dagrun for example_short_circuit_operator to 2024-06-06 00:00:00+00:00, run_after=2024-06-07 00:00:00+00:00
[2024-06-07T14:15:52.506+0000] {processor.py:183} INFO - Processing /home/airflow/.local/lib/python3.12/site-packages/airflow/example_dags/example_short_circuit_operator.py took 0.105 seconds
[2024-06-07T14:16:22.890+0000] {processor.py:161} INFO - Started process (PID=1795) to work on /home/airflow/.local/lib/python3.12/site-packages/airflow/example_dags/example_short_circuit_operator.py
[2024-06-07T14:16:22.892+0000] {processor.py:830} INFO - Processing file /home/airflow/.local/lib/python3.12/site-packages/airflow/example_dags/example_short_circuit_operator.py for tasks to queue
[2024-06-07T14:16:22.894+0000] {logging_mixin.py:188} INFO - [2024-06-07T14:16:22.894+0000] {dagbag.py:545} INFO - Filling up the DagBag from /home/airflow/.local/lib/python3.12/site-packages/airflow/example_dags/example_short_circuit_operator.py
[2024-06-07T14:16:22.904+0000] {processor.py:840} INFO - DAG(s) 'example_short_circuit_operator' retrieved from /home/airflow/.local/lib/python3.12/site-packages/airflow/example_dags/example_short_circuit_operator.py
[2024-06-07T14:16:22.932+0000] {logging_mixin.py:188} INFO - [2024-06-07T14:16:22.932+0000] {dag.py:3096} INFO - Sync 1 DAGs
[2024-06-07T14:16:22.959+0000] {logging_mixin.py:188} INFO - [2024-06-07T14:16:22.958+0000] {dag.py:3954} INFO - Setting next_dagrun for example_short_circuit_operator to 2024-06-06 00:00:00+00:00, run_after=2024-06-07 00:00:00+00:00
[2024-06-07T14:16:22.982+0000] {processor.py:183} INFO - Processing /home/airflow/.local/lib/python3.12/site-packages/airflow/example_dags/example_short_circuit_operator.py took 0.099 seconds
[2024-06-07T14:16:53.530+0000] {processor.py:161} INFO - Started process (PID=1855) to work on /home/airflow/.local/lib/python3.12/site-packages/airflow/example_dags/example_short_circuit_operator.py
[2024-06-07T14:16:53.531+0000] {processor.py:830} INFO - Processing file /home/airflow/.local/lib/python3.12/site-packages/airflow/example_dags/example_short_circuit_operator.py for tasks to queue
[2024-06-07T14:16:53.533+0000] {logging_mixin.py:188} INFO - [2024-06-07T14:16:53.533+0000] {dagbag.py:545} INFO - Filling up the DagBag from /home/airflow/.local/lib/python3.12/site-packages/airflow/example_dags/example_short_circuit_operator.py
[2024-06-07T14:16:53.542+0000] {processor.py:840} INFO - DAG(s) 'example_short_circuit_operator' retrieved from /home/airflow/.local/lib/python3.12/site-packages/airflow/example_dags/example_short_circuit_operator.py
[2024-06-07T14:16:53.750+0000] {logging_mixin.py:188} INFO - [2024-06-07T14:16:53.750+0000] {dag.py:3096} INFO - Sync 1 DAGs
[2024-06-07T14:16:53.773+0000] {logging_mixin.py:188} INFO - [2024-06-07T14:16:53.773+0000] {dag.py:3954} INFO - Setting next_dagrun for example_short_circuit_operator to 2024-06-06 00:00:00+00:00, run_after=2024-06-07 00:00:00+00:00
[2024-06-07T14:16:53.795+0000] {processor.py:183} INFO - Processing /home/airflow/.local/lib/python3.12/site-packages/airflow/example_dags/example_short_circuit_operator.py took 0.274 seconds
[2024-06-07T14:17:23.891+0000] {processor.py:161} INFO - Started process (PID=1915) to work on /home/airflow/.local/lib/python3.12/site-packages/airflow/example_dags/example_short_circuit_operator.py
[2024-06-07T14:17:23.892+0000] {processor.py:830} INFO - Processing file /home/airflow/.local/lib/python3.12/site-packages/airflow/example_dags/example_short_circuit_operator.py for tasks to queue
[2024-06-07T14:17:23.894+0000] {logging_mixin.py:188} INFO - [2024-06-07T14:17:23.894+0000] {dagbag.py:545} INFO - Filling up the DagBag from /home/airflow/.local/lib/python3.12/site-packages/airflow/example_dags/example_short_circuit_operator.py
[2024-06-07T14:17:23.902+0000] {processor.py:840} INFO - DAG(s) 'example_short_circuit_operator' retrieved from /home/airflow/.local/lib/python3.12/site-packages/airflow/example_dags/example_short_circuit_operator.py
[2024-06-07T14:17:24.085+0000] {logging_mixin.py:188} INFO - [2024-06-07T14:17:24.084+0000] {dag.py:3096} INFO - Sync 1 DAGs
[2024-06-07T14:17:24.104+0000] {logging_mixin.py:188} INFO - [2024-06-07T14:17:24.104+0000] {dag.py:3954} INFO - Setting next_dagrun for example_short_circuit_operator to 2024-06-06 00:00:00+00:00, run_after=2024-06-07 00:00:00+00:00
[2024-06-07T14:17:24.121+0000] {processor.py:183} INFO - Processing /home/airflow/.local/lib/python3.12/site-packages/airflow/example_dags/example_short_circuit_operator.py took 0.236 seconds
[2024-06-07T14:17:54.234+0000] {processor.py:161} INFO - Started process (PID=1975) to work on /home/airflow/.local/lib/python3.12/site-packages/airflow/example_dags/example_short_circuit_operator.py
[2024-06-07T14:17:54.235+0000] {processor.py:830} INFO - Processing file /home/airflow/.local/lib/python3.12/site-packages/airflow/example_dags/example_short_circuit_operator.py for tasks to queue
[2024-06-07T14:17:54.237+0000] {logging_mixin.py:188} INFO - [2024-06-07T14:17:54.236+0000] {dagbag.py:545} INFO - Filling up the DagBag from /home/airflow/.local/lib/python3.12/site-packages/airflow/example_dags/example_short_circuit_operator.py
[2024-06-07T14:17:54.247+0000] {processor.py:840} INFO - DAG(s) 'example_short_circuit_operator' retrieved from /home/airflow/.local/lib/python3.12/site-packages/airflow/example_dags/example_short_circuit_operator.py
[2024-06-07T14:17:54.274+0000] {logging_mixin.py:188} INFO - [2024-06-07T14:17:54.274+0000] {dag.py:3096} INFO - Sync 1 DAGs
[2024-06-07T14:17:54.298+0000] {logging_mixin.py:188} INFO - [2024-06-07T14:17:54.298+0000] {dag.py:3954} INFO - Setting next_dagrun for example_short_circuit_operator to 2024-06-06 00:00:00+00:00, run_after=2024-06-07 00:00:00+00:00
[2024-06-07T14:17:54.320+0000] {processor.py:183} INFO - Processing /home/airflow/.local/lib/python3.12/site-packages/airflow/example_dags/example_short_circuit_operator.py took 0.092 seconds
[2024-06-07T14:18:24.964+0000] {processor.py:161} INFO - Started process (PID=2035) to work on /home/airflow/.local/lib/python3.12/site-packages/airflow/example_dags/example_short_circuit_operator.py
[2024-06-07T14:18:24.965+0000] {processor.py:830} INFO - Processing file /home/airflow/.local/lib/python3.12/site-packages/airflow/example_dags/example_short_circuit_operator.py for tasks to queue
[2024-06-07T14:18:24.968+0000] {logging_mixin.py:188} INFO - [2024-06-07T14:18:24.968+0000] {dagbag.py:545} INFO - Filling up the DagBag from /home/airflow/.local/lib/python3.12/site-packages/airflow/example_dags/example_short_circuit_operator.py
[2024-06-07T14:18:24.980+0000] {processor.py:840} INFO - DAG(s) 'example_short_circuit_operator' retrieved from /home/airflow/.local/lib/python3.12/site-packages/airflow/example_dags/example_short_circuit_operator.py
[2024-06-07T14:18:25.015+0000] {logging_mixin.py:188} INFO - [2024-06-07T14:18:25.015+0000] {dag.py:3096} INFO - Sync 1 DAGs
[2024-06-07T14:18:25.049+0000] {logging_mixin.py:188} INFO - [2024-06-07T14:18:25.049+0000] {dag.py:3954} INFO - Setting next_dagrun for example_short_circuit_operator to 2024-06-06 00:00:00+00:00, run_after=2024-06-07 00:00:00+00:00
[2024-06-07T14:18:25.084+0000] {processor.py:183} INFO - Processing /home/airflow/.local/lib/python3.12/site-packages/airflow/example_dags/example_short_circuit_operator.py took 0.128 seconds
