[2024-06-07T14:01:46.782+0000] {processor.py:161} INFO - Started process (PID=73) to work on /home/airflow/.local/lib/python3.12/site-packages/airflow/example_dags/example_sla_dag.py
[2024-06-07T14:01:46.794+0000] {processor.py:830} INFO - Processing file /home/airflow/.local/lib/python3.12/site-packages/airflow/example_dags/example_sla_dag.py for tasks to queue
[2024-06-07T14:01:46.797+0000] {logging_mixin.py:188} INFO - [2024-06-07T14:01:46.797+0000] {dagbag.py:545} INFO - Filling up the DagBag from /home/airflow/.local/lib/python3.12/site-packages/airflow/example_dags/example_sla_dag.py
[2024-06-07T14:01:46.835+0000] {processor.py:840} INFO - DAG(s) 'example_sla_dag' retrieved from /home/airflow/.local/lib/python3.12/site-packages/airflow/example_dags/example_sla_dag.py
[2024-06-07T14:01:47.189+0000] {logging_mixin.py:188} INFO - [2024-06-07T14:01:47.189+0000] {dag.py:3096} INFO - Sync 1 DAGs
[2024-06-07T14:01:47.280+0000] {logging_mixin.py:188} INFO - [2024-06-07T14:01:47.280+0000] {dag.py:3954} INFO - Setting next_dagrun for example_sla_dag to 2024-06-07 13:58:00+00:00, run_after=2024-06-07 14:00:00+00:00
[2024-06-07T14:01:47.362+0000] {processor.py:183} INFO - Processing /home/airflow/.local/lib/python3.12/site-packages/airflow/example_dags/example_sla_dag.py took 0.598 seconds
[2024-06-07T14:02:17.790+0000] {processor.py:161} INFO - Started process (PID=145) to work on /home/airflow/.local/lib/python3.12/site-packages/airflow/example_dags/example_sla_dag.py
[2024-06-07T14:02:17.792+0000] {processor.py:830} INFO - Processing file /home/airflow/.local/lib/python3.12/site-packages/airflow/example_dags/example_sla_dag.py for tasks to queue
[2024-06-07T14:02:17.795+0000] {logging_mixin.py:188} INFO - [2024-06-07T14:02:17.794+0000] {dagbag.py:545} INFO - Filling up the DagBag from /home/airflow/.local/lib/python3.12/site-packages/airflow/example_dags/example_sla_dag.py
[2024-06-07T14:02:17.805+0000] {processor.py:840} INFO - DAG(s) 'example_sla_dag' retrieved from /home/airflow/.local/lib/python3.12/site-packages/airflow/example_dags/example_sla_dag.py
[2024-06-07T14:02:17.835+0000] {logging_mixin.py:188} INFO - [2024-06-07T14:02:17.835+0000] {dag.py:3096} INFO - Sync 1 DAGs
[2024-06-07T14:02:17.900+0000] {logging_mixin.py:188} INFO - [2024-06-07T14:02:17.900+0000] {dag.py:3954} INFO - Setting next_dagrun for example_sla_dag to 2024-06-07 14:00:00+00:00, run_after=2024-06-07 14:02:00+00:00
[2024-06-07T14:02:17.942+0000] {processor.py:183} INFO - Processing /home/airflow/.local/lib/python3.12/site-packages/airflow/example_dags/example_sla_dag.py took 0.162 seconds
[2024-06-07T14:02:48.252+0000] {processor.py:161} INFO - Started process (PID=205) to work on /home/airflow/.local/lib/python3.12/site-packages/airflow/example_dags/example_sla_dag.py
[2024-06-07T14:02:48.255+0000] {processor.py:830} INFO - Processing file /home/airflow/.local/lib/python3.12/site-packages/airflow/example_dags/example_sla_dag.py for tasks to queue
[2024-06-07T14:02:48.261+0000] {logging_mixin.py:188} INFO - [2024-06-07T14:02:48.260+0000] {dagbag.py:545} INFO - Filling up the DagBag from /home/airflow/.local/lib/python3.12/site-packages/airflow/example_dags/example_sla_dag.py
[2024-06-07T14:02:48.274+0000] {processor.py:840} INFO - DAG(s) 'example_sla_dag' retrieved from /home/airflow/.local/lib/python3.12/site-packages/airflow/example_dags/example_sla_dag.py
[2024-06-07T14:02:48.306+0000] {logging_mixin.py:188} INFO - [2024-06-07T14:02:48.306+0000] {dag.py:3096} INFO - Sync 1 DAGs
[2024-06-07T14:02:48.343+0000] {logging_mixin.py:188} INFO - [2024-06-07T14:02:48.342+0000] {dag.py:3954} INFO - Setting next_dagrun for example_sla_dag to 2024-06-07 14:00:00+00:00, run_after=2024-06-07 14:02:00+00:00
[2024-06-07T14:02:48.376+0000] {processor.py:183} INFO - Processing /home/airflow/.local/lib/python3.12/site-packages/airflow/example_dags/example_sla_dag.py took 0.132 seconds
[2024-06-07T14:03:19.283+0000] {processor.py:161} INFO - Started process (PID=265) to work on /home/airflow/.local/lib/python3.12/site-packages/airflow/example_dags/example_sla_dag.py
[2024-06-07T14:03:19.284+0000] {processor.py:830} INFO - Processing file /home/airflow/.local/lib/python3.12/site-packages/airflow/example_dags/example_sla_dag.py for tasks to queue
[2024-06-07T14:03:19.286+0000] {logging_mixin.py:188} INFO - [2024-06-07T14:03:19.286+0000] {dagbag.py:545} INFO - Filling up the DagBag from /home/airflow/.local/lib/python3.12/site-packages/airflow/example_dags/example_sla_dag.py
[2024-06-07T14:03:19.294+0000] {processor.py:840} INFO - DAG(s) 'example_sla_dag' retrieved from /home/airflow/.local/lib/python3.12/site-packages/airflow/example_dags/example_sla_dag.py
[2024-06-07T14:03:19.316+0000] {logging_mixin.py:188} INFO - [2024-06-07T14:03:19.316+0000] {dag.py:3096} INFO - Sync 1 DAGs
[2024-06-07T14:03:19.342+0000] {logging_mixin.py:188} INFO - [2024-06-07T14:03:19.342+0000] {dag.py:3954} INFO - Setting next_dagrun for example_sla_dag to 2024-06-07 14:00:00+00:00, run_after=2024-06-07 14:02:00+00:00
[2024-06-07T14:03:19.364+0000] {processor.py:183} INFO - Processing /home/airflow/.local/lib/python3.12/site-packages/airflow/example_dags/example_sla_dag.py took 0.087 seconds
[2024-06-07T14:03:49.484+0000] {processor.py:161} INFO - Started process (PID=325) to work on /home/airflow/.local/lib/python3.12/site-packages/airflow/example_dags/example_sla_dag.py
[2024-06-07T14:03:49.486+0000] {processor.py:830} INFO - Processing file /home/airflow/.local/lib/python3.12/site-packages/airflow/example_dags/example_sla_dag.py for tasks to queue
[2024-06-07T14:03:49.489+0000] {logging_mixin.py:188} INFO - [2024-06-07T14:03:49.489+0000] {dagbag.py:545} INFO - Filling up the DagBag from /home/airflow/.local/lib/python3.12/site-packages/airflow/example_dags/example_sla_dag.py
[2024-06-07T14:03:49.498+0000] {processor.py:840} INFO - DAG(s) 'example_sla_dag' retrieved from /home/airflow/.local/lib/python3.12/site-packages/airflow/example_dags/example_sla_dag.py
[2024-06-07T14:03:49.519+0000] {logging_mixin.py:188} INFO - [2024-06-07T14:03:49.519+0000] {dag.py:3096} INFO - Sync 1 DAGs
[2024-06-07T14:03:49.546+0000] {logging_mixin.py:188} INFO - [2024-06-07T14:03:49.546+0000] {dag.py:3954} INFO - Setting next_dagrun for example_sla_dag to 2024-06-07 14:00:00+00:00, run_after=2024-06-07 14:02:00+00:00
[2024-06-07T14:03:49.568+0000] {processor.py:183} INFO - Processing /home/airflow/.local/lib/python3.12/site-packages/airflow/example_dags/example_sla_dag.py took 0.090 seconds
[2024-06-07T14:04:20.383+0000] {processor.py:161} INFO - Started process (PID=385) to work on /home/airflow/.local/lib/python3.12/site-packages/airflow/example_dags/example_sla_dag.py
[2024-06-07T14:04:20.384+0000] {processor.py:830} INFO - Processing file /home/airflow/.local/lib/python3.12/site-packages/airflow/example_dags/example_sla_dag.py for tasks to queue
[2024-06-07T14:04:20.387+0000] {logging_mixin.py:188} INFO - [2024-06-07T14:04:20.387+0000] {dagbag.py:545} INFO - Filling up the DagBag from /home/airflow/.local/lib/python3.12/site-packages/airflow/example_dags/example_sla_dag.py
[2024-06-07T14:04:20.400+0000] {processor.py:840} INFO - DAG(s) 'example_sla_dag' retrieved from /home/airflow/.local/lib/python3.12/site-packages/airflow/example_dags/example_sla_dag.py
[2024-06-07T14:04:20.433+0000] {logging_mixin.py:188} INFO - [2024-06-07T14:04:20.433+0000] {dag.py:3096} INFO - Sync 1 DAGs
[2024-06-07T14:04:20.474+0000] {logging_mixin.py:188} INFO - [2024-06-07T14:04:20.474+0000] {dag.py:3954} INFO - Setting next_dagrun for example_sla_dag to 2024-06-07 14:02:00+00:00, run_after=2024-06-07 14:04:00+00:00
[2024-06-07T14:04:20.504+0000] {processor.py:183} INFO - Processing /home/airflow/.local/lib/python3.12/site-packages/airflow/example_dags/example_sla_dag.py took 0.134 seconds
[2024-06-07T14:04:50.990+0000] {processor.py:161} INFO - Started process (PID=445) to work on /home/airflow/.local/lib/python3.12/site-packages/airflow/example_dags/example_sla_dag.py
[2024-06-07T14:04:50.992+0000] {processor.py:830} INFO - Processing file /home/airflow/.local/lib/python3.12/site-packages/airflow/example_dags/example_sla_dag.py for tasks to queue
[2024-06-07T14:04:50.994+0000] {logging_mixin.py:188} INFO - [2024-06-07T14:04:50.994+0000] {dagbag.py:545} INFO - Filling up the DagBag from /home/airflow/.local/lib/python3.12/site-packages/airflow/example_dags/example_sla_dag.py
[2024-06-07T14:04:51.004+0000] {processor.py:840} INFO - DAG(s) 'example_sla_dag' retrieved from /home/airflow/.local/lib/python3.12/site-packages/airflow/example_dags/example_sla_dag.py
[2024-06-07T14:04:51.030+0000] {logging_mixin.py:188} INFO - [2024-06-07T14:04:51.030+0000] {dag.py:3096} INFO - Sync 1 DAGs
[2024-06-07T14:04:51.067+0000] {logging_mixin.py:188} INFO - [2024-06-07T14:04:51.066+0000] {dag.py:3954} INFO - Setting next_dagrun for example_sla_dag to 2024-06-07 14:02:00+00:00, run_after=2024-06-07 14:04:00+00:00
[2024-06-07T14:04:51.095+0000] {processor.py:183} INFO - Processing /home/airflow/.local/lib/python3.12/site-packages/airflow/example_dags/example_sla_dag.py took 0.112 seconds
[2024-06-07T14:05:21.352+0000] {processor.py:161} INFO - Started process (PID=505) to work on /home/airflow/.local/lib/python3.12/site-packages/airflow/example_dags/example_sla_dag.py
[2024-06-07T14:05:21.353+0000] {processor.py:830} INFO - Processing file /home/airflow/.local/lib/python3.12/site-packages/airflow/example_dags/example_sla_dag.py for tasks to queue
[2024-06-07T14:05:21.357+0000] {logging_mixin.py:188} INFO - [2024-06-07T14:05:21.356+0000] {dagbag.py:545} INFO - Filling up the DagBag from /home/airflow/.local/lib/python3.12/site-packages/airflow/example_dags/example_sla_dag.py
[2024-06-07T14:05:21.369+0000] {processor.py:840} INFO - DAG(s) 'example_sla_dag' retrieved from /home/airflow/.local/lib/python3.12/site-packages/airflow/example_dags/example_sla_dag.py
[2024-06-07T14:05:21.401+0000] {logging_mixin.py:188} INFO - [2024-06-07T14:05:21.401+0000] {dag.py:3096} INFO - Sync 1 DAGs
[2024-06-07T14:05:21.430+0000] {logging_mixin.py:188} INFO - [2024-06-07T14:05:21.430+0000] {dag.py:3954} INFO - Setting next_dagrun for example_sla_dag to 2024-06-07 14:02:00+00:00, run_after=2024-06-07 14:04:00+00:00
[2024-06-07T14:05:21.453+0000] {processor.py:183} INFO - Processing /home/airflow/.local/lib/python3.12/site-packages/airflow/example_dags/example_sla_dag.py took 0.120 seconds
[2024-06-07T14:05:52.262+0000] {processor.py:161} INFO - Started process (PID=565) to work on /home/airflow/.local/lib/python3.12/site-packages/airflow/example_dags/example_sla_dag.py
[2024-06-07T14:05:52.264+0000] {processor.py:830} INFO - Processing file /home/airflow/.local/lib/python3.12/site-packages/airflow/example_dags/example_sla_dag.py for tasks to queue
[2024-06-07T14:05:52.266+0000] {logging_mixin.py:188} INFO - [2024-06-07T14:05:52.265+0000] {dagbag.py:545} INFO - Filling up the DagBag from /home/airflow/.local/lib/python3.12/site-packages/airflow/example_dags/example_sla_dag.py
[2024-06-07T14:05:52.274+0000] {processor.py:840} INFO - DAG(s) 'example_sla_dag' retrieved from /home/airflow/.local/lib/python3.12/site-packages/airflow/example_dags/example_sla_dag.py
[2024-06-07T14:05:52.297+0000] {logging_mixin.py:188} INFO - [2024-06-07T14:05:52.297+0000] {dag.py:3096} INFO - Sync 1 DAGs
[2024-06-07T14:05:52.327+0000] {logging_mixin.py:188} INFO - [2024-06-07T14:05:52.327+0000] {dag.py:3954} INFO - Setting next_dagrun for example_sla_dag to 2024-06-07 14:02:00+00:00, run_after=2024-06-07 14:04:00+00:00
[2024-06-07T14:05:52.347+0000] {processor.py:183} INFO - Processing /home/airflow/.local/lib/python3.12/site-packages/airflow/example_dags/example_sla_dag.py took 0.091 seconds
[2024-06-07T14:06:22.609+0000] {processor.py:161} INFO - Started process (PID=624) to work on /home/airflow/.local/lib/python3.12/site-packages/airflow/example_dags/example_sla_dag.py
[2024-06-07T14:06:22.610+0000] {processor.py:830} INFO - Processing file /home/airflow/.local/lib/python3.12/site-packages/airflow/example_dags/example_sla_dag.py for tasks to queue
[2024-06-07T14:06:22.612+0000] {logging_mixin.py:188} INFO - [2024-06-07T14:06:22.612+0000] {dagbag.py:545} INFO - Filling up the DagBag from /home/airflow/.local/lib/python3.12/site-packages/airflow/example_dags/example_sla_dag.py
[2024-06-07T14:06:22.621+0000] {processor.py:840} INFO - DAG(s) 'example_sla_dag' retrieved from /home/airflow/.local/lib/python3.12/site-packages/airflow/example_dags/example_sla_dag.py
[2024-06-07T14:06:22.643+0000] {logging_mixin.py:188} INFO - [2024-06-07T14:06:22.643+0000] {dag.py:3096} INFO - Sync 1 DAGs
[2024-06-07T14:06:22.671+0000] {logging_mixin.py:188} INFO - [2024-06-07T14:06:22.671+0000] {dag.py:3954} INFO - Setting next_dagrun for example_sla_dag to 2024-06-07 14:04:00+00:00, run_after=2024-06-07 14:06:00+00:00
[2024-06-07T14:06:22.692+0000] {processor.py:183} INFO - Processing /home/airflow/.local/lib/python3.12/site-packages/airflow/example_dags/example_sla_dag.py took 0.089 seconds
[2024-06-07T14:06:53.461+0000] {processor.py:161} INFO - Started process (PID=684) to work on /home/airflow/.local/lib/python3.12/site-packages/airflow/example_dags/example_sla_dag.py
[2024-06-07T14:06:53.462+0000] {processor.py:830} INFO - Processing file /home/airflow/.local/lib/python3.12/site-packages/airflow/example_dags/example_sla_dag.py for tasks to queue
[2024-06-07T14:06:53.464+0000] {logging_mixin.py:188} INFO - [2024-06-07T14:06:53.463+0000] {dagbag.py:545} INFO - Filling up the DagBag from /home/airflow/.local/lib/python3.12/site-packages/airflow/example_dags/example_sla_dag.py
[2024-06-07T14:06:53.472+0000] {processor.py:840} INFO - DAG(s) 'example_sla_dag' retrieved from /home/airflow/.local/lib/python3.12/site-packages/airflow/example_dags/example_sla_dag.py
[2024-06-07T14:06:53.493+0000] {logging_mixin.py:188} INFO - [2024-06-07T14:06:53.493+0000] {dag.py:3096} INFO - Sync 1 DAGs
[2024-06-07T14:06:53.518+0000] {logging_mixin.py:188} INFO - [2024-06-07T14:06:53.518+0000] {dag.py:3954} INFO - Setting next_dagrun for example_sla_dag to 2024-06-07 14:04:00+00:00, run_after=2024-06-07 14:06:00+00:00
[2024-06-07T14:06:53.541+0000] {processor.py:183} INFO - Processing /home/airflow/.local/lib/python3.12/site-packages/airflow/example_dags/example_sla_dag.py took 0.086 seconds
[2024-06-07T14:07:24.362+0000] {processor.py:161} INFO - Started process (PID=744) to work on /home/airflow/.local/lib/python3.12/site-packages/airflow/example_dags/example_sla_dag.py
[2024-06-07T14:07:24.363+0000] {processor.py:830} INFO - Processing file /home/airflow/.local/lib/python3.12/site-packages/airflow/example_dags/example_sla_dag.py for tasks to queue
[2024-06-07T14:07:24.366+0000] {logging_mixin.py:188} INFO - [2024-06-07T14:07:24.366+0000] {dagbag.py:545} INFO - Filling up the DagBag from /home/airflow/.local/lib/python3.12/site-packages/airflow/example_dags/example_sla_dag.py
[2024-06-07T14:07:24.375+0000] {processor.py:840} INFO - DAG(s) 'example_sla_dag' retrieved from /home/airflow/.local/lib/python3.12/site-packages/airflow/example_dags/example_sla_dag.py
[2024-06-07T14:07:24.397+0000] {logging_mixin.py:188} INFO - [2024-06-07T14:07:24.396+0000] {dag.py:3096} INFO - Sync 1 DAGs
[2024-06-07T14:07:24.433+0000] {logging_mixin.py:188} INFO - [2024-06-07T14:07:24.432+0000] {dag.py:3954} INFO - Setting next_dagrun for example_sla_dag to 2024-06-07 14:04:00+00:00, run_after=2024-06-07 14:06:00+00:00
[2024-06-07T14:07:24.490+0000] {processor.py:183} INFO - Processing /home/airflow/.local/lib/python3.12/site-packages/airflow/example_dags/example_sla_dag.py took 0.134 seconds
[2024-06-07T14:07:54.620+0000] {processor.py:161} INFO - Started process (PID=804) to work on /home/airflow/.local/lib/python3.12/site-packages/airflow/example_dags/example_sla_dag.py
[2024-06-07T14:07:54.622+0000] {processor.py:830} INFO - Processing file /home/airflow/.local/lib/python3.12/site-packages/airflow/example_dags/example_sla_dag.py for tasks to queue
[2024-06-07T14:07:54.625+0000] {logging_mixin.py:188} INFO - [2024-06-07T14:07:54.624+0000] {dagbag.py:545} INFO - Filling up the DagBag from /home/airflow/.local/lib/python3.12/site-packages/airflow/example_dags/example_sla_dag.py
[2024-06-07T14:07:54.634+0000] {processor.py:840} INFO - DAG(s) 'example_sla_dag' retrieved from /home/airflow/.local/lib/python3.12/site-packages/airflow/example_dags/example_sla_dag.py
[2024-06-07T14:07:54.657+0000] {logging_mixin.py:188} INFO - [2024-06-07T14:07:54.657+0000] {dag.py:3096} INFO - Sync 1 DAGs
[2024-06-07T14:07:54.683+0000] {logging_mixin.py:188} INFO - [2024-06-07T14:07:54.683+0000] {dag.py:3954} INFO - Setting next_dagrun for example_sla_dag to 2024-06-07 14:04:00+00:00, run_after=2024-06-07 14:06:00+00:00
[2024-06-07T14:07:54.704+0000] {processor.py:183} INFO - Processing /home/airflow/.local/lib/python3.12/site-packages/airflow/example_dags/example_sla_dag.py took 0.091 seconds
[2024-06-07T14:08:25.834+0000] {processor.py:161} INFO - Started process (PID=864) to work on /home/airflow/.local/lib/python3.12/site-packages/airflow/example_dags/example_sla_dag.py
[2024-06-07T14:08:25.837+0000] {processor.py:830} INFO - Processing file /home/airflow/.local/lib/python3.12/site-packages/airflow/example_dags/example_sla_dag.py for tasks to queue
[2024-06-07T14:08:25.840+0000] {logging_mixin.py:188} INFO - [2024-06-07T14:08:25.840+0000] {dagbag.py:545} INFO - Filling up the DagBag from /home/airflow/.local/lib/python3.12/site-packages/airflow/example_dags/example_sla_dag.py
[2024-06-07T14:08:25.853+0000] {processor.py:840} INFO - DAG(s) 'example_sla_dag' retrieved from /home/airflow/.local/lib/python3.12/site-packages/airflow/example_dags/example_sla_dag.py
[2024-06-07T14:08:25.880+0000] {logging_mixin.py:188} INFO - [2024-06-07T14:08:25.879+0000] {dag.py:3096} INFO - Sync 1 DAGs
[2024-06-07T14:08:25.918+0000] {logging_mixin.py:188} INFO - [2024-06-07T14:08:25.918+0000] {dag.py:3954} INFO - Setting next_dagrun for example_sla_dag to 2024-06-07 14:06:00+00:00, run_after=2024-06-07 14:08:00+00:00
[2024-06-07T14:08:25.945+0000] {processor.py:183} INFO - Processing /home/airflow/.local/lib/python3.12/site-packages/airflow/example_dags/example_sla_dag.py took 0.121 seconds
[2024-06-07T14:08:56.372+0000] {processor.py:161} INFO - Started process (PID=924) to work on /home/airflow/.local/lib/python3.12/site-packages/airflow/example_dags/example_sla_dag.py
[2024-06-07T14:08:56.373+0000] {processor.py:830} INFO - Processing file /home/airflow/.local/lib/python3.12/site-packages/airflow/example_dags/example_sla_dag.py for tasks to queue
[2024-06-07T14:08:56.375+0000] {logging_mixin.py:188} INFO - [2024-06-07T14:08:56.375+0000] {dagbag.py:545} INFO - Filling up the DagBag from /home/airflow/.local/lib/python3.12/site-packages/airflow/example_dags/example_sla_dag.py
[2024-06-07T14:08:56.384+0000] {processor.py:840} INFO - DAG(s) 'example_sla_dag' retrieved from /home/airflow/.local/lib/python3.12/site-packages/airflow/example_dags/example_sla_dag.py
[2024-06-07T14:08:56.405+0000] {logging_mixin.py:188} INFO - [2024-06-07T14:08:56.405+0000] {dag.py:3096} INFO - Sync 1 DAGs
[2024-06-07T14:08:56.431+0000] {logging_mixin.py:188} INFO - [2024-06-07T14:08:56.430+0000] {dag.py:3954} INFO - Setting next_dagrun for example_sla_dag to 2024-06-07 14:06:00+00:00, run_after=2024-06-07 14:08:00+00:00
[2024-06-07T14:08:56.448+0000] {processor.py:183} INFO - Processing /home/airflow/.local/lib/python3.12/site-packages/airflow/example_dags/example_sla_dag.py took 0.082 seconds
[2024-06-07T14:09:26.997+0000] {processor.py:161} INFO - Started process (PID=984) to work on /home/airflow/.local/lib/python3.12/site-packages/airflow/example_dags/example_sla_dag.py
[2024-06-07T14:09:26.998+0000] {processor.py:830} INFO - Processing file /home/airflow/.local/lib/python3.12/site-packages/airflow/example_dags/example_sla_dag.py for tasks to queue
[2024-06-07T14:09:27.000+0000] {logging_mixin.py:188} INFO - [2024-06-07T14:09:27.000+0000] {dagbag.py:545} INFO - Filling up the DagBag from /home/airflow/.local/lib/python3.12/site-packages/airflow/example_dags/example_sla_dag.py
[2024-06-07T14:09:27.010+0000] {processor.py:840} INFO - DAG(s) 'example_sla_dag' retrieved from /home/airflow/.local/lib/python3.12/site-packages/airflow/example_dags/example_sla_dag.py
[2024-06-07T14:09:27.034+0000] {logging_mixin.py:188} INFO - [2024-06-07T14:09:27.034+0000] {dag.py:3096} INFO - Sync 1 DAGs
[2024-06-07T14:09:27.065+0000] {logging_mixin.py:188} INFO - [2024-06-07T14:09:27.064+0000] {dag.py:3954} INFO - Setting next_dagrun for example_sla_dag to 2024-06-07 14:06:00+00:00, run_after=2024-06-07 14:08:00+00:00
[2024-06-07T14:09:27.083+0000] {processor.py:183} INFO - Processing /home/airflow/.local/lib/python3.12/site-packages/airflow/example_dags/example_sla_dag.py took 0.093 seconds
[2024-06-07T14:09:57.283+0000] {processor.py:161} INFO - Started process (PID=1046) to work on /home/airflow/.local/lib/python3.12/site-packages/airflow/example_dags/example_sla_dag.py
[2024-06-07T14:09:57.285+0000] {processor.py:830} INFO - Processing file /home/airflow/.local/lib/python3.12/site-packages/airflow/example_dags/example_sla_dag.py for tasks to queue
[2024-06-07T14:09:57.288+0000] {logging_mixin.py:188} INFO - [2024-06-07T14:09:57.288+0000] {dagbag.py:545} INFO - Filling up the DagBag from /home/airflow/.local/lib/python3.12/site-packages/airflow/example_dags/example_sla_dag.py
[2024-06-07T14:09:57.299+0000] {processor.py:840} INFO - DAG(s) 'example_sla_dag' retrieved from /home/airflow/.local/lib/python3.12/site-packages/airflow/example_dags/example_sla_dag.py
[2024-06-07T14:09:57.329+0000] {logging_mixin.py:188} INFO - [2024-06-07T14:09:57.329+0000] {dag.py:3096} INFO - Sync 1 DAGs
[2024-06-07T14:09:57.370+0000] {logging_mixin.py:188} INFO - [2024-06-07T14:09:57.370+0000] {dag.py:3954} INFO - Setting next_dagrun for example_sla_dag to 2024-06-07 14:06:00+00:00, run_after=2024-06-07 14:08:00+00:00
[2024-06-07T14:09:57.399+0000] {processor.py:183} INFO - Processing /home/airflow/.local/lib/python3.12/site-packages/airflow/example_dags/example_sla_dag.py took 0.125 seconds
[2024-06-07T14:10:28.190+0000] {processor.py:161} INFO - Started process (PID=1106) to work on /home/airflow/.local/lib/python3.12/site-packages/airflow/example_dags/example_sla_dag.py
[2024-06-07T14:10:28.191+0000] {processor.py:830} INFO - Processing file /home/airflow/.local/lib/python3.12/site-packages/airflow/example_dags/example_sla_dag.py for tasks to queue
[2024-06-07T14:10:28.193+0000] {logging_mixin.py:188} INFO - [2024-06-07T14:10:28.193+0000] {dagbag.py:545} INFO - Filling up the DagBag from /home/airflow/.local/lib/python3.12/site-packages/airflow/example_dags/example_sla_dag.py
[2024-06-07T14:10:28.205+0000] {processor.py:840} INFO - DAG(s) 'example_sla_dag' retrieved from /home/airflow/.local/lib/python3.12/site-packages/airflow/example_dags/example_sla_dag.py
[2024-06-07T14:10:28.228+0000] {logging_mixin.py:188} INFO - [2024-06-07T14:10:28.228+0000] {dag.py:3096} INFO - Sync 1 DAGs
[2024-06-07T14:10:28.266+0000] {logging_mixin.py:188} INFO - [2024-06-07T14:10:28.266+0000] {dag.py:3954} INFO - Setting next_dagrun for example_sla_dag to 2024-06-07 14:08:00+00:00, run_after=2024-06-07 14:10:00+00:00
[2024-06-07T14:10:28.292+0000] {processor.py:183} INFO - Processing /home/airflow/.local/lib/python3.12/site-packages/airflow/example_dags/example_sla_dag.py took 0.109 seconds
[2024-06-07T14:10:58.452+0000] {processor.py:161} INFO - Started process (PID=1166) to work on /home/airflow/.local/lib/python3.12/site-packages/airflow/example_dags/example_sla_dag.py
[2024-06-07T14:10:58.453+0000] {processor.py:830} INFO - Processing file /home/airflow/.local/lib/python3.12/site-packages/airflow/example_dags/example_sla_dag.py for tasks to queue
[2024-06-07T14:10:58.456+0000] {logging_mixin.py:188} INFO - [2024-06-07T14:10:58.455+0000] {dagbag.py:545} INFO - Filling up the DagBag from /home/airflow/.local/lib/python3.12/site-packages/airflow/example_dags/example_sla_dag.py
[2024-06-07T14:10:58.468+0000] {processor.py:840} INFO - DAG(s) 'example_sla_dag' retrieved from /home/airflow/.local/lib/python3.12/site-packages/airflow/example_dags/example_sla_dag.py
[2024-06-07T14:10:58.492+0000] {logging_mixin.py:188} INFO - [2024-06-07T14:10:58.491+0000] {dag.py:3096} INFO - Sync 1 DAGs
[2024-06-07T14:10:58.528+0000] {logging_mixin.py:188} INFO - [2024-06-07T14:10:58.527+0000] {dag.py:3954} INFO - Setting next_dagrun for example_sla_dag to 2024-06-07 14:08:00+00:00, run_after=2024-06-07 14:10:00+00:00
[2024-06-07T14:10:58.552+0000] {processor.py:183} INFO - Processing /home/airflow/.local/lib/python3.12/site-packages/airflow/example_dags/example_sla_dag.py took 0.107 seconds
[2024-06-07T14:11:28.847+0000] {processor.py:161} INFO - Started process (PID=1226) to work on /home/airflow/.local/lib/python3.12/site-packages/airflow/example_dags/example_sla_dag.py
[2024-06-07T14:11:28.848+0000] {processor.py:830} INFO - Processing file /home/airflow/.local/lib/python3.12/site-packages/airflow/example_dags/example_sla_dag.py for tasks to queue
[2024-06-07T14:11:28.851+0000] {logging_mixin.py:188} INFO - [2024-06-07T14:11:28.851+0000] {dagbag.py:545} INFO - Filling up the DagBag from /home/airflow/.local/lib/python3.12/site-packages/airflow/example_dags/example_sla_dag.py
[2024-06-07T14:11:28.866+0000] {processor.py:840} INFO - DAG(s) 'example_sla_dag' retrieved from /home/airflow/.local/lib/python3.12/site-packages/airflow/example_dags/example_sla_dag.py
[2024-06-07T14:11:28.897+0000] {logging_mixin.py:188} INFO - [2024-06-07T14:11:28.897+0000] {dag.py:3096} INFO - Sync 1 DAGs
[2024-06-07T14:11:28.970+0000] {logging_mixin.py:188} INFO - [2024-06-07T14:11:28.969+0000] {dag.py:3954} INFO - Setting next_dagrun for example_sla_dag to 2024-06-07 14:08:00+00:00, run_after=2024-06-07 14:10:00+00:00
[2024-06-07T14:11:29.017+0000] {processor.py:183} INFO - Processing /home/airflow/.local/lib/python3.12/site-packages/airflow/example_dags/example_sla_dag.py took 0.182 seconds
[2024-06-07T14:12:02.922+0000] {processor.py:161} INFO - Started process (PID=1286) to work on /home/airflow/.local/lib/python3.12/site-packages/airflow/example_dags/example_sla_dag.py
[2024-06-07T14:12:02.926+0000] {processor.py:830} INFO - Processing file /home/airflow/.local/lib/python3.12/site-packages/airflow/example_dags/example_sla_dag.py for tasks to queue
[2024-06-07T14:12:02.930+0000] {logging_mixin.py:188} INFO - [2024-06-07T14:12:02.930+0000] {dagbag.py:545} INFO - Filling up the DagBag from /home/airflow/.local/lib/python3.12/site-packages/airflow/example_dags/example_sla_dag.py
[2024-06-07T14:12:02.956+0000] {processor.py:840} INFO - DAG(s) 'example_sla_dag' retrieved from /home/airflow/.local/lib/python3.12/site-packages/airflow/example_dags/example_sla_dag.py
[2024-06-07T14:12:03.004+0000] {logging_mixin.py:188} INFO - [2024-06-07T14:12:03.001+0000] {dag.py:3096} INFO - Sync 1 DAGs
[2024-06-07T14:12:03.067+0000] {logging_mixin.py:188} INFO - [2024-06-07T14:12:03.067+0000] {dag.py:3954} INFO - Setting next_dagrun for example_sla_dag to 2024-06-07 14:10:00+00:00, run_after=2024-06-07 14:12:00+00:00
[2024-06-07T14:12:03.191+0000] {processor.py:183} INFO - Processing /home/airflow/.local/lib/python3.12/site-packages/airflow/example_dags/example_sla_dag.py took 0.300 seconds
[2024-06-07T14:12:33.746+0000] {processor.py:161} INFO - Started process (PID=1346) to work on /home/airflow/.local/lib/python3.12/site-packages/airflow/example_dags/example_sla_dag.py
[2024-06-07T14:12:33.747+0000] {processor.py:830} INFO - Processing file /home/airflow/.local/lib/python3.12/site-packages/airflow/example_dags/example_sla_dag.py for tasks to queue
[2024-06-07T14:12:33.749+0000] {logging_mixin.py:188} INFO - [2024-06-07T14:12:33.749+0000] {dagbag.py:545} INFO - Filling up the DagBag from /home/airflow/.local/lib/python3.12/site-packages/airflow/example_dags/example_sla_dag.py
[2024-06-07T14:12:33.757+0000] {processor.py:840} INFO - DAG(s) 'example_sla_dag' retrieved from /home/airflow/.local/lib/python3.12/site-packages/airflow/example_dags/example_sla_dag.py
[2024-06-07T14:12:33.778+0000] {logging_mixin.py:188} INFO - [2024-06-07T14:12:33.778+0000] {dag.py:3096} INFO - Sync 1 DAGs
[2024-06-07T14:12:33.808+0000] {logging_mixin.py:188} INFO - [2024-06-07T14:12:33.807+0000] {dag.py:3954} INFO - Setting next_dagrun for example_sla_dag to 2024-06-07 14:10:00+00:00, run_after=2024-06-07 14:12:00+00:00
[2024-06-07T14:12:33.827+0000] {processor.py:183} INFO - Processing /home/airflow/.local/lib/python3.12/site-packages/airflow/example_dags/example_sla_dag.py took 0.087 seconds
[2024-06-07T14:13:04.959+0000] {processor.py:161} INFO - Started process (PID=1406) to work on /home/airflow/.local/lib/python3.12/site-packages/airflow/example_dags/example_sla_dag.py
[2024-06-07T14:13:04.967+0000] {processor.py:830} INFO - Processing file /home/airflow/.local/lib/python3.12/site-packages/airflow/example_dags/example_sla_dag.py for tasks to queue
[2024-06-07T14:13:04.973+0000] {logging_mixin.py:188} INFO - [2024-06-07T14:13:04.973+0000] {dagbag.py:545} INFO - Filling up the DagBag from /home/airflow/.local/lib/python3.12/site-packages/airflow/example_dags/example_sla_dag.py
[2024-06-07T14:13:04.995+0000] {processor.py:840} INFO - DAG(s) 'example_sla_dag' retrieved from /home/airflow/.local/lib/python3.12/site-packages/airflow/example_dags/example_sla_dag.py
[2024-06-07T14:13:05.058+0000] {logging_mixin.py:188} INFO - [2024-06-07T14:13:05.058+0000] {dag.py:3096} INFO - Sync 1 DAGs
[2024-06-07T14:13:05.147+0000] {logging_mixin.py:188} INFO - [2024-06-07T14:13:05.147+0000] {dag.py:3954} INFO - Setting next_dagrun for example_sla_dag to 2024-06-07 14:10:00+00:00, run_after=2024-06-07 14:12:00+00:00
[2024-06-07T14:13:05.228+0000] {processor.py:183} INFO - Processing /home/airflow/.local/lib/python3.12/site-packages/airflow/example_dags/example_sla_dag.py took 0.285 seconds
[2024-06-07T14:13:35.746+0000] {processor.py:161} INFO - Started process (PID=1466) to work on /home/airflow/.local/lib/python3.12/site-packages/airflow/example_dags/example_sla_dag.py
[2024-06-07T14:13:35.747+0000] {processor.py:830} INFO - Processing file /home/airflow/.local/lib/python3.12/site-packages/airflow/example_dags/example_sla_dag.py for tasks to queue
[2024-06-07T14:13:35.749+0000] {logging_mixin.py:188} INFO - [2024-06-07T14:13:35.749+0000] {dagbag.py:545} INFO - Filling up the DagBag from /home/airflow/.local/lib/python3.12/site-packages/airflow/example_dags/example_sla_dag.py
[2024-06-07T14:13:35.757+0000] {processor.py:840} INFO - DAG(s) 'example_sla_dag' retrieved from /home/airflow/.local/lib/python3.12/site-packages/airflow/example_dags/example_sla_dag.py
[2024-06-07T14:13:35.779+0000] {logging_mixin.py:188} INFO - [2024-06-07T14:13:35.779+0000] {dag.py:3096} INFO - Sync 1 DAGs
[2024-06-07T14:13:35.804+0000] {logging_mixin.py:188} INFO - [2024-06-07T14:13:35.804+0000] {dag.py:3954} INFO - Setting next_dagrun for example_sla_dag to 2024-06-07 14:10:00+00:00, run_after=2024-06-07 14:12:00+00:00
[2024-06-07T14:13:35.823+0000] {processor.py:183} INFO - Processing /home/airflow/.local/lib/python3.12/site-packages/airflow/example_dags/example_sla_dag.py took 0.084 seconds
[2024-06-07T14:14:05.909+0000] {processor.py:161} INFO - Started process (PID=1525) to work on /home/airflow/.local/lib/python3.12/site-packages/airflow/example_dags/example_sla_dag.py
[2024-06-07T14:14:05.910+0000] {processor.py:830} INFO - Processing file /home/airflow/.local/lib/python3.12/site-packages/airflow/example_dags/example_sla_dag.py for tasks to queue
[2024-06-07T14:14:05.912+0000] {logging_mixin.py:188} INFO - [2024-06-07T14:14:05.911+0000] {dagbag.py:545} INFO - Filling up the DagBag from /home/airflow/.local/lib/python3.12/site-packages/airflow/example_dags/example_sla_dag.py
[2024-06-07T14:14:05.920+0000] {processor.py:840} INFO - DAG(s) 'example_sla_dag' retrieved from /home/airflow/.local/lib/python3.12/site-packages/airflow/example_dags/example_sla_dag.py
[2024-06-07T14:14:05.941+0000] {logging_mixin.py:188} INFO - [2024-06-07T14:14:05.941+0000] {dag.py:3096} INFO - Sync 1 DAGs
[2024-06-07T14:14:05.966+0000] {logging_mixin.py:188} INFO - [2024-06-07T14:14:05.966+0000] {dag.py:3954} INFO - Setting next_dagrun for example_sla_dag to 2024-06-07 14:12:00+00:00, run_after=2024-06-07 14:14:00+00:00
[2024-06-07T14:14:05.985+0000] {processor.py:183} INFO - Processing /home/airflow/.local/lib/python3.12/site-packages/airflow/example_dags/example_sla_dag.py took 0.083 seconds
[2024-06-07T14:14:36.339+0000] {processor.py:161} INFO - Started process (PID=1584) to work on /home/airflow/.local/lib/python3.12/site-packages/airflow/example_dags/example_sla_dag.py
[2024-06-07T14:14:36.341+0000] {processor.py:830} INFO - Processing file /home/airflow/.local/lib/python3.12/site-packages/airflow/example_dags/example_sla_dag.py for tasks to queue
[2024-06-07T14:14:36.343+0000] {logging_mixin.py:188} INFO - [2024-06-07T14:14:36.343+0000] {dagbag.py:545} INFO - Filling up the DagBag from /home/airflow/.local/lib/python3.12/site-packages/airflow/example_dags/example_sla_dag.py
[2024-06-07T14:14:36.355+0000] {processor.py:840} INFO - DAG(s) 'example_sla_dag' retrieved from /home/airflow/.local/lib/python3.12/site-packages/airflow/example_dags/example_sla_dag.py
[2024-06-07T14:14:36.380+0000] {logging_mixin.py:188} INFO - [2024-06-07T14:14:36.380+0000] {dag.py:3096} INFO - Sync 1 DAGs
[2024-06-07T14:14:36.416+0000] {logging_mixin.py:188} INFO - [2024-06-07T14:14:36.415+0000] {dag.py:3954} INFO - Setting next_dagrun for example_sla_dag to 2024-06-07 14:12:00+00:00, run_after=2024-06-07 14:14:00+00:00
[2024-06-07T14:14:36.440+0000] {processor.py:183} INFO - Processing /home/airflow/.local/lib/python3.12/site-packages/airflow/example_dags/example_sla_dag.py took 0.108 seconds
[2024-06-07T14:15:07.597+0000] {processor.py:161} INFO - Started process (PID=1644) to work on /home/airflow/.local/lib/python3.12/site-packages/airflow/example_dags/example_sla_dag.py
[2024-06-07T14:15:07.600+0000] {processor.py:830} INFO - Processing file /home/airflow/.local/lib/python3.12/site-packages/airflow/example_dags/example_sla_dag.py for tasks to queue
[2024-06-07T14:15:07.606+0000] {logging_mixin.py:188} INFO - [2024-06-07T14:15:07.605+0000] {dagbag.py:545} INFO - Filling up the DagBag from /home/airflow/.local/lib/python3.12/site-packages/airflow/example_dags/example_sla_dag.py
[2024-06-07T14:15:07.618+0000] {processor.py:840} INFO - DAG(s) 'example_sla_dag' retrieved from /home/airflow/.local/lib/python3.12/site-packages/airflow/example_dags/example_sla_dag.py
[2024-06-07T14:15:07.644+0000] {logging_mixin.py:188} INFO - [2024-06-07T14:15:07.643+0000] {dag.py:3096} INFO - Sync 1 DAGs
[2024-06-07T14:15:07.726+0000] {logging_mixin.py:188} INFO - [2024-06-07T14:15:07.725+0000] {dag.py:3954} INFO - Setting next_dagrun for example_sla_dag to 2024-06-07 14:12:00+00:00, run_after=2024-06-07 14:14:00+00:00
[2024-06-07T14:15:07.802+0000] {processor.py:183} INFO - Processing /home/airflow/.local/lib/python3.12/site-packages/airflow/example_dags/example_sla_dag.py took 0.219 seconds
[2024-06-07T14:15:38.400+0000] {processor.py:161} INFO - Started process (PID=1704) to work on /home/airflow/.local/lib/python3.12/site-packages/airflow/example_dags/example_sla_dag.py
[2024-06-07T14:15:38.401+0000] {processor.py:830} INFO - Processing file /home/airflow/.local/lib/python3.12/site-packages/airflow/example_dags/example_sla_dag.py for tasks to queue
[2024-06-07T14:15:38.404+0000] {logging_mixin.py:188} INFO - [2024-06-07T14:15:38.404+0000] {dagbag.py:545} INFO - Filling up the DagBag from /home/airflow/.local/lib/python3.12/site-packages/airflow/example_dags/example_sla_dag.py
[2024-06-07T14:15:38.417+0000] {processor.py:840} INFO - DAG(s) 'example_sla_dag' retrieved from /home/airflow/.local/lib/python3.12/site-packages/airflow/example_dags/example_sla_dag.py
[2024-06-07T14:15:38.444+0000] {logging_mixin.py:188} INFO - [2024-06-07T14:15:38.444+0000] {dag.py:3096} INFO - Sync 1 DAGs
[2024-06-07T14:15:38.649+0000] {logging_mixin.py:188} INFO - [2024-06-07T14:15:38.649+0000] {dag.py:3954} INFO - Setting next_dagrun for example_sla_dag to 2024-06-07 14:12:00+00:00, run_after=2024-06-07 14:14:00+00:00
[2024-06-07T14:15:38.671+0000] {processor.py:183} INFO - Processing /home/airflow/.local/lib/python3.12/site-packages/airflow/example_dags/example_sla_dag.py took 0.280 seconds
[2024-06-07T14:16:09.096+0000] {processor.py:161} INFO - Started process (PID=1764) to work on /home/airflow/.local/lib/python3.12/site-packages/airflow/example_dags/example_sla_dag.py
[2024-06-07T14:16:09.098+0000] {processor.py:830} INFO - Processing file /home/airflow/.local/lib/python3.12/site-packages/airflow/example_dags/example_sla_dag.py for tasks to queue
[2024-06-07T14:16:09.102+0000] {logging_mixin.py:188} INFO - [2024-06-07T14:16:09.101+0000] {dagbag.py:545} INFO - Filling up the DagBag from /home/airflow/.local/lib/python3.12/site-packages/airflow/example_dags/example_sla_dag.py
[2024-06-07T14:16:09.117+0000] {processor.py:840} INFO - DAG(s) 'example_sla_dag' retrieved from /home/airflow/.local/lib/python3.12/site-packages/airflow/example_dags/example_sla_dag.py
[2024-06-07T14:16:09.144+0000] {logging_mixin.py:188} INFO - [2024-06-07T14:16:09.144+0000] {dag.py:3096} INFO - Sync 1 DAGs
[2024-06-07T14:16:09.189+0000] {logging_mixin.py:188} INFO - [2024-06-07T14:16:09.189+0000] {dag.py:3954} INFO - Setting next_dagrun for example_sla_dag to 2024-06-07 14:14:00+00:00, run_after=2024-06-07 14:16:00+00:00
[2024-06-07T14:16:09.373+0000] {processor.py:183} INFO - Processing /home/airflow/.local/lib/python3.12/site-packages/airflow/example_dags/example_sla_dag.py took 0.284 seconds
[2024-06-07T14:16:40.166+0000] {processor.py:161} INFO - Started process (PID=1824) to work on /home/airflow/.local/lib/python3.12/site-packages/airflow/example_dags/example_sla_dag.py
[2024-06-07T14:16:40.167+0000] {processor.py:830} INFO - Processing file /home/airflow/.local/lib/python3.12/site-packages/airflow/example_dags/example_sla_dag.py for tasks to queue
[2024-06-07T14:16:40.171+0000] {logging_mixin.py:188} INFO - [2024-06-07T14:16:40.170+0000] {dagbag.py:545} INFO - Filling up the DagBag from /home/airflow/.local/lib/python3.12/site-packages/airflow/example_dags/example_sla_dag.py
[2024-06-07T14:16:40.181+0000] {processor.py:840} INFO - DAG(s) 'example_sla_dag' retrieved from /home/airflow/.local/lib/python3.12/site-packages/airflow/example_dags/example_sla_dag.py
[2024-06-07T14:16:40.211+0000] {logging_mixin.py:188} INFO - [2024-06-07T14:16:40.211+0000] {dag.py:3096} INFO - Sync 1 DAGs
[2024-06-07T14:16:40.239+0000] {logging_mixin.py:188} INFO - [2024-06-07T14:16:40.239+0000] {dag.py:3954} INFO - Setting next_dagrun for example_sla_dag to 2024-06-07 14:14:00+00:00, run_after=2024-06-07 14:16:00+00:00
[2024-06-07T14:16:40.423+0000] {processor.py:183} INFO - Processing /home/airflow/.local/lib/python3.12/site-packages/airflow/example_dags/example_sla_dag.py took 0.265 seconds
[2024-06-07T14:17:10.853+0000] {processor.py:161} INFO - Started process (PID=1884) to work on /home/airflow/.local/lib/python3.12/site-packages/airflow/example_dags/example_sla_dag.py
[2024-06-07T14:17:10.855+0000] {processor.py:830} INFO - Processing file /home/airflow/.local/lib/python3.12/site-packages/airflow/example_dags/example_sla_dag.py for tasks to queue
[2024-06-07T14:17:10.858+0000] {logging_mixin.py:188} INFO - [2024-06-07T14:17:10.857+0000] {dagbag.py:545} INFO - Filling up the DagBag from /home/airflow/.local/lib/python3.12/site-packages/airflow/example_dags/example_sla_dag.py
[2024-06-07T14:17:10.868+0000] {processor.py:840} INFO - DAG(s) 'example_sla_dag' retrieved from /home/airflow/.local/lib/python3.12/site-packages/airflow/example_dags/example_sla_dag.py
[2024-06-07T14:17:10.895+0000] {logging_mixin.py:188} INFO - [2024-06-07T14:17:10.895+0000] {dag.py:3096} INFO - Sync 1 DAGs
[2024-06-07T14:17:10.930+0000] {logging_mixin.py:188} INFO - [2024-06-07T14:17:10.930+0000] {dag.py:3954} INFO - Setting next_dagrun for example_sla_dag to 2024-06-07 14:14:00+00:00, run_after=2024-06-07 14:16:00+00:00
[2024-06-07T14:17:10.953+0000] {processor.py:183} INFO - Processing /home/airflow/.local/lib/python3.12/site-packages/airflow/example_dags/example_sla_dag.py took 0.109 seconds
[2024-06-07T14:17:41.212+0000] {processor.py:161} INFO - Started process (PID=1944) to work on /home/airflow/.local/lib/python3.12/site-packages/airflow/example_dags/example_sla_dag.py
[2024-06-07T14:17:41.213+0000] {processor.py:830} INFO - Processing file /home/airflow/.local/lib/python3.12/site-packages/airflow/example_dags/example_sla_dag.py for tasks to queue
[2024-06-07T14:17:41.215+0000] {logging_mixin.py:188} INFO - [2024-06-07T14:17:41.215+0000] {dagbag.py:545} INFO - Filling up the DagBag from /home/airflow/.local/lib/python3.12/site-packages/airflow/example_dags/example_sla_dag.py
[2024-06-07T14:17:41.226+0000] {processor.py:840} INFO - DAG(s) 'example_sla_dag' retrieved from /home/airflow/.local/lib/python3.12/site-packages/airflow/example_dags/example_sla_dag.py
[2024-06-07T14:17:41.254+0000] {logging_mixin.py:188} INFO - [2024-06-07T14:17:41.253+0000] {dag.py:3096} INFO - Sync 1 DAGs
[2024-06-07T14:17:41.291+0000] {logging_mixin.py:188} INFO - [2024-06-07T14:17:41.290+0000] {dag.py:3954} INFO - Setting next_dagrun for example_sla_dag to 2024-06-07 14:14:00+00:00, run_after=2024-06-07 14:16:00+00:00
[2024-06-07T14:17:41.313+0000] {processor.py:183} INFO - Processing /home/airflow/.local/lib/python3.12/site-packages/airflow/example_dags/example_sla_dag.py took 0.108 seconds
[2024-06-07T14:18:11.452+0000] {processor.py:161} INFO - Started process (PID=2004) to work on /home/airflow/.local/lib/python3.12/site-packages/airflow/example_dags/example_sla_dag.py
[2024-06-07T14:18:11.454+0000] {processor.py:830} INFO - Processing file /home/airflow/.local/lib/python3.12/site-packages/airflow/example_dags/example_sla_dag.py for tasks to queue
[2024-06-07T14:18:11.456+0000] {logging_mixin.py:188} INFO - [2024-06-07T14:18:11.455+0000] {dagbag.py:545} INFO - Filling up the DagBag from /home/airflow/.local/lib/python3.12/site-packages/airflow/example_dags/example_sla_dag.py
[2024-06-07T14:18:11.468+0000] {processor.py:840} INFO - DAG(s) 'example_sla_dag' retrieved from /home/airflow/.local/lib/python3.12/site-packages/airflow/example_dags/example_sla_dag.py
[2024-06-07T14:18:11.491+0000] {logging_mixin.py:188} INFO - [2024-06-07T14:18:11.491+0000] {dag.py:3096} INFO - Sync 1 DAGs
[2024-06-07T14:18:11.522+0000] {logging_mixin.py:188} INFO - [2024-06-07T14:18:11.522+0000] {dag.py:3954} INFO - Setting next_dagrun for example_sla_dag to 2024-06-07 14:16:00+00:00, run_after=2024-06-07 14:18:00+00:00
[2024-06-07T14:18:11.545+0000] {processor.py:183} INFO - Processing /home/airflow/.local/lib/python3.12/site-packages/airflow/example_dags/example_sla_dag.py took 0.099 seconds
