[2024-06-07T14:01:42.593+0000] {processor.py:161} INFO - Started process (PID=53) to work on /home/airflow/.local/lib/python3.12/site-packages/airflow/example_dags/example_complex.py
[2024-06-07T14:01:42.595+0000] {processor.py:830} INFO - Processing file /home/airflow/.local/lib/python3.12/site-packages/airflow/example_dags/example_complex.py for tasks to queue
[2024-06-07T14:01:42.601+0000] {logging_mixin.py:188} INFO - [2024-06-07T14:01:42.599+0000] {dagbag.py:545} INFO - Filling up the DagBag from /home/airflow/.local/lib/python3.12/site-packages/airflow/example_dags/example_complex.py
[2024-06-07T14:01:42.627+0000] {processor.py:840} INFO - DAG(s) 'example_complex' retrieved from /home/airflow/.local/lib/python3.12/site-packages/airflow/example_dags/example_complex.py
[2024-06-07T14:01:42.935+0000] {logging_mixin.py:188} INFO - [2024-06-07T14:01:42.934+0000] {dag.py:3096} INFO - Sync 1 DAGs
[2024-06-07T14:01:42.954+0000] {logging_mixin.py:188} INFO - [2024-06-07T14:01:42.953+0000] {dag.py:3954} INFO - Setting next_dagrun for example_complex to None, run_after=None
[2024-06-07T14:01:42.991+0000] {processor.py:183} INFO - Processing /home/airflow/.local/lib/python3.12/site-packages/airflow/example_dags/example_complex.py took 0.409 seconds
[2024-06-07T14:02:13.665+0000] {processor.py:161} INFO - Started process (PID=121) to work on /home/airflow/.local/lib/python3.12/site-packages/airflow/example_dags/example_complex.py
[2024-06-07T14:02:13.667+0000] {processor.py:830} INFO - Processing file /home/airflow/.local/lib/python3.12/site-packages/airflow/example_dags/example_complex.py for tasks to queue
[2024-06-07T14:02:13.670+0000] {logging_mixin.py:188} INFO - [2024-06-07T14:02:13.669+0000] {dagbag.py:545} INFO - Filling up the DagBag from /home/airflow/.local/lib/python3.12/site-packages/airflow/example_dags/example_complex.py
[2024-06-07T14:02:13.687+0000] {processor.py:840} INFO - DAG(s) 'example_complex' retrieved from /home/airflow/.local/lib/python3.12/site-packages/airflow/example_dags/example_complex.py
[2024-06-07T14:02:13.767+0000] {logging_mixin.py:188} INFO - [2024-06-07T14:02:13.767+0000] {dag.py:3096} INFO - Sync 1 DAGs
[2024-06-07T14:02:13.792+0000] {logging_mixin.py:188} INFO - [2024-06-07T14:02:13.792+0000] {dag.py:3954} INFO - Setting next_dagrun for example_complex to None, run_after=None
[2024-06-07T14:02:13.868+0000] {processor.py:183} INFO - Processing /home/airflow/.local/lib/python3.12/site-packages/airflow/example_dags/example_complex.py took 0.214 seconds
[2024-06-07T14:02:44.989+0000] {processor.py:161} INFO - Started process (PID=185) to work on /home/airflow/.local/lib/python3.12/site-packages/airflow/example_dags/example_complex.py
[2024-06-07T14:02:44.990+0000] {processor.py:830} INFO - Processing file /home/airflow/.local/lib/python3.12/site-packages/airflow/example_dags/example_complex.py for tasks to queue
[2024-06-07T14:02:44.993+0000] {logging_mixin.py:188} INFO - [2024-06-07T14:02:44.992+0000] {dagbag.py:545} INFO - Filling up the DagBag from /home/airflow/.local/lib/python3.12/site-packages/airflow/example_dags/example_complex.py
[2024-06-07T14:02:45.012+0000] {processor.py:840} INFO - DAG(s) 'example_complex' retrieved from /home/airflow/.local/lib/python3.12/site-packages/airflow/example_dags/example_complex.py
[2024-06-07T14:02:45.085+0000] {logging_mixin.py:188} INFO - [2024-06-07T14:02:45.084+0000] {dag.py:3096} INFO - Sync 1 DAGs
[2024-06-07T14:02:45.118+0000] {logging_mixin.py:188} INFO - [2024-06-07T14:02:45.117+0000] {dag.py:3954} INFO - Setting next_dagrun for example_complex to None, run_after=None
[2024-06-07T14:02:45.168+0000] {processor.py:183} INFO - Processing /home/airflow/.local/lib/python3.12/site-packages/airflow/example_dags/example_complex.py took 0.190 seconds
[2024-06-07T14:03:16.025+0000] {processor.py:161} INFO - Started process (PID=251) to work on /home/airflow/.local/lib/python3.12/site-packages/airflow/example_dags/example_complex.py
[2024-06-07T14:03:16.026+0000] {processor.py:830} INFO - Processing file /home/airflow/.local/lib/python3.12/site-packages/airflow/example_dags/example_complex.py for tasks to queue
[2024-06-07T14:03:16.029+0000] {logging_mixin.py:188} INFO - [2024-06-07T14:03:16.028+0000] {dagbag.py:545} INFO - Filling up the DagBag from /home/airflow/.local/lib/python3.12/site-packages/airflow/example_dags/example_complex.py
[2024-06-07T14:03:16.040+0000] {processor.py:840} INFO - DAG(s) 'example_complex' retrieved from /home/airflow/.local/lib/python3.12/site-packages/airflow/example_dags/example_complex.py
[2024-06-07T14:03:16.098+0000] {logging_mixin.py:188} INFO - [2024-06-07T14:03:16.097+0000] {dag.py:3096} INFO - Sync 1 DAGs
[2024-06-07T14:03:16.122+0000] {logging_mixin.py:188} INFO - [2024-06-07T14:03:16.121+0000] {dag.py:3954} INFO - Setting next_dagrun for example_complex to None, run_after=None
[2024-06-07T14:03:16.157+0000] {processor.py:183} INFO - Processing /home/airflow/.local/lib/python3.12/site-packages/airflow/example_dags/example_complex.py took 0.138 seconds
[2024-06-07T14:03:47.185+0000] {processor.py:161} INFO - Started process (PID=311) to work on /home/airflow/.local/lib/python3.12/site-packages/airflow/example_dags/example_complex.py
[2024-06-07T14:03:47.186+0000] {processor.py:830} INFO - Processing file /home/airflow/.local/lib/python3.12/site-packages/airflow/example_dags/example_complex.py for tasks to queue
[2024-06-07T14:03:47.189+0000] {logging_mixin.py:188} INFO - [2024-06-07T14:03:47.189+0000] {dagbag.py:545} INFO - Filling up the DagBag from /home/airflow/.local/lib/python3.12/site-packages/airflow/example_dags/example_complex.py
[2024-06-07T14:03:47.202+0000] {processor.py:840} INFO - DAG(s) 'example_complex' retrieved from /home/airflow/.local/lib/python3.12/site-packages/airflow/example_dags/example_complex.py
[2024-06-07T14:03:47.240+0000] {logging_mixin.py:188} INFO - [2024-06-07T14:03:47.239+0000] {dag.py:3096} INFO - Sync 1 DAGs
[2024-06-07T14:03:47.255+0000] {logging_mixin.py:188} INFO - [2024-06-07T14:03:47.255+0000] {dag.py:3954} INFO - Setting next_dagrun for example_complex to None, run_after=None
[2024-06-07T14:03:47.279+0000] {processor.py:183} INFO - Processing /home/airflow/.local/lib/python3.12/site-packages/airflow/example_dags/example_complex.py took 0.101 seconds
[2024-06-07T14:04:17.481+0000] {processor.py:161} INFO - Started process (PID=369) to work on /home/airflow/.local/lib/python3.12/site-packages/airflow/example_dags/example_complex.py
[2024-06-07T14:04:17.482+0000] {processor.py:830} INFO - Processing file /home/airflow/.local/lib/python3.12/site-packages/airflow/example_dags/example_complex.py for tasks to queue
[2024-06-07T14:04:17.485+0000] {logging_mixin.py:188} INFO - [2024-06-07T14:04:17.484+0000] {dagbag.py:545} INFO - Filling up the DagBag from /home/airflow/.local/lib/python3.12/site-packages/airflow/example_dags/example_complex.py
[2024-06-07T14:04:17.498+0000] {processor.py:840} INFO - DAG(s) 'example_complex' retrieved from /home/airflow/.local/lib/python3.12/site-packages/airflow/example_dags/example_complex.py
[2024-06-07T14:04:17.541+0000] {logging_mixin.py:188} INFO - [2024-06-07T14:04:17.540+0000] {dag.py:3096} INFO - Sync 1 DAGs
[2024-06-07T14:04:17.560+0000] {logging_mixin.py:188} INFO - [2024-06-07T14:04:17.560+0000] {dag.py:3954} INFO - Setting next_dagrun for example_complex to None, run_after=None
[2024-06-07T14:04:17.591+0000] {processor.py:183} INFO - Processing /home/airflow/.local/lib/python3.12/site-packages/airflow/example_dags/example_complex.py took 0.117 seconds
[2024-06-07T14:04:48.409+0000] {processor.py:161} INFO - Started process (PID=429) to work on /home/airflow/.local/lib/python3.12/site-packages/airflow/example_dags/example_complex.py
[2024-06-07T14:04:48.410+0000] {processor.py:830} INFO - Processing file /home/airflow/.local/lib/python3.12/site-packages/airflow/example_dags/example_complex.py for tasks to queue
[2024-06-07T14:04:48.412+0000] {logging_mixin.py:188} INFO - [2024-06-07T14:04:48.412+0000] {dagbag.py:545} INFO - Filling up the DagBag from /home/airflow/.local/lib/python3.12/site-packages/airflow/example_dags/example_complex.py
[2024-06-07T14:04:48.426+0000] {processor.py:840} INFO - DAG(s) 'example_complex' retrieved from /home/airflow/.local/lib/python3.12/site-packages/airflow/example_dags/example_complex.py
[2024-06-07T14:04:48.476+0000] {logging_mixin.py:188} INFO - [2024-06-07T14:04:48.476+0000] {dag.py:3096} INFO - Sync 1 DAGs
[2024-06-07T14:04:48.507+0000] {logging_mixin.py:188} INFO - [2024-06-07T14:04:48.507+0000] {dag.py:3954} INFO - Setting next_dagrun for example_complex to None, run_after=None
[2024-06-07T14:04:48.540+0000] {processor.py:183} INFO - Processing /home/airflow/.local/lib/python3.12/site-packages/airflow/example_dags/example_complex.py took 0.138 seconds
[2024-06-07T14:05:19.006+0000] {processor.py:161} INFO - Started process (PID=489) to work on /home/airflow/.local/lib/python3.12/site-packages/airflow/example_dags/example_complex.py
[2024-06-07T14:05:19.007+0000] {processor.py:830} INFO - Processing file /home/airflow/.local/lib/python3.12/site-packages/airflow/example_dags/example_complex.py for tasks to queue
[2024-06-07T14:05:19.009+0000] {logging_mixin.py:188} INFO - [2024-06-07T14:05:19.009+0000] {dagbag.py:545} INFO - Filling up the DagBag from /home/airflow/.local/lib/python3.12/site-packages/airflow/example_dags/example_complex.py
[2024-06-07T14:05:19.020+0000] {processor.py:840} INFO - DAG(s) 'example_complex' retrieved from /home/airflow/.local/lib/python3.12/site-packages/airflow/example_dags/example_complex.py
[2024-06-07T14:05:19.057+0000] {logging_mixin.py:188} INFO - [2024-06-07T14:05:19.056+0000] {dag.py:3096} INFO - Sync 1 DAGs
[2024-06-07T14:05:19.071+0000] {logging_mixin.py:188} INFO - [2024-06-07T14:05:19.071+0000] {dag.py:3954} INFO - Setting next_dagrun for example_complex to None, run_after=None
[2024-06-07T14:05:19.091+0000] {processor.py:183} INFO - Processing /home/airflow/.local/lib/python3.12/site-packages/airflow/example_dags/example_complex.py took 0.092 seconds
[2024-06-07T14:05:49.168+0000] {processor.py:161} INFO - Started process (PID=549) to work on /home/airflow/.local/lib/python3.12/site-packages/airflow/example_dags/example_complex.py
[2024-06-07T14:05:49.170+0000] {processor.py:830} INFO - Processing file /home/airflow/.local/lib/python3.12/site-packages/airflow/example_dags/example_complex.py for tasks to queue
[2024-06-07T14:05:49.172+0000] {logging_mixin.py:188} INFO - [2024-06-07T14:05:49.171+0000] {dagbag.py:545} INFO - Filling up the DagBag from /home/airflow/.local/lib/python3.12/site-packages/airflow/example_dags/example_complex.py
[2024-06-07T14:05:49.188+0000] {processor.py:840} INFO - DAG(s) 'example_complex' retrieved from /home/airflow/.local/lib/python3.12/site-packages/airflow/example_dags/example_complex.py
[2024-06-07T14:05:49.225+0000] {logging_mixin.py:188} INFO - [2024-06-07T14:05:49.225+0000] {dag.py:3096} INFO - Sync 1 DAGs
[2024-06-07T14:05:49.241+0000] {logging_mixin.py:188} INFO - [2024-06-07T14:05:49.240+0000] {dag.py:3954} INFO - Setting next_dagrun for example_complex to None, run_after=None
[2024-06-07T14:05:49.263+0000] {processor.py:183} INFO - Processing /home/airflow/.local/lib/python3.12/site-packages/airflow/example_dags/example_complex.py took 0.101 seconds
[2024-06-07T14:06:19.796+0000] {processor.py:161} INFO - Started process (PID=610) to work on /home/airflow/.local/lib/python3.12/site-packages/airflow/example_dags/example_complex.py
[2024-06-07T14:06:19.797+0000] {processor.py:830} INFO - Processing file /home/airflow/.local/lib/python3.12/site-packages/airflow/example_dags/example_complex.py for tasks to queue
[2024-06-07T14:06:19.799+0000] {logging_mixin.py:188} INFO - [2024-06-07T14:06:19.799+0000] {dagbag.py:545} INFO - Filling up the DagBag from /home/airflow/.local/lib/python3.12/site-packages/airflow/example_dags/example_complex.py
[2024-06-07T14:06:19.811+0000] {processor.py:840} INFO - DAG(s) 'example_complex' retrieved from /home/airflow/.local/lib/python3.12/site-packages/airflow/example_dags/example_complex.py
[2024-06-07T14:06:19.848+0000] {logging_mixin.py:188} INFO - [2024-06-07T14:06:19.848+0000] {dag.py:3096} INFO - Sync 1 DAGs
[2024-06-07T14:06:19.862+0000] {logging_mixin.py:188} INFO - [2024-06-07T14:06:19.862+0000] {dag.py:3954} INFO - Setting next_dagrun for example_complex to None, run_after=None
[2024-06-07T14:06:19.886+0000] {processor.py:183} INFO - Processing /home/airflow/.local/lib/python3.12/site-packages/airflow/example_dags/example_complex.py took 0.096 seconds
[2024-06-07T14:06:50.535+0000] {processor.py:161} INFO - Started process (PID=670) to work on /home/airflow/.local/lib/python3.12/site-packages/airflow/example_dags/example_complex.py
[2024-06-07T14:06:50.536+0000] {processor.py:830} INFO - Processing file /home/airflow/.local/lib/python3.12/site-packages/airflow/example_dags/example_complex.py for tasks to queue
[2024-06-07T14:06:50.538+0000] {logging_mixin.py:188} INFO - [2024-06-07T14:06:50.537+0000] {dagbag.py:545} INFO - Filling up the DagBag from /home/airflow/.local/lib/python3.12/site-packages/airflow/example_dags/example_complex.py
[2024-06-07T14:06:50.552+0000] {processor.py:840} INFO - DAG(s) 'example_complex' retrieved from /home/airflow/.local/lib/python3.12/site-packages/airflow/example_dags/example_complex.py
[2024-06-07T14:06:50.591+0000] {logging_mixin.py:188} INFO - [2024-06-07T14:06:50.591+0000] {dag.py:3096} INFO - Sync 1 DAGs
[2024-06-07T14:06:50.607+0000] {logging_mixin.py:188} INFO - [2024-06-07T14:06:50.607+0000] {dag.py:3954} INFO - Setting next_dagrun for example_complex to None, run_after=None
[2024-06-07T14:06:50.630+0000] {processor.py:183} INFO - Processing /home/airflow/.local/lib/python3.12/site-packages/airflow/example_dags/example_complex.py took 0.102 seconds
[2024-06-07T14:07:21.566+0000] {processor.py:161} INFO - Started process (PID=730) to work on /home/airflow/.local/lib/python3.12/site-packages/airflow/example_dags/example_complex.py
[2024-06-07T14:07:21.568+0000] {processor.py:830} INFO - Processing file /home/airflow/.local/lib/python3.12/site-packages/airflow/example_dags/example_complex.py for tasks to queue
[2024-06-07T14:07:21.571+0000] {logging_mixin.py:188} INFO - [2024-06-07T14:07:21.570+0000] {dagbag.py:545} INFO - Filling up the DagBag from /home/airflow/.local/lib/python3.12/site-packages/airflow/example_dags/example_complex.py
[2024-06-07T14:07:21.601+0000] {processor.py:840} INFO - DAG(s) 'example_complex' retrieved from /home/airflow/.local/lib/python3.12/site-packages/airflow/example_dags/example_complex.py
[2024-06-07T14:07:21.683+0000] {logging_mixin.py:188} INFO - [2024-06-07T14:07:21.682+0000] {dag.py:3096} INFO - Sync 1 DAGs
[2024-06-07T14:07:21.759+0000] {logging_mixin.py:188} INFO - [2024-06-07T14:07:21.758+0000] {dag.py:3954} INFO - Setting next_dagrun for example_complex to None, run_after=None
[2024-06-07T14:07:21.866+0000] {processor.py:183} INFO - Processing /home/airflow/.local/lib/python3.12/site-packages/airflow/example_dags/example_complex.py took 0.310 seconds
[2024-06-07T14:07:52.348+0000] {processor.py:161} INFO - Started process (PID=790) to work on /home/airflow/.local/lib/python3.12/site-packages/airflow/example_dags/example_complex.py
[2024-06-07T14:07:52.349+0000] {processor.py:830} INFO - Processing file /home/airflow/.local/lib/python3.12/site-packages/airflow/example_dags/example_complex.py for tasks to queue
[2024-06-07T14:07:52.352+0000] {logging_mixin.py:188} INFO - [2024-06-07T14:07:52.351+0000] {dagbag.py:545} INFO - Filling up the DagBag from /home/airflow/.local/lib/python3.12/site-packages/airflow/example_dags/example_complex.py
[2024-06-07T14:07:52.363+0000] {processor.py:840} INFO - DAG(s) 'example_complex' retrieved from /home/airflow/.local/lib/python3.12/site-packages/airflow/example_dags/example_complex.py
[2024-06-07T14:07:52.400+0000] {logging_mixin.py:188} INFO - [2024-06-07T14:07:52.400+0000] {dag.py:3096} INFO - Sync 1 DAGs
[2024-06-07T14:07:52.414+0000] {logging_mixin.py:188} INFO - [2024-06-07T14:07:52.414+0000] {dag.py:3954} INFO - Setting next_dagrun for example_complex to None, run_after=None
[2024-06-07T14:07:52.438+0000] {processor.py:183} INFO - Processing /home/airflow/.local/lib/python3.12/site-packages/airflow/example_dags/example_complex.py took 0.096 seconds
[2024-06-07T14:08:23.208+0000] {processor.py:161} INFO - Started process (PID=850) to work on /home/airflow/.local/lib/python3.12/site-packages/airflow/example_dags/example_complex.py
[2024-06-07T14:08:23.211+0000] {processor.py:830} INFO - Processing file /home/airflow/.local/lib/python3.12/site-packages/airflow/example_dags/example_complex.py for tasks to queue
[2024-06-07T14:08:23.217+0000] {logging_mixin.py:188} INFO - [2024-06-07T14:08:23.215+0000] {dagbag.py:545} INFO - Filling up the DagBag from /home/airflow/.local/lib/python3.12/site-packages/airflow/example_dags/example_complex.py
[2024-06-07T14:08:23.233+0000] {processor.py:840} INFO - DAG(s) 'example_complex' retrieved from /home/airflow/.local/lib/python3.12/site-packages/airflow/example_dags/example_complex.py
[2024-06-07T14:08:23.305+0000] {logging_mixin.py:188} INFO - [2024-06-07T14:08:23.304+0000] {dag.py:3096} INFO - Sync 1 DAGs
[2024-06-07T14:08:23.328+0000] {logging_mixin.py:188} INFO - [2024-06-07T14:08:23.328+0000] {dag.py:3954} INFO - Setting next_dagrun for example_complex to None, run_after=None
[2024-06-07T14:08:23.384+0000] {processor.py:183} INFO - Processing /home/airflow/.local/lib/python3.12/site-packages/airflow/example_dags/example_complex.py took 0.191 seconds
[2024-06-07T14:08:53.452+0000] {processor.py:161} INFO - Started process (PID=910) to work on /home/airflow/.local/lib/python3.12/site-packages/airflow/example_dags/example_complex.py
[2024-06-07T14:08:53.454+0000] {processor.py:830} INFO - Processing file /home/airflow/.local/lib/python3.12/site-packages/airflow/example_dags/example_complex.py for tasks to queue
[2024-06-07T14:08:53.456+0000] {logging_mixin.py:188} INFO - [2024-06-07T14:08:53.456+0000] {dagbag.py:545} INFO - Filling up the DagBag from /home/airflow/.local/lib/python3.12/site-packages/airflow/example_dags/example_complex.py
[2024-06-07T14:08:53.467+0000] {processor.py:840} INFO - DAG(s) 'example_complex' retrieved from /home/airflow/.local/lib/python3.12/site-packages/airflow/example_dags/example_complex.py
[2024-06-07T14:08:53.503+0000] {logging_mixin.py:188} INFO - [2024-06-07T14:08:53.502+0000] {dag.py:3096} INFO - Sync 1 DAGs
[2024-06-07T14:08:53.516+0000] {logging_mixin.py:188} INFO - [2024-06-07T14:08:53.516+0000] {dag.py:3954} INFO - Setting next_dagrun for example_complex to None, run_after=None
[2024-06-07T14:08:53.535+0000] {processor.py:183} INFO - Processing /home/airflow/.local/lib/python3.12/site-packages/airflow/example_dags/example_complex.py took 0.089 seconds
[2024-06-07T14:09:23.852+0000] {processor.py:161} INFO - Started process (PID=969) to work on /home/airflow/.local/lib/python3.12/site-packages/airflow/example_dags/example_complex.py
[2024-06-07T14:09:23.853+0000] {processor.py:830} INFO - Processing file /home/airflow/.local/lib/python3.12/site-packages/airflow/example_dags/example_complex.py for tasks to queue
[2024-06-07T14:09:23.856+0000] {logging_mixin.py:188} INFO - [2024-06-07T14:09:23.855+0000] {dagbag.py:545} INFO - Filling up the DagBag from /home/airflow/.local/lib/python3.12/site-packages/airflow/example_dags/example_complex.py
[2024-06-07T14:09:23.871+0000] {processor.py:840} INFO - DAG(s) 'example_complex' retrieved from /home/airflow/.local/lib/python3.12/site-packages/airflow/example_dags/example_complex.py
[2024-06-07T14:09:23.930+0000] {logging_mixin.py:188} INFO - [2024-06-07T14:09:23.930+0000] {dag.py:3096} INFO - Sync 1 DAGs
[2024-06-07T14:09:23.951+0000] {logging_mixin.py:188} INFO - [2024-06-07T14:09:23.951+0000] {dag.py:3954} INFO - Setting next_dagrun for example_complex to None, run_after=None
[2024-06-07T14:09:23.989+0000] {processor.py:183} INFO - Processing /home/airflow/.local/lib/python3.12/site-packages/airflow/example_dags/example_complex.py took 0.147 seconds
[2024-06-07T14:09:54.230+0000] {processor.py:161} INFO - Started process (PID=1031) to work on /home/airflow/.local/lib/python3.12/site-packages/airflow/example_dags/example_complex.py
[2024-06-07T14:09:54.231+0000] {processor.py:830} INFO - Processing file /home/airflow/.local/lib/python3.12/site-packages/airflow/example_dags/example_complex.py for tasks to queue
[2024-06-07T14:09:54.236+0000] {logging_mixin.py:188} INFO - [2024-06-07T14:09:54.235+0000] {dagbag.py:545} INFO - Filling up the DagBag from /home/airflow/.local/lib/python3.12/site-packages/airflow/example_dags/example_complex.py
[2024-06-07T14:09:54.254+0000] {processor.py:840} INFO - DAG(s) 'example_complex' retrieved from /home/airflow/.local/lib/python3.12/site-packages/airflow/example_dags/example_complex.py
[2024-06-07T14:09:54.320+0000] {logging_mixin.py:188} INFO - [2024-06-07T14:09:54.320+0000] {dag.py:3096} INFO - Sync 1 DAGs
[2024-06-07T14:09:54.338+0000] {logging_mixin.py:188} INFO - [2024-06-07T14:09:54.337+0000] {dag.py:3954} INFO - Setting next_dagrun for example_complex to None, run_after=None
[2024-06-07T14:09:54.369+0000] {processor.py:183} INFO - Processing /home/airflow/.local/lib/python3.12/site-packages/airflow/example_dags/example_complex.py took 0.149 seconds
[2024-06-07T14:10:25.039+0000] {processor.py:161} INFO - Started process (PID=1091) to work on /home/airflow/.local/lib/python3.12/site-packages/airflow/example_dags/example_complex.py
[2024-06-07T14:10:25.041+0000] {processor.py:830} INFO - Processing file /home/airflow/.local/lib/python3.12/site-packages/airflow/example_dags/example_complex.py for tasks to queue
[2024-06-07T14:10:25.043+0000] {logging_mixin.py:188} INFO - [2024-06-07T14:10:25.043+0000] {dagbag.py:545} INFO - Filling up the DagBag from /home/airflow/.local/lib/python3.12/site-packages/airflow/example_dags/example_complex.py
[2024-06-07T14:10:25.063+0000] {processor.py:840} INFO - DAG(s) 'example_complex' retrieved from /home/airflow/.local/lib/python3.12/site-packages/airflow/example_dags/example_complex.py
[2024-06-07T14:10:25.119+0000] {logging_mixin.py:188} INFO - [2024-06-07T14:10:25.119+0000] {dag.py:3096} INFO - Sync 1 DAGs
[2024-06-07T14:10:25.146+0000] {logging_mixin.py:188} INFO - [2024-06-07T14:10:25.145+0000] {dag.py:3954} INFO - Setting next_dagrun for example_complex to None, run_after=None
[2024-06-07T14:10:25.180+0000] {processor.py:183} INFO - Processing /home/airflow/.local/lib/python3.12/site-packages/airflow/example_dags/example_complex.py took 0.155 seconds
[2024-06-07T14:10:55.492+0000] {processor.py:161} INFO - Started process (PID=1150) to work on /home/airflow/.local/lib/python3.12/site-packages/airflow/example_dags/example_complex.py
[2024-06-07T14:10:55.493+0000] {processor.py:830} INFO - Processing file /home/airflow/.local/lib/python3.12/site-packages/airflow/example_dags/example_complex.py for tasks to queue
[2024-06-07T14:10:55.498+0000] {logging_mixin.py:188} INFO - [2024-06-07T14:10:55.497+0000] {dagbag.py:545} INFO - Filling up the DagBag from /home/airflow/.local/lib/python3.12/site-packages/airflow/example_dags/example_complex.py
[2024-06-07T14:10:55.514+0000] {processor.py:840} INFO - DAG(s) 'example_complex' retrieved from /home/airflow/.local/lib/python3.12/site-packages/airflow/example_dags/example_complex.py
[2024-06-07T14:10:55.586+0000] {logging_mixin.py:188} INFO - [2024-06-07T14:10:55.585+0000] {dag.py:3096} INFO - Sync 1 DAGs
[2024-06-07T14:10:55.620+0000] {logging_mixin.py:188} INFO - [2024-06-07T14:10:55.619+0000] {dag.py:3954} INFO - Setting next_dagrun for example_complex to None, run_after=None
[2024-06-07T14:10:55.666+0000] {processor.py:183} INFO - Processing /home/airflow/.local/lib/python3.12/site-packages/airflow/example_dags/example_complex.py took 0.185 seconds
[2024-06-07T14:11:25.971+0000] {processor.py:161} INFO - Started process (PID=1207) to work on /home/airflow/.local/lib/python3.12/site-packages/airflow/example_dags/example_complex.py
[2024-06-07T14:11:25.972+0000] {processor.py:830} INFO - Processing file /home/airflow/.local/lib/python3.12/site-packages/airflow/example_dags/example_complex.py for tasks to queue
[2024-06-07T14:11:25.975+0000] {logging_mixin.py:188} INFO - [2024-06-07T14:11:25.975+0000] {dagbag.py:545} INFO - Filling up the DagBag from /home/airflow/.local/lib/python3.12/site-packages/airflow/example_dags/example_complex.py
[2024-06-07T14:11:25.993+0000] {processor.py:840} INFO - DAG(s) 'example_complex' retrieved from /home/airflow/.local/lib/python3.12/site-packages/airflow/example_dags/example_complex.py
[2024-06-07T14:11:26.051+0000] {logging_mixin.py:188} INFO - [2024-06-07T14:11:26.050+0000] {dag.py:3096} INFO - Sync 1 DAGs
[2024-06-07T14:11:26.072+0000] {logging_mixin.py:188} INFO - [2024-06-07T14:11:26.071+0000] {dag.py:3954} INFO - Setting next_dagrun for example_complex to None, run_after=None
[2024-06-07T14:11:26.108+0000] {processor.py:183} INFO - Processing /home/airflow/.local/lib/python3.12/site-packages/airflow/example_dags/example_complex.py took 0.144 seconds
[2024-06-07T14:11:56.689+0000] {processor.py:161} INFO - Started process (PID=1267) to work on /home/airflow/.local/lib/python3.12/site-packages/airflow/example_dags/example_complex.py
[2024-06-07T14:11:56.691+0000] {processor.py:830} INFO - Processing file /home/airflow/.local/lib/python3.12/site-packages/airflow/example_dags/example_complex.py for tasks to queue
[2024-06-07T14:11:56.693+0000] {logging_mixin.py:188} INFO - [2024-06-07T14:11:56.693+0000] {dagbag.py:545} INFO - Filling up the DagBag from /home/airflow/.local/lib/python3.12/site-packages/airflow/example_dags/example_complex.py
[2024-06-07T14:11:56.705+0000] {processor.py:840} INFO - DAG(s) 'example_complex' retrieved from /home/airflow/.local/lib/python3.12/site-packages/airflow/example_dags/example_complex.py
[2024-06-07T14:11:56.769+0000] {logging_mixin.py:188} INFO - [2024-06-07T14:11:56.768+0000] {dag.py:3096} INFO - Sync 1 DAGs
[2024-06-07T14:11:56.794+0000] {logging_mixin.py:188} INFO - [2024-06-07T14:11:56.793+0000] {dag.py:3954} INFO - Setting next_dagrun for example_complex to None, run_after=None
[2024-06-07T14:11:56.859+0000] {processor.py:183} INFO - Processing /home/airflow/.local/lib/python3.12/site-packages/airflow/example_dags/example_complex.py took 0.179 seconds
[2024-06-07T14:12:27.041+0000] {processor.py:161} INFO - Started process (PID=1326) to work on /home/airflow/.local/lib/python3.12/site-packages/airflow/example_dags/example_complex.py
[2024-06-07T14:12:27.043+0000] {processor.py:830} INFO - Processing file /home/airflow/.local/lib/python3.12/site-packages/airflow/example_dags/example_complex.py for tasks to queue
[2024-06-07T14:12:27.050+0000] {logging_mixin.py:188} INFO - [2024-06-07T14:12:27.049+0000] {dagbag.py:545} INFO - Filling up the DagBag from /home/airflow/.local/lib/python3.12/site-packages/airflow/example_dags/example_complex.py
[2024-06-07T14:12:27.116+0000] {processor.py:840} INFO - DAG(s) 'example_complex' retrieved from /home/airflow/.local/lib/python3.12/site-packages/airflow/example_dags/example_complex.py
[2024-06-07T14:12:27.222+0000] {logging_mixin.py:188} INFO - [2024-06-07T14:12:27.222+0000] {dag.py:3096} INFO - Sync 1 DAGs
[2024-06-07T14:12:27.247+0000] {logging_mixin.py:188} INFO - [2024-06-07T14:12:27.247+0000] {dag.py:3954} INFO - Setting next_dagrun for example_complex to None, run_after=None
[2024-06-07T14:12:27.290+0000] {processor.py:183} INFO - Processing /home/airflow/.local/lib/python3.12/site-packages/airflow/example_dags/example_complex.py took 0.282 seconds
[2024-06-07T14:12:58.189+0000] {processor.py:161} INFO - Started process (PID=1387) to work on /home/airflow/.local/lib/python3.12/site-packages/airflow/example_dags/example_complex.py
[2024-06-07T14:12:58.190+0000] {processor.py:830} INFO - Processing file /home/airflow/.local/lib/python3.12/site-packages/airflow/example_dags/example_complex.py for tasks to queue
[2024-06-07T14:12:58.193+0000] {logging_mixin.py:188} INFO - [2024-06-07T14:12:58.192+0000] {dagbag.py:545} INFO - Filling up the DagBag from /home/airflow/.local/lib/python3.12/site-packages/airflow/example_dags/example_complex.py
[2024-06-07T14:12:58.210+0000] {processor.py:840} INFO - DAG(s) 'example_complex' retrieved from /home/airflow/.local/lib/python3.12/site-packages/airflow/example_dags/example_complex.py
[2024-06-07T14:12:58.256+0000] {logging_mixin.py:188} INFO - [2024-06-07T14:12:58.255+0000] {dag.py:3096} INFO - Sync 1 DAGs
[2024-06-07T14:12:58.276+0000] {logging_mixin.py:188} INFO - [2024-06-07T14:12:58.276+0000] {dag.py:3954} INFO - Setting next_dagrun for example_complex to None, run_after=None
[2024-06-07T14:12:58.302+0000] {processor.py:183} INFO - Processing /home/airflow/.local/lib/python3.12/site-packages/airflow/example_dags/example_complex.py took 0.120 seconds
[2024-06-07T14:13:28.704+0000] {processor.py:161} INFO - Started process (PID=1447) to work on /home/airflow/.local/lib/python3.12/site-packages/airflow/example_dags/example_complex.py
[2024-06-07T14:13:28.705+0000] {processor.py:830} INFO - Processing file /home/airflow/.local/lib/python3.12/site-packages/airflow/example_dags/example_complex.py for tasks to queue
[2024-06-07T14:13:28.707+0000] {logging_mixin.py:188} INFO - [2024-06-07T14:13:28.707+0000] {dagbag.py:545} INFO - Filling up the DagBag from /home/airflow/.local/lib/python3.12/site-packages/airflow/example_dags/example_complex.py
[2024-06-07T14:13:28.719+0000] {processor.py:840} INFO - DAG(s) 'example_complex' retrieved from /home/airflow/.local/lib/python3.12/site-packages/airflow/example_dags/example_complex.py
[2024-06-07T14:13:28.755+0000] {logging_mixin.py:188} INFO - [2024-06-07T14:13:28.755+0000] {dag.py:3096} INFO - Sync 1 DAGs
[2024-06-07T14:13:28.769+0000] {logging_mixin.py:188} INFO - [2024-06-07T14:13:28.768+0000] {dag.py:3954} INFO - Setting next_dagrun for example_complex to None, run_after=None
[2024-06-07T14:13:28.797+0000] {processor.py:183} INFO - Processing /home/airflow/.local/lib/python3.12/site-packages/airflow/example_dags/example_complex.py took 0.098 seconds
[2024-06-07T14:13:58.929+0000] {processor.py:161} INFO - Started process (PID=1506) to work on /home/airflow/.local/lib/python3.12/site-packages/airflow/example_dags/example_complex.py
[2024-06-07T14:13:58.931+0000] {processor.py:830} INFO - Processing file /home/airflow/.local/lib/python3.12/site-packages/airflow/example_dags/example_complex.py for tasks to queue
[2024-06-07T14:13:58.933+0000] {logging_mixin.py:188} INFO - [2024-06-07T14:13:58.933+0000] {dagbag.py:545} INFO - Filling up the DagBag from /home/airflow/.local/lib/python3.12/site-packages/airflow/example_dags/example_complex.py
[2024-06-07T14:13:58.946+0000] {processor.py:840} INFO - DAG(s) 'example_complex' retrieved from /home/airflow/.local/lib/python3.12/site-packages/airflow/example_dags/example_complex.py
[2024-06-07T14:13:58.992+0000] {logging_mixin.py:188} INFO - [2024-06-07T14:13:58.992+0000] {dag.py:3096} INFO - Sync 1 DAGs
[2024-06-07T14:13:59.011+0000] {logging_mixin.py:188} INFO - [2024-06-07T14:13:59.011+0000] {dag.py:3954} INFO - Setting next_dagrun for example_complex to None, run_after=None
[2024-06-07T14:13:59.040+0000] {processor.py:183} INFO - Processing /home/airflow/.local/lib/python3.12/site-packages/airflow/example_dags/example_complex.py took 0.118 seconds
[2024-06-07T14:14:29.106+0000] {processor.py:161} INFO - Started process (PID=1566) to work on /home/airflow/.local/lib/python3.12/site-packages/airflow/example_dags/example_complex.py
[2024-06-07T14:14:29.107+0000] {processor.py:830} INFO - Processing file /home/airflow/.local/lib/python3.12/site-packages/airflow/example_dags/example_complex.py for tasks to queue
[2024-06-07T14:14:29.109+0000] {logging_mixin.py:188} INFO - [2024-06-07T14:14:29.109+0000] {dagbag.py:545} INFO - Filling up the DagBag from /home/airflow/.local/lib/python3.12/site-packages/airflow/example_dags/example_complex.py
[2024-06-07T14:14:29.122+0000] {processor.py:840} INFO - DAG(s) 'example_complex' retrieved from /home/airflow/.local/lib/python3.12/site-packages/airflow/example_dags/example_complex.py
[2024-06-07T14:14:29.166+0000] {logging_mixin.py:188} INFO - [2024-06-07T14:14:29.166+0000] {dag.py:3096} INFO - Sync 1 DAGs
[2024-06-07T14:14:29.181+0000] {logging_mixin.py:188} INFO - [2024-06-07T14:14:29.181+0000] {dag.py:3954} INFO - Setting next_dagrun for example_complex to None, run_after=None
[2024-06-07T14:14:29.203+0000] {processor.py:183} INFO - Processing /home/airflow/.local/lib/python3.12/site-packages/airflow/example_dags/example_complex.py took 0.104 seconds
[2024-06-07T14:14:59.720+0000] {processor.py:161} INFO - Started process (PID=1627) to work on /home/airflow/.local/lib/python3.12/site-packages/airflow/example_dags/example_complex.py
[2024-06-07T14:14:59.721+0000] {processor.py:830} INFO - Processing file /home/airflow/.local/lib/python3.12/site-packages/airflow/example_dags/example_complex.py for tasks to queue
[2024-06-07T14:14:59.723+0000] {logging_mixin.py:188} INFO - [2024-06-07T14:14:59.723+0000] {dagbag.py:545} INFO - Filling up the DagBag from /home/airflow/.local/lib/python3.12/site-packages/airflow/example_dags/example_complex.py
[2024-06-07T14:14:59.736+0000] {processor.py:840} INFO - DAG(s) 'example_complex' retrieved from /home/airflow/.local/lib/python3.12/site-packages/airflow/example_dags/example_complex.py
[2024-06-07T14:14:59.772+0000] {logging_mixin.py:188} INFO - [2024-06-07T14:14:59.772+0000] {dag.py:3096} INFO - Sync 1 DAGs
[2024-06-07T14:14:59.787+0000] {logging_mixin.py:188} INFO - [2024-06-07T14:14:59.786+0000] {dag.py:3954} INFO - Setting next_dagrun for example_complex to None, run_after=None
[2024-06-07T14:14:59.965+0000] {processor.py:183} INFO - Processing /home/airflow/.local/lib/python3.12/site-packages/airflow/example_dags/example_complex.py took 0.251 seconds
[2024-06-07T14:15:30.517+0000] {processor.py:161} INFO - Started process (PID=1687) to work on /home/airflow/.local/lib/python3.12/site-packages/airflow/example_dags/example_complex.py
[2024-06-07T14:15:30.519+0000] {processor.py:830} INFO - Processing file /home/airflow/.local/lib/python3.12/site-packages/airflow/example_dags/example_complex.py for tasks to queue
[2024-06-07T14:15:30.522+0000] {logging_mixin.py:188} INFO - [2024-06-07T14:15:30.521+0000] {dagbag.py:545} INFO - Filling up the DagBag from /home/airflow/.local/lib/python3.12/site-packages/airflow/example_dags/example_complex.py
[2024-06-07T14:15:30.540+0000] {processor.py:840} INFO - DAG(s) 'example_complex' retrieved from /home/airflow/.local/lib/python3.12/site-packages/airflow/example_dags/example_complex.py
[2024-06-07T14:15:30.610+0000] {logging_mixin.py:188} INFO - [2024-06-07T14:15:30.610+0000] {dag.py:3096} INFO - Sync 1 DAGs
[2024-06-07T14:15:30.631+0000] {logging_mixin.py:188} INFO - [2024-06-07T14:15:30.631+0000] {dag.py:3954} INFO - Setting next_dagrun for example_complex to None, run_after=None
[2024-06-07T14:15:30.672+0000] {processor.py:183} INFO - Processing /home/airflow/.local/lib/python3.12/site-packages/airflow/example_dags/example_complex.py took 0.163 seconds
[2024-06-07T14:16:01.087+0000] {processor.py:161} INFO - Started process (PID=1747) to work on /home/airflow/.local/lib/python3.12/site-packages/airflow/example_dags/example_complex.py
[2024-06-07T14:16:01.088+0000] {processor.py:830} INFO - Processing file /home/airflow/.local/lib/python3.12/site-packages/airflow/example_dags/example_complex.py for tasks to queue
[2024-06-07T14:16:01.090+0000] {logging_mixin.py:188} INFO - [2024-06-07T14:16:01.090+0000] {dagbag.py:545} INFO - Filling up the DagBag from /home/airflow/.local/lib/python3.12/site-packages/airflow/example_dags/example_complex.py
[2024-06-07T14:16:01.104+0000] {processor.py:840} INFO - DAG(s) 'example_complex' retrieved from /home/airflow/.local/lib/python3.12/site-packages/airflow/example_dags/example_complex.py
[2024-06-07T14:16:01.159+0000] {logging_mixin.py:188} INFO - [2024-06-07T14:16:01.158+0000] {dag.py:3096} INFO - Sync 1 DAGs
[2024-06-07T14:16:01.181+0000] {logging_mixin.py:188} INFO - [2024-06-07T14:16:01.181+0000] {dag.py:3954} INFO - Setting next_dagrun for example_complex to None, run_after=None
[2024-06-07T14:16:01.208+0000] {processor.py:183} INFO - Processing /home/airflow/.local/lib/python3.12/site-packages/airflow/example_dags/example_complex.py took 0.128 seconds
[2024-06-07T14:16:31.913+0000] {processor.py:161} INFO - Started process (PID=1807) to work on /home/airflow/.local/lib/python3.12/site-packages/airflow/example_dags/example_complex.py
[2024-06-07T14:16:31.915+0000] {processor.py:830} INFO - Processing file /home/airflow/.local/lib/python3.12/site-packages/airflow/example_dags/example_complex.py for tasks to queue
[2024-06-07T14:16:31.919+0000] {logging_mixin.py:188} INFO - [2024-06-07T14:16:31.917+0000] {dagbag.py:545} INFO - Filling up the DagBag from /home/airflow/.local/lib/python3.12/site-packages/airflow/example_dags/example_complex.py
[2024-06-07T14:16:31.939+0000] {processor.py:840} INFO - DAG(s) 'example_complex' retrieved from /home/airflow/.local/lib/python3.12/site-packages/airflow/example_dags/example_complex.py
[2024-06-07T14:16:31.983+0000] {logging_mixin.py:188} INFO - [2024-06-07T14:16:31.983+0000] {dag.py:3096} INFO - Sync 1 DAGs
[2024-06-07T14:16:32.000+0000] {logging_mixin.py:188} INFO - [2024-06-07T14:16:32.000+0000] {dag.py:3954} INFO - Setting next_dagrun for example_complex to None, run_after=None
[2024-06-07T14:16:32.018+0000] {processor.py:183} INFO - Processing /home/airflow/.local/lib/python3.12/site-packages/airflow/example_dags/example_complex.py took 0.114 seconds
[2024-06-07T14:17:02.438+0000] {processor.py:161} INFO - Started process (PID=1867) to work on /home/airflow/.local/lib/python3.12/site-packages/airflow/example_dags/example_complex.py
[2024-06-07T14:17:02.439+0000] {processor.py:830} INFO - Processing file /home/airflow/.local/lib/python3.12/site-packages/airflow/example_dags/example_complex.py for tasks to queue
[2024-06-07T14:17:02.442+0000] {logging_mixin.py:188} INFO - [2024-06-07T14:17:02.442+0000] {dagbag.py:545} INFO - Filling up the DagBag from /home/airflow/.local/lib/python3.12/site-packages/airflow/example_dags/example_complex.py
[2024-06-07T14:17:02.465+0000] {processor.py:840} INFO - DAG(s) 'example_complex' retrieved from /home/airflow/.local/lib/python3.12/site-packages/airflow/example_dags/example_complex.py
[2024-06-07T14:17:02.509+0000] {logging_mixin.py:188} INFO - [2024-06-07T14:17:02.509+0000] {dag.py:3096} INFO - Sync 1 DAGs
[2024-06-07T14:17:02.524+0000] {logging_mixin.py:188} INFO - [2024-06-07T14:17:02.524+0000] {dag.py:3954} INFO - Setting next_dagrun for example_complex to None, run_after=None
[2024-06-07T14:17:02.545+0000] {processor.py:183} INFO - Processing /home/airflow/.local/lib/python3.12/site-packages/airflow/example_dags/example_complex.py took 0.120 seconds
[2024-06-07T14:17:32.720+0000] {processor.py:161} INFO - Started process (PID=1926) to work on /home/airflow/.local/lib/python3.12/site-packages/airflow/example_dags/example_complex.py
[2024-06-07T14:17:32.721+0000] {processor.py:830} INFO - Processing file /home/airflow/.local/lib/python3.12/site-packages/airflow/example_dags/example_complex.py for tasks to queue
[2024-06-07T14:17:32.723+0000] {logging_mixin.py:188} INFO - [2024-06-07T14:17:32.723+0000] {dagbag.py:545} INFO - Filling up the DagBag from /home/airflow/.local/lib/python3.12/site-packages/airflow/example_dags/example_complex.py
[2024-06-07T14:17:32.735+0000] {processor.py:840} INFO - DAG(s) 'example_complex' retrieved from /home/airflow/.local/lib/python3.12/site-packages/airflow/example_dags/example_complex.py
[2024-06-07T14:17:32.772+0000] {logging_mixin.py:188} INFO - [2024-06-07T14:17:32.771+0000] {dag.py:3096} INFO - Sync 1 DAGs
[2024-06-07T14:17:32.785+0000] {logging_mixin.py:188} INFO - [2024-06-07T14:17:32.785+0000] {dag.py:3954} INFO - Setting next_dagrun for example_complex to None, run_after=None
[2024-06-07T14:17:32.807+0000] {processor.py:183} INFO - Processing /home/airflow/.local/lib/python3.12/site-packages/airflow/example_dags/example_complex.py took 0.093 seconds
[2024-06-07T14:18:02.988+0000] {processor.py:161} INFO - Started process (PID=1986) to work on /home/airflow/.local/lib/python3.12/site-packages/airflow/example_dags/example_complex.py
[2024-06-07T14:18:02.989+0000] {processor.py:830} INFO - Processing file /home/airflow/.local/lib/python3.12/site-packages/airflow/example_dags/example_complex.py for tasks to queue
[2024-06-07T14:18:02.992+0000] {logging_mixin.py:188} INFO - [2024-06-07T14:18:02.991+0000] {dagbag.py:545} INFO - Filling up the DagBag from /home/airflow/.local/lib/python3.12/site-packages/airflow/example_dags/example_complex.py
[2024-06-07T14:18:03.007+0000] {processor.py:840} INFO - DAG(s) 'example_complex' retrieved from /home/airflow/.local/lib/python3.12/site-packages/airflow/example_dags/example_complex.py
[2024-06-07T14:18:03.052+0000] {logging_mixin.py:188} INFO - [2024-06-07T14:18:03.052+0000] {dag.py:3096} INFO - Sync 1 DAGs
[2024-06-07T14:18:03.071+0000] {logging_mixin.py:188} INFO - [2024-06-07T14:18:03.070+0000] {dag.py:3954} INFO - Setting next_dagrun for example_complex to None, run_after=None
[2024-06-07T14:18:03.094+0000] {processor.py:183} INFO - Processing /home/airflow/.local/lib/python3.12/site-packages/airflow/example_dags/example_complex.py took 0.113 seconds
[2024-06-07T14:18:33.591+0000] {processor.py:161} INFO - Started process (PID=2047) to work on /home/airflow/.local/lib/python3.12/site-packages/airflow/example_dags/example_complex.py
[2024-06-07T14:18:33.592+0000] {processor.py:830} INFO - Processing file /home/airflow/.local/lib/python3.12/site-packages/airflow/example_dags/example_complex.py for tasks to queue
[2024-06-07T14:18:33.594+0000] {logging_mixin.py:188} INFO - [2024-06-07T14:18:33.594+0000] {dagbag.py:545} INFO - Filling up the DagBag from /home/airflow/.local/lib/python3.12/site-packages/airflow/example_dags/example_complex.py
[2024-06-07T14:18:33.607+0000] {processor.py:840} INFO - DAG(s) 'example_complex' retrieved from /home/airflow/.local/lib/python3.12/site-packages/airflow/example_dags/example_complex.py
[2024-06-07T14:18:33.645+0000] {logging_mixin.py:188} INFO - [2024-06-07T14:18:33.645+0000] {dag.py:3096} INFO - Sync 1 DAGs
[2024-06-07T14:18:33.660+0000] {logging_mixin.py:188} INFO - [2024-06-07T14:18:33.660+0000] {dag.py:3954} INFO - Setting next_dagrun for example_complex to None, run_after=None
[2024-06-07T14:18:33.684+0000] {processor.py:183} INFO - Processing /home/airflow/.local/lib/python3.12/site-packages/airflow/example_dags/example_complex.py took 0.100 seconds
