[2024-06-07T14:01:41.680+0000] {processor.py:161} INFO - Started process (PID=50) to work on /home/airflow/.local/lib/python3.12/site-packages/airflow/example_dags/example_bash_decorator.py
[2024-06-07T14:01:41.682+0000] {processor.py:830} INFO - Processing file /home/airflow/.local/lib/python3.12/site-packages/airflow/example_dags/example_bash_decorator.py for tasks to queue
[2024-06-07T14:01:41.686+0000] {logging_mixin.py:188} INFO - [2024-06-07T14:01:41.685+0000] {dagbag.py:545} INFO - Filling up the DagBag from /home/airflow/.local/lib/python3.12/site-packages/airflow/example_dags/example_bash_decorator.py
[2024-06-07T14:01:41.729+0000] {processor.py:840} INFO - DAG(s) 'example_bash_decorator' retrieved from /home/airflow/.local/lib/python3.12/site-packages/airflow/example_dags/example_bash_decorator.py
[2024-06-07T14:01:41.922+0000] {logging_mixin.py:188} INFO - [2024-06-07T14:01:41.921+0000] {dag.py:3096} INFO - Sync 1 DAGs
[2024-06-07T14:01:41.951+0000] {logging_mixin.py:188} INFO - [2024-06-07T14:01:41.951+0000] {dag.py:3954} INFO - Setting next_dagrun for example_bash_decorator to None, run_after=None
[2024-06-07T14:01:42.056+0000] {processor.py:183} INFO - Processing /home/airflow/.local/lib/python3.12/site-packages/airflow/example_dags/example_bash_decorator.py took 0.389 seconds
[2024-06-07T14:02:13.432+0000] {processor.py:161} INFO - Started process (PID=118) to work on /home/airflow/.local/lib/python3.12/site-packages/airflow/example_dags/example_bash_decorator.py
[2024-06-07T14:02:13.434+0000] {processor.py:830} INFO - Processing file /home/airflow/.local/lib/python3.12/site-packages/airflow/example_dags/example_bash_decorator.py for tasks to queue
[2024-06-07T14:02:13.438+0000] {logging_mixin.py:188} INFO - [2024-06-07T14:02:13.437+0000] {dagbag.py:545} INFO - Filling up the DagBag from /home/airflow/.local/lib/python3.12/site-packages/airflow/example_dags/example_bash_decorator.py
[2024-06-07T14:02:13.466+0000] {processor.py:840} INFO - DAG(s) 'example_bash_decorator' retrieved from /home/airflow/.local/lib/python3.12/site-packages/airflow/example_dags/example_bash_decorator.py
[2024-06-07T14:02:13.505+0000] {logging_mixin.py:188} INFO - [2024-06-07T14:02:13.504+0000] {dag.py:3096} INFO - Sync 1 DAGs
[2024-06-07T14:02:13.529+0000] {logging_mixin.py:188} INFO - [2024-06-07T14:02:13.528+0000] {dag.py:3954} INFO - Setting next_dagrun for example_bash_decorator to None, run_after=None
[2024-06-07T14:02:13.562+0000] {processor.py:183} INFO - Processing /home/airflow/.local/lib/python3.12/site-packages/airflow/example_dags/example_bash_decorator.py took 0.141 seconds
[2024-06-07T14:02:44.335+0000] {processor.py:161} INFO - Started process (PID=182) to work on /home/airflow/.local/lib/python3.12/site-packages/airflow/example_dags/example_bash_decorator.py
[2024-06-07T14:02:44.336+0000] {processor.py:830} INFO - Processing file /home/airflow/.local/lib/python3.12/site-packages/airflow/example_dags/example_bash_decorator.py for tasks to queue
[2024-06-07T14:02:44.339+0000] {logging_mixin.py:188} INFO - [2024-06-07T14:02:44.339+0000] {dagbag.py:545} INFO - Filling up the DagBag from /home/airflow/.local/lib/python3.12/site-packages/airflow/example_dags/example_bash_decorator.py
[2024-06-07T14:02:44.360+0000] {processor.py:840} INFO - DAG(s) 'example_bash_decorator' retrieved from /home/airflow/.local/lib/python3.12/site-packages/airflow/example_dags/example_bash_decorator.py
[2024-06-07T14:02:44.404+0000] {logging_mixin.py:188} INFO - [2024-06-07T14:02:44.404+0000] {dag.py:3096} INFO - Sync 1 DAGs
[2024-06-07T14:02:44.425+0000] {logging_mixin.py:188} INFO - [2024-06-07T14:02:44.425+0000] {dag.py:3954} INFO - Setting next_dagrun for example_bash_decorator to None, run_after=None
[2024-06-07T14:02:44.459+0000] {processor.py:183} INFO - Processing /home/airflow/.local/lib/python3.12/site-packages/airflow/example_dags/example_bash_decorator.py took 0.157 seconds
[2024-06-07T14:03:14.663+0000] {processor.py:161} INFO - Started process (PID=240) to work on /home/airflow/.local/lib/python3.12/site-packages/airflow/example_dags/example_bash_decorator.py
[2024-06-07T14:03:14.665+0000] {processor.py:830} INFO - Processing file /home/airflow/.local/lib/python3.12/site-packages/airflow/example_dags/example_bash_decorator.py for tasks to queue
[2024-06-07T14:03:14.667+0000] {logging_mixin.py:188} INFO - [2024-06-07T14:03:14.667+0000] {dagbag.py:545} INFO - Filling up the DagBag from /home/airflow/.local/lib/python3.12/site-packages/airflow/example_dags/example_bash_decorator.py
[2024-06-07T14:03:14.683+0000] {processor.py:840} INFO - DAG(s) 'example_bash_decorator' retrieved from /home/airflow/.local/lib/python3.12/site-packages/airflow/example_dags/example_bash_decorator.py
[2024-06-07T14:03:14.711+0000] {logging_mixin.py:188} INFO - [2024-06-07T14:03:14.711+0000] {dag.py:3096} INFO - Sync 1 DAGs
[2024-06-07T14:03:14.724+0000] {logging_mixin.py:188} INFO - [2024-06-07T14:03:14.724+0000] {dag.py:3954} INFO - Setting next_dagrun for example_bash_decorator to None, run_after=None
[2024-06-07T14:03:14.751+0000] {processor.py:183} INFO - Processing /home/airflow/.local/lib/python3.12/site-packages/airflow/example_dags/example_bash_decorator.py took 0.094 seconds
[2024-06-07T14:03:45.592+0000] {processor.py:161} INFO - Started process (PID=300) to work on /home/airflow/.local/lib/python3.12/site-packages/airflow/example_dags/example_bash_decorator.py
[2024-06-07T14:03:45.593+0000] {processor.py:830} INFO - Processing file /home/airflow/.local/lib/python3.12/site-packages/airflow/example_dags/example_bash_decorator.py for tasks to queue
[2024-06-07T14:03:45.596+0000] {logging_mixin.py:188} INFO - [2024-06-07T14:03:45.596+0000] {dagbag.py:545} INFO - Filling up the DagBag from /home/airflow/.local/lib/python3.12/site-packages/airflow/example_dags/example_bash_decorator.py
[2024-06-07T14:03:45.610+0000] {processor.py:840} INFO - DAG(s) 'example_bash_decorator' retrieved from /home/airflow/.local/lib/python3.12/site-packages/airflow/example_dags/example_bash_decorator.py
[2024-06-07T14:03:45.637+0000] {logging_mixin.py:188} INFO - [2024-06-07T14:03:45.636+0000] {dag.py:3096} INFO - Sync 1 DAGs
[2024-06-07T14:03:45.652+0000] {logging_mixin.py:188} INFO - [2024-06-07T14:03:45.652+0000] {dag.py:3954} INFO - Setting next_dagrun for example_bash_decorator to None, run_after=None
[2024-06-07T14:03:45.671+0000] {processor.py:183} INFO - Processing /home/airflow/.local/lib/python3.12/site-packages/airflow/example_dags/example_bash_decorator.py took 0.085 seconds
[2024-06-07T14:04:15.730+0000] {processor.py:161} INFO - Started process (PID=359) to work on /home/airflow/.local/lib/python3.12/site-packages/airflow/example_dags/example_bash_decorator.py
[2024-06-07T14:04:15.731+0000] {processor.py:830} INFO - Processing file /home/airflow/.local/lib/python3.12/site-packages/airflow/example_dags/example_bash_decorator.py for tasks to queue
[2024-06-07T14:04:15.734+0000] {logging_mixin.py:188} INFO - [2024-06-07T14:04:15.733+0000] {dagbag.py:545} INFO - Filling up the DagBag from /home/airflow/.local/lib/python3.12/site-packages/airflow/example_dags/example_bash_decorator.py
[2024-06-07T14:04:15.750+0000] {processor.py:840} INFO - DAG(s) 'example_bash_decorator' retrieved from /home/airflow/.local/lib/python3.12/site-packages/airflow/example_dags/example_bash_decorator.py
[2024-06-07T14:04:15.782+0000] {logging_mixin.py:188} INFO - [2024-06-07T14:04:15.781+0000] {dag.py:3096} INFO - Sync 1 DAGs
[2024-06-07T14:04:15.802+0000] {logging_mixin.py:188} INFO - [2024-06-07T14:04:15.802+0000] {dag.py:3954} INFO - Setting next_dagrun for example_bash_decorator to None, run_after=None
[2024-06-07T14:04:15.828+0000] {processor.py:183} INFO - Processing /home/airflow/.local/lib/python3.12/site-packages/airflow/example_dags/example_bash_decorator.py took 0.107 seconds
[2024-06-07T14:04:46.199+0000] {processor.py:161} INFO - Started process (PID=425) to work on /home/airflow/.local/lib/python3.12/site-packages/airflow/example_dags/example_bash_decorator.py
[2024-06-07T14:04:46.200+0000] {processor.py:830} INFO - Processing file /home/airflow/.local/lib/python3.12/site-packages/airflow/example_dags/example_bash_decorator.py for tasks to queue
[2024-06-07T14:04:46.202+0000] {logging_mixin.py:188} INFO - [2024-06-07T14:04:46.202+0000] {dagbag.py:545} INFO - Filling up the DagBag from /home/airflow/.local/lib/python3.12/site-packages/airflow/example_dags/example_bash_decorator.py
[2024-06-07T14:04:46.216+0000] {processor.py:840} INFO - DAG(s) 'example_bash_decorator' retrieved from /home/airflow/.local/lib/python3.12/site-packages/airflow/example_dags/example_bash_decorator.py
[2024-06-07T14:04:46.243+0000] {logging_mixin.py:188} INFO - [2024-06-07T14:04:46.243+0000] {dag.py:3096} INFO - Sync 1 DAGs
[2024-06-07T14:04:46.259+0000] {logging_mixin.py:188} INFO - [2024-06-07T14:04:46.259+0000] {dag.py:3954} INFO - Setting next_dagrun for example_bash_decorator to None, run_after=None
[2024-06-07T14:04:46.278+0000] {processor.py:183} INFO - Processing /home/airflow/.local/lib/python3.12/site-packages/airflow/example_dags/example_bash_decorator.py took 0.086 seconds
[2024-06-07T14:05:16.810+0000] {processor.py:161} INFO - Started process (PID=485) to work on /home/airflow/.local/lib/python3.12/site-packages/airflow/example_dags/example_bash_decorator.py
[2024-06-07T14:05:16.812+0000] {processor.py:830} INFO - Processing file /home/airflow/.local/lib/python3.12/site-packages/airflow/example_dags/example_bash_decorator.py for tasks to queue
[2024-06-07T14:05:16.814+0000] {logging_mixin.py:188} INFO - [2024-06-07T14:05:16.813+0000] {dagbag.py:545} INFO - Filling up the DagBag from /home/airflow/.local/lib/python3.12/site-packages/airflow/example_dags/example_bash_decorator.py
[2024-06-07T14:05:16.827+0000] {processor.py:840} INFO - DAG(s) 'example_bash_decorator' retrieved from /home/airflow/.local/lib/python3.12/site-packages/airflow/example_dags/example_bash_decorator.py
[2024-06-07T14:05:16.858+0000] {logging_mixin.py:188} INFO - [2024-06-07T14:05:16.858+0000] {dag.py:3096} INFO - Sync 1 DAGs
[2024-06-07T14:05:16.871+0000] {logging_mixin.py:188} INFO - [2024-06-07T14:05:16.871+0000] {dag.py:3954} INFO - Setting next_dagrun for example_bash_decorator to None, run_after=None
[2024-06-07T14:05:16.892+0000] {processor.py:183} INFO - Processing /home/airflow/.local/lib/python3.12/site-packages/airflow/example_dags/example_bash_decorator.py took 0.089 seconds
[2024-06-07T14:05:47.541+0000] {processor.py:161} INFO - Started process (PID=546) to work on /home/airflow/.local/lib/python3.12/site-packages/airflow/example_dags/example_bash_decorator.py
[2024-06-07T14:05:47.550+0000] {processor.py:830} INFO - Processing file /home/airflow/.local/lib/python3.12/site-packages/airflow/example_dags/example_bash_decorator.py for tasks to queue
[2024-06-07T14:05:47.561+0000] {logging_mixin.py:188} INFO - [2024-06-07T14:05:47.559+0000] {dagbag.py:545} INFO - Filling up the DagBag from /home/airflow/.local/lib/python3.12/site-packages/airflow/example_dags/example_bash_decorator.py
[2024-06-07T14:05:47.631+0000] {processor.py:840} INFO - DAG(s) 'example_bash_decorator' retrieved from /home/airflow/.local/lib/python3.12/site-packages/airflow/example_dags/example_bash_decorator.py
[2024-06-07T14:05:47.737+0000] {logging_mixin.py:188} INFO - [2024-06-07T14:05:47.736+0000] {dag.py:3096} INFO - Sync 1 DAGs
[2024-06-07T14:05:47.764+0000] {logging_mixin.py:188} INFO - [2024-06-07T14:05:47.763+0000] {dag.py:3954} INFO - Setting next_dagrun for example_bash_decorator to None, run_after=None
[2024-06-07T14:05:47.815+0000] {processor.py:183} INFO - Processing /home/airflow/.local/lib/python3.12/site-packages/airflow/example_dags/example_bash_decorator.py took 0.299 seconds
[2024-06-07T14:06:18.453+0000] {processor.py:161} INFO - Started process (PID=606) to work on /home/airflow/.local/lib/python3.12/site-packages/airflow/example_dags/example_bash_decorator.py
[2024-06-07T14:06:18.454+0000] {processor.py:830} INFO - Processing file /home/airflow/.local/lib/python3.12/site-packages/airflow/example_dags/example_bash_decorator.py for tasks to queue
[2024-06-07T14:06:18.457+0000] {logging_mixin.py:188} INFO - [2024-06-07T14:06:18.456+0000] {dagbag.py:545} INFO - Filling up the DagBag from /home/airflow/.local/lib/python3.12/site-packages/airflow/example_dags/example_bash_decorator.py
[2024-06-07T14:06:18.472+0000] {processor.py:840} INFO - DAG(s) 'example_bash_decorator' retrieved from /home/airflow/.local/lib/python3.12/site-packages/airflow/example_dags/example_bash_decorator.py
[2024-06-07T14:06:18.497+0000] {logging_mixin.py:188} INFO - [2024-06-07T14:06:18.497+0000] {dag.py:3096} INFO - Sync 1 DAGs
[2024-06-07T14:06:18.512+0000] {logging_mixin.py:188} INFO - [2024-06-07T14:06:18.512+0000] {dag.py:3954} INFO - Setting next_dagrun for example_bash_decorator to None, run_after=None
[2024-06-07T14:06:18.533+0000] {processor.py:183} INFO - Processing /home/airflow/.local/lib/python3.12/site-packages/airflow/example_dags/example_bash_decorator.py took 0.086 seconds
[2024-06-07T14:06:49.183+0000] {processor.py:161} INFO - Started process (PID=666) to work on /home/airflow/.local/lib/python3.12/site-packages/airflow/example_dags/example_bash_decorator.py
[2024-06-07T14:06:49.185+0000] {processor.py:830} INFO - Processing file /home/airflow/.local/lib/python3.12/site-packages/airflow/example_dags/example_bash_decorator.py for tasks to queue
[2024-06-07T14:06:49.188+0000] {logging_mixin.py:188} INFO - [2024-06-07T14:06:49.187+0000] {dagbag.py:545} INFO - Filling up the DagBag from /home/airflow/.local/lib/python3.12/site-packages/airflow/example_dags/example_bash_decorator.py
[2024-06-07T14:06:49.208+0000] {processor.py:840} INFO - DAG(s) 'example_bash_decorator' retrieved from /home/airflow/.local/lib/python3.12/site-packages/airflow/example_dags/example_bash_decorator.py
[2024-06-07T14:06:49.238+0000] {logging_mixin.py:188} INFO - [2024-06-07T14:06:49.238+0000] {dag.py:3096} INFO - Sync 1 DAGs
[2024-06-07T14:06:49.256+0000] {logging_mixin.py:188} INFO - [2024-06-07T14:06:49.255+0000] {dag.py:3954} INFO - Setting next_dagrun for example_bash_decorator to None, run_after=None
[2024-06-07T14:06:49.285+0000] {processor.py:183} INFO - Processing /home/airflow/.local/lib/python3.12/site-packages/airflow/example_dags/example_bash_decorator.py took 0.110 seconds
[2024-06-07T14:07:19.509+0000] {processor.py:161} INFO - Started process (PID=726) to work on /home/airflow/.local/lib/python3.12/site-packages/airflow/example_dags/example_bash_decorator.py
[2024-06-07T14:07:19.510+0000] {processor.py:830} INFO - Processing file /home/airflow/.local/lib/python3.12/site-packages/airflow/example_dags/example_bash_decorator.py for tasks to queue
[2024-06-07T14:07:19.513+0000] {logging_mixin.py:188} INFO - [2024-06-07T14:07:19.512+0000] {dagbag.py:545} INFO - Filling up the DagBag from /home/airflow/.local/lib/python3.12/site-packages/airflow/example_dags/example_bash_decorator.py
[2024-06-07T14:07:19.530+0000] {processor.py:840} INFO - DAG(s) 'example_bash_decorator' retrieved from /home/airflow/.local/lib/python3.12/site-packages/airflow/example_dags/example_bash_decorator.py
[2024-06-07T14:07:19.557+0000] {logging_mixin.py:188} INFO - [2024-06-07T14:07:19.556+0000] {dag.py:3096} INFO - Sync 1 DAGs
[2024-06-07T14:07:19.573+0000] {logging_mixin.py:188} INFO - [2024-06-07T14:07:19.573+0000] {dag.py:3954} INFO - Setting next_dagrun for example_bash_decorator to None, run_after=None
[2024-06-07T14:07:19.601+0000] {processor.py:183} INFO - Processing /home/airflow/.local/lib/python3.12/site-packages/airflow/example_dags/example_bash_decorator.py took 0.098 seconds
[2024-06-07T14:07:50.000+0000] {processor.py:161} INFO - Started process (PID=786) to work on /home/airflow/.local/lib/python3.12/site-packages/airflow/example_dags/example_bash_decorator.py
[2024-06-07T14:07:50.001+0000] {processor.py:830} INFO - Processing file /home/airflow/.local/lib/python3.12/site-packages/airflow/example_dags/example_bash_decorator.py for tasks to queue
[2024-06-07T14:07:50.003+0000] {logging_mixin.py:188} INFO - [2024-06-07T14:07:50.003+0000] {dagbag.py:545} INFO - Filling up the DagBag from /home/airflow/.local/lib/python3.12/site-packages/airflow/example_dags/example_bash_decorator.py
[2024-06-07T14:07:50.022+0000] {processor.py:840} INFO - DAG(s) 'example_bash_decorator' retrieved from /home/airflow/.local/lib/python3.12/site-packages/airflow/example_dags/example_bash_decorator.py
[2024-06-07T14:07:50.052+0000] {logging_mixin.py:188} INFO - [2024-06-07T14:07:50.051+0000] {dag.py:3096} INFO - Sync 1 DAGs
[2024-06-07T14:07:50.067+0000] {logging_mixin.py:188} INFO - [2024-06-07T14:07:50.067+0000] {dag.py:3954} INFO - Setting next_dagrun for example_bash_decorator to None, run_after=None
[2024-06-07T14:07:50.094+0000] {processor.py:183} INFO - Processing /home/airflow/.local/lib/python3.12/site-packages/airflow/example_dags/example_bash_decorator.py took 0.100 seconds
[2024-06-07T14:08:20.379+0000] {processor.py:161} INFO - Started process (PID=846) to work on /home/airflow/.local/lib/python3.12/site-packages/airflow/example_dags/example_bash_decorator.py
[2024-06-07T14:08:20.382+0000] {processor.py:830} INFO - Processing file /home/airflow/.local/lib/python3.12/site-packages/airflow/example_dags/example_bash_decorator.py for tasks to queue
[2024-06-07T14:08:20.386+0000] {logging_mixin.py:188} INFO - [2024-06-07T14:08:20.385+0000] {dagbag.py:545} INFO - Filling up the DagBag from /home/airflow/.local/lib/python3.12/site-packages/airflow/example_dags/example_bash_decorator.py
[2024-06-07T14:08:20.434+0000] {processor.py:840} INFO - DAG(s) 'example_bash_decorator' retrieved from /home/airflow/.local/lib/python3.12/site-packages/airflow/example_dags/example_bash_decorator.py
[2024-06-07T14:08:20.536+0000] {logging_mixin.py:188} INFO - [2024-06-07T14:08:20.534+0000] {dag.py:3096} INFO - Sync 1 DAGs
[2024-06-07T14:08:20.570+0000] {logging_mixin.py:188} INFO - [2024-06-07T14:08:20.569+0000] {dag.py:3954} INFO - Setting next_dagrun for example_bash_decorator to None, run_after=None
[2024-06-07T14:08:20.629+0000] {processor.py:183} INFO - Processing /home/airflow/.local/lib/python3.12/site-packages/airflow/example_dags/example_bash_decorator.py took 0.278 seconds
[2024-06-07T14:08:51.079+0000] {processor.py:161} INFO - Started process (PID=906) to work on /home/airflow/.local/lib/python3.12/site-packages/airflow/example_dags/example_bash_decorator.py
[2024-06-07T14:08:51.080+0000] {processor.py:830} INFO - Processing file /home/airflow/.local/lib/python3.12/site-packages/airflow/example_dags/example_bash_decorator.py for tasks to queue
[2024-06-07T14:08:51.082+0000] {logging_mixin.py:188} INFO - [2024-06-07T14:08:51.082+0000] {dagbag.py:545} INFO - Filling up the DagBag from /home/airflow/.local/lib/python3.12/site-packages/airflow/example_dags/example_bash_decorator.py
[2024-06-07T14:08:51.100+0000] {processor.py:840} INFO - DAG(s) 'example_bash_decorator' retrieved from /home/airflow/.local/lib/python3.12/site-packages/airflow/example_dags/example_bash_decorator.py
[2024-06-07T14:08:51.147+0000] {logging_mixin.py:188} INFO - [2024-06-07T14:08:51.146+0000] {dag.py:3096} INFO - Sync 1 DAGs
[2024-06-07T14:08:51.165+0000] {logging_mixin.py:188} INFO - [2024-06-07T14:08:51.165+0000] {dag.py:3954} INFO - Setting next_dagrun for example_bash_decorator to None, run_after=None
[2024-06-07T14:08:51.192+0000] {processor.py:183} INFO - Processing /home/airflow/.local/lib/python3.12/site-packages/airflow/example_dags/example_bash_decorator.py took 0.121 seconds
[2024-06-07T14:09:21.595+0000] {processor.py:161} INFO - Started process (PID=966) to work on /home/airflow/.local/lib/python3.12/site-packages/airflow/example_dags/example_bash_decorator.py
[2024-06-07T14:09:21.597+0000] {processor.py:830} INFO - Processing file /home/airflow/.local/lib/python3.12/site-packages/airflow/example_dags/example_bash_decorator.py for tasks to queue
[2024-06-07T14:09:21.604+0000] {logging_mixin.py:188} INFO - [2024-06-07T14:09:21.603+0000] {dagbag.py:545} INFO - Filling up the DagBag from /home/airflow/.local/lib/python3.12/site-packages/airflow/example_dags/example_bash_decorator.py
[2024-06-07T14:09:21.632+0000] {processor.py:840} INFO - DAG(s) 'example_bash_decorator' retrieved from /home/airflow/.local/lib/python3.12/site-packages/airflow/example_dags/example_bash_decorator.py
[2024-06-07T14:09:21.688+0000] {logging_mixin.py:188} INFO - [2024-06-07T14:09:21.688+0000] {dag.py:3096} INFO - Sync 1 DAGs
[2024-06-07T14:09:21.716+0000] {logging_mixin.py:188} INFO - [2024-06-07T14:09:21.715+0000] {dag.py:3954} INFO - Setting next_dagrun for example_bash_decorator to None, run_after=None
[2024-06-07T14:09:21.766+0000] {processor.py:183} INFO - Processing /home/airflow/.local/lib/python3.12/site-packages/airflow/example_dags/example_bash_decorator.py took 0.204 seconds
[2024-06-07T14:09:51.872+0000] {processor.py:161} INFO - Started process (PID=1026) to work on /home/airflow/.local/lib/python3.12/site-packages/airflow/example_dags/example_bash_decorator.py
[2024-06-07T14:09:51.873+0000] {processor.py:830} INFO - Processing file /home/airflow/.local/lib/python3.12/site-packages/airflow/example_dags/example_bash_decorator.py for tasks to queue
[2024-06-07T14:09:51.875+0000] {logging_mixin.py:188} INFO - [2024-06-07T14:09:51.875+0000] {dagbag.py:545} INFO - Filling up the DagBag from /home/airflow/.local/lib/python3.12/site-packages/airflow/example_dags/example_bash_decorator.py
[2024-06-07T14:09:51.899+0000] {processor.py:840} INFO - DAG(s) 'example_bash_decorator' retrieved from /home/airflow/.local/lib/python3.12/site-packages/airflow/example_dags/example_bash_decorator.py
[2024-06-07T14:09:51.929+0000] {logging_mixin.py:188} INFO - [2024-06-07T14:09:51.929+0000] {dag.py:3096} INFO - Sync 1 DAGs
[2024-06-07T14:09:51.945+0000] {logging_mixin.py:188} INFO - [2024-06-07T14:09:51.945+0000] {dag.py:3954} INFO - Setting next_dagrun for example_bash_decorator to None, run_after=None
[2024-06-07T14:09:51.972+0000] {processor.py:183} INFO - Processing /home/airflow/.local/lib/python3.12/site-packages/airflow/example_dags/example_bash_decorator.py took 0.108 seconds
[2024-06-07T14:10:22.041+0000] {processor.py:161} INFO - Started process (PID=1084) to work on /home/airflow/.local/lib/python3.12/site-packages/airflow/example_dags/example_bash_decorator.py
[2024-06-07T14:10:22.042+0000] {processor.py:830} INFO - Processing file /home/airflow/.local/lib/python3.12/site-packages/airflow/example_dags/example_bash_decorator.py for tasks to queue
[2024-06-07T14:10:22.047+0000] {logging_mixin.py:188} INFO - [2024-06-07T14:10:22.045+0000] {dagbag.py:545} INFO - Filling up the DagBag from /home/airflow/.local/lib/python3.12/site-packages/airflow/example_dags/example_bash_decorator.py
[2024-06-07T14:10:22.064+0000] {processor.py:840} INFO - DAG(s) 'example_bash_decorator' retrieved from /home/airflow/.local/lib/python3.12/site-packages/airflow/example_dags/example_bash_decorator.py
[2024-06-07T14:10:22.094+0000] {logging_mixin.py:188} INFO - [2024-06-07T14:10:22.094+0000] {dag.py:3096} INFO - Sync 1 DAGs
[2024-06-07T14:10:22.108+0000] {logging_mixin.py:188} INFO - [2024-06-07T14:10:22.108+0000] {dag.py:3954} INFO - Setting next_dagrun for example_bash_decorator to None, run_after=None
[2024-06-07T14:10:22.133+0000] {processor.py:183} INFO - Processing /home/airflow/.local/lib/python3.12/site-packages/airflow/example_dags/example_bash_decorator.py took 0.100 seconds
[2024-06-07T14:10:52.232+0000] {processor.py:161} INFO - Started process (PID=1144) to work on /home/airflow/.local/lib/python3.12/site-packages/airflow/example_dags/example_bash_decorator.py
[2024-06-07T14:10:52.233+0000] {processor.py:830} INFO - Processing file /home/airflow/.local/lib/python3.12/site-packages/airflow/example_dags/example_bash_decorator.py for tasks to queue
[2024-06-07T14:10:52.236+0000] {logging_mixin.py:188} INFO - [2024-06-07T14:10:52.235+0000] {dagbag.py:545} INFO - Filling up the DagBag from /home/airflow/.local/lib/python3.12/site-packages/airflow/example_dags/example_bash_decorator.py
[2024-06-07T14:10:52.250+0000] {processor.py:840} INFO - DAG(s) 'example_bash_decorator' retrieved from /home/airflow/.local/lib/python3.12/site-packages/airflow/example_dags/example_bash_decorator.py
[2024-06-07T14:10:52.278+0000] {logging_mixin.py:188} INFO - [2024-06-07T14:10:52.278+0000] {dag.py:3096} INFO - Sync 1 DAGs
[2024-06-07T14:10:52.291+0000] {logging_mixin.py:188} INFO - [2024-06-07T14:10:52.291+0000] {dag.py:3954} INFO - Setting next_dagrun for example_bash_decorator to None, run_after=None
[2024-06-07T14:10:52.309+0000] {processor.py:183} INFO - Processing /home/airflow/.local/lib/python3.12/site-packages/airflow/example_dags/example_bash_decorator.py took 0.084 seconds
[2024-06-07T14:11:22.797+0000] {processor.py:161} INFO - Started process (PID=1204) to work on /home/airflow/.local/lib/python3.12/site-packages/airflow/example_dags/example_bash_decorator.py
[2024-06-07T14:11:22.799+0000] {processor.py:830} INFO - Processing file /home/airflow/.local/lib/python3.12/site-packages/airflow/example_dags/example_bash_decorator.py for tasks to queue
[2024-06-07T14:11:22.802+0000] {logging_mixin.py:188} INFO - [2024-06-07T14:11:22.801+0000] {dagbag.py:545} INFO - Filling up the DagBag from /home/airflow/.local/lib/python3.12/site-packages/airflow/example_dags/example_bash_decorator.py
[2024-06-07T14:11:22.818+0000] {processor.py:840} INFO - DAG(s) 'example_bash_decorator' retrieved from /home/airflow/.local/lib/python3.12/site-packages/airflow/example_dags/example_bash_decorator.py
[2024-06-07T14:11:22.855+0000] {logging_mixin.py:188} INFO - [2024-06-07T14:11:22.854+0000] {dag.py:3096} INFO - Sync 1 DAGs
[2024-06-07T14:11:22.873+0000] {logging_mixin.py:188} INFO - [2024-06-07T14:11:22.873+0000] {dag.py:3954} INFO - Setting next_dagrun for example_bash_decorator to None, run_after=None
[2024-06-07T14:11:22.895+0000] {processor.py:183} INFO - Processing /home/airflow/.local/lib/python3.12/site-packages/airflow/example_dags/example_bash_decorator.py took 0.106 seconds
[2024-06-07T14:11:53.524+0000] {processor.py:161} INFO - Started process (PID=1264) to work on /home/airflow/.local/lib/python3.12/site-packages/airflow/example_dags/example_bash_decorator.py
[2024-06-07T14:11:53.526+0000] {processor.py:830} INFO - Processing file /home/airflow/.local/lib/python3.12/site-packages/airflow/example_dags/example_bash_decorator.py for tasks to queue
[2024-06-07T14:11:53.528+0000] {logging_mixin.py:188} INFO - [2024-06-07T14:11:53.528+0000] {dagbag.py:545} INFO - Filling up the DagBag from /home/airflow/.local/lib/python3.12/site-packages/airflow/example_dags/example_bash_decorator.py
[2024-06-07T14:11:53.547+0000] {processor.py:840} INFO - DAG(s) 'example_bash_decorator' retrieved from /home/airflow/.local/lib/python3.12/site-packages/airflow/example_dags/example_bash_decorator.py
[2024-06-07T14:11:53.579+0000] {logging_mixin.py:188} INFO - [2024-06-07T14:11:53.578+0000] {dag.py:3096} INFO - Sync 1 DAGs
[2024-06-07T14:11:53.597+0000] {logging_mixin.py:188} INFO - [2024-06-07T14:11:53.597+0000] {dag.py:3954} INFO - Setting next_dagrun for example_bash_decorator to None, run_after=None
[2024-06-07T14:11:53.617+0000] {processor.py:183} INFO - Processing /home/airflow/.local/lib/python3.12/site-packages/airflow/example_dags/example_bash_decorator.py took 0.102 seconds
[2024-06-07T14:12:23.776+0000] {processor.py:161} INFO - Started process (PID=1324) to work on /home/airflow/.local/lib/python3.12/site-packages/airflow/example_dags/example_bash_decorator.py
[2024-06-07T14:12:23.777+0000] {processor.py:830} INFO - Processing file /home/airflow/.local/lib/python3.12/site-packages/airflow/example_dags/example_bash_decorator.py for tasks to queue
[2024-06-07T14:12:23.779+0000] {logging_mixin.py:188} INFO - [2024-06-07T14:12:23.779+0000] {dagbag.py:545} INFO - Filling up the DagBag from /home/airflow/.local/lib/python3.12/site-packages/airflow/example_dags/example_bash_decorator.py
[2024-06-07T14:12:23.797+0000] {processor.py:840} INFO - DAG(s) 'example_bash_decorator' retrieved from /home/airflow/.local/lib/python3.12/site-packages/airflow/example_dags/example_bash_decorator.py
[2024-06-07T14:12:23.832+0000] {logging_mixin.py:188} INFO - [2024-06-07T14:12:23.832+0000] {dag.py:3096} INFO - Sync 1 DAGs
[2024-06-07T14:12:23.850+0000] {logging_mixin.py:188} INFO - [2024-06-07T14:12:23.850+0000] {dag.py:3954} INFO - Setting next_dagrun for example_bash_decorator to None, run_after=None
[2024-06-07T14:12:23.872+0000] {processor.py:183} INFO - Processing /home/airflow/.local/lib/python3.12/site-packages/airflow/example_dags/example_bash_decorator.py took 0.106 seconds
[2024-06-07T14:12:54.050+0000] {processor.py:161} INFO - Started process (PID=1384) to work on /home/airflow/.local/lib/python3.12/site-packages/airflow/example_dags/example_bash_decorator.py
[2024-06-07T14:12:54.051+0000] {processor.py:830} INFO - Processing file /home/airflow/.local/lib/python3.12/site-packages/airflow/example_dags/example_bash_decorator.py for tasks to queue
[2024-06-07T14:12:54.053+0000] {logging_mixin.py:188} INFO - [2024-06-07T14:12:54.053+0000] {dagbag.py:545} INFO - Filling up the DagBag from /home/airflow/.local/lib/python3.12/site-packages/airflow/example_dags/example_bash_decorator.py
[2024-06-07T14:12:54.067+0000] {processor.py:840} INFO - DAG(s) 'example_bash_decorator' retrieved from /home/airflow/.local/lib/python3.12/site-packages/airflow/example_dags/example_bash_decorator.py
[2024-06-07T14:12:54.094+0000] {logging_mixin.py:188} INFO - [2024-06-07T14:12:54.093+0000] {dag.py:3096} INFO - Sync 1 DAGs
[2024-06-07T14:12:54.108+0000] {logging_mixin.py:188} INFO - [2024-06-07T14:12:54.108+0000] {dag.py:3954} INFO - Setting next_dagrun for example_bash_decorator to None, run_after=None
[2024-06-07T14:12:54.128+0000] {processor.py:183} INFO - Processing /home/airflow/.local/lib/python3.12/site-packages/airflow/example_dags/example_bash_decorator.py took 0.085 seconds
[2024-06-07T14:13:24.563+0000] {processor.py:161} INFO - Started process (PID=1444) to work on /home/airflow/.local/lib/python3.12/site-packages/airflow/example_dags/example_bash_decorator.py
[2024-06-07T14:13:24.564+0000] {processor.py:830} INFO - Processing file /home/airflow/.local/lib/python3.12/site-packages/airflow/example_dags/example_bash_decorator.py for tasks to queue
[2024-06-07T14:13:24.567+0000] {logging_mixin.py:188} INFO - [2024-06-07T14:13:24.566+0000] {dagbag.py:545} INFO - Filling up the DagBag from /home/airflow/.local/lib/python3.12/site-packages/airflow/example_dags/example_bash_decorator.py
[2024-06-07T14:13:24.585+0000] {processor.py:840} INFO - DAG(s) 'example_bash_decorator' retrieved from /home/airflow/.local/lib/python3.12/site-packages/airflow/example_dags/example_bash_decorator.py
[2024-06-07T14:13:24.615+0000] {logging_mixin.py:188} INFO - [2024-06-07T14:13:24.614+0000] {dag.py:3096} INFO - Sync 1 DAGs
[2024-06-07T14:13:24.628+0000] {logging_mixin.py:188} INFO - [2024-06-07T14:13:24.627+0000] {dag.py:3954} INFO - Setting next_dagrun for example_bash_decorator to None, run_after=None
[2024-06-07T14:13:24.646+0000] {processor.py:183} INFO - Processing /home/airflow/.local/lib/python3.12/site-packages/airflow/example_dags/example_bash_decorator.py took 0.089 seconds
[2024-06-07T14:13:54.780+0000] {processor.py:161} INFO - Started process (PID=1504) to work on /home/airflow/.local/lib/python3.12/site-packages/airflow/example_dags/example_bash_decorator.py
[2024-06-07T14:13:54.781+0000] {processor.py:830} INFO - Processing file /home/airflow/.local/lib/python3.12/site-packages/airflow/example_dags/example_bash_decorator.py for tasks to queue
[2024-06-07T14:13:54.783+0000] {logging_mixin.py:188} INFO - [2024-06-07T14:13:54.783+0000] {dagbag.py:545} INFO - Filling up the DagBag from /home/airflow/.local/lib/python3.12/site-packages/airflow/example_dags/example_bash_decorator.py
[2024-06-07T14:13:54.798+0000] {processor.py:840} INFO - DAG(s) 'example_bash_decorator' retrieved from /home/airflow/.local/lib/python3.12/site-packages/airflow/example_dags/example_bash_decorator.py
[2024-06-07T14:13:54.826+0000] {logging_mixin.py:188} INFO - [2024-06-07T14:13:54.826+0000] {dag.py:3096} INFO - Sync 1 DAGs
[2024-06-07T14:13:54.841+0000] {logging_mixin.py:188} INFO - [2024-06-07T14:13:54.841+0000] {dag.py:3954} INFO - Setting next_dagrun for example_bash_decorator to None, run_after=None
[2024-06-07T14:13:54.863+0000] {processor.py:183} INFO - Processing /home/airflow/.local/lib/python3.12/site-packages/airflow/example_dags/example_bash_decorator.py took 0.089 seconds
[2024-06-07T14:14:24.978+0000] {processor.py:161} INFO - Started process (PID=1564) to work on /home/airflow/.local/lib/python3.12/site-packages/airflow/example_dags/example_bash_decorator.py
[2024-06-07T14:14:24.979+0000] {processor.py:830} INFO - Processing file /home/airflow/.local/lib/python3.12/site-packages/airflow/example_dags/example_bash_decorator.py for tasks to queue
[2024-06-07T14:14:24.982+0000] {logging_mixin.py:188} INFO - [2024-06-07T14:14:24.982+0000] {dagbag.py:545} INFO - Filling up the DagBag from /home/airflow/.local/lib/python3.12/site-packages/airflow/example_dags/example_bash_decorator.py
[2024-06-07T14:14:25.007+0000] {processor.py:840} INFO - DAG(s) 'example_bash_decorator' retrieved from /home/airflow/.local/lib/python3.12/site-packages/airflow/example_dags/example_bash_decorator.py
[2024-06-07T14:14:25.051+0000] {logging_mixin.py:188} INFO - [2024-06-07T14:14:25.051+0000] {dag.py:3096} INFO - Sync 1 DAGs
[2024-06-07T14:14:25.090+0000] {logging_mixin.py:188} INFO - [2024-06-07T14:14:25.090+0000] {dag.py:3954} INFO - Setting next_dagrun for example_bash_decorator to None, run_after=None
[2024-06-07T14:14:25.154+0000] {processor.py:183} INFO - Processing /home/airflow/.local/lib/python3.12/site-packages/airflow/example_dags/example_bash_decorator.py took 0.189 seconds
[2024-06-07T14:14:55.584+0000] {processor.py:161} INFO - Started process (PID=1624) to work on /home/airflow/.local/lib/python3.12/site-packages/airflow/example_dags/example_bash_decorator.py
[2024-06-07T14:14:55.585+0000] {processor.py:830} INFO - Processing file /home/airflow/.local/lib/python3.12/site-packages/airflow/example_dags/example_bash_decorator.py for tasks to queue
[2024-06-07T14:14:55.587+0000] {logging_mixin.py:188} INFO - [2024-06-07T14:14:55.587+0000] {dagbag.py:545} INFO - Filling up the DagBag from /home/airflow/.local/lib/python3.12/site-packages/airflow/example_dags/example_bash_decorator.py
[2024-06-07T14:14:55.601+0000] {processor.py:840} INFO - DAG(s) 'example_bash_decorator' retrieved from /home/airflow/.local/lib/python3.12/site-packages/airflow/example_dags/example_bash_decorator.py
[2024-06-07T14:14:55.626+0000] {logging_mixin.py:188} INFO - [2024-06-07T14:14:55.626+0000] {dag.py:3096} INFO - Sync 1 DAGs
[2024-06-07T14:14:55.638+0000] {logging_mixin.py:188} INFO - [2024-06-07T14:14:55.638+0000] {dag.py:3954} INFO - Setting next_dagrun for example_bash_decorator to None, run_after=None
[2024-06-07T14:14:55.656+0000] {processor.py:183} INFO - Processing /home/airflow/.local/lib/python3.12/site-packages/airflow/example_dags/example_bash_decorator.py took 0.079 seconds
[2024-06-07T14:15:26.338+0000] {processor.py:161} INFO - Started process (PID=1684) to work on /home/airflow/.local/lib/python3.12/site-packages/airflow/example_dags/example_bash_decorator.py
[2024-06-07T14:15:26.339+0000] {processor.py:830} INFO - Processing file /home/airflow/.local/lib/python3.12/site-packages/airflow/example_dags/example_bash_decorator.py for tasks to queue
[2024-06-07T14:15:26.342+0000] {logging_mixin.py:188} INFO - [2024-06-07T14:15:26.342+0000] {dagbag.py:545} INFO - Filling up the DagBag from /home/airflow/.local/lib/python3.12/site-packages/airflow/example_dags/example_bash_decorator.py
[2024-06-07T14:15:26.362+0000] {processor.py:840} INFO - DAG(s) 'example_bash_decorator' retrieved from /home/airflow/.local/lib/python3.12/site-packages/airflow/example_dags/example_bash_decorator.py
[2024-06-07T14:15:26.404+0000] {logging_mixin.py:188} INFO - [2024-06-07T14:15:26.403+0000] {dag.py:3096} INFO - Sync 1 DAGs
[2024-06-07T14:15:26.418+0000] {logging_mixin.py:188} INFO - [2024-06-07T14:15:26.417+0000] {dag.py:3954} INFO - Setting next_dagrun for example_bash_decorator to None, run_after=None
[2024-06-07T14:15:26.449+0000] {processor.py:183} INFO - Processing /home/airflow/.local/lib/python3.12/site-packages/airflow/example_dags/example_bash_decorator.py took 0.122 seconds
[2024-06-07T14:15:56.940+0000] {processor.py:161} INFO - Started process (PID=1744) to work on /home/airflow/.local/lib/python3.12/site-packages/airflow/example_dags/example_bash_decorator.py
[2024-06-07T14:15:56.941+0000] {processor.py:830} INFO - Processing file /home/airflow/.local/lib/python3.12/site-packages/airflow/example_dags/example_bash_decorator.py for tasks to queue
[2024-06-07T14:15:56.945+0000] {logging_mixin.py:188} INFO - [2024-06-07T14:15:56.944+0000] {dagbag.py:545} INFO - Filling up the DagBag from /home/airflow/.local/lib/python3.12/site-packages/airflow/example_dags/example_bash_decorator.py
[2024-06-07T14:15:56.964+0000] {processor.py:840} INFO - DAG(s) 'example_bash_decorator' retrieved from /home/airflow/.local/lib/python3.12/site-packages/airflow/example_dags/example_bash_decorator.py
[2024-06-07T14:15:56.990+0000] {logging_mixin.py:188} INFO - [2024-06-07T14:15:56.990+0000] {dag.py:3096} INFO - Sync 1 DAGs
[2024-06-07T14:15:57.004+0000] {logging_mixin.py:188} INFO - [2024-06-07T14:15:57.003+0000] {dag.py:3954} INFO - Setting next_dagrun for example_bash_decorator to None, run_after=None
[2024-06-07T14:15:57.020+0000] {processor.py:183} INFO - Processing /home/airflow/.local/lib/python3.12/site-packages/airflow/example_dags/example_bash_decorator.py took 0.089 seconds
[2024-06-07T14:16:27.749+0000] {processor.py:161} INFO - Started process (PID=1804) to work on /home/airflow/.local/lib/python3.12/site-packages/airflow/example_dags/example_bash_decorator.py
[2024-06-07T14:16:27.750+0000] {processor.py:830} INFO - Processing file /home/airflow/.local/lib/python3.12/site-packages/airflow/example_dags/example_bash_decorator.py for tasks to queue
[2024-06-07T14:16:27.752+0000] {logging_mixin.py:188} INFO - [2024-06-07T14:16:27.752+0000] {dagbag.py:545} INFO - Filling up the DagBag from /home/airflow/.local/lib/python3.12/site-packages/airflow/example_dags/example_bash_decorator.py
[2024-06-07T14:16:27.769+0000] {processor.py:840} INFO - DAG(s) 'example_bash_decorator' retrieved from /home/airflow/.local/lib/python3.12/site-packages/airflow/example_dags/example_bash_decorator.py
[2024-06-07T14:16:27.799+0000] {logging_mixin.py:188} INFO - [2024-06-07T14:16:27.799+0000] {dag.py:3096} INFO - Sync 1 DAGs
[2024-06-07T14:16:27.814+0000] {logging_mixin.py:188} INFO - [2024-06-07T14:16:27.814+0000] {dag.py:3954} INFO - Setting next_dagrun for example_bash_decorator to None, run_after=None
[2024-06-07T14:16:27.831+0000] {processor.py:183} INFO - Processing /home/airflow/.local/lib/python3.12/site-packages/airflow/example_dags/example_bash_decorator.py took 0.091 seconds
[2024-06-07T14:16:58.251+0000] {processor.py:161} INFO - Started process (PID=1864) to work on /home/airflow/.local/lib/python3.12/site-packages/airflow/example_dags/example_bash_decorator.py
[2024-06-07T14:16:58.252+0000] {processor.py:830} INFO - Processing file /home/airflow/.local/lib/python3.12/site-packages/airflow/example_dags/example_bash_decorator.py for tasks to queue
[2024-06-07T14:16:58.255+0000] {logging_mixin.py:188} INFO - [2024-06-07T14:16:58.254+0000] {dagbag.py:545} INFO - Filling up the DagBag from /home/airflow/.local/lib/python3.12/site-packages/airflow/example_dags/example_bash_decorator.py
[2024-06-07T14:16:58.273+0000] {processor.py:840} INFO - DAG(s) 'example_bash_decorator' retrieved from /home/airflow/.local/lib/python3.12/site-packages/airflow/example_dags/example_bash_decorator.py
[2024-06-07T14:16:58.312+0000] {logging_mixin.py:188} INFO - [2024-06-07T14:16:58.311+0000] {dag.py:3096} INFO - Sync 1 DAGs
[2024-06-07T14:16:58.334+0000] {logging_mixin.py:188} INFO - [2024-06-07T14:16:58.333+0000] {dag.py:3954} INFO - Setting next_dagrun for example_bash_decorator to None, run_after=None
[2024-06-07T14:16:58.358+0000] {processor.py:183} INFO - Processing /home/airflow/.local/lib/python3.12/site-packages/airflow/example_dags/example_bash_decorator.py took 0.119 seconds
[2024-06-07T14:17:29.061+0000] {processor.py:161} INFO - Started process (PID=1924) to work on /home/airflow/.local/lib/python3.12/site-packages/airflow/example_dags/example_bash_decorator.py
[2024-06-07T14:17:29.062+0000] {processor.py:830} INFO - Processing file /home/airflow/.local/lib/python3.12/site-packages/airflow/example_dags/example_bash_decorator.py for tasks to queue
[2024-06-07T14:17:29.065+0000] {logging_mixin.py:188} INFO - [2024-06-07T14:17:29.064+0000] {dagbag.py:545} INFO - Filling up the DagBag from /home/airflow/.local/lib/python3.12/site-packages/airflow/example_dags/example_bash_decorator.py
[2024-06-07T14:17:29.251+0000] {processor.py:840} INFO - DAG(s) 'example_bash_decorator' retrieved from /home/airflow/.local/lib/python3.12/site-packages/airflow/example_dags/example_bash_decorator.py
[2024-06-07T14:17:29.298+0000] {logging_mixin.py:188} INFO - [2024-06-07T14:17:29.297+0000] {dag.py:3096} INFO - Sync 1 DAGs
[2024-06-07T14:17:29.320+0000] {logging_mixin.py:188} INFO - [2024-06-07T14:17:29.320+0000] {dag.py:3954} INFO - Setting next_dagrun for example_bash_decorator to None, run_after=None
[2024-06-07T14:17:29.344+0000] {processor.py:183} INFO - Processing /home/airflow/.local/lib/python3.12/site-packages/airflow/example_dags/example_bash_decorator.py took 0.289 seconds
[2024-06-07T14:17:59.847+0000] {processor.py:161} INFO - Started process (PID=1984) to work on /home/airflow/.local/lib/python3.12/site-packages/airflow/example_dags/example_bash_decorator.py
[2024-06-07T14:17:59.848+0000] {processor.py:830} INFO - Processing file /home/airflow/.local/lib/python3.12/site-packages/airflow/example_dags/example_bash_decorator.py for tasks to queue
[2024-06-07T14:17:59.851+0000] {logging_mixin.py:188} INFO - [2024-06-07T14:17:59.851+0000] {dagbag.py:545} INFO - Filling up the DagBag from /home/airflow/.local/lib/python3.12/site-packages/airflow/example_dags/example_bash_decorator.py
[2024-06-07T14:17:59.866+0000] {processor.py:840} INFO - DAG(s) 'example_bash_decorator' retrieved from /home/airflow/.local/lib/python3.12/site-packages/airflow/example_dags/example_bash_decorator.py
[2024-06-07T14:17:59.897+0000] {logging_mixin.py:188} INFO - [2024-06-07T14:17:59.896+0000] {dag.py:3096} INFO - Sync 1 DAGs
[2024-06-07T14:17:59.910+0000] {logging_mixin.py:188} INFO - [2024-06-07T14:17:59.910+0000] {dag.py:3954} INFO - Setting next_dagrun for example_bash_decorator to None, run_after=None
[2024-06-07T14:17:59.930+0000] {processor.py:183} INFO - Processing /home/airflow/.local/lib/python3.12/site-packages/airflow/example_dags/example_bash_decorator.py took 0.090 seconds
[2024-06-07T14:18:30.456+0000] {processor.py:161} INFO - Started process (PID=2044) to work on /home/airflow/.local/lib/python3.12/site-packages/airflow/example_dags/example_bash_decorator.py
[2024-06-07T14:18:30.457+0000] {processor.py:830} INFO - Processing file /home/airflow/.local/lib/python3.12/site-packages/airflow/example_dags/example_bash_decorator.py for tasks to queue
[2024-06-07T14:18:30.459+0000] {logging_mixin.py:188} INFO - [2024-06-07T14:18:30.459+0000] {dagbag.py:545} INFO - Filling up the DagBag from /home/airflow/.local/lib/python3.12/site-packages/airflow/example_dags/example_bash_decorator.py
[2024-06-07T14:18:30.474+0000] {processor.py:840} INFO - DAG(s) 'example_bash_decorator' retrieved from /home/airflow/.local/lib/python3.12/site-packages/airflow/example_dags/example_bash_decorator.py
[2024-06-07T14:18:30.500+0000] {logging_mixin.py:188} INFO - [2024-06-07T14:18:30.500+0000] {dag.py:3096} INFO - Sync 1 DAGs
[2024-06-07T14:18:30.514+0000] {logging_mixin.py:188} INFO - [2024-06-07T14:18:30.513+0000] {dag.py:3954} INFO - Setting next_dagrun for example_bash_decorator to None, run_after=None
[2024-06-07T14:18:30.532+0000] {processor.py:183} INFO - Processing /home/airflow/.local/lib/python3.12/site-packages/airflow/example_dags/example_bash_decorator.py took 0.083 seconds
