[2024-06-07T14:01:48.779+0000] {processor.py:161} INFO - Started process (PID=77) to work on /home/airflow/.local/lib/python3.12/site-packages/airflow/example_dags/example_bash_operator.py
[2024-06-07T14:01:48.790+0000] {processor.py:830} INFO - Processing file /home/airflow/.local/lib/python3.12/site-packages/airflow/example_dags/example_bash_operator.py for tasks to queue
[2024-06-07T14:01:48.799+0000] {logging_mixin.py:188} INFO - [2024-06-07T14:01:48.798+0000] {dagbag.py:545} INFO - Filling up the DagBag from /home/airflow/.local/lib/python3.12/site-packages/airflow/example_dags/example_bash_operator.py
[2024-06-07T14:01:48.865+0000] {processor.py:840} INFO - DAG(s) 'example_bash_operator' retrieved from /home/airflow/.local/lib/python3.12/site-packages/airflow/example_dags/example_bash_operator.py
[2024-06-07T14:01:49.414+0000] {logging_mixin.py:188} INFO - [2024-06-07T14:01:49.413+0000] {dag.py:3096} INFO - Sync 1 DAGs
[2024-06-07T14:01:49.483+0000] {logging_mixin.py:188} INFO - [2024-06-07T14:01:49.482+0000] {dag.py:3954} INFO - Setting next_dagrun for example_bash_operator to 2024-06-06 00:00:00+00:00, run_after=2024-06-07 00:00:00+00:00
[2024-06-07T14:01:49.531+0000] {processor.py:183} INFO - Processing /home/airflow/.local/lib/python3.12/site-packages/airflow/example_dags/example_bash_operator.py took 0.774 seconds
[2024-06-07T14:02:20.314+0000] {processor.py:161} INFO - Started process (PID=149) to work on /home/airflow/.local/lib/python3.12/site-packages/airflow/example_dags/example_bash_operator.py
[2024-06-07T14:02:20.316+0000] {processor.py:830} INFO - Processing file /home/airflow/.local/lib/python3.12/site-packages/airflow/example_dags/example_bash_operator.py for tasks to queue
[2024-06-07T14:02:20.322+0000] {logging_mixin.py:188} INFO - [2024-06-07T14:02:20.321+0000] {dagbag.py:545} INFO - Filling up the DagBag from /home/airflow/.local/lib/python3.12/site-packages/airflow/example_dags/example_bash_operator.py
[2024-06-07T14:02:20.352+0000] {processor.py:840} INFO - DAG(s) 'example_bash_operator' retrieved from /home/airflow/.local/lib/python3.12/site-packages/airflow/example_dags/example_bash_operator.py
[2024-06-07T14:02:20.428+0000] {logging_mixin.py:188} INFO - [2024-06-07T14:02:20.427+0000] {dag.py:3096} INFO - Sync 1 DAGs
[2024-06-07T14:02:20.472+0000] {logging_mixin.py:188} INFO - [2024-06-07T14:02:20.472+0000] {dag.py:3954} INFO - Setting next_dagrun for example_bash_operator to 2024-06-06 00:00:00+00:00, run_after=2024-06-07 00:00:00+00:00
[2024-06-07T14:02:20.508+0000] {processor.py:183} INFO - Processing /home/airflow/.local/lib/python3.12/site-packages/airflow/example_dags/example_bash_operator.py took 0.206 seconds
[2024-06-07T14:02:50.777+0000] {processor.py:161} INFO - Started process (PID=209) to work on /home/airflow/.local/lib/python3.12/site-packages/airflow/example_dags/example_bash_operator.py
[2024-06-07T14:02:50.779+0000] {processor.py:830} INFO - Processing file /home/airflow/.local/lib/python3.12/site-packages/airflow/example_dags/example_bash_operator.py for tasks to queue
[2024-06-07T14:02:50.818+0000] {logging_mixin.py:188} INFO - [2024-06-07T14:02:50.814+0000] {dagbag.py:545} INFO - Filling up the DagBag from /home/airflow/.local/lib/python3.12/site-packages/airflow/example_dags/example_bash_operator.py
[2024-06-07T14:02:50.881+0000] {processor.py:840} INFO - DAG(s) 'example_bash_operator' retrieved from /home/airflow/.local/lib/python3.12/site-packages/airflow/example_dags/example_bash_operator.py
[2024-06-07T14:02:51.051+0000] {logging_mixin.py:188} INFO - [2024-06-07T14:02:51.050+0000] {dag.py:3096} INFO - Sync 1 DAGs
[2024-06-07T14:02:51.146+0000] {logging_mixin.py:188} INFO - [2024-06-07T14:02:51.146+0000] {dag.py:3954} INFO - Setting next_dagrun for example_bash_operator to 2024-06-06 00:00:00+00:00, run_after=2024-06-07 00:00:00+00:00
[2024-06-07T14:02:51.274+0000] {processor.py:183} INFO - Processing /home/airflow/.local/lib/python3.12/site-packages/airflow/example_dags/example_bash_operator.py took 0.518 seconds
[2024-06-07T14:03:21.620+0000] {processor.py:161} INFO - Started process (PID=269) to work on /home/airflow/.local/lib/python3.12/site-packages/airflow/example_dags/example_bash_operator.py
[2024-06-07T14:03:21.621+0000] {processor.py:830} INFO - Processing file /home/airflow/.local/lib/python3.12/site-packages/airflow/example_dags/example_bash_operator.py for tasks to queue
[2024-06-07T14:03:21.624+0000] {logging_mixin.py:188} INFO - [2024-06-07T14:03:21.623+0000] {dagbag.py:545} INFO - Filling up the DagBag from /home/airflow/.local/lib/python3.12/site-packages/airflow/example_dags/example_bash_operator.py
[2024-06-07T14:03:21.636+0000] {processor.py:840} INFO - DAG(s) 'example_bash_operator' retrieved from /home/airflow/.local/lib/python3.12/site-packages/airflow/example_dags/example_bash_operator.py
[2024-06-07T14:03:21.672+0000] {logging_mixin.py:188} INFO - [2024-06-07T14:03:21.672+0000] {dag.py:3096} INFO - Sync 1 DAGs
[2024-06-07T14:03:21.708+0000] {logging_mixin.py:188} INFO - [2024-06-07T14:03:21.707+0000] {dag.py:3954} INFO - Setting next_dagrun for example_bash_operator to 2024-06-06 00:00:00+00:00, run_after=2024-06-07 00:00:00+00:00
[2024-06-07T14:03:21.732+0000] {processor.py:183} INFO - Processing /home/airflow/.local/lib/python3.12/site-packages/airflow/example_dags/example_bash_operator.py took 0.123 seconds
[2024-06-07T14:03:51.785+0000] {processor.py:161} INFO - Started process (PID=329) to work on /home/airflow/.local/lib/python3.12/site-packages/airflow/example_dags/example_bash_operator.py
[2024-06-07T14:03:51.787+0000] {processor.py:830} INFO - Processing file /home/airflow/.local/lib/python3.12/site-packages/airflow/example_dags/example_bash_operator.py for tasks to queue
[2024-06-07T14:03:51.789+0000] {logging_mixin.py:188} INFO - [2024-06-07T14:03:51.789+0000] {dagbag.py:545} INFO - Filling up the DagBag from /home/airflow/.local/lib/python3.12/site-packages/airflow/example_dags/example_bash_operator.py
[2024-06-07T14:03:51.802+0000] {processor.py:840} INFO - DAG(s) 'example_bash_operator' retrieved from /home/airflow/.local/lib/python3.12/site-packages/airflow/example_dags/example_bash_operator.py
[2024-06-07T14:03:51.849+0000] {logging_mixin.py:188} INFO - [2024-06-07T14:03:51.849+0000] {dag.py:3096} INFO - Sync 1 DAGs
[2024-06-07T14:03:51.879+0000] {logging_mixin.py:188} INFO - [2024-06-07T14:03:51.879+0000] {dag.py:3954} INFO - Setting next_dagrun for example_bash_operator to 2024-06-06 00:00:00+00:00, run_after=2024-06-07 00:00:00+00:00
[2024-06-07T14:03:51.905+0000] {processor.py:183} INFO - Processing /home/airflow/.local/lib/python3.12/site-packages/airflow/example_dags/example_bash_operator.py took 0.129 seconds
[2024-06-07T14:04:22.796+0000] {processor.py:161} INFO - Started process (PID=389) to work on /home/airflow/.local/lib/python3.12/site-packages/airflow/example_dags/example_bash_operator.py
[2024-06-07T14:04:22.800+0000] {processor.py:830} INFO - Processing file /home/airflow/.local/lib/python3.12/site-packages/airflow/example_dags/example_bash_operator.py for tasks to queue
[2024-06-07T14:04:22.813+0000] {logging_mixin.py:188} INFO - [2024-06-07T14:04:22.812+0000] {dagbag.py:545} INFO - Filling up the DagBag from /home/airflow/.local/lib/python3.12/site-packages/airflow/example_dags/example_bash_operator.py
[2024-06-07T14:04:22.847+0000] {processor.py:840} INFO - DAG(s) 'example_bash_operator' retrieved from /home/airflow/.local/lib/python3.12/site-packages/airflow/example_dags/example_bash_operator.py
[2024-06-07T14:04:22.886+0000] {logging_mixin.py:188} INFO - [2024-06-07T14:04:22.886+0000] {dag.py:3096} INFO - Sync 1 DAGs
[2024-06-07T14:04:22.927+0000] {logging_mixin.py:188} INFO - [2024-06-07T14:04:22.926+0000] {dag.py:3954} INFO - Setting next_dagrun for example_bash_operator to 2024-06-06 00:00:00+00:00, run_after=2024-06-07 00:00:00+00:00
[2024-06-07T14:04:22.958+0000] {processor.py:183} INFO - Processing /home/airflow/.local/lib/python3.12/site-packages/airflow/example_dags/example_bash_operator.py took 0.175 seconds
[2024-06-07T14:04:53.274+0000] {processor.py:161} INFO - Started process (PID=449) to work on /home/airflow/.local/lib/python3.12/site-packages/airflow/example_dags/example_bash_operator.py
[2024-06-07T14:04:53.275+0000] {processor.py:830} INFO - Processing file /home/airflow/.local/lib/python3.12/site-packages/airflow/example_dags/example_bash_operator.py for tasks to queue
[2024-06-07T14:04:53.277+0000] {logging_mixin.py:188} INFO - [2024-06-07T14:04:53.277+0000] {dagbag.py:545} INFO - Filling up the DagBag from /home/airflow/.local/lib/python3.12/site-packages/airflow/example_dags/example_bash_operator.py
[2024-06-07T14:04:53.290+0000] {processor.py:840} INFO - DAG(s) 'example_bash_operator' retrieved from /home/airflow/.local/lib/python3.12/site-packages/airflow/example_dags/example_bash_operator.py
[2024-06-07T14:04:53.320+0000] {logging_mixin.py:188} INFO - [2024-06-07T14:04:53.320+0000] {dag.py:3096} INFO - Sync 1 DAGs
[2024-06-07T14:04:53.343+0000] {logging_mixin.py:188} INFO - [2024-06-07T14:04:53.343+0000] {dag.py:3954} INFO - Setting next_dagrun for example_bash_operator to 2024-06-06 00:00:00+00:00, run_after=2024-06-07 00:00:00+00:00
[2024-06-07T14:04:53.364+0000] {processor.py:183} INFO - Processing /home/airflow/.local/lib/python3.12/site-packages/airflow/example_dags/example_bash_operator.py took 0.096 seconds
[2024-06-07T14:05:23.486+0000] {processor.py:161} INFO - Started process (PID=509) to work on /home/airflow/.local/lib/python3.12/site-packages/airflow/example_dags/example_bash_operator.py
[2024-06-07T14:05:23.487+0000] {processor.py:830} INFO - Processing file /home/airflow/.local/lib/python3.12/site-packages/airflow/example_dags/example_bash_operator.py for tasks to queue
[2024-06-07T14:05:23.490+0000] {logging_mixin.py:188} INFO - [2024-06-07T14:05:23.489+0000] {dagbag.py:545} INFO - Filling up the DagBag from /home/airflow/.local/lib/python3.12/site-packages/airflow/example_dags/example_bash_operator.py
[2024-06-07T14:05:23.505+0000] {processor.py:840} INFO - DAG(s) 'example_bash_operator' retrieved from /home/airflow/.local/lib/python3.12/site-packages/airflow/example_dags/example_bash_operator.py
[2024-06-07T14:05:23.547+0000] {logging_mixin.py:188} INFO - [2024-06-07T14:05:23.547+0000] {dag.py:3096} INFO - Sync 1 DAGs
[2024-06-07T14:05:23.578+0000] {logging_mixin.py:188} INFO - [2024-06-07T14:05:23.578+0000] {dag.py:3954} INFO - Setting next_dagrun for example_bash_operator to 2024-06-06 00:00:00+00:00, run_after=2024-06-07 00:00:00+00:00
[2024-06-07T14:05:23.605+0000] {processor.py:183} INFO - Processing /home/airflow/.local/lib/python3.12/site-packages/airflow/example_dags/example_bash_operator.py took 0.128 seconds
[2024-06-07T14:05:54.543+0000] {processor.py:161} INFO - Started process (PID=570) to work on /home/airflow/.local/lib/python3.12/site-packages/airflow/example_dags/example_bash_operator.py
[2024-06-07T14:05:54.544+0000] {processor.py:830} INFO - Processing file /home/airflow/.local/lib/python3.12/site-packages/airflow/example_dags/example_bash_operator.py for tasks to queue
[2024-06-07T14:05:54.547+0000] {logging_mixin.py:188} INFO - [2024-06-07T14:05:54.547+0000] {dagbag.py:545} INFO - Filling up the DagBag from /home/airflow/.local/lib/python3.12/site-packages/airflow/example_dags/example_bash_operator.py
[2024-06-07T14:05:54.560+0000] {processor.py:840} INFO - DAG(s) 'example_bash_operator' retrieved from /home/airflow/.local/lib/python3.12/site-packages/airflow/example_dags/example_bash_operator.py
[2024-06-07T14:05:54.595+0000] {logging_mixin.py:188} INFO - [2024-06-07T14:05:54.594+0000] {dag.py:3096} INFO - Sync 1 DAGs
[2024-06-07T14:05:54.621+0000] {logging_mixin.py:188} INFO - [2024-06-07T14:05:54.621+0000] {dag.py:3954} INFO - Setting next_dagrun for example_bash_operator to 2024-06-06 00:00:00+00:00, run_after=2024-06-07 00:00:00+00:00
[2024-06-07T14:05:54.644+0000] {processor.py:183} INFO - Processing /home/airflow/.local/lib/python3.12/site-packages/airflow/example_dags/example_bash_operator.py took 0.107 seconds
[2024-06-07T14:06:25.118+0000] {processor.py:161} INFO - Started process (PID=630) to work on /home/airflow/.local/lib/python3.12/site-packages/airflow/example_dags/example_bash_operator.py
[2024-06-07T14:06:25.119+0000] {processor.py:830} INFO - Processing file /home/airflow/.local/lib/python3.12/site-packages/airflow/example_dags/example_bash_operator.py for tasks to queue
[2024-06-07T14:06:25.121+0000] {logging_mixin.py:188} INFO - [2024-06-07T14:06:25.121+0000] {dagbag.py:545} INFO - Filling up the DagBag from /home/airflow/.local/lib/python3.12/site-packages/airflow/example_dags/example_bash_operator.py
[2024-06-07T14:06:25.133+0000] {processor.py:840} INFO - DAG(s) 'example_bash_operator' retrieved from /home/airflow/.local/lib/python3.12/site-packages/airflow/example_dags/example_bash_operator.py
[2024-06-07T14:06:25.163+0000] {logging_mixin.py:188} INFO - [2024-06-07T14:06:25.163+0000] {dag.py:3096} INFO - Sync 1 DAGs
[2024-06-07T14:06:25.189+0000] {logging_mixin.py:188} INFO - [2024-06-07T14:06:25.189+0000] {dag.py:3954} INFO - Setting next_dagrun for example_bash_operator to 2024-06-06 00:00:00+00:00, run_after=2024-06-07 00:00:00+00:00
[2024-06-07T14:06:25.210+0000] {processor.py:183} INFO - Processing /home/airflow/.local/lib/python3.12/site-packages/airflow/example_dags/example_bash_operator.py took 0.097 seconds
[2024-06-07T14:06:55.953+0000] {processor.py:161} INFO - Started process (PID=690) to work on /home/airflow/.local/lib/python3.12/site-packages/airflow/example_dags/example_bash_operator.py
[2024-06-07T14:06:55.954+0000] {processor.py:830} INFO - Processing file /home/airflow/.local/lib/python3.12/site-packages/airflow/example_dags/example_bash_operator.py for tasks to queue
[2024-06-07T14:06:55.956+0000] {logging_mixin.py:188} INFO - [2024-06-07T14:06:55.956+0000] {dagbag.py:545} INFO - Filling up the DagBag from /home/airflow/.local/lib/python3.12/site-packages/airflow/example_dags/example_bash_operator.py
[2024-06-07T14:06:55.968+0000] {processor.py:840} INFO - DAG(s) 'example_bash_operator' retrieved from /home/airflow/.local/lib/python3.12/site-packages/airflow/example_dags/example_bash_operator.py
[2024-06-07T14:06:55.998+0000] {logging_mixin.py:188} INFO - [2024-06-07T14:06:55.998+0000] {dag.py:3096} INFO - Sync 1 DAGs
[2024-06-07T14:06:56.023+0000] {logging_mixin.py:188} INFO - [2024-06-07T14:06:56.023+0000] {dag.py:3954} INFO - Setting next_dagrun for example_bash_operator to 2024-06-06 00:00:00+00:00, run_after=2024-06-07 00:00:00+00:00
[2024-06-07T14:06:56.043+0000] {processor.py:183} INFO - Processing /home/airflow/.local/lib/python3.12/site-packages/airflow/example_dags/example_bash_operator.py took 0.100 seconds
[2024-06-07T14:07:26.218+0000] {processor.py:161} INFO - Started process (PID=750) to work on /home/airflow/.local/lib/python3.12/site-packages/airflow/example_dags/example_bash_operator.py
[2024-06-07T14:07:26.220+0000] {processor.py:830} INFO - Processing file /home/airflow/.local/lib/python3.12/site-packages/airflow/example_dags/example_bash_operator.py for tasks to queue
[2024-06-07T14:07:26.223+0000] {logging_mixin.py:188} INFO - [2024-06-07T14:07:26.222+0000] {dagbag.py:545} INFO - Filling up the DagBag from /home/airflow/.local/lib/python3.12/site-packages/airflow/example_dags/example_bash_operator.py
[2024-06-07T14:07:26.235+0000] {processor.py:840} INFO - DAG(s) 'example_bash_operator' retrieved from /home/airflow/.local/lib/python3.12/site-packages/airflow/example_dags/example_bash_operator.py
[2024-06-07T14:07:26.270+0000] {logging_mixin.py:188} INFO - [2024-06-07T14:07:26.270+0000] {dag.py:3096} INFO - Sync 1 DAGs
[2024-06-07T14:07:26.299+0000] {logging_mixin.py:188} INFO - [2024-06-07T14:07:26.299+0000] {dag.py:3954} INFO - Setting next_dagrun for example_bash_operator to 2024-06-06 00:00:00+00:00, run_after=2024-06-07 00:00:00+00:00
[2024-06-07T14:07:26.318+0000] {processor.py:183} INFO - Processing /home/airflow/.local/lib/python3.12/site-packages/airflow/example_dags/example_bash_operator.py took 0.108 seconds
[2024-06-07T14:07:57.158+0000] {processor.py:161} INFO - Started process (PID=809) to work on /home/airflow/.local/lib/python3.12/site-packages/airflow/example_dags/example_bash_operator.py
[2024-06-07T14:07:57.160+0000] {processor.py:830} INFO - Processing file /home/airflow/.local/lib/python3.12/site-packages/airflow/example_dags/example_bash_operator.py for tasks to queue
[2024-06-07T14:07:57.168+0000] {logging_mixin.py:188} INFO - [2024-06-07T14:07:57.167+0000] {dagbag.py:545} INFO - Filling up the DagBag from /home/airflow/.local/lib/python3.12/site-packages/airflow/example_dags/example_bash_operator.py
[2024-06-07T14:07:57.222+0000] {processor.py:840} INFO - DAG(s) 'example_bash_operator' retrieved from /home/airflow/.local/lib/python3.12/site-packages/airflow/example_dags/example_bash_operator.py
[2024-06-07T14:07:57.311+0000] {logging_mixin.py:188} INFO - [2024-06-07T14:07:57.309+0000] {dag.py:3096} INFO - Sync 1 DAGs
[2024-06-07T14:07:57.389+0000] {logging_mixin.py:188} INFO - [2024-06-07T14:07:57.389+0000] {dag.py:3954} INFO - Setting next_dagrun for example_bash_operator to 2024-06-06 00:00:00+00:00, run_after=2024-06-07 00:00:00+00:00
[2024-06-07T14:07:57.437+0000] {processor.py:183} INFO - Processing /home/airflow/.local/lib/python3.12/site-packages/airflow/example_dags/example_bash_operator.py took 0.307 seconds
[2024-06-07T14:08:28.139+0000] {processor.py:161} INFO - Started process (PID=868) to work on /home/airflow/.local/lib/python3.12/site-packages/airflow/example_dags/example_bash_operator.py
[2024-06-07T14:08:28.140+0000] {processor.py:830} INFO - Processing file /home/airflow/.local/lib/python3.12/site-packages/airflow/example_dags/example_bash_operator.py for tasks to queue
[2024-06-07T14:08:28.142+0000] {logging_mixin.py:188} INFO - [2024-06-07T14:08:28.142+0000] {dagbag.py:545} INFO - Filling up the DagBag from /home/airflow/.local/lib/python3.12/site-packages/airflow/example_dags/example_bash_operator.py
[2024-06-07T14:08:28.155+0000] {processor.py:840} INFO - DAG(s) 'example_bash_operator' retrieved from /home/airflow/.local/lib/python3.12/site-packages/airflow/example_dags/example_bash_operator.py
[2024-06-07T14:08:28.187+0000] {logging_mixin.py:188} INFO - [2024-06-07T14:08:28.187+0000] {dag.py:3096} INFO - Sync 1 DAGs
[2024-06-07T14:08:28.212+0000] {logging_mixin.py:188} INFO - [2024-06-07T14:08:28.212+0000] {dag.py:3954} INFO - Setting next_dagrun for example_bash_operator to 2024-06-06 00:00:00+00:00, run_after=2024-06-07 00:00:00+00:00
[2024-06-07T14:08:28.237+0000] {processor.py:183} INFO - Processing /home/airflow/.local/lib/python3.12/site-packages/airflow/example_dags/example_bash_operator.py took 0.106 seconds
[2024-06-07T14:08:58.615+0000] {processor.py:161} INFO - Started process (PID=928) to work on /home/airflow/.local/lib/python3.12/site-packages/airflow/example_dags/example_bash_operator.py
[2024-06-07T14:08:58.616+0000] {processor.py:830} INFO - Processing file /home/airflow/.local/lib/python3.12/site-packages/airflow/example_dags/example_bash_operator.py for tasks to queue
[2024-06-07T14:08:58.618+0000] {logging_mixin.py:188} INFO - [2024-06-07T14:08:58.618+0000] {dagbag.py:545} INFO - Filling up the DagBag from /home/airflow/.local/lib/python3.12/site-packages/airflow/example_dags/example_bash_operator.py
[2024-06-07T14:08:58.632+0000] {processor.py:840} INFO - DAG(s) 'example_bash_operator' retrieved from /home/airflow/.local/lib/python3.12/site-packages/airflow/example_dags/example_bash_operator.py
[2024-06-07T14:08:58.665+0000] {logging_mixin.py:188} INFO - [2024-06-07T14:08:58.664+0000] {dag.py:3096} INFO - Sync 1 DAGs
[2024-06-07T14:08:58.694+0000] {logging_mixin.py:188} INFO - [2024-06-07T14:08:58.694+0000] {dag.py:3954} INFO - Setting next_dagrun for example_bash_operator to 2024-06-06 00:00:00+00:00, run_after=2024-06-07 00:00:00+00:00
[2024-06-07T14:08:58.719+0000] {processor.py:183} INFO - Processing /home/airflow/.local/lib/python3.12/site-packages/airflow/example_dags/example_bash_operator.py took 0.111 seconds
[2024-06-07T14:09:29.255+0000] {processor.py:161} INFO - Started process (PID=988) to work on /home/airflow/.local/lib/python3.12/site-packages/airflow/example_dags/example_bash_operator.py
[2024-06-07T14:09:29.256+0000] {processor.py:830} INFO - Processing file /home/airflow/.local/lib/python3.12/site-packages/airflow/example_dags/example_bash_operator.py for tasks to queue
[2024-06-07T14:09:29.258+0000] {logging_mixin.py:188} INFO - [2024-06-07T14:09:29.258+0000] {dagbag.py:545} INFO - Filling up the DagBag from /home/airflow/.local/lib/python3.12/site-packages/airflow/example_dags/example_bash_operator.py
[2024-06-07T14:09:29.270+0000] {processor.py:840} INFO - DAG(s) 'example_bash_operator' retrieved from /home/airflow/.local/lib/python3.12/site-packages/airflow/example_dags/example_bash_operator.py
[2024-06-07T14:09:29.305+0000] {logging_mixin.py:188} INFO - [2024-06-07T14:09:29.305+0000] {dag.py:3096} INFO - Sync 1 DAGs
[2024-06-07T14:09:29.333+0000] {logging_mixin.py:188} INFO - [2024-06-07T14:09:29.333+0000] {dag.py:3954} INFO - Setting next_dagrun for example_bash_operator to 2024-06-06 00:00:00+00:00, run_after=2024-06-07 00:00:00+00:00
[2024-06-07T14:09:29.356+0000] {processor.py:183} INFO - Processing /home/airflow/.local/lib/python3.12/site-packages/airflow/example_dags/example_bash_operator.py took 0.107 seconds
[2024-06-07T14:09:59.613+0000] {processor.py:161} INFO - Started process (PID=1050) to work on /home/airflow/.local/lib/python3.12/site-packages/airflow/example_dags/example_bash_operator.py
[2024-06-07T14:09:59.616+0000] {processor.py:830} INFO - Processing file /home/airflow/.local/lib/python3.12/site-packages/airflow/example_dags/example_bash_operator.py for tasks to queue
[2024-06-07T14:09:59.624+0000] {logging_mixin.py:188} INFO - [2024-06-07T14:09:59.620+0000] {dagbag.py:545} INFO - Filling up the DagBag from /home/airflow/.local/lib/python3.12/site-packages/airflow/example_dags/example_bash_operator.py
[2024-06-07T14:09:59.667+0000] {processor.py:840} INFO - DAG(s) 'example_bash_operator' retrieved from /home/airflow/.local/lib/python3.12/site-packages/airflow/example_dags/example_bash_operator.py
[2024-06-07T14:09:59.761+0000] {logging_mixin.py:188} INFO - [2024-06-07T14:09:59.760+0000] {dag.py:3096} INFO - Sync 1 DAGs
[2024-06-07T14:09:59.830+0000] {logging_mixin.py:188} INFO - [2024-06-07T14:09:59.830+0000] {dag.py:3954} INFO - Setting next_dagrun for example_bash_operator to 2024-06-06 00:00:00+00:00, run_after=2024-06-07 00:00:00+00:00
[2024-06-07T14:09:59.904+0000] {processor.py:183} INFO - Processing /home/airflow/.local/lib/python3.12/site-packages/airflow/example_dags/example_bash_operator.py took 0.308 seconds
[2024-06-07T14:10:30.526+0000] {processor.py:161} INFO - Started process (PID=1110) to work on /home/airflow/.local/lib/python3.12/site-packages/airflow/example_dags/example_bash_operator.py
[2024-06-07T14:10:30.528+0000] {processor.py:830} INFO - Processing file /home/airflow/.local/lib/python3.12/site-packages/airflow/example_dags/example_bash_operator.py for tasks to queue
[2024-06-07T14:10:30.531+0000] {logging_mixin.py:188} INFO - [2024-06-07T14:10:30.531+0000] {dagbag.py:545} INFO - Filling up the DagBag from /home/airflow/.local/lib/python3.12/site-packages/airflow/example_dags/example_bash_operator.py
[2024-06-07T14:10:30.545+0000] {processor.py:840} INFO - DAG(s) 'example_bash_operator' retrieved from /home/airflow/.local/lib/python3.12/site-packages/airflow/example_dags/example_bash_operator.py
[2024-06-07T14:10:30.582+0000] {logging_mixin.py:188} INFO - [2024-06-07T14:10:30.581+0000] {dag.py:3096} INFO - Sync 1 DAGs
[2024-06-07T14:10:30.609+0000] {logging_mixin.py:188} INFO - [2024-06-07T14:10:30.609+0000] {dag.py:3954} INFO - Setting next_dagrun for example_bash_operator to 2024-06-06 00:00:00+00:00, run_after=2024-06-07 00:00:00+00:00
[2024-06-07T14:10:30.638+0000] {processor.py:183} INFO - Processing /home/airflow/.local/lib/python3.12/site-packages/airflow/example_dags/example_bash_operator.py took 0.120 seconds
[2024-06-07T14:11:00.747+0000] {processor.py:161} INFO - Started process (PID=1170) to work on /home/airflow/.local/lib/python3.12/site-packages/airflow/example_dags/example_bash_operator.py
[2024-06-07T14:11:00.749+0000] {processor.py:830} INFO - Processing file /home/airflow/.local/lib/python3.12/site-packages/airflow/example_dags/example_bash_operator.py for tasks to queue
[2024-06-07T14:11:00.752+0000] {logging_mixin.py:188} INFO - [2024-06-07T14:11:00.752+0000] {dagbag.py:545} INFO - Filling up the DagBag from /home/airflow/.local/lib/python3.12/site-packages/airflow/example_dags/example_bash_operator.py
[2024-06-07T14:11:00.770+0000] {processor.py:840} INFO - DAG(s) 'example_bash_operator' retrieved from /home/airflow/.local/lib/python3.12/site-packages/airflow/example_dags/example_bash_operator.py
[2024-06-07T14:11:00.814+0000] {logging_mixin.py:188} INFO - [2024-06-07T14:11:00.814+0000] {dag.py:3096} INFO - Sync 1 DAGs
[2024-06-07T14:11:00.848+0000] {logging_mixin.py:188} INFO - [2024-06-07T14:11:00.848+0000] {dag.py:3954} INFO - Setting next_dagrun for example_bash_operator to 2024-06-06 00:00:00+00:00, run_after=2024-06-07 00:00:00+00:00
[2024-06-07T14:11:00.883+0000] {processor.py:183} INFO - Processing /home/airflow/.local/lib/python3.12/site-packages/airflow/example_dags/example_bash_operator.py took 0.144 seconds
[2024-06-07T14:11:31.372+0000] {processor.py:161} INFO - Started process (PID=1230) to work on /home/airflow/.local/lib/python3.12/site-packages/airflow/example_dags/example_bash_operator.py
[2024-06-07T14:11:31.375+0000] {processor.py:830} INFO - Processing file /home/airflow/.local/lib/python3.12/site-packages/airflow/example_dags/example_bash_operator.py for tasks to queue
[2024-06-07T14:11:31.380+0000] {logging_mixin.py:188} INFO - [2024-06-07T14:11:31.379+0000] {dagbag.py:545} INFO - Filling up the DagBag from /home/airflow/.local/lib/python3.12/site-packages/airflow/example_dags/example_bash_operator.py
[2024-06-07T14:11:31.402+0000] {processor.py:840} INFO - DAG(s) 'example_bash_operator' retrieved from /home/airflow/.local/lib/python3.12/site-packages/airflow/example_dags/example_bash_operator.py
[2024-06-07T14:11:31.449+0000] {logging_mixin.py:188} INFO - [2024-06-07T14:11:31.448+0000] {dag.py:3096} INFO - Sync 1 DAGs
[2024-06-07T14:11:31.484+0000] {logging_mixin.py:188} INFO - [2024-06-07T14:11:31.484+0000] {dag.py:3954} INFO - Setting next_dagrun for example_bash_operator to 2024-06-06 00:00:00+00:00, run_after=2024-06-07 00:00:00+00:00
[2024-06-07T14:11:31.512+0000] {processor.py:183} INFO - Processing /home/airflow/.local/lib/python3.12/site-packages/airflow/example_dags/example_bash_operator.py took 0.153 seconds
[2024-06-07T14:12:03.498+0000] {processor.py:161} INFO - Started process (PID=1290) to work on /home/airflow/.local/lib/python3.12/site-packages/airflow/example_dags/example_bash_operator.py
[2024-06-07T14:12:03.499+0000] {processor.py:830} INFO - Processing file /home/airflow/.local/lib/python3.12/site-packages/airflow/example_dags/example_bash_operator.py for tasks to queue
[2024-06-07T14:12:03.502+0000] {logging_mixin.py:188} INFO - [2024-06-07T14:12:03.501+0000] {dagbag.py:545} INFO - Filling up the DagBag from /home/airflow/.local/lib/python3.12/site-packages/airflow/example_dags/example_bash_operator.py
[2024-06-07T14:12:03.520+0000] {processor.py:840} INFO - DAG(s) 'example_bash_operator' retrieved from /home/airflow/.local/lib/python3.12/site-packages/airflow/example_dags/example_bash_operator.py
[2024-06-07T14:12:03.558+0000] {logging_mixin.py:188} INFO - [2024-06-07T14:12:03.558+0000] {dag.py:3096} INFO - Sync 1 DAGs
[2024-06-07T14:12:03.635+0000] {logging_mixin.py:188} INFO - [2024-06-07T14:12:03.635+0000] {dag.py:3954} INFO - Setting next_dagrun for example_bash_operator to 2024-06-06 00:00:00+00:00, run_after=2024-06-07 00:00:00+00:00
[2024-06-07T14:12:03.753+0000] {processor.py:183} INFO - Processing /home/airflow/.local/lib/python3.12/site-packages/airflow/example_dags/example_bash_operator.py took 0.266 seconds
[2024-06-07T14:12:33.984+0000] {processor.py:161} INFO - Started process (PID=1350) to work on /home/airflow/.local/lib/python3.12/site-packages/airflow/example_dags/example_bash_operator.py
[2024-06-07T14:12:33.985+0000] {processor.py:830} INFO - Processing file /home/airflow/.local/lib/python3.12/site-packages/airflow/example_dags/example_bash_operator.py for tasks to queue
[2024-06-07T14:12:33.988+0000] {logging_mixin.py:188} INFO - [2024-06-07T14:12:33.987+0000] {dagbag.py:545} INFO - Filling up the DagBag from /home/airflow/.local/lib/python3.12/site-packages/airflow/example_dags/example_bash_operator.py
[2024-06-07T14:12:34.001+0000] {processor.py:840} INFO - DAG(s) 'example_bash_operator' retrieved from /home/airflow/.local/lib/python3.12/site-packages/airflow/example_dags/example_bash_operator.py
[2024-06-07T14:12:34.038+0000] {logging_mixin.py:188} INFO - [2024-06-07T14:12:34.038+0000] {dag.py:3096} INFO - Sync 1 DAGs
[2024-06-07T14:12:34.065+0000] {logging_mixin.py:188} INFO - [2024-06-07T14:12:34.065+0000] {dag.py:3954} INFO - Setting next_dagrun for example_bash_operator to 2024-06-06 00:00:00+00:00, run_after=2024-06-07 00:00:00+00:00
[2024-06-07T14:12:34.085+0000] {processor.py:183} INFO - Processing /home/airflow/.local/lib/python3.12/site-packages/airflow/example_dags/example_bash_operator.py took 0.108 seconds
[2024-06-07T14:13:05.898+0000] {processor.py:161} INFO - Started process (PID=1410) to work on /home/airflow/.local/lib/python3.12/site-packages/airflow/example_dags/example_bash_operator.py
[2024-06-07T14:13:05.901+0000] {processor.py:830} INFO - Processing file /home/airflow/.local/lib/python3.12/site-packages/airflow/example_dags/example_bash_operator.py for tasks to queue
[2024-06-07T14:13:05.906+0000] {logging_mixin.py:188} INFO - [2024-06-07T14:13:05.906+0000] {dagbag.py:545} INFO - Filling up the DagBag from /home/airflow/.local/lib/python3.12/site-packages/airflow/example_dags/example_bash_operator.py
[2024-06-07T14:13:05.947+0000] {processor.py:840} INFO - DAG(s) 'example_bash_operator' retrieved from /home/airflow/.local/lib/python3.12/site-packages/airflow/example_dags/example_bash_operator.py
[2024-06-07T14:13:06.046+0000] {logging_mixin.py:188} INFO - [2024-06-07T14:13:06.042+0000] {dag.py:3096} INFO - Sync 1 DAGs
[2024-06-07T14:13:06.125+0000] {logging_mixin.py:188} INFO - [2024-06-07T14:13:06.125+0000] {dag.py:3954} INFO - Setting next_dagrun for example_bash_operator to 2024-06-06 00:00:00+00:00, run_after=2024-06-07 00:00:00+00:00
[2024-06-07T14:13:06.187+0000] {processor.py:183} INFO - Processing /home/airflow/.local/lib/python3.12/site-packages/airflow/example_dags/example_bash_operator.py took 0.306 seconds
[2024-06-07T14:13:36.985+0000] {processor.py:161} INFO - Started process (PID=1470) to work on /home/airflow/.local/lib/python3.12/site-packages/airflow/example_dags/example_bash_operator.py
[2024-06-07T14:13:36.986+0000] {processor.py:830} INFO - Processing file /home/airflow/.local/lib/python3.12/site-packages/airflow/example_dags/example_bash_operator.py for tasks to queue
[2024-06-07T14:13:36.989+0000] {logging_mixin.py:188} INFO - [2024-06-07T14:13:36.988+0000] {dagbag.py:545} INFO - Filling up the DagBag from /home/airflow/.local/lib/python3.12/site-packages/airflow/example_dags/example_bash_operator.py
[2024-06-07T14:13:37.000+0000] {processor.py:840} INFO - DAG(s) 'example_bash_operator' retrieved from /home/airflow/.local/lib/python3.12/site-packages/airflow/example_dags/example_bash_operator.py
[2024-06-07T14:13:37.030+0000] {logging_mixin.py:188} INFO - [2024-06-07T14:13:37.030+0000] {dag.py:3096} INFO - Sync 1 DAGs
[2024-06-07T14:13:37.054+0000] {logging_mixin.py:188} INFO - [2024-06-07T14:13:37.054+0000] {dag.py:3954} INFO - Setting next_dagrun for example_bash_operator to 2024-06-06 00:00:00+00:00, run_after=2024-06-07 00:00:00+00:00
[2024-06-07T14:13:37.074+0000] {processor.py:183} INFO - Processing /home/airflow/.local/lib/python3.12/site-packages/airflow/example_dags/example_bash_operator.py took 0.098 seconds
[2024-06-07T14:14:07.393+0000] {processor.py:161} INFO - Started process (PID=1530) to work on /home/airflow/.local/lib/python3.12/site-packages/airflow/example_dags/example_bash_operator.py
[2024-06-07T14:14:07.394+0000] {processor.py:830} INFO - Processing file /home/airflow/.local/lib/python3.12/site-packages/airflow/example_dags/example_bash_operator.py for tasks to queue
[2024-06-07T14:14:07.396+0000] {logging_mixin.py:188} INFO - [2024-06-07T14:14:07.396+0000] {dagbag.py:545} INFO - Filling up the DagBag from /home/airflow/.local/lib/python3.12/site-packages/airflow/example_dags/example_bash_operator.py
[2024-06-07T14:14:07.409+0000] {processor.py:840} INFO - DAG(s) 'example_bash_operator' retrieved from /home/airflow/.local/lib/python3.12/site-packages/airflow/example_dags/example_bash_operator.py
[2024-06-07T14:14:07.441+0000] {logging_mixin.py:188} INFO - [2024-06-07T14:14:07.440+0000] {dag.py:3096} INFO - Sync 1 DAGs
[2024-06-07T14:14:07.464+0000] {logging_mixin.py:188} INFO - [2024-06-07T14:14:07.463+0000] {dag.py:3954} INFO - Setting next_dagrun for example_bash_operator to 2024-06-06 00:00:00+00:00, run_after=2024-06-07 00:00:00+00:00
[2024-06-07T14:14:07.485+0000] {processor.py:183} INFO - Processing /home/airflow/.local/lib/python3.12/site-packages/airflow/example_dags/example_bash_operator.py took 0.099 seconds
[2024-06-07T14:14:37.794+0000] {processor.py:161} INFO - Started process (PID=1590) to work on /home/airflow/.local/lib/python3.12/site-packages/airflow/example_dags/example_bash_operator.py
[2024-06-07T14:14:37.796+0000] {processor.py:830} INFO - Processing file /home/airflow/.local/lib/python3.12/site-packages/airflow/example_dags/example_bash_operator.py for tasks to queue
[2024-06-07T14:14:37.799+0000] {logging_mixin.py:188} INFO - [2024-06-07T14:14:37.798+0000] {dagbag.py:545} INFO - Filling up the DagBag from /home/airflow/.local/lib/python3.12/site-packages/airflow/example_dags/example_bash_operator.py
[2024-06-07T14:14:37.811+0000] {processor.py:840} INFO - DAG(s) 'example_bash_operator' retrieved from /home/airflow/.local/lib/python3.12/site-packages/airflow/example_dags/example_bash_operator.py
[2024-06-07T14:14:37.845+0000] {logging_mixin.py:188} INFO - [2024-06-07T14:14:37.845+0000] {dag.py:3096} INFO - Sync 1 DAGs
[2024-06-07T14:14:37.877+0000] {logging_mixin.py:188} INFO - [2024-06-07T14:14:37.876+0000] {dag.py:3954} INFO - Setting next_dagrun for example_bash_operator to 2024-06-06 00:00:00+00:00, run_after=2024-06-07 00:00:00+00:00
[2024-06-07T14:14:37.899+0000] {processor.py:183} INFO - Processing /home/airflow/.local/lib/python3.12/site-packages/airflow/example_dags/example_bash_operator.py took 0.112 seconds
[2024-06-07T14:15:08.738+0000] {processor.py:161} INFO - Started process (PID=1649) to work on /home/airflow/.local/lib/python3.12/site-packages/airflow/example_dags/example_bash_operator.py
[2024-06-07T14:15:08.763+0000] {processor.py:830} INFO - Processing file /home/airflow/.local/lib/python3.12/site-packages/airflow/example_dags/example_bash_operator.py for tasks to queue
[2024-06-07T14:15:08.773+0000] {logging_mixin.py:188} INFO - [2024-06-07T14:15:08.772+0000] {dagbag.py:545} INFO - Filling up the DagBag from /home/airflow/.local/lib/python3.12/site-packages/airflow/example_dags/example_bash_operator.py
[2024-06-07T14:15:08.847+0000] {processor.py:840} INFO - DAG(s) 'example_bash_operator' retrieved from /home/airflow/.local/lib/python3.12/site-packages/airflow/example_dags/example_bash_operator.py
[2024-06-07T14:15:08.926+0000] {logging_mixin.py:188} INFO - [2024-06-07T14:15:08.926+0000] {dag.py:3096} INFO - Sync 1 DAGs
[2024-06-07T14:15:08.996+0000] {logging_mixin.py:188} INFO - [2024-06-07T14:15:08.994+0000] {dag.py:3954} INFO - Setting next_dagrun for example_bash_operator to 2024-06-06 00:00:00+00:00, run_after=2024-06-07 00:00:00+00:00
[2024-06-07T14:15:09.053+0000] {processor.py:183} INFO - Processing /home/airflow/.local/lib/python3.12/site-packages/airflow/example_dags/example_bash_operator.py took 0.364 seconds
[2024-06-07T14:15:39.746+0000] {processor.py:161} INFO - Started process (PID=1708) to work on /home/airflow/.local/lib/python3.12/site-packages/airflow/example_dags/example_bash_operator.py
[2024-06-07T14:15:39.748+0000] {processor.py:830} INFO - Processing file /home/airflow/.local/lib/python3.12/site-packages/airflow/example_dags/example_bash_operator.py for tasks to queue
[2024-06-07T14:15:39.750+0000] {logging_mixin.py:188} INFO - [2024-06-07T14:15:39.750+0000] {dagbag.py:545} INFO - Filling up the DagBag from /home/airflow/.local/lib/python3.12/site-packages/airflow/example_dags/example_bash_operator.py
[2024-06-07T14:15:39.763+0000] {processor.py:840} INFO - DAG(s) 'example_bash_operator' retrieved from /home/airflow/.local/lib/python3.12/site-packages/airflow/example_dags/example_bash_operator.py
[2024-06-07T14:15:39.801+0000] {logging_mixin.py:188} INFO - [2024-06-07T14:15:39.801+0000] {dag.py:3096} INFO - Sync 1 DAGs
[2024-06-07T14:15:39.829+0000] {logging_mixin.py:188} INFO - [2024-06-07T14:15:39.828+0000] {dag.py:3954} INFO - Setting next_dagrun for example_bash_operator to 2024-06-06 00:00:00+00:00, run_after=2024-06-07 00:00:00+00:00
[2024-06-07T14:15:39.852+0000] {processor.py:183} INFO - Processing /home/airflow/.local/lib/python3.12/site-packages/airflow/example_dags/example_bash_operator.py took 0.115 seconds
[2024-06-07T14:16:10.783+0000] {processor.py:161} INFO - Started process (PID=1768) to work on /home/airflow/.local/lib/python3.12/site-packages/airflow/example_dags/example_bash_operator.py
[2024-06-07T14:16:10.785+0000] {processor.py:830} INFO - Processing file /home/airflow/.local/lib/python3.12/site-packages/airflow/example_dags/example_bash_operator.py for tasks to queue
[2024-06-07T14:16:10.787+0000] {logging_mixin.py:188} INFO - [2024-06-07T14:16:10.787+0000] {dagbag.py:545} INFO - Filling up the DagBag from /home/airflow/.local/lib/python3.12/site-packages/airflow/example_dags/example_bash_operator.py
[2024-06-07T14:16:10.799+0000] {processor.py:840} INFO - DAG(s) 'example_bash_operator' retrieved from /home/airflow/.local/lib/python3.12/site-packages/airflow/example_dags/example_bash_operator.py
[2024-06-07T14:16:10.831+0000] {logging_mixin.py:188} INFO - [2024-06-07T14:16:10.831+0000] {dag.py:3096} INFO - Sync 1 DAGs
[2024-06-07T14:16:11.004+0000] {logging_mixin.py:188} INFO - [2024-06-07T14:16:11.003+0000] {dag.py:3954} INFO - Setting next_dagrun for example_bash_operator to 2024-06-06 00:00:00+00:00, run_after=2024-06-07 00:00:00+00:00
[2024-06-07T14:16:11.023+0000] {processor.py:183} INFO - Processing /home/airflow/.local/lib/python3.12/site-packages/airflow/example_dags/example_bash_operator.py took 0.246 seconds
[2024-06-07T14:16:41.639+0000] {processor.py:161} INFO - Started process (PID=1828) to work on /home/airflow/.local/lib/python3.12/site-packages/airflow/example_dags/example_bash_operator.py
[2024-06-07T14:16:41.640+0000] {processor.py:830} INFO - Processing file /home/airflow/.local/lib/python3.12/site-packages/airflow/example_dags/example_bash_operator.py for tasks to queue
[2024-06-07T14:16:41.642+0000] {logging_mixin.py:188} INFO - [2024-06-07T14:16:41.642+0000] {dagbag.py:545} INFO - Filling up the DagBag from /home/airflow/.local/lib/python3.12/site-packages/airflow/example_dags/example_bash_operator.py
[2024-06-07T14:16:41.656+0000] {processor.py:840} INFO - DAG(s) 'example_bash_operator' retrieved from /home/airflow/.local/lib/python3.12/site-packages/airflow/example_dags/example_bash_operator.py
[2024-06-07T14:16:41.688+0000] {logging_mixin.py:188} INFO - [2024-06-07T14:16:41.688+0000] {dag.py:3096} INFO - Sync 1 DAGs
[2024-06-07T14:16:41.713+0000] {logging_mixin.py:188} INFO - [2024-06-07T14:16:41.713+0000] {dag.py:3954} INFO - Setting next_dagrun for example_bash_operator to 2024-06-06 00:00:00+00:00, run_after=2024-06-07 00:00:00+00:00
[2024-06-07T14:16:41.915+0000] {processor.py:183} INFO - Processing /home/airflow/.local/lib/python3.12/site-packages/airflow/example_dags/example_bash_operator.py took 0.283 seconds
[2024-06-07T14:17:12.264+0000] {processor.py:161} INFO - Started process (PID=1888) to work on /home/airflow/.local/lib/python3.12/site-packages/airflow/example_dags/example_bash_operator.py
[2024-06-07T14:17:12.265+0000] {processor.py:830} INFO - Processing file /home/airflow/.local/lib/python3.12/site-packages/airflow/example_dags/example_bash_operator.py for tasks to queue
[2024-06-07T14:17:12.267+0000] {logging_mixin.py:188} INFO - [2024-06-07T14:17:12.267+0000] {dagbag.py:545} INFO - Filling up the DagBag from /home/airflow/.local/lib/python3.12/site-packages/airflow/example_dags/example_bash_operator.py
[2024-06-07T14:17:12.279+0000] {processor.py:840} INFO - DAG(s) 'example_bash_operator' retrieved from /home/airflow/.local/lib/python3.12/site-packages/airflow/example_dags/example_bash_operator.py
[2024-06-07T14:17:12.308+0000] {logging_mixin.py:188} INFO - [2024-06-07T14:17:12.308+0000] {dag.py:3096} INFO - Sync 1 DAGs
[2024-06-07T14:17:12.333+0000] {logging_mixin.py:188} INFO - [2024-06-07T14:17:12.332+0000] {dag.py:3954} INFO - Setting next_dagrun for example_bash_operator to 2024-06-06 00:00:00+00:00, run_after=2024-06-07 00:00:00+00:00
[2024-06-07T14:17:12.485+0000] {processor.py:183} INFO - Processing /home/airflow/.local/lib/python3.12/site-packages/airflow/example_dags/example_bash_operator.py took 0.226 seconds
[2024-06-07T14:17:43.408+0000] {processor.py:161} INFO - Started process (PID=1948) to work on /home/airflow/.local/lib/python3.12/site-packages/airflow/example_dags/example_bash_operator.py
[2024-06-07T14:17:43.409+0000] {processor.py:830} INFO - Processing file /home/airflow/.local/lib/python3.12/site-packages/airflow/example_dags/example_bash_operator.py for tasks to queue
[2024-06-07T14:17:43.411+0000] {logging_mixin.py:188} INFO - [2024-06-07T14:17:43.411+0000] {dagbag.py:545} INFO - Filling up the DagBag from /home/airflow/.local/lib/python3.12/site-packages/airflow/example_dags/example_bash_operator.py
[2024-06-07T14:17:43.429+0000] {processor.py:840} INFO - DAG(s) 'example_bash_operator' retrieved from /home/airflow/.local/lib/python3.12/site-packages/airflow/example_dags/example_bash_operator.py
[2024-06-07T14:17:43.468+0000] {logging_mixin.py:188} INFO - [2024-06-07T14:17:43.468+0000] {dag.py:3096} INFO - Sync 1 DAGs
[2024-06-07T14:17:43.508+0000] {logging_mixin.py:188} INFO - [2024-06-07T14:17:43.508+0000] {dag.py:3954} INFO - Setting next_dagrun for example_bash_operator to 2024-06-06 00:00:00+00:00, run_after=2024-06-07 00:00:00+00:00
[2024-06-07T14:17:43.537+0000] {processor.py:183} INFO - Processing /home/airflow/.local/lib/python3.12/site-packages/airflow/example_dags/example_bash_operator.py took 0.136 seconds
[2024-06-07T14:18:13.723+0000] {processor.py:161} INFO - Started process (PID=2008) to work on /home/airflow/.local/lib/python3.12/site-packages/airflow/example_dags/example_bash_operator.py
[2024-06-07T14:18:13.725+0000] {processor.py:830} INFO - Processing file /home/airflow/.local/lib/python3.12/site-packages/airflow/example_dags/example_bash_operator.py for tasks to queue
[2024-06-07T14:18:13.727+0000] {logging_mixin.py:188} INFO - [2024-06-07T14:18:13.727+0000] {dagbag.py:545} INFO - Filling up the DagBag from /home/airflow/.local/lib/python3.12/site-packages/airflow/example_dags/example_bash_operator.py
[2024-06-07T14:18:13.742+0000] {processor.py:840} INFO - DAG(s) 'example_bash_operator' retrieved from /home/airflow/.local/lib/python3.12/site-packages/airflow/example_dags/example_bash_operator.py
[2024-06-07T14:18:13.781+0000] {logging_mixin.py:188} INFO - [2024-06-07T14:18:13.781+0000] {dag.py:3096} INFO - Sync 1 DAGs
[2024-06-07T14:18:13.807+0000] {logging_mixin.py:188} INFO - [2024-06-07T14:18:13.807+0000] {dag.py:3954} INFO - Setting next_dagrun for example_bash_operator to 2024-06-06 00:00:00+00:00, run_after=2024-06-07 00:00:00+00:00
[2024-06-07T14:18:13.831+0000] {processor.py:183} INFO - Processing /home/airflow/.local/lib/python3.12/site-packages/airflow/example_dags/example_bash_operator.py took 0.117 seconds
