[2024-06-07T14:01:47.584+0000] {processor.py:161} INFO - Started process (PID=75) to work on /home/airflow/.local/lib/python3.12/site-packages/airflow/example_dags/example_nested_branch_dag.py
[2024-06-07T14:01:47.592+0000] {processor.py:830} INFO - Processing file /home/airflow/.local/lib/python3.12/site-packages/airflow/example_dags/example_nested_branch_dag.py for tasks to queue
[2024-06-07T14:01:47.609+0000] {logging_mixin.py:188} INFO - [2024-06-07T14:01:47.609+0000] {dagbag.py:545} INFO - Filling up the DagBag from /home/airflow/.local/lib/python3.12/site-packages/airflow/example_dags/example_nested_branch_dag.py
[2024-06-07T14:01:47.723+0000] {processor.py:840} INFO - DAG(s) 'example_nested_branch_dag' retrieved from /home/airflow/.local/lib/python3.12/site-packages/airflow/example_dags/example_nested_branch_dag.py
[2024-06-07T14:01:48.360+0000] {logging_mixin.py:188} INFO - [2024-06-07T14:01:48.351+0000] {dag.py:3096} INFO - Sync 1 DAGs
[2024-06-07T14:01:48.511+0000] {logging_mixin.py:188} INFO - [2024-06-07T14:01:48.510+0000] {dag.py:3954} INFO - Setting next_dagrun for example_nested_branch_dag to 2024-06-06 00:00:00+00:00, run_after=2024-06-07 00:00:00+00:00
[2024-06-07T14:01:48.647+0000] {processor.py:183} INFO - Processing /home/airflow/.local/lib/python3.12/site-packages/airflow/example_dags/example_nested_branch_dag.py took 1.084 seconds
[2024-06-07T14:02:19.064+0000] {processor.py:161} INFO - Started process (PID=148) to work on /home/airflow/.local/lib/python3.12/site-packages/airflow/example_dags/example_nested_branch_dag.py
[2024-06-07T14:02:19.070+0000] {processor.py:830} INFO - Processing file /home/airflow/.local/lib/python3.12/site-packages/airflow/example_dags/example_nested_branch_dag.py for tasks to queue
[2024-06-07T14:02:19.075+0000] {logging_mixin.py:188} INFO - [2024-06-07T14:02:19.074+0000] {dagbag.py:545} INFO - Filling up the DagBag from /home/airflow/.local/lib/python3.12/site-packages/airflow/example_dags/example_nested_branch_dag.py
[2024-06-07T14:02:19.105+0000] {processor.py:840} INFO - DAG(s) 'example_nested_branch_dag' retrieved from /home/airflow/.local/lib/python3.12/site-packages/airflow/example_dags/example_nested_branch_dag.py
[2024-06-07T14:02:19.206+0000] {logging_mixin.py:188} INFO - [2024-06-07T14:02:19.205+0000] {dag.py:3096} INFO - Sync 1 DAGs
[2024-06-07T14:02:19.275+0000] {logging_mixin.py:188} INFO - [2024-06-07T14:02:19.275+0000] {dag.py:3954} INFO - Setting next_dagrun for example_nested_branch_dag to 2024-06-06 00:00:00+00:00, run_after=2024-06-07 00:00:00+00:00
[2024-06-07T14:02:19.314+0000] {processor.py:183} INFO - Processing /home/airflow/.local/lib/python3.12/site-packages/airflow/example_dags/example_nested_branch_dag.py took 0.278 seconds
[2024-06-07T14:02:49.434+0000] {processor.py:161} INFO - Started process (PID=207) to work on /home/airflow/.local/lib/python3.12/site-packages/airflow/example_dags/example_nested_branch_dag.py
[2024-06-07T14:02:49.435+0000] {processor.py:830} INFO - Processing file /home/airflow/.local/lib/python3.12/site-packages/airflow/example_dags/example_nested_branch_dag.py for tasks to queue
[2024-06-07T14:02:49.438+0000] {logging_mixin.py:188} INFO - [2024-06-07T14:02:49.437+0000] {dagbag.py:545} INFO - Filling up the DagBag from /home/airflow/.local/lib/python3.12/site-packages/airflow/example_dags/example_nested_branch_dag.py
[2024-06-07T14:02:49.468+0000] {processor.py:840} INFO - DAG(s) 'example_nested_branch_dag' retrieved from /home/airflow/.local/lib/python3.12/site-packages/airflow/example_dags/example_nested_branch_dag.py
[2024-06-07T14:02:49.516+0000] {logging_mixin.py:188} INFO - [2024-06-07T14:02:49.515+0000] {dag.py:3096} INFO - Sync 1 DAGs
[2024-06-07T14:02:49.550+0000] {logging_mixin.py:188} INFO - [2024-06-07T14:02:49.550+0000] {dag.py:3954} INFO - Setting next_dagrun for example_nested_branch_dag to 2024-06-06 00:00:00+00:00, run_after=2024-06-07 00:00:00+00:00
[2024-06-07T14:02:49.608+0000] {processor.py:183} INFO - Processing /home/airflow/.local/lib/python3.12/site-packages/airflow/example_dags/example_nested_branch_dag.py took 0.191 seconds
[2024-06-07T14:03:20.406+0000] {processor.py:161} INFO - Started process (PID=267) to work on /home/airflow/.local/lib/python3.12/site-packages/airflow/example_dags/example_nested_branch_dag.py
[2024-06-07T14:03:20.408+0000] {processor.py:830} INFO - Processing file /home/airflow/.local/lib/python3.12/site-packages/airflow/example_dags/example_nested_branch_dag.py for tasks to queue
[2024-06-07T14:03:20.410+0000] {logging_mixin.py:188} INFO - [2024-06-07T14:03:20.410+0000] {dagbag.py:545} INFO - Filling up the DagBag from /home/airflow/.local/lib/python3.12/site-packages/airflow/example_dags/example_nested_branch_dag.py
[2024-06-07T14:03:20.424+0000] {processor.py:840} INFO - DAG(s) 'example_nested_branch_dag' retrieved from /home/airflow/.local/lib/python3.12/site-packages/airflow/example_dags/example_nested_branch_dag.py
[2024-06-07T14:03:20.460+0000] {logging_mixin.py:188} INFO - [2024-06-07T14:03:20.460+0000] {dag.py:3096} INFO - Sync 1 DAGs
[2024-06-07T14:03:20.502+0000] {logging_mixin.py:188} INFO - [2024-06-07T14:03:20.502+0000] {dag.py:3954} INFO - Setting next_dagrun for example_nested_branch_dag to 2024-06-06 00:00:00+00:00, run_after=2024-06-07 00:00:00+00:00
[2024-06-07T14:03:20.533+0000] {processor.py:183} INFO - Processing /home/airflow/.local/lib/python3.12/site-packages/airflow/example_dags/example_nested_branch_dag.py took 0.135 seconds
[2024-06-07T14:03:50.604+0000] {processor.py:161} INFO - Started process (PID=327) to work on /home/airflow/.local/lib/python3.12/site-packages/airflow/example_dags/example_nested_branch_dag.py
[2024-06-07T14:03:50.605+0000] {processor.py:830} INFO - Processing file /home/airflow/.local/lib/python3.12/site-packages/airflow/example_dags/example_nested_branch_dag.py for tasks to queue
[2024-06-07T14:03:50.608+0000] {logging_mixin.py:188} INFO - [2024-06-07T14:03:50.607+0000] {dagbag.py:545} INFO - Filling up the DagBag from /home/airflow/.local/lib/python3.12/site-packages/airflow/example_dags/example_nested_branch_dag.py
[2024-06-07T14:03:50.621+0000] {processor.py:840} INFO - DAG(s) 'example_nested_branch_dag' retrieved from /home/airflow/.local/lib/python3.12/site-packages/airflow/example_dags/example_nested_branch_dag.py
[2024-06-07T14:03:50.665+0000] {logging_mixin.py:188} INFO - [2024-06-07T14:03:50.665+0000] {dag.py:3096} INFO - Sync 1 DAGs
[2024-06-07T14:03:50.697+0000] {logging_mixin.py:188} INFO - [2024-06-07T14:03:50.697+0000] {dag.py:3954} INFO - Setting next_dagrun for example_nested_branch_dag to 2024-06-06 00:00:00+00:00, run_after=2024-06-07 00:00:00+00:00
[2024-06-07T14:03:50.720+0000] {processor.py:183} INFO - Processing /home/airflow/.local/lib/python3.12/site-packages/airflow/example_dags/example_nested_branch_dag.py took 0.122 seconds
[2024-06-07T14:04:21.541+0000] {processor.py:161} INFO - Started process (PID=387) to work on /home/airflow/.local/lib/python3.12/site-packages/airflow/example_dags/example_nested_branch_dag.py
[2024-06-07T14:04:21.542+0000] {processor.py:830} INFO - Processing file /home/airflow/.local/lib/python3.12/site-packages/airflow/example_dags/example_nested_branch_dag.py for tasks to queue
[2024-06-07T14:04:21.545+0000] {logging_mixin.py:188} INFO - [2024-06-07T14:04:21.544+0000] {dagbag.py:545} INFO - Filling up the DagBag from /home/airflow/.local/lib/python3.12/site-packages/airflow/example_dags/example_nested_branch_dag.py
[2024-06-07T14:04:21.558+0000] {processor.py:840} INFO - DAG(s) 'example_nested_branch_dag' retrieved from /home/airflow/.local/lib/python3.12/site-packages/airflow/example_dags/example_nested_branch_dag.py
[2024-06-07T14:04:21.585+0000] {logging_mixin.py:188} INFO - [2024-06-07T14:04:21.584+0000] {dag.py:3096} INFO - Sync 1 DAGs
[2024-06-07T14:04:21.609+0000] {logging_mixin.py:188} INFO - [2024-06-07T14:04:21.609+0000] {dag.py:3954} INFO - Setting next_dagrun for example_nested_branch_dag to 2024-06-06 00:00:00+00:00, run_after=2024-06-07 00:00:00+00:00
[2024-06-07T14:04:21.633+0000] {processor.py:183} INFO - Processing /home/airflow/.local/lib/python3.12/site-packages/airflow/example_dags/example_nested_branch_dag.py took 0.098 seconds
[2024-06-07T14:04:52.125+0000] {processor.py:161} INFO - Started process (PID=447) to work on /home/airflow/.local/lib/python3.12/site-packages/airflow/example_dags/example_nested_branch_dag.py
[2024-06-07T14:04:52.126+0000] {processor.py:830} INFO - Processing file /home/airflow/.local/lib/python3.12/site-packages/airflow/example_dags/example_nested_branch_dag.py for tasks to queue
[2024-06-07T14:04:52.128+0000] {logging_mixin.py:188} INFO - [2024-06-07T14:04:52.128+0000] {dagbag.py:545} INFO - Filling up the DagBag from /home/airflow/.local/lib/python3.12/site-packages/airflow/example_dags/example_nested_branch_dag.py
[2024-06-07T14:04:52.139+0000] {processor.py:840} INFO - DAG(s) 'example_nested_branch_dag' retrieved from /home/airflow/.local/lib/python3.12/site-packages/airflow/example_dags/example_nested_branch_dag.py
[2024-06-07T14:04:52.170+0000] {logging_mixin.py:188} INFO - [2024-06-07T14:04:52.170+0000] {dag.py:3096} INFO - Sync 1 DAGs
[2024-06-07T14:04:52.194+0000] {logging_mixin.py:188} INFO - [2024-06-07T14:04:52.194+0000] {dag.py:3954} INFO - Setting next_dagrun for example_nested_branch_dag to 2024-06-06 00:00:00+00:00, run_after=2024-06-07 00:00:00+00:00
[2024-06-07T14:04:52.215+0000] {processor.py:183} INFO - Processing /home/airflow/.local/lib/python3.12/site-packages/airflow/example_dags/example_nested_branch_dag.py took 0.096 seconds
[2024-06-07T14:05:22.400+0000] {processor.py:161} INFO - Started process (PID=507) to work on /home/airflow/.local/lib/python3.12/site-packages/airflow/example_dags/example_nested_branch_dag.py
[2024-06-07T14:05:22.402+0000] {processor.py:830} INFO - Processing file /home/airflow/.local/lib/python3.12/site-packages/airflow/example_dags/example_nested_branch_dag.py for tasks to queue
[2024-06-07T14:05:22.406+0000] {logging_mixin.py:188} INFO - [2024-06-07T14:05:22.405+0000] {dagbag.py:545} INFO - Filling up the DagBag from /home/airflow/.local/lib/python3.12/site-packages/airflow/example_dags/example_nested_branch_dag.py
[2024-06-07T14:05:22.442+0000] {processor.py:840} INFO - DAG(s) 'example_nested_branch_dag' retrieved from /home/airflow/.local/lib/python3.12/site-packages/airflow/example_dags/example_nested_branch_dag.py
[2024-06-07T14:05:22.504+0000] {logging_mixin.py:188} INFO - [2024-06-07T14:05:22.503+0000] {dag.py:3096} INFO - Sync 1 DAGs
[2024-06-07T14:05:22.622+0000] {logging_mixin.py:188} INFO - [2024-06-07T14:05:22.621+0000] {dag.py:3954} INFO - Setting next_dagrun for example_nested_branch_dag to 2024-06-06 00:00:00+00:00, run_after=2024-06-07 00:00:00+00:00
[2024-06-07T14:05:22.730+0000] {processor.py:183} INFO - Processing /home/airflow/.local/lib/python3.12/site-packages/airflow/example_dags/example_nested_branch_dag.py took 0.347 seconds
[2024-06-07T14:05:53.394+0000] {processor.py:161} INFO - Started process (PID=568) to work on /home/airflow/.local/lib/python3.12/site-packages/airflow/example_dags/example_nested_branch_dag.py
[2024-06-07T14:05:53.396+0000] {processor.py:830} INFO - Processing file /home/airflow/.local/lib/python3.12/site-packages/airflow/example_dags/example_nested_branch_dag.py for tasks to queue
[2024-06-07T14:05:53.398+0000] {logging_mixin.py:188} INFO - [2024-06-07T14:05:53.398+0000] {dagbag.py:545} INFO - Filling up the DagBag from /home/airflow/.local/lib/python3.12/site-packages/airflow/example_dags/example_nested_branch_dag.py
[2024-06-07T14:05:53.411+0000] {processor.py:840} INFO - DAG(s) 'example_nested_branch_dag' retrieved from /home/airflow/.local/lib/python3.12/site-packages/airflow/example_dags/example_nested_branch_dag.py
[2024-06-07T14:05:53.436+0000] {logging_mixin.py:188} INFO - [2024-06-07T14:05:53.436+0000] {dag.py:3096} INFO - Sync 1 DAGs
[2024-06-07T14:05:53.460+0000] {logging_mixin.py:188} INFO - [2024-06-07T14:05:53.460+0000] {dag.py:3954} INFO - Setting next_dagrun for example_nested_branch_dag to 2024-06-06 00:00:00+00:00, run_after=2024-06-07 00:00:00+00:00
[2024-06-07T14:05:53.482+0000] {processor.py:183} INFO - Processing /home/airflow/.local/lib/python3.12/site-packages/airflow/example_dags/example_nested_branch_dag.py took 0.096 seconds
[2024-06-07T14:06:23.885+0000] {processor.py:161} INFO - Started process (PID=627) to work on /home/airflow/.local/lib/python3.12/site-packages/airflow/example_dags/example_nested_branch_dag.py
[2024-06-07T14:06:23.886+0000] {processor.py:830} INFO - Processing file /home/airflow/.local/lib/python3.12/site-packages/airflow/example_dags/example_nested_branch_dag.py for tasks to queue
[2024-06-07T14:06:23.888+0000] {logging_mixin.py:188} INFO - [2024-06-07T14:06:23.888+0000] {dagbag.py:545} INFO - Filling up the DagBag from /home/airflow/.local/lib/python3.12/site-packages/airflow/example_dags/example_nested_branch_dag.py
[2024-06-07T14:06:23.899+0000] {processor.py:840} INFO - DAG(s) 'example_nested_branch_dag' retrieved from /home/airflow/.local/lib/python3.12/site-packages/airflow/example_dags/example_nested_branch_dag.py
[2024-06-07T14:06:23.924+0000] {logging_mixin.py:188} INFO - [2024-06-07T14:06:23.923+0000] {dag.py:3096} INFO - Sync 1 DAGs
[2024-06-07T14:06:23.953+0000] {logging_mixin.py:188} INFO - [2024-06-07T14:06:23.953+0000] {dag.py:3954} INFO - Setting next_dagrun for example_nested_branch_dag to 2024-06-06 00:00:00+00:00, run_after=2024-06-07 00:00:00+00:00
[2024-06-07T14:06:23.974+0000] {processor.py:183} INFO - Processing /home/airflow/.local/lib/python3.12/site-packages/airflow/example_dags/example_nested_branch_dag.py took 0.096 seconds
[2024-06-07T14:06:54.714+0000] {processor.py:161} INFO - Started process (PID=687) to work on /home/airflow/.local/lib/python3.12/site-packages/airflow/example_dags/example_nested_branch_dag.py
[2024-06-07T14:06:54.715+0000] {processor.py:830} INFO - Processing file /home/airflow/.local/lib/python3.12/site-packages/airflow/example_dags/example_nested_branch_dag.py for tasks to queue
[2024-06-07T14:06:54.717+0000] {logging_mixin.py:188} INFO - [2024-06-07T14:06:54.716+0000] {dagbag.py:545} INFO - Filling up the DagBag from /home/airflow/.local/lib/python3.12/site-packages/airflow/example_dags/example_nested_branch_dag.py
[2024-06-07T14:06:54.731+0000] {processor.py:840} INFO - DAG(s) 'example_nested_branch_dag' retrieved from /home/airflow/.local/lib/python3.12/site-packages/airflow/example_dags/example_nested_branch_dag.py
[2024-06-07T14:06:54.754+0000] {logging_mixin.py:188} INFO - [2024-06-07T14:06:54.754+0000] {dag.py:3096} INFO - Sync 1 DAGs
[2024-06-07T14:06:54.779+0000] {logging_mixin.py:188} INFO - [2024-06-07T14:06:54.779+0000] {dag.py:3954} INFO - Setting next_dagrun for example_nested_branch_dag to 2024-06-06 00:00:00+00:00, run_after=2024-06-07 00:00:00+00:00
[2024-06-07T14:06:54.800+0000] {processor.py:183} INFO - Processing /home/airflow/.local/lib/python3.12/site-packages/airflow/example_dags/example_nested_branch_dag.py took 0.092 seconds
[2024-06-07T14:07:25.677+0000] {processor.py:161} INFO - Started process (PID=747) to work on /home/airflow/.local/lib/python3.12/site-packages/airflow/example_dags/example_nested_branch_dag.py
[2024-06-07T14:07:25.678+0000] {processor.py:830} INFO - Processing file /home/airflow/.local/lib/python3.12/site-packages/airflow/example_dags/example_nested_branch_dag.py for tasks to queue
[2024-06-07T14:07:25.680+0000] {logging_mixin.py:188} INFO - [2024-06-07T14:07:25.680+0000] {dagbag.py:545} INFO - Filling up the DagBag from /home/airflow/.local/lib/python3.12/site-packages/airflow/example_dags/example_nested_branch_dag.py
[2024-06-07T14:07:25.693+0000] {processor.py:840} INFO - DAG(s) 'example_nested_branch_dag' retrieved from /home/airflow/.local/lib/python3.12/site-packages/airflow/example_dags/example_nested_branch_dag.py
[2024-06-07T14:07:25.718+0000] {logging_mixin.py:188} INFO - [2024-06-07T14:07:25.718+0000] {dag.py:3096} INFO - Sync 1 DAGs
[2024-06-07T14:07:25.742+0000] {logging_mixin.py:188} INFO - [2024-06-07T14:07:25.742+0000] {dag.py:3954} INFO - Setting next_dagrun for example_nested_branch_dag to 2024-06-06 00:00:00+00:00, run_after=2024-06-07 00:00:00+00:00
[2024-06-07T14:07:25.766+0000] {processor.py:183} INFO - Processing /home/airflow/.local/lib/python3.12/site-packages/airflow/example_dags/example_nested_branch_dag.py took 0.097 seconds
[2024-06-07T14:07:55.827+0000] {processor.py:161} INFO - Started process (PID=806) to work on /home/airflow/.local/lib/python3.12/site-packages/airflow/example_dags/example_nested_branch_dag.py
[2024-06-07T14:07:55.828+0000] {processor.py:830} INFO - Processing file /home/airflow/.local/lib/python3.12/site-packages/airflow/example_dags/example_nested_branch_dag.py for tasks to queue
[2024-06-07T14:07:55.831+0000] {logging_mixin.py:188} INFO - [2024-06-07T14:07:55.830+0000] {dagbag.py:545} INFO - Filling up the DagBag from /home/airflow/.local/lib/python3.12/site-packages/airflow/example_dags/example_nested_branch_dag.py
[2024-06-07T14:07:55.841+0000] {processor.py:840} INFO - DAG(s) 'example_nested_branch_dag' retrieved from /home/airflow/.local/lib/python3.12/site-packages/airflow/example_dags/example_nested_branch_dag.py
[2024-06-07T14:07:55.866+0000] {logging_mixin.py:188} INFO - [2024-06-07T14:07:55.865+0000] {dag.py:3096} INFO - Sync 1 DAGs
[2024-06-07T14:07:55.893+0000] {logging_mixin.py:188} INFO - [2024-06-07T14:07:55.892+0000] {dag.py:3954} INFO - Setting next_dagrun for example_nested_branch_dag to 2024-06-06 00:00:00+00:00, run_after=2024-06-07 00:00:00+00:00
[2024-06-07T14:07:55.915+0000] {processor.py:183} INFO - Processing /home/airflow/.local/lib/python3.12/site-packages/airflow/example_dags/example_nested_branch_dag.py took 0.095 seconds
[2024-06-07T14:08:25.983+0000] {processor.py:161} INFO - Started process (PID=866) to work on /home/airflow/.local/lib/python3.12/site-packages/airflow/example_dags/example_nested_branch_dag.py
[2024-06-07T14:08:25.984+0000] {processor.py:830} INFO - Processing file /home/airflow/.local/lib/python3.12/site-packages/airflow/example_dags/example_nested_branch_dag.py for tasks to queue
[2024-06-07T14:08:25.986+0000] {logging_mixin.py:188} INFO - [2024-06-07T14:08:25.985+0000] {dagbag.py:545} INFO - Filling up the DagBag from /home/airflow/.local/lib/python3.12/site-packages/airflow/example_dags/example_nested_branch_dag.py
[2024-06-07T14:08:25.999+0000] {processor.py:840} INFO - DAG(s) 'example_nested_branch_dag' retrieved from /home/airflow/.local/lib/python3.12/site-packages/airflow/example_dags/example_nested_branch_dag.py
[2024-06-07T14:08:26.026+0000] {logging_mixin.py:188} INFO - [2024-06-07T14:08:26.026+0000] {dag.py:3096} INFO - Sync 1 DAGs
[2024-06-07T14:08:26.057+0000] {logging_mixin.py:188} INFO - [2024-06-07T14:08:26.056+0000] {dag.py:3954} INFO - Setting next_dagrun for example_nested_branch_dag to 2024-06-06 00:00:00+00:00, run_after=2024-06-07 00:00:00+00:00
[2024-06-07T14:08:26.088+0000] {processor.py:183} INFO - Processing /home/airflow/.local/lib/python3.12/site-packages/airflow/example_dags/example_nested_branch_dag.py took 0.112 seconds
[2024-06-07T14:08:56.478+0000] {processor.py:161} INFO - Started process (PID=926) to work on /home/airflow/.local/lib/python3.12/site-packages/airflow/example_dags/example_nested_branch_dag.py
[2024-06-07T14:08:56.479+0000] {processor.py:830} INFO - Processing file /home/airflow/.local/lib/python3.12/site-packages/airflow/example_dags/example_nested_branch_dag.py for tasks to queue
[2024-06-07T14:08:56.481+0000] {logging_mixin.py:188} INFO - [2024-06-07T14:08:56.481+0000] {dagbag.py:545} INFO - Filling up the DagBag from /home/airflow/.local/lib/python3.12/site-packages/airflow/example_dags/example_nested_branch_dag.py
[2024-06-07T14:08:56.493+0000] {processor.py:840} INFO - DAG(s) 'example_nested_branch_dag' retrieved from /home/airflow/.local/lib/python3.12/site-packages/airflow/example_dags/example_nested_branch_dag.py
[2024-06-07T14:08:56.515+0000] {logging_mixin.py:188} INFO - [2024-06-07T14:08:56.515+0000] {dag.py:3096} INFO - Sync 1 DAGs
[2024-06-07T14:08:56.544+0000] {logging_mixin.py:188} INFO - [2024-06-07T14:08:56.543+0000] {dag.py:3954} INFO - Setting next_dagrun for example_nested_branch_dag to 2024-06-06 00:00:00+00:00, run_after=2024-06-07 00:00:00+00:00
[2024-06-07T14:08:56.564+0000] {processor.py:183} INFO - Processing /home/airflow/.local/lib/python3.12/site-packages/airflow/example_dags/example_nested_branch_dag.py took 0.093 seconds
[2024-06-07T14:09:27.113+0000] {processor.py:161} INFO - Started process (PID=986) to work on /home/airflow/.local/lib/python3.12/site-packages/airflow/example_dags/example_nested_branch_dag.py
[2024-06-07T14:09:27.114+0000] {processor.py:830} INFO - Processing file /home/airflow/.local/lib/python3.12/site-packages/airflow/example_dags/example_nested_branch_dag.py for tasks to queue
[2024-06-07T14:09:27.117+0000] {logging_mixin.py:188} INFO - [2024-06-07T14:09:27.116+0000] {dagbag.py:545} INFO - Filling up the DagBag from /home/airflow/.local/lib/python3.12/site-packages/airflow/example_dags/example_nested_branch_dag.py
[2024-06-07T14:09:27.128+0000] {processor.py:840} INFO - DAG(s) 'example_nested_branch_dag' retrieved from /home/airflow/.local/lib/python3.12/site-packages/airflow/example_dags/example_nested_branch_dag.py
[2024-06-07T14:09:27.154+0000] {logging_mixin.py:188} INFO - [2024-06-07T14:09:27.154+0000] {dag.py:3096} INFO - Sync 1 DAGs
[2024-06-07T14:09:27.182+0000] {logging_mixin.py:188} INFO - [2024-06-07T14:09:27.181+0000] {dag.py:3954} INFO - Setting next_dagrun for example_nested_branch_dag to 2024-06-06 00:00:00+00:00, run_after=2024-06-07 00:00:00+00:00
[2024-06-07T14:09:27.206+0000] {processor.py:183} INFO - Processing /home/airflow/.local/lib/python3.12/site-packages/airflow/example_dags/example_nested_branch_dag.py took 0.099 seconds
[2024-06-07T14:09:57.431+0000] {processor.py:161} INFO - Started process (PID=1048) to work on /home/airflow/.local/lib/python3.12/site-packages/airflow/example_dags/example_nested_branch_dag.py
[2024-06-07T14:09:57.432+0000] {processor.py:830} INFO - Processing file /home/airflow/.local/lib/python3.12/site-packages/airflow/example_dags/example_nested_branch_dag.py for tasks to queue
[2024-06-07T14:09:57.435+0000] {logging_mixin.py:188} INFO - [2024-06-07T14:09:57.435+0000] {dagbag.py:545} INFO - Filling up the DagBag from /home/airflow/.local/lib/python3.12/site-packages/airflow/example_dags/example_nested_branch_dag.py
[2024-06-07T14:09:57.452+0000] {processor.py:840} INFO - DAG(s) 'example_nested_branch_dag' retrieved from /home/airflow/.local/lib/python3.12/site-packages/airflow/example_dags/example_nested_branch_dag.py
[2024-06-07T14:09:57.479+0000] {logging_mixin.py:188} INFO - [2024-06-07T14:09:57.479+0000] {dag.py:3096} INFO - Sync 1 DAGs
[2024-06-07T14:09:57.513+0000] {logging_mixin.py:188} INFO - [2024-06-07T14:09:57.513+0000] {dag.py:3954} INFO - Setting next_dagrun for example_nested_branch_dag to 2024-06-06 00:00:00+00:00, run_after=2024-06-07 00:00:00+00:00
[2024-06-07T14:09:57.535+0000] {processor.py:183} INFO - Processing /home/airflow/.local/lib/python3.12/site-packages/airflow/example_dags/example_nested_branch_dag.py took 0.110 seconds
[2024-06-07T14:10:28.340+0000] {processor.py:161} INFO - Started process (PID=1108) to work on /home/airflow/.local/lib/python3.12/site-packages/airflow/example_dags/example_nested_branch_dag.py
[2024-06-07T14:10:28.342+0000] {processor.py:830} INFO - Processing file /home/airflow/.local/lib/python3.12/site-packages/airflow/example_dags/example_nested_branch_dag.py for tasks to queue
[2024-06-07T14:10:28.348+0000] {logging_mixin.py:188} INFO - [2024-06-07T14:10:28.347+0000] {dagbag.py:545} INFO - Filling up the DagBag from /home/airflow/.local/lib/python3.12/site-packages/airflow/example_dags/example_nested_branch_dag.py
[2024-06-07T14:10:28.369+0000] {processor.py:840} INFO - DAG(s) 'example_nested_branch_dag' retrieved from /home/airflow/.local/lib/python3.12/site-packages/airflow/example_dags/example_nested_branch_dag.py
[2024-06-07T14:10:28.402+0000] {logging_mixin.py:188} INFO - [2024-06-07T14:10:28.401+0000] {dag.py:3096} INFO - Sync 1 DAGs
[2024-06-07T14:10:28.436+0000] {logging_mixin.py:188} INFO - [2024-06-07T14:10:28.436+0000] {dag.py:3954} INFO - Setting next_dagrun for example_nested_branch_dag to 2024-06-06 00:00:00+00:00, run_after=2024-06-07 00:00:00+00:00
[2024-06-07T14:10:28.464+0000] {processor.py:183} INFO - Processing /home/airflow/.local/lib/python3.12/site-packages/airflow/example_dags/example_nested_branch_dag.py took 0.137 seconds
[2024-06-07T14:10:58.588+0000] {processor.py:161} INFO - Started process (PID=1168) to work on /home/airflow/.local/lib/python3.12/site-packages/airflow/example_dags/example_nested_branch_dag.py
[2024-06-07T14:10:58.589+0000] {processor.py:830} INFO - Processing file /home/airflow/.local/lib/python3.12/site-packages/airflow/example_dags/example_nested_branch_dag.py for tasks to queue
[2024-06-07T14:10:58.591+0000] {logging_mixin.py:188} INFO - [2024-06-07T14:10:58.591+0000] {dagbag.py:545} INFO - Filling up the DagBag from /home/airflow/.local/lib/python3.12/site-packages/airflow/example_dags/example_nested_branch_dag.py
[2024-06-07T14:10:58.605+0000] {processor.py:840} INFO - DAG(s) 'example_nested_branch_dag' retrieved from /home/airflow/.local/lib/python3.12/site-packages/airflow/example_dags/example_nested_branch_dag.py
[2024-06-07T14:10:58.633+0000] {logging_mixin.py:188} INFO - [2024-06-07T14:10:58.632+0000] {dag.py:3096} INFO - Sync 1 DAGs
[2024-06-07T14:10:58.661+0000] {logging_mixin.py:188} INFO - [2024-06-07T14:10:58.661+0000] {dag.py:3954} INFO - Setting next_dagrun for example_nested_branch_dag to 2024-06-06 00:00:00+00:00, run_after=2024-06-07 00:00:00+00:00
[2024-06-07T14:10:58.688+0000] {processor.py:183} INFO - Processing /home/airflow/.local/lib/python3.12/site-packages/airflow/example_dags/example_nested_branch_dag.py took 0.108 seconds
[2024-06-07T14:11:29.084+0000] {processor.py:161} INFO - Started process (PID=1228) to work on /home/airflow/.local/lib/python3.12/site-packages/airflow/example_dags/example_nested_branch_dag.py
[2024-06-07T14:11:29.087+0000] {processor.py:830} INFO - Processing file /home/airflow/.local/lib/python3.12/site-packages/airflow/example_dags/example_nested_branch_dag.py for tasks to queue
[2024-06-07T14:11:29.092+0000] {logging_mixin.py:188} INFO - [2024-06-07T14:11:29.091+0000] {dagbag.py:545} INFO - Filling up the DagBag from /home/airflow/.local/lib/python3.12/site-packages/airflow/example_dags/example_nested_branch_dag.py
[2024-06-07T14:11:29.132+0000] {processor.py:840} INFO - DAG(s) 'example_nested_branch_dag' retrieved from /home/airflow/.local/lib/python3.12/site-packages/airflow/example_dags/example_nested_branch_dag.py
[2024-06-07T14:11:29.194+0000] {logging_mixin.py:188} INFO - [2024-06-07T14:11:29.193+0000] {dag.py:3096} INFO - Sync 1 DAGs
[2024-06-07T14:11:29.267+0000] {logging_mixin.py:188} INFO - [2024-06-07T14:11:29.265+0000] {dag.py:3954} INFO - Setting next_dagrun for example_nested_branch_dag to 2024-06-06 00:00:00+00:00, run_after=2024-06-07 00:00:00+00:00
[2024-06-07T14:11:29.300+0000] {processor.py:183} INFO - Processing /home/airflow/.local/lib/python3.12/site-packages/airflow/example_dags/example_nested_branch_dag.py took 0.225 seconds
[2024-06-07T14:12:03.338+0000] {processor.py:161} INFO - Started process (PID=1288) to work on /home/airflow/.local/lib/python3.12/site-packages/airflow/example_dags/example_nested_branch_dag.py
[2024-06-07T14:12:03.340+0000] {processor.py:830} INFO - Processing file /home/airflow/.local/lib/python3.12/site-packages/airflow/example_dags/example_nested_branch_dag.py for tasks to queue
[2024-06-07T14:12:03.345+0000] {logging_mixin.py:188} INFO - [2024-06-07T14:12:03.345+0000] {dagbag.py:545} INFO - Filling up the DagBag from /home/airflow/.local/lib/python3.12/site-packages/airflow/example_dags/example_nested_branch_dag.py
[2024-06-07T14:12:03.366+0000] {processor.py:840} INFO - DAG(s) 'example_nested_branch_dag' retrieved from /home/airflow/.local/lib/python3.12/site-packages/airflow/example_dags/example_nested_branch_dag.py
[2024-06-07T14:12:03.400+0000] {logging_mixin.py:188} INFO - [2024-06-07T14:12:03.400+0000] {dag.py:3096} INFO - Sync 1 DAGs
[2024-06-07T14:12:03.431+0000] {logging_mixin.py:188} INFO - [2024-06-07T14:12:03.431+0000] {dag.py:3954} INFO - Setting next_dagrun for example_nested_branch_dag to 2024-06-06 00:00:00+00:00, run_after=2024-06-07 00:00:00+00:00
[2024-06-07T14:12:03.458+0000] {processor.py:183} INFO - Processing /home/airflow/.local/lib/python3.12/site-packages/airflow/example_dags/example_nested_branch_dag.py took 0.131 seconds
[2024-06-07T14:12:33.858+0000] {processor.py:161} INFO - Started process (PID=1348) to work on /home/airflow/.local/lib/python3.12/site-packages/airflow/example_dags/example_nested_branch_dag.py
[2024-06-07T14:12:33.859+0000] {processor.py:830} INFO - Processing file /home/airflow/.local/lib/python3.12/site-packages/airflow/example_dags/example_nested_branch_dag.py for tasks to queue
[2024-06-07T14:12:33.861+0000] {logging_mixin.py:188} INFO - [2024-06-07T14:12:33.861+0000] {dagbag.py:545} INFO - Filling up the DagBag from /home/airflow/.local/lib/python3.12/site-packages/airflow/example_dags/example_nested_branch_dag.py
[2024-06-07T14:12:33.874+0000] {processor.py:840} INFO - DAG(s) 'example_nested_branch_dag' retrieved from /home/airflow/.local/lib/python3.12/site-packages/airflow/example_dags/example_nested_branch_dag.py
[2024-06-07T14:12:33.902+0000] {logging_mixin.py:188} INFO - [2024-06-07T14:12:33.902+0000] {dag.py:3096} INFO - Sync 1 DAGs
[2024-06-07T14:12:33.929+0000] {logging_mixin.py:188} INFO - [2024-06-07T14:12:33.929+0000] {dag.py:3954} INFO - Setting next_dagrun for example_nested_branch_dag to 2024-06-06 00:00:00+00:00, run_after=2024-06-07 00:00:00+00:00
[2024-06-07T14:12:33.952+0000] {processor.py:183} INFO - Processing /home/airflow/.local/lib/python3.12/site-packages/airflow/example_dags/example_nested_branch_dag.py took 0.101 seconds
[2024-06-07T14:13:05.300+0000] {processor.py:161} INFO - Started process (PID=1408) to work on /home/airflow/.local/lib/python3.12/site-packages/airflow/example_dags/example_nested_branch_dag.py
[2024-06-07T14:13:05.302+0000] {processor.py:830} INFO - Processing file /home/airflow/.local/lib/python3.12/site-packages/airflow/example_dags/example_nested_branch_dag.py for tasks to queue
[2024-06-07T14:13:05.307+0000] {logging_mixin.py:188} INFO - [2024-06-07T14:13:05.306+0000] {dagbag.py:545} INFO - Filling up the DagBag from /home/airflow/.local/lib/python3.12/site-packages/airflow/example_dags/example_nested_branch_dag.py
[2024-06-07T14:13:05.334+0000] {processor.py:840} INFO - DAG(s) 'example_nested_branch_dag' retrieved from /home/airflow/.local/lib/python3.12/site-packages/airflow/example_dags/example_nested_branch_dag.py
[2024-06-07T14:13:05.382+0000] {logging_mixin.py:188} INFO - [2024-06-07T14:13:05.382+0000] {dag.py:3096} INFO - Sync 1 DAGs
[2024-06-07T14:13:05.441+0000] {logging_mixin.py:188} INFO - [2024-06-07T14:13:05.441+0000] {dag.py:3954} INFO - Setting next_dagrun for example_nested_branch_dag to 2024-06-06 00:00:00+00:00, run_after=2024-06-07 00:00:00+00:00
[2024-06-07T14:13:05.502+0000] {processor.py:183} INFO - Processing /home/airflow/.local/lib/python3.12/site-packages/airflow/example_dags/example_nested_branch_dag.py took 0.216 seconds
[2024-06-07T14:13:35.856+0000] {processor.py:161} INFO - Started process (PID=1468) to work on /home/airflow/.local/lib/python3.12/site-packages/airflow/example_dags/example_nested_branch_dag.py
[2024-06-07T14:13:35.857+0000] {processor.py:830} INFO - Processing file /home/airflow/.local/lib/python3.12/site-packages/airflow/example_dags/example_nested_branch_dag.py for tasks to queue
[2024-06-07T14:13:35.859+0000] {logging_mixin.py:188} INFO - [2024-06-07T14:13:35.859+0000] {dagbag.py:545} INFO - Filling up the DagBag from /home/airflow/.local/lib/python3.12/site-packages/airflow/example_dags/example_nested_branch_dag.py
[2024-06-07T14:13:35.869+0000] {processor.py:840} INFO - DAG(s) 'example_nested_branch_dag' retrieved from /home/airflow/.local/lib/python3.12/site-packages/airflow/example_dags/example_nested_branch_dag.py
[2024-06-07T14:13:35.893+0000] {logging_mixin.py:188} INFO - [2024-06-07T14:13:35.893+0000] {dag.py:3096} INFO - Sync 1 DAGs
[2024-06-07T14:13:35.917+0000] {logging_mixin.py:188} INFO - [2024-06-07T14:13:35.917+0000] {dag.py:3954} INFO - Setting next_dagrun for example_nested_branch_dag to 2024-06-06 00:00:00+00:00, run_after=2024-06-07 00:00:00+00:00
[2024-06-07T14:13:35.939+0000] {processor.py:183} INFO - Processing /home/airflow/.local/lib/python3.12/site-packages/airflow/example_dags/example_nested_branch_dag.py took 0.090 seconds
[2024-06-07T14:14:06.162+0000] {processor.py:161} INFO - Started process (PID=1527) to work on /home/airflow/.local/lib/python3.12/site-packages/airflow/example_dags/example_nested_branch_dag.py
[2024-06-07T14:14:06.164+0000] {processor.py:830} INFO - Processing file /home/airflow/.local/lib/python3.12/site-packages/airflow/example_dags/example_nested_branch_dag.py for tasks to queue
[2024-06-07T14:14:06.166+0000] {logging_mixin.py:188} INFO - [2024-06-07T14:14:06.166+0000] {dagbag.py:545} INFO - Filling up the DagBag from /home/airflow/.local/lib/python3.12/site-packages/airflow/example_dags/example_nested_branch_dag.py
[2024-06-07T14:14:06.176+0000] {processor.py:840} INFO - DAG(s) 'example_nested_branch_dag' retrieved from /home/airflow/.local/lib/python3.12/site-packages/airflow/example_dags/example_nested_branch_dag.py
[2024-06-07T14:14:06.201+0000] {logging_mixin.py:188} INFO - [2024-06-07T14:14:06.200+0000] {dag.py:3096} INFO - Sync 1 DAGs
[2024-06-07T14:14:06.224+0000] {logging_mixin.py:188} INFO - [2024-06-07T14:14:06.224+0000] {dag.py:3954} INFO - Setting next_dagrun for example_nested_branch_dag to 2024-06-06 00:00:00+00:00, run_after=2024-06-07 00:00:00+00:00
[2024-06-07T14:14:06.245+0000] {processor.py:183} INFO - Processing /home/airflow/.local/lib/python3.12/site-packages/airflow/example_dags/example_nested_branch_dag.py took 0.090 seconds
[2024-06-07T14:14:36.481+0000] {processor.py:161} INFO - Started process (PID=1586) to work on /home/airflow/.local/lib/python3.12/site-packages/airflow/example_dags/example_nested_branch_dag.py
[2024-06-07T14:14:36.482+0000] {processor.py:830} INFO - Processing file /home/airflow/.local/lib/python3.12/site-packages/airflow/example_dags/example_nested_branch_dag.py for tasks to queue
[2024-06-07T14:14:36.485+0000] {logging_mixin.py:188} INFO - [2024-06-07T14:14:36.484+0000] {dagbag.py:545} INFO - Filling up the DagBag from /home/airflow/.local/lib/python3.12/site-packages/airflow/example_dags/example_nested_branch_dag.py
[2024-06-07T14:14:36.498+0000] {processor.py:840} INFO - DAG(s) 'example_nested_branch_dag' retrieved from /home/airflow/.local/lib/python3.12/site-packages/airflow/example_dags/example_nested_branch_dag.py
[2024-06-07T14:14:36.527+0000] {logging_mixin.py:188} INFO - [2024-06-07T14:14:36.527+0000] {dag.py:3096} INFO - Sync 1 DAGs
[2024-06-07T14:14:36.553+0000] {logging_mixin.py:188} INFO - [2024-06-07T14:14:36.552+0000] {dag.py:3954} INFO - Setting next_dagrun for example_nested_branch_dag to 2024-06-06 00:00:00+00:00, run_after=2024-06-07 00:00:00+00:00
[2024-06-07T14:14:36.576+0000] {processor.py:183} INFO - Processing /home/airflow/.local/lib/python3.12/site-packages/airflow/example_dags/example_nested_branch_dag.py took 0.102 seconds
[2024-06-07T14:15:07.959+0000] {processor.py:161} INFO - Started process (PID=1646) to work on /home/airflow/.local/lib/python3.12/site-packages/airflow/example_dags/example_nested_branch_dag.py
[2024-06-07T14:15:08.055+0000] {processor.py:830} INFO - Processing file /home/airflow/.local/lib/python3.12/site-packages/airflow/example_dags/example_nested_branch_dag.py for tasks to queue
[2024-06-07T14:15:08.059+0000] {logging_mixin.py:188} INFO - [2024-06-07T14:15:08.059+0000] {dagbag.py:545} INFO - Filling up the DagBag from /home/airflow/.local/lib/python3.12/site-packages/airflow/example_dags/example_nested_branch_dag.py
[2024-06-07T14:15:08.103+0000] {processor.py:840} INFO - DAG(s) 'example_nested_branch_dag' retrieved from /home/airflow/.local/lib/python3.12/site-packages/airflow/example_dags/example_nested_branch_dag.py
[2024-06-07T14:15:08.184+0000] {logging_mixin.py:188} INFO - [2024-06-07T14:15:08.183+0000] {dag.py:3096} INFO - Sync 1 DAGs
[2024-06-07T14:15:08.268+0000] {logging_mixin.py:188} INFO - [2024-06-07T14:15:08.267+0000] {dag.py:3954} INFO - Setting next_dagrun for example_nested_branch_dag to 2024-06-06 00:00:00+00:00, run_after=2024-06-07 00:00:00+00:00
[2024-06-07T14:15:08.353+0000] {processor.py:183} INFO - Processing /home/airflow/.local/lib/python3.12/site-packages/airflow/example_dags/example_nested_branch_dag.py took 0.417 seconds
[2024-06-07T14:15:38.590+0000] {processor.py:161} INFO - Started process (PID=1706) to work on /home/airflow/.local/lib/python3.12/site-packages/airflow/example_dags/example_nested_branch_dag.py
[2024-06-07T14:15:38.592+0000] {processor.py:830} INFO - Processing file /home/airflow/.local/lib/python3.12/site-packages/airflow/example_dags/example_nested_branch_dag.py for tasks to queue
[2024-06-07T14:15:38.595+0000] {logging_mixin.py:188} INFO - [2024-06-07T14:15:38.595+0000] {dagbag.py:545} INFO - Filling up the DagBag from /home/airflow/.local/lib/python3.12/site-packages/airflow/example_dags/example_nested_branch_dag.py
[2024-06-07T14:15:38.607+0000] {processor.py:840} INFO - DAG(s) 'example_nested_branch_dag' retrieved from /home/airflow/.local/lib/python3.12/site-packages/airflow/example_dags/example_nested_branch_dag.py
[2024-06-07T14:15:38.636+0000] {logging_mixin.py:188} INFO - [2024-06-07T14:15:38.636+0000] {dag.py:3096} INFO - Sync 1 DAGs
[2024-06-07T14:15:38.663+0000] {logging_mixin.py:188} INFO - [2024-06-07T14:15:38.663+0000] {dag.py:3954} INFO - Setting next_dagrun for example_nested_branch_dag to 2024-06-06 00:00:00+00:00, run_after=2024-06-07 00:00:00+00:00
[2024-06-07T14:15:38.688+0000] {processor.py:183} INFO - Processing /home/airflow/.local/lib/python3.12/site-packages/airflow/example_dags/example_nested_branch_dag.py took 0.108 seconds
[2024-06-07T14:16:09.416+0000] {processor.py:161} INFO - Started process (PID=1766) to work on /home/airflow/.local/lib/python3.12/site-packages/airflow/example_dags/example_nested_branch_dag.py
[2024-06-07T14:16:09.417+0000] {processor.py:830} INFO - Processing file /home/airflow/.local/lib/python3.12/site-packages/airflow/example_dags/example_nested_branch_dag.py for tasks to queue
[2024-06-07T14:16:09.420+0000] {logging_mixin.py:188} INFO - [2024-06-07T14:16:09.419+0000] {dagbag.py:545} INFO - Filling up the DagBag from /home/airflow/.local/lib/python3.12/site-packages/airflow/example_dags/example_nested_branch_dag.py
[2024-06-07T14:16:09.432+0000] {processor.py:840} INFO - DAG(s) 'example_nested_branch_dag' retrieved from /home/airflow/.local/lib/python3.12/site-packages/airflow/example_dags/example_nested_branch_dag.py
[2024-06-07T14:16:09.460+0000] {logging_mixin.py:188} INFO - [2024-06-07T14:16:09.460+0000] {dag.py:3096} INFO - Sync 1 DAGs
[2024-06-07T14:16:09.498+0000] {logging_mixin.py:188} INFO - [2024-06-07T14:16:09.498+0000] {dag.py:3954} INFO - Setting next_dagrun for example_nested_branch_dag to 2024-06-06 00:00:00+00:00, run_after=2024-06-07 00:00:00+00:00
[2024-06-07T14:16:09.709+0000] {processor.py:183} INFO - Processing /home/airflow/.local/lib/python3.12/site-packages/airflow/example_dags/example_nested_branch_dag.py took 0.299 seconds
[2024-06-07T14:16:40.460+0000] {processor.py:161} INFO - Started process (PID=1826) to work on /home/airflow/.local/lib/python3.12/site-packages/airflow/example_dags/example_nested_branch_dag.py
[2024-06-07T14:16:40.461+0000] {processor.py:830} INFO - Processing file /home/airflow/.local/lib/python3.12/site-packages/airflow/example_dags/example_nested_branch_dag.py for tasks to queue
[2024-06-07T14:16:40.464+0000] {logging_mixin.py:188} INFO - [2024-06-07T14:16:40.463+0000] {dagbag.py:545} INFO - Filling up the DagBag from /home/airflow/.local/lib/python3.12/site-packages/airflow/example_dags/example_nested_branch_dag.py
[2024-06-07T14:16:40.479+0000] {processor.py:840} INFO - DAG(s) 'example_nested_branch_dag' retrieved from /home/airflow/.local/lib/python3.12/site-packages/airflow/example_dags/example_nested_branch_dag.py
[2024-06-07T14:16:40.503+0000] {logging_mixin.py:188} INFO - [2024-06-07T14:16:40.503+0000] {dag.py:3096} INFO - Sync 1 DAGs
[2024-06-07T14:16:40.530+0000] {logging_mixin.py:188} INFO - [2024-06-07T14:16:40.530+0000] {dag.py:3954} INFO - Setting next_dagrun for example_nested_branch_dag to 2024-06-06 00:00:00+00:00, run_after=2024-06-07 00:00:00+00:00
[2024-06-07T14:16:40.712+0000] {processor.py:183} INFO - Processing /home/airflow/.local/lib/python3.12/site-packages/airflow/example_dags/example_nested_branch_dag.py took 0.261 seconds
[2024-06-07T14:17:10.985+0000] {processor.py:161} INFO - Started process (PID=1886) to work on /home/airflow/.local/lib/python3.12/site-packages/airflow/example_dags/example_nested_branch_dag.py
[2024-06-07T14:17:10.986+0000] {processor.py:830} INFO - Processing file /home/airflow/.local/lib/python3.12/site-packages/airflow/example_dags/example_nested_branch_dag.py for tasks to queue
[2024-06-07T14:17:10.988+0000] {logging_mixin.py:188} INFO - [2024-06-07T14:17:10.988+0000] {dagbag.py:545} INFO - Filling up the DagBag from /home/airflow/.local/lib/python3.12/site-packages/airflow/example_dags/example_nested_branch_dag.py
[2024-06-07T14:17:10.999+0000] {processor.py:840} INFO - DAG(s) 'example_nested_branch_dag' retrieved from /home/airflow/.local/lib/python3.12/site-packages/airflow/example_dags/example_nested_branch_dag.py
[2024-06-07T14:17:11.026+0000] {logging_mixin.py:188} INFO - [2024-06-07T14:17:11.026+0000] {dag.py:3096} INFO - Sync 1 DAGs
[2024-06-07T14:17:11.055+0000] {logging_mixin.py:188} INFO - [2024-06-07T14:17:11.055+0000] {dag.py:3954} INFO - Setting next_dagrun for example_nested_branch_dag to 2024-06-06 00:00:00+00:00, run_after=2024-06-07 00:00:00+00:00
[2024-06-07T14:17:11.223+0000] {processor.py:183} INFO - Processing /home/airflow/.local/lib/python3.12/site-packages/airflow/example_dags/example_nested_branch_dag.py took 0.246 seconds
[2024-06-07T14:17:41.349+0000] {processor.py:161} INFO - Started process (PID=1946) to work on /home/airflow/.local/lib/python3.12/site-packages/airflow/example_dags/example_nested_branch_dag.py
[2024-06-07T14:17:41.351+0000] {processor.py:830} INFO - Processing file /home/airflow/.local/lib/python3.12/site-packages/airflow/example_dags/example_nested_branch_dag.py for tasks to queue
[2024-06-07T14:17:41.353+0000] {logging_mixin.py:188} INFO - [2024-06-07T14:17:41.353+0000] {dagbag.py:545} INFO - Filling up the DagBag from /home/airflow/.local/lib/python3.12/site-packages/airflow/example_dags/example_nested_branch_dag.py
[2024-06-07T14:17:41.370+0000] {processor.py:840} INFO - DAG(s) 'example_nested_branch_dag' retrieved from /home/airflow/.local/lib/python3.12/site-packages/airflow/example_dags/example_nested_branch_dag.py
[2024-06-07T14:17:41.395+0000] {logging_mixin.py:188} INFO - [2024-06-07T14:17:41.394+0000] {dag.py:3096} INFO - Sync 1 DAGs
[2024-06-07T14:17:41.423+0000] {logging_mixin.py:188} INFO - [2024-06-07T14:17:41.423+0000] {dag.py:3954} INFO - Setting next_dagrun for example_nested_branch_dag to 2024-06-06 00:00:00+00:00, run_after=2024-06-07 00:00:00+00:00
[2024-06-07T14:17:41.450+0000] {processor.py:183} INFO - Processing /home/airflow/.local/lib/python3.12/site-packages/airflow/example_dags/example_nested_branch_dag.py took 0.109 seconds
[2024-06-07T14:18:11.582+0000] {processor.py:161} INFO - Started process (PID=2006) to work on /home/airflow/.local/lib/python3.12/site-packages/airflow/example_dags/example_nested_branch_dag.py
[2024-06-07T14:18:11.583+0000] {processor.py:830} INFO - Processing file /home/airflow/.local/lib/python3.12/site-packages/airflow/example_dags/example_nested_branch_dag.py for tasks to queue
[2024-06-07T14:18:11.586+0000] {logging_mixin.py:188} INFO - [2024-06-07T14:18:11.585+0000] {dagbag.py:545} INFO - Filling up the DagBag from /home/airflow/.local/lib/python3.12/site-packages/airflow/example_dags/example_nested_branch_dag.py
[2024-06-07T14:18:11.598+0000] {processor.py:840} INFO - DAG(s) 'example_nested_branch_dag' retrieved from /home/airflow/.local/lib/python3.12/site-packages/airflow/example_dags/example_nested_branch_dag.py
[2024-06-07T14:18:11.621+0000] {logging_mixin.py:188} INFO - [2024-06-07T14:18:11.621+0000] {dag.py:3096} INFO - Sync 1 DAGs
[2024-06-07T14:18:11.645+0000] {logging_mixin.py:188} INFO - [2024-06-07T14:18:11.645+0000] {dag.py:3954} INFO - Setting next_dagrun for example_nested_branch_dag to 2024-06-06 00:00:00+00:00, run_after=2024-06-07 00:00:00+00:00
[2024-06-07T14:18:11.666+0000] {processor.py:183} INFO - Processing /home/airflow/.local/lib/python3.12/site-packages/airflow/example_dags/example_nested_branch_dag.py took 0.091 seconds
