[2024-06-07T14:01:41.011+0000] {processor.py:161} INFO - Started process (PID=43) to work on /home/airflow/.local/lib/python3.12/site-packages/airflow/example_dags/example_dag_decorator.py
[2024-06-07T14:01:41.013+0000] {processor.py:830} INFO - Processing file /home/airflow/.local/lib/python3.12/site-packages/airflow/example_dags/example_dag_decorator.py for tasks to queue
[2024-06-07T14:01:41.016+0000] {logging_mixin.py:188} INFO - [2024-06-07T14:01:41.016+0000] {dagbag.py:545} INFO - Filling up the DagBag from /home/airflow/.local/lib/python3.12/site-packages/airflow/example_dags/example_dag_decorator.py
[2024-06-07T14:01:41.595+0000] {processor.py:840} INFO - DAG(s) 'example_dag_decorator' retrieved from /home/airflow/.local/lib/python3.12/site-packages/airflow/example_dags/example_dag_decorator.py
[2024-06-07T14:01:41.819+0000] {logging_mixin.py:188} INFO - [2024-06-07T14:01:41.818+0000] {dag.py:3096} INFO - Sync 1 DAGs
[2024-06-07T14:01:41.838+0000] {logging_mixin.py:188} INFO - [2024-06-07T14:01:41.838+0000] {dag.py:3954} INFO - Setting next_dagrun for example_dag_decorator to None, run_after=None
[2024-06-07T14:01:41.870+0000] {processor.py:183} INFO - Processing /home/airflow/.local/lib/python3.12/site-packages/airflow/example_dags/example_dag_decorator.py took 0.869 seconds
[2024-06-07T14:02:13.083+0000] {processor.py:161} INFO - Started process (PID=112) to work on /home/airflow/.local/lib/python3.12/site-packages/airflow/example_dags/example_dag_decorator.py
[2024-06-07T14:02:13.084+0000] {processor.py:830} INFO - Processing file /home/airflow/.local/lib/python3.12/site-packages/airflow/example_dags/example_dag_decorator.py for tasks to queue
[2024-06-07T14:02:13.088+0000] {logging_mixin.py:188} INFO - [2024-06-07T14:02:13.087+0000] {dagbag.py:545} INFO - Filling up the DagBag from /home/airflow/.local/lib/python3.12/site-packages/airflow/example_dags/example_dag_decorator.py
[2024-06-07T14:02:13.219+0000] {processor.py:840} INFO - DAG(s) 'example_dag_decorator' retrieved from /home/airflow/.local/lib/python3.12/site-packages/airflow/example_dags/example_dag_decorator.py
[2024-06-07T14:02:13.367+0000] {logging_mixin.py:188} INFO - [2024-06-07T14:02:13.366+0000] {dag.py:3096} INFO - Sync 1 DAGs
[2024-06-07T14:02:13.393+0000] {logging_mixin.py:188} INFO - [2024-06-07T14:02:13.393+0000] {dag.py:3954} INFO - Setting next_dagrun for example_dag_decorator to None, run_after=None
[2024-06-07T14:02:13.434+0000] {processor.py:183} INFO - Processing /home/airflow/.local/lib/python3.12/site-packages/airflow/example_dags/example_dag_decorator.py took 0.362 seconds
[2024-06-07T14:02:43.682+0000] {processor.py:161} INFO - Started process (PID=180) to work on /home/airflow/.local/lib/python3.12/site-packages/airflow/example_dags/example_dag_decorator.py
[2024-06-07T14:02:43.683+0000] {processor.py:830} INFO - Processing file /home/airflow/.local/lib/python3.12/site-packages/airflow/example_dags/example_dag_decorator.py for tasks to queue
[2024-06-07T14:02:43.687+0000] {logging_mixin.py:188} INFO - [2024-06-07T14:02:43.687+0000] {dagbag.py:545} INFO - Filling up the DagBag from /home/airflow/.local/lib/python3.12/site-packages/airflow/example_dags/example_dag_decorator.py
[2024-06-07T14:02:43.869+0000] {processor.py:840} INFO - DAG(s) 'example_dag_decorator' retrieved from /home/airflow/.local/lib/python3.12/site-packages/airflow/example_dags/example_dag_decorator.py
[2024-06-07T14:02:44.157+0000] {logging_mixin.py:188} INFO - [2024-06-07T14:02:44.156+0000] {dag.py:3096} INFO - Sync 1 DAGs
[2024-06-07T14:02:44.214+0000] {logging_mixin.py:188} INFO - [2024-06-07T14:02:44.213+0000] {dag.py:3954} INFO - Setting next_dagrun for example_dag_decorator to None, run_after=None
[2024-06-07T14:02:44.260+0000] {processor.py:183} INFO - Processing /home/airflow/.local/lib/python3.12/site-packages/airflow/example_dags/example_dag_decorator.py took 0.589 seconds
[2024-06-07T14:03:14.333+0000] {processor.py:161} INFO - Started process (PID=239) to work on /home/airflow/.local/lib/python3.12/site-packages/airflow/example_dags/example_dag_decorator.py
[2024-06-07T14:03:14.334+0000] {processor.py:830} INFO - Processing file /home/airflow/.local/lib/python3.12/site-packages/airflow/example_dags/example_dag_decorator.py for tasks to queue
[2024-06-07T14:03:14.336+0000] {logging_mixin.py:188} INFO - [2024-06-07T14:03:14.336+0000] {dagbag.py:545} INFO - Filling up the DagBag from /home/airflow/.local/lib/python3.12/site-packages/airflow/example_dags/example_dag_decorator.py
[2024-06-07T14:03:14.451+0000] {processor.py:840} INFO - DAG(s) 'example_dag_decorator' retrieved from /home/airflow/.local/lib/python3.12/site-packages/airflow/example_dags/example_dag_decorator.py
[2024-06-07T14:03:14.580+0000] {logging_mixin.py:188} INFO - [2024-06-07T14:03:14.580+0000] {dag.py:3096} INFO - Sync 1 DAGs
[2024-06-07T14:03:14.595+0000] {logging_mixin.py:188} INFO - [2024-06-07T14:03:14.594+0000] {dag.py:3954} INFO - Setting next_dagrun for example_dag_decorator to None, run_after=None
[2024-06-07T14:03:14.619+0000] {processor.py:183} INFO - Processing /home/airflow/.local/lib/python3.12/site-packages/airflow/example_dags/example_dag_decorator.py took 0.294 seconds
[2024-06-07T14:03:45.591+0000] {processor.py:161} INFO - Started process (PID=299) to work on /home/airflow/.local/lib/python3.12/site-packages/airflow/example_dags/example_dag_decorator.py
[2024-06-07T14:03:45.593+0000] {processor.py:830} INFO - Processing file /home/airflow/.local/lib/python3.12/site-packages/airflow/example_dags/example_dag_decorator.py for tasks to queue
[2024-06-07T14:03:45.595+0000] {logging_mixin.py:188} INFO - [2024-06-07T14:03:45.595+0000] {dagbag.py:545} INFO - Filling up the DagBag from /home/airflow/.local/lib/python3.12/site-packages/airflow/example_dags/example_dag_decorator.py
[2024-06-07T14:03:45.718+0000] {processor.py:840} INFO - DAG(s) 'example_dag_decorator' retrieved from /home/airflow/.local/lib/python3.12/site-packages/airflow/example_dags/example_dag_decorator.py
[2024-06-07T14:03:45.828+0000] {logging_mixin.py:188} INFO - [2024-06-07T14:03:45.827+0000] {dag.py:3096} INFO - Sync 1 DAGs
[2024-06-07T14:03:45.845+0000] {logging_mixin.py:188} INFO - [2024-06-07T14:03:45.844+0000] {dag.py:3954} INFO - Setting next_dagrun for example_dag_decorator to None, run_after=None
[2024-06-07T14:03:45.864+0000] {processor.py:183} INFO - Processing /home/airflow/.local/lib/python3.12/site-packages/airflow/example_dags/example_dag_decorator.py took 0.279 seconds
[2024-06-07T14:04:16.021+0000] {processor.py:161} INFO - Started process (PID=361) to work on /home/airflow/.local/lib/python3.12/site-packages/airflow/example_dags/example_dag_decorator.py
[2024-06-07T14:04:16.022+0000] {processor.py:830} INFO - Processing file /home/airflow/.local/lib/python3.12/site-packages/airflow/example_dags/example_dag_decorator.py for tasks to queue
[2024-06-07T14:04:16.026+0000] {logging_mixin.py:188} INFO - [2024-06-07T14:04:16.025+0000] {dagbag.py:545} INFO - Filling up the DagBag from /home/airflow/.local/lib/python3.12/site-packages/airflow/example_dags/example_dag_decorator.py
[2024-06-07T14:04:16.192+0000] {processor.py:840} INFO - DAG(s) 'example_dag_decorator' retrieved from /home/airflow/.local/lib/python3.12/site-packages/airflow/example_dags/example_dag_decorator.py
[2024-06-07T14:04:16.384+0000] {logging_mixin.py:188} INFO - [2024-06-07T14:04:16.384+0000] {dag.py:3096} INFO - Sync 1 DAGs
[2024-06-07T14:04:16.402+0000] {logging_mixin.py:188} INFO - [2024-06-07T14:04:16.402+0000] {dag.py:3954} INFO - Setting next_dagrun for example_dag_decorator to None, run_after=None
[2024-06-07T14:04:16.429+0000] {processor.py:183} INFO - Processing /home/airflow/.local/lib/python3.12/site-packages/airflow/example_dags/example_dag_decorator.py took 0.418 seconds
[2024-06-07T14:04:47.328+0000] {processor.py:161} INFO - Started process (PID=427) to work on /home/airflow/.local/lib/python3.12/site-packages/airflow/example_dags/example_dag_decorator.py
[2024-06-07T14:04:47.329+0000] {processor.py:830} INFO - Processing file /home/airflow/.local/lib/python3.12/site-packages/airflow/example_dags/example_dag_decorator.py for tasks to queue
[2024-06-07T14:04:47.331+0000] {logging_mixin.py:188} INFO - [2024-06-07T14:04:47.331+0000] {dagbag.py:545} INFO - Filling up the DagBag from /home/airflow/.local/lib/python3.12/site-packages/airflow/example_dags/example_dag_decorator.py
[2024-06-07T14:04:47.434+0000] {processor.py:840} INFO - DAG(s) 'example_dag_decorator' retrieved from /home/airflow/.local/lib/python3.12/site-packages/airflow/example_dags/example_dag_decorator.py
[2024-06-07T14:04:47.544+0000] {logging_mixin.py:188} INFO - [2024-06-07T14:04:47.544+0000] {dag.py:3096} INFO - Sync 1 DAGs
[2024-06-07T14:04:47.555+0000] {logging_mixin.py:188} INFO - [2024-06-07T14:04:47.555+0000] {dag.py:3954} INFO - Setting next_dagrun for example_dag_decorator to None, run_after=None
[2024-06-07T14:04:47.579+0000] {processor.py:183} INFO - Processing /home/airflow/.local/lib/python3.12/site-packages/airflow/example_dags/example_dag_decorator.py took 0.258 seconds
[2024-06-07T14:05:17.932+0000] {processor.py:161} INFO - Started process (PID=487) to work on /home/airflow/.local/lib/python3.12/site-packages/airflow/example_dags/example_dag_decorator.py
[2024-06-07T14:05:17.933+0000] {processor.py:830} INFO - Processing file /home/airflow/.local/lib/python3.12/site-packages/airflow/example_dags/example_dag_decorator.py for tasks to queue
[2024-06-07T14:05:17.935+0000] {logging_mixin.py:188} INFO - [2024-06-07T14:05:17.935+0000] {dagbag.py:545} INFO - Filling up the DagBag from /home/airflow/.local/lib/python3.12/site-packages/airflow/example_dags/example_dag_decorator.py
[2024-06-07T14:05:18.032+0000] {processor.py:840} INFO - DAG(s) 'example_dag_decorator' retrieved from /home/airflow/.local/lib/python3.12/site-packages/airflow/example_dags/example_dag_decorator.py
[2024-06-07T14:05:18.152+0000] {logging_mixin.py:188} INFO - [2024-06-07T14:05:18.152+0000] {dag.py:3096} INFO - Sync 1 DAGs
[2024-06-07T14:05:18.164+0000] {logging_mixin.py:188} INFO - [2024-06-07T14:05:18.164+0000] {dag.py:3954} INFO - Setting next_dagrun for example_dag_decorator to None, run_after=None
[2024-06-07T14:05:18.187+0000] {processor.py:183} INFO - Processing /home/airflow/.local/lib/python3.12/site-packages/airflow/example_dags/example_dag_decorator.py took 0.261 seconds
[2024-06-07T14:05:48.871+0000] {processor.py:161} INFO - Started process (PID=548) to work on /home/airflow/.local/lib/python3.12/site-packages/airflow/example_dags/example_dag_decorator.py
[2024-06-07T14:05:48.872+0000] {processor.py:830} INFO - Processing file /home/airflow/.local/lib/python3.12/site-packages/airflow/example_dags/example_dag_decorator.py for tasks to queue
[2024-06-07T14:05:48.875+0000] {logging_mixin.py:188} INFO - [2024-06-07T14:05:48.874+0000] {dagbag.py:545} INFO - Filling up the DagBag from /home/airflow/.local/lib/python3.12/site-packages/airflow/example_dags/example_dag_decorator.py
[2024-06-07T14:05:48.984+0000] {processor.py:840} INFO - DAG(s) 'example_dag_decorator' retrieved from /home/airflow/.local/lib/python3.12/site-packages/airflow/example_dags/example_dag_decorator.py
[2024-06-07T14:05:49.093+0000] {logging_mixin.py:188} INFO - [2024-06-07T14:05:49.093+0000] {dag.py:3096} INFO - Sync 1 DAGs
[2024-06-07T14:05:49.104+0000] {logging_mixin.py:188} INFO - [2024-06-07T14:05:49.104+0000] {dag.py:3954} INFO - Setting next_dagrun for example_dag_decorator to None, run_after=None
[2024-06-07T14:05:49.125+0000] {processor.py:183} INFO - Processing /home/airflow/.local/lib/python3.12/site-packages/airflow/example_dags/example_dag_decorator.py took 0.260 seconds
[2024-06-07T14:06:19.582+0000] {processor.py:161} INFO - Started process (PID=608) to work on /home/airflow/.local/lib/python3.12/site-packages/airflow/example_dags/example_dag_decorator.py
[2024-06-07T14:06:19.584+0000] {processor.py:830} INFO - Processing file /home/airflow/.local/lib/python3.12/site-packages/airflow/example_dags/example_dag_decorator.py for tasks to queue
[2024-06-07T14:06:19.586+0000] {logging_mixin.py:188} INFO - [2024-06-07T14:06:19.586+0000] {dagbag.py:545} INFO - Filling up the DagBag from /home/airflow/.local/lib/python3.12/site-packages/airflow/example_dags/example_dag_decorator.py
[2024-06-07T14:06:19.699+0000] {processor.py:840} INFO - DAG(s) 'example_dag_decorator' retrieved from /home/airflow/.local/lib/python3.12/site-packages/airflow/example_dags/example_dag_decorator.py
[2024-06-07T14:06:19.823+0000] {logging_mixin.py:188} INFO - [2024-06-07T14:06:19.822+0000] {dag.py:3096} INFO - Sync 1 DAGs
[2024-06-07T14:06:19.834+0000] {logging_mixin.py:188} INFO - [2024-06-07T14:06:19.833+0000] {dag.py:3954} INFO - Setting next_dagrun for example_dag_decorator to None, run_after=None
[2024-06-07T14:06:19.855+0000] {processor.py:183} INFO - Processing /home/airflow/.local/lib/python3.12/site-packages/airflow/example_dags/example_dag_decorator.py took 0.279 seconds
[2024-06-07T14:06:50.334+0000] {processor.py:161} INFO - Started process (PID=668) to work on /home/airflow/.local/lib/python3.12/site-packages/airflow/example_dags/example_dag_decorator.py
[2024-06-07T14:06:50.336+0000] {processor.py:830} INFO - Processing file /home/airflow/.local/lib/python3.12/site-packages/airflow/example_dags/example_dag_decorator.py for tasks to queue
[2024-06-07T14:06:50.338+0000] {logging_mixin.py:188} INFO - [2024-06-07T14:06:50.338+0000] {dagbag.py:545} INFO - Filling up the DagBag from /home/airflow/.local/lib/python3.12/site-packages/airflow/example_dags/example_dag_decorator.py
[2024-06-07T14:06:50.447+0000] {processor.py:840} INFO - DAG(s) 'example_dag_decorator' retrieved from /home/airflow/.local/lib/python3.12/site-packages/airflow/example_dags/example_dag_decorator.py
[2024-06-07T14:06:50.569+0000] {logging_mixin.py:188} INFO - [2024-06-07T14:06:50.568+0000] {dag.py:3096} INFO - Sync 1 DAGs
[2024-06-07T14:06:50.581+0000] {logging_mixin.py:188} INFO - [2024-06-07T14:06:50.580+0000] {dag.py:3954} INFO - Setting next_dagrun for example_dag_decorator to None, run_after=None
[2024-06-07T14:06:50.606+0000] {processor.py:183} INFO - Processing /home/airflow/.local/lib/python3.12/site-packages/airflow/example_dags/example_dag_decorator.py took 0.277 seconds
[2024-06-07T14:07:20.769+0000] {processor.py:161} INFO - Started process (PID=728) to work on /home/airflow/.local/lib/python3.12/site-packages/airflow/example_dags/example_dag_decorator.py
[2024-06-07T14:07:20.779+0000] {processor.py:830} INFO - Processing file /home/airflow/.local/lib/python3.12/site-packages/airflow/example_dags/example_dag_decorator.py for tasks to queue
[2024-06-07T14:07:20.789+0000] {logging_mixin.py:188} INFO - [2024-06-07T14:07:20.787+0000] {dagbag.py:545} INFO - Filling up the DagBag from /home/airflow/.local/lib/python3.12/site-packages/airflow/example_dags/example_dag_decorator.py
[2024-06-07T14:07:21.199+0000] {processor.py:840} INFO - DAG(s) 'example_dag_decorator' retrieved from /home/airflow/.local/lib/python3.12/site-packages/airflow/example_dags/example_dag_decorator.py
[2024-06-07T14:07:21.623+0000] {logging_mixin.py:188} INFO - [2024-06-07T14:07:21.623+0000] {dag.py:3096} INFO - Sync 1 DAGs
[2024-06-07T14:07:21.638+0000] {logging_mixin.py:188} INFO - [2024-06-07T14:07:21.638+0000] {dag.py:3954} INFO - Setting next_dagrun for example_dag_decorator to None, run_after=None
[2024-06-07T14:07:21.696+0000] {processor.py:183} INFO - Processing /home/airflow/.local/lib/python3.12/site-packages/airflow/example_dags/example_dag_decorator.py took 0.953 seconds
[2024-06-07T14:07:52.159+0000] {processor.py:161} INFO - Started process (PID=788) to work on /home/airflow/.local/lib/python3.12/site-packages/airflow/example_dags/example_dag_decorator.py
[2024-06-07T14:07:52.160+0000] {processor.py:830} INFO - Processing file /home/airflow/.local/lib/python3.12/site-packages/airflow/example_dags/example_dag_decorator.py for tasks to queue
[2024-06-07T14:07:52.163+0000] {logging_mixin.py:188} INFO - [2024-06-07T14:07:52.162+0000] {dagbag.py:545} INFO - Filling up the DagBag from /home/airflow/.local/lib/python3.12/site-packages/airflow/example_dags/example_dag_decorator.py
[2024-06-07T14:07:52.269+0000] {processor.py:840} INFO - DAG(s) 'example_dag_decorator' retrieved from /home/airflow/.local/lib/python3.12/site-packages/airflow/example_dags/example_dag_decorator.py
[2024-06-07T14:07:52.383+0000] {logging_mixin.py:188} INFO - [2024-06-07T14:07:52.382+0000] {dag.py:3096} INFO - Sync 1 DAGs
[2024-06-07T14:07:52.396+0000] {logging_mixin.py:188} INFO - [2024-06-07T14:07:52.395+0000] {dag.py:3954} INFO - Setting next_dagrun for example_dag_decorator to None, run_after=None
[2024-06-07T14:07:52.417+0000] {processor.py:183} INFO - Processing /home/airflow/.local/lib/python3.12/site-packages/airflow/example_dags/example_dag_decorator.py took 0.269 seconds
[2024-06-07T14:08:22.844+0000] {processor.py:161} INFO - Started process (PID=848) to work on /home/airflow/.local/lib/python3.12/site-packages/airflow/example_dags/example_dag_decorator.py
[2024-06-07T14:08:22.850+0000] {processor.py:830} INFO - Processing file /home/airflow/.local/lib/python3.12/site-packages/airflow/example_dags/example_dag_decorator.py for tasks to queue
[2024-06-07T14:08:22.857+0000] {logging_mixin.py:188} INFO - [2024-06-07T14:08:22.855+0000] {dagbag.py:545} INFO - Filling up the DagBag from /home/airflow/.local/lib/python3.12/site-packages/airflow/example_dags/example_dag_decorator.py
[2024-06-07T14:08:23.049+0000] {processor.py:840} INFO - DAG(s) 'example_dag_decorator' retrieved from /home/airflow/.local/lib/python3.12/site-packages/airflow/example_dags/example_dag_decorator.py
[2024-06-07T14:08:23.253+0000] {logging_mixin.py:188} INFO - [2024-06-07T14:08:23.252+0000] {dag.py:3096} INFO - Sync 1 DAGs
[2024-06-07T14:08:23.282+0000] {logging_mixin.py:188} INFO - [2024-06-07T14:08:23.281+0000] {dag.py:3954} INFO - Setting next_dagrun for example_dag_decorator to None, run_after=None
[2024-06-07T14:08:23.318+0000] {processor.py:183} INFO - Processing /home/airflow/.local/lib/python3.12/site-packages/airflow/example_dags/example_dag_decorator.py took 0.487 seconds
[2024-06-07T14:08:53.450+0000] {processor.py:161} INFO - Started process (PID=909) to work on /home/airflow/.local/lib/python3.12/site-packages/airflow/example_dags/example_dag_decorator.py
[2024-06-07T14:08:53.451+0000] {processor.py:830} INFO - Processing file /home/airflow/.local/lib/python3.12/site-packages/airflow/example_dags/example_dag_decorator.py for tasks to queue
[2024-06-07T14:08:53.453+0000] {logging_mixin.py:188} INFO - [2024-06-07T14:08:53.452+0000] {dagbag.py:545} INFO - Filling up the DagBag from /home/airflow/.local/lib/python3.12/site-packages/airflow/example_dags/example_dag_decorator.py
[2024-06-07T14:08:53.553+0000] {processor.py:840} INFO - DAG(s) 'example_dag_decorator' retrieved from /home/airflow/.local/lib/python3.12/site-packages/airflow/example_dags/example_dag_decorator.py
[2024-06-07T14:08:53.789+0000] {logging_mixin.py:188} INFO - [2024-06-07T14:08:53.789+0000] {dag.py:3096} INFO - Sync 1 DAGs
[2024-06-07T14:08:53.799+0000] {logging_mixin.py:188} INFO - [2024-06-07T14:08:53.799+0000] {dag.py:3954} INFO - Setting next_dagrun for example_dag_decorator to None, run_after=None
[2024-06-07T14:08:53.817+0000] {processor.py:183} INFO - Processing /home/airflow/.local/lib/python3.12/site-packages/airflow/example_dags/example_dag_decorator.py took 0.374 seconds
[2024-06-07T14:09:24.230+0000] {processor.py:161} INFO - Started process (PID=972) to work on /home/airflow/.local/lib/python3.12/site-packages/airflow/example_dags/example_dag_decorator.py
[2024-06-07T14:09:24.232+0000] {processor.py:830} INFO - Processing file /home/airflow/.local/lib/python3.12/site-packages/airflow/example_dags/example_dag_decorator.py for tasks to queue
[2024-06-07T14:09:24.234+0000] {logging_mixin.py:188} INFO - [2024-06-07T14:09:24.234+0000] {dagbag.py:545} INFO - Filling up the DagBag from /home/airflow/.local/lib/python3.12/site-packages/airflow/example_dags/example_dag_decorator.py
[2024-06-07T14:09:24.364+0000] {processor.py:840} INFO - DAG(s) 'example_dag_decorator' retrieved from /home/airflow/.local/lib/python3.12/site-packages/airflow/example_dags/example_dag_decorator.py
[2024-06-07T14:09:24.751+0000] {logging_mixin.py:188} INFO - [2024-06-07T14:09:24.751+0000] {dag.py:3096} INFO - Sync 1 DAGs
[2024-06-07T14:09:24.768+0000] {logging_mixin.py:188} INFO - [2024-06-07T14:09:24.768+0000] {dag.py:3954} INFO - Setting next_dagrun for example_dag_decorator to None, run_after=None
[2024-06-07T14:09:24.808+0000] {processor.py:183} INFO - Processing /home/airflow/.local/lib/python3.12/site-packages/airflow/example_dags/example_dag_decorator.py took 0.587 seconds
[2024-06-07T14:09:55.000+0000] {processor.py:161} INFO - Started process (PID=1034) to work on /home/airflow/.local/lib/python3.12/site-packages/airflow/example_dags/example_dag_decorator.py
[2024-06-07T14:09:55.003+0000] {processor.py:830} INFO - Processing file /home/airflow/.local/lib/python3.12/site-packages/airflow/example_dags/example_dag_decorator.py for tasks to queue
[2024-06-07T14:09:55.007+0000] {logging_mixin.py:188} INFO - [2024-06-07T14:09:55.007+0000] {dagbag.py:545} INFO - Filling up the DagBag from /home/airflow/.local/lib/python3.12/site-packages/airflow/example_dags/example_dag_decorator.py
[2024-06-07T14:09:55.175+0000] {processor.py:840} INFO - DAG(s) 'example_dag_decorator' retrieved from /home/airflow/.local/lib/python3.12/site-packages/airflow/example_dags/example_dag_decorator.py
[2024-06-07T14:09:55.443+0000] {logging_mixin.py:188} INFO - [2024-06-07T14:09:55.442+0000] {dag.py:3096} INFO - Sync 1 DAGs
[2024-06-07T14:09:55.454+0000] {logging_mixin.py:188} INFO - [2024-06-07T14:09:55.453+0000] {dag.py:3954} INFO - Setting next_dagrun for example_dag_decorator to None, run_after=None
[2024-06-07T14:09:55.474+0000] {processor.py:183} INFO - Processing /home/airflow/.local/lib/python3.12/site-packages/airflow/example_dags/example_dag_decorator.py took 0.490 seconds
[2024-06-07T14:10:25.593+0000] {processor.py:161} INFO - Started process (PID=1094) to work on /home/airflow/.local/lib/python3.12/site-packages/airflow/example_dags/example_dag_decorator.py
[2024-06-07T14:10:25.595+0000] {processor.py:830} INFO - Processing file /home/airflow/.local/lib/python3.12/site-packages/airflow/example_dags/example_dag_decorator.py for tasks to queue
[2024-06-07T14:10:25.597+0000] {logging_mixin.py:188} INFO - [2024-06-07T14:10:25.597+0000] {dagbag.py:545} INFO - Filling up the DagBag from /home/airflow/.local/lib/python3.12/site-packages/airflow/example_dags/example_dag_decorator.py
[2024-06-07T14:10:25.770+0000] {processor.py:840} INFO - DAG(s) 'example_dag_decorator' retrieved from /home/airflow/.local/lib/python3.12/site-packages/airflow/example_dags/example_dag_decorator.py
[2024-06-07T14:10:25.973+0000] {logging_mixin.py:188} INFO - [2024-06-07T14:10:25.973+0000] {dag.py:3096} INFO - Sync 1 DAGs
[2024-06-07T14:10:26.181+0000] {logging_mixin.py:188} INFO - [2024-06-07T14:10:26.180+0000] {dag.py:3954} INFO - Setting next_dagrun for example_dag_decorator to None, run_after=None
[2024-06-07T14:10:26.209+0000] {processor.py:183} INFO - Processing /home/airflow/.local/lib/python3.12/site-packages/airflow/example_dags/example_dag_decorator.py took 0.626 seconds
[2024-06-07T14:10:56.568+0000] {processor.py:161} INFO - Started process (PID=1154) to work on /home/airflow/.local/lib/python3.12/site-packages/airflow/example_dags/example_dag_decorator.py
[2024-06-07T14:10:56.570+0000] {processor.py:830} INFO - Processing file /home/airflow/.local/lib/python3.12/site-packages/airflow/example_dags/example_dag_decorator.py for tasks to queue
[2024-06-07T14:10:56.572+0000] {logging_mixin.py:188} INFO - [2024-06-07T14:10:56.572+0000] {dagbag.py:545} INFO - Filling up the DagBag from /home/airflow/.local/lib/python3.12/site-packages/airflow/example_dags/example_dag_decorator.py
[2024-06-07T14:10:56.697+0000] {processor.py:840} INFO - DAG(s) 'example_dag_decorator' retrieved from /home/airflow/.local/lib/python3.12/site-packages/airflow/example_dags/example_dag_decorator.py
[2024-06-07T14:10:57.011+0000] {logging_mixin.py:188} INFO - [2024-06-07T14:10:57.011+0000] {dag.py:3096} INFO - Sync 1 DAGs
[2024-06-07T14:10:57.023+0000] {logging_mixin.py:188} INFO - [2024-06-07T14:10:57.023+0000] {dag.py:3954} INFO - Setting next_dagrun for example_dag_decorator to None, run_after=None
[2024-06-07T14:10:57.048+0000] {processor.py:183} INFO - Processing /home/airflow/.local/lib/python3.12/site-packages/airflow/example_dags/example_dag_decorator.py took 0.491 seconds
[2024-06-07T14:11:27.329+0000] {processor.py:161} INFO - Started process (PID=1214) to work on /home/airflow/.local/lib/python3.12/site-packages/airflow/example_dags/example_dag_decorator.py
[2024-06-07T14:11:27.332+0000] {processor.py:830} INFO - Processing file /home/airflow/.local/lib/python3.12/site-packages/airflow/example_dags/example_dag_decorator.py for tasks to queue
[2024-06-07T14:11:27.335+0000] {logging_mixin.py:188} INFO - [2024-06-07T14:11:27.335+0000] {dagbag.py:545} INFO - Filling up the DagBag from /home/airflow/.local/lib/python3.12/site-packages/airflow/example_dags/example_dag_decorator.py
[2024-06-07T14:11:27.487+0000] {processor.py:840} INFO - DAG(s) 'example_dag_decorator' retrieved from /home/airflow/.local/lib/python3.12/site-packages/airflow/example_dags/example_dag_decorator.py
[2024-06-07T14:11:28.014+0000] {logging_mixin.py:188} INFO - [2024-06-07T14:11:28.014+0000] {dag.py:3096} INFO - Sync 1 DAGs
[2024-06-07T14:11:28.028+0000] {logging_mixin.py:188} INFO - [2024-06-07T14:11:28.028+0000] {dag.py:3954} INFO - Setting next_dagrun for example_dag_decorator to None, run_after=None
[2024-06-07T14:11:28.059+0000] {processor.py:183} INFO - Processing /home/airflow/.local/lib/python3.12/site-packages/airflow/example_dags/example_dag_decorator.py took 0.746 seconds
[2024-06-07T14:11:58.453+0000] {processor.py:161} INFO - Started process (PID=1273) to work on /home/airflow/.local/lib/python3.12/site-packages/airflow/example_dags/example_dag_decorator.py
[2024-06-07T14:11:58.462+0000] {processor.py:830} INFO - Processing file /home/airflow/.local/lib/python3.12/site-packages/airflow/example_dags/example_dag_decorator.py for tasks to queue
[2024-06-07T14:11:58.473+0000] {logging_mixin.py:188} INFO - [2024-06-07T14:11:58.471+0000] {dagbag.py:545} INFO - Filling up the DagBag from /home/airflow/.local/lib/python3.12/site-packages/airflow/example_dags/example_dag_decorator.py
[2024-06-07T14:11:58.701+0000] {processor.py:840} INFO - DAG(s) 'example_dag_decorator' retrieved from /home/airflow/.local/lib/python3.12/site-packages/airflow/example_dags/example_dag_decorator.py
[2024-06-07T14:11:59.582+0000] {logging_mixin.py:188} INFO - [2024-06-07T14:11:59.581+0000] {dag.py:3096} INFO - Sync 1 DAGs
[2024-06-07T14:11:59.665+0000] {logging_mixin.py:188} INFO - [2024-06-07T14:11:59.664+0000] {dag.py:3954} INFO - Setting next_dagrun for example_dag_decorator to None, run_after=None
[2024-06-07T14:11:59.772+0000] {processor.py:183} INFO - Processing /home/airflow/.local/lib/python3.12/site-packages/airflow/example_dags/example_dag_decorator.py took 1.339 seconds
[2024-06-07T14:12:30.373+0000] {processor.py:161} INFO - Started process (PID=1332) to work on /home/airflow/.local/lib/python3.12/site-packages/airflow/example_dags/example_dag_decorator.py
[2024-06-07T14:12:30.374+0000] {processor.py:830} INFO - Processing file /home/airflow/.local/lib/python3.12/site-packages/airflow/example_dags/example_dag_decorator.py for tasks to queue
[2024-06-07T14:12:30.377+0000] {logging_mixin.py:188} INFO - [2024-06-07T14:12:30.376+0000] {dagbag.py:545} INFO - Filling up the DagBag from /home/airflow/.local/lib/python3.12/site-packages/airflow/example_dags/example_dag_decorator.py
[2024-06-07T14:12:30.482+0000] {processor.py:840} INFO - DAG(s) 'example_dag_decorator' retrieved from /home/airflow/.local/lib/python3.12/site-packages/airflow/example_dags/example_dag_decorator.py
[2024-06-07T14:12:30.718+0000] {logging_mixin.py:188} INFO - [2024-06-07T14:12:30.718+0000] {dag.py:3096} INFO - Sync 1 DAGs
[2024-06-07T14:12:30.729+0000] {logging_mixin.py:188} INFO - [2024-06-07T14:12:30.729+0000] {dag.py:3954} INFO - Setting next_dagrun for example_dag_decorator to None, run_after=None
[2024-06-07T14:12:30.751+0000] {processor.py:183} INFO - Processing /home/airflow/.local/lib/python3.12/site-packages/airflow/example_dags/example_dag_decorator.py took 0.384 seconds
[2024-06-07T14:13:01.051+0000] {processor.py:161} INFO - Started process (PID=1392) to work on /home/airflow/.local/lib/python3.12/site-packages/airflow/example_dags/example_dag_decorator.py
[2024-06-07T14:13:01.053+0000] {processor.py:830} INFO - Processing file /home/airflow/.local/lib/python3.12/site-packages/airflow/example_dags/example_dag_decorator.py for tasks to queue
[2024-06-07T14:13:01.057+0000] {logging_mixin.py:188} INFO - [2024-06-07T14:13:01.056+0000] {dagbag.py:545} INFO - Filling up the DagBag from /home/airflow/.local/lib/python3.12/site-packages/airflow/example_dags/example_dag_decorator.py
[2024-06-07T14:13:01.288+0000] {processor.py:840} INFO - DAG(s) 'example_dag_decorator' retrieved from /home/airflow/.local/lib/python3.12/site-packages/airflow/example_dags/example_dag_decorator.py
[2024-06-07T14:13:01.853+0000] {logging_mixin.py:188} INFO - [2024-06-07T14:13:01.852+0000] {dag.py:3096} INFO - Sync 1 DAGs
[2024-06-07T14:13:01.890+0000] {logging_mixin.py:188} INFO - [2024-06-07T14:13:01.889+0000] {dag.py:3954} INFO - Setting next_dagrun for example_dag_decorator to None, run_after=None
[2024-06-07T14:13:01.971+0000] {processor.py:183} INFO - Processing /home/airflow/.local/lib/python3.12/site-packages/airflow/example_dags/example_dag_decorator.py took 0.931 seconds
[2024-06-07T14:13:32.605+0000] {processor.py:161} INFO - Started process (PID=1453) to work on /home/airflow/.local/lib/python3.12/site-packages/airflow/example_dags/example_dag_decorator.py
[2024-06-07T14:13:32.606+0000] {processor.py:830} INFO - Processing file /home/airflow/.local/lib/python3.12/site-packages/airflow/example_dags/example_dag_decorator.py for tasks to queue
[2024-06-07T14:13:32.608+0000] {logging_mixin.py:188} INFO - [2024-06-07T14:13:32.608+0000] {dagbag.py:545} INFO - Filling up the DagBag from /home/airflow/.local/lib/python3.12/site-packages/airflow/example_dags/example_dag_decorator.py
[2024-06-07T14:13:32.716+0000] {processor.py:840} INFO - DAG(s) 'example_dag_decorator' retrieved from /home/airflow/.local/lib/python3.12/site-packages/airflow/example_dags/example_dag_decorator.py
[2024-06-07T14:13:32.949+0000] {logging_mixin.py:188} INFO - [2024-06-07T14:13:32.948+0000] {dag.py:3096} INFO - Sync 1 DAGs
[2024-06-07T14:13:32.958+0000] {logging_mixin.py:188} INFO - [2024-06-07T14:13:32.958+0000] {dag.py:3954} INFO - Setting next_dagrun for example_dag_decorator to None, run_after=None
[2024-06-07T14:13:32.977+0000] {processor.py:183} INFO - Processing /home/airflow/.local/lib/python3.12/site-packages/airflow/example_dags/example_dag_decorator.py took 0.379 seconds
[2024-06-07T14:14:03.029+0000] {processor.py:161} INFO - Started process (PID=1515) to work on /home/airflow/.local/lib/python3.12/site-packages/airflow/example_dags/example_dag_decorator.py
[2024-06-07T14:14:03.030+0000] {processor.py:830} INFO - Processing file /home/airflow/.local/lib/python3.12/site-packages/airflow/example_dags/example_dag_decorator.py for tasks to queue
[2024-06-07T14:14:03.033+0000] {logging_mixin.py:188} INFO - [2024-06-07T14:14:03.032+0000] {dagbag.py:545} INFO - Filling up the DagBag from /home/airflow/.local/lib/python3.12/site-packages/airflow/example_dags/example_dag_decorator.py
[2024-06-07T14:14:03.129+0000] {processor.py:840} INFO - DAG(s) 'example_dag_decorator' retrieved from /home/airflow/.local/lib/python3.12/site-packages/airflow/example_dags/example_dag_decorator.py
[2024-06-07T14:14:03.350+0000] {logging_mixin.py:188} INFO - [2024-06-07T14:14:03.349+0000] {dag.py:3096} INFO - Sync 1 DAGs
[2024-06-07T14:14:03.359+0000] {logging_mixin.py:188} INFO - [2024-06-07T14:14:03.359+0000] {dag.py:3954} INFO - Setting next_dagrun for example_dag_decorator to None, run_after=None
[2024-06-07T14:14:03.380+0000] {processor.py:183} INFO - Processing /home/airflow/.local/lib/python3.12/site-packages/airflow/example_dags/example_dag_decorator.py took 0.357 seconds
[2024-06-07T14:14:34.305+0000] {processor.py:161} INFO - Started process (PID=1575) to work on /home/airflow/.local/lib/python3.12/site-packages/airflow/example_dags/example_dag_decorator.py
[2024-06-07T14:14:34.307+0000] {processor.py:830} INFO - Processing file /home/airflow/.local/lib/python3.12/site-packages/airflow/example_dags/example_dag_decorator.py for tasks to queue
[2024-06-07T14:14:34.310+0000] {logging_mixin.py:188} INFO - [2024-06-07T14:14:34.309+0000] {dagbag.py:545} INFO - Filling up the DagBag from /home/airflow/.local/lib/python3.12/site-packages/airflow/example_dags/example_dag_decorator.py
[2024-06-07T14:14:34.474+0000] {processor.py:840} INFO - DAG(s) 'example_dag_decorator' retrieved from /home/airflow/.local/lib/python3.12/site-packages/airflow/example_dags/example_dag_decorator.py
[2024-06-07T14:14:34.827+0000] {logging_mixin.py:188} INFO - [2024-06-07T14:14:34.827+0000] {dag.py:3096} INFO - Sync 1 DAGs
[2024-06-07T14:14:34.842+0000] {logging_mixin.py:188} INFO - [2024-06-07T14:14:34.841+0000] {dag.py:3954} INFO - Setting next_dagrun for example_dag_decorator to None, run_after=None
[2024-06-07T14:14:34.873+0000] {processor.py:183} INFO - Processing /home/airflow/.local/lib/python3.12/site-packages/airflow/example_dags/example_dag_decorator.py took 0.575 seconds
[2024-06-07T14:15:05.667+0000] {processor.py:161} INFO - Started process (PID=1637) to work on /home/airflow/.local/lib/python3.12/site-packages/airflow/example_dags/example_dag_decorator.py
[2024-06-07T14:15:05.668+0000] {processor.py:830} INFO - Processing file /home/airflow/.local/lib/python3.12/site-packages/airflow/example_dags/example_dag_decorator.py for tasks to queue
[2024-06-07T14:15:05.670+0000] {logging_mixin.py:188} INFO - [2024-06-07T14:15:05.670+0000] {dagbag.py:545} INFO - Filling up the DagBag from /home/airflow/.local/lib/python3.12/site-packages/airflow/example_dags/example_dag_decorator.py
[2024-06-07T14:15:05.800+0000] {processor.py:840} INFO - DAG(s) 'example_dag_decorator' retrieved from /home/airflow/.local/lib/python3.12/site-packages/airflow/example_dags/example_dag_decorator.py
[2024-06-07T14:15:06.036+0000] {logging_mixin.py:188} INFO - [2024-06-07T14:15:06.035+0000] {dag.py:3096} INFO - Sync 1 DAGs
[2024-06-07T14:15:06.047+0000] {logging_mixin.py:188} INFO - [2024-06-07T14:15:06.046+0000] {dag.py:3954} INFO - Setting next_dagrun for example_dag_decorator to None, run_after=None
[2024-06-07T14:15:06.065+0000] {processor.py:183} INFO - Processing /home/airflow/.local/lib/python3.12/site-packages/airflow/example_dags/example_dag_decorator.py took 0.407 seconds
[2024-06-07T14:15:36.303+0000] {processor.py:161} INFO - Started process (PID=1697) to work on /home/airflow/.local/lib/python3.12/site-packages/airflow/example_dags/example_dag_decorator.py
[2024-06-07T14:15:36.305+0000] {processor.py:830} INFO - Processing file /home/airflow/.local/lib/python3.12/site-packages/airflow/example_dags/example_dag_decorator.py for tasks to queue
[2024-06-07T14:15:36.307+0000] {logging_mixin.py:188} INFO - [2024-06-07T14:15:36.307+0000] {dagbag.py:545} INFO - Filling up the DagBag from /home/airflow/.local/lib/python3.12/site-packages/airflow/example_dags/example_dag_decorator.py
[2024-06-07T14:15:36.625+0000] {processor.py:840} INFO - DAG(s) 'example_dag_decorator' retrieved from /home/airflow/.local/lib/python3.12/site-packages/airflow/example_dags/example_dag_decorator.py
[2024-06-07T14:15:36.760+0000] {logging_mixin.py:188} INFO - [2024-06-07T14:15:36.759+0000] {dag.py:3096} INFO - Sync 1 DAGs
[2024-06-07T14:15:36.777+0000] {logging_mixin.py:188} INFO - [2024-06-07T14:15:36.777+0000] {dag.py:3954} INFO - Setting next_dagrun for example_dag_decorator to None, run_after=None
[2024-06-07T14:15:36.800+0000] {processor.py:183} INFO - Processing /home/airflow/.local/lib/python3.12/site-packages/airflow/example_dags/example_dag_decorator.py took 0.506 seconds
[2024-06-07T14:16:07.090+0000] {processor.py:161} INFO - Started process (PID=1757) to work on /home/airflow/.local/lib/python3.12/site-packages/airflow/example_dags/example_dag_decorator.py
[2024-06-07T14:16:07.091+0000] {processor.py:830} INFO - Processing file /home/airflow/.local/lib/python3.12/site-packages/airflow/example_dags/example_dag_decorator.py for tasks to queue
[2024-06-07T14:16:07.093+0000] {logging_mixin.py:188} INFO - [2024-06-07T14:16:07.093+0000] {dagbag.py:545} INFO - Filling up the DagBag from /home/airflow/.local/lib/python3.12/site-packages/airflow/example_dags/example_dag_decorator.py
[2024-06-07T14:16:07.380+0000] {processor.py:840} INFO - DAG(s) 'example_dag_decorator' retrieved from /home/airflow/.local/lib/python3.12/site-packages/airflow/example_dags/example_dag_decorator.py
[2024-06-07T14:16:07.487+0000] {logging_mixin.py:188} INFO - [2024-06-07T14:16:07.487+0000] {dag.py:3096} INFO - Sync 1 DAGs
[2024-06-07T14:16:07.498+0000] {logging_mixin.py:188} INFO - [2024-06-07T14:16:07.498+0000] {dag.py:3954} INFO - Setting next_dagrun for example_dag_decorator to None, run_after=None
[2024-06-07T14:16:07.521+0000] {processor.py:183} INFO - Processing /home/airflow/.local/lib/python3.12/site-packages/airflow/example_dags/example_dag_decorator.py took 0.438 seconds
[2024-06-07T14:16:37.568+0000] {processor.py:161} INFO - Started process (PID=1818) to work on /home/airflow/.local/lib/python3.12/site-packages/airflow/example_dags/example_dag_decorator.py
[2024-06-07T14:16:37.569+0000] {processor.py:830} INFO - Processing file /home/airflow/.local/lib/python3.12/site-packages/airflow/example_dags/example_dag_decorator.py for tasks to queue
[2024-06-07T14:16:37.572+0000] {logging_mixin.py:188} INFO - [2024-06-07T14:16:37.571+0000] {dagbag.py:545} INFO - Filling up the DagBag from /home/airflow/.local/lib/python3.12/site-packages/airflow/example_dags/example_dag_decorator.py
[2024-06-07T14:16:37.820+0000] {processor.py:840} INFO - DAG(s) 'example_dag_decorator' retrieved from /home/airflow/.local/lib/python3.12/site-packages/airflow/example_dags/example_dag_decorator.py
[2024-06-07T14:16:37.927+0000] {logging_mixin.py:188} INFO - [2024-06-07T14:16:37.926+0000] {dag.py:3096} INFO - Sync 1 DAGs
[2024-06-07T14:16:37.938+0000] {logging_mixin.py:188} INFO - [2024-06-07T14:16:37.938+0000] {dag.py:3954} INFO - Setting next_dagrun for example_dag_decorator to None, run_after=None
[2024-06-07T14:16:37.963+0000] {processor.py:183} INFO - Processing /home/airflow/.local/lib/python3.12/site-packages/airflow/example_dags/example_dag_decorator.py took 0.402 seconds
[2024-06-07T14:17:08.067+0000] {processor.py:161} INFO - Started process (PID=1875) to work on /home/airflow/.local/lib/python3.12/site-packages/airflow/example_dags/example_dag_decorator.py
[2024-06-07T14:17:08.069+0000] {processor.py:830} INFO - Processing file /home/airflow/.local/lib/python3.12/site-packages/airflow/example_dags/example_dag_decorator.py for tasks to queue
[2024-06-07T14:17:08.071+0000] {logging_mixin.py:188} INFO - [2024-06-07T14:17:08.071+0000] {dagbag.py:545} INFO - Filling up the DagBag from /home/airflow/.local/lib/python3.12/site-packages/airflow/example_dags/example_dag_decorator.py
[2024-06-07T14:17:08.331+0000] {processor.py:840} INFO - DAG(s) 'example_dag_decorator' retrieved from /home/airflow/.local/lib/python3.12/site-packages/airflow/example_dags/example_dag_decorator.py
[2024-06-07T14:17:08.450+0000] {logging_mixin.py:188} INFO - [2024-06-07T14:17:08.450+0000] {dag.py:3096} INFO - Sync 1 DAGs
[2024-06-07T14:17:08.460+0000] {logging_mixin.py:188} INFO - [2024-06-07T14:17:08.459+0000] {dag.py:3954} INFO - Setting next_dagrun for example_dag_decorator to None, run_after=None
[2024-06-07T14:17:08.482+0000] {processor.py:183} INFO - Processing /home/airflow/.local/lib/python3.12/site-packages/airflow/example_dags/example_dag_decorator.py took 0.421 seconds
[2024-06-07T14:17:39.386+0000] {processor.py:161} INFO - Started process (PID=1936) to work on /home/airflow/.local/lib/python3.12/site-packages/airflow/example_dags/example_dag_decorator.py
[2024-06-07T14:17:39.388+0000] {processor.py:830} INFO - Processing file /home/airflow/.local/lib/python3.12/site-packages/airflow/example_dags/example_dag_decorator.py for tasks to queue
[2024-06-07T14:17:39.391+0000] {logging_mixin.py:188} INFO - [2024-06-07T14:17:39.390+0000] {dagbag.py:545} INFO - Filling up the DagBag from /home/airflow/.local/lib/python3.12/site-packages/airflow/example_dags/example_dag_decorator.py
[2024-06-07T14:17:39.515+0000] {processor.py:840} INFO - DAG(s) 'example_dag_decorator' retrieved from /home/airflow/.local/lib/python3.12/site-packages/airflow/example_dags/example_dag_decorator.py
[2024-06-07T14:17:39.640+0000] {logging_mixin.py:188} INFO - [2024-06-07T14:17:39.640+0000] {dag.py:3096} INFO - Sync 1 DAGs
[2024-06-07T14:17:39.653+0000] {logging_mixin.py:188} INFO - [2024-06-07T14:17:39.652+0000] {dag.py:3954} INFO - Setting next_dagrun for example_dag_decorator to None, run_after=None
[2024-06-07T14:17:39.677+0000] {processor.py:183} INFO - Processing /home/airflow/.local/lib/python3.12/site-packages/airflow/example_dags/example_dag_decorator.py took 0.297 seconds
[2024-06-07T14:18:09.810+0000] {processor.py:161} INFO - Started process (PID=1998) to work on /home/airflow/.local/lib/python3.12/site-packages/airflow/example_dags/example_dag_decorator.py
[2024-06-07T14:18:09.811+0000] {processor.py:830} INFO - Processing file /home/airflow/.local/lib/python3.12/site-packages/airflow/example_dags/example_dag_decorator.py for tasks to queue
[2024-06-07T14:18:09.814+0000] {logging_mixin.py:188} INFO - [2024-06-07T14:18:09.814+0000] {dagbag.py:545} INFO - Filling up the DagBag from /home/airflow/.local/lib/python3.12/site-packages/airflow/example_dags/example_dag_decorator.py
[2024-06-07T14:18:09.933+0000] {processor.py:840} INFO - DAG(s) 'example_dag_decorator' retrieved from /home/airflow/.local/lib/python3.12/site-packages/airflow/example_dags/example_dag_decorator.py
[2024-06-07T14:18:10.049+0000] {logging_mixin.py:188} INFO - [2024-06-07T14:18:10.049+0000] {dag.py:3096} INFO - Sync 1 DAGs
[2024-06-07T14:18:10.060+0000] {logging_mixin.py:188} INFO - [2024-06-07T14:18:10.060+0000] {dag.py:3954} INFO - Setting next_dagrun for example_dag_decorator to None, run_after=None
[2024-06-07T14:18:10.080+0000] {processor.py:183} INFO - Processing /home/airflow/.local/lib/python3.12/site-packages/airflow/example_dags/example_dag_decorator.py took 0.276 seconds
