[2024-06-07T14:01:50.503+0000] {processor.py:161} INFO - Started process (PID=80) to work on /home/airflow/.local/lib/python3.12/site-packages/airflow/example_dags/example_branch_python_dop_operator_3.py
[2024-06-07T14:01:50.507+0000] {processor.py:830} INFO - Processing file /home/airflow/.local/lib/python3.12/site-packages/airflow/example_dags/example_branch_python_dop_operator_3.py for tasks to queue
[2024-06-07T14:01:50.511+0000] {logging_mixin.py:188} INFO - [2024-06-07T14:01:50.511+0000] {dagbag.py:545} INFO - Filling up the DagBag from /home/airflow/.local/lib/python3.12/site-packages/airflow/example_dags/example_branch_python_dop_operator_3.py
[2024-06-07T14:01:50.544+0000] {processor.py:840} INFO - DAG(s) 'example_branch_dop_operator_v3' retrieved from /home/airflow/.local/lib/python3.12/site-packages/airflow/example_dags/example_branch_python_dop_operator_3.py
[2024-06-07T14:01:50.982+0000] {logging_mixin.py:188} INFO - [2024-06-07T14:01:50.982+0000] {dag.py:3096} INFO - Sync 1 DAGs
[2024-06-07T14:01:51.103+0000] {logging_mixin.py:188} INFO - [2024-06-07T14:01:51.103+0000] {dag.py:3954} INFO - Setting next_dagrun for example_branch_dop_operator_v3 to 2024-06-07 14:00:00+00:00, run_after=2024-06-07 14:01:00+00:00
[2024-06-07T14:01:51.153+0000] {processor.py:183} INFO - Processing /home/airflow/.local/lib/python3.12/site-packages/airflow/example_dags/example_branch_python_dop_operator_3.py took 0.671 seconds
[2024-06-07T14:02:21.628+0000] {processor.py:161} INFO - Started process (PID=152) to work on /home/airflow/.local/lib/python3.12/site-packages/airflow/example_dags/example_branch_python_dop_operator_3.py
[2024-06-07T14:02:21.630+0000] {processor.py:830} INFO - Processing file /home/airflow/.local/lib/python3.12/site-packages/airflow/example_dags/example_branch_python_dop_operator_3.py for tasks to queue
[2024-06-07T14:02:21.633+0000] {logging_mixin.py:188} INFO - [2024-06-07T14:02:21.632+0000] {dagbag.py:545} INFO - Filling up the DagBag from /home/airflow/.local/lib/python3.12/site-packages/airflow/example_dags/example_branch_python_dop_operator_3.py
[2024-06-07T14:02:21.656+0000] {processor.py:840} INFO - DAG(s) 'example_branch_dop_operator_v3' retrieved from /home/airflow/.local/lib/python3.12/site-packages/airflow/example_dags/example_branch_python_dop_operator_3.py
[2024-06-07T14:02:21.704+0000] {logging_mixin.py:188} INFO - [2024-06-07T14:02:21.703+0000] {dag.py:3096} INFO - Sync 1 DAGs
[2024-06-07T14:02:21.785+0000] {logging_mixin.py:188} INFO - [2024-06-07T14:02:21.785+0000] {dag.py:3954} INFO - Setting next_dagrun for example_branch_dop_operator_v3 to 2024-06-07 14:01:00+00:00, run_after=2024-06-07 14:02:00+00:00
[2024-06-07T14:02:21.840+0000] {processor.py:183} INFO - Processing /home/airflow/.local/lib/python3.12/site-packages/airflow/example_dags/example_branch_python_dop_operator_3.py took 0.228 seconds
[2024-06-07T14:02:52.536+0000] {processor.py:161} INFO - Started process (PID=212) to work on /home/airflow/.local/lib/python3.12/site-packages/airflow/example_dags/example_branch_python_dop_operator_3.py
[2024-06-07T14:02:52.538+0000] {processor.py:830} INFO - Processing file /home/airflow/.local/lib/python3.12/site-packages/airflow/example_dags/example_branch_python_dop_operator_3.py for tasks to queue
[2024-06-07T14:02:52.548+0000] {logging_mixin.py:188} INFO - [2024-06-07T14:02:52.544+0000] {dagbag.py:545} INFO - Filling up the DagBag from /home/airflow/.local/lib/python3.12/site-packages/airflow/example_dags/example_branch_python_dop_operator_3.py
[2024-06-07T14:02:52.565+0000] {processor.py:840} INFO - DAG(s) 'example_branch_dop_operator_v3' retrieved from /home/airflow/.local/lib/python3.12/site-packages/airflow/example_dags/example_branch_python_dop_operator_3.py
[2024-06-07T14:02:52.594+0000] {logging_mixin.py:188} INFO - [2024-06-07T14:02:52.593+0000] {dag.py:3096} INFO - Sync 1 DAGs
[2024-06-07T14:02:52.663+0000] {logging_mixin.py:188} INFO - [2024-06-07T14:02:52.663+0000] {dag.py:3954} INFO - Setting next_dagrun for example_branch_dop_operator_v3 to 2024-06-07 14:01:00+00:00, run_after=2024-06-07 14:02:00+00:00
[2024-06-07T14:02:52.758+0000] {processor.py:183} INFO - Processing /home/airflow/.local/lib/python3.12/site-packages/airflow/example_dags/example_branch_python_dop_operator_3.py took 0.239 seconds
[2024-06-07T14:03:22.931+0000] {processor.py:161} INFO - Started process (PID=272) to work on /home/airflow/.local/lib/python3.12/site-packages/airflow/example_dags/example_branch_python_dop_operator_3.py
[2024-06-07T14:03:22.933+0000] {processor.py:830} INFO - Processing file /home/airflow/.local/lib/python3.12/site-packages/airflow/example_dags/example_branch_python_dop_operator_3.py for tasks to queue
[2024-06-07T14:03:22.935+0000] {logging_mixin.py:188} INFO - [2024-06-07T14:03:22.935+0000] {dagbag.py:545} INFO - Filling up the DagBag from /home/airflow/.local/lib/python3.12/site-packages/airflow/example_dags/example_branch_python_dop_operator_3.py
[2024-06-07T14:03:22.949+0000] {processor.py:840} INFO - DAG(s) 'example_branch_dop_operator_v3' retrieved from /home/airflow/.local/lib/python3.12/site-packages/airflow/example_dags/example_branch_python_dop_operator_3.py
[2024-06-07T14:03:22.978+0000] {logging_mixin.py:188} INFO - [2024-06-07T14:03:22.977+0000] {dag.py:3096} INFO - Sync 1 DAGs
[2024-06-07T14:03:23.017+0000] {logging_mixin.py:188} INFO - [2024-06-07T14:03:23.016+0000] {dag.py:3954} INFO - Setting next_dagrun for example_branch_dop_operator_v3 to 2024-06-07 14:02:00+00:00, run_after=2024-06-07 14:03:00+00:00
[2024-06-07T14:03:23.038+0000] {processor.py:183} INFO - Processing /home/airflow/.local/lib/python3.12/site-packages/airflow/example_dags/example_branch_python_dop_operator_3.py took 0.117 seconds
[2024-06-07T14:03:53.089+0000] {processor.py:161} INFO - Started process (PID=332) to work on /home/airflow/.local/lib/python3.12/site-packages/airflow/example_dags/example_branch_python_dop_operator_3.py
[2024-06-07T14:03:53.091+0000] {processor.py:830} INFO - Processing file /home/airflow/.local/lib/python3.12/site-packages/airflow/example_dags/example_branch_python_dop_operator_3.py for tasks to queue
[2024-06-07T14:03:53.094+0000] {logging_mixin.py:188} INFO - [2024-06-07T14:03:53.094+0000] {dagbag.py:545} INFO - Filling up the DagBag from /home/airflow/.local/lib/python3.12/site-packages/airflow/example_dags/example_branch_python_dop_operator_3.py
[2024-06-07T14:03:53.103+0000] {processor.py:840} INFO - DAG(s) 'example_branch_dop_operator_v3' retrieved from /home/airflow/.local/lib/python3.12/site-packages/airflow/example_dags/example_branch_python_dop_operator_3.py
[2024-06-07T14:03:53.130+0000] {logging_mixin.py:188} INFO - [2024-06-07T14:03:53.129+0000] {dag.py:3096} INFO - Sync 1 DAGs
[2024-06-07T14:03:53.161+0000] {logging_mixin.py:188} INFO - [2024-06-07T14:03:53.161+0000] {dag.py:3954} INFO - Setting next_dagrun for example_branch_dop_operator_v3 to 2024-06-07 14:02:00+00:00, run_after=2024-06-07 14:03:00+00:00
[2024-06-07T14:03:53.183+0000] {processor.py:183} INFO - Processing /home/airflow/.local/lib/python3.12/site-packages/airflow/example_dags/example_branch_python_dop_operator_3.py took 0.102 seconds
[2024-06-07T14:04:24.029+0000] {processor.py:161} INFO - Started process (PID=392) to work on /home/airflow/.local/lib/python3.12/site-packages/airflow/example_dags/example_branch_python_dop_operator_3.py
[2024-06-07T14:04:24.030+0000] {processor.py:830} INFO - Processing file /home/airflow/.local/lib/python3.12/site-packages/airflow/example_dags/example_branch_python_dop_operator_3.py for tasks to queue
[2024-06-07T14:04:24.034+0000] {logging_mixin.py:188} INFO - [2024-06-07T14:04:24.034+0000] {dagbag.py:545} INFO - Filling up the DagBag from /home/airflow/.local/lib/python3.12/site-packages/airflow/example_dags/example_branch_python_dop_operator_3.py
[2024-06-07T14:04:24.052+0000] {processor.py:840} INFO - DAG(s) 'example_branch_dop_operator_v3' retrieved from /home/airflow/.local/lib/python3.12/site-packages/airflow/example_dags/example_branch_python_dop_operator_3.py
[2024-06-07T14:04:24.084+0000] {logging_mixin.py:188} INFO - [2024-06-07T14:04:24.084+0000] {dag.py:3096} INFO - Sync 1 DAGs
[2024-06-07T14:04:24.128+0000] {logging_mixin.py:188} INFO - [2024-06-07T14:04:24.127+0000] {dag.py:3954} INFO - Setting next_dagrun for example_branch_dop_operator_v3 to 2024-06-07 14:03:00+00:00, run_after=2024-06-07 14:04:00+00:00
[2024-06-07T14:04:24.160+0000] {processor.py:183} INFO - Processing /home/airflow/.local/lib/python3.12/site-packages/airflow/example_dags/example_branch_python_dop_operator_3.py took 0.140 seconds
[2024-06-07T14:04:54.405+0000] {processor.py:161} INFO - Started process (PID=452) to work on /home/airflow/.local/lib/python3.12/site-packages/airflow/example_dags/example_branch_python_dop_operator_3.py
[2024-06-07T14:04:54.406+0000] {processor.py:830} INFO - Processing file /home/airflow/.local/lib/python3.12/site-packages/airflow/example_dags/example_branch_python_dop_operator_3.py for tasks to queue
[2024-06-07T14:04:54.408+0000] {logging_mixin.py:188} INFO - [2024-06-07T14:04:54.408+0000] {dagbag.py:545} INFO - Filling up the DagBag from /home/airflow/.local/lib/python3.12/site-packages/airflow/example_dags/example_branch_python_dop_operator_3.py
[2024-06-07T14:04:54.419+0000] {processor.py:840} INFO - DAG(s) 'example_branch_dop_operator_v3' retrieved from /home/airflow/.local/lib/python3.12/site-packages/airflow/example_dags/example_branch_python_dop_operator_3.py
[2024-06-07T14:04:54.440+0000] {logging_mixin.py:188} INFO - [2024-06-07T14:04:54.439+0000] {dag.py:3096} INFO - Sync 1 DAGs
[2024-06-07T14:04:54.468+0000] {logging_mixin.py:188} INFO - [2024-06-07T14:04:54.468+0000] {dag.py:3954} INFO - Setting next_dagrun for example_branch_dop_operator_v3 to 2024-06-07 14:03:00+00:00, run_after=2024-06-07 14:04:00+00:00
[2024-06-07T14:04:54.493+0000] {processor.py:183} INFO - Processing /home/airflow/.local/lib/python3.12/site-packages/airflow/example_dags/example_branch_python_dop_operator_3.py took 0.094 seconds
[2024-06-07T14:05:24.662+0000] {processor.py:161} INFO - Started process (PID=512) to work on /home/airflow/.local/lib/python3.12/site-packages/airflow/example_dags/example_branch_python_dop_operator_3.py
[2024-06-07T14:05:24.664+0000] {processor.py:830} INFO - Processing file /home/airflow/.local/lib/python3.12/site-packages/airflow/example_dags/example_branch_python_dop_operator_3.py for tasks to queue
[2024-06-07T14:05:24.670+0000] {logging_mixin.py:188} INFO - [2024-06-07T14:05:24.669+0000] {dagbag.py:545} INFO - Filling up the DagBag from /home/airflow/.local/lib/python3.12/site-packages/airflow/example_dags/example_branch_python_dop_operator_3.py
[2024-06-07T14:05:24.682+0000] {processor.py:840} INFO - DAG(s) 'example_branch_dop_operator_v3' retrieved from /home/airflow/.local/lib/python3.12/site-packages/airflow/example_dags/example_branch_python_dop_operator_3.py
[2024-06-07T14:05:24.717+0000] {logging_mixin.py:188} INFO - [2024-06-07T14:05:24.717+0000] {dag.py:3096} INFO - Sync 1 DAGs
[2024-06-07T14:05:24.753+0000] {logging_mixin.py:188} INFO - [2024-06-07T14:05:24.753+0000] {dag.py:3954} INFO - Setting next_dagrun for example_branch_dop_operator_v3 to 2024-06-07 14:04:00+00:00, run_after=2024-06-07 14:05:00+00:00
[2024-06-07T14:05:24.791+0000] {processor.py:183} INFO - Processing /home/airflow/.local/lib/python3.12/site-packages/airflow/example_dags/example_branch_python_dop_operator_3.py took 0.138 seconds
[2024-06-07T14:05:55.692+0000] {processor.py:161} INFO - Started process (PID=573) to work on /home/airflow/.local/lib/python3.12/site-packages/airflow/example_dags/example_branch_python_dop_operator_3.py
[2024-06-07T14:05:55.693+0000] {processor.py:830} INFO - Processing file /home/airflow/.local/lib/python3.12/site-packages/airflow/example_dags/example_branch_python_dop_operator_3.py for tasks to queue
[2024-06-07T14:05:55.696+0000] {logging_mixin.py:188} INFO - [2024-06-07T14:05:55.696+0000] {dagbag.py:545} INFO - Filling up the DagBag from /home/airflow/.local/lib/python3.12/site-packages/airflow/example_dags/example_branch_python_dop_operator_3.py
[2024-06-07T14:05:55.708+0000] {processor.py:840} INFO - DAG(s) 'example_branch_dop_operator_v3' retrieved from /home/airflow/.local/lib/python3.12/site-packages/airflow/example_dags/example_branch_python_dop_operator_3.py
[2024-06-07T14:05:55.730+0000] {logging_mixin.py:188} INFO - [2024-06-07T14:05:55.730+0000] {dag.py:3096} INFO - Sync 1 DAGs
[2024-06-07T14:05:55.758+0000] {logging_mixin.py:188} INFO - [2024-06-07T14:05:55.758+0000] {dag.py:3954} INFO - Setting next_dagrun for example_branch_dop_operator_v3 to 2024-06-07 14:04:00+00:00, run_after=2024-06-07 14:05:00+00:00
[2024-06-07T14:05:55.784+0000] {processor.py:183} INFO - Processing /home/airflow/.local/lib/python3.12/site-packages/airflow/example_dags/example_branch_python_dop_operator_3.py took 0.097 seconds
[2024-06-07T14:06:26.253+0000] {processor.py:161} INFO - Started process (PID=633) to work on /home/airflow/.local/lib/python3.12/site-packages/airflow/example_dags/example_branch_python_dop_operator_3.py
[2024-06-07T14:06:26.254+0000] {processor.py:830} INFO - Processing file /home/airflow/.local/lib/python3.12/site-packages/airflow/example_dags/example_branch_python_dop_operator_3.py for tasks to queue
[2024-06-07T14:06:26.257+0000] {logging_mixin.py:188} INFO - [2024-06-07T14:06:26.256+0000] {dagbag.py:545} INFO - Filling up the DagBag from /home/airflow/.local/lib/python3.12/site-packages/airflow/example_dags/example_branch_python_dop_operator_3.py
[2024-06-07T14:06:26.266+0000] {processor.py:840} INFO - DAG(s) 'example_branch_dop_operator_v3' retrieved from /home/airflow/.local/lib/python3.12/site-packages/airflow/example_dags/example_branch_python_dop_operator_3.py
[2024-06-07T14:06:26.287+0000] {logging_mixin.py:188} INFO - [2024-06-07T14:06:26.287+0000] {dag.py:3096} INFO - Sync 1 DAGs
[2024-06-07T14:06:26.320+0000] {logging_mixin.py:188} INFO - [2024-06-07T14:06:26.320+0000] {dag.py:3954} INFO - Setting next_dagrun for example_branch_dop_operator_v3 to 2024-06-07 14:05:00+00:00, run_after=2024-06-07 14:06:00+00:00
[2024-06-07T14:06:26.341+0000] {processor.py:183} INFO - Processing /home/airflow/.local/lib/python3.12/site-packages/airflow/example_dags/example_branch_python_dop_operator_3.py took 0.095 seconds
[2024-06-07T14:06:57.087+0000] {processor.py:161} INFO - Started process (PID=693) to work on /home/airflow/.local/lib/python3.12/site-packages/airflow/example_dags/example_branch_python_dop_operator_3.py
[2024-06-07T14:06:57.088+0000] {processor.py:830} INFO - Processing file /home/airflow/.local/lib/python3.12/site-packages/airflow/example_dags/example_branch_python_dop_operator_3.py for tasks to queue
[2024-06-07T14:06:57.090+0000] {logging_mixin.py:188} INFO - [2024-06-07T14:06:57.090+0000] {dagbag.py:545} INFO - Filling up the DagBag from /home/airflow/.local/lib/python3.12/site-packages/airflow/example_dags/example_branch_python_dop_operator_3.py
[2024-06-07T14:06:57.099+0000] {processor.py:840} INFO - DAG(s) 'example_branch_dop_operator_v3' retrieved from /home/airflow/.local/lib/python3.12/site-packages/airflow/example_dags/example_branch_python_dop_operator_3.py
[2024-06-07T14:06:57.119+0000] {logging_mixin.py:188} INFO - [2024-06-07T14:06:57.119+0000] {dag.py:3096} INFO - Sync 1 DAGs
[2024-06-07T14:06:57.146+0000] {logging_mixin.py:188} INFO - [2024-06-07T14:06:57.145+0000] {dag.py:3954} INFO - Setting next_dagrun for example_branch_dop_operator_v3 to 2024-06-07 14:05:00+00:00, run_after=2024-06-07 14:06:00+00:00
[2024-06-07T14:06:57.166+0000] {processor.py:183} INFO - Processing /home/airflow/.local/lib/python3.12/site-packages/airflow/example_dags/example_branch_python_dop_operator_3.py took 0.085 seconds
[2024-06-07T14:07:27.362+0000] {processor.py:161} INFO - Started process (PID=753) to work on /home/airflow/.local/lib/python3.12/site-packages/airflow/example_dags/example_branch_python_dop_operator_3.py
[2024-06-07T14:07:27.363+0000] {processor.py:830} INFO - Processing file /home/airflow/.local/lib/python3.12/site-packages/airflow/example_dags/example_branch_python_dop_operator_3.py for tasks to queue
[2024-06-07T14:07:27.365+0000] {logging_mixin.py:188} INFO - [2024-06-07T14:07:27.365+0000] {dagbag.py:545} INFO - Filling up the DagBag from /home/airflow/.local/lib/python3.12/site-packages/airflow/example_dags/example_branch_python_dop_operator_3.py
[2024-06-07T14:07:27.374+0000] {processor.py:840} INFO - DAG(s) 'example_branch_dop_operator_v3' retrieved from /home/airflow/.local/lib/python3.12/site-packages/airflow/example_dags/example_branch_python_dop_operator_3.py
[2024-06-07T14:07:27.396+0000] {logging_mixin.py:188} INFO - [2024-06-07T14:07:27.395+0000] {dag.py:3096} INFO - Sync 1 DAGs
[2024-06-07T14:07:27.422+0000] {logging_mixin.py:188} INFO - [2024-06-07T14:07:27.422+0000] {dag.py:3954} INFO - Setting next_dagrun for example_branch_dop_operator_v3 to 2024-06-07 14:06:00+00:00, run_after=2024-06-07 14:07:00+00:00
[2024-06-07T14:07:27.445+0000] {processor.py:183} INFO - Processing /home/airflow/.local/lib/python3.12/site-packages/airflow/example_dags/example_branch_python_dop_operator_3.py took 0.089 seconds
[2024-06-07T14:07:58.049+0000] {processor.py:161} INFO - Started process (PID=813) to work on /home/airflow/.local/lib/python3.12/site-packages/airflow/example_dags/example_branch_python_dop_operator_3.py
[2024-06-07T14:07:58.050+0000] {processor.py:830} INFO - Processing file /home/airflow/.local/lib/python3.12/site-packages/airflow/example_dags/example_branch_python_dop_operator_3.py for tasks to queue
[2024-06-07T14:07:58.054+0000] {logging_mixin.py:188} INFO - [2024-06-07T14:07:58.054+0000] {dagbag.py:545} INFO - Filling up the DagBag from /home/airflow/.local/lib/python3.12/site-packages/airflow/example_dags/example_branch_python_dop_operator_3.py
[2024-06-07T14:07:58.075+0000] {processor.py:840} INFO - DAG(s) 'example_branch_dop_operator_v3' retrieved from /home/airflow/.local/lib/python3.12/site-packages/airflow/example_dags/example_branch_python_dop_operator_3.py
[2024-06-07T14:07:58.117+0000] {logging_mixin.py:188} INFO - [2024-06-07T14:07:58.117+0000] {dag.py:3096} INFO - Sync 1 DAGs
[2024-06-07T14:07:58.179+0000] {logging_mixin.py:188} INFO - [2024-06-07T14:07:58.179+0000] {dag.py:3954} INFO - Setting next_dagrun for example_branch_dop_operator_v3 to 2024-06-07 14:06:00+00:00, run_after=2024-06-07 14:07:00+00:00
[2024-06-07T14:07:58.210+0000] {processor.py:183} INFO - Processing /home/airflow/.local/lib/python3.12/site-packages/airflow/example_dags/example_branch_python_dop_operator_3.py took 0.170 seconds
[2024-06-07T14:08:28.283+0000] {processor.py:161} INFO - Started process (PID=871) to work on /home/airflow/.local/lib/python3.12/site-packages/airflow/example_dags/example_branch_python_dop_operator_3.py
[2024-06-07T14:08:28.284+0000] {processor.py:830} INFO - Processing file /home/airflow/.local/lib/python3.12/site-packages/airflow/example_dags/example_branch_python_dop_operator_3.py for tasks to queue
[2024-06-07T14:08:28.286+0000] {logging_mixin.py:188} INFO - [2024-06-07T14:08:28.285+0000] {dagbag.py:545} INFO - Filling up the DagBag from /home/airflow/.local/lib/python3.12/site-packages/airflow/example_dags/example_branch_python_dop_operator_3.py
[2024-06-07T14:08:28.295+0000] {processor.py:840} INFO - DAG(s) 'example_branch_dop_operator_v3' retrieved from /home/airflow/.local/lib/python3.12/site-packages/airflow/example_dags/example_branch_python_dop_operator_3.py
[2024-06-07T14:08:28.318+0000] {logging_mixin.py:188} INFO - [2024-06-07T14:08:28.317+0000] {dag.py:3096} INFO - Sync 1 DAGs
[2024-06-07T14:08:28.352+0000] {logging_mixin.py:188} INFO - [2024-06-07T14:08:28.352+0000] {dag.py:3954} INFO - Setting next_dagrun for example_branch_dop_operator_v3 to 2024-06-07 14:07:00+00:00, run_after=2024-06-07 14:08:00+00:00
[2024-06-07T14:08:28.379+0000] {processor.py:183} INFO - Processing /home/airflow/.local/lib/python3.12/site-packages/airflow/example_dags/example_branch_python_dop_operator_3.py took 0.102 seconds
[2024-06-07T14:08:58.788+0000] {processor.py:161} INFO - Started process (PID=931) to work on /home/airflow/.local/lib/python3.12/site-packages/airflow/example_dags/example_branch_python_dop_operator_3.py
[2024-06-07T14:08:58.789+0000] {processor.py:830} INFO - Processing file /home/airflow/.local/lib/python3.12/site-packages/airflow/example_dags/example_branch_python_dop_operator_3.py for tasks to queue
[2024-06-07T14:08:58.792+0000] {logging_mixin.py:188} INFO - [2024-06-07T14:08:58.791+0000] {dagbag.py:545} INFO - Filling up the DagBag from /home/airflow/.local/lib/python3.12/site-packages/airflow/example_dags/example_branch_python_dop_operator_3.py
[2024-06-07T14:08:58.806+0000] {processor.py:840} INFO - DAG(s) 'example_branch_dop_operator_v3' retrieved from /home/airflow/.local/lib/python3.12/site-packages/airflow/example_dags/example_branch_python_dop_operator_3.py
[2024-06-07T14:08:58.836+0000] {logging_mixin.py:188} INFO - [2024-06-07T14:08:58.835+0000] {dag.py:3096} INFO - Sync 1 DAGs
[2024-06-07T14:08:58.873+0000] {logging_mixin.py:188} INFO - [2024-06-07T14:08:58.872+0000] {dag.py:3954} INFO - Setting next_dagrun for example_branch_dop_operator_v3 to 2024-06-07 14:07:00+00:00, run_after=2024-06-07 14:08:00+00:00
[2024-06-07T14:08:58.892+0000] {processor.py:183} INFO - Processing /home/airflow/.local/lib/python3.12/site-packages/airflow/example_dags/example_branch_python_dop_operator_3.py took 0.113 seconds
[2024-06-07T14:09:29.402+0000] {processor.py:161} INFO - Started process (PID=991) to work on /home/airflow/.local/lib/python3.12/site-packages/airflow/example_dags/example_branch_python_dop_operator_3.py
[2024-06-07T14:09:29.403+0000] {processor.py:830} INFO - Processing file /home/airflow/.local/lib/python3.12/site-packages/airflow/example_dags/example_branch_python_dop_operator_3.py for tasks to queue
[2024-06-07T14:09:29.405+0000] {logging_mixin.py:188} INFO - [2024-06-07T14:09:29.405+0000] {dagbag.py:545} INFO - Filling up the DagBag from /home/airflow/.local/lib/python3.12/site-packages/airflow/example_dags/example_branch_python_dop_operator_3.py
[2024-06-07T14:09:29.414+0000] {processor.py:840} INFO - DAG(s) 'example_branch_dop_operator_v3' retrieved from /home/airflow/.local/lib/python3.12/site-packages/airflow/example_dags/example_branch_python_dop_operator_3.py
[2024-06-07T14:09:29.434+0000] {logging_mixin.py:188} INFO - [2024-06-07T14:09:29.434+0000] {dag.py:3096} INFO - Sync 1 DAGs
[2024-06-07T14:09:29.461+0000] {logging_mixin.py:188} INFO - [2024-06-07T14:09:29.460+0000] {dag.py:3954} INFO - Setting next_dagrun for example_branch_dop_operator_v3 to 2024-06-07 14:08:00+00:00, run_after=2024-06-07 14:09:00+00:00
[2024-06-07T14:09:29.480+0000] {processor.py:183} INFO - Processing /home/airflow/.local/lib/python3.12/site-packages/airflow/example_dags/example_branch_python_dop_operator_3.py took 0.085 seconds
[2024-06-07T14:10:00.407+0000] {processor.py:161} INFO - Started process (PID=1053) to work on /home/airflow/.local/lib/python3.12/site-packages/airflow/example_dags/example_branch_python_dop_operator_3.py
[2024-06-07T14:10:00.410+0000] {processor.py:830} INFO - Processing file /home/airflow/.local/lib/python3.12/site-packages/airflow/example_dags/example_branch_python_dop_operator_3.py for tasks to queue
[2024-06-07T14:10:00.416+0000] {logging_mixin.py:188} INFO - [2024-06-07T14:10:00.413+0000] {dagbag.py:545} INFO - Filling up the DagBag from /home/airflow/.local/lib/python3.12/site-packages/airflow/example_dags/example_branch_python_dop_operator_3.py
[2024-06-07T14:10:00.438+0000] {processor.py:840} INFO - DAG(s) 'example_branch_dop_operator_v3' retrieved from /home/airflow/.local/lib/python3.12/site-packages/airflow/example_dags/example_branch_python_dop_operator_3.py
[2024-06-07T14:10:00.515+0000] {logging_mixin.py:188} INFO - [2024-06-07T14:10:00.514+0000] {dag.py:3096} INFO - Sync 1 DAGs
[2024-06-07T14:10:00.639+0000] {logging_mixin.py:188} INFO - [2024-06-07T14:10:00.633+0000] {dag.py:3954} INFO - Setting next_dagrun for example_branch_dop_operator_v3 to 2024-06-07 14:09:00+00:00, run_after=2024-06-07 14:10:00+00:00
[2024-06-07T14:10:00.690+0000] {processor.py:183} INFO - Processing /home/airflow/.local/lib/python3.12/site-packages/airflow/example_dags/example_branch_python_dop_operator_3.py took 0.297 seconds
[2024-06-07T14:10:30.849+0000] {processor.py:161} INFO - Started process (PID=1113) to work on /home/airflow/.local/lib/python3.12/site-packages/airflow/example_dags/example_branch_python_dop_operator_3.py
[2024-06-07T14:10:30.851+0000] {processor.py:830} INFO - Processing file /home/airflow/.local/lib/python3.12/site-packages/airflow/example_dags/example_branch_python_dop_operator_3.py for tasks to queue
[2024-06-07T14:10:30.854+0000] {logging_mixin.py:188} INFO - [2024-06-07T14:10:30.853+0000] {dagbag.py:545} INFO - Filling up the DagBag from /home/airflow/.local/lib/python3.12/site-packages/airflow/example_dags/example_branch_python_dop_operator_3.py
[2024-06-07T14:10:30.866+0000] {processor.py:840} INFO - DAG(s) 'example_branch_dop_operator_v3' retrieved from /home/airflow/.local/lib/python3.12/site-packages/airflow/example_dags/example_branch_python_dop_operator_3.py
[2024-06-07T14:10:30.893+0000] {logging_mixin.py:188} INFO - [2024-06-07T14:10:30.892+0000] {dag.py:3096} INFO - Sync 1 DAGs
[2024-06-07T14:10:30.927+0000] {logging_mixin.py:188} INFO - [2024-06-07T14:10:30.926+0000] {dag.py:3954} INFO - Setting next_dagrun for example_branch_dop_operator_v3 to 2024-06-07 14:09:00+00:00, run_after=2024-06-07 14:10:00+00:00
[2024-06-07T14:10:30.966+0000] {processor.py:183} INFO - Processing /home/airflow/.local/lib/python3.12/site-packages/airflow/example_dags/example_branch_python_dop_operator_3.py took 0.124 seconds
[2024-06-07T14:11:01.147+0000] {processor.py:161} INFO - Started process (PID=1173) to work on /home/airflow/.local/lib/python3.12/site-packages/airflow/example_dags/example_branch_python_dop_operator_3.py
[2024-06-07T14:11:01.149+0000] {processor.py:830} INFO - Processing file /home/airflow/.local/lib/python3.12/site-packages/airflow/example_dags/example_branch_python_dop_operator_3.py for tasks to queue
[2024-06-07T14:11:01.151+0000] {logging_mixin.py:188} INFO - [2024-06-07T14:11:01.151+0000] {dagbag.py:545} INFO - Filling up the DagBag from /home/airflow/.local/lib/python3.12/site-packages/airflow/example_dags/example_branch_python_dop_operator_3.py
[2024-06-07T14:11:01.165+0000] {processor.py:840} INFO - DAG(s) 'example_branch_dop_operator_v3' retrieved from /home/airflow/.local/lib/python3.12/site-packages/airflow/example_dags/example_branch_python_dop_operator_3.py
[2024-06-07T14:11:01.187+0000] {logging_mixin.py:188} INFO - [2024-06-07T14:11:01.187+0000] {dag.py:3096} INFO - Sync 1 DAGs
[2024-06-07T14:11:01.220+0000] {logging_mixin.py:188} INFO - [2024-06-07T14:11:01.220+0000] {dag.py:3954} INFO - Setting next_dagrun for example_branch_dop_operator_v3 to 2024-06-07 14:10:00+00:00, run_after=2024-06-07 14:11:00+00:00
[2024-06-07T14:11:01.249+0000] {processor.py:183} INFO - Processing /home/airflow/.local/lib/python3.12/site-packages/airflow/example_dags/example_branch_python_dop_operator_3.py took 0.109 seconds
[2024-06-07T14:11:31.720+0000] {processor.py:161} INFO - Started process (PID=1233) to work on /home/airflow/.local/lib/python3.12/site-packages/airflow/example_dags/example_branch_python_dop_operator_3.py
[2024-06-07T14:11:31.721+0000] {processor.py:830} INFO - Processing file /home/airflow/.local/lib/python3.12/site-packages/airflow/example_dags/example_branch_python_dop_operator_3.py for tasks to queue
[2024-06-07T14:11:31.723+0000] {logging_mixin.py:188} INFO - [2024-06-07T14:11:31.723+0000] {dagbag.py:545} INFO - Filling up the DagBag from /home/airflow/.local/lib/python3.12/site-packages/airflow/example_dags/example_branch_python_dop_operator_3.py
[2024-06-07T14:11:31.738+0000] {processor.py:840} INFO - DAG(s) 'example_branch_dop_operator_v3' retrieved from /home/airflow/.local/lib/python3.12/site-packages/airflow/example_dags/example_branch_python_dop_operator_3.py
[2024-06-07T14:11:31.774+0000] {logging_mixin.py:188} INFO - [2024-06-07T14:11:31.773+0000] {dag.py:3096} INFO - Sync 1 DAGs
[2024-06-07T14:11:31.810+0000] {logging_mixin.py:188} INFO - [2024-06-07T14:11:31.810+0000] {dag.py:3954} INFO - Setting next_dagrun for example_branch_dop_operator_v3 to 2024-06-07 14:10:00+00:00, run_after=2024-06-07 14:11:00+00:00
[2024-06-07T14:11:31.836+0000] {processor.py:183} INFO - Processing /home/airflow/.local/lib/python3.12/site-packages/airflow/example_dags/example_branch_python_dop_operator_3.py took 0.126 seconds
[2024-06-07T14:12:03.859+0000] {processor.py:161} INFO - Started process (PID=1293) to work on /home/airflow/.local/lib/python3.12/site-packages/airflow/example_dags/example_branch_python_dop_operator_3.py
[2024-06-07T14:12:03.860+0000] {processor.py:830} INFO - Processing file /home/airflow/.local/lib/python3.12/site-packages/airflow/example_dags/example_branch_python_dop_operator_3.py for tasks to queue
[2024-06-07T14:12:03.862+0000] {logging_mixin.py:188} INFO - [2024-06-07T14:12:03.861+0000] {dagbag.py:545} INFO - Filling up the DagBag from /home/airflow/.local/lib/python3.12/site-packages/airflow/example_dags/example_branch_python_dop_operator_3.py
[2024-06-07T14:12:03.882+0000] {processor.py:840} INFO - DAG(s) 'example_branch_dop_operator_v3' retrieved from /home/airflow/.local/lib/python3.12/site-packages/airflow/example_dags/example_branch_python_dop_operator_3.py
[2024-06-07T14:12:03.908+0000] {logging_mixin.py:188} INFO - [2024-06-07T14:12:03.907+0000] {dag.py:3096} INFO - Sync 1 DAGs
[2024-06-07T14:12:03.952+0000] {logging_mixin.py:188} INFO - [2024-06-07T14:12:03.952+0000] {dag.py:3954} INFO - Setting next_dagrun for example_branch_dop_operator_v3 to 2024-06-07 14:11:00+00:00, run_after=2024-06-07 14:12:00+00:00
[2024-06-07T14:12:04.015+0000] {processor.py:183} INFO - Processing /home/airflow/.local/lib/python3.12/site-packages/airflow/example_dags/example_branch_python_dop_operator_3.py took 0.163 seconds
[2024-06-07T14:12:34.151+0000] {processor.py:161} INFO - Started process (PID=1353) to work on /home/airflow/.local/lib/python3.12/site-packages/airflow/example_dags/example_branch_python_dop_operator_3.py
[2024-06-07T14:12:34.152+0000] {processor.py:830} INFO - Processing file /home/airflow/.local/lib/python3.12/site-packages/airflow/example_dags/example_branch_python_dop_operator_3.py for tasks to queue
[2024-06-07T14:12:34.154+0000] {logging_mixin.py:188} INFO - [2024-06-07T14:12:34.154+0000] {dagbag.py:545} INFO - Filling up the DagBag from /home/airflow/.local/lib/python3.12/site-packages/airflow/example_dags/example_branch_python_dop_operator_3.py
[2024-06-07T14:12:34.163+0000] {processor.py:840} INFO - DAG(s) 'example_branch_dop_operator_v3' retrieved from /home/airflow/.local/lib/python3.12/site-packages/airflow/example_dags/example_branch_python_dop_operator_3.py
[2024-06-07T14:12:34.184+0000] {logging_mixin.py:188} INFO - [2024-06-07T14:12:34.183+0000] {dag.py:3096} INFO - Sync 1 DAGs
[2024-06-07T14:12:34.210+0000] {logging_mixin.py:188} INFO - [2024-06-07T14:12:34.210+0000] {dag.py:3954} INFO - Setting next_dagrun for example_branch_dop_operator_v3 to 2024-06-07 14:11:00+00:00, run_after=2024-06-07 14:12:00+00:00
[2024-06-07T14:12:34.233+0000] {processor.py:183} INFO - Processing /home/airflow/.local/lib/python3.12/site-packages/airflow/example_dags/example_branch_python_dop_operator_3.py took 0.089 seconds
[2024-06-07T14:13:06.345+0000] {processor.py:161} INFO - Started process (PID=1413) to work on /home/airflow/.local/lib/python3.12/site-packages/airflow/example_dags/example_branch_python_dop_operator_3.py
[2024-06-07T14:13:06.347+0000] {processor.py:830} INFO - Processing file /home/airflow/.local/lib/python3.12/site-packages/airflow/example_dags/example_branch_python_dop_operator_3.py for tasks to queue
[2024-06-07T14:13:06.354+0000] {logging_mixin.py:188} INFO - [2024-06-07T14:13:06.353+0000] {dagbag.py:545} INFO - Filling up the DagBag from /home/airflow/.local/lib/python3.12/site-packages/airflow/example_dags/example_branch_python_dop_operator_3.py
[2024-06-07T14:13:06.381+0000] {processor.py:840} INFO - DAG(s) 'example_branch_dop_operator_v3' retrieved from /home/airflow/.local/lib/python3.12/site-packages/airflow/example_dags/example_branch_python_dop_operator_3.py
[2024-06-07T14:13:06.425+0000] {logging_mixin.py:188} INFO - [2024-06-07T14:13:06.424+0000] {dag.py:3096} INFO - Sync 1 DAGs
[2024-06-07T14:13:06.510+0000] {logging_mixin.py:188} INFO - [2024-06-07T14:13:06.509+0000] {dag.py:3954} INFO - Setting next_dagrun for example_branch_dop_operator_v3 to 2024-06-07 14:12:00+00:00, run_after=2024-06-07 14:13:00+00:00
[2024-06-07T14:13:06.559+0000] {processor.py:183} INFO - Processing /home/airflow/.local/lib/python3.12/site-packages/airflow/example_dags/example_branch_python_dop_operator_3.py took 0.239 seconds
[2024-06-07T14:13:37.247+0000] {processor.py:161} INFO - Started process (PID=1473) to work on /home/airflow/.local/lib/python3.12/site-packages/airflow/example_dags/example_branch_python_dop_operator_3.py
[2024-06-07T14:13:37.248+0000] {processor.py:830} INFO - Processing file /home/airflow/.local/lib/python3.12/site-packages/airflow/example_dags/example_branch_python_dop_operator_3.py for tasks to queue
[2024-06-07T14:13:37.250+0000] {logging_mixin.py:188} INFO - [2024-06-07T14:13:37.250+0000] {dagbag.py:545} INFO - Filling up the DagBag from /home/airflow/.local/lib/python3.12/site-packages/airflow/example_dags/example_branch_python_dop_operator_3.py
[2024-06-07T14:13:37.263+0000] {processor.py:840} INFO - DAG(s) 'example_branch_dop_operator_v3' retrieved from /home/airflow/.local/lib/python3.12/site-packages/airflow/example_dags/example_branch_python_dop_operator_3.py
[2024-06-07T14:13:37.284+0000] {logging_mixin.py:188} INFO - [2024-06-07T14:13:37.284+0000] {dag.py:3096} INFO - Sync 1 DAGs
[2024-06-07T14:13:37.311+0000] {logging_mixin.py:188} INFO - [2024-06-07T14:13:37.311+0000] {dag.py:3954} INFO - Setting next_dagrun for example_branch_dop_operator_v3 to 2024-06-07 14:12:00+00:00, run_after=2024-06-07 14:13:00+00:00
[2024-06-07T14:13:37.333+0000] {processor.py:183} INFO - Processing /home/airflow/.local/lib/python3.12/site-packages/airflow/example_dags/example_branch_python_dop_operator_3.py took 0.093 seconds
[2024-06-07T14:14:07.652+0000] {processor.py:161} INFO - Started process (PID=1533) to work on /home/airflow/.local/lib/python3.12/site-packages/airflow/example_dags/example_branch_python_dop_operator_3.py
[2024-06-07T14:14:07.654+0000] {processor.py:830} INFO - Processing file /home/airflow/.local/lib/python3.12/site-packages/airflow/example_dags/example_branch_python_dop_operator_3.py for tasks to queue
[2024-06-07T14:14:07.656+0000] {logging_mixin.py:188} INFO - [2024-06-07T14:14:07.655+0000] {dagbag.py:545} INFO - Filling up the DagBag from /home/airflow/.local/lib/python3.12/site-packages/airflow/example_dags/example_branch_python_dop_operator_3.py
[2024-06-07T14:14:07.665+0000] {processor.py:840} INFO - DAG(s) 'example_branch_dop_operator_v3' retrieved from /home/airflow/.local/lib/python3.12/site-packages/airflow/example_dags/example_branch_python_dop_operator_3.py
[2024-06-07T14:14:07.685+0000] {logging_mixin.py:188} INFO - [2024-06-07T14:14:07.685+0000] {dag.py:3096} INFO - Sync 1 DAGs
[2024-06-07T14:14:07.714+0000] {logging_mixin.py:188} INFO - [2024-06-07T14:14:07.714+0000] {dag.py:3954} INFO - Setting next_dagrun for example_branch_dop_operator_v3 to 2024-06-07 14:13:00+00:00, run_after=2024-06-07 14:14:00+00:00
[2024-06-07T14:14:07.738+0000] {processor.py:183} INFO - Processing /home/airflow/.local/lib/python3.12/site-packages/airflow/example_dags/example_branch_python_dop_operator_3.py took 0.092 seconds
[2024-06-07T14:14:38.075+0000] {processor.py:161} INFO - Started process (PID=1593) to work on /home/airflow/.local/lib/python3.12/site-packages/airflow/example_dags/example_branch_python_dop_operator_3.py
[2024-06-07T14:14:38.077+0000] {processor.py:830} INFO - Processing file /home/airflow/.local/lib/python3.12/site-packages/airflow/example_dags/example_branch_python_dop_operator_3.py for tasks to queue
[2024-06-07T14:14:38.080+0000] {logging_mixin.py:188} INFO - [2024-06-07T14:14:38.079+0000] {dagbag.py:545} INFO - Filling up the DagBag from /home/airflow/.local/lib/python3.12/site-packages/airflow/example_dags/example_branch_python_dop_operator_3.py
[2024-06-07T14:14:38.091+0000] {processor.py:840} INFO - DAG(s) 'example_branch_dop_operator_v3' retrieved from /home/airflow/.local/lib/python3.12/site-packages/airflow/example_dags/example_branch_python_dop_operator_3.py
[2024-06-07T14:14:38.115+0000] {logging_mixin.py:188} INFO - [2024-06-07T14:14:38.115+0000] {dag.py:3096} INFO - Sync 1 DAGs
[2024-06-07T14:14:38.148+0000] {logging_mixin.py:188} INFO - [2024-06-07T14:14:38.147+0000] {dag.py:3954} INFO - Setting next_dagrun for example_branch_dop_operator_v3 to 2024-06-07 14:13:00+00:00, run_after=2024-06-07 14:14:00+00:00
[2024-06-07T14:14:38.171+0000] {processor.py:183} INFO - Processing /home/airflow/.local/lib/python3.12/site-packages/airflow/example_dags/example_branch_python_dop_operator_3.py took 0.105 seconds
[2024-06-07T14:15:09.717+0000] {processor.py:161} INFO - Started process (PID=1653) to work on /home/airflow/.local/lib/python3.12/site-packages/airflow/example_dags/example_branch_python_dop_operator_3.py
[2024-06-07T14:15:09.719+0000] {processor.py:830} INFO - Processing file /home/airflow/.local/lib/python3.12/site-packages/airflow/example_dags/example_branch_python_dop_operator_3.py for tasks to queue
[2024-06-07T14:15:09.722+0000] {logging_mixin.py:188} INFO - [2024-06-07T14:15:09.722+0000] {dagbag.py:545} INFO - Filling up the DagBag from /home/airflow/.local/lib/python3.12/site-packages/airflow/example_dags/example_branch_python_dop_operator_3.py
[2024-06-07T14:15:09.749+0000] {processor.py:840} INFO - DAG(s) 'example_branch_dop_operator_v3' retrieved from /home/airflow/.local/lib/python3.12/site-packages/airflow/example_dags/example_branch_python_dop_operator_3.py
[2024-06-07T14:15:09.801+0000] {logging_mixin.py:188} INFO - [2024-06-07T14:15:09.800+0000] {dag.py:3096} INFO - Sync 1 DAGs
[2024-06-07T14:15:09.855+0000] {logging_mixin.py:188} INFO - [2024-06-07T14:15:09.855+0000] {dag.py:3954} INFO - Setting next_dagrun for example_branch_dop_operator_v3 to 2024-06-07 14:14:00+00:00, run_after=2024-06-07 14:15:00+00:00
[2024-06-07T14:15:09.884+0000] {processor.py:183} INFO - Processing /home/airflow/.local/lib/python3.12/site-packages/airflow/example_dags/example_branch_python_dop_operator_3.py took 0.200 seconds
[2024-06-07T14:15:40.048+0000] {processor.py:161} INFO - Started process (PID=1711) to work on /home/airflow/.local/lib/python3.12/site-packages/airflow/example_dags/example_branch_python_dop_operator_3.py
[2024-06-07T14:15:40.050+0000] {processor.py:830} INFO - Processing file /home/airflow/.local/lib/python3.12/site-packages/airflow/example_dags/example_branch_python_dop_operator_3.py for tasks to queue
[2024-06-07T14:15:40.052+0000] {logging_mixin.py:188} INFO - [2024-06-07T14:15:40.052+0000] {dagbag.py:545} INFO - Filling up the DagBag from /home/airflow/.local/lib/python3.12/site-packages/airflow/example_dags/example_branch_python_dop_operator_3.py
[2024-06-07T14:15:40.063+0000] {processor.py:840} INFO - DAG(s) 'example_branch_dop_operator_v3' retrieved from /home/airflow/.local/lib/python3.12/site-packages/airflow/example_dags/example_branch_python_dop_operator_3.py
[2024-06-07T14:15:40.086+0000] {logging_mixin.py:188} INFO - [2024-06-07T14:15:40.085+0000] {dag.py:3096} INFO - Sync 1 DAGs
[2024-06-07T14:15:40.122+0000] {logging_mixin.py:188} INFO - [2024-06-07T14:15:40.122+0000] {dag.py:3954} INFO - Setting next_dagrun for example_branch_dop_operator_v3 to 2024-06-07 14:14:00+00:00, run_after=2024-06-07 14:15:00+00:00
[2024-06-07T14:15:40.146+0000] {processor.py:183} INFO - Processing /home/airflow/.local/lib/python3.12/site-packages/airflow/example_dags/example_branch_python_dop_operator_3.py took 0.106 seconds
[2024-06-07T14:16:11.082+0000] {processor.py:161} INFO - Started process (PID=1771) to work on /home/airflow/.local/lib/python3.12/site-packages/airflow/example_dags/example_branch_python_dop_operator_3.py
[2024-06-07T14:16:11.083+0000] {processor.py:830} INFO - Processing file /home/airflow/.local/lib/python3.12/site-packages/airflow/example_dags/example_branch_python_dop_operator_3.py for tasks to queue
[2024-06-07T14:16:11.085+0000] {logging_mixin.py:188} INFO - [2024-06-07T14:16:11.085+0000] {dagbag.py:545} INFO - Filling up the DagBag from /home/airflow/.local/lib/python3.12/site-packages/airflow/example_dags/example_branch_python_dop_operator_3.py
[2024-06-07T14:16:11.096+0000] {processor.py:840} INFO - DAG(s) 'example_branch_dop_operator_v3' retrieved from /home/airflow/.local/lib/python3.12/site-packages/airflow/example_dags/example_branch_python_dop_operator_3.py
[2024-06-07T14:16:11.118+0000] {logging_mixin.py:188} INFO - [2024-06-07T14:16:11.118+0000] {dag.py:3096} INFO - Sync 1 DAGs
[2024-06-07T14:16:11.153+0000] {logging_mixin.py:188} INFO - [2024-06-07T14:16:11.153+0000] {dag.py:3954} INFO - Setting next_dagrun for example_branch_dop_operator_v3 to 2024-06-07 14:15:00+00:00, run_after=2024-06-07 14:16:00+00:00
[2024-06-07T14:16:11.345+0000] {processor.py:183} INFO - Processing /home/airflow/.local/lib/python3.12/site-packages/airflow/example_dags/example_branch_python_dop_operator_3.py took 0.270 seconds
[2024-06-07T14:16:41.985+0000] {processor.py:161} INFO - Started process (PID=1831) to work on /home/airflow/.local/lib/python3.12/site-packages/airflow/example_dags/example_branch_python_dop_operator_3.py
[2024-06-07T14:16:41.986+0000] {processor.py:830} INFO - Processing file /home/airflow/.local/lib/python3.12/site-packages/airflow/example_dags/example_branch_python_dop_operator_3.py for tasks to queue
[2024-06-07T14:16:41.989+0000] {logging_mixin.py:188} INFO - [2024-06-07T14:16:41.988+0000] {dagbag.py:545} INFO - Filling up the DagBag from /home/airflow/.local/lib/python3.12/site-packages/airflow/example_dags/example_branch_python_dop_operator_3.py
[2024-06-07T14:16:42.003+0000] {processor.py:840} INFO - DAG(s) 'example_branch_dop_operator_v3' retrieved from /home/airflow/.local/lib/python3.12/site-packages/airflow/example_dags/example_branch_python_dop_operator_3.py
[2024-06-07T14:16:42.028+0000] {logging_mixin.py:188} INFO - [2024-06-07T14:16:42.028+0000] {dag.py:3096} INFO - Sync 1 DAGs
[2024-06-07T14:16:42.058+0000] {logging_mixin.py:188} INFO - [2024-06-07T14:16:42.058+0000] {dag.py:3954} INFO - Setting next_dagrun for example_branch_dop_operator_v3 to 2024-06-07 14:15:00+00:00, run_after=2024-06-07 14:16:00+00:00
[2024-06-07T14:16:42.239+0000] {processor.py:183} INFO - Processing /home/airflow/.local/lib/python3.12/site-packages/airflow/example_dags/example_branch_python_dop_operator_3.py took 0.260 seconds
[2024-06-07T14:17:12.538+0000] {processor.py:161} INFO - Started process (PID=1891) to work on /home/airflow/.local/lib/python3.12/site-packages/airflow/example_dags/example_branch_python_dop_operator_3.py
[2024-06-07T14:17:12.539+0000] {processor.py:830} INFO - Processing file /home/airflow/.local/lib/python3.12/site-packages/airflow/example_dags/example_branch_python_dop_operator_3.py for tasks to queue
[2024-06-07T14:17:12.541+0000] {logging_mixin.py:188} INFO - [2024-06-07T14:17:12.540+0000] {dagbag.py:545} INFO - Filling up the DagBag from /home/airflow/.local/lib/python3.12/site-packages/airflow/example_dags/example_branch_python_dop_operator_3.py
[2024-06-07T14:17:12.550+0000] {processor.py:840} INFO - DAG(s) 'example_branch_dop_operator_v3' retrieved from /home/airflow/.local/lib/python3.12/site-packages/airflow/example_dags/example_branch_python_dop_operator_3.py
[2024-06-07T14:17:12.572+0000] {logging_mixin.py:188} INFO - [2024-06-07T14:17:12.571+0000] {dag.py:3096} INFO - Sync 1 DAGs
[2024-06-07T14:17:12.601+0000] {logging_mixin.py:188} INFO - [2024-06-07T14:17:12.601+0000] {dag.py:3954} INFO - Setting next_dagrun for example_branch_dop_operator_v3 to 2024-06-07 14:16:00+00:00, run_after=2024-06-07 14:17:00+00:00
[2024-06-07T14:17:12.776+0000] {processor.py:183} INFO - Processing /home/airflow/.local/lib/python3.12/site-packages/airflow/example_dags/example_branch_python_dop_operator_3.py took 0.245 seconds
[2024-06-07T14:17:43.713+0000] {processor.py:161} INFO - Started process (PID=1951) to work on /home/airflow/.local/lib/python3.12/site-packages/airflow/example_dags/example_branch_python_dop_operator_3.py
[2024-06-07T14:17:43.715+0000] {processor.py:830} INFO - Processing file /home/airflow/.local/lib/python3.12/site-packages/airflow/example_dags/example_branch_python_dop_operator_3.py for tasks to queue
[2024-06-07T14:17:43.717+0000] {logging_mixin.py:188} INFO - [2024-06-07T14:17:43.717+0000] {dagbag.py:545} INFO - Filling up the DagBag from /home/airflow/.local/lib/python3.12/site-packages/airflow/example_dags/example_branch_python_dop_operator_3.py
[2024-06-07T14:17:43.735+0000] {processor.py:840} INFO - DAG(s) 'example_branch_dop_operator_v3' retrieved from /home/airflow/.local/lib/python3.12/site-packages/airflow/example_dags/example_branch_python_dop_operator_3.py
[2024-06-07T14:17:43.763+0000] {logging_mixin.py:188} INFO - [2024-06-07T14:17:43.763+0000] {dag.py:3096} INFO - Sync 1 DAGs
[2024-06-07T14:17:43.808+0000] {logging_mixin.py:188} INFO - [2024-06-07T14:17:43.808+0000] {dag.py:3954} INFO - Setting next_dagrun for example_branch_dop_operator_v3 to 2024-06-07 14:16:00+00:00, run_after=2024-06-07 14:17:00+00:00
[2024-06-07T14:17:43.841+0000] {processor.py:183} INFO - Processing /home/airflow/.local/lib/python3.12/site-packages/airflow/example_dags/example_branch_python_dop_operator_3.py took 0.135 seconds
[2024-06-07T14:18:14.022+0000] {processor.py:161} INFO - Started process (PID=2011) to work on /home/airflow/.local/lib/python3.12/site-packages/airflow/example_dags/example_branch_python_dop_operator_3.py
[2024-06-07T14:18:14.023+0000] {processor.py:830} INFO - Processing file /home/airflow/.local/lib/python3.12/site-packages/airflow/example_dags/example_branch_python_dop_operator_3.py for tasks to queue
[2024-06-07T14:18:14.026+0000] {logging_mixin.py:188} INFO - [2024-06-07T14:18:14.025+0000] {dagbag.py:545} INFO - Filling up the DagBag from /home/airflow/.local/lib/python3.12/site-packages/airflow/example_dags/example_branch_python_dop_operator_3.py
[2024-06-07T14:18:14.036+0000] {processor.py:840} INFO - DAG(s) 'example_branch_dop_operator_v3' retrieved from /home/airflow/.local/lib/python3.12/site-packages/airflow/example_dags/example_branch_python_dop_operator_3.py
[2024-06-07T14:18:14.062+0000] {logging_mixin.py:188} INFO - [2024-06-07T14:18:14.061+0000] {dag.py:3096} INFO - Sync 1 DAGs
[2024-06-07T14:18:14.096+0000] {logging_mixin.py:188} INFO - [2024-06-07T14:18:14.096+0000] {dag.py:3954} INFO - Setting next_dagrun for example_branch_dop_operator_v3 to 2024-06-07 14:17:00+00:00, run_after=2024-06-07 14:18:00+00:00
[2024-06-07T14:18:14.121+0000] {processor.py:183} INFO - Processing /home/airflow/.local/lib/python3.12/site-packages/airflow/example_dags/example_branch_python_dop_operator_3.py took 0.109 seconds
