[2024-06-07T14:01:56.374+0000] {processor.py:161} INFO - Started process (PID=89) to work on /home/airflow/.local/lib/python3.12/site-packages/airflow/example_dags/example_xcomargs.py
[2024-06-07T14:01:56.391+0000] {processor.py:830} INFO - Processing file /home/airflow/.local/lib/python3.12/site-packages/airflow/example_dags/example_xcomargs.py for tasks to queue
[2024-06-07T14:01:56.403+0000] {logging_mixin.py:188} INFO - [2024-06-07T14:01:56.402+0000] {dagbag.py:545} INFO - Filling up the DagBag from /home/airflow/.local/lib/python3.12/site-packages/airflow/example_dags/example_xcomargs.py
[2024-06-07T14:01:56.465+0000] {processor.py:840} INFO - DAG(s) 'example_xcom_args', 'example_xcom_args_with_operators' retrieved from /home/airflow/.local/lib/python3.12/site-packages/airflow/example_dags/example_xcomargs.py
[2024-06-07T14:01:57.284+0000] {logging_mixin.py:188} INFO - [2024-06-07T14:01:57.283+0000] {dag.py:3096} INFO - Sync 2 DAGs
[2024-06-07T14:01:57.395+0000] {logging_mixin.py:188} INFO - [2024-06-07T14:01:57.393+0000] {dag.py:3954} INFO - Setting next_dagrun for example_xcom_args to None, run_after=None
[2024-06-07T14:01:57.416+0000] {logging_mixin.py:188} INFO - [2024-06-07T14:01:57.416+0000] {dag.py:3954} INFO - Setting next_dagrun for example_xcom_args_with_operators to None, run_after=None
[2024-06-07T14:01:57.566+0000] {processor.py:183} INFO - Processing /home/airflow/.local/lib/python3.12/site-packages/airflow/example_dags/example_xcomargs.py took 1.213 seconds
[2024-06-07T14:02:28.582+0000] {processor.py:161} INFO - Started process (PID=162) to work on /home/airflow/.local/lib/python3.12/site-packages/airflow/example_dags/example_xcomargs.py
[2024-06-07T14:02:28.586+0000] {processor.py:830} INFO - Processing file /home/airflow/.local/lib/python3.12/site-packages/airflow/example_dags/example_xcomargs.py for tasks to queue
[2024-06-07T14:02:28.599+0000] {logging_mixin.py:188} INFO - [2024-06-07T14:02:28.598+0000] {dagbag.py:545} INFO - Filling up the DagBag from /home/airflow/.local/lib/python3.12/site-packages/airflow/example_dags/example_xcomargs.py
[2024-06-07T14:02:28.645+0000] {processor.py:840} INFO - DAG(s) 'example_xcom_args', 'example_xcom_args_with_operators' retrieved from /home/airflow/.local/lib/python3.12/site-packages/airflow/example_dags/example_xcomargs.py
[2024-06-07T14:02:28.732+0000] {logging_mixin.py:188} INFO - [2024-06-07T14:02:28.732+0000] {dag.py:3096} INFO - Sync 2 DAGs
[2024-06-07T14:02:28.807+0000] {logging_mixin.py:188} INFO - [2024-06-07T14:02:28.806+0000] {dag.py:3954} INFO - Setting next_dagrun for example_xcom_args to None, run_after=None
[2024-06-07T14:02:28.828+0000] {logging_mixin.py:188} INFO - [2024-06-07T14:02:28.828+0000] {dag.py:3954} INFO - Setting next_dagrun for example_xcom_args_with_operators to None, run_after=None
[2024-06-07T14:02:28.940+0000] {processor.py:183} INFO - Processing /home/airflow/.local/lib/python3.12/site-packages/airflow/example_dags/example_xcomargs.py took 0.383 seconds
[2024-06-07T14:02:59.657+0000] {processor.py:161} INFO - Started process (PID=222) to work on /home/airflow/.local/lib/python3.12/site-packages/airflow/example_dags/example_xcomargs.py
[2024-06-07T14:02:59.658+0000] {processor.py:830} INFO - Processing file /home/airflow/.local/lib/python3.12/site-packages/airflow/example_dags/example_xcomargs.py for tasks to queue
[2024-06-07T14:02:59.661+0000] {logging_mixin.py:188} INFO - [2024-06-07T14:02:59.660+0000] {dagbag.py:545} INFO - Filling up the DagBag from /home/airflow/.local/lib/python3.12/site-packages/airflow/example_dags/example_xcomargs.py
[2024-06-07T14:02:59.670+0000] {processor.py:840} INFO - DAG(s) 'example_xcom_args_with_operators', 'example_xcom_args' retrieved from /home/airflow/.local/lib/python3.12/site-packages/airflow/example_dags/example_xcomargs.py
[2024-06-07T14:02:59.705+0000] {logging_mixin.py:188} INFO - [2024-06-07T14:02:59.704+0000] {dag.py:3096} INFO - Sync 2 DAGs
[2024-06-07T14:02:59.719+0000] {logging_mixin.py:188} INFO - [2024-06-07T14:02:59.719+0000] {dag.py:3954} INFO - Setting next_dagrun for example_xcom_args to None, run_after=None
[2024-06-07T14:02:59.724+0000] {logging_mixin.py:188} INFO - [2024-06-07T14:02:59.723+0000] {dag.py:3954} INFO - Setting next_dagrun for example_xcom_args_with_operators to None, run_after=None
[2024-06-07T14:02:59.743+0000] {processor.py:183} INFO - Processing /home/airflow/.local/lib/python3.12/site-packages/airflow/example_dags/example_xcomargs.py took 0.094 seconds
[2024-06-07T14:03:30.459+0000] {processor.py:161} INFO - Started process (PID=282) to work on /home/airflow/.local/lib/python3.12/site-packages/airflow/example_dags/example_xcomargs.py
[2024-06-07T14:03:30.460+0000] {processor.py:830} INFO - Processing file /home/airflow/.local/lib/python3.12/site-packages/airflow/example_dags/example_xcomargs.py for tasks to queue
[2024-06-07T14:03:30.462+0000] {logging_mixin.py:188} INFO - [2024-06-07T14:03:30.462+0000] {dagbag.py:545} INFO - Filling up the DagBag from /home/airflow/.local/lib/python3.12/site-packages/airflow/example_dags/example_xcomargs.py
[2024-06-07T14:03:30.472+0000] {processor.py:840} INFO - DAG(s) 'example_xcom_args_with_operators', 'example_xcom_args' retrieved from /home/airflow/.local/lib/python3.12/site-packages/airflow/example_dags/example_xcomargs.py
[2024-06-07T14:03:30.500+0000] {logging_mixin.py:188} INFO - [2024-06-07T14:03:30.500+0000] {dag.py:3096} INFO - Sync 2 DAGs
[2024-06-07T14:03:30.515+0000] {logging_mixin.py:188} INFO - [2024-06-07T14:03:30.515+0000] {dag.py:3954} INFO - Setting next_dagrun for example_xcom_args to None, run_after=None
[2024-06-07T14:03:30.522+0000] {logging_mixin.py:188} INFO - [2024-06-07T14:03:30.522+0000] {dag.py:3954} INFO - Setting next_dagrun for example_xcom_args_with_operators to None, run_after=None
[2024-06-07T14:03:30.545+0000] {processor.py:183} INFO - Processing /home/airflow/.local/lib/python3.12/site-packages/airflow/example_dags/example_xcomargs.py took 0.092 seconds
[2024-06-07T14:04:00.867+0000] {processor.py:161} INFO - Started process (PID=342) to work on /home/airflow/.local/lib/python3.12/site-packages/airflow/example_dags/example_xcomargs.py
[2024-06-07T14:04:00.869+0000] {processor.py:830} INFO - Processing file /home/airflow/.local/lib/python3.12/site-packages/airflow/example_dags/example_xcomargs.py for tasks to queue
[2024-06-07T14:04:00.872+0000] {logging_mixin.py:188} INFO - [2024-06-07T14:04:00.872+0000] {dagbag.py:545} INFO - Filling up the DagBag from /home/airflow/.local/lib/python3.12/site-packages/airflow/example_dags/example_xcomargs.py
[2024-06-07T14:04:00.891+0000] {processor.py:840} INFO - DAG(s) 'example_xcom_args_with_operators', 'example_xcom_args' retrieved from /home/airflow/.local/lib/python3.12/site-packages/airflow/example_dags/example_xcomargs.py
[2024-06-07T14:04:00.934+0000] {logging_mixin.py:188} INFO - [2024-06-07T14:04:00.933+0000] {dag.py:3096} INFO - Sync 2 DAGs
[2024-06-07T14:04:00.952+0000] {logging_mixin.py:188} INFO - [2024-06-07T14:04:00.952+0000] {dag.py:3954} INFO - Setting next_dagrun for example_xcom_args to None, run_after=None
[2024-06-07T14:04:00.959+0000] {logging_mixin.py:188} INFO - [2024-06-07T14:04:00.959+0000] {dag.py:3954} INFO - Setting next_dagrun for example_xcom_args_with_operators to None, run_after=None
[2024-06-07T14:04:01.006+0000] {processor.py:183} INFO - Processing /home/airflow/.local/lib/python3.12/site-packages/airflow/example_dags/example_xcomargs.py took 0.148 seconds
[2024-06-07T14:04:31.658+0000] {processor.py:161} INFO - Started process (PID=402) to work on /home/airflow/.local/lib/python3.12/site-packages/airflow/example_dags/example_xcomargs.py
[2024-06-07T14:04:31.660+0000] {processor.py:830} INFO - Processing file /home/airflow/.local/lib/python3.12/site-packages/airflow/example_dags/example_xcomargs.py for tasks to queue
[2024-06-07T14:04:31.662+0000] {logging_mixin.py:188} INFO - [2024-06-07T14:04:31.662+0000] {dagbag.py:545} INFO - Filling up the DagBag from /home/airflow/.local/lib/python3.12/site-packages/airflow/example_dags/example_xcomargs.py
[2024-06-07T14:04:31.675+0000] {processor.py:840} INFO - DAG(s) 'example_xcom_args_with_operators', 'example_xcom_args' retrieved from /home/airflow/.local/lib/python3.12/site-packages/airflow/example_dags/example_xcomargs.py
[2024-06-07T14:04:31.715+0000] {logging_mixin.py:188} INFO - [2024-06-07T14:04:31.715+0000] {dag.py:3096} INFO - Sync 2 DAGs
[2024-06-07T14:04:31.736+0000] {logging_mixin.py:188} INFO - [2024-06-07T14:04:31.735+0000] {dag.py:3954} INFO - Setting next_dagrun for example_xcom_args to None, run_after=None
[2024-06-07T14:04:31.743+0000] {logging_mixin.py:188} INFO - [2024-06-07T14:04:31.743+0000] {dag.py:3954} INFO - Setting next_dagrun for example_xcom_args_with_operators to None, run_after=None
[2024-06-07T14:04:31.768+0000] {processor.py:183} INFO - Processing /home/airflow/.local/lib/python3.12/site-packages/airflow/example_dags/example_xcomargs.py took 0.121 seconds
[2024-06-07T14:05:01.965+0000] {processor.py:161} INFO - Started process (PID=462) to work on /home/airflow/.local/lib/python3.12/site-packages/airflow/example_dags/example_xcomargs.py
[2024-06-07T14:05:01.966+0000] {processor.py:830} INFO - Processing file /home/airflow/.local/lib/python3.12/site-packages/airflow/example_dags/example_xcomargs.py for tasks to queue
[2024-06-07T14:05:01.968+0000] {logging_mixin.py:188} INFO - [2024-06-07T14:05:01.968+0000] {dagbag.py:545} INFO - Filling up the DagBag from /home/airflow/.local/lib/python3.12/site-packages/airflow/example_dags/example_xcomargs.py
[2024-06-07T14:05:01.978+0000] {processor.py:840} INFO - DAG(s) 'example_xcom_args_with_operators', 'example_xcom_args' retrieved from /home/airflow/.local/lib/python3.12/site-packages/airflow/example_dags/example_xcomargs.py
[2024-06-07T14:05:02.004+0000] {logging_mixin.py:188} INFO - [2024-06-07T14:05:02.004+0000] {dag.py:3096} INFO - Sync 2 DAGs
[2024-06-07T14:05:02.020+0000] {logging_mixin.py:188} INFO - [2024-06-07T14:05:02.020+0000] {dag.py:3954} INFO - Setting next_dagrun for example_xcom_args to None, run_after=None
[2024-06-07T14:05:02.025+0000] {logging_mixin.py:188} INFO - [2024-06-07T14:05:02.025+0000] {dag.py:3954} INFO - Setting next_dagrun for example_xcom_args_with_operators to None, run_after=None
[2024-06-07T14:05:02.043+0000] {processor.py:183} INFO - Processing /home/airflow/.local/lib/python3.12/site-packages/airflow/example_dags/example_xcomargs.py took 0.085 seconds
[2024-06-07T14:05:32.224+0000] {processor.py:161} INFO - Started process (PID=522) to work on /home/airflow/.local/lib/python3.12/site-packages/airflow/example_dags/example_xcomargs.py
[2024-06-07T14:05:32.225+0000] {processor.py:830} INFO - Processing file /home/airflow/.local/lib/python3.12/site-packages/airflow/example_dags/example_xcomargs.py for tasks to queue
[2024-06-07T14:05:32.228+0000] {logging_mixin.py:188} INFO - [2024-06-07T14:05:32.227+0000] {dagbag.py:545} INFO - Filling up the DagBag from /home/airflow/.local/lib/python3.12/site-packages/airflow/example_dags/example_xcomargs.py
[2024-06-07T14:05:32.236+0000] {processor.py:840} INFO - DAG(s) 'example_xcom_args', 'example_xcom_args_with_operators' retrieved from /home/airflow/.local/lib/python3.12/site-packages/airflow/example_dags/example_xcomargs.py
[2024-06-07T14:05:32.265+0000] {logging_mixin.py:188} INFO - [2024-06-07T14:05:32.264+0000] {dag.py:3096} INFO - Sync 2 DAGs
[2024-06-07T14:05:32.280+0000] {logging_mixin.py:188} INFO - [2024-06-07T14:05:32.279+0000] {dag.py:3954} INFO - Setting next_dagrun for example_xcom_args to None, run_after=None
[2024-06-07T14:05:32.283+0000] {logging_mixin.py:188} INFO - [2024-06-07T14:05:32.283+0000] {dag.py:3954} INFO - Setting next_dagrun for example_xcom_args_with_operators to None, run_after=None
[2024-06-07T14:05:32.306+0000] {processor.py:183} INFO - Processing /home/airflow/.local/lib/python3.12/site-packages/airflow/example_dags/example_xcomargs.py took 0.088 seconds
[2024-06-07T14:06:02.451+0000] {processor.py:161} INFO - Started process (PID=583) to work on /home/airflow/.local/lib/python3.12/site-packages/airflow/example_dags/example_xcomargs.py
[2024-06-07T14:06:02.453+0000] {processor.py:830} INFO - Processing file /home/airflow/.local/lib/python3.12/site-packages/airflow/example_dags/example_xcomargs.py for tasks to queue
[2024-06-07T14:06:02.455+0000] {logging_mixin.py:188} INFO - [2024-06-07T14:06:02.455+0000] {dagbag.py:545} INFO - Filling up the DagBag from /home/airflow/.local/lib/python3.12/site-packages/airflow/example_dags/example_xcomargs.py
[2024-06-07T14:06:02.469+0000] {processor.py:840} INFO - DAG(s) 'example_xcom_args', 'example_xcom_args_with_operators' retrieved from /home/airflow/.local/lib/python3.12/site-packages/airflow/example_dags/example_xcomargs.py
[2024-06-07T14:06:02.499+0000] {logging_mixin.py:188} INFO - [2024-06-07T14:06:02.499+0000] {dag.py:3096} INFO - Sync 2 DAGs
[2024-06-07T14:06:02.514+0000] {logging_mixin.py:188} INFO - [2024-06-07T14:06:02.514+0000] {dag.py:3954} INFO - Setting next_dagrun for example_xcom_args to None, run_after=None
[2024-06-07T14:06:02.519+0000] {logging_mixin.py:188} INFO - [2024-06-07T14:06:02.519+0000] {dag.py:3954} INFO - Setting next_dagrun for example_xcom_args_with_operators to None, run_after=None
[2024-06-07T14:06:02.540+0000] {processor.py:183} INFO - Processing /home/airflow/.local/lib/python3.12/site-packages/airflow/example_dags/example_xcomargs.py took 0.096 seconds
[2024-06-07T14:06:33.438+0000] {processor.py:161} INFO - Started process (PID=643) to work on /home/airflow/.local/lib/python3.12/site-packages/airflow/example_dags/example_xcomargs.py
[2024-06-07T14:06:33.441+0000] {processor.py:830} INFO - Processing file /home/airflow/.local/lib/python3.12/site-packages/airflow/example_dags/example_xcomargs.py for tasks to queue
[2024-06-07T14:06:33.444+0000] {logging_mixin.py:188} INFO - [2024-06-07T14:06:33.443+0000] {dagbag.py:545} INFO - Filling up the DagBag from /home/airflow/.local/lib/python3.12/site-packages/airflow/example_dags/example_xcomargs.py
[2024-06-07T14:06:33.454+0000] {processor.py:840} INFO - DAG(s) 'example_xcom_args', 'example_xcom_args_with_operators' retrieved from /home/airflow/.local/lib/python3.12/site-packages/airflow/example_dags/example_xcomargs.py
[2024-06-07T14:06:33.493+0000] {logging_mixin.py:188} INFO - [2024-06-07T14:06:33.493+0000] {dag.py:3096} INFO - Sync 2 DAGs
[2024-06-07T14:06:33.510+0000] {logging_mixin.py:188} INFO - [2024-06-07T14:06:33.510+0000] {dag.py:3954} INFO - Setting next_dagrun for example_xcom_args to None, run_after=None
[2024-06-07T14:06:33.515+0000] {logging_mixin.py:188} INFO - [2024-06-07T14:06:33.514+0000] {dag.py:3954} INFO - Setting next_dagrun for example_xcom_args_with_operators to None, run_after=None
[2024-06-07T14:06:33.534+0000] {processor.py:183} INFO - Processing /home/airflow/.local/lib/python3.12/site-packages/airflow/example_dags/example_xcomargs.py took 0.105 seconds
[2024-06-07T14:07:03.860+0000] {processor.py:161} INFO - Started process (PID=703) to work on /home/airflow/.local/lib/python3.12/site-packages/airflow/example_dags/example_xcomargs.py
[2024-06-07T14:07:03.868+0000] {processor.py:830} INFO - Processing file /home/airflow/.local/lib/python3.12/site-packages/airflow/example_dags/example_xcomargs.py for tasks to queue
[2024-06-07T14:07:03.875+0000] {logging_mixin.py:188} INFO - [2024-06-07T14:07:03.873+0000] {dagbag.py:545} INFO - Filling up the DagBag from /home/airflow/.local/lib/python3.12/site-packages/airflow/example_dags/example_xcomargs.py
[2024-06-07T14:07:03.942+0000] {processor.py:840} INFO - DAG(s) 'example_xcom_args', 'example_xcom_args_with_operators' retrieved from /home/airflow/.local/lib/python3.12/site-packages/airflow/example_dags/example_xcomargs.py
[2024-06-07T14:07:04.085+0000] {logging_mixin.py:188} INFO - [2024-06-07T14:07:04.084+0000] {dag.py:3096} INFO - Sync 2 DAGs
[2024-06-07T14:07:04.174+0000] {logging_mixin.py:188} INFO - [2024-06-07T14:07:04.172+0000] {dag.py:3954} INFO - Setting next_dagrun for example_xcom_args to None, run_after=None
[2024-06-07T14:07:04.189+0000] {logging_mixin.py:188} INFO - [2024-06-07T14:07:04.189+0000] {dag.py:3954} INFO - Setting next_dagrun for example_xcom_args_with_operators to None, run_after=None
[2024-06-07T14:07:04.265+0000] {processor.py:183} INFO - Processing /home/airflow/.local/lib/python3.12/site-packages/airflow/example_dags/example_xcomargs.py took 0.454 seconds
[2024-06-07T14:07:34.498+0000] {processor.py:161} INFO - Started process (PID=764) to work on /home/airflow/.local/lib/python3.12/site-packages/airflow/example_dags/example_xcomargs.py
[2024-06-07T14:07:34.500+0000] {processor.py:830} INFO - Processing file /home/airflow/.local/lib/python3.12/site-packages/airflow/example_dags/example_xcomargs.py for tasks to queue
[2024-06-07T14:07:34.504+0000] {logging_mixin.py:188} INFO - [2024-06-07T14:07:34.503+0000] {dagbag.py:545} INFO - Filling up the DagBag from /home/airflow/.local/lib/python3.12/site-packages/airflow/example_dags/example_xcomargs.py
[2024-06-07T14:07:34.519+0000] {processor.py:840} INFO - DAG(s) 'example_xcom_args_with_operators', 'example_xcom_args' retrieved from /home/airflow/.local/lib/python3.12/site-packages/airflow/example_dags/example_xcomargs.py
[2024-06-07T14:07:34.594+0000] {logging_mixin.py:188} INFO - [2024-06-07T14:07:34.593+0000] {dag.py:3096} INFO - Sync 2 DAGs
[2024-06-07T14:07:34.620+0000] {logging_mixin.py:188} INFO - [2024-06-07T14:07:34.620+0000] {dag.py:3954} INFO - Setting next_dagrun for example_xcom_args to None, run_after=None
[2024-06-07T14:07:34.626+0000] {logging_mixin.py:188} INFO - [2024-06-07T14:07:34.625+0000] {dag.py:3954} INFO - Setting next_dagrun for example_xcom_args_with_operators to None, run_after=None
[2024-06-07T14:07:34.656+0000] {processor.py:183} INFO - Processing /home/airflow/.local/lib/python3.12/site-packages/airflow/example_dags/example_xcomargs.py took 0.170 seconds
[2024-06-07T14:08:04.730+0000] {processor.py:161} INFO - Started process (PID=822) to work on /home/airflow/.local/lib/python3.12/site-packages/airflow/example_dags/example_xcomargs.py
[2024-06-07T14:08:04.731+0000] {processor.py:830} INFO - Processing file /home/airflow/.local/lib/python3.12/site-packages/airflow/example_dags/example_xcomargs.py for tasks to queue
[2024-06-07T14:08:04.733+0000] {logging_mixin.py:188} INFO - [2024-06-07T14:08:04.733+0000] {dagbag.py:545} INFO - Filling up the DagBag from /home/airflow/.local/lib/python3.12/site-packages/airflow/example_dags/example_xcomargs.py
[2024-06-07T14:08:04.744+0000] {processor.py:840} INFO - DAG(s) 'example_xcom_args_with_operators', 'example_xcom_args' retrieved from /home/airflow/.local/lib/python3.12/site-packages/airflow/example_dags/example_xcomargs.py
[2024-06-07T14:08:04.768+0000] {logging_mixin.py:188} INFO - [2024-06-07T14:08:04.768+0000] {dag.py:3096} INFO - Sync 2 DAGs
[2024-06-07T14:08:04.792+0000] {logging_mixin.py:188} INFO - [2024-06-07T14:08:04.791+0000] {dag.py:3954} INFO - Setting next_dagrun for example_xcom_args to None, run_after=None
[2024-06-07T14:08:04.797+0000] {logging_mixin.py:188} INFO - [2024-06-07T14:08:04.796+0000] {dag.py:3954} INFO - Setting next_dagrun for example_xcom_args_with_operators to None, run_after=None
[2024-06-07T14:08:04.821+0000] {processor.py:183} INFO - Processing /home/airflow/.local/lib/python3.12/site-packages/airflow/example_dags/example_xcomargs.py took 0.097 seconds
[2024-06-07T14:08:34.909+0000] {processor.py:161} INFO - Started process (PID=882) to work on /home/airflow/.local/lib/python3.12/site-packages/airflow/example_dags/example_xcomargs.py
[2024-06-07T14:08:34.910+0000] {processor.py:830} INFO - Processing file /home/airflow/.local/lib/python3.12/site-packages/airflow/example_dags/example_xcomargs.py for tasks to queue
[2024-06-07T14:08:34.912+0000] {logging_mixin.py:188} INFO - [2024-06-07T14:08:34.912+0000] {dagbag.py:545} INFO - Filling up the DagBag from /home/airflow/.local/lib/python3.12/site-packages/airflow/example_dags/example_xcomargs.py
[2024-06-07T14:08:34.923+0000] {processor.py:840} INFO - DAG(s) 'example_xcom_args_with_operators', 'example_xcom_args' retrieved from /home/airflow/.local/lib/python3.12/site-packages/airflow/example_dags/example_xcomargs.py
[2024-06-07T14:08:34.951+0000] {logging_mixin.py:188} INFO - [2024-06-07T14:08:34.950+0000] {dag.py:3096} INFO - Sync 2 DAGs
[2024-06-07T14:08:34.968+0000] {logging_mixin.py:188} INFO - [2024-06-07T14:08:34.968+0000] {dag.py:3954} INFO - Setting next_dagrun for example_xcom_args to None, run_after=None
[2024-06-07T14:08:34.973+0000] {logging_mixin.py:188} INFO - [2024-06-07T14:08:34.973+0000] {dag.py:3954} INFO - Setting next_dagrun for example_xcom_args_with_operators to None, run_after=None
[2024-06-07T14:08:34.993+0000] {processor.py:183} INFO - Processing /home/airflow/.local/lib/python3.12/site-packages/airflow/example_dags/example_xcomargs.py took 0.091 seconds
[2024-06-07T14:09:05.501+0000] {processor.py:161} INFO - Started process (PID=942) to work on /home/airflow/.local/lib/python3.12/site-packages/airflow/example_dags/example_xcomargs.py
[2024-06-07T14:09:05.503+0000] {processor.py:830} INFO - Processing file /home/airflow/.local/lib/python3.12/site-packages/airflow/example_dags/example_xcomargs.py for tasks to queue
[2024-06-07T14:09:05.505+0000] {logging_mixin.py:188} INFO - [2024-06-07T14:09:05.505+0000] {dagbag.py:545} INFO - Filling up the DagBag from /home/airflow/.local/lib/python3.12/site-packages/airflow/example_dags/example_xcomargs.py
[2024-06-07T14:09:05.518+0000] {processor.py:840} INFO - DAG(s) 'example_xcom_args', 'example_xcom_args_with_operators' retrieved from /home/airflow/.local/lib/python3.12/site-packages/airflow/example_dags/example_xcomargs.py
[2024-06-07T14:09:05.546+0000] {logging_mixin.py:188} INFO - [2024-06-07T14:09:05.546+0000] {dag.py:3096} INFO - Sync 2 DAGs
[2024-06-07T14:09:05.567+0000] {logging_mixin.py:188} INFO - [2024-06-07T14:09:05.567+0000] {dag.py:3954} INFO - Setting next_dagrun for example_xcom_args to None, run_after=None
[2024-06-07T14:09:05.572+0000] {logging_mixin.py:188} INFO - [2024-06-07T14:09:05.572+0000] {dag.py:3954} INFO - Setting next_dagrun for example_xcom_args_with_operators to None, run_after=None
[2024-06-07T14:09:05.595+0000] {processor.py:183} INFO - Processing /home/airflow/.local/lib/python3.12/site-packages/airflow/example_dags/example_xcomargs.py took 0.102 seconds
[2024-06-07T14:09:35.879+0000] {processor.py:161} INFO - Started process (PID=1002) to work on /home/airflow/.local/lib/python3.12/site-packages/airflow/example_dags/example_xcomargs.py
[2024-06-07T14:09:35.880+0000] {processor.py:830} INFO - Processing file /home/airflow/.local/lib/python3.12/site-packages/airflow/example_dags/example_xcomargs.py for tasks to queue
[2024-06-07T14:09:35.882+0000] {logging_mixin.py:188} INFO - [2024-06-07T14:09:35.882+0000] {dagbag.py:545} INFO - Filling up the DagBag from /home/airflow/.local/lib/python3.12/site-packages/airflow/example_dags/example_xcomargs.py
[2024-06-07T14:09:35.890+0000] {processor.py:840} INFO - DAG(s) 'example_xcom_args', 'example_xcom_args_with_operators' retrieved from /home/airflow/.local/lib/python3.12/site-packages/airflow/example_dags/example_xcomargs.py
[2024-06-07T14:09:35.914+0000] {logging_mixin.py:188} INFO - [2024-06-07T14:09:35.914+0000] {dag.py:3096} INFO - Sync 2 DAGs
[2024-06-07T14:09:35.928+0000] {logging_mixin.py:188} INFO - [2024-06-07T14:09:35.927+0000] {dag.py:3954} INFO - Setting next_dagrun for example_xcom_args to None, run_after=None
[2024-06-07T14:09:35.932+0000] {logging_mixin.py:188} INFO - [2024-06-07T14:09:35.931+0000] {dag.py:3954} INFO - Setting next_dagrun for example_xcom_args_with_operators to None, run_after=None
[2024-06-07T14:09:35.950+0000] {processor.py:183} INFO - Processing /home/airflow/.local/lib/python3.12/site-packages/airflow/example_dags/example_xcomargs.py took 0.078 seconds
[2024-06-07T14:10:06.698+0000] {processor.py:161} INFO - Started process (PID=1062) to work on /home/airflow/.local/lib/python3.12/site-packages/airflow/example_dags/example_xcomargs.py
[2024-06-07T14:10:06.700+0000] {processor.py:830} INFO - Processing file /home/airflow/.local/lib/python3.12/site-packages/airflow/example_dags/example_xcomargs.py for tasks to queue
[2024-06-07T14:10:06.703+0000] {logging_mixin.py:188} INFO - [2024-06-07T14:10:06.702+0000] {dagbag.py:545} INFO - Filling up the DagBag from /home/airflow/.local/lib/python3.12/site-packages/airflow/example_dags/example_xcomargs.py
[2024-06-07T14:10:06.718+0000] {processor.py:840} INFO - DAG(s) 'example_xcom_args_with_operators', 'example_xcom_args' retrieved from /home/airflow/.local/lib/python3.12/site-packages/airflow/example_dags/example_xcomargs.py
[2024-06-07T14:10:06.753+0000] {logging_mixin.py:188} INFO - [2024-06-07T14:10:06.753+0000] {dag.py:3096} INFO - Sync 2 DAGs
[2024-06-07T14:10:06.776+0000] {logging_mixin.py:188} INFO - [2024-06-07T14:10:06.776+0000] {dag.py:3954} INFO - Setting next_dagrun for example_xcom_args to None, run_after=None
[2024-06-07T14:10:06.781+0000] {logging_mixin.py:188} INFO - [2024-06-07T14:10:06.780+0000] {dag.py:3954} INFO - Setting next_dagrun for example_xcom_args_with_operators to None, run_after=None
[2024-06-07T14:10:06.807+0000] {processor.py:183} INFO - Processing /home/airflow/.local/lib/python3.12/site-packages/airflow/example_dags/example_xcomargs.py took 0.120 seconds
[2024-06-07T14:10:37.364+0000] {processor.py:161} INFO - Started process (PID=1122) to work on /home/airflow/.local/lib/python3.12/site-packages/airflow/example_dags/example_xcomargs.py
[2024-06-07T14:10:37.366+0000] {processor.py:830} INFO - Processing file /home/airflow/.local/lib/python3.12/site-packages/airflow/example_dags/example_xcomargs.py for tasks to queue
[2024-06-07T14:10:37.369+0000] {logging_mixin.py:188} INFO - [2024-06-07T14:10:37.369+0000] {dagbag.py:545} INFO - Filling up the DagBag from /home/airflow/.local/lib/python3.12/site-packages/airflow/example_dags/example_xcomargs.py
[2024-06-07T14:10:37.383+0000] {processor.py:840} INFO - DAG(s) 'example_xcom_args', 'example_xcom_args_with_operators' retrieved from /home/airflow/.local/lib/python3.12/site-packages/airflow/example_dags/example_xcomargs.py
[2024-06-07T14:10:37.417+0000] {logging_mixin.py:188} INFO - [2024-06-07T14:10:37.417+0000] {dag.py:3096} INFO - Sync 2 DAGs
[2024-06-07T14:10:37.437+0000] {logging_mixin.py:188} INFO - [2024-06-07T14:10:37.436+0000] {dag.py:3954} INFO - Setting next_dagrun for example_xcom_args to None, run_after=None
[2024-06-07T14:10:37.443+0000] {logging_mixin.py:188} INFO - [2024-06-07T14:10:37.442+0000] {dag.py:3954} INFO - Setting next_dagrun for example_xcom_args_with_operators to None, run_after=None
[2024-06-07T14:10:37.465+0000] {processor.py:183} INFO - Processing /home/airflow/.local/lib/python3.12/site-packages/airflow/example_dags/example_xcomargs.py took 0.109 seconds
[2024-06-07T14:11:08.307+0000] {processor.py:161} INFO - Started process (PID=1182) to work on /home/airflow/.local/lib/python3.12/site-packages/airflow/example_dags/example_xcomargs.py
[2024-06-07T14:11:08.313+0000] {processor.py:830} INFO - Processing file /home/airflow/.local/lib/python3.12/site-packages/airflow/example_dags/example_xcomargs.py for tasks to queue
[2024-06-07T14:11:08.321+0000] {logging_mixin.py:188} INFO - [2024-06-07T14:11:08.320+0000] {dagbag.py:545} INFO - Filling up the DagBag from /home/airflow/.local/lib/python3.12/site-packages/airflow/example_dags/example_xcomargs.py
[2024-06-07T14:11:08.367+0000] {processor.py:840} INFO - DAG(s) 'example_xcom_args_with_operators', 'example_xcom_args' retrieved from /home/airflow/.local/lib/python3.12/site-packages/airflow/example_dags/example_xcomargs.py
[2024-06-07T14:11:08.437+0000] {logging_mixin.py:188} INFO - [2024-06-07T14:11:08.436+0000] {dag.py:3096} INFO - Sync 2 DAGs
[2024-06-07T14:11:08.501+0000] {logging_mixin.py:188} INFO - [2024-06-07T14:11:08.500+0000] {dag.py:3954} INFO - Setting next_dagrun for example_xcom_args to None, run_after=None
[2024-06-07T14:11:08.512+0000] {logging_mixin.py:188} INFO - [2024-06-07T14:11:08.512+0000] {dag.py:3954} INFO - Setting next_dagrun for example_xcom_args_with_operators to None, run_after=None
[2024-06-07T14:11:08.563+0000] {processor.py:183} INFO - Processing /home/airflow/.local/lib/python3.12/site-packages/airflow/example_dags/example_xcomargs.py took 0.308 seconds
[2024-06-07T14:11:39.310+0000] {processor.py:161} INFO - Started process (PID=1242) to work on /home/airflow/.local/lib/python3.12/site-packages/airflow/example_dags/example_xcomargs.py
[2024-06-07T14:11:39.312+0000] {processor.py:830} INFO - Processing file /home/airflow/.local/lib/python3.12/site-packages/airflow/example_dags/example_xcomargs.py for tasks to queue
[2024-06-07T14:11:39.315+0000] {logging_mixin.py:188} INFO - [2024-06-07T14:11:39.314+0000] {dagbag.py:545} INFO - Filling up the DagBag from /home/airflow/.local/lib/python3.12/site-packages/airflow/example_dags/example_xcomargs.py
[2024-06-07T14:11:39.325+0000] {processor.py:840} INFO - DAG(s) 'example_xcom_args_with_operators', 'example_xcom_args' retrieved from /home/airflow/.local/lib/python3.12/site-packages/airflow/example_dags/example_xcomargs.py
[2024-06-07T14:11:39.356+0000] {logging_mixin.py:188} INFO - [2024-06-07T14:11:39.356+0000] {dag.py:3096} INFO - Sync 2 DAGs
[2024-06-07T14:11:39.375+0000] {logging_mixin.py:188} INFO - [2024-06-07T14:11:39.375+0000] {dag.py:3954} INFO - Setting next_dagrun for example_xcom_args to None, run_after=None
[2024-06-07T14:11:39.381+0000] {logging_mixin.py:188} INFO - [2024-06-07T14:11:39.380+0000] {dag.py:3954} INFO - Setting next_dagrun for example_xcom_args_with_operators to None, run_after=None
[2024-06-07T14:11:39.401+0000] {processor.py:183} INFO - Processing /home/airflow/.local/lib/python3.12/site-packages/airflow/example_dags/example_xcomargs.py took 0.101 seconds
[2024-06-07T14:12:09.511+0000] {processor.py:161} INFO - Started process (PID=1302) to work on /home/airflow/.local/lib/python3.12/site-packages/airflow/example_dags/example_xcomargs.py
[2024-06-07T14:12:09.512+0000] {processor.py:830} INFO - Processing file /home/airflow/.local/lib/python3.12/site-packages/airflow/example_dags/example_xcomargs.py for tasks to queue
[2024-06-07T14:12:09.516+0000] {logging_mixin.py:188} INFO - [2024-06-07T14:12:09.515+0000] {dagbag.py:545} INFO - Filling up the DagBag from /home/airflow/.local/lib/python3.12/site-packages/airflow/example_dags/example_xcomargs.py
[2024-06-07T14:12:09.527+0000] {processor.py:840} INFO - DAG(s) 'example_xcom_args_with_operators', 'example_xcom_args' retrieved from /home/airflow/.local/lib/python3.12/site-packages/airflow/example_dags/example_xcomargs.py
[2024-06-07T14:12:09.561+0000] {logging_mixin.py:188} INFO - [2024-06-07T14:12:09.561+0000] {dag.py:3096} INFO - Sync 2 DAGs
[2024-06-07T14:12:09.580+0000] {logging_mixin.py:188} INFO - [2024-06-07T14:12:09.580+0000] {dag.py:3954} INFO - Setting next_dagrun for example_xcom_args to None, run_after=None
[2024-06-07T14:12:09.585+0000] {logging_mixin.py:188} INFO - [2024-06-07T14:12:09.585+0000] {dag.py:3954} INFO - Setting next_dagrun for example_xcom_args_with_operators to None, run_after=None
[2024-06-07T14:12:09.609+0000] {processor.py:183} INFO - Processing /home/airflow/.local/lib/python3.12/site-packages/airflow/example_dags/example_xcomargs.py took 0.108 seconds
[2024-06-07T14:12:39.827+0000] {processor.py:161} INFO - Started process (PID=1362) to work on /home/airflow/.local/lib/python3.12/site-packages/airflow/example_dags/example_xcomargs.py
[2024-06-07T14:12:39.829+0000] {processor.py:830} INFO - Processing file /home/airflow/.local/lib/python3.12/site-packages/airflow/example_dags/example_xcomargs.py for tasks to queue
[2024-06-07T14:12:39.834+0000] {logging_mixin.py:188} INFO - [2024-06-07T14:12:39.833+0000] {dagbag.py:545} INFO - Filling up the DagBag from /home/airflow/.local/lib/python3.12/site-packages/airflow/example_dags/example_xcomargs.py
[2024-06-07T14:12:39.847+0000] {processor.py:840} INFO - DAG(s) 'example_xcom_args', 'example_xcom_args_with_operators' retrieved from /home/airflow/.local/lib/python3.12/site-packages/airflow/example_dags/example_xcomargs.py
[2024-06-07T14:12:39.880+0000] {logging_mixin.py:188} INFO - [2024-06-07T14:12:39.880+0000] {dag.py:3096} INFO - Sync 2 DAGs
[2024-06-07T14:12:39.897+0000] {logging_mixin.py:188} INFO - [2024-06-07T14:12:39.897+0000] {dag.py:3954} INFO - Setting next_dagrun for example_xcom_args to None, run_after=None
[2024-06-07T14:12:39.903+0000] {logging_mixin.py:188} INFO - [2024-06-07T14:12:39.903+0000] {dag.py:3954} INFO - Setting next_dagrun for example_xcom_args_with_operators to None, run_after=None
[2024-06-07T14:12:39.928+0000] {processor.py:183} INFO - Processing /home/airflow/.local/lib/python3.12/site-packages/airflow/example_dags/example_xcomargs.py took 0.108 seconds
[2024-06-07T14:13:10.476+0000] {processor.py:161} INFO - Started process (PID=1422) to work on /home/airflow/.local/lib/python3.12/site-packages/airflow/example_dags/example_xcomargs.py
[2024-06-07T14:13:10.477+0000] {processor.py:830} INFO - Processing file /home/airflow/.local/lib/python3.12/site-packages/airflow/example_dags/example_xcomargs.py for tasks to queue
[2024-06-07T14:13:10.479+0000] {logging_mixin.py:188} INFO - [2024-06-07T14:13:10.479+0000] {dagbag.py:545} INFO - Filling up the DagBag from /home/airflow/.local/lib/python3.12/site-packages/airflow/example_dags/example_xcomargs.py
[2024-06-07T14:13:10.490+0000] {processor.py:840} INFO - DAG(s) 'example_xcom_args', 'example_xcom_args_with_operators' retrieved from /home/airflow/.local/lib/python3.12/site-packages/airflow/example_dags/example_xcomargs.py
[2024-06-07T14:13:10.516+0000] {logging_mixin.py:188} INFO - [2024-06-07T14:13:10.516+0000] {dag.py:3096} INFO - Sync 2 DAGs
[2024-06-07T14:13:10.530+0000] {logging_mixin.py:188} INFO - [2024-06-07T14:13:10.530+0000] {dag.py:3954} INFO - Setting next_dagrun for example_xcom_args to None, run_after=None
[2024-06-07T14:13:10.535+0000] {logging_mixin.py:188} INFO - [2024-06-07T14:13:10.534+0000] {dag.py:3954} INFO - Setting next_dagrun for example_xcom_args_with_operators to None, run_after=None
[2024-06-07T14:13:10.555+0000] {processor.py:183} INFO - Processing /home/airflow/.local/lib/python3.12/site-packages/airflow/example_dags/example_xcomargs.py took 0.086 seconds
[2024-06-07T14:13:40.749+0000] {processor.py:161} INFO - Started process (PID=1482) to work on /home/airflow/.local/lib/python3.12/site-packages/airflow/example_dags/example_xcomargs.py
[2024-06-07T14:13:40.750+0000] {processor.py:830} INFO - Processing file /home/airflow/.local/lib/python3.12/site-packages/airflow/example_dags/example_xcomargs.py for tasks to queue
[2024-06-07T14:13:40.752+0000] {logging_mixin.py:188} INFO - [2024-06-07T14:13:40.752+0000] {dagbag.py:545} INFO - Filling up the DagBag from /home/airflow/.local/lib/python3.12/site-packages/airflow/example_dags/example_xcomargs.py
[2024-06-07T14:13:40.762+0000] {processor.py:840} INFO - DAG(s) 'example_xcom_args_with_operators', 'example_xcom_args' retrieved from /home/airflow/.local/lib/python3.12/site-packages/airflow/example_dags/example_xcomargs.py
[2024-06-07T14:13:40.787+0000] {logging_mixin.py:188} INFO - [2024-06-07T14:13:40.787+0000] {dag.py:3096} INFO - Sync 2 DAGs
[2024-06-07T14:13:40.800+0000] {logging_mixin.py:188} INFO - [2024-06-07T14:13:40.800+0000] {dag.py:3954} INFO - Setting next_dagrun for example_xcom_args to None, run_after=None
[2024-06-07T14:13:40.804+0000] {logging_mixin.py:188} INFO - [2024-06-07T14:13:40.804+0000] {dag.py:3954} INFO - Setting next_dagrun for example_xcom_args_with_operators to None, run_after=None
[2024-06-07T14:13:40.822+0000] {processor.py:183} INFO - Processing /home/airflow/.local/lib/python3.12/site-packages/airflow/example_dags/example_xcomargs.py took 0.079 seconds
[2024-06-07T14:14:11.164+0000] {processor.py:161} INFO - Started process (PID=1542) to work on /home/airflow/.local/lib/python3.12/site-packages/airflow/example_dags/example_xcomargs.py
[2024-06-07T14:14:11.165+0000] {processor.py:830} INFO - Processing file /home/airflow/.local/lib/python3.12/site-packages/airflow/example_dags/example_xcomargs.py for tasks to queue
[2024-06-07T14:14:11.167+0000] {logging_mixin.py:188} INFO - [2024-06-07T14:14:11.167+0000] {dagbag.py:545} INFO - Filling up the DagBag from /home/airflow/.local/lib/python3.12/site-packages/airflow/example_dags/example_xcomargs.py
[2024-06-07T14:14:11.176+0000] {processor.py:840} INFO - DAG(s) 'example_xcom_args', 'example_xcom_args_with_operators' retrieved from /home/airflow/.local/lib/python3.12/site-packages/airflow/example_dags/example_xcomargs.py
[2024-06-07T14:14:11.199+0000] {logging_mixin.py:188} INFO - [2024-06-07T14:14:11.199+0000] {dag.py:3096} INFO - Sync 2 DAGs
[2024-06-07T14:14:11.212+0000] {logging_mixin.py:188} INFO - [2024-06-07T14:14:11.212+0000] {dag.py:3954} INFO - Setting next_dagrun for example_xcom_args to None, run_after=None
[2024-06-07T14:14:11.217+0000] {logging_mixin.py:188} INFO - [2024-06-07T14:14:11.216+0000] {dag.py:3954} INFO - Setting next_dagrun for example_xcom_args_with_operators to None, run_after=None
[2024-06-07T14:14:11.234+0000] {processor.py:183} INFO - Processing /home/airflow/.local/lib/python3.12/site-packages/airflow/example_dags/example_xcomargs.py took 0.077 seconds
[2024-06-07T14:14:41.585+0000] {processor.py:161} INFO - Started process (PID=1602) to work on /home/airflow/.local/lib/python3.12/site-packages/airflow/example_dags/example_xcomargs.py
[2024-06-07T14:14:41.586+0000] {processor.py:830} INFO - Processing file /home/airflow/.local/lib/python3.12/site-packages/airflow/example_dags/example_xcomargs.py for tasks to queue
[2024-06-07T14:14:41.588+0000] {logging_mixin.py:188} INFO - [2024-06-07T14:14:41.587+0000] {dagbag.py:545} INFO - Filling up the DagBag from /home/airflow/.local/lib/python3.12/site-packages/airflow/example_dags/example_xcomargs.py
[2024-06-07T14:14:41.596+0000] {processor.py:840} INFO - DAG(s) 'example_xcom_args_with_operators', 'example_xcom_args' retrieved from /home/airflow/.local/lib/python3.12/site-packages/airflow/example_dags/example_xcomargs.py
[2024-06-07T14:14:41.624+0000] {logging_mixin.py:188} INFO - [2024-06-07T14:14:41.624+0000] {dag.py:3096} INFO - Sync 2 DAGs
[2024-06-07T14:14:41.643+0000] {logging_mixin.py:188} INFO - [2024-06-07T14:14:41.643+0000] {dag.py:3954} INFO - Setting next_dagrun for example_xcom_args to None, run_after=None
[2024-06-07T14:14:41.648+0000] {logging_mixin.py:188} INFO - [2024-06-07T14:14:41.648+0000] {dag.py:3954} INFO - Setting next_dagrun for example_xcom_args_with_operators to None, run_after=None
[2024-06-07T14:14:41.670+0000] {processor.py:183} INFO - Processing /home/airflow/.local/lib/python3.12/site-packages/airflow/example_dags/example_xcomargs.py took 0.092 seconds
[2024-06-07T14:15:12.740+0000] {processor.py:161} INFO - Started process (PID=1662) to work on /home/airflow/.local/lib/python3.12/site-packages/airflow/example_dags/example_xcomargs.py
[2024-06-07T14:15:12.748+0000] {processor.py:830} INFO - Processing file /home/airflow/.local/lib/python3.12/site-packages/airflow/example_dags/example_xcomargs.py for tasks to queue
[2024-06-07T14:15:12.755+0000] {logging_mixin.py:188} INFO - [2024-06-07T14:15:12.754+0000] {dagbag.py:545} INFO - Filling up the DagBag from /home/airflow/.local/lib/python3.12/site-packages/airflow/example_dags/example_xcomargs.py
[2024-06-07T14:15:12.788+0000] {processor.py:840} INFO - DAG(s) 'example_xcom_args', 'example_xcom_args_with_operators' retrieved from /home/airflow/.local/lib/python3.12/site-packages/airflow/example_dags/example_xcomargs.py
[2024-06-07T14:15:12.906+0000] {logging_mixin.py:188} INFO - [2024-06-07T14:15:12.906+0000] {dag.py:3096} INFO - Sync 2 DAGs
[2024-06-07T14:15:12.980+0000] {logging_mixin.py:188} INFO - [2024-06-07T14:15:12.979+0000] {dag.py:3954} INFO - Setting next_dagrun for example_xcom_args to None, run_after=None
[2024-06-07T14:15:13.051+0000] {logging_mixin.py:188} INFO - [2024-06-07T14:15:13.048+0000] {dag.py:3954} INFO - Setting next_dagrun for example_xcom_args_with_operators to None, run_after=None
[2024-06-07T14:15:13.189+0000] {processor.py:183} INFO - Processing /home/airflow/.local/lib/python3.12/site-packages/airflow/example_dags/example_xcomargs.py took 0.479 seconds
[2024-06-07T14:15:43.975+0000] {processor.py:161} INFO - Started process (PID=1722) to work on /home/airflow/.local/lib/python3.12/site-packages/airflow/example_dags/example_xcomargs.py
[2024-06-07T14:15:43.976+0000] {processor.py:830} INFO - Processing file /home/airflow/.local/lib/python3.12/site-packages/airflow/example_dags/example_xcomargs.py for tasks to queue
[2024-06-07T14:15:43.979+0000] {logging_mixin.py:188} INFO - [2024-06-07T14:15:43.979+0000] {dagbag.py:545} INFO - Filling up the DagBag from /home/airflow/.local/lib/python3.12/site-packages/airflow/example_dags/example_xcomargs.py
[2024-06-07T14:15:43.989+0000] {processor.py:840} INFO - DAG(s) 'example_xcom_args', 'example_xcom_args_with_operators' retrieved from /home/airflow/.local/lib/python3.12/site-packages/airflow/example_dags/example_xcomargs.py
[2024-06-07T14:15:44.016+0000] {logging_mixin.py:188} INFO - [2024-06-07T14:15:44.016+0000] {dag.py:3096} INFO - Sync 2 DAGs
[2024-06-07T14:15:44.029+0000] {logging_mixin.py:188} INFO - [2024-06-07T14:15:44.029+0000] {dag.py:3954} INFO - Setting next_dagrun for example_xcom_args to None, run_after=None
[2024-06-07T14:15:44.034+0000] {logging_mixin.py:188} INFO - [2024-06-07T14:15:44.034+0000] {dag.py:3954} INFO - Setting next_dagrun for example_xcom_args_with_operators to None, run_after=None
[2024-06-07T14:15:44.055+0000] {processor.py:183} INFO - Processing /home/airflow/.local/lib/python3.12/site-packages/airflow/example_dags/example_xcomargs.py took 0.087 seconds
[2024-06-07T14:16:14.207+0000] {processor.py:161} INFO - Started process (PID=1782) to work on /home/airflow/.local/lib/python3.12/site-packages/airflow/example_dags/example_xcomargs.py
[2024-06-07T14:16:14.208+0000] {processor.py:830} INFO - Processing file /home/airflow/.local/lib/python3.12/site-packages/airflow/example_dags/example_xcomargs.py for tasks to queue
[2024-06-07T14:16:14.211+0000] {logging_mixin.py:188} INFO - [2024-06-07T14:16:14.211+0000] {dagbag.py:545} INFO - Filling up the DagBag from /home/airflow/.local/lib/python3.12/site-packages/airflow/example_dags/example_xcomargs.py
[2024-06-07T14:16:14.225+0000] {processor.py:840} INFO - DAG(s) 'example_xcom_args_with_operators', 'example_xcom_args' retrieved from /home/airflow/.local/lib/python3.12/site-packages/airflow/example_dags/example_xcomargs.py
[2024-06-07T14:16:14.264+0000] {logging_mixin.py:188} INFO - [2024-06-07T14:16:14.264+0000] {dag.py:3096} INFO - Sync 2 DAGs
[2024-06-07T14:16:14.444+0000] {logging_mixin.py:188} INFO - [2024-06-07T14:16:14.444+0000] {dag.py:3954} INFO - Setting next_dagrun for example_xcom_args to None, run_after=None
[2024-06-07T14:16:14.449+0000] {logging_mixin.py:188} INFO - [2024-06-07T14:16:14.448+0000] {dag.py:3954} INFO - Setting next_dagrun for example_xcom_args_with_operators to None, run_after=None
[2024-06-07T14:16:14.468+0000] {processor.py:183} INFO - Processing /home/airflow/.local/lib/python3.12/site-packages/airflow/example_dags/example_xcomargs.py took 0.270 seconds
[2024-06-07T14:16:44.561+0000] {processor.py:161} INFO - Started process (PID=1842) to work on /home/airflow/.local/lib/python3.12/site-packages/airflow/example_dags/example_xcomargs.py
[2024-06-07T14:16:44.563+0000] {processor.py:830} INFO - Processing file /home/airflow/.local/lib/python3.12/site-packages/airflow/example_dags/example_xcomargs.py for tasks to queue
[2024-06-07T14:16:44.567+0000] {logging_mixin.py:188} INFO - [2024-06-07T14:16:44.567+0000] {dagbag.py:545} INFO - Filling up the DagBag from /home/airflow/.local/lib/python3.12/site-packages/airflow/example_dags/example_xcomargs.py
[2024-06-07T14:16:44.580+0000] {processor.py:840} INFO - DAG(s) 'example_xcom_args', 'example_xcom_args_with_operators' retrieved from /home/airflow/.local/lib/python3.12/site-packages/airflow/example_dags/example_xcomargs.py
[2024-06-07T14:16:44.612+0000] {logging_mixin.py:188} INFO - [2024-06-07T14:16:44.611+0000] {dag.py:3096} INFO - Sync 2 DAGs
[2024-06-07T14:16:44.830+0000] {logging_mixin.py:188} INFO - [2024-06-07T14:16:44.830+0000] {dag.py:3954} INFO - Setting next_dagrun for example_xcom_args to None, run_after=None
[2024-06-07T14:16:44.837+0000] {logging_mixin.py:188} INFO - [2024-06-07T14:16:44.837+0000] {dag.py:3954} INFO - Setting next_dagrun for example_xcom_args_with_operators to None, run_after=None
[2024-06-07T14:16:44.862+0000] {processor.py:183} INFO - Processing /home/airflow/.local/lib/python3.12/site-packages/airflow/example_dags/example_xcomargs.py took 0.309 seconds
[2024-06-07T14:17:14.993+0000] {processor.py:161} INFO - Started process (PID=1902) to work on /home/airflow/.local/lib/python3.12/site-packages/airflow/example_dags/example_xcomargs.py
[2024-06-07T14:17:14.994+0000] {processor.py:830} INFO - Processing file /home/airflow/.local/lib/python3.12/site-packages/airflow/example_dags/example_xcomargs.py for tasks to queue
[2024-06-07T14:17:14.996+0000] {logging_mixin.py:188} INFO - [2024-06-07T14:17:14.996+0000] {dagbag.py:545} INFO - Filling up the DagBag from /home/airflow/.local/lib/python3.12/site-packages/airflow/example_dags/example_xcomargs.py
[2024-06-07T14:17:15.006+0000] {processor.py:840} INFO - DAG(s) 'example_xcom_args_with_operators', 'example_xcom_args' retrieved from /home/airflow/.local/lib/python3.12/site-packages/airflow/example_dags/example_xcomargs.py
[2024-06-07T14:17:15.032+0000] {logging_mixin.py:188} INFO - [2024-06-07T14:17:15.032+0000] {dag.py:3096} INFO - Sync 2 DAGs
[2024-06-07T14:17:15.186+0000] {logging_mixin.py:188} INFO - [2024-06-07T14:17:15.185+0000] {dag.py:3954} INFO - Setting next_dagrun for example_xcom_args to None, run_after=None
[2024-06-07T14:17:15.190+0000] {logging_mixin.py:188} INFO - [2024-06-07T14:17:15.189+0000] {dag.py:3954} INFO - Setting next_dagrun for example_xcom_args_with_operators to None, run_after=None
[2024-06-07T14:17:15.206+0000] {processor.py:183} INFO - Processing /home/airflow/.local/lib/python3.12/site-packages/airflow/example_dags/example_xcomargs.py took 0.219 seconds
[2024-06-07T14:17:45.834+0000] {processor.py:161} INFO - Started process (PID=1962) to work on /home/airflow/.local/lib/python3.12/site-packages/airflow/example_dags/example_xcomargs.py
[2024-06-07T14:17:45.835+0000] {processor.py:830} INFO - Processing file /home/airflow/.local/lib/python3.12/site-packages/airflow/example_dags/example_xcomargs.py for tasks to queue
[2024-06-07T14:17:45.837+0000] {logging_mixin.py:188} INFO - [2024-06-07T14:17:45.837+0000] {dagbag.py:545} INFO - Filling up the DagBag from /home/airflow/.local/lib/python3.12/site-packages/airflow/example_dags/example_xcomargs.py
[2024-06-07T14:17:45.847+0000] {processor.py:840} INFO - DAG(s) 'example_xcom_args_with_operators', 'example_xcom_args' retrieved from /home/airflow/.local/lib/python3.12/site-packages/airflow/example_dags/example_xcomargs.py
[2024-06-07T14:17:45.874+0000] {logging_mixin.py:188} INFO - [2024-06-07T14:17:45.873+0000] {dag.py:3096} INFO - Sync 2 DAGs
[2024-06-07T14:17:45.889+0000] {logging_mixin.py:188} INFO - [2024-06-07T14:17:45.889+0000] {dag.py:3954} INFO - Setting next_dagrun for example_xcom_args to None, run_after=None
[2024-06-07T14:17:45.896+0000] {logging_mixin.py:188} INFO - [2024-06-07T14:17:45.896+0000] {dag.py:3954} INFO - Setting next_dagrun for example_xcom_args_with_operators to None, run_after=None
[2024-06-07T14:17:45.917+0000] {processor.py:183} INFO - Processing /home/airflow/.local/lib/python3.12/site-packages/airflow/example_dags/example_xcomargs.py took 0.092 seconds
[2024-06-07T14:18:16.430+0000] {processor.py:161} INFO - Started process (PID=2022) to work on /home/airflow/.local/lib/python3.12/site-packages/airflow/example_dags/example_xcomargs.py
[2024-06-07T14:18:16.432+0000] {processor.py:830} INFO - Processing file /home/airflow/.local/lib/python3.12/site-packages/airflow/example_dags/example_xcomargs.py for tasks to queue
[2024-06-07T14:18:16.434+0000] {logging_mixin.py:188} INFO - [2024-06-07T14:18:16.434+0000] {dagbag.py:545} INFO - Filling up the DagBag from /home/airflow/.local/lib/python3.12/site-packages/airflow/example_dags/example_xcomargs.py
[2024-06-07T14:18:16.446+0000] {processor.py:840} INFO - DAG(s) 'example_xcom_args', 'example_xcom_args_with_operators' retrieved from /home/airflow/.local/lib/python3.12/site-packages/airflow/example_dags/example_xcomargs.py
[2024-06-07T14:18:16.483+0000] {logging_mixin.py:188} INFO - [2024-06-07T14:18:16.483+0000] {dag.py:3096} INFO - Sync 2 DAGs
[2024-06-07T14:18:16.508+0000] {logging_mixin.py:188} INFO - [2024-06-07T14:18:16.508+0000] {dag.py:3954} INFO - Setting next_dagrun for example_xcom_args to None, run_after=None
[2024-06-07T14:18:16.515+0000] {logging_mixin.py:188} INFO - [2024-06-07T14:18:16.515+0000] {dag.py:3954} INFO - Setting next_dagrun for example_xcom_args_with_operators to None, run_after=None
[2024-06-07T14:18:16.552+0000] {processor.py:183} INFO - Processing /home/airflow/.local/lib/python3.12/site-packages/airflow/example_dags/example_xcomargs.py took 0.128 seconds
