[2024-06-07T14:01:40.066+0000] {processor.py:161} INFO - Started process (PID=39) to work on /home/airflow/.local/lib/python3.12/site-packages/airflow/example_dags/example_branch_labels.py
[2024-06-07T14:01:40.068+0000] {processor.py:830} INFO - Processing file /home/airflow/.local/lib/python3.12/site-packages/airflow/example_dags/example_branch_labels.py for tasks to queue
[2024-06-07T14:01:40.071+0000] {logging_mixin.py:188} INFO - [2024-06-07T14:01:40.071+0000] {dagbag.py:545} INFO - Filling up the DagBag from /home/airflow/.local/lib/python3.12/site-packages/airflow/example_dags/example_branch_labels.py
[2024-06-07T14:01:40.100+0000] {processor.py:840} INFO - DAG(s) 'example_branch_labels' retrieved from /home/airflow/.local/lib/python3.12/site-packages/airflow/example_dags/example_branch_labels.py
[2024-06-07T14:01:40.312+0000] {logging_mixin.py:188} INFO - [2024-06-07T14:01:40.312+0000] {dag.py:3096} INFO - Sync 1 DAGs
[2024-06-07T14:01:40.339+0000] {logging_mixin.py:188} INFO - [2024-06-07T14:01:40.338+0000] {dag.py:3954} INFO - Setting next_dagrun for example_branch_labels to 2024-06-06 00:00:00+00:00, run_after=2024-06-07 00:00:00+00:00
[2024-06-07T14:01:40.366+0000] {processor.py:183} INFO - Processing /home/airflow/.local/lib/python3.12/site-packages/airflow/example_dags/example_branch_labels.py took 0.316 seconds
[2024-06-07T14:02:11.349+0000] {processor.py:161} INFO - Started process (PID=107) to work on /home/airflow/.local/lib/python3.12/site-packages/airflow/example_dags/example_branch_labels.py
[2024-06-07T14:02:11.351+0000] {processor.py:830} INFO - Processing file /home/airflow/.local/lib/python3.12/site-packages/airflow/example_dags/example_branch_labels.py for tasks to queue
[2024-06-07T14:02:11.356+0000] {logging_mixin.py:188} INFO - [2024-06-07T14:02:11.355+0000] {dagbag.py:545} INFO - Filling up the DagBag from /home/airflow/.local/lib/python3.12/site-packages/airflow/example_dags/example_branch_labels.py
[2024-06-07T14:02:11.377+0000] {processor.py:840} INFO - DAG(s) 'example_branch_labels' retrieved from /home/airflow/.local/lib/python3.12/site-packages/airflow/example_dags/example_branch_labels.py
[2024-06-07T14:02:11.464+0000] {logging_mixin.py:188} INFO - [2024-06-07T14:02:11.463+0000] {dag.py:3096} INFO - Sync 1 DAGs
[2024-06-07T14:02:11.568+0000] {logging_mixin.py:188} INFO - [2024-06-07T14:02:11.567+0000] {dag.py:3954} INFO - Setting next_dagrun for example_branch_labels to 2024-06-06 00:00:00+00:00, run_after=2024-06-07 00:00:00+00:00
[2024-06-07T14:02:11.644+0000] {processor.py:183} INFO - Processing /home/airflow/.local/lib/python3.12/site-packages/airflow/example_dags/example_branch_labels.py took 0.328 seconds
[2024-06-07T14:02:42.593+0000] {processor.py:161} INFO - Started process (PID=174) to work on /home/airflow/.local/lib/python3.12/site-packages/airflow/example_dags/example_branch_labels.py
[2024-06-07T14:02:42.595+0000] {processor.py:830} INFO - Processing file /home/airflow/.local/lib/python3.12/site-packages/airflow/example_dags/example_branch_labels.py for tasks to queue
[2024-06-07T14:02:42.598+0000] {logging_mixin.py:188} INFO - [2024-06-07T14:02:42.597+0000] {dagbag.py:545} INFO - Filling up the DagBag from /home/airflow/.local/lib/python3.12/site-packages/airflow/example_dags/example_branch_labels.py
[2024-06-07T14:02:42.614+0000] {processor.py:840} INFO - DAG(s) 'example_branch_labels' retrieved from /home/airflow/.local/lib/python3.12/site-packages/airflow/example_dags/example_branch_labels.py
[2024-06-07T14:02:42.722+0000] {logging_mixin.py:188} INFO - [2024-06-07T14:02:42.722+0000] {dag.py:3096} INFO - Sync 1 DAGs
[2024-06-07T14:02:42.819+0000] {logging_mixin.py:188} INFO - [2024-06-07T14:02:42.818+0000] {dag.py:3954} INFO - Setting next_dagrun for example_branch_labels to 2024-06-06 00:00:00+00:00, run_after=2024-06-07 00:00:00+00:00
[2024-06-07T14:02:42.882+0000] {processor.py:183} INFO - Processing /home/airflow/.local/lib/python3.12/site-packages/airflow/example_dags/example_branch_labels.py took 0.298 seconds
[2024-06-07T14:03:12.949+0000] {processor.py:161} INFO - Started process (PID=234) to work on /home/airflow/.local/lib/python3.12/site-packages/airflow/example_dags/example_branch_labels.py
[2024-06-07T14:03:12.950+0000] {processor.py:830} INFO - Processing file /home/airflow/.local/lib/python3.12/site-packages/airflow/example_dags/example_branch_labels.py for tasks to queue
[2024-06-07T14:03:12.952+0000] {logging_mixin.py:188} INFO - [2024-06-07T14:03:12.952+0000] {dagbag.py:545} INFO - Filling up the DagBag from /home/airflow/.local/lib/python3.12/site-packages/airflow/example_dags/example_branch_labels.py
[2024-06-07T14:03:12.966+0000] {processor.py:840} INFO - DAG(s) 'example_branch_labels' retrieved from /home/airflow/.local/lib/python3.12/site-packages/airflow/example_dags/example_branch_labels.py
[2024-06-07T14:03:12.990+0000] {logging_mixin.py:188} INFO - [2024-06-07T14:03:12.989+0000] {dag.py:3096} INFO - Sync 1 DAGs
[2024-06-07T14:03:13.013+0000] {logging_mixin.py:188} INFO - [2024-06-07T14:03:13.013+0000] {dag.py:3954} INFO - Setting next_dagrun for example_branch_labels to 2024-06-06 00:00:00+00:00, run_after=2024-06-07 00:00:00+00:00
[2024-06-07T14:03:13.034+0000] {processor.py:183} INFO - Processing /home/airflow/.local/lib/python3.12/site-packages/airflow/example_dags/example_branch_labels.py took 0.091 seconds
[2024-06-07T14:03:43.109+0000] {processor.py:161} INFO - Started process (PID=294) to work on /home/airflow/.local/lib/python3.12/site-packages/airflow/example_dags/example_branch_labels.py
[2024-06-07T14:03:43.111+0000] {processor.py:830} INFO - Processing file /home/airflow/.local/lib/python3.12/site-packages/airflow/example_dags/example_branch_labels.py for tasks to queue
[2024-06-07T14:03:43.114+0000] {logging_mixin.py:188} INFO - [2024-06-07T14:03:43.113+0000] {dagbag.py:545} INFO - Filling up the DagBag from /home/airflow/.local/lib/python3.12/site-packages/airflow/example_dags/example_branch_labels.py
[2024-06-07T14:03:43.126+0000] {processor.py:840} INFO - DAG(s) 'example_branch_labels' retrieved from /home/airflow/.local/lib/python3.12/site-packages/airflow/example_dags/example_branch_labels.py
[2024-06-07T14:03:43.168+0000] {logging_mixin.py:188} INFO - [2024-06-07T14:03:43.168+0000] {dag.py:3096} INFO - Sync 1 DAGs
[2024-06-07T14:03:43.225+0000] {logging_mixin.py:188} INFO - [2024-06-07T14:03:43.225+0000] {dag.py:3954} INFO - Setting next_dagrun for example_branch_labels to 2024-06-06 00:00:00+00:00, run_after=2024-06-07 00:00:00+00:00
[2024-06-07T14:03:43.251+0000] {processor.py:183} INFO - Processing /home/airflow/.local/lib/python3.12/site-packages/airflow/example_dags/example_branch_labels.py took 0.151 seconds
[2024-06-07T14:04:13.352+0000] {processor.py:161} INFO - Started process (PID=354) to work on /home/airflow/.local/lib/python3.12/site-packages/airflow/example_dags/example_branch_labels.py
[2024-06-07T14:04:13.353+0000] {processor.py:830} INFO - Processing file /home/airflow/.local/lib/python3.12/site-packages/airflow/example_dags/example_branch_labels.py for tasks to queue
[2024-06-07T14:04:13.355+0000] {logging_mixin.py:188} INFO - [2024-06-07T14:04:13.355+0000] {dagbag.py:545} INFO - Filling up the DagBag from /home/airflow/.local/lib/python3.12/site-packages/airflow/example_dags/example_branch_labels.py
[2024-06-07T14:04:13.363+0000] {processor.py:840} INFO - DAG(s) 'example_branch_labels' retrieved from /home/airflow/.local/lib/python3.12/site-packages/airflow/example_dags/example_branch_labels.py
[2024-06-07T14:04:13.385+0000] {logging_mixin.py:188} INFO - [2024-06-07T14:04:13.384+0000] {dag.py:3096} INFO - Sync 1 DAGs
[2024-06-07T14:04:13.415+0000] {logging_mixin.py:188} INFO - [2024-06-07T14:04:13.414+0000] {dag.py:3954} INFO - Setting next_dagrun for example_branch_labels to 2024-06-06 00:00:00+00:00, run_after=2024-06-07 00:00:00+00:00
[2024-06-07T14:04:13.445+0000] {processor.py:183} INFO - Processing /home/airflow/.local/lib/python3.12/site-packages/airflow/example_dags/example_branch_labels.py took 0.098 seconds
[2024-06-07T14:04:43.914+0000] {processor.py:161} INFO - Started process (PID=414) to work on /home/airflow/.local/lib/python3.12/site-packages/airflow/example_dags/example_branch_labels.py
[2024-06-07T14:04:43.916+0000] {processor.py:830} INFO - Processing file /home/airflow/.local/lib/python3.12/site-packages/airflow/example_dags/example_branch_labels.py for tasks to queue
[2024-06-07T14:04:43.920+0000] {logging_mixin.py:188} INFO - [2024-06-07T14:04:43.919+0000] {dagbag.py:545} INFO - Filling up the DagBag from /home/airflow/.local/lib/python3.12/site-packages/airflow/example_dags/example_branch_labels.py
[2024-06-07T14:04:43.930+0000] {processor.py:840} INFO - DAG(s) 'example_branch_labels' retrieved from /home/airflow/.local/lib/python3.12/site-packages/airflow/example_dags/example_branch_labels.py
[2024-06-07T14:04:43.964+0000] {logging_mixin.py:188} INFO - [2024-06-07T14:04:43.964+0000] {dag.py:3096} INFO - Sync 1 DAGs
[2024-06-07T14:04:43.988+0000] {logging_mixin.py:188} INFO - [2024-06-07T14:04:43.988+0000] {dag.py:3954} INFO - Setting next_dagrun for example_branch_labels to 2024-06-06 00:00:00+00:00, run_after=2024-06-07 00:00:00+00:00
[2024-06-07T14:04:44.015+0000] {processor.py:183} INFO - Processing /home/airflow/.local/lib/python3.12/site-packages/airflow/example_dags/example_branch_labels.py took 0.111 seconds
[2024-06-07T14:05:14.546+0000] {processor.py:161} INFO - Started process (PID=474) to work on /home/airflow/.local/lib/python3.12/site-packages/airflow/example_dags/example_branch_labels.py
[2024-06-07T14:05:14.547+0000] {processor.py:830} INFO - Processing file /home/airflow/.local/lib/python3.12/site-packages/airflow/example_dags/example_branch_labels.py for tasks to queue
[2024-06-07T14:05:14.549+0000] {logging_mixin.py:188} INFO - [2024-06-07T14:05:14.549+0000] {dagbag.py:545} INFO - Filling up the DagBag from /home/airflow/.local/lib/python3.12/site-packages/airflow/example_dags/example_branch_labels.py
[2024-06-07T14:05:14.557+0000] {processor.py:840} INFO - DAG(s) 'example_branch_labels' retrieved from /home/airflow/.local/lib/python3.12/site-packages/airflow/example_dags/example_branch_labels.py
[2024-06-07T14:05:14.582+0000] {logging_mixin.py:188} INFO - [2024-06-07T14:05:14.582+0000] {dag.py:3096} INFO - Sync 1 DAGs
[2024-06-07T14:05:14.607+0000] {logging_mixin.py:188} INFO - [2024-06-07T14:05:14.606+0000] {dag.py:3954} INFO - Setting next_dagrun for example_branch_labels to 2024-06-06 00:00:00+00:00, run_after=2024-06-07 00:00:00+00:00
[2024-06-07T14:05:14.627+0000] {processor.py:183} INFO - Processing /home/airflow/.local/lib/python3.12/site-packages/airflow/example_dags/example_branch_labels.py took 0.087 seconds
[2024-06-07T14:05:44.909+0000] {processor.py:161} INFO - Started process (PID=534) to work on /home/airflow/.local/lib/python3.12/site-packages/airflow/example_dags/example_branch_labels.py
[2024-06-07T14:05:44.910+0000] {processor.py:830} INFO - Processing file /home/airflow/.local/lib/python3.12/site-packages/airflow/example_dags/example_branch_labels.py for tasks to queue
[2024-06-07T14:05:44.913+0000] {logging_mixin.py:188} INFO - [2024-06-07T14:05:44.912+0000] {dagbag.py:545} INFO - Filling up the DagBag from /home/airflow/.local/lib/python3.12/site-packages/airflow/example_dags/example_branch_labels.py
[2024-06-07T14:05:44.921+0000] {processor.py:840} INFO - DAG(s) 'example_branch_labels' retrieved from /home/airflow/.local/lib/python3.12/site-packages/airflow/example_dags/example_branch_labels.py
[2024-06-07T14:05:44.942+0000] {logging_mixin.py:188} INFO - [2024-06-07T14:05:44.942+0000] {dag.py:3096} INFO - Sync 1 DAGs
[2024-06-07T14:05:44.965+0000] {logging_mixin.py:188} INFO - [2024-06-07T14:05:44.965+0000] {dag.py:3954} INFO - Setting next_dagrun for example_branch_labels to 2024-06-06 00:00:00+00:00, run_after=2024-06-07 00:00:00+00:00
[2024-06-07T14:05:44.984+0000] {processor.py:183} INFO - Processing /home/airflow/.local/lib/python3.12/site-packages/airflow/example_dags/example_branch_labels.py took 0.081 seconds
[2024-06-07T14:06:15.204+0000] {processor.py:161} INFO - Started process (PID=595) to work on /home/airflow/.local/lib/python3.12/site-packages/airflow/example_dags/example_branch_labels.py
[2024-06-07T14:06:15.206+0000] {processor.py:830} INFO - Processing file /home/airflow/.local/lib/python3.12/site-packages/airflow/example_dags/example_branch_labels.py for tasks to queue
[2024-06-07T14:06:15.209+0000] {logging_mixin.py:188} INFO - [2024-06-07T14:06:15.208+0000] {dagbag.py:545} INFO - Filling up the DagBag from /home/airflow/.local/lib/python3.12/site-packages/airflow/example_dags/example_branch_labels.py
[2024-06-07T14:06:15.218+0000] {processor.py:840} INFO - DAG(s) 'example_branch_labels' retrieved from /home/airflow/.local/lib/python3.12/site-packages/airflow/example_dags/example_branch_labels.py
[2024-06-07T14:06:15.242+0000] {logging_mixin.py:188} INFO - [2024-06-07T14:06:15.242+0000] {dag.py:3096} INFO - Sync 1 DAGs
[2024-06-07T14:06:15.267+0000] {logging_mixin.py:188} INFO - [2024-06-07T14:06:15.266+0000] {dag.py:3954} INFO - Setting next_dagrun for example_branch_labels to 2024-06-06 00:00:00+00:00, run_after=2024-06-07 00:00:00+00:00
[2024-06-07T14:06:15.292+0000] {processor.py:183} INFO - Processing /home/airflow/.local/lib/python3.12/site-packages/airflow/example_dags/example_branch_labels.py took 0.094 seconds
[2024-06-07T14:06:45.907+0000] {processor.py:161} INFO - Started process (PID=655) to work on /home/airflow/.local/lib/python3.12/site-packages/airflow/example_dags/example_branch_labels.py
[2024-06-07T14:06:45.909+0000] {processor.py:830} INFO - Processing file /home/airflow/.local/lib/python3.12/site-packages/airflow/example_dags/example_branch_labels.py for tasks to queue
[2024-06-07T14:06:45.911+0000] {logging_mixin.py:188} INFO - [2024-06-07T14:06:45.911+0000] {dagbag.py:545} INFO - Filling up the DagBag from /home/airflow/.local/lib/python3.12/site-packages/airflow/example_dags/example_branch_labels.py
[2024-06-07T14:06:45.920+0000] {processor.py:840} INFO - DAG(s) 'example_branch_labels' retrieved from /home/airflow/.local/lib/python3.12/site-packages/airflow/example_dags/example_branch_labels.py
[2024-06-07T14:06:45.942+0000] {logging_mixin.py:188} INFO - [2024-06-07T14:06:45.942+0000] {dag.py:3096} INFO - Sync 1 DAGs
[2024-06-07T14:06:45.966+0000] {logging_mixin.py:188} INFO - [2024-06-07T14:06:45.966+0000] {dag.py:3954} INFO - Setting next_dagrun for example_branch_labels to 2024-06-06 00:00:00+00:00, run_after=2024-06-07 00:00:00+00:00
[2024-06-07T14:06:45.987+0000] {processor.py:183} INFO - Processing /home/airflow/.local/lib/python3.12/site-packages/airflow/example_dags/example_branch_labels.py took 0.087 seconds
[2024-06-07T14:07:16.132+0000] {processor.py:161} INFO - Started process (PID=715) to work on /home/airflow/.local/lib/python3.12/site-packages/airflow/example_dags/example_branch_labels.py
[2024-06-07T14:07:16.138+0000] {processor.py:830} INFO - Processing file /home/airflow/.local/lib/python3.12/site-packages/airflow/example_dags/example_branch_labels.py for tasks to queue
[2024-06-07T14:07:16.143+0000] {logging_mixin.py:188} INFO - [2024-06-07T14:07:16.142+0000] {dagbag.py:545} INFO - Filling up the DagBag from /home/airflow/.local/lib/python3.12/site-packages/airflow/example_dags/example_branch_labels.py
[2024-06-07T14:07:16.161+0000] {processor.py:840} INFO - DAG(s) 'example_branch_labels' retrieved from /home/airflow/.local/lib/python3.12/site-packages/airflow/example_dags/example_branch_labels.py
[2024-06-07T14:07:16.194+0000] {logging_mixin.py:188} INFO - [2024-06-07T14:07:16.194+0000] {dag.py:3096} INFO - Sync 1 DAGs
[2024-06-07T14:07:16.218+0000] {logging_mixin.py:188} INFO - [2024-06-07T14:07:16.218+0000] {dag.py:3954} INFO - Setting next_dagrun for example_branch_labels to 2024-06-06 00:00:00+00:00, run_after=2024-06-07 00:00:00+00:00
[2024-06-07T14:07:16.237+0000] {processor.py:183} INFO - Processing /home/airflow/.local/lib/python3.12/site-packages/airflow/example_dags/example_branch_labels.py took 0.113 seconds
[2024-06-07T14:07:46.374+0000] {processor.py:161} INFO - Started process (PID=775) to work on /home/airflow/.local/lib/python3.12/site-packages/airflow/example_dags/example_branch_labels.py
[2024-06-07T14:07:46.375+0000] {processor.py:830} INFO - Processing file /home/airflow/.local/lib/python3.12/site-packages/airflow/example_dags/example_branch_labels.py for tasks to queue
[2024-06-07T14:07:46.379+0000] {logging_mixin.py:188} INFO - [2024-06-07T14:07:46.378+0000] {dagbag.py:545} INFO - Filling up the DagBag from /home/airflow/.local/lib/python3.12/site-packages/airflow/example_dags/example_branch_labels.py
[2024-06-07T14:07:46.402+0000] {processor.py:840} INFO - DAG(s) 'example_branch_labels' retrieved from /home/airflow/.local/lib/python3.12/site-packages/airflow/example_dags/example_branch_labels.py
[2024-06-07T14:07:46.448+0000] {logging_mixin.py:188} INFO - [2024-06-07T14:07:46.448+0000] {dag.py:3096} INFO - Sync 1 DAGs
[2024-06-07T14:07:46.494+0000] {logging_mixin.py:188} INFO - [2024-06-07T14:07:46.493+0000] {dag.py:3954} INFO - Setting next_dagrun for example_branch_labels to 2024-06-06 00:00:00+00:00, run_after=2024-06-07 00:00:00+00:00
[2024-06-07T14:07:46.555+0000] {processor.py:183} INFO - Processing /home/airflow/.local/lib/python3.12/site-packages/airflow/example_dags/example_branch_labels.py took 0.193 seconds
[2024-06-07T14:08:17.768+0000] {processor.py:161} INFO - Started process (PID=839) to work on /home/airflow/.local/lib/python3.12/site-packages/airflow/example_dags/example_branch_labels.py
[2024-06-07T14:08:17.770+0000] {processor.py:830} INFO - Processing file /home/airflow/.local/lib/python3.12/site-packages/airflow/example_dags/example_branch_labels.py for tasks to queue
[2024-06-07T14:08:17.775+0000] {logging_mixin.py:188} INFO - [2024-06-07T14:08:17.774+0000] {dagbag.py:545} INFO - Filling up the DagBag from /home/airflow/.local/lib/python3.12/site-packages/airflow/example_dags/example_branch_labels.py
[2024-06-07T14:08:17.802+0000] {processor.py:840} INFO - DAG(s) 'example_branch_labels' retrieved from /home/airflow/.local/lib/python3.12/site-packages/airflow/example_dags/example_branch_labels.py
[2024-06-07T14:08:17.879+0000] {logging_mixin.py:188} INFO - [2024-06-07T14:08:17.879+0000] {dag.py:3096} INFO - Sync 1 DAGs
[2024-06-07T14:08:17.944+0000] {logging_mixin.py:188} INFO - [2024-06-07T14:08:17.943+0000] {dag.py:3954} INFO - Setting next_dagrun for example_branch_labels to 2024-06-06 00:00:00+00:00, run_after=2024-06-07 00:00:00+00:00
[2024-06-07T14:08:17.987+0000] {processor.py:183} INFO - Processing /home/airflow/.local/lib/python3.12/site-packages/airflow/example_dags/example_branch_labels.py took 0.267 seconds
[2024-06-07T14:08:48.770+0000] {processor.py:161} INFO - Started process (PID=899) to work on /home/airflow/.local/lib/python3.12/site-packages/airflow/example_dags/example_branch_labels.py
[2024-06-07T14:08:48.772+0000] {processor.py:830} INFO - Processing file /home/airflow/.local/lib/python3.12/site-packages/airflow/example_dags/example_branch_labels.py for tasks to queue
[2024-06-07T14:08:48.775+0000] {logging_mixin.py:188} INFO - [2024-06-07T14:08:48.774+0000] {dagbag.py:545} INFO - Filling up the DagBag from /home/airflow/.local/lib/python3.12/site-packages/airflow/example_dags/example_branch_labels.py
[2024-06-07T14:08:48.785+0000] {processor.py:840} INFO - DAG(s) 'example_branch_labels' retrieved from /home/airflow/.local/lib/python3.12/site-packages/airflow/example_dags/example_branch_labels.py
[2024-06-07T14:08:48.818+0000] {logging_mixin.py:188} INFO - [2024-06-07T14:08:48.818+0000] {dag.py:3096} INFO - Sync 1 DAGs
[2024-06-07T14:08:48.849+0000] {logging_mixin.py:188} INFO - [2024-06-07T14:08:48.848+0000] {dag.py:3954} INFO - Setting next_dagrun for example_branch_labels to 2024-06-06 00:00:00+00:00, run_after=2024-06-07 00:00:00+00:00
[2024-06-07T14:08:48.872+0000] {processor.py:183} INFO - Processing /home/airflow/.local/lib/python3.12/site-packages/airflow/example_dags/example_branch_labels.py took 0.112 seconds
[2024-06-07T14:09:19.297+0000] {processor.py:161} INFO - Started process (PID=959) to work on /home/airflow/.local/lib/python3.12/site-packages/airflow/example_dags/example_branch_labels.py
[2024-06-07T14:09:19.299+0000] {processor.py:830} INFO - Processing file /home/airflow/.local/lib/python3.12/site-packages/airflow/example_dags/example_branch_labels.py for tasks to queue
[2024-06-07T14:09:19.301+0000] {logging_mixin.py:188} INFO - [2024-06-07T14:09:19.301+0000] {dagbag.py:545} INFO - Filling up the DagBag from /home/airflow/.local/lib/python3.12/site-packages/airflow/example_dags/example_branch_labels.py
[2024-06-07T14:09:19.311+0000] {processor.py:840} INFO - DAG(s) 'example_branch_labels' retrieved from /home/airflow/.local/lib/python3.12/site-packages/airflow/example_dags/example_branch_labels.py
[2024-06-07T14:09:19.356+0000] {logging_mixin.py:188} INFO - [2024-06-07T14:09:19.356+0000] {dag.py:3096} INFO - Sync 1 DAGs
[2024-06-07T14:09:19.387+0000] {logging_mixin.py:188} INFO - [2024-06-07T14:09:19.387+0000] {dag.py:3954} INFO - Setting next_dagrun for example_branch_labels to 2024-06-06 00:00:00+00:00, run_after=2024-06-07 00:00:00+00:00
[2024-06-07T14:09:19.410+0000] {processor.py:183} INFO - Processing /home/airflow/.local/lib/python3.12/site-packages/airflow/example_dags/example_branch_labels.py took 0.125 seconds
[2024-06-07T14:09:49.458+0000] {processor.py:161} INFO - Started process (PID=1019) to work on /home/airflow/.local/lib/python3.12/site-packages/airflow/example_dags/example_branch_labels.py
[2024-06-07T14:09:49.459+0000] {processor.py:830} INFO - Processing file /home/airflow/.local/lib/python3.12/site-packages/airflow/example_dags/example_branch_labels.py for tasks to queue
[2024-06-07T14:09:49.461+0000] {logging_mixin.py:188} INFO - [2024-06-07T14:09:49.461+0000] {dagbag.py:545} INFO - Filling up the DagBag from /home/airflow/.local/lib/python3.12/site-packages/airflow/example_dags/example_branch_labels.py
[2024-06-07T14:09:49.469+0000] {processor.py:840} INFO - DAG(s) 'example_branch_labels' retrieved from /home/airflow/.local/lib/python3.12/site-packages/airflow/example_dags/example_branch_labels.py
[2024-06-07T14:09:49.494+0000] {logging_mixin.py:188} INFO - [2024-06-07T14:09:49.493+0000] {dag.py:3096} INFO - Sync 1 DAGs
[2024-06-07T14:09:49.524+0000] {logging_mixin.py:188} INFO - [2024-06-07T14:09:49.524+0000] {dag.py:3954} INFO - Setting next_dagrun for example_branch_labels to 2024-06-06 00:00:00+00:00, run_after=2024-06-07 00:00:00+00:00
[2024-06-07T14:09:49.546+0000] {processor.py:183} INFO - Processing /home/airflow/.local/lib/python3.12/site-packages/airflow/example_dags/example_branch_labels.py took 0.107 seconds
[2024-06-07T14:10:19.624+0000] {processor.py:161} INFO - Started process (PID=1079) to work on /home/airflow/.local/lib/python3.12/site-packages/airflow/example_dags/example_branch_labels.py
[2024-06-07T14:10:19.626+0000] {processor.py:830} INFO - Processing file /home/airflow/.local/lib/python3.12/site-packages/airflow/example_dags/example_branch_labels.py for tasks to queue
[2024-06-07T14:10:19.628+0000] {logging_mixin.py:188} INFO - [2024-06-07T14:10:19.628+0000] {dagbag.py:545} INFO - Filling up the DagBag from /home/airflow/.local/lib/python3.12/site-packages/airflow/example_dags/example_branch_labels.py
[2024-06-07T14:10:19.637+0000] {processor.py:840} INFO - DAG(s) 'example_branch_labels' retrieved from /home/airflow/.local/lib/python3.12/site-packages/airflow/example_dags/example_branch_labels.py
[2024-06-07T14:10:19.665+0000] {logging_mixin.py:188} INFO - [2024-06-07T14:10:19.665+0000] {dag.py:3096} INFO - Sync 1 DAGs
[2024-06-07T14:10:19.700+0000] {logging_mixin.py:188} INFO - [2024-06-07T14:10:19.700+0000] {dag.py:3954} INFO - Setting next_dagrun for example_branch_labels to 2024-06-06 00:00:00+00:00, run_after=2024-06-07 00:00:00+00:00
[2024-06-07T14:10:19.726+0000] {processor.py:183} INFO - Processing /home/airflow/.local/lib/python3.12/site-packages/airflow/example_dags/example_branch_labels.py took 0.109 seconds
[2024-06-07T14:10:49.975+0000] {processor.py:161} INFO - Started process (PID=1139) to work on /home/airflow/.local/lib/python3.12/site-packages/airflow/example_dags/example_branch_labels.py
[2024-06-07T14:10:49.976+0000] {processor.py:830} INFO - Processing file /home/airflow/.local/lib/python3.12/site-packages/airflow/example_dags/example_branch_labels.py for tasks to queue
[2024-06-07T14:10:49.978+0000] {logging_mixin.py:188} INFO - [2024-06-07T14:10:49.978+0000] {dagbag.py:545} INFO - Filling up the DagBag from /home/airflow/.local/lib/python3.12/site-packages/airflow/example_dags/example_branch_labels.py
[2024-06-07T14:10:49.986+0000] {processor.py:840} INFO - DAG(s) 'example_branch_labels' retrieved from /home/airflow/.local/lib/python3.12/site-packages/airflow/example_dags/example_branch_labels.py
[2024-06-07T14:10:50.008+0000] {logging_mixin.py:188} INFO - [2024-06-07T14:10:50.008+0000] {dag.py:3096} INFO - Sync 1 DAGs
[2024-06-07T14:10:50.032+0000] {logging_mixin.py:188} INFO - [2024-06-07T14:10:50.031+0000] {dag.py:3954} INFO - Setting next_dagrun for example_branch_labels to 2024-06-06 00:00:00+00:00, run_after=2024-06-07 00:00:00+00:00
[2024-06-07T14:10:50.052+0000] {processor.py:183} INFO - Processing /home/airflow/.local/lib/python3.12/site-packages/airflow/example_dags/example_branch_labels.py took 0.083 seconds
[2024-06-07T14:11:20.419+0000] {processor.py:161} INFO - Started process (PID=1199) to work on /home/airflow/.local/lib/python3.12/site-packages/airflow/example_dags/example_branch_labels.py
[2024-06-07T14:11:20.420+0000] {processor.py:830} INFO - Processing file /home/airflow/.local/lib/python3.12/site-packages/airflow/example_dags/example_branch_labels.py for tasks to queue
[2024-06-07T14:11:20.423+0000] {logging_mixin.py:188} INFO - [2024-06-07T14:11:20.423+0000] {dagbag.py:545} INFO - Filling up the DagBag from /home/airflow/.local/lib/python3.12/site-packages/airflow/example_dags/example_branch_labels.py
[2024-06-07T14:11:20.438+0000] {processor.py:840} INFO - DAG(s) 'example_branch_labels' retrieved from /home/airflow/.local/lib/python3.12/site-packages/airflow/example_dags/example_branch_labels.py
[2024-06-07T14:11:20.492+0000] {logging_mixin.py:188} INFO - [2024-06-07T14:11:20.492+0000] {dag.py:3096} INFO - Sync 1 DAGs
[2024-06-07T14:11:20.535+0000] {logging_mixin.py:188} INFO - [2024-06-07T14:11:20.535+0000] {dag.py:3954} INFO - Setting next_dagrun for example_branch_labels to 2024-06-06 00:00:00+00:00, run_after=2024-06-07 00:00:00+00:00
[2024-06-07T14:11:20.580+0000] {processor.py:183} INFO - Processing /home/airflow/.local/lib/python3.12/site-packages/airflow/example_dags/example_branch_labels.py took 0.177 seconds
[2024-06-07T14:11:51.200+0000] {processor.py:161} INFO - Started process (PID=1259) to work on /home/airflow/.local/lib/python3.12/site-packages/airflow/example_dags/example_branch_labels.py
[2024-06-07T14:11:51.202+0000] {processor.py:830} INFO - Processing file /home/airflow/.local/lib/python3.12/site-packages/airflow/example_dags/example_branch_labels.py for tasks to queue
[2024-06-07T14:11:51.205+0000] {logging_mixin.py:188} INFO - [2024-06-07T14:11:51.204+0000] {dagbag.py:545} INFO - Filling up the DagBag from /home/airflow/.local/lib/python3.12/site-packages/airflow/example_dags/example_branch_labels.py
[2024-06-07T14:11:51.214+0000] {processor.py:840} INFO - DAG(s) 'example_branch_labels' retrieved from /home/airflow/.local/lib/python3.12/site-packages/airflow/example_dags/example_branch_labels.py
[2024-06-07T14:11:51.243+0000] {logging_mixin.py:188} INFO - [2024-06-07T14:11:51.243+0000] {dag.py:3096} INFO - Sync 1 DAGs
[2024-06-07T14:11:51.277+0000] {logging_mixin.py:188} INFO - [2024-06-07T14:11:51.277+0000] {dag.py:3954} INFO - Setting next_dagrun for example_branch_labels to 2024-06-06 00:00:00+00:00, run_after=2024-06-07 00:00:00+00:00
[2024-06-07T14:11:51.312+0000] {processor.py:183} INFO - Processing /home/airflow/.local/lib/python3.12/site-packages/airflow/example_dags/example_branch_labels.py took 0.119 seconds
[2024-06-07T14:12:21.455+0000] {processor.py:161} INFO - Started process (PID=1319) to work on /home/airflow/.local/lib/python3.12/site-packages/airflow/example_dags/example_branch_labels.py
[2024-06-07T14:12:21.456+0000] {processor.py:830} INFO - Processing file /home/airflow/.local/lib/python3.12/site-packages/airflow/example_dags/example_branch_labels.py for tasks to queue
[2024-06-07T14:12:21.459+0000] {logging_mixin.py:188} INFO - [2024-06-07T14:12:21.458+0000] {dagbag.py:545} INFO - Filling up the DagBag from /home/airflow/.local/lib/python3.12/site-packages/airflow/example_dags/example_branch_labels.py
[2024-06-07T14:12:21.468+0000] {processor.py:840} INFO - DAG(s) 'example_branch_labels' retrieved from /home/airflow/.local/lib/python3.12/site-packages/airflow/example_dags/example_branch_labels.py
[2024-06-07T14:12:21.496+0000] {logging_mixin.py:188} INFO - [2024-06-07T14:12:21.496+0000] {dag.py:3096} INFO - Sync 1 DAGs
[2024-06-07T14:12:21.526+0000] {logging_mixin.py:188} INFO - [2024-06-07T14:12:21.525+0000] {dag.py:3954} INFO - Setting next_dagrun for example_branch_labels to 2024-06-06 00:00:00+00:00, run_after=2024-06-07 00:00:00+00:00
[2024-06-07T14:12:21.551+0000] {processor.py:183} INFO - Processing /home/airflow/.local/lib/python3.12/site-packages/airflow/example_dags/example_branch_labels.py took 0.107 seconds
[2024-06-07T14:12:51.716+0000] {processor.py:161} INFO - Started process (PID=1379) to work on /home/airflow/.local/lib/python3.12/site-packages/airflow/example_dags/example_branch_labels.py
[2024-06-07T14:12:51.718+0000] {processor.py:830} INFO - Processing file /home/airflow/.local/lib/python3.12/site-packages/airflow/example_dags/example_branch_labels.py for tasks to queue
[2024-06-07T14:12:51.727+0000] {logging_mixin.py:188} INFO - [2024-06-07T14:12:51.725+0000] {dagbag.py:545} INFO - Filling up the DagBag from /home/airflow/.local/lib/python3.12/site-packages/airflow/example_dags/example_branch_labels.py
[2024-06-07T14:12:51.740+0000] {processor.py:840} INFO - DAG(s) 'example_branch_labels' retrieved from /home/airflow/.local/lib/python3.12/site-packages/airflow/example_dags/example_branch_labels.py
[2024-06-07T14:12:51.784+0000] {logging_mixin.py:188} INFO - [2024-06-07T14:12:51.784+0000] {dag.py:3096} INFO - Sync 1 DAGs
[2024-06-07T14:12:51.843+0000] {logging_mixin.py:188} INFO - [2024-06-07T14:12:51.842+0000] {dag.py:3954} INFO - Setting next_dagrun for example_branch_labels to 2024-06-06 00:00:00+00:00, run_after=2024-06-07 00:00:00+00:00
[2024-06-07T14:12:51.877+0000] {processor.py:183} INFO - Processing /home/airflow/.local/lib/python3.12/site-packages/airflow/example_dags/example_branch_labels.py took 0.170 seconds
[2024-06-07T14:13:22.285+0000] {processor.py:161} INFO - Started process (PID=1439) to work on /home/airflow/.local/lib/python3.12/site-packages/airflow/example_dags/example_branch_labels.py
[2024-06-07T14:13:22.286+0000] {processor.py:830} INFO - Processing file /home/airflow/.local/lib/python3.12/site-packages/airflow/example_dags/example_branch_labels.py for tasks to queue
[2024-06-07T14:13:22.288+0000] {logging_mixin.py:188} INFO - [2024-06-07T14:13:22.288+0000] {dagbag.py:545} INFO - Filling up the DagBag from /home/airflow/.local/lib/python3.12/site-packages/airflow/example_dags/example_branch_labels.py
[2024-06-07T14:13:22.296+0000] {processor.py:840} INFO - DAG(s) 'example_branch_labels' retrieved from /home/airflow/.local/lib/python3.12/site-packages/airflow/example_dags/example_branch_labels.py
[2024-06-07T14:13:22.321+0000] {logging_mixin.py:188} INFO - [2024-06-07T14:13:22.320+0000] {dag.py:3096} INFO - Sync 1 DAGs
[2024-06-07T14:13:22.345+0000] {logging_mixin.py:188} INFO - [2024-06-07T14:13:22.345+0000] {dag.py:3954} INFO - Setting next_dagrun for example_branch_labels to 2024-06-06 00:00:00+00:00, run_after=2024-06-07 00:00:00+00:00
[2024-06-07T14:13:22.370+0000] {processor.py:183} INFO - Processing /home/airflow/.local/lib/python3.12/site-packages/airflow/example_dags/example_branch_labels.py took 0.093 seconds
[2024-06-07T14:13:52.495+0000] {processor.py:161} INFO - Started process (PID=1499) to work on /home/airflow/.local/lib/python3.12/site-packages/airflow/example_dags/example_branch_labels.py
[2024-06-07T14:13:52.498+0000] {processor.py:830} INFO - Processing file /home/airflow/.local/lib/python3.12/site-packages/airflow/example_dags/example_branch_labels.py for tasks to queue
[2024-06-07T14:13:52.500+0000] {logging_mixin.py:188} INFO - [2024-06-07T14:13:52.500+0000] {dagbag.py:545} INFO - Filling up the DagBag from /home/airflow/.local/lib/python3.12/site-packages/airflow/example_dags/example_branch_labels.py
[2024-06-07T14:13:52.510+0000] {processor.py:840} INFO - DAG(s) 'example_branch_labels' retrieved from /home/airflow/.local/lib/python3.12/site-packages/airflow/example_dags/example_branch_labels.py
[2024-06-07T14:13:52.539+0000] {logging_mixin.py:188} INFO - [2024-06-07T14:13:52.538+0000] {dag.py:3096} INFO - Sync 1 DAGs
[2024-06-07T14:13:52.571+0000] {logging_mixin.py:188} INFO - [2024-06-07T14:13:52.571+0000] {dag.py:3954} INFO - Setting next_dagrun for example_branch_labels to 2024-06-06 00:00:00+00:00, run_after=2024-06-07 00:00:00+00:00
[2024-06-07T14:13:52.596+0000] {processor.py:183} INFO - Processing /home/airflow/.local/lib/python3.12/site-packages/airflow/example_dags/example_branch_labels.py took 0.110 seconds
[2024-06-07T14:14:22.682+0000] {processor.py:161} INFO - Started process (PID=1559) to work on /home/airflow/.local/lib/python3.12/site-packages/airflow/example_dags/example_branch_labels.py
[2024-06-07T14:14:22.683+0000] {processor.py:830} INFO - Processing file /home/airflow/.local/lib/python3.12/site-packages/airflow/example_dags/example_branch_labels.py for tasks to queue
[2024-06-07T14:14:22.686+0000] {logging_mixin.py:188} INFO - [2024-06-07T14:14:22.685+0000] {dagbag.py:545} INFO - Filling up the DagBag from /home/airflow/.local/lib/python3.12/site-packages/airflow/example_dags/example_branch_labels.py
[2024-06-07T14:14:22.694+0000] {processor.py:840} INFO - DAG(s) 'example_branch_labels' retrieved from /home/airflow/.local/lib/python3.12/site-packages/airflow/example_dags/example_branch_labels.py
[2024-06-07T14:14:22.717+0000] {logging_mixin.py:188} INFO - [2024-06-07T14:14:22.717+0000] {dag.py:3096} INFO - Sync 1 DAGs
[2024-06-07T14:14:22.740+0000] {logging_mixin.py:188} INFO - [2024-06-07T14:14:22.740+0000] {dag.py:3954} INFO - Setting next_dagrun for example_branch_labels to 2024-06-06 00:00:00+00:00, run_after=2024-06-07 00:00:00+00:00
[2024-06-07T14:14:22.761+0000] {processor.py:183} INFO - Processing /home/airflow/.local/lib/python3.12/site-packages/airflow/example_dags/example_branch_labels.py took 0.085 seconds
[2024-06-07T14:14:53.229+0000] {processor.py:161} INFO - Started process (PID=1619) to work on /home/airflow/.local/lib/python3.12/site-packages/airflow/example_dags/example_branch_labels.py
[2024-06-07T14:14:53.230+0000] {processor.py:830} INFO - Processing file /home/airflow/.local/lib/python3.12/site-packages/airflow/example_dags/example_branch_labels.py for tasks to queue
[2024-06-07T14:14:53.233+0000] {logging_mixin.py:188} INFO - [2024-06-07T14:14:53.233+0000] {dagbag.py:545} INFO - Filling up the DagBag from /home/airflow/.local/lib/python3.12/site-packages/airflow/example_dags/example_branch_labels.py
[2024-06-07T14:14:53.241+0000] {processor.py:840} INFO - DAG(s) 'example_branch_labels' retrieved from /home/airflow/.local/lib/python3.12/site-packages/airflow/example_dags/example_branch_labels.py
[2024-06-07T14:14:53.270+0000] {logging_mixin.py:188} INFO - [2024-06-07T14:14:53.270+0000] {dag.py:3096} INFO - Sync 1 DAGs
[2024-06-07T14:14:53.304+0000] {logging_mixin.py:188} INFO - [2024-06-07T14:14:53.304+0000] {dag.py:3954} INFO - Setting next_dagrun for example_branch_labels to 2024-06-06 00:00:00+00:00, run_after=2024-06-07 00:00:00+00:00
[2024-06-07T14:14:53.329+0000] {processor.py:183} INFO - Processing /home/airflow/.local/lib/python3.12/site-packages/airflow/example_dags/example_branch_labels.py took 0.107 seconds
[2024-06-07T14:15:24.033+0000] {processor.py:161} INFO - Started process (PID=1679) to work on /home/airflow/.local/lib/python3.12/site-packages/airflow/example_dags/example_branch_labels.py
[2024-06-07T14:15:24.034+0000] {processor.py:830} INFO - Processing file /home/airflow/.local/lib/python3.12/site-packages/airflow/example_dags/example_branch_labels.py for tasks to queue
[2024-06-07T14:15:24.036+0000] {logging_mixin.py:188} INFO - [2024-06-07T14:15:24.036+0000] {dagbag.py:545} INFO - Filling up the DagBag from /home/airflow/.local/lib/python3.12/site-packages/airflow/example_dags/example_branch_labels.py
[2024-06-07T14:15:24.044+0000] {processor.py:840} INFO - DAG(s) 'example_branch_labels' retrieved from /home/airflow/.local/lib/python3.12/site-packages/airflow/example_dags/example_branch_labels.py
[2024-06-07T14:15:24.066+0000] {logging_mixin.py:188} INFO - [2024-06-07T14:15:24.065+0000] {dag.py:3096} INFO - Sync 1 DAGs
[2024-06-07T14:15:24.088+0000] {logging_mixin.py:188} INFO - [2024-06-07T14:15:24.088+0000] {dag.py:3954} INFO - Setting next_dagrun for example_branch_labels to 2024-06-06 00:00:00+00:00, run_after=2024-06-07 00:00:00+00:00
[2024-06-07T14:15:24.109+0000] {processor.py:183} INFO - Processing /home/airflow/.local/lib/python3.12/site-packages/airflow/example_dags/example_branch_labels.py took 0.082 seconds
[2024-06-07T14:15:54.601+0000] {processor.py:161} INFO - Started process (PID=1739) to work on /home/airflow/.local/lib/python3.12/site-packages/airflow/example_dags/example_branch_labels.py
[2024-06-07T14:15:54.602+0000] {processor.py:830} INFO - Processing file /home/airflow/.local/lib/python3.12/site-packages/airflow/example_dags/example_branch_labels.py for tasks to queue
[2024-06-07T14:15:54.605+0000] {logging_mixin.py:188} INFO - [2024-06-07T14:15:54.604+0000] {dagbag.py:545} INFO - Filling up the DagBag from /home/airflow/.local/lib/python3.12/site-packages/airflow/example_dags/example_branch_labels.py
[2024-06-07T14:15:54.617+0000] {processor.py:840} INFO - DAG(s) 'example_branch_labels' retrieved from /home/airflow/.local/lib/python3.12/site-packages/airflow/example_dags/example_branch_labels.py
[2024-06-07T14:15:54.651+0000] {logging_mixin.py:188} INFO - [2024-06-07T14:15:54.650+0000] {dag.py:3096} INFO - Sync 1 DAGs
[2024-06-07T14:15:54.686+0000] {logging_mixin.py:188} INFO - [2024-06-07T14:15:54.686+0000] {dag.py:3954} INFO - Setting next_dagrun for example_branch_labels to 2024-06-06 00:00:00+00:00, run_after=2024-06-07 00:00:00+00:00
[2024-06-07T14:15:54.718+0000] {processor.py:183} INFO - Processing /home/airflow/.local/lib/python3.12/site-packages/airflow/example_dags/example_branch_labels.py took 0.128 seconds
[2024-06-07T14:16:25.351+0000] {processor.py:161} INFO - Started process (PID=1799) to work on /home/airflow/.local/lib/python3.12/site-packages/airflow/example_dags/example_branch_labels.py
[2024-06-07T14:16:25.353+0000] {processor.py:830} INFO - Processing file /home/airflow/.local/lib/python3.12/site-packages/airflow/example_dags/example_branch_labels.py for tasks to queue
[2024-06-07T14:16:25.356+0000] {logging_mixin.py:188} INFO - [2024-06-07T14:16:25.356+0000] {dagbag.py:545} INFO - Filling up the DagBag from /home/airflow/.local/lib/python3.12/site-packages/airflow/example_dags/example_branch_labels.py
[2024-06-07T14:16:25.367+0000] {processor.py:840} INFO - DAG(s) 'example_branch_labels' retrieved from /home/airflow/.local/lib/python3.12/site-packages/airflow/example_dags/example_branch_labels.py
[2024-06-07T14:16:25.405+0000] {logging_mixin.py:188} INFO - [2024-06-07T14:16:25.405+0000] {dag.py:3096} INFO - Sync 1 DAGs
[2024-06-07T14:16:25.447+0000] {logging_mixin.py:188} INFO - [2024-06-07T14:16:25.447+0000] {dag.py:3954} INFO - Setting next_dagrun for example_branch_labels to 2024-06-06 00:00:00+00:00, run_after=2024-06-07 00:00:00+00:00
[2024-06-07T14:16:25.488+0000] {processor.py:183} INFO - Processing /home/airflow/.local/lib/python3.12/site-packages/airflow/example_dags/example_branch_labels.py took 0.148 seconds
[2024-06-07T14:16:55.877+0000] {processor.py:161} INFO - Started process (PID=1859) to work on /home/airflow/.local/lib/python3.12/site-packages/airflow/example_dags/example_branch_labels.py
[2024-06-07T14:16:55.878+0000] {processor.py:830} INFO - Processing file /home/airflow/.local/lib/python3.12/site-packages/airflow/example_dags/example_branch_labels.py for tasks to queue
[2024-06-07T14:16:55.880+0000] {logging_mixin.py:188} INFO - [2024-06-07T14:16:55.879+0000] {dagbag.py:545} INFO - Filling up the DagBag from /home/airflow/.local/lib/python3.12/site-packages/airflow/example_dags/example_branch_labels.py
[2024-06-07T14:16:55.891+0000] {processor.py:840} INFO - DAG(s) 'example_branch_labels' retrieved from /home/airflow/.local/lib/python3.12/site-packages/airflow/example_dags/example_branch_labels.py
[2024-06-07T14:16:55.914+0000] {logging_mixin.py:188} INFO - [2024-06-07T14:16:55.914+0000] {dag.py:3096} INFO - Sync 1 DAGs
[2024-06-07T14:16:55.941+0000] {logging_mixin.py:188} INFO - [2024-06-07T14:16:55.941+0000] {dag.py:3954} INFO - Setting next_dagrun for example_branch_labels to 2024-06-06 00:00:00+00:00, run_after=2024-06-07 00:00:00+00:00
[2024-06-07T14:16:55.966+0000] {processor.py:183} INFO - Processing /home/airflow/.local/lib/python3.12/site-packages/airflow/example_dags/example_branch_labels.py took 0.096 seconds
[2024-06-07T14:17:26.485+0000] {processor.py:161} INFO - Started process (PID=1919) to work on /home/airflow/.local/lib/python3.12/site-packages/airflow/example_dags/example_branch_labels.py
[2024-06-07T14:17:26.486+0000] {processor.py:830} INFO - Processing file /home/airflow/.local/lib/python3.12/site-packages/airflow/example_dags/example_branch_labels.py for tasks to queue
[2024-06-07T14:17:26.489+0000] {logging_mixin.py:188} INFO - [2024-06-07T14:17:26.488+0000] {dagbag.py:545} INFO - Filling up the DagBag from /home/airflow/.local/lib/python3.12/site-packages/airflow/example_dags/example_branch_labels.py
[2024-06-07T14:17:26.498+0000] {processor.py:840} INFO - DAG(s) 'example_branch_labels' retrieved from /home/airflow/.local/lib/python3.12/site-packages/airflow/example_dags/example_branch_labels.py
[2024-06-07T14:17:26.676+0000] {logging_mixin.py:188} INFO - [2024-06-07T14:17:26.676+0000] {dag.py:3096} INFO - Sync 1 DAGs
[2024-06-07T14:17:26.698+0000] {logging_mixin.py:188} INFO - [2024-06-07T14:17:26.698+0000] {dag.py:3954} INFO - Setting next_dagrun for example_branch_labels to 2024-06-06 00:00:00+00:00, run_after=2024-06-07 00:00:00+00:00
[2024-06-07T14:17:26.719+0000] {processor.py:183} INFO - Processing /home/airflow/.local/lib/python3.12/site-packages/airflow/example_dags/example_branch_labels.py took 0.243 seconds
[2024-06-07T14:17:57.537+0000] {processor.py:161} INFO - Started process (PID=1979) to work on /home/airflow/.local/lib/python3.12/site-packages/airflow/example_dags/example_branch_labels.py
[2024-06-07T14:17:57.538+0000] {processor.py:830} INFO - Processing file /home/airflow/.local/lib/python3.12/site-packages/airflow/example_dags/example_branch_labels.py for tasks to queue
[2024-06-07T14:17:57.540+0000] {logging_mixin.py:188} INFO - [2024-06-07T14:17:57.540+0000] {dagbag.py:545} INFO - Filling up the DagBag from /home/airflow/.local/lib/python3.12/site-packages/airflow/example_dags/example_branch_labels.py
[2024-06-07T14:17:57.550+0000] {processor.py:840} INFO - DAG(s) 'example_branch_labels' retrieved from /home/airflow/.local/lib/python3.12/site-packages/airflow/example_dags/example_branch_labels.py
[2024-06-07T14:17:57.574+0000] {logging_mixin.py:188} INFO - [2024-06-07T14:17:57.574+0000] {dag.py:3096} INFO - Sync 1 DAGs
[2024-06-07T14:17:57.603+0000] {logging_mixin.py:188} INFO - [2024-06-07T14:17:57.602+0000] {dag.py:3954} INFO - Setting next_dagrun for example_branch_labels to 2024-06-06 00:00:00+00:00, run_after=2024-06-07 00:00:00+00:00
[2024-06-07T14:17:57.626+0000] {processor.py:183} INFO - Processing /home/airflow/.local/lib/python3.12/site-packages/airflow/example_dags/example_branch_labels.py took 0.096 seconds
[2024-06-07T14:18:28.192+0000] {processor.py:161} INFO - Started process (PID=2039) to work on /home/airflow/.local/lib/python3.12/site-packages/airflow/example_dags/example_branch_labels.py
[2024-06-07T14:18:28.193+0000] {processor.py:830} INFO - Processing file /home/airflow/.local/lib/python3.12/site-packages/airflow/example_dags/example_branch_labels.py for tasks to queue
[2024-06-07T14:18:28.195+0000] {logging_mixin.py:188} INFO - [2024-06-07T14:18:28.195+0000] {dagbag.py:545} INFO - Filling up the DagBag from /home/airflow/.local/lib/python3.12/site-packages/airflow/example_dags/example_branch_labels.py
[2024-06-07T14:18:28.207+0000] {processor.py:840} INFO - DAG(s) 'example_branch_labels' retrieved from /home/airflow/.local/lib/python3.12/site-packages/airflow/example_dags/example_branch_labels.py
[2024-06-07T14:18:28.230+0000] {logging_mixin.py:188} INFO - [2024-06-07T14:18:28.230+0000] {dag.py:3096} INFO - Sync 1 DAGs
[2024-06-07T14:18:28.257+0000] {logging_mixin.py:188} INFO - [2024-06-07T14:18:28.256+0000] {dag.py:3954} INFO - Setting next_dagrun for example_branch_labels to 2024-06-06 00:00:00+00:00, run_after=2024-06-07 00:00:00+00:00
[2024-06-07T14:18:28.278+0000] {processor.py:183} INFO - Processing /home/airflow/.local/lib/python3.12/site-packages/airflow/example_dags/example_branch_labels.py took 0.092 seconds
