[2024-06-07T14:01:45.949+0000] {processor.py:161} INFO - Started process (PID=71) to work on /home/airflow/.local/lib/python3.12/site-packages/airflow/example_dags/example_latest_only.py
[2024-06-07T14:01:45.964+0000] {processor.py:830} INFO - Processing file /home/airflow/.local/lib/python3.12/site-packages/airflow/example_dags/example_latest_only.py for tasks to queue
[2024-06-07T14:01:45.971+0000] {logging_mixin.py:188} INFO - [2024-06-07T14:01:45.970+0000] {dagbag.py:545} INFO - Filling up the DagBag from /home/airflow/.local/lib/python3.12/site-packages/airflow/example_dags/example_latest_only.py
[2024-06-07T14:01:45.998+0000] {processor.py:840} INFO - DAG(s) 'latest_only' retrieved from /home/airflow/.local/lib/python3.12/site-packages/airflow/example_dags/example_latest_only.py
[2024-06-07T14:01:46.425+0000] {logging_mixin.py:188} INFO - [2024-06-07T14:01:46.424+0000] {dag.py:3096} INFO - Sync 1 DAGs
[2024-06-07T14:01:46.549+0000] {logging_mixin.py:188} INFO - [2024-06-07T14:01:46.547+0000] {dag.py:3954} INFO - Setting next_dagrun for latest_only to 2024-06-07 08:00:00+00:00, run_after=2024-06-07 12:00:00+00:00
[2024-06-07T14:01:46.617+0000] {processor.py:183} INFO - Processing /home/airflow/.local/lib/python3.12/site-packages/airflow/example_dags/example_latest_only.py took 0.689 seconds
[2024-06-07T14:02:16.704+0000] {processor.py:161} INFO - Started process (PID=139) to work on /home/airflow/.local/lib/python3.12/site-packages/airflow/example_dags/example_latest_only.py
[2024-06-07T14:02:16.705+0000] {processor.py:830} INFO - Processing file /home/airflow/.local/lib/python3.12/site-packages/airflow/example_dags/example_latest_only.py for tasks to queue
[2024-06-07T14:02:16.709+0000] {logging_mixin.py:188} INFO - [2024-06-07T14:02:16.708+0000] {dagbag.py:545} INFO - Filling up the DagBag from /home/airflow/.local/lib/python3.12/site-packages/airflow/example_dags/example_latest_only.py
[2024-06-07T14:02:16.715+0000] {processor.py:840} INFO - DAG(s) 'latest_only' retrieved from /home/airflow/.local/lib/python3.12/site-packages/airflow/example_dags/example_latest_only.py
[2024-06-07T14:02:16.745+0000] {logging_mixin.py:188} INFO - [2024-06-07T14:02:16.745+0000] {dag.py:3096} INFO - Sync 1 DAGs
[2024-06-07T14:02:16.787+0000] {logging_mixin.py:188} INFO - [2024-06-07T14:02:16.787+0000] {dag.py:3954} INFO - Setting next_dagrun for latest_only to 2024-06-07 08:00:00+00:00, run_after=2024-06-07 12:00:00+00:00
[2024-06-07T14:02:16.818+0000] {processor.py:183} INFO - Processing /home/airflow/.local/lib/python3.12/site-packages/airflow/example_dags/example_latest_only.py took 0.123 seconds
[2024-06-07T14:02:47.217+0000] {processor.py:161} INFO - Started process (PID=203) to work on /home/airflow/.local/lib/python3.12/site-packages/airflow/example_dags/example_latest_only.py
[2024-06-07T14:02:47.219+0000] {processor.py:830} INFO - Processing file /home/airflow/.local/lib/python3.12/site-packages/airflow/example_dags/example_latest_only.py for tasks to queue
[2024-06-07T14:02:47.221+0000] {logging_mixin.py:188} INFO - [2024-06-07T14:02:47.220+0000] {dagbag.py:545} INFO - Filling up the DagBag from /home/airflow/.local/lib/python3.12/site-packages/airflow/example_dags/example_latest_only.py
[2024-06-07T14:02:47.227+0000] {processor.py:840} INFO - DAG(s) 'latest_only' retrieved from /home/airflow/.local/lib/python3.12/site-packages/airflow/example_dags/example_latest_only.py
[2024-06-07T14:02:47.253+0000] {logging_mixin.py:188} INFO - [2024-06-07T14:02:47.252+0000] {dag.py:3096} INFO - Sync 1 DAGs
[2024-06-07T14:02:47.282+0000] {logging_mixin.py:188} INFO - [2024-06-07T14:02:47.281+0000] {dag.py:3954} INFO - Setting next_dagrun for latest_only to 2024-06-07 08:00:00+00:00, run_after=2024-06-07 12:00:00+00:00
[2024-06-07T14:02:47.304+0000] {processor.py:183} INFO - Processing /home/airflow/.local/lib/python3.12/site-packages/airflow/example_dags/example_latest_only.py took 0.095 seconds
[2024-06-07T14:03:18.254+0000] {processor.py:161} INFO - Started process (PID=263) to work on /home/airflow/.local/lib/python3.12/site-packages/airflow/example_dags/example_latest_only.py
[2024-06-07T14:03:18.255+0000] {processor.py:830} INFO - Processing file /home/airflow/.local/lib/python3.12/site-packages/airflow/example_dags/example_latest_only.py for tasks to queue
[2024-06-07T14:03:18.257+0000] {logging_mixin.py:188} INFO - [2024-06-07T14:03:18.257+0000] {dagbag.py:545} INFO - Filling up the DagBag from /home/airflow/.local/lib/python3.12/site-packages/airflow/example_dags/example_latest_only.py
[2024-06-07T14:03:18.262+0000] {processor.py:840} INFO - DAG(s) 'latest_only' retrieved from /home/airflow/.local/lib/python3.12/site-packages/airflow/example_dags/example_latest_only.py
[2024-06-07T14:03:18.282+0000] {logging_mixin.py:188} INFO - [2024-06-07T14:03:18.282+0000] {dag.py:3096} INFO - Sync 1 DAGs
[2024-06-07T14:03:18.306+0000] {logging_mixin.py:188} INFO - [2024-06-07T14:03:18.306+0000] {dag.py:3954} INFO - Setting next_dagrun for latest_only to 2024-06-07 08:00:00+00:00, run_after=2024-06-07 12:00:00+00:00
[2024-06-07T14:03:18.325+0000] {processor.py:183} INFO - Processing /home/airflow/.local/lib/python3.12/site-packages/airflow/example_dags/example_latest_only.py took 0.078 seconds
[2024-06-07T14:03:48.452+0000] {processor.py:161} INFO - Started process (PID=323) to work on /home/airflow/.local/lib/python3.12/site-packages/airflow/example_dags/example_latest_only.py
[2024-06-07T14:03:48.454+0000] {processor.py:830} INFO - Processing file /home/airflow/.local/lib/python3.12/site-packages/airflow/example_dags/example_latest_only.py for tasks to queue
[2024-06-07T14:03:48.456+0000] {logging_mixin.py:188} INFO - [2024-06-07T14:03:48.456+0000] {dagbag.py:545} INFO - Filling up the DagBag from /home/airflow/.local/lib/python3.12/site-packages/airflow/example_dags/example_latest_only.py
[2024-06-07T14:03:48.464+0000] {processor.py:840} INFO - DAG(s) 'latest_only' retrieved from /home/airflow/.local/lib/python3.12/site-packages/airflow/example_dags/example_latest_only.py
[2024-06-07T14:03:48.490+0000] {logging_mixin.py:188} INFO - [2024-06-07T14:03:48.490+0000] {dag.py:3096} INFO - Sync 1 DAGs
[2024-06-07T14:03:48.529+0000] {logging_mixin.py:188} INFO - [2024-06-07T14:03:48.528+0000] {dag.py:3954} INFO - Setting next_dagrun for latest_only to 2024-06-07 08:00:00+00:00, run_after=2024-06-07 12:00:00+00:00
[2024-06-07T14:03:48.558+0000] {processor.py:183} INFO - Processing /home/airflow/.local/lib/python3.12/site-packages/airflow/example_dags/example_latest_only.py took 0.118 seconds
[2024-06-07T14:04:19.219+0000] {processor.py:161} INFO - Started process (PID=383) to work on /home/airflow/.local/lib/python3.12/site-packages/airflow/example_dags/example_latest_only.py
[2024-06-07T14:04:19.222+0000] {processor.py:830} INFO - Processing file /home/airflow/.local/lib/python3.12/site-packages/airflow/example_dags/example_latest_only.py for tasks to queue
[2024-06-07T14:04:19.232+0000] {logging_mixin.py:188} INFO - [2024-06-07T14:04:19.230+0000] {dagbag.py:545} INFO - Filling up the DagBag from /home/airflow/.local/lib/python3.12/site-packages/airflow/example_dags/example_latest_only.py
[2024-06-07T14:04:19.243+0000] {processor.py:840} INFO - DAG(s) 'latest_only' retrieved from /home/airflow/.local/lib/python3.12/site-packages/airflow/example_dags/example_latest_only.py
[2024-06-07T14:04:19.300+0000] {logging_mixin.py:188} INFO - [2024-06-07T14:04:19.300+0000] {dag.py:3096} INFO - Sync 1 DAGs
[2024-06-07T14:04:19.369+0000] {logging_mixin.py:188} INFO - [2024-06-07T14:04:19.369+0000] {dag.py:3954} INFO - Setting next_dagrun for latest_only to 2024-06-07 08:00:00+00:00, run_after=2024-06-07 12:00:00+00:00
[2024-06-07T14:04:19.411+0000] {processor.py:183} INFO - Processing /home/airflow/.local/lib/python3.12/site-packages/airflow/example_dags/example_latest_only.py took 0.205 seconds
[2024-06-07T14:04:49.879+0000] {processor.py:161} INFO - Started process (PID=443) to work on /home/airflow/.local/lib/python3.12/site-packages/airflow/example_dags/example_latest_only.py
[2024-06-07T14:04:49.880+0000] {processor.py:830} INFO - Processing file /home/airflow/.local/lib/python3.12/site-packages/airflow/example_dags/example_latest_only.py for tasks to queue
[2024-06-07T14:04:49.885+0000] {logging_mixin.py:188} INFO - [2024-06-07T14:04:49.885+0000] {dagbag.py:545} INFO - Filling up the DagBag from /home/airflow/.local/lib/python3.12/site-packages/airflow/example_dags/example_latest_only.py
[2024-06-07T14:04:49.893+0000] {processor.py:840} INFO - DAG(s) 'latest_only' retrieved from /home/airflow/.local/lib/python3.12/site-packages/airflow/example_dags/example_latest_only.py
[2024-06-07T14:04:49.919+0000] {logging_mixin.py:188} INFO - [2024-06-07T14:04:49.919+0000] {dag.py:3096} INFO - Sync 1 DAGs
[2024-06-07T14:04:49.949+0000] {logging_mixin.py:188} INFO - [2024-06-07T14:04:49.948+0000] {dag.py:3954} INFO - Setting next_dagrun for latest_only to 2024-06-07 08:00:00+00:00, run_after=2024-06-07 12:00:00+00:00
[2024-06-07T14:04:49.974+0000] {processor.py:183} INFO - Processing /home/airflow/.local/lib/python3.12/site-packages/airflow/example_dags/example_latest_only.py took 0.102 seconds
[2024-06-07T14:05:20.987+0000] {processor.py:161} INFO - Started process (PID=503) to work on /home/airflow/.local/lib/python3.12/site-packages/airflow/example_dags/example_latest_only.py
[2024-06-07T14:05:20.988+0000] {processor.py:830} INFO - Processing file /home/airflow/.local/lib/python3.12/site-packages/airflow/example_dags/example_latest_only.py for tasks to queue
[2024-06-07T14:05:20.990+0000] {logging_mixin.py:188} INFO - [2024-06-07T14:05:20.990+0000] {dagbag.py:545} INFO - Filling up the DagBag from /home/airflow/.local/lib/python3.12/site-packages/airflow/example_dags/example_latest_only.py
[2024-06-07T14:05:20.995+0000] {processor.py:840} INFO - DAG(s) 'latest_only' retrieved from /home/airflow/.local/lib/python3.12/site-packages/airflow/example_dags/example_latest_only.py
[2024-06-07T14:05:21.017+0000] {logging_mixin.py:188} INFO - [2024-06-07T14:05:21.017+0000] {dag.py:3096} INFO - Sync 1 DAGs
[2024-06-07T14:05:21.041+0000] {logging_mixin.py:188} INFO - [2024-06-07T14:05:21.041+0000] {dag.py:3954} INFO - Setting next_dagrun for latest_only to 2024-06-07 08:00:00+00:00, run_after=2024-06-07 12:00:00+00:00
[2024-06-07T14:05:21.062+0000] {processor.py:183} INFO - Processing /home/airflow/.local/lib/python3.12/site-packages/airflow/example_dags/example_latest_only.py took 0.082 seconds
[2024-06-07T14:05:51.121+0000] {processor.py:161} INFO - Started process (PID=562) to work on /home/airflow/.local/lib/python3.12/site-packages/airflow/example_dags/example_latest_only.py
[2024-06-07T14:05:51.123+0000] {processor.py:830} INFO - Processing file /home/airflow/.local/lib/python3.12/site-packages/airflow/example_dags/example_latest_only.py for tasks to queue
[2024-06-07T14:05:51.125+0000] {logging_mixin.py:188} INFO - [2024-06-07T14:05:51.124+0000] {dagbag.py:545} INFO - Filling up the DagBag from /home/airflow/.local/lib/python3.12/site-packages/airflow/example_dags/example_latest_only.py
[2024-06-07T14:05:51.130+0000] {processor.py:840} INFO - DAG(s) 'latest_only' retrieved from /home/airflow/.local/lib/python3.12/site-packages/airflow/example_dags/example_latest_only.py
[2024-06-07T14:05:51.151+0000] {logging_mixin.py:188} INFO - [2024-06-07T14:05:51.151+0000] {dag.py:3096} INFO - Sync 1 DAGs
[2024-06-07T14:05:51.175+0000] {logging_mixin.py:188} INFO - [2024-06-07T14:05:51.175+0000] {dag.py:3954} INFO - Setting next_dagrun for latest_only to 2024-06-07 08:00:00+00:00, run_after=2024-06-07 12:00:00+00:00
[2024-06-07T14:05:51.195+0000] {processor.py:183} INFO - Processing /home/airflow/.local/lib/python3.12/site-packages/airflow/example_dags/example_latest_only.py took 0.079 seconds
[2024-06-07T14:06:21.598+0000] {processor.py:161} INFO - Started process (PID=622) to work on /home/airflow/.local/lib/python3.12/site-packages/airflow/example_dags/example_latest_only.py
[2024-06-07T14:06:21.600+0000] {processor.py:830} INFO - Processing file /home/airflow/.local/lib/python3.12/site-packages/airflow/example_dags/example_latest_only.py for tasks to queue
[2024-06-07T14:06:21.602+0000] {logging_mixin.py:188} INFO - [2024-06-07T14:06:21.601+0000] {dagbag.py:545} INFO - Filling up the DagBag from /home/airflow/.local/lib/python3.12/site-packages/airflow/example_dags/example_latest_only.py
[2024-06-07T14:06:21.607+0000] {processor.py:840} INFO - DAG(s) 'latest_only' retrieved from /home/airflow/.local/lib/python3.12/site-packages/airflow/example_dags/example_latest_only.py
[2024-06-07T14:06:21.629+0000] {logging_mixin.py:188} INFO - [2024-06-07T14:06:21.628+0000] {dag.py:3096} INFO - Sync 1 DAGs
[2024-06-07T14:06:21.654+0000] {logging_mixin.py:188} INFO - [2024-06-07T14:06:21.654+0000] {dag.py:3954} INFO - Setting next_dagrun for latest_only to 2024-06-07 08:00:00+00:00, run_after=2024-06-07 12:00:00+00:00
[2024-06-07T14:06:21.677+0000] {processor.py:183} INFO - Processing /home/airflow/.local/lib/python3.12/site-packages/airflow/example_dags/example_latest_only.py took 0.084 seconds
[2024-06-07T14:06:52.448+0000] {processor.py:161} INFO - Started process (PID=682) to work on /home/airflow/.local/lib/python3.12/site-packages/airflow/example_dags/example_latest_only.py
[2024-06-07T14:06:52.449+0000] {processor.py:830} INFO - Processing file /home/airflow/.local/lib/python3.12/site-packages/airflow/example_dags/example_latest_only.py for tasks to queue
[2024-06-07T14:06:52.451+0000] {logging_mixin.py:188} INFO - [2024-06-07T14:06:52.451+0000] {dagbag.py:545} INFO - Filling up the DagBag from /home/airflow/.local/lib/python3.12/site-packages/airflow/example_dags/example_latest_only.py
[2024-06-07T14:06:52.457+0000] {processor.py:840} INFO - DAG(s) 'latest_only' retrieved from /home/airflow/.local/lib/python3.12/site-packages/airflow/example_dags/example_latest_only.py
[2024-06-07T14:06:52.478+0000] {logging_mixin.py:188} INFO - [2024-06-07T14:06:52.478+0000] {dag.py:3096} INFO - Sync 1 DAGs
[2024-06-07T14:06:52.500+0000] {logging_mixin.py:188} INFO - [2024-06-07T14:06:52.500+0000] {dag.py:3954} INFO - Setting next_dagrun for latest_only to 2024-06-07 08:00:00+00:00, run_after=2024-06-07 12:00:00+00:00
[2024-06-07T14:06:52.521+0000] {processor.py:183} INFO - Processing /home/airflow/.local/lib/python3.12/site-packages/airflow/example_dags/example_latest_only.py took 0.079 seconds
[2024-06-07T14:07:23.348+0000] {processor.py:161} INFO - Started process (PID=742) to work on /home/airflow/.local/lib/python3.12/site-packages/airflow/example_dags/example_latest_only.py
[2024-06-07T14:07:23.349+0000] {processor.py:830} INFO - Processing file /home/airflow/.local/lib/python3.12/site-packages/airflow/example_dags/example_latest_only.py for tasks to queue
[2024-06-07T14:07:23.351+0000] {logging_mixin.py:188} INFO - [2024-06-07T14:07:23.350+0000] {dagbag.py:545} INFO - Filling up the DagBag from /home/airflow/.local/lib/python3.12/site-packages/airflow/example_dags/example_latest_only.py
[2024-06-07T14:07:23.356+0000] {processor.py:840} INFO - DAG(s) 'latest_only' retrieved from /home/airflow/.local/lib/python3.12/site-packages/airflow/example_dags/example_latest_only.py
[2024-06-07T14:07:23.378+0000] {logging_mixin.py:188} INFO - [2024-06-07T14:07:23.378+0000] {dag.py:3096} INFO - Sync 1 DAGs
[2024-06-07T14:07:23.401+0000] {logging_mixin.py:188} INFO - [2024-06-07T14:07:23.401+0000] {dag.py:3954} INFO - Setting next_dagrun for latest_only to 2024-06-07 08:00:00+00:00, run_after=2024-06-07 12:00:00+00:00
[2024-06-07T14:07:23.423+0000] {processor.py:183} INFO - Processing /home/airflow/.local/lib/python3.12/site-packages/airflow/example_dags/example_latest_only.py took 0.081 seconds
[2024-06-07T14:07:54.499+0000] {processor.py:161} INFO - Started process (PID=802) to work on /home/airflow/.local/lib/python3.12/site-packages/airflow/example_dags/example_latest_only.py
[2024-06-07T14:07:54.501+0000] {processor.py:830} INFO - Processing file /home/airflow/.local/lib/python3.12/site-packages/airflow/example_dags/example_latest_only.py for tasks to queue
[2024-06-07T14:07:54.503+0000] {logging_mixin.py:188} INFO - [2024-06-07T14:07:54.502+0000] {dagbag.py:545} INFO - Filling up the DagBag from /home/airflow/.local/lib/python3.12/site-packages/airflow/example_dags/example_latest_only.py
[2024-06-07T14:07:54.508+0000] {processor.py:840} INFO - DAG(s) 'latest_only' retrieved from /home/airflow/.local/lib/python3.12/site-packages/airflow/example_dags/example_latest_only.py
[2024-06-07T14:07:54.534+0000] {logging_mixin.py:188} INFO - [2024-06-07T14:07:54.534+0000] {dag.py:3096} INFO - Sync 1 DAGs
[2024-06-07T14:07:54.560+0000] {logging_mixin.py:188} INFO - [2024-06-07T14:07:54.559+0000] {dag.py:3954} INFO - Setting next_dagrun for latest_only to 2024-06-07 08:00:00+00:00, run_after=2024-06-07 12:00:00+00:00
[2024-06-07T14:07:54.587+0000] {processor.py:183} INFO - Processing /home/airflow/.local/lib/python3.12/site-packages/airflow/example_dags/example_latest_only.py took 0.095 seconds
[2024-06-07T14:08:25.683+0000] {processor.py:161} INFO - Started process (PID=862) to work on /home/airflow/.local/lib/python3.12/site-packages/airflow/example_dags/example_latest_only.py
[2024-06-07T14:08:25.685+0000] {processor.py:830} INFO - Processing file /home/airflow/.local/lib/python3.12/site-packages/airflow/example_dags/example_latest_only.py for tasks to queue
[2024-06-07T14:08:25.687+0000] {logging_mixin.py:188} INFO - [2024-06-07T14:08:25.687+0000] {dagbag.py:545} INFO - Filling up the DagBag from /home/airflow/.local/lib/python3.12/site-packages/airflow/example_dags/example_latest_only.py
[2024-06-07T14:08:25.695+0000] {processor.py:840} INFO - DAG(s) 'latest_only' retrieved from /home/airflow/.local/lib/python3.12/site-packages/airflow/example_dags/example_latest_only.py
[2024-06-07T14:08:25.723+0000] {logging_mixin.py:188} INFO - [2024-06-07T14:08:25.722+0000] {dag.py:3096} INFO - Sync 1 DAGs
[2024-06-07T14:08:25.762+0000] {logging_mixin.py:188} INFO - [2024-06-07T14:08:25.762+0000] {dag.py:3954} INFO - Setting next_dagrun for latest_only to 2024-06-07 08:00:00+00:00, run_after=2024-06-07 12:00:00+00:00
[2024-06-07T14:08:25.791+0000] {processor.py:183} INFO - Processing /home/airflow/.local/lib/python3.12/site-packages/airflow/example_dags/example_latest_only.py took 0.116 seconds
[2024-06-07T14:08:56.264+0000] {processor.py:161} INFO - Started process (PID=922) to work on /home/airflow/.local/lib/python3.12/site-packages/airflow/example_dags/example_latest_only.py
[2024-06-07T14:08:56.265+0000] {processor.py:830} INFO - Processing file /home/airflow/.local/lib/python3.12/site-packages/airflow/example_dags/example_latest_only.py for tasks to queue
[2024-06-07T14:08:56.267+0000] {logging_mixin.py:188} INFO - [2024-06-07T14:08:56.267+0000] {dagbag.py:545} INFO - Filling up the DagBag from /home/airflow/.local/lib/python3.12/site-packages/airflow/example_dags/example_latest_only.py
[2024-06-07T14:08:56.272+0000] {processor.py:840} INFO - DAG(s) 'latest_only' retrieved from /home/airflow/.local/lib/python3.12/site-packages/airflow/example_dags/example_latest_only.py
[2024-06-07T14:08:56.293+0000] {logging_mixin.py:188} INFO - [2024-06-07T14:08:56.292+0000] {dag.py:3096} INFO - Sync 1 DAGs
[2024-06-07T14:08:56.318+0000] {logging_mixin.py:188} INFO - [2024-06-07T14:08:56.318+0000] {dag.py:3954} INFO - Setting next_dagrun for latest_only to 2024-06-07 08:00:00+00:00, run_after=2024-06-07 12:00:00+00:00
[2024-06-07T14:08:56.340+0000] {processor.py:183} INFO - Processing /home/airflow/.local/lib/python3.12/site-packages/airflow/example_dags/example_latest_only.py took 0.082 seconds
[2024-06-07T14:09:26.879+0000] {processor.py:161} INFO - Started process (PID=982) to work on /home/airflow/.local/lib/python3.12/site-packages/airflow/example_dags/example_latest_only.py
[2024-06-07T14:09:26.880+0000] {processor.py:830} INFO - Processing file /home/airflow/.local/lib/python3.12/site-packages/airflow/example_dags/example_latest_only.py for tasks to queue
[2024-06-07T14:09:26.882+0000] {logging_mixin.py:188} INFO - [2024-06-07T14:09:26.881+0000] {dagbag.py:545} INFO - Filling up the DagBag from /home/airflow/.local/lib/python3.12/site-packages/airflow/example_dags/example_latest_only.py
[2024-06-07T14:09:26.887+0000] {processor.py:840} INFO - DAG(s) 'latest_only' retrieved from /home/airflow/.local/lib/python3.12/site-packages/airflow/example_dags/example_latest_only.py
[2024-06-07T14:09:26.909+0000] {logging_mixin.py:188} INFO - [2024-06-07T14:09:26.909+0000] {dag.py:3096} INFO - Sync 1 DAGs
[2024-06-07T14:09:26.944+0000] {logging_mixin.py:188} INFO - [2024-06-07T14:09:26.944+0000] {dag.py:3954} INFO - Setting next_dagrun for latest_only to 2024-06-07 08:00:00+00:00, run_after=2024-06-07 12:00:00+00:00
[2024-06-07T14:09:26.966+0000] {processor.py:183} INFO - Processing /home/airflow/.local/lib/python3.12/site-packages/airflow/example_dags/example_latest_only.py took 0.094 seconds
[2024-06-07T14:09:57.134+0000] {processor.py:161} INFO - Started process (PID=1044) to work on /home/airflow/.local/lib/python3.12/site-packages/airflow/example_dags/example_latest_only.py
[2024-06-07T14:09:57.136+0000] {processor.py:830} INFO - Processing file /home/airflow/.local/lib/python3.12/site-packages/airflow/example_dags/example_latest_only.py for tasks to queue
[2024-06-07T14:09:57.139+0000] {logging_mixin.py:188} INFO - [2024-06-07T14:09:57.138+0000] {dagbag.py:545} INFO - Filling up the DagBag from /home/airflow/.local/lib/python3.12/site-packages/airflow/example_dags/example_latest_only.py
[2024-06-07T14:09:57.148+0000] {processor.py:840} INFO - DAG(s) 'latest_only' retrieved from /home/airflow/.local/lib/python3.12/site-packages/airflow/example_dags/example_latest_only.py
[2024-06-07T14:09:57.180+0000] {logging_mixin.py:188} INFO - [2024-06-07T14:09:57.179+0000] {dag.py:3096} INFO - Sync 1 DAGs
[2024-06-07T14:09:57.219+0000] {logging_mixin.py:188} INFO - [2024-06-07T14:09:57.219+0000] {dag.py:3954} INFO - Setting next_dagrun for latest_only to 2024-06-07 08:00:00+00:00, run_after=2024-06-07 12:00:00+00:00
[2024-06-07T14:09:57.244+0000] {processor.py:183} INFO - Processing /home/airflow/.local/lib/python3.12/site-packages/airflow/example_dags/example_latest_only.py took 0.118 seconds
[2024-06-07T14:10:28.049+0000] {processor.py:161} INFO - Started process (PID=1104) to work on /home/airflow/.local/lib/python3.12/site-packages/airflow/example_dags/example_latest_only.py
[2024-06-07T14:10:28.050+0000] {processor.py:830} INFO - Processing file /home/airflow/.local/lib/python3.12/site-packages/airflow/example_dags/example_latest_only.py for tasks to queue
[2024-06-07T14:10:28.053+0000] {logging_mixin.py:188} INFO - [2024-06-07T14:10:28.052+0000] {dagbag.py:545} INFO - Filling up the DagBag from /home/airflow/.local/lib/python3.12/site-packages/airflow/example_dags/example_latest_only.py
[2024-06-07T14:10:28.061+0000] {processor.py:840} INFO - DAG(s) 'latest_only' retrieved from /home/airflow/.local/lib/python3.12/site-packages/airflow/example_dags/example_latest_only.py
[2024-06-07T14:10:28.091+0000] {logging_mixin.py:188} INFO - [2024-06-07T14:10:28.091+0000] {dag.py:3096} INFO - Sync 1 DAGs
[2024-06-07T14:10:28.127+0000] {logging_mixin.py:188} INFO - [2024-06-07T14:10:28.127+0000] {dag.py:3954} INFO - Setting next_dagrun for latest_only to 2024-06-07 08:00:00+00:00, run_after=2024-06-07 12:00:00+00:00
[2024-06-07T14:10:28.152+0000] {processor.py:183} INFO - Processing /home/airflow/.local/lib/python3.12/site-packages/airflow/example_dags/example_latest_only.py took 0.112 seconds
[2024-06-07T14:10:58.321+0000] {processor.py:161} INFO - Started process (PID=1164) to work on /home/airflow/.local/lib/python3.12/site-packages/airflow/example_dags/example_latest_only.py
[2024-06-07T14:10:58.324+0000] {processor.py:830} INFO - Processing file /home/airflow/.local/lib/python3.12/site-packages/airflow/example_dags/example_latest_only.py for tasks to queue
[2024-06-07T14:10:58.327+0000] {logging_mixin.py:188} INFO - [2024-06-07T14:10:58.326+0000] {dagbag.py:545} INFO - Filling up the DagBag from /home/airflow/.local/lib/python3.12/site-packages/airflow/example_dags/example_latest_only.py
[2024-06-07T14:10:58.334+0000] {processor.py:840} INFO - DAG(s) 'latest_only' retrieved from /home/airflow/.local/lib/python3.12/site-packages/airflow/example_dags/example_latest_only.py
[2024-06-07T14:10:58.361+0000] {logging_mixin.py:188} INFO - [2024-06-07T14:10:58.361+0000] {dag.py:3096} INFO - Sync 1 DAGs
[2024-06-07T14:10:58.390+0000] {logging_mixin.py:188} INFO - [2024-06-07T14:10:58.390+0000] {dag.py:3954} INFO - Setting next_dagrun for latest_only to 2024-06-07 08:00:00+00:00, run_after=2024-06-07 12:00:00+00:00
[2024-06-07T14:10:58.416+0000] {processor.py:183} INFO - Processing /home/airflow/.local/lib/python3.12/site-packages/airflow/example_dags/example_latest_only.py took 0.103 seconds
[2024-06-07T14:11:28.674+0000] {processor.py:161} INFO - Started process (PID=1224) to work on /home/airflow/.local/lib/python3.12/site-packages/airflow/example_dags/example_latest_only.py
[2024-06-07T14:11:28.675+0000] {processor.py:830} INFO - Processing file /home/airflow/.local/lib/python3.12/site-packages/airflow/example_dags/example_latest_only.py for tasks to queue
[2024-06-07T14:11:28.678+0000] {logging_mixin.py:188} INFO - [2024-06-07T14:11:28.677+0000] {dagbag.py:545} INFO - Filling up the DagBag from /home/airflow/.local/lib/python3.12/site-packages/airflow/example_dags/example_latest_only.py
[2024-06-07T14:11:28.685+0000] {processor.py:840} INFO - DAG(s) 'latest_only' retrieved from /home/airflow/.local/lib/python3.12/site-packages/airflow/example_dags/example_latest_only.py
[2024-06-07T14:11:28.709+0000] {logging_mixin.py:188} INFO - [2024-06-07T14:11:28.709+0000] {dag.py:3096} INFO - Sync 1 DAGs
[2024-06-07T14:11:28.743+0000] {logging_mixin.py:188} INFO - [2024-06-07T14:11:28.742+0000] {dag.py:3954} INFO - Setting next_dagrun for latest_only to 2024-06-07 08:00:00+00:00, run_after=2024-06-07 12:00:00+00:00
[2024-06-07T14:11:28.783+0000] {processor.py:183} INFO - Processing /home/airflow/.local/lib/python3.12/site-packages/airflow/example_dags/example_latest_only.py took 0.116 seconds
[2024-06-07T14:12:02.631+0000] {processor.py:161} INFO - Started process (PID=1284) to work on /home/airflow/.local/lib/python3.12/site-packages/airflow/example_dags/example_latest_only.py
[2024-06-07T14:12:02.633+0000] {processor.py:830} INFO - Processing file /home/airflow/.local/lib/python3.12/site-packages/airflow/example_dags/example_latest_only.py for tasks to queue
[2024-06-07T14:12:02.637+0000] {logging_mixin.py:188} INFO - [2024-06-07T14:12:02.636+0000] {dagbag.py:545} INFO - Filling up the DagBag from /home/airflow/.local/lib/python3.12/site-packages/airflow/example_dags/example_latest_only.py
[2024-06-07T14:12:02.649+0000] {processor.py:840} INFO - DAG(s) 'latest_only' retrieved from /home/airflow/.local/lib/python3.12/site-packages/airflow/example_dags/example_latest_only.py
[2024-06-07T14:12:02.696+0000] {logging_mixin.py:188} INFO - [2024-06-07T14:12:02.696+0000] {dag.py:3096} INFO - Sync 1 DAGs
[2024-06-07T14:12:02.760+0000] {logging_mixin.py:188} INFO - [2024-06-07T14:12:02.760+0000] {dag.py:3954} INFO - Setting next_dagrun for latest_only to 2024-06-07 08:00:00+00:00, run_after=2024-06-07 12:00:00+00:00
[2024-06-07T14:12:02.825+0000] {processor.py:183} INFO - Processing /home/airflow/.local/lib/python3.12/site-packages/airflow/example_dags/example_latest_only.py took 0.212 seconds
[2024-06-07T14:12:33.631+0000] {processor.py:161} INFO - Started process (PID=1344) to work on /home/airflow/.local/lib/python3.12/site-packages/airflow/example_dags/example_latest_only.py
[2024-06-07T14:12:33.633+0000] {processor.py:830} INFO - Processing file /home/airflow/.local/lib/python3.12/site-packages/airflow/example_dags/example_latest_only.py for tasks to queue
[2024-06-07T14:12:33.636+0000] {logging_mixin.py:188} INFO - [2024-06-07T14:12:33.636+0000] {dagbag.py:545} INFO - Filling up the DagBag from /home/airflow/.local/lib/python3.12/site-packages/airflow/example_dags/example_latest_only.py
[2024-06-07T14:12:33.643+0000] {processor.py:840} INFO - DAG(s) 'latest_only' retrieved from /home/airflow/.local/lib/python3.12/site-packages/airflow/example_dags/example_latest_only.py
[2024-06-07T14:12:33.665+0000] {logging_mixin.py:188} INFO - [2024-06-07T14:12:33.665+0000] {dag.py:3096} INFO - Sync 1 DAGs
[2024-06-07T14:12:33.693+0000] {logging_mixin.py:188} INFO - [2024-06-07T14:12:33.693+0000] {dag.py:3954} INFO - Setting next_dagrun for latest_only to 2024-06-07 08:00:00+00:00, run_after=2024-06-07 12:00:00+00:00
[2024-06-07T14:12:33.717+0000] {processor.py:183} INFO - Processing /home/airflow/.local/lib/python3.12/site-packages/airflow/example_dags/example_latest_only.py took 0.096 seconds
[2024-06-07T14:13:04.578+0000] {processor.py:161} INFO - Started process (PID=1404) to work on /home/airflow/.local/lib/python3.12/site-packages/airflow/example_dags/example_latest_only.py
[2024-06-07T14:13:04.589+0000] {processor.py:830} INFO - Processing file /home/airflow/.local/lib/python3.12/site-packages/airflow/example_dags/example_latest_only.py for tasks to queue
[2024-06-07T14:13:04.593+0000] {logging_mixin.py:188} INFO - [2024-06-07T14:13:04.592+0000] {dagbag.py:545} INFO - Filling up the DagBag from /home/airflow/.local/lib/python3.12/site-packages/airflow/example_dags/example_latest_only.py
[2024-06-07T14:13:04.613+0000] {processor.py:840} INFO - DAG(s) 'latest_only' retrieved from /home/airflow/.local/lib/python3.12/site-packages/airflow/example_dags/example_latest_only.py
[2024-06-07T14:13:04.698+0000] {logging_mixin.py:188} INFO - [2024-06-07T14:13:04.698+0000] {dag.py:3096} INFO - Sync 1 DAGs
[2024-06-07T14:13:04.797+0000] {logging_mixin.py:188} INFO - [2024-06-07T14:13:04.797+0000] {dag.py:3954} INFO - Setting next_dagrun for latest_only to 2024-06-07 08:00:00+00:00, run_after=2024-06-07 12:00:00+00:00
[2024-06-07T14:13:04.878+0000] {processor.py:183} INFO - Processing /home/airflow/.local/lib/python3.12/site-packages/airflow/example_dags/example_latest_only.py took 0.313 seconds
[2024-06-07T14:13:35.501+0000] {processor.py:161} INFO - Started process (PID=1464) to work on /home/airflow/.local/lib/python3.12/site-packages/airflow/example_dags/example_latest_only.py
[2024-06-07T14:13:35.502+0000] {processor.py:830} INFO - Processing file /home/airflow/.local/lib/python3.12/site-packages/airflow/example_dags/example_latest_only.py for tasks to queue
[2024-06-07T14:13:35.505+0000] {logging_mixin.py:188} INFO - [2024-06-07T14:13:35.505+0000] {dagbag.py:545} INFO - Filling up the DagBag from /home/airflow/.local/lib/python3.12/site-packages/airflow/example_dags/example_latest_only.py
[2024-06-07T14:13:35.511+0000] {processor.py:840} INFO - DAG(s) 'latest_only' retrieved from /home/airflow/.local/lib/python3.12/site-packages/airflow/example_dags/example_latest_only.py
[2024-06-07T14:13:35.532+0000] {logging_mixin.py:188} INFO - [2024-06-07T14:13:35.532+0000] {dag.py:3096} INFO - Sync 1 DAGs
[2024-06-07T14:13:35.558+0000] {logging_mixin.py:188} INFO - [2024-06-07T14:13:35.558+0000] {dag.py:3954} INFO - Setting next_dagrun for latest_only to 2024-06-07 08:00:00+00:00, run_after=2024-06-07 12:00:00+00:00
[2024-06-07T14:13:35.582+0000] {processor.py:183} INFO - Processing /home/airflow/.local/lib/python3.12/site-packages/airflow/example_dags/example_latest_only.py took 0.089 seconds
[2024-06-07T14:14:05.788+0000] {processor.py:161} INFO - Started process (PID=1522) to work on /home/airflow/.local/lib/python3.12/site-packages/airflow/example_dags/example_latest_only.py
[2024-06-07T14:14:05.790+0000] {processor.py:830} INFO - Processing file /home/airflow/.local/lib/python3.12/site-packages/airflow/example_dags/example_latest_only.py for tasks to queue
[2024-06-07T14:14:05.792+0000] {logging_mixin.py:188} INFO - [2024-06-07T14:14:05.791+0000] {dagbag.py:545} INFO - Filling up the DagBag from /home/airflow/.local/lib/python3.12/site-packages/airflow/example_dags/example_latest_only.py
[2024-06-07T14:14:05.797+0000] {processor.py:840} INFO - DAG(s) 'latest_only' retrieved from /home/airflow/.local/lib/python3.12/site-packages/airflow/example_dags/example_latest_only.py
[2024-06-07T14:14:05.817+0000] {logging_mixin.py:188} INFO - [2024-06-07T14:14:05.817+0000] {dag.py:3096} INFO - Sync 1 DAGs
[2024-06-07T14:14:05.840+0000] {logging_mixin.py:188} INFO - [2024-06-07T14:14:05.840+0000] {dag.py:3954} INFO - Setting next_dagrun for latest_only to 2024-06-07 08:00:00+00:00, run_after=2024-06-07 12:00:00+00:00
[2024-06-07T14:14:05.861+0000] {processor.py:183} INFO - Processing /home/airflow/.local/lib/python3.12/site-packages/airflow/example_dags/example_latest_only.py took 0.079 seconds
[2024-06-07T14:14:36.206+0000] {processor.py:161} INFO - Started process (PID=1582) to work on /home/airflow/.local/lib/python3.12/site-packages/airflow/example_dags/example_latest_only.py
[2024-06-07T14:14:36.208+0000] {processor.py:830} INFO - Processing file /home/airflow/.local/lib/python3.12/site-packages/airflow/example_dags/example_latest_only.py for tasks to queue
[2024-06-07T14:14:36.210+0000] {logging_mixin.py:188} INFO - [2024-06-07T14:14:36.210+0000] {dagbag.py:545} INFO - Filling up the DagBag from /home/airflow/.local/lib/python3.12/site-packages/airflow/example_dags/example_latest_only.py
[2024-06-07T14:14:36.217+0000] {processor.py:840} INFO - DAG(s) 'latest_only' retrieved from /home/airflow/.local/lib/python3.12/site-packages/airflow/example_dags/example_latest_only.py
[2024-06-07T14:14:36.243+0000] {logging_mixin.py:188} INFO - [2024-06-07T14:14:36.243+0000] {dag.py:3096} INFO - Sync 1 DAGs
[2024-06-07T14:14:36.276+0000] {logging_mixin.py:188} INFO - [2024-06-07T14:14:36.276+0000] {dag.py:3954} INFO - Setting next_dagrun for latest_only to 2024-06-07 08:00:00+00:00, run_after=2024-06-07 12:00:00+00:00
[2024-06-07T14:14:36.299+0000] {processor.py:183} INFO - Processing /home/airflow/.local/lib/python3.12/site-packages/airflow/example_dags/example_latest_only.py took 0.101 seconds
[2024-06-07T14:15:07.287+0000] {processor.py:161} INFO - Started process (PID=1642) to work on /home/airflow/.local/lib/python3.12/site-packages/airflow/example_dags/example_latest_only.py
[2024-06-07T14:15:07.288+0000] {processor.py:830} INFO - Processing file /home/airflow/.local/lib/python3.12/site-packages/airflow/example_dags/example_latest_only.py for tasks to queue
[2024-06-07T14:15:07.291+0000] {logging_mixin.py:188} INFO - [2024-06-07T14:15:07.290+0000] {dagbag.py:545} INFO - Filling up the DagBag from /home/airflow/.local/lib/python3.12/site-packages/airflow/example_dags/example_latest_only.py
[2024-06-07T14:15:07.299+0000] {processor.py:840} INFO - DAG(s) 'latest_only' retrieved from /home/airflow/.local/lib/python3.12/site-packages/airflow/example_dags/example_latest_only.py
[2024-06-07T14:15:07.353+0000] {logging_mixin.py:188} INFO - [2024-06-07T14:15:07.352+0000] {dag.py:3096} INFO - Sync 1 DAGs
[2024-06-07T14:15:07.473+0000] {logging_mixin.py:188} INFO - [2024-06-07T14:15:07.471+0000] {dag.py:3954} INFO - Setting next_dagrun for latest_only to 2024-06-07 08:00:00+00:00, run_after=2024-06-07 12:00:00+00:00
[2024-06-07T14:15:07.543+0000] {processor.py:183} INFO - Processing /home/airflow/.local/lib/python3.12/site-packages/airflow/example_dags/example_latest_only.py took 0.271 seconds
[2024-06-07T14:15:38.114+0000] {processor.py:161} INFO - Started process (PID=1702) to work on /home/airflow/.local/lib/python3.12/site-packages/airflow/example_dags/example_latest_only.py
[2024-06-07T14:15:38.116+0000] {processor.py:830} INFO - Processing file /home/airflow/.local/lib/python3.12/site-packages/airflow/example_dags/example_latest_only.py for tasks to queue
[2024-06-07T14:15:38.118+0000] {logging_mixin.py:188} INFO - [2024-06-07T14:15:38.118+0000] {dagbag.py:545} INFO - Filling up the DagBag from /home/airflow/.local/lib/python3.12/site-packages/airflow/example_dags/example_latest_only.py
[2024-06-07T14:15:38.123+0000] {processor.py:840} INFO - DAG(s) 'latest_only' retrieved from /home/airflow/.local/lib/python3.12/site-packages/airflow/example_dags/example_latest_only.py
[2024-06-07T14:15:38.144+0000] {logging_mixin.py:188} INFO - [2024-06-07T14:15:38.144+0000] {dag.py:3096} INFO - Sync 1 DAGs
[2024-06-07T14:15:38.336+0000] {logging_mixin.py:188} INFO - [2024-06-07T14:15:38.335+0000] {dag.py:3954} INFO - Setting next_dagrun for latest_only to 2024-06-07 08:00:00+00:00, run_after=2024-06-07 12:00:00+00:00
[2024-06-07T14:15:38.356+0000] {processor.py:183} INFO - Processing /home/airflow/.local/lib/python3.12/site-packages/airflow/example_dags/example_latest_only.py took 0.249 seconds
[2024-06-07T14:16:08.783+0000] {processor.py:161} INFO - Started process (PID=1762) to work on /home/airflow/.local/lib/python3.12/site-packages/airflow/example_dags/example_latest_only.py
[2024-06-07T14:16:08.784+0000] {processor.py:830} INFO - Processing file /home/airflow/.local/lib/python3.12/site-packages/airflow/example_dags/example_latest_only.py for tasks to queue
[2024-06-07T14:16:08.788+0000] {logging_mixin.py:188} INFO - [2024-06-07T14:16:08.787+0000] {dagbag.py:545} INFO - Filling up the DagBag from /home/airflow/.local/lib/python3.12/site-packages/airflow/example_dags/example_latest_only.py
[2024-06-07T14:16:08.797+0000] {processor.py:840} INFO - DAG(s) 'latest_only' retrieved from /home/airflow/.local/lib/python3.12/site-packages/airflow/example_dags/example_latest_only.py
[2024-06-07T14:16:08.823+0000] {logging_mixin.py:188} INFO - [2024-06-07T14:16:08.822+0000] {dag.py:3096} INFO - Sync 1 DAGs
[2024-06-07T14:16:08.859+0000] {logging_mixin.py:188} INFO - [2024-06-07T14:16:08.858+0000] {dag.py:3954} INFO - Setting next_dagrun for latest_only to 2024-06-07 08:00:00+00:00, run_after=2024-06-07 12:00:00+00:00
[2024-06-07T14:16:09.054+0000] {processor.py:183} INFO - Processing /home/airflow/.local/lib/python3.12/site-packages/airflow/example_dags/example_latest_only.py took 0.280 seconds
[2024-06-07T14:16:39.145+0000] {processor.py:161} INFO - Started process (PID=1822) to work on /home/airflow/.local/lib/python3.12/site-packages/airflow/example_dags/example_latest_only.py
[2024-06-07T14:16:39.146+0000] {processor.py:830} INFO - Processing file /home/airflow/.local/lib/python3.12/site-packages/airflow/example_dags/example_latest_only.py for tasks to queue
[2024-06-07T14:16:39.148+0000] {logging_mixin.py:188} INFO - [2024-06-07T14:16:39.148+0000] {dagbag.py:545} INFO - Filling up the DagBag from /home/airflow/.local/lib/python3.12/site-packages/airflow/example_dags/example_latest_only.py
[2024-06-07T14:16:39.159+0000] {processor.py:840} INFO - DAG(s) 'latest_only' retrieved from /home/airflow/.local/lib/python3.12/site-packages/airflow/example_dags/example_latest_only.py
[2024-06-07T14:16:39.188+0000] {logging_mixin.py:188} INFO - [2024-06-07T14:16:39.187+0000] {dag.py:3096} INFO - Sync 1 DAGs
[2024-06-07T14:16:39.213+0000] {logging_mixin.py:188} INFO - [2024-06-07T14:16:39.213+0000] {dag.py:3954} INFO - Setting next_dagrun for latest_only to 2024-06-07 08:00:00+00:00, run_after=2024-06-07 12:00:00+00:00
[2024-06-07T14:16:39.244+0000] {processor.py:183} INFO - Processing /home/airflow/.local/lib/python3.12/site-packages/airflow/example_dags/example_latest_only.py took 0.105 seconds
[2024-06-07T14:17:09.765+0000] {processor.py:161} INFO - Started process (PID=1882) to work on /home/airflow/.local/lib/python3.12/site-packages/airflow/example_dags/example_latest_only.py
[2024-06-07T14:17:09.767+0000] {processor.py:830} INFO - Processing file /home/airflow/.local/lib/python3.12/site-packages/airflow/example_dags/example_latest_only.py for tasks to queue
[2024-06-07T14:17:09.769+0000] {logging_mixin.py:188} INFO - [2024-06-07T14:17:09.769+0000] {dagbag.py:545} INFO - Filling up the DagBag from /home/airflow/.local/lib/python3.12/site-packages/airflow/example_dags/example_latest_only.py
[2024-06-07T14:17:09.776+0000] {processor.py:840} INFO - DAG(s) 'latest_only' retrieved from /home/airflow/.local/lib/python3.12/site-packages/airflow/example_dags/example_latest_only.py
[2024-06-07T14:17:09.797+0000] {logging_mixin.py:188} INFO - [2024-06-07T14:17:09.797+0000] {dag.py:3096} INFO - Sync 1 DAGs
[2024-06-07T14:17:09.825+0000] {logging_mixin.py:188} INFO - [2024-06-07T14:17:09.825+0000] {dag.py:3954} INFO - Setting next_dagrun for latest_only to 2024-06-07 08:00:00+00:00, run_after=2024-06-07 12:00:00+00:00
[2024-06-07T14:17:09.848+0000] {processor.py:183} INFO - Processing /home/airflow/.local/lib/python3.12/site-packages/airflow/example_dags/example_latest_only.py took 0.089 seconds
[2024-06-07T14:17:40.189+0000] {processor.py:161} INFO - Started process (PID=1942) to work on /home/airflow/.local/lib/python3.12/site-packages/airflow/example_dags/example_latest_only.py
[2024-06-07T14:17:40.190+0000] {processor.py:830} INFO - Processing file /home/airflow/.local/lib/python3.12/site-packages/airflow/example_dags/example_latest_only.py for tasks to queue
[2024-06-07T14:17:40.192+0000] {logging_mixin.py:188} INFO - [2024-06-07T14:17:40.192+0000] {dagbag.py:545} INFO - Filling up the DagBag from /home/airflow/.local/lib/python3.12/site-packages/airflow/example_dags/example_latest_only.py
[2024-06-07T14:17:40.200+0000] {processor.py:840} INFO - DAG(s) 'latest_only' retrieved from /home/airflow/.local/lib/python3.12/site-packages/airflow/example_dags/example_latest_only.py
[2024-06-07T14:17:40.224+0000] {logging_mixin.py:188} INFO - [2024-06-07T14:17:40.223+0000] {dag.py:3096} INFO - Sync 1 DAGs
[2024-06-07T14:17:40.260+0000] {logging_mixin.py:188} INFO - [2024-06-07T14:17:40.260+0000] {dag.py:3954} INFO - Setting next_dagrun for latest_only to 2024-06-07 08:00:00+00:00, run_after=2024-06-07 12:00:00+00:00
[2024-06-07T14:17:40.285+0000] {processor.py:183} INFO - Processing /home/airflow/.local/lib/python3.12/site-packages/airflow/example_dags/example_latest_only.py took 0.103 seconds
[2024-06-07T14:18:10.935+0000] {processor.py:161} INFO - Started process (PID=2000) to work on /home/airflow/.local/lib/python3.12/site-packages/airflow/example_dags/example_latest_only.py
[2024-06-07T14:18:10.936+0000] {processor.py:830} INFO - Processing file /home/airflow/.local/lib/python3.12/site-packages/airflow/example_dags/example_latest_only.py for tasks to queue
[2024-06-07T14:18:10.939+0000] {logging_mixin.py:188} INFO - [2024-06-07T14:18:10.939+0000] {dagbag.py:545} INFO - Filling up the DagBag from /home/airflow/.local/lib/python3.12/site-packages/airflow/example_dags/example_latest_only.py
[2024-06-07T14:18:10.944+0000] {processor.py:840} INFO - DAG(s) 'latest_only' retrieved from /home/airflow/.local/lib/python3.12/site-packages/airflow/example_dags/example_latest_only.py
[2024-06-07T14:18:10.968+0000] {logging_mixin.py:188} INFO - [2024-06-07T14:18:10.968+0000] {dag.py:3096} INFO - Sync 1 DAGs
[2024-06-07T14:18:10.994+0000] {logging_mixin.py:188} INFO - [2024-06-07T14:18:10.994+0000] {dag.py:3954} INFO - Setting next_dagrun for latest_only to 2024-06-07 08:00:00+00:00, run_after=2024-06-07 12:00:00+00:00
[2024-06-07T14:18:11.019+0000] {processor.py:183} INFO - Processing /home/airflow/.local/lib/python3.12/site-packages/airflow/example_dags/example_latest_only.py took 0.092 seconds
