[2024-06-07T14:01:46.161+0000] {processor.py:161} INFO - Started process (PID=72) to work on /home/airflow/.local/lib/python3.12/site-packages/airflow/example_dags/example_python_operator.py
[2024-06-07T14:01:46.167+0000] {processor.py:830} INFO - Processing file /home/airflow/.local/lib/python3.12/site-packages/airflow/example_dags/example_python_operator.py for tasks to queue
[2024-06-07T14:01:46.172+0000] {logging_mixin.py:188} INFO - [2024-06-07T14:01:46.171+0000] {dagbag.py:545} INFO - Filling up the DagBag from /home/airflow/.local/lib/python3.12/site-packages/airflow/example_dags/example_python_operator.py
[2024-06-07T14:01:46.260+0000] {processor.py:840} INFO - DAG(s) 'example_python_operator' retrieved from /home/airflow/.local/lib/python3.12/site-packages/airflow/example_dags/example_python_operator.py
[2024-06-07T14:01:46.741+0000] {logging_mixin.py:188} INFO - [2024-06-07T14:01:46.740+0000] {dag.py:3096} INFO - Sync 1 DAGs
[2024-06-07T14:01:46.777+0000] {logging_mixin.py:188} INFO - [2024-06-07T14:01:46.773+0000] {dag.py:3954} INFO - Setting next_dagrun for example_python_operator to None, run_after=None
[2024-06-07T14:01:46.848+0000] {processor.py:183} INFO - Processing /home/airflow/.local/lib/python3.12/site-packages/airflow/example_dags/example_python_operator.py took 0.750 seconds
[2024-06-07T14:02:17.789+0000] {processor.py:161} INFO - Started process (PID=144) to work on /home/airflow/.local/lib/python3.12/site-packages/airflow/example_dags/example_python_operator.py
[2024-06-07T14:02:17.791+0000] {processor.py:830} INFO - Processing file /home/airflow/.local/lib/python3.12/site-packages/airflow/example_dags/example_python_operator.py for tasks to queue
[2024-06-07T14:02:17.794+0000] {logging_mixin.py:188} INFO - [2024-06-07T14:02:17.793+0000] {dagbag.py:545} INFO - Filling up the DagBag from /home/airflow/.local/lib/python3.12/site-packages/airflow/example_dags/example_python_operator.py
[2024-06-07T14:02:17.812+0000] {processor.py:840} INFO - DAG(s) 'example_python_operator' retrieved from /home/airflow/.local/lib/python3.12/site-packages/airflow/example_dags/example_python_operator.py
[2024-06-07T14:02:17.851+0000] {logging_mixin.py:188} INFO - [2024-06-07T14:02:17.851+0000] {dag.py:3096} INFO - Sync 1 DAGs
[2024-06-07T14:02:17.883+0000] {logging_mixin.py:188} INFO - [2024-06-07T14:02:17.882+0000] {dag.py:3954} INFO - Setting next_dagrun for example_python_operator to None, run_after=None
[2024-06-07T14:02:17.938+0000] {processor.py:183} INFO - Processing /home/airflow/.local/lib/python3.12/site-packages/airflow/example_dags/example_python_operator.py took 0.161 seconds
[2024-06-07T14:02:48.252+0000] {processor.py:161} INFO - Started process (PID=204) to work on /home/airflow/.local/lib/python3.12/site-packages/airflow/example_dags/example_python_operator.py
[2024-06-07T14:02:48.255+0000] {processor.py:830} INFO - Processing file /home/airflow/.local/lib/python3.12/site-packages/airflow/example_dags/example_python_operator.py for tasks to queue
[2024-06-07T14:02:48.261+0000] {logging_mixin.py:188} INFO - [2024-06-07T14:02:48.261+0000] {dagbag.py:545} INFO - Filling up the DagBag from /home/airflow/.local/lib/python3.12/site-packages/airflow/example_dags/example_python_operator.py
[2024-06-07T14:02:48.278+0000] {processor.py:840} INFO - DAG(s) 'example_python_operator' retrieved from /home/airflow/.local/lib/python3.12/site-packages/airflow/example_dags/example_python_operator.py
[2024-06-07T14:02:48.313+0000] {logging_mixin.py:188} INFO - [2024-06-07T14:02:48.313+0000] {dag.py:3096} INFO - Sync 1 DAGs
[2024-06-07T14:02:48.334+0000] {logging_mixin.py:188} INFO - [2024-06-07T14:02:48.334+0000] {dag.py:3954} INFO - Setting next_dagrun for example_python_operator to None, run_after=None
[2024-06-07T14:02:48.363+0000] {processor.py:183} INFO - Processing /home/airflow/.local/lib/python3.12/site-packages/airflow/example_dags/example_python_operator.py took 0.119 seconds
[2024-06-07T14:03:19.283+0000] {processor.py:161} INFO - Started process (PID=264) to work on /home/airflow/.local/lib/python3.12/site-packages/airflow/example_dags/example_python_operator.py
[2024-06-07T14:03:19.284+0000] {processor.py:830} INFO - Processing file /home/airflow/.local/lib/python3.12/site-packages/airflow/example_dags/example_python_operator.py for tasks to queue
[2024-06-07T14:03:19.286+0000] {logging_mixin.py:188} INFO - [2024-06-07T14:03:19.286+0000] {dagbag.py:545} INFO - Filling up the DagBag from /home/airflow/.local/lib/python3.12/site-packages/airflow/example_dags/example_python_operator.py
[2024-06-07T14:03:19.296+0000] {processor.py:840} INFO - DAG(s) 'example_python_operator' retrieved from /home/airflow/.local/lib/python3.12/site-packages/airflow/example_dags/example_python_operator.py
[2024-06-07T14:03:19.321+0000] {logging_mixin.py:188} INFO - [2024-06-07T14:03:19.321+0000] {dag.py:3096} INFO - Sync 1 DAGs
[2024-06-07T14:03:19.335+0000] {logging_mixin.py:188} INFO - [2024-06-07T14:03:19.334+0000] {dag.py:3954} INFO - Setting next_dagrun for example_python_operator to None, run_after=None
[2024-06-07T14:03:19.356+0000] {processor.py:183} INFO - Processing /home/airflow/.local/lib/python3.12/site-packages/airflow/example_dags/example_python_operator.py took 0.079 seconds
[2024-06-07T14:03:49.484+0000] {processor.py:161} INFO - Started process (PID=324) to work on /home/airflow/.local/lib/python3.12/site-packages/airflow/example_dags/example_python_operator.py
[2024-06-07T14:03:49.486+0000] {processor.py:830} INFO - Processing file /home/airflow/.local/lib/python3.12/site-packages/airflow/example_dags/example_python_operator.py for tasks to queue
[2024-06-07T14:03:49.489+0000] {logging_mixin.py:188} INFO - [2024-06-07T14:03:49.488+0000] {dagbag.py:545} INFO - Filling up the DagBag from /home/airflow/.local/lib/python3.12/site-packages/airflow/example_dags/example_python_operator.py
[2024-06-07T14:03:49.500+0000] {processor.py:840} INFO - DAG(s) 'example_python_operator' retrieved from /home/airflow/.local/lib/python3.12/site-packages/airflow/example_dags/example_python_operator.py
[2024-06-07T14:03:49.524+0000] {logging_mixin.py:188} INFO - [2024-06-07T14:03:49.524+0000] {dag.py:3096} INFO - Sync 1 DAGs
[2024-06-07T14:03:49.538+0000] {logging_mixin.py:188} INFO - [2024-06-07T14:03:49.538+0000] {dag.py:3954} INFO - Setting next_dagrun for example_python_operator to None, run_after=None
[2024-06-07T14:03:49.559+0000] {processor.py:183} INFO - Processing /home/airflow/.local/lib/python3.12/site-packages/airflow/example_dags/example_python_operator.py took 0.081 seconds
[2024-06-07T14:04:20.379+0000] {processor.py:161} INFO - Started process (PID=384) to work on /home/airflow/.local/lib/python3.12/site-packages/airflow/example_dags/example_python_operator.py
[2024-06-07T14:04:20.381+0000] {processor.py:830} INFO - Processing file /home/airflow/.local/lib/python3.12/site-packages/airflow/example_dags/example_python_operator.py for tasks to queue
[2024-06-07T14:04:20.385+0000] {logging_mixin.py:188} INFO - [2024-06-07T14:04:20.385+0000] {dagbag.py:545} INFO - Filling up the DagBag from /home/airflow/.local/lib/python3.12/site-packages/airflow/example_dags/example_python_operator.py
[2024-06-07T14:04:20.403+0000] {processor.py:840} INFO - DAG(s) 'example_python_operator' retrieved from /home/airflow/.local/lib/python3.12/site-packages/airflow/example_dags/example_python_operator.py
[2024-06-07T14:04:20.441+0000] {logging_mixin.py:188} INFO - [2024-06-07T14:04:20.441+0000] {dag.py:3096} INFO - Sync 1 DAGs
[2024-06-07T14:04:20.463+0000] {logging_mixin.py:188} INFO - [2024-06-07T14:04:20.463+0000] {dag.py:3954} INFO - Setting next_dagrun for example_python_operator to None, run_after=None
[2024-06-07T14:04:20.493+0000] {processor.py:183} INFO - Processing /home/airflow/.local/lib/python3.12/site-packages/airflow/example_dags/example_python_operator.py took 0.125 seconds
[2024-06-07T14:04:50.989+0000] {processor.py:161} INFO - Started process (PID=444) to work on /home/airflow/.local/lib/python3.12/site-packages/airflow/example_dags/example_python_operator.py
[2024-06-07T14:04:50.991+0000] {processor.py:830} INFO - Processing file /home/airflow/.local/lib/python3.12/site-packages/airflow/example_dags/example_python_operator.py for tasks to queue
[2024-06-07T14:04:50.994+0000] {logging_mixin.py:188} INFO - [2024-06-07T14:04:50.993+0000] {dagbag.py:545} INFO - Filling up the DagBag from /home/airflow/.local/lib/python3.12/site-packages/airflow/example_dags/example_python_operator.py
[2024-06-07T14:04:51.007+0000] {processor.py:840} INFO - DAG(s) 'example_python_operator' retrieved from /home/airflow/.local/lib/python3.12/site-packages/airflow/example_dags/example_python_operator.py
[2024-06-07T14:04:51.036+0000] {logging_mixin.py:188} INFO - [2024-06-07T14:04:51.035+0000] {dag.py:3096} INFO - Sync 1 DAGs
[2024-06-07T14:04:51.052+0000] {logging_mixin.py:188} INFO - [2024-06-07T14:04:51.051+0000] {dag.py:3954} INFO - Setting next_dagrun for example_python_operator to None, run_after=None
[2024-06-07T14:04:51.079+0000] {processor.py:183} INFO - Processing /home/airflow/.local/lib/python3.12/site-packages/airflow/example_dags/example_python_operator.py took 0.096 seconds
[2024-06-07T14:05:21.347+0000] {processor.py:161} INFO - Started process (PID=504) to work on /home/airflow/.local/lib/python3.12/site-packages/airflow/example_dags/example_python_operator.py
[2024-06-07T14:05:21.348+0000] {processor.py:830} INFO - Processing file /home/airflow/.local/lib/python3.12/site-packages/airflow/example_dags/example_python_operator.py for tasks to queue
[2024-06-07T14:05:21.352+0000] {logging_mixin.py:188} INFO - [2024-06-07T14:05:21.351+0000] {dagbag.py:545} INFO - Filling up the DagBag from /home/airflow/.local/lib/python3.12/site-packages/airflow/example_dags/example_python_operator.py
[2024-06-07T14:05:21.369+0000] {processor.py:840} INFO - DAG(s) 'example_python_operator' retrieved from /home/airflow/.local/lib/python3.12/site-packages/airflow/example_dags/example_python_operator.py
[2024-06-07T14:05:21.409+0000] {logging_mixin.py:188} INFO - [2024-06-07T14:05:21.409+0000] {dag.py:3096} INFO - Sync 1 DAGs
[2024-06-07T14:05:21.426+0000] {logging_mixin.py:188} INFO - [2024-06-07T14:05:21.426+0000] {dag.py:3954} INFO - Setting next_dagrun for example_python_operator to None, run_after=None
[2024-06-07T14:05:21.450+0000] {processor.py:183} INFO - Processing /home/airflow/.local/lib/python3.12/site-packages/airflow/example_dags/example_python_operator.py took 0.119 seconds
[2024-06-07T14:05:52.143+0000] {processor.py:161} INFO - Started process (PID=564) to work on /home/airflow/.local/lib/python3.12/site-packages/airflow/example_dags/example_python_operator.py
[2024-06-07T14:05:52.144+0000] {processor.py:830} INFO - Processing file /home/airflow/.local/lib/python3.12/site-packages/airflow/example_dags/example_python_operator.py for tasks to queue
[2024-06-07T14:05:52.147+0000] {logging_mixin.py:188} INFO - [2024-06-07T14:05:52.146+0000] {dagbag.py:545} INFO - Filling up the DagBag from /home/airflow/.local/lib/python3.12/site-packages/airflow/example_dags/example_python_operator.py
[2024-06-07T14:05:52.159+0000] {processor.py:840} INFO - DAG(s) 'example_python_operator' retrieved from /home/airflow/.local/lib/python3.12/site-packages/airflow/example_dags/example_python_operator.py
[2024-06-07T14:05:52.185+0000] {logging_mixin.py:188} INFO - [2024-06-07T14:05:52.184+0000] {dag.py:3096} INFO - Sync 1 DAGs
[2024-06-07T14:05:52.206+0000] {logging_mixin.py:188} INFO - [2024-06-07T14:05:52.206+0000] {dag.py:3954} INFO - Setting next_dagrun for example_python_operator to None, run_after=None
[2024-06-07T14:05:52.228+0000] {processor.py:183} INFO - Processing /home/airflow/.local/lib/python3.12/site-packages/airflow/example_dags/example_python_operator.py took 0.093 seconds
[2024-06-07T14:06:22.609+0000] {processor.py:161} INFO - Started process (PID=623) to work on /home/airflow/.local/lib/python3.12/site-packages/airflow/example_dags/example_python_operator.py
[2024-06-07T14:06:22.610+0000] {processor.py:830} INFO - Processing file /home/airflow/.local/lib/python3.12/site-packages/airflow/example_dags/example_python_operator.py for tasks to queue
[2024-06-07T14:06:22.612+0000] {logging_mixin.py:188} INFO - [2024-06-07T14:06:22.612+0000] {dagbag.py:545} INFO - Filling up the DagBag from /home/airflow/.local/lib/python3.12/site-packages/airflow/example_dags/example_python_operator.py
[2024-06-07T14:06:22.623+0000] {processor.py:840} INFO - DAG(s) 'example_python_operator' retrieved from /home/airflow/.local/lib/python3.12/site-packages/airflow/example_dags/example_python_operator.py
[2024-06-07T14:06:22.648+0000] {logging_mixin.py:188} INFO - [2024-06-07T14:06:22.648+0000] {dag.py:3096} INFO - Sync 1 DAGs
[2024-06-07T14:06:22.662+0000] {logging_mixin.py:188} INFO - [2024-06-07T14:06:22.662+0000] {dag.py:3954} INFO - Setting next_dagrun for example_python_operator to None, run_after=None
[2024-06-07T14:06:22.685+0000] {processor.py:183} INFO - Processing /home/airflow/.local/lib/python3.12/site-packages/airflow/example_dags/example_python_operator.py took 0.082 seconds
[2024-06-07T14:06:53.461+0000] {processor.py:161} INFO - Started process (PID=683) to work on /home/airflow/.local/lib/python3.12/site-packages/airflow/example_dags/example_python_operator.py
[2024-06-07T14:06:53.462+0000] {processor.py:830} INFO - Processing file /home/airflow/.local/lib/python3.12/site-packages/airflow/example_dags/example_python_operator.py for tasks to queue
[2024-06-07T14:06:53.464+0000] {logging_mixin.py:188} INFO - [2024-06-07T14:06:53.463+0000] {dagbag.py:545} INFO - Filling up the DagBag from /home/airflow/.local/lib/python3.12/site-packages/airflow/example_dags/example_python_operator.py
[2024-06-07T14:06:53.474+0000] {processor.py:840} INFO - DAG(s) 'example_python_operator' retrieved from /home/airflow/.local/lib/python3.12/site-packages/airflow/example_dags/example_python_operator.py
[2024-06-07T14:06:53.499+0000] {logging_mixin.py:188} INFO - [2024-06-07T14:06:53.499+0000] {dag.py:3096} INFO - Sync 1 DAGs
[2024-06-07T14:06:53.514+0000] {logging_mixin.py:188} INFO - [2024-06-07T14:06:53.513+0000] {dag.py:3954} INFO - Setting next_dagrun for example_python_operator to None, run_after=None
[2024-06-07T14:06:53.537+0000] {processor.py:183} INFO - Processing /home/airflow/.local/lib/python3.12/site-packages/airflow/example_dags/example_python_operator.py took 0.082 seconds
[2024-06-07T14:07:24.361+0000] {processor.py:161} INFO - Started process (PID=743) to work on /home/airflow/.local/lib/python3.12/site-packages/airflow/example_dags/example_python_operator.py
[2024-06-07T14:07:24.363+0000] {processor.py:830} INFO - Processing file /home/airflow/.local/lib/python3.12/site-packages/airflow/example_dags/example_python_operator.py for tasks to queue
[2024-06-07T14:07:24.365+0000] {logging_mixin.py:188} INFO - [2024-06-07T14:07:24.365+0000] {dagbag.py:545} INFO - Filling up the DagBag from /home/airflow/.local/lib/python3.12/site-packages/airflow/example_dags/example_python_operator.py
[2024-06-07T14:07:24.378+0000] {processor.py:840} INFO - DAG(s) 'example_python_operator' retrieved from /home/airflow/.local/lib/python3.12/site-packages/airflow/example_dags/example_python_operator.py
[2024-06-07T14:07:24.402+0000] {logging_mixin.py:188} INFO - [2024-06-07T14:07:24.402+0000] {dag.py:3096} INFO - Sync 1 DAGs
[2024-06-07T14:07:24.418+0000] {logging_mixin.py:188} INFO - [2024-06-07T14:07:24.418+0000] {dag.py:3954} INFO - Setting next_dagrun for example_python_operator to None, run_after=None
[2024-06-07T14:07:24.463+0000] {processor.py:183} INFO - Processing /home/airflow/.local/lib/python3.12/site-packages/airflow/example_dags/example_python_operator.py took 0.107 seconds
[2024-06-07T14:07:54.555+0000] {processor.py:161} INFO - Started process (PID=803) to work on /home/airflow/.local/lib/python3.12/site-packages/airflow/example_dags/example_python_operator.py
[2024-06-07T14:07:54.556+0000] {processor.py:830} INFO - Processing file /home/airflow/.local/lib/python3.12/site-packages/airflow/example_dags/example_python_operator.py for tasks to queue
[2024-06-07T14:07:54.558+0000] {logging_mixin.py:188} INFO - [2024-06-07T14:07:54.558+0000] {dagbag.py:545} INFO - Filling up the DagBag from /home/airflow/.local/lib/python3.12/site-packages/airflow/example_dags/example_python_operator.py
[2024-06-07T14:07:54.570+0000] {processor.py:840} INFO - DAG(s) 'example_python_operator' retrieved from /home/airflow/.local/lib/python3.12/site-packages/airflow/example_dags/example_python_operator.py
[2024-06-07T14:07:54.601+0000] {logging_mixin.py:188} INFO - [2024-06-07T14:07:54.601+0000] {dag.py:3096} INFO - Sync 1 DAGs
[2024-06-07T14:07:54.616+0000] {logging_mixin.py:188} INFO - [2024-06-07T14:07:54.615+0000] {dag.py:3954} INFO - Setting next_dagrun for example_python_operator to None, run_after=None
[2024-06-07T14:07:54.638+0000] {processor.py:183} INFO - Processing /home/airflow/.local/lib/python3.12/site-packages/airflow/example_dags/example_python_operator.py took 0.089 seconds
[2024-06-07T14:08:25.779+0000] {processor.py:161} INFO - Started process (PID=863) to work on /home/airflow/.local/lib/python3.12/site-packages/airflow/example_dags/example_python_operator.py
[2024-06-07T14:08:25.781+0000] {processor.py:830} INFO - Processing file /home/airflow/.local/lib/python3.12/site-packages/airflow/example_dags/example_python_operator.py for tasks to queue
[2024-06-07T14:08:25.783+0000] {logging_mixin.py:188} INFO - [2024-06-07T14:08:25.782+0000] {dagbag.py:545} INFO - Filling up the DagBag from /home/airflow/.local/lib/python3.12/site-packages/airflow/example_dags/example_python_operator.py
[2024-06-07T14:08:25.799+0000] {processor.py:840} INFO - DAG(s) 'example_python_operator' retrieved from /home/airflow/.local/lib/python3.12/site-packages/airflow/example_dags/example_python_operator.py
[2024-06-07T14:08:25.833+0000] {logging_mixin.py:188} INFO - [2024-06-07T14:08:25.832+0000] {dag.py:3096} INFO - Sync 1 DAGs
[2024-06-07T14:08:25.854+0000] {logging_mixin.py:188} INFO - [2024-06-07T14:08:25.853+0000] {dag.py:3954} INFO - Setting next_dagrun for example_python_operator to None, run_after=None
[2024-06-07T14:08:25.881+0000] {processor.py:183} INFO - Processing /home/airflow/.local/lib/python3.12/site-packages/airflow/example_dags/example_python_operator.py took 0.113 seconds
[2024-06-07T14:08:56.318+0000] {processor.py:161} INFO - Started process (PID=923) to work on /home/airflow/.local/lib/python3.12/site-packages/airflow/example_dags/example_python_operator.py
[2024-06-07T14:08:56.319+0000] {processor.py:830} INFO - Processing file /home/airflow/.local/lib/python3.12/site-packages/airflow/example_dags/example_python_operator.py for tasks to queue
[2024-06-07T14:08:56.322+0000] {logging_mixin.py:188} INFO - [2024-06-07T14:08:56.321+0000] {dagbag.py:545} INFO - Filling up the DagBag from /home/airflow/.local/lib/python3.12/site-packages/airflow/example_dags/example_python_operator.py
[2024-06-07T14:08:56.334+0000] {processor.py:840} INFO - DAG(s) 'example_python_operator' retrieved from /home/airflow/.local/lib/python3.12/site-packages/airflow/example_dags/example_python_operator.py
[2024-06-07T14:08:56.363+0000] {logging_mixin.py:188} INFO - [2024-06-07T14:08:56.362+0000] {dag.py:3096} INFO - Sync 1 DAGs
[2024-06-07T14:08:56.376+0000] {logging_mixin.py:188} INFO - [2024-06-07T14:08:56.376+0000] {dag.py:3954} INFO - Setting next_dagrun for example_python_operator to None, run_after=None
[2024-06-07T14:08:56.396+0000] {processor.py:183} INFO - Processing /home/airflow/.local/lib/python3.12/site-packages/airflow/example_dags/example_python_operator.py took 0.085 seconds
[2024-06-07T14:09:26.945+0000] {processor.py:161} INFO - Started process (PID=983) to work on /home/airflow/.local/lib/python3.12/site-packages/airflow/example_dags/example_python_operator.py
[2024-06-07T14:09:26.946+0000] {processor.py:830} INFO - Processing file /home/airflow/.local/lib/python3.12/site-packages/airflow/example_dags/example_python_operator.py for tasks to queue
[2024-06-07T14:09:26.949+0000] {logging_mixin.py:188} INFO - [2024-06-07T14:09:26.949+0000] {dagbag.py:545} INFO - Filling up the DagBag from /home/airflow/.local/lib/python3.12/site-packages/airflow/example_dags/example_python_operator.py
[2024-06-07T14:09:26.963+0000] {processor.py:840} INFO - DAG(s) 'example_python_operator' retrieved from /home/airflow/.local/lib/python3.12/site-packages/airflow/example_dags/example_python_operator.py
[2024-06-07T14:09:26.990+0000] {logging_mixin.py:188} INFO - [2024-06-07T14:09:26.990+0000] {dag.py:3096} INFO - Sync 1 DAGs
[2024-06-07T14:09:27.006+0000] {logging_mixin.py:188} INFO - [2024-06-07T14:09:27.006+0000] {dag.py:3954} INFO - Setting next_dagrun for example_python_operator to None, run_after=None
[2024-06-07T14:09:27.028+0000] {processor.py:183} INFO - Processing /home/airflow/.local/lib/python3.12/site-packages/airflow/example_dags/example_python_operator.py took 0.092 seconds
[2024-06-07T14:09:57.200+0000] {processor.py:161} INFO - Started process (PID=1045) to work on /home/airflow/.local/lib/python3.12/site-packages/airflow/example_dags/example_python_operator.py
[2024-06-07T14:09:57.201+0000] {processor.py:830} INFO - Processing file /home/airflow/.local/lib/python3.12/site-packages/airflow/example_dags/example_python_operator.py for tasks to queue
[2024-06-07T14:09:57.204+0000] {logging_mixin.py:188} INFO - [2024-06-07T14:09:57.203+0000] {dagbag.py:545} INFO - Filling up the DagBag from /home/airflow/.local/lib/python3.12/site-packages/airflow/example_dags/example_python_operator.py
[2024-06-07T14:09:57.222+0000] {processor.py:840} INFO - DAG(s) 'example_python_operator' retrieved from /home/airflow/.local/lib/python3.12/site-packages/airflow/example_dags/example_python_operator.py
[2024-06-07T14:09:57.252+0000] {logging_mixin.py:188} INFO - [2024-06-07T14:09:57.252+0000] {dag.py:3096} INFO - Sync 1 DAGs
[2024-06-07T14:09:57.270+0000] {logging_mixin.py:188} INFO - [2024-06-07T14:09:57.270+0000] {dag.py:3954} INFO - Setting next_dagrun for example_python_operator to None, run_after=None
[2024-06-07T14:09:57.297+0000] {processor.py:183} INFO - Processing /home/airflow/.local/lib/python3.12/site-packages/airflow/example_dags/example_python_operator.py took 0.104 seconds
[2024-06-07T14:10:28.132+0000] {processor.py:161} INFO - Started process (PID=1105) to work on /home/airflow/.local/lib/python3.12/site-packages/airflow/example_dags/example_python_operator.py
[2024-06-07T14:10:28.133+0000] {processor.py:830} INFO - Processing file /home/airflow/.local/lib/python3.12/site-packages/airflow/example_dags/example_python_operator.py for tasks to queue
[2024-06-07T14:10:28.137+0000] {logging_mixin.py:188} INFO - [2024-06-07T14:10:28.136+0000] {dagbag.py:545} INFO - Filling up the DagBag from /home/airflow/.local/lib/python3.12/site-packages/airflow/example_dags/example_python_operator.py
[2024-06-07T14:10:28.151+0000] {processor.py:840} INFO - DAG(s) 'example_python_operator' retrieved from /home/airflow/.local/lib/python3.12/site-packages/airflow/example_dags/example_python_operator.py
[2024-06-07T14:10:28.187+0000] {logging_mixin.py:188} INFO - [2024-06-07T14:10:28.186+0000] {dag.py:3096} INFO - Sync 1 DAGs
[2024-06-07T14:10:28.203+0000] {logging_mixin.py:188} INFO - [2024-06-07T14:10:28.203+0000] {dag.py:3954} INFO - Setting next_dagrun for example_python_operator to None, run_after=None
[2024-06-07T14:10:28.228+0000] {processor.py:183} INFO - Processing /home/airflow/.local/lib/python3.12/site-packages/airflow/example_dags/example_python_operator.py took 0.105 seconds
[2024-06-07T14:10:58.380+0000] {processor.py:161} INFO - Started process (PID=1165) to work on /home/airflow/.local/lib/python3.12/site-packages/airflow/example_dags/example_python_operator.py
[2024-06-07T14:10:58.381+0000] {processor.py:830} INFO - Processing file /home/airflow/.local/lib/python3.12/site-packages/airflow/example_dags/example_python_operator.py for tasks to queue
[2024-06-07T14:10:58.384+0000] {logging_mixin.py:188} INFO - [2024-06-07T14:10:58.383+0000] {dagbag.py:545} INFO - Filling up the DagBag from /home/airflow/.local/lib/python3.12/site-packages/airflow/example_dags/example_python_operator.py
[2024-06-07T14:10:58.400+0000] {processor.py:840} INFO - DAG(s) 'example_python_operator' retrieved from /home/airflow/.local/lib/python3.12/site-packages/airflow/example_dags/example_python_operator.py
[2024-06-07T14:10:58.435+0000] {logging_mixin.py:188} INFO - [2024-06-07T14:10:58.434+0000] {dag.py:3096} INFO - Sync 1 DAGs
[2024-06-07T14:10:58.451+0000] {logging_mixin.py:188} INFO - [2024-06-07T14:10:58.451+0000] {dag.py:3954} INFO - Setting next_dagrun for example_python_operator to None, run_after=None
[2024-06-07T14:10:58.477+0000] {processor.py:183} INFO - Processing /home/airflow/.local/lib/python3.12/site-packages/airflow/example_dags/example_python_operator.py took 0.104 seconds
[2024-06-07T14:11:28.751+0000] {processor.py:161} INFO - Started process (PID=1225) to work on /home/airflow/.local/lib/python3.12/site-packages/airflow/example_dags/example_python_operator.py
[2024-06-07T14:11:28.755+0000] {processor.py:830} INFO - Processing file /home/airflow/.local/lib/python3.12/site-packages/airflow/example_dags/example_python_operator.py for tasks to queue
[2024-06-07T14:11:28.759+0000] {logging_mixin.py:188} INFO - [2024-06-07T14:11:28.758+0000] {dagbag.py:545} INFO - Filling up the DagBag from /home/airflow/.local/lib/python3.12/site-packages/airflow/example_dags/example_python_operator.py
[2024-06-07T14:11:28.788+0000] {processor.py:840} INFO - DAG(s) 'example_python_operator' retrieved from /home/airflow/.local/lib/python3.12/site-packages/airflow/example_dags/example_python_operator.py
[2024-06-07T14:11:28.845+0000] {logging_mixin.py:188} INFO - [2024-06-07T14:11:28.845+0000] {dag.py:3096} INFO - Sync 1 DAGs
[2024-06-07T14:11:28.872+0000] {logging_mixin.py:188} INFO - [2024-06-07T14:11:28.872+0000] {dag.py:3954} INFO - Setting next_dagrun for example_python_operator to None, run_after=None
[2024-06-07T14:11:28.906+0000] {processor.py:183} INFO - Processing /home/airflow/.local/lib/python3.12/site-packages/airflow/example_dags/example_python_operator.py took 0.163 seconds
[2024-06-07T14:12:02.657+0000] {processor.py:161} INFO - Started process (PID=1285) to work on /home/airflow/.local/lib/python3.12/site-packages/airflow/example_dags/example_python_operator.py
[2024-06-07T14:12:02.658+0000] {processor.py:830} INFO - Processing file /home/airflow/.local/lib/python3.12/site-packages/airflow/example_dags/example_python_operator.py for tasks to queue
[2024-06-07T14:12:02.661+0000] {logging_mixin.py:188} INFO - [2024-06-07T14:12:02.660+0000] {dagbag.py:545} INFO - Filling up the DagBag from /home/airflow/.local/lib/python3.12/site-packages/airflow/example_dags/example_python_operator.py
[2024-06-07T14:12:02.698+0000] {processor.py:840} INFO - DAG(s) 'example_python_operator' retrieved from /home/airflow/.local/lib/python3.12/site-packages/airflow/example_dags/example_python_operator.py
[2024-06-07T14:12:02.756+0000] {logging_mixin.py:188} INFO - [2024-06-07T14:12:02.756+0000] {dag.py:3096} INFO - Sync 1 DAGs
[2024-06-07T14:12:02.804+0000] {logging_mixin.py:188} INFO - [2024-06-07T14:12:02.804+0000] {dag.py:3954} INFO - Setting next_dagrun for example_python_operator to None, run_after=None
[2024-06-07T14:12:02.879+0000] {processor.py:183} INFO - Processing /home/airflow/.local/lib/python3.12/site-packages/airflow/example_dags/example_python_operator.py took 0.234 seconds
[2024-06-07T14:12:33.650+0000] {processor.py:161} INFO - Started process (PID=1345) to work on /home/airflow/.local/lib/python3.12/site-packages/airflow/example_dags/example_python_operator.py
[2024-06-07T14:12:33.652+0000] {processor.py:830} INFO - Processing file /home/airflow/.local/lib/python3.12/site-packages/airflow/example_dags/example_python_operator.py for tasks to queue
[2024-06-07T14:12:33.654+0000] {logging_mixin.py:188} INFO - [2024-06-07T14:12:33.654+0000] {dagbag.py:545} INFO - Filling up the DagBag from /home/airflow/.local/lib/python3.12/site-packages/airflow/example_dags/example_python_operator.py
[2024-06-07T14:12:33.668+0000] {processor.py:840} INFO - DAG(s) 'example_python_operator' retrieved from /home/airflow/.local/lib/python3.12/site-packages/airflow/example_dags/example_python_operator.py
[2024-06-07T14:12:33.693+0000] {logging_mixin.py:188} INFO - [2024-06-07T14:12:33.692+0000] {dag.py:3096} INFO - Sync 1 DAGs
[2024-06-07T14:12:33.710+0000] {logging_mixin.py:188} INFO - [2024-06-07T14:12:33.709+0000] {dag.py:3954} INFO - Setting next_dagrun for example_python_operator to None, run_after=None
[2024-06-07T14:12:33.732+0000] {processor.py:183} INFO - Processing /home/airflow/.local/lib/python3.12/site-packages/airflow/example_dags/example_python_operator.py took 0.090 seconds
[2024-06-07T14:13:04.896+0000] {processor.py:161} INFO - Started process (PID=1405) to work on /home/airflow/.local/lib/python3.12/site-packages/airflow/example_dags/example_python_operator.py
[2024-06-07T14:13:04.902+0000] {processor.py:830} INFO - Processing file /home/airflow/.local/lib/python3.12/site-packages/airflow/example_dags/example_python_operator.py for tasks to queue
[2024-06-07T14:13:04.910+0000] {logging_mixin.py:188} INFO - [2024-06-07T14:13:04.909+0000] {dagbag.py:545} INFO - Filling up the DagBag from /home/airflow/.local/lib/python3.12/site-packages/airflow/example_dags/example_python_operator.py
[2024-06-07T14:13:04.949+0000] {processor.py:840} INFO - DAG(s) 'example_python_operator' retrieved from /home/airflow/.local/lib/python3.12/site-packages/airflow/example_dags/example_python_operator.py
[2024-06-07T14:13:05.021+0000] {logging_mixin.py:188} INFO - [2024-06-07T14:13:05.020+0000] {dag.py:3096} INFO - Sync 1 DAGs
[2024-06-07T14:13:05.080+0000] {logging_mixin.py:188} INFO - [2024-06-07T14:13:05.079+0000] {dag.py:3954} INFO - Setting next_dagrun for example_python_operator to None, run_after=None
[2024-06-07T14:13:05.148+0000] {processor.py:183} INFO - Processing /home/airflow/.local/lib/python3.12/site-packages/airflow/example_dags/example_python_operator.py took 0.276 seconds
[2024-06-07T14:13:35.623+0000] {processor.py:161} INFO - Started process (PID=1465) to work on /home/airflow/.local/lib/python3.12/site-packages/airflow/example_dags/example_python_operator.py
[2024-06-07T14:13:35.624+0000] {processor.py:830} INFO - Processing file /home/airflow/.local/lib/python3.12/site-packages/airflow/example_dags/example_python_operator.py for tasks to queue
[2024-06-07T14:13:35.627+0000] {logging_mixin.py:188} INFO - [2024-06-07T14:13:35.626+0000] {dagbag.py:545} INFO - Filling up the DagBag from /home/airflow/.local/lib/python3.12/site-packages/airflow/example_dags/example_python_operator.py
[2024-06-07T14:13:35.639+0000] {processor.py:840} INFO - DAG(s) 'example_python_operator' retrieved from /home/airflow/.local/lib/python3.12/site-packages/airflow/example_dags/example_python_operator.py
[2024-06-07T14:13:35.675+0000] {logging_mixin.py:188} INFO - [2024-06-07T14:13:35.675+0000] {dag.py:3096} INFO - Sync 1 DAGs
[2024-06-07T14:13:35.689+0000] {logging_mixin.py:188} INFO - [2024-06-07T14:13:35.689+0000] {dag.py:3954} INFO - Setting next_dagrun for example_python_operator to None, run_after=None
[2024-06-07T14:13:35.713+0000] {processor.py:183} INFO - Processing /home/airflow/.local/lib/python3.12/site-packages/airflow/example_dags/example_python_operator.py took 0.099 seconds
[2024-06-07T14:14:05.790+0000] {processor.py:161} INFO - Started process (PID=1523) to work on /home/airflow/.local/lib/python3.12/site-packages/airflow/example_dags/example_python_operator.py
[2024-06-07T14:14:05.791+0000] {processor.py:830} INFO - Processing file /home/airflow/.local/lib/python3.12/site-packages/airflow/example_dags/example_python_operator.py for tasks to queue
[2024-06-07T14:14:05.793+0000] {logging_mixin.py:188} INFO - [2024-06-07T14:14:05.792+0000] {dagbag.py:545} INFO - Filling up the DagBag from /home/airflow/.local/lib/python3.12/site-packages/airflow/example_dags/example_python_operator.py
[2024-06-07T14:14:05.803+0000] {processor.py:840} INFO - DAG(s) 'example_python_operator' retrieved from /home/airflow/.local/lib/python3.12/site-packages/airflow/example_dags/example_python_operator.py
[2024-06-07T14:14:05.828+0000] {logging_mixin.py:188} INFO - [2024-06-07T14:14:05.827+0000] {dag.py:3096} INFO - Sync 1 DAGs
[2024-06-07T14:14:05.841+0000] {logging_mixin.py:188} INFO - [2024-06-07T14:14:05.841+0000] {dag.py:3954} INFO - Setting next_dagrun for example_python_operator to None, run_after=None
[2024-06-07T14:14:05.861+0000] {processor.py:183} INFO - Processing /home/airflow/.local/lib/python3.12/site-packages/airflow/example_dags/example_python_operator.py took 0.078 seconds
[2024-06-07T14:14:36.210+0000] {processor.py:161} INFO - Started process (PID=1583) to work on /home/airflow/.local/lib/python3.12/site-packages/airflow/example_dags/example_python_operator.py
[2024-06-07T14:14:36.211+0000] {processor.py:830} INFO - Processing file /home/airflow/.local/lib/python3.12/site-packages/airflow/example_dags/example_python_operator.py for tasks to queue
[2024-06-07T14:14:36.214+0000] {logging_mixin.py:188} INFO - [2024-06-07T14:14:36.214+0000] {dagbag.py:545} INFO - Filling up the DagBag from /home/airflow/.local/lib/python3.12/site-packages/airflow/example_dags/example_python_operator.py
[2024-06-07T14:14:36.230+0000] {processor.py:840} INFO - DAG(s) 'example_python_operator' retrieved from /home/airflow/.local/lib/python3.12/site-packages/airflow/example_dags/example_python_operator.py
[2024-06-07T14:14:36.263+0000] {logging_mixin.py:188} INFO - [2024-06-07T14:14:36.263+0000] {dag.py:3096} INFO - Sync 1 DAGs
[2024-06-07T14:14:36.278+0000] {logging_mixin.py:188} INFO - [2024-06-07T14:14:36.278+0000] {dag.py:3954} INFO - Setting next_dagrun for example_python_operator to None, run_after=None
[2024-06-07T14:14:36.301+0000] {processor.py:183} INFO - Processing /home/airflow/.local/lib/python3.12/site-packages/airflow/example_dags/example_python_operator.py took 0.099 seconds
[2024-06-07T14:15:07.292+0000] {processor.py:161} INFO - Started process (PID=1643) to work on /home/airflow/.local/lib/python3.12/site-packages/airflow/example_dags/example_python_operator.py
[2024-06-07T14:15:07.293+0000] {processor.py:830} INFO - Processing file /home/airflow/.local/lib/python3.12/site-packages/airflow/example_dags/example_python_operator.py for tasks to queue
[2024-06-07T14:15:07.297+0000] {logging_mixin.py:188} INFO - [2024-06-07T14:15:07.296+0000] {dagbag.py:545} INFO - Filling up the DagBag from /home/airflow/.local/lib/python3.12/site-packages/airflow/example_dags/example_python_operator.py
[2024-06-07T14:15:07.330+0000] {processor.py:840} INFO - DAG(s) 'example_python_operator' retrieved from /home/airflow/.local/lib/python3.12/site-packages/airflow/example_dags/example_python_operator.py
[2024-06-07T14:15:07.431+0000] {logging_mixin.py:188} INFO - [2024-06-07T14:15:07.430+0000] {dag.py:3096} INFO - Sync 1 DAGs
[2024-06-07T14:15:07.500+0000] {logging_mixin.py:188} INFO - [2024-06-07T14:15:07.500+0000] {dag.py:3954} INFO - Setting next_dagrun for example_python_operator to None, run_after=None
[2024-06-07T14:15:07.560+0000] {processor.py:183} INFO - Processing /home/airflow/.local/lib/python3.12/site-packages/airflow/example_dags/example_python_operator.py took 0.277 seconds
[2024-06-07T14:15:38.114+0000] {processor.py:161} INFO - Started process (PID=1703) to work on /home/airflow/.local/lib/python3.12/site-packages/airflow/example_dags/example_python_operator.py
[2024-06-07T14:15:38.115+0000] {processor.py:830} INFO - Processing file /home/airflow/.local/lib/python3.12/site-packages/airflow/example_dags/example_python_operator.py for tasks to queue
[2024-06-07T14:15:38.117+0000] {logging_mixin.py:188} INFO - [2024-06-07T14:15:38.117+0000] {dagbag.py:545} INFO - Filling up the DagBag from /home/airflow/.local/lib/python3.12/site-packages/airflow/example_dags/example_python_operator.py
[2024-06-07T14:15:38.128+0000] {processor.py:840} INFO - DAG(s) 'example_python_operator' retrieved from /home/airflow/.local/lib/python3.12/site-packages/airflow/example_dags/example_python_operator.py
[2024-06-07T14:15:38.156+0000] {logging_mixin.py:188} INFO - [2024-06-07T14:15:38.156+0000] {dag.py:3096} INFO - Sync 1 DAGs
[2024-06-07T14:15:38.349+0000] {logging_mixin.py:188} INFO - [2024-06-07T14:15:38.349+0000] {dag.py:3954} INFO - Setting next_dagrun for example_python_operator to None, run_after=None
[2024-06-07T14:15:38.377+0000] {processor.py:183} INFO - Processing /home/airflow/.local/lib/python3.12/site-packages/airflow/example_dags/example_python_operator.py took 0.269 seconds
[2024-06-07T14:16:08.784+0000] {processor.py:161} INFO - Started process (PID=1763) to work on /home/airflow/.local/lib/python3.12/site-packages/airflow/example_dags/example_python_operator.py
[2024-06-07T14:16:08.786+0000] {processor.py:830} INFO - Processing file /home/airflow/.local/lib/python3.12/site-packages/airflow/example_dags/example_python_operator.py for tasks to queue
[2024-06-07T14:16:08.789+0000] {logging_mixin.py:188} INFO - [2024-06-07T14:16:08.788+0000] {dagbag.py:545} INFO - Filling up the DagBag from /home/airflow/.local/lib/python3.12/site-packages/airflow/example_dags/example_python_operator.py
[2024-06-07T14:16:08.803+0000] {processor.py:840} INFO - DAG(s) 'example_python_operator' retrieved from /home/airflow/.local/lib/python3.12/site-packages/airflow/example_dags/example_python_operator.py
[2024-06-07T14:16:08.840+0000] {logging_mixin.py:188} INFO - [2024-06-07T14:16:08.839+0000] {dag.py:3096} INFO - Sync 1 DAGs
[2024-06-07T14:16:08.858+0000] {logging_mixin.py:188} INFO - [2024-06-07T14:16:08.858+0000] {dag.py:3954} INFO - Setting next_dagrun for example_python_operator to None, run_after=None
[2024-06-07T14:16:09.050+0000] {processor.py:183} INFO - Processing /home/airflow/.local/lib/python3.12/site-packages/airflow/example_dags/example_python_operator.py took 0.275 seconds
[2024-06-07T14:16:39.145+0000] {processor.py:161} INFO - Started process (PID=1823) to work on /home/airflow/.local/lib/python3.12/site-packages/airflow/example_dags/example_python_operator.py
[2024-06-07T14:16:39.146+0000] {processor.py:830} INFO - Processing file /home/airflow/.local/lib/python3.12/site-packages/airflow/example_dags/example_python_operator.py for tasks to queue
[2024-06-07T14:16:39.148+0000] {logging_mixin.py:188} INFO - [2024-06-07T14:16:39.148+0000] {dagbag.py:545} INFO - Filling up the DagBag from /home/airflow/.local/lib/python3.12/site-packages/airflow/example_dags/example_python_operator.py
[2024-06-07T14:16:39.169+0000] {processor.py:840} INFO - DAG(s) 'example_python_operator' retrieved from /home/airflow/.local/lib/python3.12/site-packages/airflow/example_dags/example_python_operator.py
[2024-06-07T14:16:39.199+0000] {logging_mixin.py:188} INFO - [2024-06-07T14:16:39.199+0000] {dag.py:3096} INFO - Sync 1 DAGs
[2024-06-07T14:16:39.214+0000] {logging_mixin.py:188} INFO - [2024-06-07T14:16:39.213+0000] {dag.py:3954} INFO - Setting next_dagrun for example_python_operator to None, run_after=None
[2024-06-07T14:16:39.242+0000] {processor.py:183} INFO - Processing /home/airflow/.local/lib/python3.12/site-packages/airflow/example_dags/example_python_operator.py took 0.103 seconds
[2024-06-07T14:17:09.765+0000] {processor.py:161} INFO - Started process (PID=1883) to work on /home/airflow/.local/lib/python3.12/site-packages/airflow/example_dags/example_python_operator.py
[2024-06-07T14:17:09.767+0000] {processor.py:830} INFO - Processing file /home/airflow/.local/lib/python3.12/site-packages/airflow/example_dags/example_python_operator.py for tasks to queue
[2024-06-07T14:17:09.769+0000] {logging_mixin.py:188} INFO - [2024-06-07T14:17:09.769+0000] {dagbag.py:545} INFO - Filling up the DagBag from /home/airflow/.local/lib/python3.12/site-packages/airflow/example_dags/example_python_operator.py
[2024-06-07T14:17:09.782+0000] {processor.py:840} INFO - DAG(s) 'example_python_operator' retrieved from /home/airflow/.local/lib/python3.12/site-packages/airflow/example_dags/example_python_operator.py
[2024-06-07T14:17:09.809+0000] {logging_mixin.py:188} INFO - [2024-06-07T14:17:09.808+0000] {dag.py:3096} INFO - Sync 1 DAGs
[2024-06-07T14:17:09.823+0000] {logging_mixin.py:188} INFO - [2024-06-07T14:17:09.823+0000] {dag.py:3954} INFO - Setting next_dagrun for example_python_operator to None, run_after=None
[2024-06-07T14:17:09.847+0000] {processor.py:183} INFO - Processing /home/airflow/.local/lib/python3.12/site-packages/airflow/example_dags/example_python_operator.py took 0.087 seconds
[2024-06-07T14:17:40.190+0000] {processor.py:161} INFO - Started process (PID=1943) to work on /home/airflow/.local/lib/python3.12/site-packages/airflow/example_dags/example_python_operator.py
[2024-06-07T14:17:40.191+0000] {processor.py:830} INFO - Processing file /home/airflow/.local/lib/python3.12/site-packages/airflow/example_dags/example_python_operator.py for tasks to queue
[2024-06-07T14:17:40.194+0000] {logging_mixin.py:188} INFO - [2024-06-07T14:17:40.193+0000] {dagbag.py:545} INFO - Filling up the DagBag from /home/airflow/.local/lib/python3.12/site-packages/airflow/example_dags/example_python_operator.py
[2024-06-07T14:17:40.210+0000] {processor.py:840} INFO - DAG(s) 'example_python_operator' retrieved from /home/airflow/.local/lib/python3.12/site-packages/airflow/example_dags/example_python_operator.py
[2024-06-07T14:17:40.239+0000] {logging_mixin.py:188} INFO - [2024-06-07T14:17:40.238+0000] {dag.py:3096} INFO - Sync 1 DAGs
[2024-06-07T14:17:40.263+0000] {logging_mixin.py:188} INFO - [2024-06-07T14:17:40.262+0000] {dag.py:3954} INFO - Setting next_dagrun for example_python_operator to None, run_after=None
[2024-06-07T14:17:40.287+0000] {processor.py:183} INFO - Processing /home/airflow/.local/lib/python3.12/site-packages/airflow/example_dags/example_python_operator.py took 0.103 seconds
[2024-06-07T14:18:10.938+0000] {processor.py:161} INFO - Started process (PID=2001) to work on /home/airflow/.local/lib/python3.12/site-packages/airflow/example_dags/example_python_operator.py
[2024-06-07T14:18:10.939+0000] {processor.py:830} INFO - Processing file /home/airflow/.local/lib/python3.12/site-packages/airflow/example_dags/example_python_operator.py for tasks to queue
[2024-06-07T14:18:10.942+0000] {logging_mixin.py:188} INFO - [2024-06-07T14:18:10.942+0000] {dagbag.py:545} INFO - Filling up the DagBag from /home/airflow/.local/lib/python3.12/site-packages/airflow/example_dags/example_python_operator.py
[2024-06-07T14:18:10.954+0000] {processor.py:840} INFO - DAG(s) 'example_python_operator' retrieved from /home/airflow/.local/lib/python3.12/site-packages/airflow/example_dags/example_python_operator.py
[2024-06-07T14:18:10.982+0000] {logging_mixin.py:188} INFO - [2024-06-07T14:18:10.982+0000] {dag.py:3096} INFO - Sync 1 DAGs
[2024-06-07T14:18:10.999+0000] {logging_mixin.py:188} INFO - [2024-06-07T14:18:10.998+0000] {dag.py:3954} INFO - Setting next_dagrun for example_python_operator to None, run_after=None
[2024-06-07T14:18:11.024+0000] {processor.py:183} INFO - Processing /home/airflow/.local/lib/python3.12/site-packages/airflow/example_dags/example_python_operator.py took 0.094 seconds
