[2024-06-07T14:01:46.954+0000] {processor.py:161} INFO - Started process (PID=74) to work on /home/airflow/.local/lib/python3.12/site-packages/airflow/example_dags/example_branch_operator.py
[2024-06-07T14:01:46.956+0000] {processor.py:830} INFO - Processing file /home/airflow/.local/lib/python3.12/site-packages/airflow/example_dags/example_branch_operator.py for tasks to queue
[2024-06-07T14:01:46.964+0000] {logging_mixin.py:188} INFO - [2024-06-07T14:01:46.963+0000] {dagbag.py:545} INFO - Filling up the DagBag from /home/airflow/.local/lib/python3.12/site-packages/airflow/example_dags/example_branch_operator.py
[2024-06-07T14:01:47.038+0000] {processor.py:840} INFO - DAG(s) 'example_branch_operator' retrieved from /home/airflow/.local/lib/python3.12/site-packages/airflow/example_dags/example_branch_operator.py
[2024-06-07T14:01:47.373+0000] {logging_mixin.py:188} INFO - [2024-06-07T14:01:47.372+0000] {dag.py:3096} INFO - Sync 1 DAGs
[2024-06-07T14:01:47.432+0000] {logging_mixin.py:188} INFO - [2024-06-07T14:01:47.432+0000] {dag.py:3954} INFO - Setting next_dagrun for example_branch_operator to 2024-06-06 00:00:00+00:00, run_after=2024-06-07 00:00:00+00:00
[2024-06-07T14:01:47.531+0000] {processor.py:183} INFO - Processing /home/airflow/.local/lib/python3.12/site-packages/airflow/example_dags/example_branch_operator.py took 0.605 seconds
[2024-06-07T14:02:18.030+0000] {processor.py:161} INFO - Started process (PID=146) to work on /home/airflow/.local/lib/python3.12/site-packages/airflow/example_dags/example_branch_operator.py
[2024-06-07T14:02:18.037+0000] {processor.py:830} INFO - Processing file /home/airflow/.local/lib/python3.12/site-packages/airflow/example_dags/example_branch_operator.py for tasks to queue
[2024-06-07T14:02:18.041+0000] {logging_mixin.py:188} INFO - [2024-06-07T14:02:18.040+0000] {dagbag.py:545} INFO - Filling up the DagBag from /home/airflow/.local/lib/python3.12/site-packages/airflow/example_dags/example_branch_operator.py
[2024-06-07T14:02:18.130+0000] {processor.py:840} INFO - DAG(s) 'example_branch_operator' retrieved from /home/airflow/.local/lib/python3.12/site-packages/airflow/example_dags/example_branch_operator.py
[2024-06-07T14:02:18.293+0000] {logging_mixin.py:188} INFO - [2024-06-07T14:02:18.292+0000] {dag.py:3096} INFO - Sync 1 DAGs
[2024-06-07T14:02:18.380+0000] {logging_mixin.py:188} INFO - [2024-06-07T14:02:18.380+0000] {dag.py:3954} INFO - Setting next_dagrun for example_branch_operator to 2024-06-06 00:00:00+00:00, run_after=2024-06-07 00:00:00+00:00
[2024-06-07T14:02:18.566+0000] {processor.py:183} INFO - Processing /home/airflow/.local/lib/python3.12/site-packages/airflow/example_dags/example_branch_operator.py took 0.552 seconds
[2024-06-07T14:02:49.435+0000] {processor.py:161} INFO - Started process (PID=206) to work on /home/airflow/.local/lib/python3.12/site-packages/airflow/example_dags/example_branch_operator.py
[2024-06-07T14:02:49.436+0000] {processor.py:830} INFO - Processing file /home/airflow/.local/lib/python3.12/site-packages/airflow/example_dags/example_branch_operator.py for tasks to queue
[2024-06-07T14:02:49.438+0000] {logging_mixin.py:188} INFO - [2024-06-07T14:02:49.438+0000] {dagbag.py:545} INFO - Filling up the DagBag from /home/airflow/.local/lib/python3.12/site-packages/airflow/example_dags/example_branch_operator.py
[2024-06-07T14:02:49.497+0000] {processor.py:840} INFO - DAG(s) 'example_branch_operator' retrieved from /home/airflow/.local/lib/python3.12/site-packages/airflow/example_dags/example_branch_operator.py
[2024-06-07T14:02:49.545+0000] {logging_mixin.py:188} INFO - [2024-06-07T14:02:49.544+0000] {dag.py:3096} INFO - Sync 1 DAGs
[2024-06-07T14:02:49.605+0000] {logging_mixin.py:188} INFO - [2024-06-07T14:02:49.604+0000] {dag.py:3954} INFO - Setting next_dagrun for example_branch_operator to 2024-06-06 00:00:00+00:00, run_after=2024-06-07 00:00:00+00:00
[2024-06-07T14:02:49.645+0000] {processor.py:183} INFO - Processing /home/airflow/.local/lib/python3.12/site-packages/airflow/example_dags/example_branch_operator.py took 0.228 seconds
[2024-06-07T14:03:20.406+0000] {processor.py:161} INFO - Started process (PID=266) to work on /home/airflow/.local/lib/python3.12/site-packages/airflow/example_dags/example_branch_operator.py
[2024-06-07T14:03:20.407+0000] {processor.py:830} INFO - Processing file /home/airflow/.local/lib/python3.12/site-packages/airflow/example_dags/example_branch_operator.py for tasks to queue
[2024-06-07T14:03:20.410+0000] {logging_mixin.py:188} INFO - [2024-06-07T14:03:20.410+0000] {dagbag.py:545} INFO - Filling up the DagBag from /home/airflow/.local/lib/python3.12/site-packages/airflow/example_dags/example_branch_operator.py
[2024-06-07T14:03:20.436+0000] {processor.py:840} INFO - DAG(s) 'example_branch_operator' retrieved from /home/airflow/.local/lib/python3.12/site-packages/airflow/example_dags/example_branch_operator.py
[2024-06-07T14:03:20.490+0000] {logging_mixin.py:188} INFO - [2024-06-07T14:03:20.490+0000] {dag.py:3096} INFO - Sync 1 DAGs
[2024-06-07T14:03:20.530+0000] {logging_mixin.py:188} INFO - [2024-06-07T14:03:20.530+0000] {dag.py:3954} INFO - Setting next_dagrun for example_branch_operator to 2024-06-06 00:00:00+00:00, run_after=2024-06-07 00:00:00+00:00
[2024-06-07T14:03:20.558+0000] {processor.py:183} INFO - Processing /home/airflow/.local/lib/python3.12/site-packages/airflow/example_dags/example_branch_operator.py took 0.161 seconds
[2024-06-07T14:03:50.603+0000] {processor.py:161} INFO - Started process (PID=326) to work on /home/airflow/.local/lib/python3.12/site-packages/airflow/example_dags/example_branch_operator.py
[2024-06-07T14:03:50.604+0000] {processor.py:830} INFO - Processing file /home/airflow/.local/lib/python3.12/site-packages/airflow/example_dags/example_branch_operator.py for tasks to queue
[2024-06-07T14:03:50.607+0000] {logging_mixin.py:188} INFO - [2024-06-07T14:03:50.606+0000] {dagbag.py:545} INFO - Filling up the DagBag from /home/airflow/.local/lib/python3.12/site-packages/airflow/example_dags/example_branch_operator.py
[2024-06-07T14:03:50.633+0000] {processor.py:840} INFO - DAG(s) 'example_branch_operator' retrieved from /home/airflow/.local/lib/python3.12/site-packages/airflow/example_dags/example_branch_operator.py
[2024-06-07T14:03:50.681+0000] {logging_mixin.py:188} INFO - [2024-06-07T14:03:50.680+0000] {dag.py:3096} INFO - Sync 1 DAGs
[2024-06-07T14:03:50.714+0000] {logging_mixin.py:188} INFO - [2024-06-07T14:03:50.714+0000] {dag.py:3954} INFO - Setting next_dagrun for example_branch_operator to 2024-06-06 00:00:00+00:00, run_after=2024-06-07 00:00:00+00:00
[2024-06-07T14:03:50.738+0000] {processor.py:183} INFO - Processing /home/airflow/.local/lib/python3.12/site-packages/airflow/example_dags/example_branch_operator.py took 0.142 seconds
[2024-06-07T14:04:21.540+0000] {processor.py:161} INFO - Started process (PID=386) to work on /home/airflow/.local/lib/python3.12/site-packages/airflow/example_dags/example_branch_operator.py
[2024-06-07T14:04:21.541+0000] {processor.py:830} INFO - Processing file /home/airflow/.local/lib/python3.12/site-packages/airflow/example_dags/example_branch_operator.py for tasks to queue
[2024-06-07T14:04:21.543+0000] {logging_mixin.py:188} INFO - [2024-06-07T14:04:21.543+0000] {dagbag.py:545} INFO - Filling up the DagBag from /home/airflow/.local/lib/python3.12/site-packages/airflow/example_dags/example_branch_operator.py
[2024-06-07T14:04:21.569+0000] {processor.py:840} INFO - DAG(s) 'example_branch_operator' retrieved from /home/airflow/.local/lib/python3.12/site-packages/airflow/example_dags/example_branch_operator.py
[2024-06-07T14:04:21.606+0000] {logging_mixin.py:188} INFO - [2024-06-07T14:04:21.606+0000] {dag.py:3096} INFO - Sync 1 DAGs
[2024-06-07T14:04:21.636+0000] {logging_mixin.py:188} INFO - [2024-06-07T14:04:21.636+0000] {dag.py:3954} INFO - Setting next_dagrun for example_branch_operator to 2024-06-06 00:00:00+00:00, run_after=2024-06-07 00:00:00+00:00
[2024-06-07T14:04:21.666+0000] {processor.py:183} INFO - Processing /home/airflow/.local/lib/python3.12/site-packages/airflow/example_dags/example_branch_operator.py took 0.133 seconds
[2024-06-07T14:04:52.124+0000] {processor.py:161} INFO - Started process (PID=446) to work on /home/airflow/.local/lib/python3.12/site-packages/airflow/example_dags/example_branch_operator.py
[2024-06-07T14:04:52.125+0000] {processor.py:830} INFO - Processing file /home/airflow/.local/lib/python3.12/site-packages/airflow/example_dags/example_branch_operator.py for tasks to queue
[2024-06-07T14:04:52.128+0000] {logging_mixin.py:188} INFO - [2024-06-07T14:04:52.127+0000] {dagbag.py:545} INFO - Filling up the DagBag from /home/airflow/.local/lib/python3.12/site-packages/airflow/example_dags/example_branch_operator.py
[2024-06-07T14:04:52.148+0000] {processor.py:840} INFO - DAG(s) 'example_branch_operator' retrieved from /home/airflow/.local/lib/python3.12/site-packages/airflow/example_dags/example_branch_operator.py
[2024-06-07T14:04:52.182+0000] {logging_mixin.py:188} INFO - [2024-06-07T14:04:52.182+0000] {dag.py:3096} INFO - Sync 1 DAGs
[2024-06-07T14:04:52.208+0000] {logging_mixin.py:188} INFO - [2024-06-07T14:04:52.208+0000] {dag.py:3954} INFO - Setting next_dagrun for example_branch_operator to 2024-06-06 00:00:00+00:00, run_after=2024-06-07 00:00:00+00:00
[2024-06-07T14:04:52.230+0000] {processor.py:183} INFO - Processing /home/airflow/.local/lib/python3.12/site-packages/airflow/example_dags/example_branch_operator.py took 0.112 seconds
[2024-06-07T14:05:22.395+0000] {processor.py:161} INFO - Started process (PID=506) to work on /home/airflow/.local/lib/python3.12/site-packages/airflow/example_dags/example_branch_operator.py
[2024-06-07T14:05:22.399+0000] {processor.py:830} INFO - Processing file /home/airflow/.local/lib/python3.12/site-packages/airflow/example_dags/example_branch_operator.py for tasks to queue
[2024-06-07T14:05:22.403+0000] {logging_mixin.py:188} INFO - [2024-06-07T14:05:22.402+0000] {dagbag.py:545} INFO - Filling up the DagBag from /home/airflow/.local/lib/python3.12/site-packages/airflow/example_dags/example_branch_operator.py
[2024-06-07T14:05:22.478+0000] {processor.py:840} INFO - DAG(s) 'example_branch_operator' retrieved from /home/airflow/.local/lib/python3.12/site-packages/airflow/example_dags/example_branch_operator.py
[2024-06-07T14:05:22.603+0000] {logging_mixin.py:188} INFO - [2024-06-07T14:05:22.602+0000] {dag.py:3096} INFO - Sync 1 DAGs
[2024-06-07T14:05:22.739+0000] {logging_mixin.py:188} INFO - [2024-06-07T14:05:22.737+0000] {dag.py:3954} INFO - Setting next_dagrun for example_branch_operator to 2024-06-06 00:00:00+00:00, run_after=2024-06-07 00:00:00+00:00
[2024-06-07T14:05:22.918+0000] {processor.py:183} INFO - Processing /home/airflow/.local/lib/python3.12/site-packages/airflow/example_dags/example_branch_operator.py took 0.535 seconds
[2024-06-07T14:05:53.391+0000] {processor.py:161} INFO - Started process (PID=567) to work on /home/airflow/.local/lib/python3.12/site-packages/airflow/example_dags/example_branch_operator.py
[2024-06-07T14:05:53.393+0000] {processor.py:830} INFO - Processing file /home/airflow/.local/lib/python3.12/site-packages/airflow/example_dags/example_branch_operator.py for tasks to queue
[2024-06-07T14:05:53.396+0000] {logging_mixin.py:188} INFO - [2024-06-07T14:05:53.396+0000] {dagbag.py:545} INFO - Filling up the DagBag from /home/airflow/.local/lib/python3.12/site-packages/airflow/example_dags/example_branch_operator.py
[2024-06-07T14:05:53.416+0000] {processor.py:840} INFO - DAG(s) 'example_branch_operator' retrieved from /home/airflow/.local/lib/python3.12/site-packages/airflow/example_dags/example_branch_operator.py
[2024-06-07T14:05:53.450+0000] {logging_mixin.py:188} INFO - [2024-06-07T14:05:53.449+0000] {dag.py:3096} INFO - Sync 1 DAGs
[2024-06-07T14:05:53.474+0000] {logging_mixin.py:188} INFO - [2024-06-07T14:05:53.474+0000] {dag.py:3954} INFO - Setting next_dagrun for example_branch_operator to 2024-06-06 00:00:00+00:00, run_after=2024-06-07 00:00:00+00:00
[2024-06-07T14:05:53.498+0000] {processor.py:183} INFO - Processing /home/airflow/.local/lib/python3.12/site-packages/airflow/example_dags/example_branch_operator.py took 0.113 seconds
[2024-06-07T14:06:23.741+0000] {processor.py:161} INFO - Started process (PID=626) to work on /home/airflow/.local/lib/python3.12/site-packages/airflow/example_dags/example_branch_operator.py
[2024-06-07T14:06:23.742+0000] {processor.py:830} INFO - Processing file /home/airflow/.local/lib/python3.12/site-packages/airflow/example_dags/example_branch_operator.py for tasks to queue
[2024-06-07T14:06:23.744+0000] {logging_mixin.py:188} INFO - [2024-06-07T14:06:23.743+0000] {dagbag.py:545} INFO - Filling up the DagBag from /home/airflow/.local/lib/python3.12/site-packages/airflow/example_dags/example_branch_operator.py
[2024-06-07T14:06:23.761+0000] {processor.py:840} INFO - DAG(s) 'example_branch_operator' retrieved from /home/airflow/.local/lib/python3.12/site-packages/airflow/example_dags/example_branch_operator.py
[2024-06-07T14:06:23.799+0000] {logging_mixin.py:188} INFO - [2024-06-07T14:06:23.799+0000] {dag.py:3096} INFO - Sync 1 DAGs
[2024-06-07T14:06:23.824+0000] {logging_mixin.py:188} INFO - [2024-06-07T14:06:23.823+0000] {dag.py:3954} INFO - Setting next_dagrun for example_branch_operator to 2024-06-06 00:00:00+00:00, run_after=2024-06-07 00:00:00+00:00
[2024-06-07T14:06:23.848+0000] {processor.py:183} INFO - Processing /home/airflow/.local/lib/python3.12/site-packages/airflow/example_dags/example_branch_operator.py took 0.113 seconds
[2024-06-07T14:06:54.581+0000] {processor.py:161} INFO - Started process (PID=686) to work on /home/airflow/.local/lib/python3.12/site-packages/airflow/example_dags/example_branch_operator.py
[2024-06-07T14:06:54.582+0000] {processor.py:830} INFO - Processing file /home/airflow/.local/lib/python3.12/site-packages/airflow/example_dags/example_branch_operator.py for tasks to queue
[2024-06-07T14:06:54.585+0000] {logging_mixin.py:188} INFO - [2024-06-07T14:06:54.584+0000] {dagbag.py:545} INFO - Filling up the DagBag from /home/airflow/.local/lib/python3.12/site-packages/airflow/example_dags/example_branch_operator.py
[2024-06-07T14:06:54.606+0000] {processor.py:840} INFO - DAG(s) 'example_branch_operator' retrieved from /home/airflow/.local/lib/python3.12/site-packages/airflow/example_dags/example_branch_operator.py
[2024-06-07T14:06:54.637+0000] {logging_mixin.py:188} INFO - [2024-06-07T14:06:54.637+0000] {dag.py:3096} INFO - Sync 1 DAGs
[2024-06-07T14:06:54.664+0000] {logging_mixin.py:188} INFO - [2024-06-07T14:06:54.663+0000] {dag.py:3954} INFO - Setting next_dagrun for example_branch_operator to 2024-06-06 00:00:00+00:00, run_after=2024-06-07 00:00:00+00:00
[2024-06-07T14:06:54.684+0000] {processor.py:183} INFO - Processing /home/airflow/.local/lib/python3.12/site-packages/airflow/example_dags/example_branch_operator.py took 0.109 seconds
[2024-06-07T14:07:25.537+0000] {processor.py:161} INFO - Started process (PID=746) to work on /home/airflow/.local/lib/python3.12/site-packages/airflow/example_dags/example_branch_operator.py
[2024-06-07T14:07:25.538+0000] {processor.py:830} INFO - Processing file /home/airflow/.local/lib/python3.12/site-packages/airflow/example_dags/example_branch_operator.py for tasks to queue
[2024-06-07T14:07:25.541+0000] {logging_mixin.py:188} INFO - [2024-06-07T14:07:25.540+0000] {dagbag.py:545} INFO - Filling up the DagBag from /home/airflow/.local/lib/python3.12/site-packages/airflow/example_dags/example_branch_operator.py
[2024-06-07T14:07:25.562+0000] {processor.py:840} INFO - DAG(s) 'example_branch_operator' retrieved from /home/airflow/.local/lib/python3.12/site-packages/airflow/example_dags/example_branch_operator.py
[2024-06-07T14:07:25.599+0000] {logging_mixin.py:188} INFO - [2024-06-07T14:07:25.599+0000] {dag.py:3096} INFO - Sync 1 DAGs
[2024-06-07T14:07:25.625+0000] {logging_mixin.py:188} INFO - [2024-06-07T14:07:25.625+0000] {dag.py:3954} INFO - Setting next_dagrun for example_branch_operator to 2024-06-06 00:00:00+00:00, run_after=2024-06-07 00:00:00+00:00
[2024-06-07T14:07:25.646+0000] {processor.py:183} INFO - Processing /home/airflow/.local/lib/python3.12/site-packages/airflow/example_dags/example_branch_operator.py took 0.116 seconds
[2024-06-07T14:07:55.687+0000] {processor.py:161} INFO - Started process (PID=805) to work on /home/airflow/.local/lib/python3.12/site-packages/airflow/example_dags/example_branch_operator.py
[2024-06-07T14:07:55.688+0000] {processor.py:830} INFO - Processing file /home/airflow/.local/lib/python3.12/site-packages/airflow/example_dags/example_branch_operator.py for tasks to queue
[2024-06-07T14:07:55.690+0000] {logging_mixin.py:188} INFO - [2024-06-07T14:07:55.690+0000] {dagbag.py:545} INFO - Filling up the DagBag from /home/airflow/.local/lib/python3.12/site-packages/airflow/example_dags/example_branch_operator.py
[2024-06-07T14:07:55.707+0000] {processor.py:840} INFO - DAG(s) 'example_branch_operator' retrieved from /home/airflow/.local/lib/python3.12/site-packages/airflow/example_dags/example_branch_operator.py
[2024-06-07T14:07:55.741+0000] {logging_mixin.py:188} INFO - [2024-06-07T14:07:55.740+0000] {dag.py:3096} INFO - Sync 1 DAGs
[2024-06-07T14:07:55.765+0000] {logging_mixin.py:188} INFO - [2024-06-07T14:07:55.765+0000] {dag.py:3954} INFO - Setting next_dagrun for example_branch_operator to 2024-06-06 00:00:00+00:00, run_after=2024-06-07 00:00:00+00:00
[2024-06-07T14:07:55.787+0000] {processor.py:183} INFO - Processing /home/airflow/.local/lib/python3.12/site-packages/airflow/example_dags/example_branch_operator.py took 0.108 seconds
[2024-06-07T14:08:25.921+0000] {processor.py:161} INFO - Started process (PID=865) to work on /home/airflow/.local/lib/python3.12/site-packages/airflow/example_dags/example_branch_operator.py
[2024-06-07T14:08:25.922+0000] {processor.py:830} INFO - Processing file /home/airflow/.local/lib/python3.12/site-packages/airflow/example_dags/example_branch_operator.py for tasks to queue
[2024-06-07T14:08:25.925+0000] {logging_mixin.py:188} INFO - [2024-06-07T14:08:25.924+0000] {dagbag.py:545} INFO - Filling up the DagBag from /home/airflow/.local/lib/python3.12/site-packages/airflow/example_dags/example_branch_operator.py
[2024-06-07T14:08:25.952+0000] {processor.py:840} INFO - DAG(s) 'example_branch_operator' retrieved from /home/airflow/.local/lib/python3.12/site-packages/airflow/example_dags/example_branch_operator.py
[2024-06-07T14:08:25.994+0000] {logging_mixin.py:188} INFO - [2024-06-07T14:08:25.994+0000] {dag.py:3096} INFO - Sync 1 DAGs
[2024-06-07T14:08:26.028+0000] {logging_mixin.py:188} INFO - [2024-06-07T14:08:26.028+0000] {dag.py:3954} INFO - Setting next_dagrun for example_branch_operator to 2024-06-06 00:00:00+00:00, run_after=2024-06-07 00:00:00+00:00
[2024-06-07T14:08:26.056+0000] {processor.py:183} INFO - Processing /home/airflow/.local/lib/python3.12/site-packages/airflow/example_dags/example_branch_operator.py took 0.142 seconds
[2024-06-07T14:08:56.425+0000] {processor.py:161} INFO - Started process (PID=925) to work on /home/airflow/.local/lib/python3.12/site-packages/airflow/example_dags/example_branch_operator.py
[2024-06-07T14:08:56.426+0000] {processor.py:830} INFO - Processing file /home/airflow/.local/lib/python3.12/site-packages/airflow/example_dags/example_branch_operator.py for tasks to queue
[2024-06-07T14:08:56.428+0000] {logging_mixin.py:188} INFO - [2024-06-07T14:08:56.428+0000] {dagbag.py:545} INFO - Filling up the DagBag from /home/airflow/.local/lib/python3.12/site-packages/airflow/example_dags/example_branch_operator.py
[2024-06-07T14:08:56.446+0000] {processor.py:840} INFO - DAG(s) 'example_branch_operator' retrieved from /home/airflow/.local/lib/python3.12/site-packages/airflow/example_dags/example_branch_operator.py
[2024-06-07T14:08:56.479+0000] {logging_mixin.py:188} INFO - [2024-06-07T14:08:56.479+0000] {dag.py:3096} INFO - Sync 1 DAGs
[2024-06-07T14:08:56.504+0000] {logging_mixin.py:188} INFO - [2024-06-07T14:08:56.504+0000] {dag.py:3954} INFO - Setting next_dagrun for example_branch_operator to 2024-06-06 00:00:00+00:00, run_after=2024-06-07 00:00:00+00:00
[2024-06-07T14:08:56.523+0000] {processor.py:183} INFO - Processing /home/airflow/.local/lib/python3.12/site-packages/airflow/example_dags/example_branch_operator.py took 0.105 seconds
[2024-06-07T14:09:27.059+0000] {processor.py:161} INFO - Started process (PID=985) to work on /home/airflow/.local/lib/python3.12/site-packages/airflow/example_dags/example_branch_operator.py
[2024-06-07T14:09:27.060+0000] {processor.py:830} INFO - Processing file /home/airflow/.local/lib/python3.12/site-packages/airflow/example_dags/example_branch_operator.py for tasks to queue
[2024-06-07T14:09:27.062+0000] {logging_mixin.py:188} INFO - [2024-06-07T14:09:27.062+0000] {dagbag.py:545} INFO - Filling up the DagBag from /home/airflow/.local/lib/python3.12/site-packages/airflow/example_dags/example_branch_operator.py
[2024-06-07T14:09:27.081+0000] {processor.py:840} INFO - DAG(s) 'example_branch_operator' retrieved from /home/airflow/.local/lib/python3.12/site-packages/airflow/example_dags/example_branch_operator.py
[2024-06-07T14:09:27.121+0000] {logging_mixin.py:188} INFO - [2024-06-07T14:09:27.121+0000] {dag.py:3096} INFO - Sync 1 DAGs
[2024-06-07T14:09:27.152+0000] {logging_mixin.py:188} INFO - [2024-06-07T14:09:27.152+0000] {dag.py:3954} INFO - Setting next_dagrun for example_branch_operator to 2024-06-06 00:00:00+00:00, run_after=2024-06-07 00:00:00+00:00
[2024-06-07T14:09:27.177+0000] {processor.py:183} INFO - Processing /home/airflow/.local/lib/python3.12/site-packages/airflow/example_dags/example_branch_operator.py took 0.126 seconds
[2024-06-07T14:09:57.335+0000] {processor.py:161} INFO - Started process (PID=1047) to work on /home/airflow/.local/lib/python3.12/site-packages/airflow/example_dags/example_branch_operator.py
[2024-06-07T14:09:57.337+0000] {processor.py:830} INFO - Processing file /home/airflow/.local/lib/python3.12/site-packages/airflow/example_dags/example_branch_operator.py for tasks to queue
[2024-06-07T14:09:57.342+0000] {logging_mixin.py:188} INFO - [2024-06-07T14:09:57.341+0000] {dagbag.py:545} INFO - Filling up the DagBag from /home/airflow/.local/lib/python3.12/site-packages/airflow/example_dags/example_branch_operator.py
[2024-06-07T14:09:57.373+0000] {processor.py:840} INFO - DAG(s) 'example_branch_operator' retrieved from /home/airflow/.local/lib/python3.12/site-packages/airflow/example_dags/example_branch_operator.py
[2024-06-07T14:09:57.422+0000] {logging_mixin.py:188} INFO - [2024-06-07T14:09:57.421+0000] {dag.py:3096} INFO - Sync 1 DAGs
[2024-06-07T14:09:57.457+0000] {logging_mixin.py:188} INFO - [2024-06-07T14:09:57.457+0000] {dag.py:3954} INFO - Setting next_dagrun for example_branch_operator to 2024-06-06 00:00:00+00:00, run_after=2024-06-07 00:00:00+00:00
[2024-06-07T14:09:57.479+0000] {processor.py:183} INFO - Processing /home/airflow/.local/lib/python3.12/site-packages/airflow/example_dags/example_branch_operator.py took 0.154 seconds
[2024-06-07T14:10:28.264+0000] {processor.py:161} INFO - Started process (PID=1107) to work on /home/airflow/.local/lib/python3.12/site-packages/airflow/example_dags/example_branch_operator.py
[2024-06-07T14:10:28.266+0000] {processor.py:830} INFO - Processing file /home/airflow/.local/lib/python3.12/site-packages/airflow/example_dags/example_branch_operator.py for tasks to queue
[2024-06-07T14:10:28.270+0000] {logging_mixin.py:188} INFO - [2024-06-07T14:10:28.270+0000] {dagbag.py:545} INFO - Filling up the DagBag from /home/airflow/.local/lib/python3.12/site-packages/airflow/example_dags/example_branch_operator.py
[2024-06-07T14:10:28.293+0000] {processor.py:840} INFO - DAG(s) 'example_branch_operator' retrieved from /home/airflow/.local/lib/python3.12/site-packages/airflow/example_dags/example_branch_operator.py
[2024-06-07T14:10:28.358+0000] {logging_mixin.py:188} INFO - [2024-06-07T14:10:28.357+0000] {dag.py:3096} INFO - Sync 1 DAGs
[2024-06-07T14:10:28.400+0000] {logging_mixin.py:188} INFO - [2024-06-07T14:10:28.400+0000] {dag.py:3954} INFO - Setting next_dagrun for example_branch_operator to 2024-06-06 00:00:00+00:00, run_after=2024-06-07 00:00:00+00:00
[2024-06-07T14:10:28.429+0000] {processor.py:183} INFO - Processing /home/airflow/.local/lib/python3.12/site-packages/airflow/example_dags/example_branch_operator.py took 0.171 seconds
[2024-06-07T14:10:58.515+0000] {processor.py:161} INFO - Started process (PID=1167) to work on /home/airflow/.local/lib/python3.12/site-packages/airflow/example_dags/example_branch_operator.py
[2024-06-07T14:10:58.517+0000] {processor.py:830} INFO - Processing file /home/airflow/.local/lib/python3.12/site-packages/airflow/example_dags/example_branch_operator.py for tasks to queue
[2024-06-07T14:10:58.519+0000] {logging_mixin.py:188} INFO - [2024-06-07T14:10:58.519+0000] {dagbag.py:545} INFO - Filling up the DagBag from /home/airflow/.local/lib/python3.12/site-packages/airflow/example_dags/example_branch_operator.py
[2024-06-07T14:10:58.541+0000] {processor.py:840} INFO - DAG(s) 'example_branch_operator' retrieved from /home/airflow/.local/lib/python3.12/site-packages/airflow/example_dags/example_branch_operator.py
[2024-06-07T14:10:58.585+0000] {logging_mixin.py:188} INFO - [2024-06-07T14:10:58.584+0000] {dag.py:3096} INFO - Sync 1 DAGs
[2024-06-07T14:10:58.616+0000] {logging_mixin.py:188} INFO - [2024-06-07T14:10:58.615+0000] {dag.py:3954} INFO - Setting next_dagrun for example_branch_operator to 2024-06-06 00:00:00+00:00, run_after=2024-06-07 00:00:00+00:00
[2024-06-07T14:10:58.642+0000] {processor.py:183} INFO - Processing /home/airflow/.local/lib/python3.12/site-packages/airflow/example_dags/example_branch_operator.py took 0.134 seconds
[2024-06-07T14:11:28.973+0000] {processor.py:161} INFO - Started process (PID=1227) to work on /home/airflow/.local/lib/python3.12/site-packages/airflow/example_dags/example_branch_operator.py
[2024-06-07T14:11:28.975+0000] {processor.py:830} INFO - Processing file /home/airflow/.local/lib/python3.12/site-packages/airflow/example_dags/example_branch_operator.py for tasks to queue
[2024-06-07T14:11:28.979+0000] {logging_mixin.py:188} INFO - [2024-06-07T14:11:28.978+0000] {dagbag.py:545} INFO - Filling up the DagBag from /home/airflow/.local/lib/python3.12/site-packages/airflow/example_dags/example_branch_operator.py
[2024-06-07T14:11:29.038+0000] {processor.py:840} INFO - DAG(s) 'example_branch_operator' retrieved from /home/airflow/.local/lib/python3.12/site-packages/airflow/example_dags/example_branch_operator.py
[2024-06-07T14:11:29.119+0000] {logging_mixin.py:188} INFO - [2024-06-07T14:11:29.118+0000] {dag.py:3096} INFO - Sync 1 DAGs
[2024-06-07T14:11:29.190+0000] {logging_mixin.py:188} INFO - [2024-06-07T14:11:29.190+0000] {dag.py:3954} INFO - Setting next_dagrun for example_branch_operator to 2024-06-06 00:00:00+00:00, run_after=2024-06-07 00:00:00+00:00
[2024-06-07T14:11:29.249+0000] {processor.py:183} INFO - Processing /home/airflow/.local/lib/python3.12/site-packages/airflow/example_dags/example_branch_operator.py took 0.290 seconds
[2024-06-07T14:12:02.961+0000] {processor.py:161} INFO - Started process (PID=1287) to work on /home/airflow/.local/lib/python3.12/site-packages/airflow/example_dags/example_branch_operator.py
[2024-06-07T14:12:02.966+0000] {processor.py:830} INFO - Processing file /home/airflow/.local/lib/python3.12/site-packages/airflow/example_dags/example_branch_operator.py for tasks to queue
[2024-06-07T14:12:02.971+0000] {logging_mixin.py:188} INFO - [2024-06-07T14:12:02.970+0000] {dagbag.py:545} INFO - Filling up the DagBag from /home/airflow/.local/lib/python3.12/site-packages/airflow/example_dags/example_branch_operator.py
[2024-06-07T14:12:03.033+0000] {processor.py:840} INFO - DAG(s) 'example_branch_operator' retrieved from /home/airflow/.local/lib/python3.12/site-packages/airflow/example_dags/example_branch_operator.py
[2024-06-07T14:12:03.167+0000] {logging_mixin.py:188} INFO - [2024-06-07T14:12:03.166+0000] {dag.py:3096} INFO - Sync 1 DAGs
[2024-06-07T14:12:03.331+0000] {logging_mixin.py:188} INFO - [2024-06-07T14:12:03.331+0000] {dag.py:3954} INFO - Setting next_dagrun for example_branch_operator to 2024-06-06 00:00:00+00:00, run_after=2024-06-07 00:00:00+00:00
[2024-06-07T14:12:03.368+0000] {processor.py:183} INFO - Processing /home/airflow/.local/lib/python3.12/site-packages/airflow/example_dags/example_branch_operator.py took 0.420 seconds
[2024-06-07T14:12:33.762+0000] {processor.py:161} INFO - Started process (PID=1347) to work on /home/airflow/.local/lib/python3.12/site-packages/airflow/example_dags/example_branch_operator.py
[2024-06-07T14:12:33.763+0000] {processor.py:830} INFO - Processing file /home/airflow/.local/lib/python3.12/site-packages/airflow/example_dags/example_branch_operator.py for tasks to queue
[2024-06-07T14:12:33.766+0000] {logging_mixin.py:188} INFO - [2024-06-07T14:12:33.766+0000] {dagbag.py:545} INFO - Filling up the DagBag from /home/airflow/.local/lib/python3.12/site-packages/airflow/example_dags/example_branch_operator.py
[2024-06-07T14:12:33.787+0000] {processor.py:840} INFO - DAG(s) 'example_branch_operator' retrieved from /home/airflow/.local/lib/python3.12/site-packages/airflow/example_dags/example_branch_operator.py
[2024-06-07T14:12:33.821+0000] {logging_mixin.py:188} INFO - [2024-06-07T14:12:33.821+0000] {dag.py:3096} INFO - Sync 1 DAGs
[2024-06-07T14:12:33.850+0000] {logging_mixin.py:188} INFO - [2024-06-07T14:12:33.850+0000] {dag.py:3954} INFO - Setting next_dagrun for example_branch_operator to 2024-06-06 00:00:00+00:00, run_after=2024-06-07 00:00:00+00:00
[2024-06-07T14:12:33.872+0000] {processor.py:183} INFO - Processing /home/airflow/.local/lib/python3.12/site-packages/airflow/example_dags/example_branch_operator.py took 0.117 seconds
[2024-06-07T14:13:05.240+0000] {processor.py:161} INFO - Started process (PID=1407) to work on /home/airflow/.local/lib/python3.12/site-packages/airflow/example_dags/example_branch_operator.py
[2024-06-07T14:13:05.242+0000] {processor.py:830} INFO - Processing file /home/airflow/.local/lib/python3.12/site-packages/airflow/example_dags/example_branch_operator.py for tasks to queue
[2024-06-07T14:13:05.249+0000] {logging_mixin.py:188} INFO - [2024-06-07T14:13:05.247+0000] {dagbag.py:545} INFO - Filling up the DagBag from /home/airflow/.local/lib/python3.12/site-packages/airflow/example_dags/example_branch_operator.py
[2024-06-07T14:13:05.304+0000] {processor.py:840} INFO - DAG(s) 'example_branch_operator' retrieved from /home/airflow/.local/lib/python3.12/site-packages/airflow/example_dags/example_branch_operator.py
[2024-06-07T14:13:05.377+0000] {logging_mixin.py:188} INFO - [2024-06-07T14:13:05.376+0000] {dag.py:3096} INFO - Sync 1 DAGs
[2024-06-07T14:13:05.438+0000] {logging_mixin.py:188} INFO - [2024-06-07T14:13:05.437+0000] {dag.py:3954} INFO - Setting next_dagrun for example_branch_operator to 2024-06-06 00:00:00+00:00, run_after=2024-06-07 00:00:00+00:00
[2024-06-07T14:13:05.504+0000] {processor.py:183} INFO - Processing /home/airflow/.local/lib/python3.12/site-packages/airflow/example_dags/example_branch_operator.py took 0.285 seconds
[2024-06-07T14:13:35.830+0000] {processor.py:161} INFO - Started process (PID=1467) to work on /home/airflow/.local/lib/python3.12/site-packages/airflow/example_dags/example_branch_operator.py
[2024-06-07T14:13:35.831+0000] {processor.py:830} INFO - Processing file /home/airflow/.local/lib/python3.12/site-packages/airflow/example_dags/example_branch_operator.py for tasks to queue
[2024-06-07T14:13:35.834+0000] {logging_mixin.py:188} INFO - [2024-06-07T14:13:35.833+0000] {dagbag.py:545} INFO - Filling up the DagBag from /home/airflow/.local/lib/python3.12/site-packages/airflow/example_dags/example_branch_operator.py
[2024-06-07T14:13:35.854+0000] {processor.py:840} INFO - DAG(s) 'example_branch_operator' retrieved from /home/airflow/.local/lib/python3.12/site-packages/airflow/example_dags/example_branch_operator.py
[2024-06-07T14:13:35.887+0000] {logging_mixin.py:188} INFO - [2024-06-07T14:13:35.887+0000] {dag.py:3096} INFO - Sync 1 DAGs
[2024-06-07T14:13:35.911+0000] {logging_mixin.py:188} INFO - [2024-06-07T14:13:35.911+0000] {dag.py:3954} INFO - Setting next_dagrun for example_branch_operator to 2024-06-06 00:00:00+00:00, run_after=2024-06-07 00:00:00+00:00
[2024-06-07T14:13:35.931+0000] {processor.py:183} INFO - Processing /home/airflow/.local/lib/python3.12/site-packages/airflow/example_dags/example_branch_operator.py took 0.108 seconds
[2024-06-07T14:14:06.021+0000] {processor.py:161} INFO - Started process (PID=1526) to work on /home/airflow/.local/lib/python3.12/site-packages/airflow/example_dags/example_branch_operator.py
[2024-06-07T14:14:06.022+0000] {processor.py:830} INFO - Processing file /home/airflow/.local/lib/python3.12/site-packages/airflow/example_dags/example_branch_operator.py for tasks to queue
[2024-06-07T14:14:06.024+0000] {logging_mixin.py:188} INFO - [2024-06-07T14:14:06.023+0000] {dagbag.py:545} INFO - Filling up the DagBag from /home/airflow/.local/lib/python3.12/site-packages/airflow/example_dags/example_branch_operator.py
[2024-06-07T14:14:06.041+0000] {processor.py:840} INFO - DAG(s) 'example_branch_operator' retrieved from /home/airflow/.local/lib/python3.12/site-packages/airflow/example_dags/example_branch_operator.py
[2024-06-07T14:14:06.076+0000] {logging_mixin.py:188} INFO - [2024-06-07T14:14:06.075+0000] {dag.py:3096} INFO - Sync 1 DAGs
[2024-06-07T14:14:06.101+0000] {logging_mixin.py:188} INFO - [2024-06-07T14:14:06.101+0000] {dag.py:3954} INFO - Setting next_dagrun for example_branch_operator to 2024-06-06 00:00:00+00:00, run_after=2024-06-07 00:00:00+00:00
[2024-06-07T14:14:06.124+0000] {processor.py:183} INFO - Processing /home/airflow/.local/lib/python3.12/site-packages/airflow/example_dags/example_branch_operator.py took 0.109 seconds
[2024-06-07T14:14:36.480+0000] {processor.py:161} INFO - Started process (PID=1585) to work on /home/airflow/.local/lib/python3.12/site-packages/airflow/example_dags/example_branch_operator.py
[2024-06-07T14:14:36.481+0000] {processor.py:830} INFO - Processing file /home/airflow/.local/lib/python3.12/site-packages/airflow/example_dags/example_branch_operator.py for tasks to queue
[2024-06-07T14:14:36.483+0000] {logging_mixin.py:188} INFO - [2024-06-07T14:14:36.483+0000] {dagbag.py:545} INFO - Filling up the DagBag from /home/airflow/.local/lib/python3.12/site-packages/airflow/example_dags/example_branch_operator.py
[2024-06-07T14:14:36.507+0000] {processor.py:840} INFO - DAG(s) 'example_branch_operator' retrieved from /home/airflow/.local/lib/python3.12/site-packages/airflow/example_dags/example_branch_operator.py
[2024-06-07T14:14:36.545+0000] {logging_mixin.py:188} INFO - [2024-06-07T14:14:36.545+0000] {dag.py:3096} INFO - Sync 1 DAGs
[2024-06-07T14:14:36.572+0000] {logging_mixin.py:188} INFO - [2024-06-07T14:14:36.572+0000] {dag.py:3954} INFO - Setting next_dagrun for example_branch_operator to 2024-06-06 00:00:00+00:00, run_after=2024-06-07 00:00:00+00:00
[2024-06-07T14:14:36.606+0000] {processor.py:183} INFO - Processing /home/airflow/.local/lib/python3.12/site-packages/airflow/example_dags/example_branch_operator.py took 0.133 seconds
[2024-06-07T14:15:07.617+0000] {processor.py:161} INFO - Started process (PID=1645) to work on /home/airflow/.local/lib/python3.12/site-packages/airflow/example_dags/example_branch_operator.py
[2024-06-07T14:15:07.619+0000] {processor.py:830} INFO - Processing file /home/airflow/.local/lib/python3.12/site-packages/airflow/example_dags/example_branch_operator.py for tasks to queue
[2024-06-07T14:15:07.621+0000] {logging_mixin.py:188} INFO - [2024-06-07T14:15:07.621+0000] {dagbag.py:545} INFO - Filling up the DagBag from /home/airflow/.local/lib/python3.12/site-packages/airflow/example_dags/example_branch_operator.py
[2024-06-07T14:15:07.648+0000] {processor.py:840} INFO - DAG(s) 'example_branch_operator' retrieved from /home/airflow/.local/lib/python3.12/site-packages/airflow/example_dags/example_branch_operator.py
[2024-06-07T14:15:07.740+0000] {logging_mixin.py:188} INFO - [2024-06-07T14:15:07.740+0000] {dag.py:3096} INFO - Sync 1 DAGs
[2024-06-07T14:15:07.909+0000] {logging_mixin.py:188} INFO - [2024-06-07T14:15:07.902+0000] {dag.py:3954} INFO - Setting next_dagrun for example_branch_operator to 2024-06-06 00:00:00+00:00, run_after=2024-06-07 00:00:00+00:00
[2024-06-07T14:15:08.079+0000] {processor.py:183} INFO - Processing /home/airflow/.local/lib/python3.12/site-packages/airflow/example_dags/example_branch_operator.py took 0.471 seconds
[2024-06-07T14:15:38.429+0000] {processor.py:161} INFO - Started process (PID=1705) to work on /home/airflow/.local/lib/python3.12/site-packages/airflow/example_dags/example_branch_operator.py
[2024-06-07T14:15:38.431+0000] {processor.py:830} INFO - Processing file /home/airflow/.local/lib/python3.12/site-packages/airflow/example_dags/example_branch_operator.py for tasks to queue
[2024-06-07T14:15:38.433+0000] {logging_mixin.py:188} INFO - [2024-06-07T14:15:38.433+0000] {dagbag.py:545} INFO - Filling up the DagBag from /home/airflow/.local/lib/python3.12/site-packages/airflow/example_dags/example_branch_operator.py
[2024-06-07T14:15:38.460+0000] {processor.py:840} INFO - DAG(s) 'example_branch_operator' retrieved from /home/airflow/.local/lib/python3.12/site-packages/airflow/example_dags/example_branch_operator.py
[2024-06-07T14:15:38.494+0000] {logging_mixin.py:188} INFO - [2024-06-07T14:15:38.494+0000] {dag.py:3096} INFO - Sync 1 DAGs
[2024-06-07T14:15:38.518+0000] {logging_mixin.py:188} INFO - [2024-06-07T14:15:38.518+0000] {dag.py:3954} INFO - Setting next_dagrun for example_branch_operator to 2024-06-06 00:00:00+00:00, run_after=2024-06-07 00:00:00+00:00
[2024-06-07T14:15:38.547+0000] {processor.py:183} INFO - Processing /home/airflow/.local/lib/python3.12/site-packages/airflow/example_dags/example_branch_operator.py took 0.129 seconds
[2024-06-07T14:16:09.417+0000] {processor.py:161} INFO - Started process (PID=1765) to work on /home/airflow/.local/lib/python3.12/site-packages/airflow/example_dags/example_branch_operator.py
[2024-06-07T14:16:09.418+0000] {processor.py:830} INFO - Processing file /home/airflow/.local/lib/python3.12/site-packages/airflow/example_dags/example_branch_operator.py for tasks to queue
[2024-06-07T14:16:09.421+0000] {logging_mixin.py:188} INFO - [2024-06-07T14:16:09.420+0000] {dagbag.py:545} INFO - Filling up the DagBag from /home/airflow/.local/lib/python3.12/site-packages/airflow/example_dags/example_branch_operator.py
[2024-06-07T14:16:09.442+0000] {processor.py:840} INFO - DAG(s) 'example_branch_operator' retrieved from /home/airflow/.local/lib/python3.12/site-packages/airflow/example_dags/example_branch_operator.py
[2024-06-07T14:16:09.493+0000] {logging_mixin.py:188} INFO - [2024-06-07T14:16:09.492+0000] {dag.py:3096} INFO - Sync 1 DAGs
[2024-06-07T14:16:09.709+0000] {logging_mixin.py:188} INFO - [2024-06-07T14:16:09.709+0000] {dag.py:3954} INFO - Setting next_dagrun for example_branch_operator to 2024-06-06 00:00:00+00:00, run_after=2024-06-07 00:00:00+00:00
[2024-06-07T14:16:09.732+0000] {processor.py:183} INFO - Processing /home/airflow/.local/lib/python3.12/site-packages/airflow/example_dags/example_branch_operator.py took 0.323 seconds
[2024-06-07T14:16:40.169+0000] {processor.py:161} INFO - Started process (PID=1825) to work on /home/airflow/.local/lib/python3.12/site-packages/airflow/example_dags/example_branch_operator.py
[2024-06-07T14:16:40.170+0000] {processor.py:830} INFO - Processing file /home/airflow/.local/lib/python3.12/site-packages/airflow/example_dags/example_branch_operator.py for tasks to queue
[2024-06-07T14:16:40.174+0000] {logging_mixin.py:188} INFO - [2024-06-07T14:16:40.173+0000] {dagbag.py:545} INFO - Filling up the DagBag from /home/airflow/.local/lib/python3.12/site-packages/airflow/example_dags/example_branch_operator.py
[2024-06-07T14:16:40.204+0000] {processor.py:840} INFO - DAG(s) 'example_branch_operator' retrieved from /home/airflow/.local/lib/python3.12/site-packages/airflow/example_dags/example_branch_operator.py
[2024-06-07T14:16:40.239+0000] {logging_mixin.py:188} INFO - [2024-06-07T14:16:40.239+0000] {dag.py:3096} INFO - Sync 1 DAGs
[2024-06-07T14:16:40.429+0000] {logging_mixin.py:188} INFO - [2024-06-07T14:16:40.428+0000] {dag.py:3954} INFO - Setting next_dagrun for example_branch_operator to 2024-06-06 00:00:00+00:00, run_after=2024-06-07 00:00:00+00:00
[2024-06-07T14:16:40.457+0000] {processor.py:183} INFO - Processing /home/airflow/.local/lib/python3.12/site-packages/airflow/example_dags/example_branch_operator.py took 0.297 seconds
[2024-06-07T14:17:10.854+0000] {processor.py:161} INFO - Started process (PID=1885) to work on /home/airflow/.local/lib/python3.12/site-packages/airflow/example_dags/example_branch_operator.py
[2024-06-07T14:17:10.855+0000] {processor.py:830} INFO - Processing file /home/airflow/.local/lib/python3.12/site-packages/airflow/example_dags/example_branch_operator.py for tasks to queue
[2024-06-07T14:17:10.858+0000] {logging_mixin.py:188} INFO - [2024-06-07T14:17:10.858+0000] {dagbag.py:545} INFO - Filling up the DagBag from /home/airflow/.local/lib/python3.12/site-packages/airflow/example_dags/example_branch_operator.py
[2024-06-07T14:17:10.883+0000] {processor.py:840} INFO - DAG(s) 'example_branch_operator' retrieved from /home/airflow/.local/lib/python3.12/site-packages/airflow/example_dags/example_branch_operator.py
[2024-06-07T14:17:10.926+0000] {logging_mixin.py:188} INFO - [2024-06-07T14:17:10.926+0000] {dag.py:3096} INFO - Sync 1 DAGs
[2024-06-07T14:17:11.085+0000] {logging_mixin.py:188} INFO - [2024-06-07T14:17:11.085+0000] {dag.py:3954} INFO - Setting next_dagrun for example_branch_operator to 2024-06-06 00:00:00+00:00, run_after=2024-06-07 00:00:00+00:00
[2024-06-07T14:17:11.105+0000] {processor.py:183} INFO - Processing /home/airflow/.local/lib/python3.12/site-packages/airflow/example_dags/example_branch_operator.py took 0.260 seconds
[2024-06-07T14:17:41.213+0000] {processor.py:161} INFO - Started process (PID=1945) to work on /home/airflow/.local/lib/python3.12/site-packages/airflow/example_dags/example_branch_operator.py
[2024-06-07T14:17:41.214+0000] {processor.py:830} INFO - Processing file /home/airflow/.local/lib/python3.12/site-packages/airflow/example_dags/example_branch_operator.py for tasks to queue
[2024-06-07T14:17:41.217+0000] {logging_mixin.py:188} INFO - [2024-06-07T14:17:41.216+0000] {dagbag.py:545} INFO - Filling up the DagBag from /home/airflow/.local/lib/python3.12/site-packages/airflow/example_dags/example_branch_operator.py
[2024-06-07T14:17:41.244+0000] {processor.py:840} INFO - DAG(s) 'example_branch_operator' retrieved from /home/airflow/.local/lib/python3.12/site-packages/airflow/example_dags/example_branch_operator.py
[2024-06-07T14:17:41.288+0000] {logging_mixin.py:188} INFO - [2024-06-07T14:17:41.288+0000] {dag.py:3096} INFO - Sync 1 DAGs
[2024-06-07T14:17:41.318+0000] {logging_mixin.py:188} INFO - [2024-06-07T14:17:41.318+0000] {dag.py:3954} INFO - Setting next_dagrun for example_branch_operator to 2024-06-06 00:00:00+00:00, run_after=2024-06-07 00:00:00+00:00
[2024-06-07T14:17:41.344+0000] {processor.py:183} INFO - Processing /home/airflow/.local/lib/python3.12/site-packages/airflow/example_dags/example_branch_operator.py took 0.137 seconds
[2024-06-07T14:18:11.453+0000] {processor.py:161} INFO - Started process (PID=2005) to work on /home/airflow/.local/lib/python3.12/site-packages/airflow/example_dags/example_branch_operator.py
[2024-06-07T14:18:11.454+0000] {processor.py:830} INFO - Processing file /home/airflow/.local/lib/python3.12/site-packages/airflow/example_dags/example_branch_operator.py for tasks to queue
[2024-06-07T14:18:11.456+0000] {logging_mixin.py:188} INFO - [2024-06-07T14:18:11.455+0000] {dagbag.py:545} INFO - Filling up the DagBag from /home/airflow/.local/lib/python3.12/site-packages/airflow/example_dags/example_branch_operator.py
[2024-06-07T14:18:11.481+0000] {processor.py:840} INFO - DAG(s) 'example_branch_operator' retrieved from /home/airflow/.local/lib/python3.12/site-packages/airflow/example_dags/example_branch_operator.py
[2024-06-07T14:18:11.529+0000] {logging_mixin.py:188} INFO - [2024-06-07T14:18:11.528+0000] {dag.py:3096} INFO - Sync 1 DAGs
[2024-06-07T14:18:11.562+0000] {logging_mixin.py:188} INFO - [2024-06-07T14:18:11.561+0000] {dag.py:3954} INFO - Setting next_dagrun for example_branch_operator to 2024-06-06 00:00:00+00:00, run_after=2024-06-07 00:00:00+00:00
[2024-06-07T14:18:11.587+0000] {processor.py:183} INFO - Processing /home/airflow/.local/lib/python3.12/site-packages/airflow/example_dags/example_branch_operator.py took 0.141 seconds
