[2024-06-07T14:01:53.806+0000] {processor.py:161} INFO - Started process (PID=86) to work on /home/airflow/.local/lib/python3.12/site-packages/airflow/example_dags/example_python_decorator.py
[2024-06-07T14:01:53.859+0000] {processor.py:830} INFO - Processing file /home/airflow/.local/lib/python3.12/site-packages/airflow/example_dags/example_python_decorator.py for tasks to queue
[2024-06-07T14:01:53.881+0000] {logging_mixin.py:188} INFO - [2024-06-07T14:01:53.880+0000] {dagbag.py:545} INFO - Filling up the DagBag from /home/airflow/.local/lib/python3.12/site-packages/airflow/example_dags/example_python_decorator.py
[2024-06-07T14:01:54.078+0000] {processor.py:840} INFO - DAG(s) 'example_python_decorator' retrieved from /home/airflow/.local/lib/python3.12/site-packages/airflow/example_dags/example_python_decorator.py
[2024-06-07T14:01:54.807+0000] {logging_mixin.py:188} INFO - [2024-06-07T14:01:54.807+0000] {dag.py:3096} INFO - Sync 1 DAGs
[2024-06-07T14:01:54.967+0000] {logging_mixin.py:188} INFO - [2024-06-07T14:01:54.967+0000] {dag.py:3954} INFO - Setting next_dagrun for example_python_decorator to None, run_after=None
[2024-06-07T14:01:55.255+0000] {processor.py:183} INFO - Processing /home/airflow/.local/lib/python3.12/site-packages/airflow/example_dags/example_python_decorator.py took 1.484 seconds
[2024-06-07T14:02:26.512+0000] {processor.py:161} INFO - Started process (PID=158) to work on /home/airflow/.local/lib/python3.12/site-packages/airflow/example_dags/example_python_decorator.py
[2024-06-07T14:02:26.524+0000] {processor.py:830} INFO - Processing file /home/airflow/.local/lib/python3.12/site-packages/airflow/example_dags/example_python_decorator.py for tasks to queue
[2024-06-07T14:02:26.533+0000] {logging_mixin.py:188} INFO - [2024-06-07T14:02:26.532+0000] {dagbag.py:545} INFO - Filling up the DagBag from /home/airflow/.local/lib/python3.12/site-packages/airflow/example_dags/example_python_decorator.py
[2024-06-07T14:02:26.607+0000] {processor.py:840} INFO - DAG(s) 'example_python_decorator' retrieved from /home/airflow/.local/lib/python3.12/site-packages/airflow/example_dags/example_python_decorator.py
[2024-06-07T14:02:26.709+0000] {logging_mixin.py:188} INFO - [2024-06-07T14:02:26.708+0000] {dag.py:3096} INFO - Sync 1 DAGs
[2024-06-07T14:02:26.771+0000] {logging_mixin.py:188} INFO - [2024-06-07T14:02:26.770+0000] {dag.py:3954} INFO - Setting next_dagrun for example_python_decorator to None, run_after=None
[2024-06-07T14:02:26.896+0000] {processor.py:183} INFO - Processing /home/airflow/.local/lib/python3.12/site-packages/airflow/example_dags/example_python_decorator.py took 0.417 seconds
[2024-06-07T14:02:57.280+0000] {processor.py:161} INFO - Started process (PID=218) to work on /home/airflow/.local/lib/python3.12/site-packages/airflow/example_dags/example_python_decorator.py
[2024-06-07T14:02:57.281+0000] {processor.py:830} INFO - Processing file /home/airflow/.local/lib/python3.12/site-packages/airflow/example_dags/example_python_decorator.py for tasks to queue
[2024-06-07T14:02:57.287+0000] {logging_mixin.py:188} INFO - [2024-06-07T14:02:57.286+0000] {dagbag.py:545} INFO - Filling up the DagBag from /home/airflow/.local/lib/python3.12/site-packages/airflow/example_dags/example_python_decorator.py
[2024-06-07T14:02:57.368+0000] {processor.py:840} INFO - DAG(s) 'example_python_decorator' retrieved from /home/airflow/.local/lib/python3.12/site-packages/airflow/example_dags/example_python_decorator.py
[2024-06-07T14:02:57.417+0000] {logging_mixin.py:188} INFO - [2024-06-07T14:02:57.416+0000] {dag.py:3096} INFO - Sync 1 DAGs
[2024-06-07T14:02:57.445+0000] {logging_mixin.py:188} INFO - [2024-06-07T14:02:57.445+0000] {dag.py:3954} INFO - Setting next_dagrun for example_python_decorator to None, run_after=None
[2024-06-07T14:02:57.485+0000] {processor.py:183} INFO - Processing /home/airflow/.local/lib/python3.12/site-packages/airflow/example_dags/example_python_decorator.py took 0.220 seconds
[2024-06-07T14:03:28.217+0000] {processor.py:161} INFO - Started process (PID=278) to work on /home/airflow/.local/lib/python3.12/site-packages/airflow/example_dags/example_python_decorator.py
[2024-06-07T14:03:28.218+0000] {processor.py:830} INFO - Processing file /home/airflow/.local/lib/python3.12/site-packages/airflow/example_dags/example_python_decorator.py for tasks to queue
[2024-06-07T14:03:28.221+0000] {logging_mixin.py:188} INFO - [2024-06-07T14:03:28.220+0000] {dagbag.py:545} INFO - Filling up the DagBag from /home/airflow/.local/lib/python3.12/site-packages/airflow/example_dags/example_python_decorator.py
[2024-06-07T14:03:28.235+0000] {processor.py:840} INFO - DAG(s) 'example_python_decorator' retrieved from /home/airflow/.local/lib/python3.12/site-packages/airflow/example_dags/example_python_decorator.py
[2024-06-07T14:03:28.269+0000] {logging_mixin.py:188} INFO - [2024-06-07T14:03:28.269+0000] {dag.py:3096} INFO - Sync 1 DAGs
[2024-06-07T14:03:28.287+0000] {logging_mixin.py:188} INFO - [2024-06-07T14:03:28.287+0000] {dag.py:3954} INFO - Setting next_dagrun for example_python_decorator to None, run_after=None
[2024-06-07T14:03:28.314+0000] {processor.py:183} INFO - Processing /home/airflow/.local/lib/python3.12/site-packages/airflow/example_dags/example_python_decorator.py took 0.103 seconds
[2024-06-07T14:03:58.456+0000] {processor.py:161} INFO - Started process (PID=338) to work on /home/airflow/.local/lib/python3.12/site-packages/airflow/example_dags/example_python_decorator.py
[2024-06-07T14:03:58.459+0000] {processor.py:830} INFO - Processing file /home/airflow/.local/lib/python3.12/site-packages/airflow/example_dags/example_python_decorator.py for tasks to queue
[2024-06-07T14:03:58.465+0000] {logging_mixin.py:188} INFO - [2024-06-07T14:03:58.464+0000] {dagbag.py:545} INFO - Filling up the DagBag from /home/airflow/.local/lib/python3.12/site-packages/airflow/example_dags/example_python_decorator.py
[2024-06-07T14:03:58.508+0000] {processor.py:840} INFO - DAG(s) 'example_python_decorator' retrieved from /home/airflow/.local/lib/python3.12/site-packages/airflow/example_dags/example_python_decorator.py
[2024-06-07T14:03:58.566+0000] {logging_mixin.py:188} INFO - [2024-06-07T14:03:58.566+0000] {dag.py:3096} INFO - Sync 1 DAGs
[2024-06-07T14:03:58.597+0000] {logging_mixin.py:188} INFO - [2024-06-07T14:03:58.596+0000] {dag.py:3954} INFO - Setting next_dagrun for example_python_decorator to None, run_after=None
[2024-06-07T14:03:58.640+0000] {processor.py:183} INFO - Processing /home/airflow/.local/lib/python3.12/site-packages/airflow/example_dags/example_python_decorator.py took 0.201 seconds
[2024-06-07T14:04:29.651+0000] {processor.py:161} INFO - Started process (PID=398) to work on /home/airflow/.local/lib/python3.12/site-packages/airflow/example_dags/example_python_decorator.py
[2024-06-07T14:04:29.659+0000] {processor.py:830} INFO - Processing file /home/airflow/.local/lib/python3.12/site-packages/airflow/example_dags/example_python_decorator.py for tasks to queue
[2024-06-07T14:04:29.676+0000] {logging_mixin.py:188} INFO - [2024-06-07T14:04:29.676+0000] {dagbag.py:545} INFO - Filling up the DagBag from /home/airflow/.local/lib/python3.12/site-packages/airflow/example_dags/example_python_decorator.py
[2024-06-07T14:04:29.740+0000] {processor.py:840} INFO - DAG(s) 'example_python_decorator' retrieved from /home/airflow/.local/lib/python3.12/site-packages/airflow/example_dags/example_python_decorator.py
[2024-06-07T14:04:29.850+0000] {logging_mixin.py:188} INFO - [2024-06-07T14:04:29.849+0000] {dag.py:3096} INFO - Sync 1 DAGs
[2024-06-07T14:04:29.942+0000] {logging_mixin.py:188} INFO - [2024-06-07T14:04:29.942+0000] {dag.py:3954} INFO - Setting next_dagrun for example_python_decorator to None, run_after=None
[2024-06-07T14:04:30.054+0000] {processor.py:183} INFO - Processing /home/airflow/.local/lib/python3.12/site-packages/airflow/example_dags/example_python_decorator.py took 0.442 seconds
[2024-06-07T14:05:00.737+0000] {processor.py:161} INFO - Started process (PID=458) to work on /home/airflow/.local/lib/python3.12/site-packages/airflow/example_dags/example_python_decorator.py
[2024-06-07T14:05:00.739+0000] {processor.py:830} INFO - Processing file /home/airflow/.local/lib/python3.12/site-packages/airflow/example_dags/example_python_decorator.py for tasks to queue
[2024-06-07T14:05:00.743+0000] {logging_mixin.py:188} INFO - [2024-06-07T14:05:00.742+0000] {dagbag.py:545} INFO - Filling up the DagBag from /home/airflow/.local/lib/python3.12/site-packages/airflow/example_dags/example_python_decorator.py
[2024-06-07T14:05:00.767+0000] {processor.py:840} INFO - DAG(s) 'example_python_decorator' retrieved from /home/airflow/.local/lib/python3.12/site-packages/airflow/example_dags/example_python_decorator.py
[2024-06-07T14:05:00.796+0000] {logging_mixin.py:188} INFO - [2024-06-07T14:05:00.796+0000] {dag.py:3096} INFO - Sync 1 DAGs
[2024-06-07T14:05:00.812+0000] {logging_mixin.py:188} INFO - [2024-06-07T14:05:00.812+0000] {dag.py:3954} INFO - Setting next_dagrun for example_python_decorator to None, run_after=None
[2024-06-07T14:05:00.838+0000] {processor.py:183} INFO - Processing /home/airflow/.local/lib/python3.12/site-packages/airflow/example_dags/example_python_decorator.py took 0.108 seconds
[2024-06-07T14:05:30.982+0000] {processor.py:161} INFO - Started process (PID=518) to work on /home/airflow/.local/lib/python3.12/site-packages/airflow/example_dags/example_python_decorator.py
[2024-06-07T14:05:30.983+0000] {processor.py:830} INFO - Processing file /home/airflow/.local/lib/python3.12/site-packages/airflow/example_dags/example_python_decorator.py for tasks to queue
[2024-06-07T14:05:30.986+0000] {logging_mixin.py:188} INFO - [2024-06-07T14:05:30.985+0000] {dagbag.py:545} INFO - Filling up the DagBag from /home/airflow/.local/lib/python3.12/site-packages/airflow/example_dags/example_python_decorator.py
[2024-06-07T14:05:31.002+0000] {processor.py:840} INFO - DAG(s) 'example_python_decorator' retrieved from /home/airflow/.local/lib/python3.12/site-packages/airflow/example_dags/example_python_decorator.py
[2024-06-07T14:05:31.041+0000] {logging_mixin.py:188} INFO - [2024-06-07T14:05:31.040+0000] {dag.py:3096} INFO - Sync 1 DAGs
[2024-06-07T14:05:31.065+0000] {logging_mixin.py:188} INFO - [2024-06-07T14:05:31.065+0000] {dag.py:3954} INFO - Setting next_dagrun for example_python_decorator to None, run_after=None
[2024-06-07T14:05:31.104+0000] {processor.py:183} INFO - Processing /home/airflow/.local/lib/python3.12/site-packages/airflow/example_dags/example_python_decorator.py took 0.129 seconds
[2024-06-07T14:06:01.214+0000] {processor.py:161} INFO - Started process (PID=579) to work on /home/airflow/.local/lib/python3.12/site-packages/airflow/example_dags/example_python_decorator.py
[2024-06-07T14:06:01.216+0000] {processor.py:830} INFO - Processing file /home/airflow/.local/lib/python3.12/site-packages/airflow/example_dags/example_python_decorator.py for tasks to queue
[2024-06-07T14:06:01.218+0000] {logging_mixin.py:188} INFO - [2024-06-07T14:06:01.217+0000] {dagbag.py:545} INFO - Filling up the DagBag from /home/airflow/.local/lib/python3.12/site-packages/airflow/example_dags/example_python_decorator.py
[2024-06-07T14:06:01.244+0000] {processor.py:840} INFO - DAG(s) 'example_python_decorator' retrieved from /home/airflow/.local/lib/python3.12/site-packages/airflow/example_dags/example_python_decorator.py
[2024-06-07T14:06:01.279+0000] {logging_mixin.py:188} INFO - [2024-06-07T14:06:01.279+0000] {dag.py:3096} INFO - Sync 1 DAGs
[2024-06-07T14:06:01.300+0000] {logging_mixin.py:188} INFO - [2024-06-07T14:06:01.299+0000] {dag.py:3954} INFO - Setting next_dagrun for example_python_decorator to None, run_after=None
[2024-06-07T14:06:01.323+0000] {processor.py:183} INFO - Processing /home/airflow/.local/lib/python3.12/site-packages/airflow/example_dags/example_python_decorator.py took 0.115 seconds
[2024-06-07T14:06:31.734+0000] {processor.py:161} INFO - Started process (PID=639) to work on /home/airflow/.local/lib/python3.12/site-packages/airflow/example_dags/example_python_decorator.py
[2024-06-07T14:06:31.737+0000] {processor.py:830} INFO - Processing file /home/airflow/.local/lib/python3.12/site-packages/airflow/example_dags/example_python_decorator.py for tasks to queue
[2024-06-07T14:06:31.753+0000] {logging_mixin.py:188} INFO - [2024-06-07T14:06:31.752+0000] {dagbag.py:545} INFO - Filling up the DagBag from /home/airflow/.local/lib/python3.12/site-packages/airflow/example_dags/example_python_decorator.py
[2024-06-07T14:06:31.855+0000] {processor.py:840} INFO - DAG(s) 'example_python_decorator' retrieved from /home/airflow/.local/lib/python3.12/site-packages/airflow/example_dags/example_python_decorator.py
[2024-06-07T14:06:32.001+0000] {logging_mixin.py:188} INFO - [2024-06-07T14:06:32.000+0000] {dag.py:3096} INFO - Sync 1 DAGs
[2024-06-07T14:06:32.064+0000] {logging_mixin.py:188} INFO - [2024-06-07T14:06:32.063+0000] {dag.py:3954} INFO - Setting next_dagrun for example_python_decorator to None, run_after=None
[2024-06-07T14:06:32.156+0000] {processor.py:183} INFO - Processing /home/airflow/.local/lib/python3.12/site-packages/airflow/example_dags/example_python_decorator.py took 0.446 seconds
[2024-06-07T14:07:02.491+0000] {processor.py:161} INFO - Started process (PID=699) to work on /home/airflow/.local/lib/python3.12/site-packages/airflow/example_dags/example_python_decorator.py
[2024-06-07T14:07:02.493+0000] {processor.py:830} INFO - Processing file /home/airflow/.local/lib/python3.12/site-packages/airflow/example_dags/example_python_decorator.py for tasks to queue
[2024-06-07T14:07:02.496+0000] {logging_mixin.py:188} INFO - [2024-06-07T14:07:02.496+0000] {dagbag.py:545} INFO - Filling up the DagBag from /home/airflow/.local/lib/python3.12/site-packages/airflow/example_dags/example_python_decorator.py
[2024-06-07T14:07:02.513+0000] {processor.py:840} INFO - DAG(s) 'example_python_decorator' retrieved from /home/airflow/.local/lib/python3.12/site-packages/airflow/example_dags/example_python_decorator.py
[2024-06-07T14:07:02.540+0000] {logging_mixin.py:188} INFO - [2024-06-07T14:07:02.540+0000] {dag.py:3096} INFO - Sync 1 DAGs
[2024-06-07T14:07:02.555+0000] {logging_mixin.py:188} INFO - [2024-06-07T14:07:02.555+0000] {dag.py:3954} INFO - Setting next_dagrun for example_python_decorator to None, run_after=None
[2024-06-07T14:07:02.578+0000] {processor.py:183} INFO - Processing /home/airflow/.local/lib/python3.12/site-packages/airflow/example_dags/example_python_decorator.py took 0.094 seconds
[2024-06-07T14:07:32.891+0000] {processor.py:161} INFO - Started process (PID=759) to work on /home/airflow/.local/lib/python3.12/site-packages/airflow/example_dags/example_python_decorator.py
[2024-06-07T14:07:32.893+0000] {processor.py:830} INFO - Processing file /home/airflow/.local/lib/python3.12/site-packages/airflow/example_dags/example_python_decorator.py for tasks to queue
[2024-06-07T14:07:32.897+0000] {logging_mixin.py:188} INFO - [2024-06-07T14:07:32.896+0000] {dagbag.py:545} INFO - Filling up the DagBag from /home/airflow/.local/lib/python3.12/site-packages/airflow/example_dags/example_python_decorator.py
[2024-06-07T14:07:32.936+0000] {processor.py:840} INFO - DAG(s) 'example_python_decorator' retrieved from /home/airflow/.local/lib/python3.12/site-packages/airflow/example_dags/example_python_decorator.py
[2024-06-07T14:07:32.995+0000] {logging_mixin.py:188} INFO - [2024-06-07T14:07:32.995+0000] {dag.py:3096} INFO - Sync 1 DAGs
[2024-06-07T14:07:33.071+0000] {logging_mixin.py:188} INFO - [2024-06-07T14:07:33.070+0000] {dag.py:3954} INFO - Setting next_dagrun for example_python_decorator to None, run_after=None
[2024-06-07T14:07:33.172+0000] {processor.py:183} INFO - Processing /home/airflow/.local/lib/python3.12/site-packages/airflow/example_dags/example_python_decorator.py took 0.298 seconds
[2024-06-07T14:08:03.611+0000] {processor.py:161} INFO - Started process (PID=819) to work on /home/airflow/.local/lib/python3.12/site-packages/airflow/example_dags/example_python_decorator.py
[2024-06-07T14:08:03.612+0000] {processor.py:830} INFO - Processing file /home/airflow/.local/lib/python3.12/site-packages/airflow/example_dags/example_python_decorator.py for tasks to queue
[2024-06-07T14:08:03.614+0000] {logging_mixin.py:188} INFO - [2024-06-07T14:08:03.613+0000] {dagbag.py:545} INFO - Filling up the DagBag from /home/airflow/.local/lib/python3.12/site-packages/airflow/example_dags/example_python_decorator.py
[2024-06-07T14:08:03.629+0000] {processor.py:840} INFO - DAG(s) 'example_python_decorator' retrieved from /home/airflow/.local/lib/python3.12/site-packages/airflow/example_dags/example_python_decorator.py
[2024-06-07T14:08:03.652+0000] {logging_mixin.py:188} INFO - [2024-06-07T14:08:03.652+0000] {dag.py:3096} INFO - Sync 1 DAGs
[2024-06-07T14:08:03.666+0000] {logging_mixin.py:188} INFO - [2024-06-07T14:08:03.666+0000] {dag.py:3954} INFO - Setting next_dagrun for example_python_decorator to None, run_after=None
[2024-06-07T14:08:03.686+0000] {processor.py:183} INFO - Processing /home/airflow/.local/lib/python3.12/site-packages/airflow/example_dags/example_python_decorator.py took 0.082 seconds
[2024-06-07T14:08:33.784+0000] {processor.py:161} INFO - Started process (PID=879) to work on /home/airflow/.local/lib/python3.12/site-packages/airflow/example_dags/example_python_decorator.py
[2024-06-07T14:08:33.785+0000] {processor.py:830} INFO - Processing file /home/airflow/.local/lib/python3.12/site-packages/airflow/example_dags/example_python_decorator.py for tasks to queue
[2024-06-07T14:08:33.788+0000] {logging_mixin.py:188} INFO - [2024-06-07T14:08:33.787+0000] {dagbag.py:545} INFO - Filling up the DagBag from /home/airflow/.local/lib/python3.12/site-packages/airflow/example_dags/example_python_decorator.py
[2024-06-07T14:08:33.801+0000] {processor.py:840} INFO - DAG(s) 'example_python_decorator' retrieved from /home/airflow/.local/lib/python3.12/site-packages/airflow/example_dags/example_python_decorator.py
[2024-06-07T14:08:33.829+0000] {logging_mixin.py:188} INFO - [2024-06-07T14:08:33.828+0000] {dag.py:3096} INFO - Sync 1 DAGs
[2024-06-07T14:08:33.843+0000] {logging_mixin.py:188} INFO - [2024-06-07T14:08:33.843+0000] {dag.py:3954} INFO - Setting next_dagrun for example_python_decorator to None, run_after=None
[2024-06-07T14:08:33.865+0000] {processor.py:183} INFO - Processing /home/airflow/.local/lib/python3.12/site-packages/airflow/example_dags/example_python_decorator.py took 0.087 seconds
[2024-06-07T14:09:04.342+0000] {processor.py:161} INFO - Started process (PID=939) to work on /home/airflow/.local/lib/python3.12/site-packages/airflow/example_dags/example_python_decorator.py
[2024-06-07T14:09:04.343+0000] {processor.py:830} INFO - Processing file /home/airflow/.local/lib/python3.12/site-packages/airflow/example_dags/example_python_decorator.py for tasks to queue
[2024-06-07T14:09:04.346+0000] {logging_mixin.py:188} INFO - [2024-06-07T14:09:04.346+0000] {dagbag.py:545} INFO - Filling up the DagBag from /home/airflow/.local/lib/python3.12/site-packages/airflow/example_dags/example_python_decorator.py
[2024-06-07T14:09:04.366+0000] {processor.py:840} INFO - DAG(s) 'example_python_decorator' retrieved from /home/airflow/.local/lib/python3.12/site-packages/airflow/example_dags/example_python_decorator.py
[2024-06-07T14:09:04.393+0000] {logging_mixin.py:188} INFO - [2024-06-07T14:09:04.393+0000] {dag.py:3096} INFO - Sync 1 DAGs
[2024-06-07T14:09:04.408+0000] {logging_mixin.py:188} INFO - [2024-06-07T14:09:04.408+0000] {dag.py:3954} INFO - Setting next_dagrun for example_python_decorator to None, run_after=None
[2024-06-07T14:09:04.435+0000] {processor.py:183} INFO - Processing /home/airflow/.local/lib/python3.12/site-packages/airflow/example_dags/example_python_decorator.py took 0.099 seconds
[2024-06-07T14:09:34.761+0000] {processor.py:161} INFO - Started process (PID=999) to work on /home/airflow/.local/lib/python3.12/site-packages/airflow/example_dags/example_python_decorator.py
[2024-06-07T14:09:34.762+0000] {processor.py:830} INFO - Processing file /home/airflow/.local/lib/python3.12/site-packages/airflow/example_dags/example_python_decorator.py for tasks to queue
[2024-06-07T14:09:34.765+0000] {logging_mixin.py:188} INFO - [2024-06-07T14:09:34.764+0000] {dagbag.py:545} INFO - Filling up the DagBag from /home/airflow/.local/lib/python3.12/site-packages/airflow/example_dags/example_python_decorator.py
[2024-06-07T14:09:34.779+0000] {processor.py:840} INFO - DAG(s) 'example_python_decorator' retrieved from /home/airflow/.local/lib/python3.12/site-packages/airflow/example_dags/example_python_decorator.py
[2024-06-07T14:09:34.803+0000] {logging_mixin.py:188} INFO - [2024-06-07T14:09:34.802+0000] {dag.py:3096} INFO - Sync 1 DAGs
[2024-06-07T14:09:34.817+0000] {logging_mixin.py:188} INFO - [2024-06-07T14:09:34.816+0000] {dag.py:3954} INFO - Setting next_dagrun for example_python_decorator to None, run_after=None
[2024-06-07T14:09:34.837+0000] {processor.py:183} INFO - Processing /home/airflow/.local/lib/python3.12/site-packages/airflow/example_dags/example_python_decorator.py took 0.081 seconds
[2024-06-07T14:10:05.452+0000] {processor.py:161} INFO - Started process (PID=1059) to work on /home/airflow/.local/lib/python3.12/site-packages/airflow/example_dags/example_python_decorator.py
[2024-06-07T14:10:05.455+0000] {processor.py:830} INFO - Processing file /home/airflow/.local/lib/python3.12/site-packages/airflow/example_dags/example_python_decorator.py for tasks to queue
[2024-06-07T14:10:05.460+0000] {logging_mixin.py:188} INFO - [2024-06-07T14:10:05.459+0000] {dagbag.py:545} INFO - Filling up the DagBag from /home/airflow/.local/lib/python3.12/site-packages/airflow/example_dags/example_python_decorator.py
[2024-06-07T14:10:05.489+0000] {processor.py:840} INFO - DAG(s) 'example_python_decorator' retrieved from /home/airflow/.local/lib/python3.12/site-packages/airflow/example_dags/example_python_decorator.py
[2024-06-07T14:10:05.536+0000] {logging_mixin.py:188} INFO - [2024-06-07T14:10:05.536+0000] {dag.py:3096} INFO - Sync 1 DAGs
[2024-06-07T14:10:05.565+0000] {logging_mixin.py:188} INFO - [2024-06-07T14:10:05.564+0000] {dag.py:3954} INFO - Setting next_dagrun for example_python_decorator to None, run_after=None
[2024-06-07T14:10:05.618+0000] {processor.py:183} INFO - Processing /home/airflow/.local/lib/python3.12/site-packages/airflow/example_dags/example_python_decorator.py took 0.177 seconds
[2024-06-07T14:10:36.220+0000] {processor.py:161} INFO - Started process (PID=1119) to work on /home/airflow/.local/lib/python3.12/site-packages/airflow/example_dags/example_python_decorator.py
[2024-06-07T14:10:36.221+0000] {processor.py:830} INFO - Processing file /home/airflow/.local/lib/python3.12/site-packages/airflow/example_dags/example_python_decorator.py for tasks to queue
[2024-06-07T14:10:36.223+0000] {logging_mixin.py:188} INFO - [2024-06-07T14:10:36.223+0000] {dagbag.py:545} INFO - Filling up the DagBag from /home/airflow/.local/lib/python3.12/site-packages/airflow/example_dags/example_python_decorator.py
[2024-06-07T14:10:36.243+0000] {processor.py:840} INFO - DAG(s) 'example_python_decorator' retrieved from /home/airflow/.local/lib/python3.12/site-packages/airflow/example_dags/example_python_decorator.py
[2024-06-07T14:10:36.273+0000] {logging_mixin.py:188} INFO - [2024-06-07T14:10:36.272+0000] {dag.py:3096} INFO - Sync 1 DAGs
[2024-06-07T14:10:36.289+0000] {logging_mixin.py:188} INFO - [2024-06-07T14:10:36.289+0000] {dag.py:3954} INFO - Setting next_dagrun for example_python_decorator to None, run_after=None
[2024-06-07T14:10:36.315+0000] {processor.py:183} INFO - Processing /home/airflow/.local/lib/python3.12/site-packages/airflow/example_dags/example_python_decorator.py took 0.104 seconds
[2024-06-07T14:11:06.779+0000] {processor.py:161} INFO - Started process (PID=1179) to work on /home/airflow/.local/lib/python3.12/site-packages/airflow/example_dags/example_python_decorator.py
[2024-06-07T14:11:06.786+0000] {processor.py:830} INFO - Processing file /home/airflow/.local/lib/python3.12/site-packages/airflow/example_dags/example_python_decorator.py for tasks to queue
[2024-06-07T14:11:06.795+0000] {logging_mixin.py:188} INFO - [2024-06-07T14:11:06.795+0000] {dagbag.py:545} INFO - Filling up the DagBag from /home/airflow/.local/lib/python3.12/site-packages/airflow/example_dags/example_python_decorator.py
[2024-06-07T14:11:06.900+0000] {processor.py:840} INFO - DAG(s) 'example_python_decorator' retrieved from /home/airflow/.local/lib/python3.12/site-packages/airflow/example_dags/example_python_decorator.py
[2024-06-07T14:11:07.023+0000] {logging_mixin.py:188} INFO - [2024-06-07T14:11:07.022+0000] {dag.py:3096} INFO - Sync 1 DAGs
[2024-06-07T14:11:07.103+0000] {logging_mixin.py:188} INFO - [2024-06-07T14:11:07.103+0000] {dag.py:3954} INFO - Setting next_dagrun for example_python_decorator to None, run_after=None
[2024-06-07T14:11:07.177+0000] {processor.py:183} INFO - Processing /home/airflow/.local/lib/python3.12/site-packages/airflow/example_dags/example_python_decorator.py took 0.420 seconds
[2024-06-07T14:11:38.080+0000] {processor.py:161} INFO - Started process (PID=1239) to work on /home/airflow/.local/lib/python3.12/site-packages/airflow/example_dags/example_python_decorator.py
[2024-06-07T14:11:38.082+0000] {processor.py:830} INFO - Processing file /home/airflow/.local/lib/python3.12/site-packages/airflow/example_dags/example_python_decorator.py for tasks to queue
[2024-06-07T14:11:38.084+0000] {logging_mixin.py:188} INFO - [2024-06-07T14:11:38.083+0000] {dagbag.py:545} INFO - Filling up the DagBag from /home/airflow/.local/lib/python3.12/site-packages/airflow/example_dags/example_python_decorator.py
[2024-06-07T14:11:38.105+0000] {processor.py:840} INFO - DAG(s) 'example_python_decorator' retrieved from /home/airflow/.local/lib/python3.12/site-packages/airflow/example_dags/example_python_decorator.py
[2024-06-07T14:11:38.135+0000] {logging_mixin.py:188} INFO - [2024-06-07T14:11:38.134+0000] {dag.py:3096} INFO - Sync 1 DAGs
[2024-06-07T14:11:38.152+0000] {logging_mixin.py:188} INFO - [2024-06-07T14:11:38.152+0000] {dag.py:3954} INFO - Setting next_dagrun for example_python_decorator to None, run_after=None
[2024-06-07T14:11:38.181+0000] {processor.py:183} INFO - Processing /home/airflow/.local/lib/python3.12/site-packages/airflow/example_dags/example_python_decorator.py took 0.108 seconds
[2024-06-07T14:12:08.362+0000] {processor.py:161} INFO - Started process (PID=1299) to work on /home/airflow/.local/lib/python3.12/site-packages/airflow/example_dags/example_python_decorator.py
[2024-06-07T14:12:08.363+0000] {processor.py:830} INFO - Processing file /home/airflow/.local/lib/python3.12/site-packages/airflow/example_dags/example_python_decorator.py for tasks to queue
[2024-06-07T14:12:08.366+0000] {logging_mixin.py:188} INFO - [2024-06-07T14:12:08.365+0000] {dagbag.py:545} INFO - Filling up the DagBag from /home/airflow/.local/lib/python3.12/site-packages/airflow/example_dags/example_python_decorator.py
[2024-06-07T14:12:08.386+0000] {processor.py:840} INFO - DAG(s) 'example_python_decorator' retrieved from /home/airflow/.local/lib/python3.12/site-packages/airflow/example_dags/example_python_decorator.py
[2024-06-07T14:12:08.417+0000] {logging_mixin.py:188} INFO - [2024-06-07T14:12:08.417+0000] {dag.py:3096} INFO - Sync 1 DAGs
[2024-06-07T14:12:08.431+0000] {logging_mixin.py:188} INFO - [2024-06-07T14:12:08.431+0000] {dag.py:3954} INFO - Setting next_dagrun for example_python_decorator to None, run_after=None
[2024-06-07T14:12:08.459+0000] {processor.py:183} INFO - Processing /home/airflow/.local/lib/python3.12/site-packages/airflow/example_dags/example_python_decorator.py took 0.104 seconds
[2024-06-07T14:12:38.640+0000] {processor.py:161} INFO - Started process (PID=1359) to work on /home/airflow/.local/lib/python3.12/site-packages/airflow/example_dags/example_python_decorator.py
[2024-06-07T14:12:38.641+0000] {processor.py:830} INFO - Processing file /home/airflow/.local/lib/python3.12/site-packages/airflow/example_dags/example_python_decorator.py for tasks to queue
[2024-06-07T14:12:38.645+0000] {logging_mixin.py:188} INFO - [2024-06-07T14:12:38.645+0000] {dagbag.py:545} INFO - Filling up the DagBag from /home/airflow/.local/lib/python3.12/site-packages/airflow/example_dags/example_python_decorator.py
[2024-06-07T14:12:38.673+0000] {processor.py:840} INFO - DAG(s) 'example_python_decorator' retrieved from /home/airflow/.local/lib/python3.12/site-packages/airflow/example_dags/example_python_decorator.py
[2024-06-07T14:12:38.713+0000] {logging_mixin.py:188} INFO - [2024-06-07T14:12:38.713+0000] {dag.py:3096} INFO - Sync 1 DAGs
[2024-06-07T14:12:38.735+0000] {logging_mixin.py:188} INFO - [2024-06-07T14:12:38.734+0000] {dag.py:3954} INFO - Setting next_dagrun for example_python_decorator to None, run_after=None
[2024-06-07T14:12:38.768+0000] {processor.py:183} INFO - Processing /home/airflow/.local/lib/python3.12/site-packages/airflow/example_dags/example_python_decorator.py took 0.137 seconds
[2024-06-07T14:13:09.322+0000] {processor.py:161} INFO - Started process (PID=1419) to work on /home/airflow/.local/lib/python3.12/site-packages/airflow/example_dags/example_python_decorator.py
[2024-06-07T14:13:09.323+0000] {processor.py:830} INFO - Processing file /home/airflow/.local/lib/python3.12/site-packages/airflow/example_dags/example_python_decorator.py for tasks to queue
[2024-06-07T14:13:09.325+0000] {logging_mixin.py:188} INFO - [2024-06-07T14:13:09.325+0000] {dagbag.py:545} INFO - Filling up the DagBag from /home/airflow/.local/lib/python3.12/site-packages/airflow/example_dags/example_python_decorator.py
[2024-06-07T14:13:09.342+0000] {processor.py:840} INFO - DAG(s) 'example_python_decorator' retrieved from /home/airflow/.local/lib/python3.12/site-packages/airflow/example_dags/example_python_decorator.py
[2024-06-07T14:13:09.369+0000] {logging_mixin.py:188} INFO - [2024-06-07T14:13:09.368+0000] {dag.py:3096} INFO - Sync 1 DAGs
[2024-06-07T14:13:09.386+0000] {logging_mixin.py:188} INFO - [2024-06-07T14:13:09.386+0000] {dag.py:3954} INFO - Setting next_dagrun for example_python_decorator to None, run_after=None
[2024-06-07T14:13:09.419+0000] {processor.py:183} INFO - Processing /home/airflow/.local/lib/python3.12/site-packages/airflow/example_dags/example_python_decorator.py took 0.104 seconds
[2024-06-07T14:13:39.618+0000] {processor.py:161} INFO - Started process (PID=1479) to work on /home/airflow/.local/lib/python3.12/site-packages/airflow/example_dags/example_python_decorator.py
[2024-06-07T14:13:39.619+0000] {processor.py:830} INFO - Processing file /home/airflow/.local/lib/python3.12/site-packages/airflow/example_dags/example_python_decorator.py for tasks to queue
[2024-06-07T14:13:39.622+0000] {logging_mixin.py:188} INFO - [2024-06-07T14:13:39.622+0000] {dagbag.py:545} INFO - Filling up the DagBag from /home/airflow/.local/lib/python3.12/site-packages/airflow/example_dags/example_python_decorator.py
[2024-06-07T14:13:39.639+0000] {processor.py:840} INFO - DAG(s) 'example_python_decorator' retrieved from /home/airflow/.local/lib/python3.12/site-packages/airflow/example_dags/example_python_decorator.py
[2024-06-07T14:13:39.669+0000] {logging_mixin.py:188} INFO - [2024-06-07T14:13:39.668+0000] {dag.py:3096} INFO - Sync 1 DAGs
[2024-06-07T14:13:39.682+0000] {logging_mixin.py:188} INFO - [2024-06-07T14:13:39.682+0000] {dag.py:3954} INFO - Setting next_dagrun for example_python_decorator to None, run_after=None
[2024-06-07T14:13:39.707+0000] {processor.py:183} INFO - Processing /home/airflow/.local/lib/python3.12/site-packages/airflow/example_dags/example_python_decorator.py took 0.096 seconds
[2024-06-07T14:14:10.044+0000] {processor.py:161} INFO - Started process (PID=1539) to work on /home/airflow/.local/lib/python3.12/site-packages/airflow/example_dags/example_python_decorator.py
[2024-06-07T14:14:10.045+0000] {processor.py:830} INFO - Processing file /home/airflow/.local/lib/python3.12/site-packages/airflow/example_dags/example_python_decorator.py for tasks to queue
[2024-06-07T14:14:10.047+0000] {logging_mixin.py:188} INFO - [2024-06-07T14:14:10.046+0000] {dagbag.py:545} INFO - Filling up the DagBag from /home/airflow/.local/lib/python3.12/site-packages/airflow/example_dags/example_python_decorator.py
[2024-06-07T14:14:10.063+0000] {processor.py:840} INFO - DAG(s) 'example_python_decorator' retrieved from /home/airflow/.local/lib/python3.12/site-packages/airflow/example_dags/example_python_decorator.py
[2024-06-07T14:14:10.088+0000] {logging_mixin.py:188} INFO - [2024-06-07T14:14:10.088+0000] {dag.py:3096} INFO - Sync 1 DAGs
[2024-06-07T14:14:10.101+0000] {logging_mixin.py:188} INFO - [2024-06-07T14:14:10.101+0000] {dag.py:3954} INFO - Setting next_dagrun for example_python_decorator to None, run_after=None
[2024-06-07T14:14:10.122+0000] {processor.py:183} INFO - Processing /home/airflow/.local/lib/python3.12/site-packages/airflow/example_dags/example_python_decorator.py took 0.087 seconds
[2024-06-07T14:14:40.460+0000] {processor.py:161} INFO - Started process (PID=1599) to work on /home/airflow/.local/lib/python3.12/site-packages/airflow/example_dags/example_python_decorator.py
[2024-06-07T14:14:40.461+0000] {processor.py:830} INFO - Processing file /home/airflow/.local/lib/python3.12/site-packages/airflow/example_dags/example_python_decorator.py for tasks to queue
[2024-06-07T14:14:40.463+0000] {logging_mixin.py:188} INFO - [2024-06-07T14:14:40.463+0000] {dagbag.py:545} INFO - Filling up the DagBag from /home/airflow/.local/lib/python3.12/site-packages/airflow/example_dags/example_python_decorator.py
[2024-06-07T14:14:40.480+0000] {processor.py:840} INFO - DAG(s) 'example_python_decorator' retrieved from /home/airflow/.local/lib/python3.12/site-packages/airflow/example_dags/example_python_decorator.py
[2024-06-07T14:14:40.506+0000] {logging_mixin.py:188} INFO - [2024-06-07T14:14:40.506+0000] {dag.py:3096} INFO - Sync 1 DAGs
[2024-06-07T14:14:40.519+0000] {logging_mixin.py:188} INFO - [2024-06-07T14:14:40.519+0000] {dag.py:3954} INFO - Setting next_dagrun for example_python_decorator to None, run_after=None
[2024-06-07T14:14:40.541+0000] {processor.py:183} INFO - Processing /home/airflow/.local/lib/python3.12/site-packages/airflow/example_dags/example_python_decorator.py took 0.088 seconds
[2024-06-07T14:15:11.472+0000] {processor.py:161} INFO - Started process (PID=1659) to work on /home/airflow/.local/lib/python3.12/site-packages/airflow/example_dags/example_python_decorator.py
[2024-06-07T14:15:11.474+0000] {processor.py:830} INFO - Processing file /home/airflow/.local/lib/python3.12/site-packages/airflow/example_dags/example_python_decorator.py for tasks to queue
[2024-06-07T14:15:11.478+0000] {logging_mixin.py:188} INFO - [2024-06-07T14:15:11.477+0000] {dagbag.py:545} INFO - Filling up the DagBag from /home/airflow/.local/lib/python3.12/site-packages/airflow/example_dags/example_python_decorator.py
[2024-06-07T14:15:11.496+0000] {processor.py:840} INFO - DAG(s) 'example_python_decorator' retrieved from /home/airflow/.local/lib/python3.12/site-packages/airflow/example_dags/example_python_decorator.py
[2024-06-07T14:15:11.525+0000] {logging_mixin.py:188} INFO - [2024-06-07T14:15:11.525+0000] {dag.py:3096} INFO - Sync 1 DAGs
[2024-06-07T14:15:11.544+0000] {logging_mixin.py:188} INFO - [2024-06-07T14:15:11.544+0000] {dag.py:3954} INFO - Setting next_dagrun for example_python_decorator to None, run_after=None
[2024-06-07T14:15:11.570+0000] {processor.py:183} INFO - Processing /home/airflow/.local/lib/python3.12/site-packages/airflow/example_dags/example_python_decorator.py took 0.107 seconds
[2024-06-07T14:15:41.815+0000] {processor.py:161} INFO - Started process (PID=1719) to work on /home/airflow/.local/lib/python3.12/site-packages/airflow/example_dags/example_python_decorator.py
[2024-06-07T14:15:41.816+0000] {processor.py:830} INFO - Processing file /home/airflow/.local/lib/python3.12/site-packages/airflow/example_dags/example_python_decorator.py for tasks to queue
[2024-06-07T14:15:41.827+0000] {logging_mixin.py:188} INFO - [2024-06-07T14:15:41.827+0000] {dagbag.py:545} INFO - Filling up the DagBag from /home/airflow/.local/lib/python3.12/site-packages/airflow/example_dags/example_python_decorator.py
[2024-06-07T14:15:41.849+0000] {processor.py:840} INFO - DAG(s) 'example_python_decorator' retrieved from /home/airflow/.local/lib/python3.12/site-packages/airflow/example_dags/example_python_decorator.py
[2024-06-07T14:15:41.881+0000] {logging_mixin.py:188} INFO - [2024-06-07T14:15:41.880+0000] {dag.py:3096} INFO - Sync 1 DAGs
[2024-06-07T14:15:41.904+0000] {logging_mixin.py:188} INFO - [2024-06-07T14:15:41.904+0000] {dag.py:3954} INFO - Setting next_dagrun for example_python_decorator to None, run_after=None
[2024-06-07T14:15:41.928+0000] {processor.py:183} INFO - Processing /home/airflow/.local/lib/python3.12/site-packages/airflow/example_dags/example_python_decorator.py took 0.121 seconds
[2024-06-07T14:16:12.604+0000] {processor.py:161} INFO - Started process (PID=1778) to work on /home/airflow/.local/lib/python3.12/site-packages/airflow/example_dags/example_python_decorator.py
[2024-06-07T14:16:12.605+0000] {processor.py:830} INFO - Processing file /home/airflow/.local/lib/python3.12/site-packages/airflow/example_dags/example_python_decorator.py for tasks to queue
[2024-06-07T14:16:12.607+0000] {logging_mixin.py:188} INFO - [2024-06-07T14:16:12.607+0000] {dagbag.py:545} INFO - Filling up the DagBag from /home/airflow/.local/lib/python3.12/site-packages/airflow/example_dags/example_python_decorator.py
[2024-06-07T14:16:12.628+0000] {processor.py:840} INFO - DAG(s) 'example_python_decorator' retrieved from /home/airflow/.local/lib/python3.12/site-packages/airflow/example_dags/example_python_decorator.py
[2024-06-07T14:16:12.656+0000] {logging_mixin.py:188} INFO - [2024-06-07T14:16:12.655+0000] {dag.py:3096} INFO - Sync 1 DAGs
[2024-06-07T14:16:12.847+0000] {logging_mixin.py:188} INFO - [2024-06-07T14:16:12.846+0000] {dag.py:3954} INFO - Setting next_dagrun for example_python_decorator to None, run_after=None
[2024-06-07T14:16:12.863+0000] {processor.py:183} INFO - Processing /home/airflow/.local/lib/python3.12/site-packages/airflow/example_dags/example_python_decorator.py took 0.266 seconds
[2024-06-07T14:16:42.960+0000] {processor.py:161} INFO - Started process (PID=1837) to work on /home/airflow/.local/lib/python3.12/site-packages/airflow/example_dags/example_python_decorator.py
[2024-06-07T14:16:42.961+0000] {processor.py:830} INFO - Processing file /home/airflow/.local/lib/python3.12/site-packages/airflow/example_dags/example_python_decorator.py for tasks to queue
[2024-06-07T14:16:42.964+0000] {logging_mixin.py:188} INFO - [2024-06-07T14:16:42.963+0000] {dagbag.py:545} INFO - Filling up the DagBag from /home/airflow/.local/lib/python3.12/site-packages/airflow/example_dags/example_python_decorator.py
[2024-06-07T14:16:42.984+0000] {processor.py:840} INFO - DAG(s) 'example_python_decorator' retrieved from /home/airflow/.local/lib/python3.12/site-packages/airflow/example_dags/example_python_decorator.py
[2024-06-07T14:16:43.015+0000] {logging_mixin.py:188} INFO - [2024-06-07T14:16:43.014+0000] {dag.py:3096} INFO - Sync 1 DAGs
[2024-06-07T14:16:43.034+0000] {logging_mixin.py:188} INFO - [2024-06-07T14:16:43.034+0000] {dag.py:3954} INFO - Setting next_dagrun for example_python_decorator to None, run_after=None
[2024-06-07T14:16:43.231+0000] {processor.py:183} INFO - Processing /home/airflow/.local/lib/python3.12/site-packages/airflow/example_dags/example_python_decorator.py took 0.280 seconds
[2024-06-07T14:17:13.408+0000] {processor.py:161} INFO - Started process (PID=1897) to work on /home/airflow/.local/lib/python3.12/site-packages/airflow/example_dags/example_python_decorator.py
[2024-06-07T14:17:13.409+0000] {processor.py:830} INFO - Processing file /home/airflow/.local/lib/python3.12/site-packages/airflow/example_dags/example_python_decorator.py for tasks to queue
[2024-06-07T14:17:13.412+0000] {logging_mixin.py:188} INFO - [2024-06-07T14:17:13.411+0000] {dagbag.py:545} INFO - Filling up the DagBag from /home/airflow/.local/lib/python3.12/site-packages/airflow/example_dags/example_python_decorator.py
[2024-06-07T14:17:13.430+0000] {processor.py:840} INFO - DAG(s) 'example_python_decorator' retrieved from /home/airflow/.local/lib/python3.12/site-packages/airflow/example_dags/example_python_decorator.py
[2024-06-07T14:17:13.456+0000] {logging_mixin.py:188} INFO - [2024-06-07T14:17:13.456+0000] {dag.py:3096} INFO - Sync 1 DAGs
[2024-06-07T14:17:13.473+0000] {logging_mixin.py:188} INFO - [2024-06-07T14:17:13.473+0000] {dag.py:3954} INFO - Setting next_dagrun for example_python_decorator to None, run_after=None
[2024-06-07T14:17:13.652+0000] {processor.py:183} INFO - Processing /home/airflow/.local/lib/python3.12/site-packages/airflow/example_dags/example_python_decorator.py took 0.250 seconds
[2024-06-07T14:17:44.109+0000] {processor.py:161} INFO - Started process (PID=1957) to work on /home/airflow/.local/lib/python3.12/site-packages/airflow/example_dags/example_python_decorator.py
[2024-06-07T14:17:44.111+0000] {processor.py:830} INFO - Processing file /home/airflow/.local/lib/python3.12/site-packages/airflow/example_dags/example_python_decorator.py for tasks to queue
[2024-06-07T14:17:44.113+0000] {logging_mixin.py:188} INFO - [2024-06-07T14:17:44.112+0000] {dagbag.py:545} INFO - Filling up the DagBag from /home/airflow/.local/lib/python3.12/site-packages/airflow/example_dags/example_python_decorator.py
[2024-06-07T14:17:44.126+0000] {processor.py:840} INFO - DAG(s) 'example_python_decorator' retrieved from /home/airflow/.local/lib/python3.12/site-packages/airflow/example_dags/example_python_decorator.py
[2024-06-07T14:17:44.156+0000] {logging_mixin.py:188} INFO - [2024-06-07T14:17:44.156+0000] {dag.py:3096} INFO - Sync 1 DAGs
[2024-06-07T14:17:44.186+0000] {logging_mixin.py:188} INFO - [2024-06-07T14:17:44.186+0000] {dag.py:3954} INFO - Setting next_dagrun for example_python_decorator to None, run_after=None
[2024-06-07T14:17:44.216+0000] {processor.py:183} INFO - Processing /home/airflow/.local/lib/python3.12/site-packages/airflow/example_dags/example_python_decorator.py took 0.114 seconds
[2024-06-07T14:18:14.522+0000] {processor.py:161} INFO - Started process (PID=2017) to work on /home/airflow/.local/lib/python3.12/site-packages/airflow/example_dags/example_python_decorator.py
[2024-06-07T14:18:14.524+0000] {processor.py:830} INFO - Processing file /home/airflow/.local/lib/python3.12/site-packages/airflow/example_dags/example_python_decorator.py for tasks to queue
[2024-06-07T14:18:14.526+0000] {logging_mixin.py:188} INFO - [2024-06-07T14:18:14.526+0000] {dagbag.py:545} INFO - Filling up the DagBag from /home/airflow/.local/lib/python3.12/site-packages/airflow/example_dags/example_python_decorator.py
[2024-06-07T14:18:14.542+0000] {processor.py:840} INFO - DAG(s) 'example_python_decorator' retrieved from /home/airflow/.local/lib/python3.12/site-packages/airflow/example_dags/example_python_decorator.py
[2024-06-07T14:18:14.569+0000] {logging_mixin.py:188} INFO - [2024-06-07T14:18:14.568+0000] {dag.py:3096} INFO - Sync 1 DAGs
[2024-06-07T14:18:14.585+0000] {logging_mixin.py:188} INFO - [2024-06-07T14:18:14.585+0000] {dag.py:3954} INFO - Setting next_dagrun for example_python_decorator to None, run_after=None
[2024-06-07T14:18:14.610+0000] {processor.py:183} INFO - Processing /home/airflow/.local/lib/python3.12/site-packages/airflow/example_dags/example_python_decorator.py took 0.095 seconds
