[2024-06-07T14:01:49.722+0000] {processor.py:161} INFO - Started process (PID=79) to work on /home/airflow/.local/lib/python3.12/site-packages/airflow/example_dags/example_task_group_decorator.py
[2024-06-07T14:01:49.732+0000] {processor.py:830} INFO - Processing file /home/airflow/.local/lib/python3.12/site-packages/airflow/example_dags/example_task_group_decorator.py for tasks to queue
[2024-06-07T14:01:49.738+0000] {logging_mixin.py:188} INFO - [2024-06-07T14:01:49.737+0000] {dagbag.py:545} INFO - Filling up the DagBag from /home/airflow/.local/lib/python3.12/site-packages/airflow/example_dags/example_task_group_decorator.py
[2024-06-07T14:01:49.794+0000] {processor.py:840} INFO - DAG(s) 'example_task_group_decorator' retrieved from /home/airflow/.local/lib/python3.12/site-packages/airflow/example_dags/example_task_group_decorator.py
[2024-06-07T14:01:50.198+0000] {logging_mixin.py:188} INFO - [2024-06-07T14:01:50.198+0000] {dag.py:3096} INFO - Sync 1 DAGs
[2024-06-07T14:01:50.257+0000] {logging_mixin.py:188} INFO - [2024-06-07T14:01:50.257+0000] {dag.py:3954} INFO - Setting next_dagrun for example_task_group_decorator to 2024-06-06 00:00:00+00:00, run_after=2024-06-07 00:00:00+00:00
[2024-06-07T14:01:50.324+0000] {processor.py:183} INFO - Processing /home/airflow/.local/lib/python3.12/site-packages/airflow/example_dags/example_task_group_decorator.py took 0.619 seconds
[2024-06-07T14:02:20.572+0000] {processor.py:161} INFO - Started process (PID=151) to work on /home/airflow/.local/lib/python3.12/site-packages/airflow/example_dags/example_task_group_decorator.py
[2024-06-07T14:02:20.575+0000] {processor.py:830} INFO - Processing file /home/airflow/.local/lib/python3.12/site-packages/airflow/example_dags/example_task_group_decorator.py for tasks to queue
[2024-06-07T14:02:20.579+0000] {logging_mixin.py:188} INFO - [2024-06-07T14:02:20.578+0000] {dagbag.py:545} INFO - Filling up the DagBag from /home/airflow/.local/lib/python3.12/site-packages/airflow/example_dags/example_task_group_decorator.py
[2024-06-07T14:02:20.615+0000] {processor.py:840} INFO - DAG(s) 'example_task_group_decorator' retrieved from /home/airflow/.local/lib/python3.12/site-packages/airflow/example_dags/example_task_group_decorator.py
[2024-06-07T14:02:20.679+0000] {logging_mixin.py:188} INFO - [2024-06-07T14:02:20.679+0000] {dag.py:3096} INFO - Sync 1 DAGs
[2024-06-07T14:02:20.734+0000] {logging_mixin.py:188} INFO - [2024-06-07T14:02:20.734+0000] {dag.py:3954} INFO - Setting next_dagrun for example_task_group_decorator to 2024-06-06 00:00:00+00:00, run_after=2024-06-07 00:00:00+00:00
[2024-06-07T14:02:20.788+0000] {processor.py:183} INFO - Processing /home/airflow/.local/lib/python3.12/site-packages/airflow/example_dags/example_task_group_decorator.py took 0.233 seconds
[2024-06-07T14:02:51.415+0000] {processor.py:161} INFO - Started process (PID=211) to work on /home/airflow/.local/lib/python3.12/site-packages/airflow/example_dags/example_task_group_decorator.py
[2024-06-07T14:02:51.417+0000] {processor.py:830} INFO - Processing file /home/airflow/.local/lib/python3.12/site-packages/airflow/example_dags/example_task_group_decorator.py for tasks to queue
[2024-06-07T14:02:51.427+0000] {logging_mixin.py:188} INFO - [2024-06-07T14:02:51.425+0000] {dagbag.py:545} INFO - Filling up the DagBag from /home/airflow/.local/lib/python3.12/site-packages/airflow/example_dags/example_task_group_decorator.py
[2024-06-07T14:02:51.494+0000] {processor.py:840} INFO - DAG(s) 'example_task_group_decorator' retrieved from /home/airflow/.local/lib/python3.12/site-packages/airflow/example_dags/example_task_group_decorator.py
[2024-06-07T14:02:51.609+0000] {logging_mixin.py:188} INFO - [2024-06-07T14:02:51.609+0000] {dag.py:3096} INFO - Sync 1 DAGs
[2024-06-07T14:02:51.697+0000] {logging_mixin.py:188} INFO - [2024-06-07T14:02:51.696+0000] {dag.py:3954} INFO - Setting next_dagrun for example_task_group_decorator to 2024-06-06 00:00:00+00:00, run_after=2024-06-07 00:00:00+00:00
[2024-06-07T14:02:51.753+0000] {processor.py:183} INFO - Processing /home/airflow/.local/lib/python3.12/site-packages/airflow/example_dags/example_task_group_decorator.py took 0.360 seconds
[2024-06-07T14:03:22.779+0000] {processor.py:161} INFO - Started process (PID=271) to work on /home/airflow/.local/lib/python3.12/site-packages/airflow/example_dags/example_task_group_decorator.py
[2024-06-07T14:03:22.780+0000] {processor.py:830} INFO - Processing file /home/airflow/.local/lib/python3.12/site-packages/airflow/example_dags/example_task_group_decorator.py for tasks to queue
[2024-06-07T14:03:22.783+0000] {logging_mixin.py:188} INFO - [2024-06-07T14:03:22.782+0000] {dagbag.py:545} INFO - Filling up the DagBag from /home/airflow/.local/lib/python3.12/site-packages/airflow/example_dags/example_task_group_decorator.py
[2024-06-07T14:03:22.801+0000] {processor.py:840} INFO - DAG(s) 'example_task_group_decorator' retrieved from /home/airflow/.local/lib/python3.12/site-packages/airflow/example_dags/example_task_group_decorator.py
[2024-06-07T14:03:22.840+0000] {logging_mixin.py:188} INFO - [2024-06-07T14:03:22.840+0000] {dag.py:3096} INFO - Sync 1 DAGs
[2024-06-07T14:03:22.867+0000] {logging_mixin.py:188} INFO - [2024-06-07T14:03:22.867+0000] {dag.py:3954} INFO - Setting next_dagrun for example_task_group_decorator to 2024-06-06 00:00:00+00:00, run_after=2024-06-07 00:00:00+00:00
[2024-06-07T14:03:22.889+0000] {processor.py:183} INFO - Processing /home/airflow/.local/lib/python3.12/site-packages/airflow/example_dags/example_task_group_decorator.py took 0.117 seconds
[2024-06-07T14:03:52.952+0000] {processor.py:161} INFO - Started process (PID=331) to work on /home/airflow/.local/lib/python3.12/site-packages/airflow/example_dags/example_task_group_decorator.py
[2024-06-07T14:03:52.954+0000] {processor.py:830} INFO - Processing file /home/airflow/.local/lib/python3.12/site-packages/airflow/example_dags/example_task_group_decorator.py for tasks to queue
[2024-06-07T14:03:52.956+0000] {logging_mixin.py:188} INFO - [2024-06-07T14:03:52.956+0000] {dagbag.py:545} INFO - Filling up the DagBag from /home/airflow/.local/lib/python3.12/site-packages/airflow/example_dags/example_task_group_decorator.py
[2024-06-07T14:03:52.972+0000] {processor.py:840} INFO - DAG(s) 'example_task_group_decorator' retrieved from /home/airflow/.local/lib/python3.12/site-packages/airflow/example_dags/example_task_group_decorator.py
[2024-06-07T14:03:53.002+0000] {logging_mixin.py:188} INFO - [2024-06-07T14:03:53.002+0000] {dag.py:3096} INFO - Sync 1 DAGs
[2024-06-07T14:03:53.028+0000] {logging_mixin.py:188} INFO - [2024-06-07T14:03:53.028+0000] {dag.py:3954} INFO - Setting next_dagrun for example_task_group_decorator to 2024-06-06 00:00:00+00:00, run_after=2024-06-07 00:00:00+00:00
[2024-06-07T14:03:53.049+0000] {processor.py:183} INFO - Processing /home/airflow/.local/lib/python3.12/site-packages/airflow/example_dags/example_task_group_decorator.py took 0.103 seconds
[2024-06-07T14:04:24.028+0000] {processor.py:161} INFO - Started process (PID=391) to work on /home/airflow/.local/lib/python3.12/site-packages/airflow/example_dags/example_task_group_decorator.py
[2024-06-07T14:04:24.029+0000] {processor.py:830} INFO - Processing file /home/airflow/.local/lib/python3.12/site-packages/airflow/example_dags/example_task_group_decorator.py for tasks to queue
[2024-06-07T14:04:24.032+0000] {logging_mixin.py:188} INFO - [2024-06-07T14:04:24.032+0000] {dagbag.py:545} INFO - Filling up the DagBag from /home/airflow/.local/lib/python3.12/site-packages/airflow/example_dags/example_task_group_decorator.py
[2024-06-07T14:04:24.061+0000] {processor.py:840} INFO - DAG(s) 'example_task_group_decorator' retrieved from /home/airflow/.local/lib/python3.12/site-packages/airflow/example_dags/example_task_group_decorator.py
[2024-06-07T14:04:24.101+0000] {logging_mixin.py:188} INFO - [2024-06-07T14:04:24.100+0000] {dag.py:3096} INFO - Sync 1 DAGs
[2024-06-07T14:04:24.138+0000] {logging_mixin.py:188} INFO - [2024-06-07T14:04:24.138+0000] {dag.py:3954} INFO - Setting next_dagrun for example_task_group_decorator to 2024-06-06 00:00:00+00:00, run_after=2024-06-07 00:00:00+00:00
[2024-06-07T14:04:24.175+0000] {processor.py:183} INFO - Processing /home/airflow/.local/lib/python3.12/site-packages/airflow/example_dags/example_task_group_decorator.py took 0.157 seconds
[2024-06-07T14:04:54.405+0000] {processor.py:161} INFO - Started process (PID=451) to work on /home/airflow/.local/lib/python3.12/site-packages/airflow/example_dags/example_task_group_decorator.py
[2024-06-07T14:04:54.406+0000] {processor.py:830} INFO - Processing file /home/airflow/.local/lib/python3.12/site-packages/airflow/example_dags/example_task_group_decorator.py for tasks to queue
[2024-06-07T14:04:54.408+0000] {logging_mixin.py:188} INFO - [2024-06-07T14:04:54.408+0000] {dagbag.py:545} INFO - Filling up the DagBag from /home/airflow/.local/lib/python3.12/site-packages/airflow/example_dags/example_task_group_decorator.py
[2024-06-07T14:04:54.425+0000] {processor.py:840} INFO - DAG(s) 'example_task_group_decorator' retrieved from /home/airflow/.local/lib/python3.12/site-packages/airflow/example_dags/example_task_group_decorator.py
[2024-06-07T14:04:54.453+0000] {logging_mixin.py:188} INFO - [2024-06-07T14:04:54.452+0000] {dag.py:3096} INFO - Sync 1 DAGs
[2024-06-07T14:04:54.477+0000] {logging_mixin.py:188} INFO - [2024-06-07T14:04:54.476+0000] {dag.py:3954} INFO - Setting next_dagrun for example_task_group_decorator to 2024-06-06 00:00:00+00:00, run_after=2024-06-07 00:00:00+00:00
[2024-06-07T14:04:54.500+0000] {processor.py:183} INFO - Processing /home/airflow/.local/lib/python3.12/site-packages/airflow/example_dags/example_task_group_decorator.py took 0.101 seconds
[2024-06-07T14:05:24.658+0000] {processor.py:161} INFO - Started process (PID=511) to work on /home/airflow/.local/lib/python3.12/site-packages/airflow/example_dags/example_task_group_decorator.py
[2024-06-07T14:05:24.660+0000] {processor.py:830} INFO - Processing file /home/airflow/.local/lib/python3.12/site-packages/airflow/example_dags/example_task_group_decorator.py for tasks to queue
[2024-06-07T14:05:24.663+0000] {logging_mixin.py:188} INFO - [2024-06-07T14:05:24.662+0000] {dagbag.py:545} INFO - Filling up the DagBag from /home/airflow/.local/lib/python3.12/site-packages/airflow/example_dags/example_task_group_decorator.py
[2024-06-07T14:05:24.692+0000] {processor.py:840} INFO - DAG(s) 'example_task_group_decorator' retrieved from /home/airflow/.local/lib/python3.12/site-packages/airflow/example_dags/example_task_group_decorator.py
[2024-06-07T14:05:24.734+0000] {logging_mixin.py:188} INFO - [2024-06-07T14:05:24.733+0000] {dag.py:3096} INFO - Sync 1 DAGs
[2024-06-07T14:05:24.767+0000] {logging_mixin.py:188} INFO - [2024-06-07T14:05:24.767+0000] {dag.py:3954} INFO - Setting next_dagrun for example_task_group_decorator to 2024-06-06 00:00:00+00:00, run_after=2024-06-07 00:00:00+00:00
[2024-06-07T14:05:24.800+0000] {processor.py:183} INFO - Processing /home/airflow/.local/lib/python3.12/site-packages/airflow/example_dags/example_task_group_decorator.py took 0.151 seconds
[2024-06-07T14:05:55.692+0000] {processor.py:161} INFO - Started process (PID=572) to work on /home/airflow/.local/lib/python3.12/site-packages/airflow/example_dags/example_task_group_decorator.py
[2024-06-07T14:05:55.693+0000] {processor.py:830} INFO - Processing file /home/airflow/.local/lib/python3.12/site-packages/airflow/example_dags/example_task_group_decorator.py for tasks to queue
[2024-06-07T14:05:55.696+0000] {logging_mixin.py:188} INFO - [2024-06-07T14:05:55.696+0000] {dagbag.py:545} INFO - Filling up the DagBag from /home/airflow/.local/lib/python3.12/site-packages/airflow/example_dags/example_task_group_decorator.py
[2024-06-07T14:05:55.715+0000] {processor.py:840} INFO - DAG(s) 'example_task_group_decorator' retrieved from /home/airflow/.local/lib/python3.12/site-packages/airflow/example_dags/example_task_group_decorator.py
[2024-06-07T14:05:55.743+0000] {logging_mixin.py:188} INFO - [2024-06-07T14:05:55.742+0000] {dag.py:3096} INFO - Sync 1 DAGs
[2024-06-07T14:05:55.765+0000] {logging_mixin.py:188} INFO - [2024-06-07T14:05:55.765+0000] {dag.py:3954} INFO - Setting next_dagrun for example_task_group_decorator to 2024-06-06 00:00:00+00:00, run_after=2024-06-07 00:00:00+00:00
[2024-06-07T14:05:55.788+0000] {processor.py:183} INFO - Processing /home/airflow/.local/lib/python3.12/site-packages/airflow/example_dags/example_task_group_decorator.py took 0.102 seconds
[2024-06-07T14:06:26.252+0000] {processor.py:161} INFO - Started process (PID=632) to work on /home/airflow/.local/lib/python3.12/site-packages/airflow/example_dags/example_task_group_decorator.py
[2024-06-07T14:06:26.253+0000] {processor.py:830} INFO - Processing file /home/airflow/.local/lib/python3.12/site-packages/airflow/example_dags/example_task_group_decorator.py for tasks to queue
[2024-06-07T14:06:26.255+0000] {logging_mixin.py:188} INFO - [2024-06-07T14:06:26.254+0000] {dagbag.py:545} INFO - Filling up the DagBag from /home/airflow/.local/lib/python3.12/site-packages/airflow/example_dags/example_task_group_decorator.py
[2024-06-07T14:06:26.270+0000] {processor.py:840} INFO - DAG(s) 'example_task_group_decorator' retrieved from /home/airflow/.local/lib/python3.12/site-packages/airflow/example_dags/example_task_group_decorator.py
[2024-06-07T14:06:26.303+0000] {logging_mixin.py:188} INFO - [2024-06-07T14:06:26.303+0000] {dag.py:3096} INFO - Sync 1 DAGs
[2024-06-07T14:06:26.327+0000] {logging_mixin.py:188} INFO - [2024-06-07T14:06:26.327+0000] {dag.py:3954} INFO - Setting next_dagrun for example_task_group_decorator to 2024-06-06 00:00:00+00:00, run_after=2024-06-07 00:00:00+00:00
[2024-06-07T14:06:26.347+0000] {processor.py:183} INFO - Processing /home/airflow/.local/lib/python3.12/site-packages/airflow/example_dags/example_task_group_decorator.py took 0.102 seconds
[2024-06-07T14:06:57.086+0000] {processor.py:161} INFO - Started process (PID=692) to work on /home/airflow/.local/lib/python3.12/site-packages/airflow/example_dags/example_task_group_decorator.py
[2024-06-07T14:06:57.087+0000] {processor.py:830} INFO - Processing file /home/airflow/.local/lib/python3.12/site-packages/airflow/example_dags/example_task_group_decorator.py for tasks to queue
[2024-06-07T14:06:57.090+0000] {logging_mixin.py:188} INFO - [2024-06-07T14:06:57.089+0000] {dagbag.py:545} INFO - Filling up the DagBag from /home/airflow/.local/lib/python3.12/site-packages/airflow/example_dags/example_task_group_decorator.py
[2024-06-07T14:06:57.105+0000] {processor.py:840} INFO - DAG(s) 'example_task_group_decorator' retrieved from /home/airflow/.local/lib/python3.12/site-packages/airflow/example_dags/example_task_group_decorator.py
[2024-06-07T14:06:57.132+0000] {logging_mixin.py:188} INFO - [2024-06-07T14:06:57.131+0000] {dag.py:3096} INFO - Sync 1 DAGs
[2024-06-07T14:06:57.156+0000] {logging_mixin.py:188} INFO - [2024-06-07T14:06:57.155+0000] {dag.py:3954} INFO - Setting next_dagrun for example_task_group_decorator to 2024-06-06 00:00:00+00:00, run_after=2024-06-07 00:00:00+00:00
[2024-06-07T14:06:57.177+0000] {processor.py:183} INFO - Processing /home/airflow/.local/lib/python3.12/site-packages/airflow/example_dags/example_task_group_decorator.py took 0.097 seconds
[2024-06-07T14:07:27.362+0000] {processor.py:161} INFO - Started process (PID=752) to work on /home/airflow/.local/lib/python3.12/site-packages/airflow/example_dags/example_task_group_decorator.py
[2024-06-07T14:07:27.363+0000] {processor.py:830} INFO - Processing file /home/airflow/.local/lib/python3.12/site-packages/airflow/example_dags/example_task_group_decorator.py for tasks to queue
[2024-06-07T14:07:27.365+0000] {logging_mixin.py:188} INFO - [2024-06-07T14:07:27.365+0000] {dagbag.py:545} INFO - Filling up the DagBag from /home/airflow/.local/lib/python3.12/site-packages/airflow/example_dags/example_task_group_decorator.py
[2024-06-07T14:07:27.380+0000] {processor.py:840} INFO - DAG(s) 'example_task_group_decorator' retrieved from /home/airflow/.local/lib/python3.12/site-packages/airflow/example_dags/example_task_group_decorator.py
[2024-06-07T14:07:27.409+0000] {logging_mixin.py:188} INFO - [2024-06-07T14:07:27.409+0000] {dag.py:3096} INFO - Sync 1 DAGs
[2024-06-07T14:07:27.433+0000] {logging_mixin.py:188} INFO - [2024-06-07T14:07:27.432+0000] {dag.py:3954} INFO - Setting next_dagrun for example_task_group_decorator to 2024-06-06 00:00:00+00:00, run_after=2024-06-07 00:00:00+00:00
[2024-06-07T14:07:27.453+0000] {processor.py:183} INFO - Processing /home/airflow/.local/lib/python3.12/site-packages/airflow/example_dags/example_task_group_decorator.py took 0.097 seconds
[2024-06-07T14:07:57.800+0000] {processor.py:161} INFO - Started process (PID=812) to work on /home/airflow/.local/lib/python3.12/site-packages/airflow/example_dags/example_task_group_decorator.py
[2024-06-07T14:07:57.804+0000] {processor.py:830} INFO - Processing file /home/airflow/.local/lib/python3.12/site-packages/airflow/example_dags/example_task_group_decorator.py for tasks to queue
[2024-06-07T14:07:57.806+0000] {logging_mixin.py:188} INFO - [2024-06-07T14:07:57.806+0000] {dagbag.py:545} INFO - Filling up the DagBag from /home/airflow/.local/lib/python3.12/site-packages/airflow/example_dags/example_task_group_decorator.py
[2024-06-07T14:07:57.838+0000] {processor.py:840} INFO - DAG(s) 'example_task_group_decorator' retrieved from /home/airflow/.local/lib/python3.12/site-packages/airflow/example_dags/example_task_group_decorator.py
[2024-06-07T14:07:57.887+0000] {logging_mixin.py:188} INFO - [2024-06-07T14:07:57.886+0000] {dag.py:3096} INFO - Sync 1 DAGs
[2024-06-07T14:07:57.942+0000] {logging_mixin.py:188} INFO - [2024-06-07T14:07:57.942+0000] {dag.py:3954} INFO - Setting next_dagrun for example_task_group_decorator to 2024-06-06 00:00:00+00:00, run_after=2024-06-07 00:00:00+00:00
[2024-06-07T14:07:57.980+0000] {processor.py:183} INFO - Processing /home/airflow/.local/lib/python3.12/site-packages/airflow/example_dags/example_task_group_decorator.py took 0.191 seconds
[2024-06-07T14:08:28.269+0000] {processor.py:161} INFO - Started process (PID=870) to work on /home/airflow/.local/lib/python3.12/site-packages/airflow/example_dags/example_task_group_decorator.py
[2024-06-07T14:08:28.270+0000] {processor.py:830} INFO - Processing file /home/airflow/.local/lib/python3.12/site-packages/airflow/example_dags/example_task_group_decorator.py for tasks to queue
[2024-06-07T14:08:28.272+0000] {logging_mixin.py:188} INFO - [2024-06-07T14:08:28.272+0000] {dagbag.py:545} INFO - Filling up the DagBag from /home/airflow/.local/lib/python3.12/site-packages/airflow/example_dags/example_task_group_decorator.py
[2024-06-07T14:08:28.288+0000] {processor.py:840} INFO - DAG(s) 'example_task_group_decorator' retrieved from /home/airflow/.local/lib/python3.12/site-packages/airflow/example_dags/example_task_group_decorator.py
[2024-06-07T14:08:28.317+0000] {logging_mixin.py:188} INFO - [2024-06-07T14:08:28.317+0000] {dag.py:3096} INFO - Sync 1 DAGs
[2024-06-07T14:08:28.349+0000] {logging_mixin.py:188} INFO - [2024-06-07T14:08:28.348+0000] {dag.py:3954} INFO - Setting next_dagrun for example_task_group_decorator to 2024-06-06 00:00:00+00:00, run_after=2024-06-07 00:00:00+00:00
[2024-06-07T14:08:28.373+0000] {processor.py:183} INFO - Processing /home/airflow/.local/lib/python3.12/site-packages/airflow/example_dags/example_task_group_decorator.py took 0.113 seconds
[2024-06-07T14:08:58.768+0000] {processor.py:161} INFO - Started process (PID=930) to work on /home/airflow/.local/lib/python3.12/site-packages/airflow/example_dags/example_task_group_decorator.py
[2024-06-07T14:08:58.770+0000] {processor.py:830} INFO - Processing file /home/airflow/.local/lib/python3.12/site-packages/airflow/example_dags/example_task_group_decorator.py for tasks to queue
[2024-06-07T14:08:58.775+0000] {logging_mixin.py:188} INFO - [2024-06-07T14:08:58.774+0000] {dagbag.py:545} INFO - Filling up the DagBag from /home/airflow/.local/lib/python3.12/site-packages/airflow/example_dags/example_task_group_decorator.py
[2024-06-07T14:08:58.802+0000] {processor.py:840} INFO - DAG(s) 'example_task_group_decorator' retrieved from /home/airflow/.local/lib/python3.12/site-packages/airflow/example_dags/example_task_group_decorator.py
[2024-06-07T14:08:58.842+0000] {logging_mixin.py:188} INFO - [2024-06-07T14:08:58.842+0000] {dag.py:3096} INFO - Sync 1 DAGs
[2024-06-07T14:08:58.872+0000] {logging_mixin.py:188} INFO - [2024-06-07T14:08:58.872+0000] {dag.py:3954} INFO - Setting next_dagrun for example_task_group_decorator to 2024-06-06 00:00:00+00:00, run_after=2024-06-07 00:00:00+00:00
[2024-06-07T14:08:58.892+0000] {processor.py:183} INFO - Processing /home/airflow/.local/lib/python3.12/site-packages/airflow/example_dags/example_task_group_decorator.py took 0.135 seconds
[2024-06-07T14:09:29.390+0000] {processor.py:161} INFO - Started process (PID=990) to work on /home/airflow/.local/lib/python3.12/site-packages/airflow/example_dags/example_task_group_decorator.py
[2024-06-07T14:09:29.391+0000] {processor.py:830} INFO - Processing file /home/airflow/.local/lib/python3.12/site-packages/airflow/example_dags/example_task_group_decorator.py for tasks to queue
[2024-06-07T14:09:29.393+0000] {logging_mixin.py:188} INFO - [2024-06-07T14:09:29.393+0000] {dagbag.py:545} INFO - Filling up the DagBag from /home/airflow/.local/lib/python3.12/site-packages/airflow/example_dags/example_task_group_decorator.py
[2024-06-07T14:09:29.409+0000] {processor.py:840} INFO - DAG(s) 'example_task_group_decorator' retrieved from /home/airflow/.local/lib/python3.12/site-packages/airflow/example_dags/example_task_group_decorator.py
[2024-06-07T14:09:29.436+0000] {logging_mixin.py:188} INFO - [2024-06-07T14:09:29.435+0000] {dag.py:3096} INFO - Sync 1 DAGs
[2024-06-07T14:09:29.457+0000] {logging_mixin.py:188} INFO - [2024-06-07T14:09:29.457+0000] {dag.py:3954} INFO - Setting next_dagrun for example_task_group_decorator to 2024-06-06 00:00:00+00:00, run_after=2024-06-07 00:00:00+00:00
[2024-06-07T14:09:29.477+0000] {processor.py:183} INFO - Processing /home/airflow/.local/lib/python3.12/site-packages/airflow/example_dags/example_task_group_decorator.py took 0.093 seconds
[2024-06-07T14:10:00.058+0000] {processor.py:161} INFO - Started process (PID=1052) to work on /home/airflow/.local/lib/python3.12/site-packages/airflow/example_dags/example_task_group_decorator.py
[2024-06-07T14:10:00.061+0000] {processor.py:830} INFO - Processing file /home/airflow/.local/lib/python3.12/site-packages/airflow/example_dags/example_task_group_decorator.py for tasks to queue
[2024-06-07T14:10:00.066+0000] {logging_mixin.py:188} INFO - [2024-06-07T14:10:00.064+0000] {dagbag.py:545} INFO - Filling up the DagBag from /home/airflow/.local/lib/python3.12/site-packages/airflow/example_dags/example_task_group_decorator.py
[2024-06-07T14:10:00.098+0000] {processor.py:840} INFO - DAG(s) 'example_task_group_decorator' retrieved from /home/airflow/.local/lib/python3.12/site-packages/airflow/example_dags/example_task_group_decorator.py
[2024-06-07T14:10:00.189+0000] {logging_mixin.py:188} INFO - [2024-06-07T14:10:00.189+0000] {dag.py:3096} INFO - Sync 1 DAGs
[2024-06-07T14:10:00.264+0000] {logging_mixin.py:188} INFO - [2024-06-07T14:10:00.263+0000] {dag.py:3954} INFO - Setting next_dagrun for example_task_group_decorator to 2024-06-06 00:00:00+00:00, run_after=2024-06-07 00:00:00+00:00
[2024-06-07T14:10:00.320+0000] {processor.py:183} INFO - Processing /home/airflow/.local/lib/python3.12/site-packages/airflow/example_dags/example_task_group_decorator.py took 0.283 seconds
[2024-06-07T14:10:30.691+0000] {processor.py:161} INFO - Started process (PID=1112) to work on /home/airflow/.local/lib/python3.12/site-packages/airflow/example_dags/example_task_group_decorator.py
[2024-06-07T14:10:30.692+0000] {processor.py:830} INFO - Processing file /home/airflow/.local/lib/python3.12/site-packages/airflow/example_dags/example_task_group_decorator.py for tasks to queue
[2024-06-07T14:10:30.696+0000] {logging_mixin.py:188} INFO - [2024-06-07T14:10:30.696+0000] {dagbag.py:545} INFO - Filling up the DagBag from /home/airflow/.local/lib/python3.12/site-packages/airflow/example_dags/example_task_group_decorator.py
[2024-06-07T14:10:30.715+0000] {processor.py:840} INFO - DAG(s) 'example_task_group_decorator' retrieved from /home/airflow/.local/lib/python3.12/site-packages/airflow/example_dags/example_task_group_decorator.py
[2024-06-07T14:10:30.750+0000] {logging_mixin.py:188} INFO - [2024-06-07T14:10:30.749+0000] {dag.py:3096} INFO - Sync 1 DAGs
[2024-06-07T14:10:30.780+0000] {logging_mixin.py:188} INFO - [2024-06-07T14:10:30.780+0000] {dag.py:3954} INFO - Setting next_dagrun for example_task_group_decorator to 2024-06-06 00:00:00+00:00, run_after=2024-06-07 00:00:00+00:00
[2024-06-07T14:10:30.808+0000] {processor.py:183} INFO - Processing /home/airflow/.local/lib/python3.12/site-packages/airflow/example_dags/example_task_group_decorator.py took 0.126 seconds
[2024-06-07T14:11:00.965+0000] {processor.py:161} INFO - Started process (PID=1172) to work on /home/airflow/.local/lib/python3.12/site-packages/airflow/example_dags/example_task_group_decorator.py
[2024-06-07T14:11:00.967+0000] {processor.py:830} INFO - Processing file /home/airflow/.local/lib/python3.12/site-packages/airflow/example_dags/example_task_group_decorator.py for tasks to queue
[2024-06-07T14:11:00.971+0000] {logging_mixin.py:188} INFO - [2024-06-07T14:11:00.970+0000] {dagbag.py:545} INFO - Filling up the DagBag from /home/airflow/.local/lib/python3.12/site-packages/airflow/example_dags/example_task_group_decorator.py
[2024-06-07T14:11:01.010+0000] {processor.py:840} INFO - DAG(s) 'example_task_group_decorator' retrieved from /home/airflow/.local/lib/python3.12/site-packages/airflow/example_dags/example_task_group_decorator.py
[2024-06-07T14:11:01.047+0000] {logging_mixin.py:188} INFO - [2024-06-07T14:11:01.047+0000] {dag.py:3096} INFO - Sync 1 DAGs
[2024-06-07T14:11:01.078+0000] {logging_mixin.py:188} INFO - [2024-06-07T14:11:01.077+0000] {dag.py:3954} INFO - Setting next_dagrun for example_task_group_decorator to 2024-06-06 00:00:00+00:00, run_after=2024-06-07 00:00:00+00:00
[2024-06-07T14:11:01.104+0000] {processor.py:183} INFO - Processing /home/airflow/.local/lib/python3.12/site-packages/airflow/example_dags/example_task_group_decorator.py took 0.149 seconds
[2024-06-07T14:11:31.554+0000] {processor.py:161} INFO - Started process (PID=1232) to work on /home/airflow/.local/lib/python3.12/site-packages/airflow/example_dags/example_task_group_decorator.py
[2024-06-07T14:11:31.556+0000] {processor.py:830} INFO - Processing file /home/airflow/.local/lib/python3.12/site-packages/airflow/example_dags/example_task_group_decorator.py for tasks to queue
[2024-06-07T14:11:31.558+0000] {logging_mixin.py:188} INFO - [2024-06-07T14:11:31.557+0000] {dagbag.py:545} INFO - Filling up the DagBag from /home/airflow/.local/lib/python3.12/site-packages/airflow/example_dags/example_task_group_decorator.py
[2024-06-07T14:11:31.582+0000] {processor.py:840} INFO - DAG(s) 'example_task_group_decorator' retrieved from /home/airflow/.local/lib/python3.12/site-packages/airflow/example_dags/example_task_group_decorator.py
[2024-06-07T14:11:31.618+0000] {logging_mixin.py:188} INFO - [2024-06-07T14:11:31.618+0000] {dag.py:3096} INFO - Sync 1 DAGs
[2024-06-07T14:11:31.649+0000] {logging_mixin.py:188} INFO - [2024-06-07T14:11:31.648+0000] {dag.py:3954} INFO - Setting next_dagrun for example_task_group_decorator to 2024-06-06 00:00:00+00:00, run_after=2024-06-07 00:00:00+00:00
[2024-06-07T14:11:31.675+0000] {processor.py:183} INFO - Processing /home/airflow/.local/lib/python3.12/site-packages/airflow/example_dags/example_task_group_decorator.py took 0.127 seconds
[2024-06-07T14:12:03.828+0000] {processor.py:161} INFO - Started process (PID=1292) to work on /home/airflow/.local/lib/python3.12/site-packages/airflow/example_dags/example_task_group_decorator.py
[2024-06-07T14:12:03.830+0000] {processor.py:830} INFO - Processing file /home/airflow/.local/lib/python3.12/site-packages/airflow/example_dags/example_task_group_decorator.py for tasks to queue
[2024-06-07T14:12:03.832+0000] {logging_mixin.py:188} INFO - [2024-06-07T14:12:03.832+0000] {dagbag.py:545} INFO - Filling up the DagBag from /home/airflow/.local/lib/python3.12/site-packages/airflow/example_dags/example_task_group_decorator.py
[2024-06-07T14:12:03.857+0000] {processor.py:840} INFO - DAG(s) 'example_task_group_decorator' retrieved from /home/airflow/.local/lib/python3.12/site-packages/airflow/example_dags/example_task_group_decorator.py
[2024-06-07T14:12:03.899+0000] {logging_mixin.py:188} INFO - [2024-06-07T14:12:03.898+0000] {dag.py:3096} INFO - Sync 1 DAGs
[2024-06-07T14:12:03.930+0000] {logging_mixin.py:188} INFO - [2024-06-07T14:12:03.929+0000] {dag.py:3954} INFO - Setting next_dagrun for example_task_group_decorator to 2024-06-06 00:00:00+00:00, run_after=2024-06-07 00:00:00+00:00
[2024-06-07T14:12:03.966+0000] {processor.py:183} INFO - Processing /home/airflow/.local/lib/python3.12/site-packages/airflow/example_dags/example_task_group_decorator.py took 0.146 seconds
[2024-06-07T14:12:34.117+0000] {processor.py:161} INFO - Started process (PID=1352) to work on /home/airflow/.local/lib/python3.12/site-packages/airflow/example_dags/example_task_group_decorator.py
[2024-06-07T14:12:34.118+0000] {processor.py:830} INFO - Processing file /home/airflow/.local/lib/python3.12/site-packages/airflow/example_dags/example_task_group_decorator.py for tasks to queue
[2024-06-07T14:12:34.120+0000] {logging_mixin.py:188} INFO - [2024-06-07T14:12:34.119+0000] {dagbag.py:545} INFO - Filling up the DagBag from /home/airflow/.local/lib/python3.12/site-packages/airflow/example_dags/example_task_group_decorator.py
[2024-06-07T14:12:34.136+0000] {processor.py:840} INFO - DAG(s) 'example_task_group_decorator' retrieved from /home/airflow/.local/lib/python3.12/site-packages/airflow/example_dags/example_task_group_decorator.py
[2024-06-07T14:12:34.164+0000] {logging_mixin.py:188} INFO - [2024-06-07T14:12:34.163+0000] {dag.py:3096} INFO - Sync 1 DAGs
[2024-06-07T14:12:34.187+0000] {logging_mixin.py:188} INFO - [2024-06-07T14:12:34.187+0000] {dag.py:3954} INFO - Setting next_dagrun for example_task_group_decorator to 2024-06-06 00:00:00+00:00, run_after=2024-06-07 00:00:00+00:00
[2024-06-07T14:12:34.208+0000] {processor.py:183} INFO - Processing /home/airflow/.local/lib/python3.12/site-packages/airflow/example_dags/example_task_group_decorator.py took 0.099 seconds
[2024-06-07T14:13:06.275+0000] {processor.py:161} INFO - Started process (PID=1412) to work on /home/airflow/.local/lib/python3.12/site-packages/airflow/example_dags/example_task_group_decorator.py
[2024-06-07T14:13:06.279+0000] {processor.py:830} INFO - Processing file /home/airflow/.local/lib/python3.12/site-packages/airflow/example_dags/example_task_group_decorator.py for tasks to queue
[2024-06-07T14:13:06.286+0000] {logging_mixin.py:188} INFO - [2024-06-07T14:13:06.285+0000] {dagbag.py:545} INFO - Filling up the DagBag from /home/airflow/.local/lib/python3.12/site-packages/airflow/example_dags/example_task_group_decorator.py
[2024-06-07T14:13:06.355+0000] {processor.py:840} INFO - DAG(s) 'example_task_group_decorator' retrieved from /home/airflow/.local/lib/python3.12/site-packages/airflow/example_dags/example_task_group_decorator.py
[2024-06-07T14:13:06.426+0000] {logging_mixin.py:188} INFO - [2024-06-07T14:13:06.425+0000] {dag.py:3096} INFO - Sync 1 DAGs
[2024-06-07T14:13:06.495+0000] {logging_mixin.py:188} INFO - [2024-06-07T14:13:06.494+0000] {dag.py:3954} INFO - Setting next_dagrun for example_task_group_decorator to 2024-06-06 00:00:00+00:00, run_after=2024-06-07 00:00:00+00:00
[2024-06-07T14:13:06.548+0000] {processor.py:183} INFO - Processing /home/airflow/.local/lib/python3.12/site-packages/airflow/example_dags/example_task_group_decorator.py took 0.293 seconds
[2024-06-07T14:13:37.113+0000] {processor.py:161} INFO - Started process (PID=1472) to work on /home/airflow/.local/lib/python3.12/site-packages/airflow/example_dags/example_task_group_decorator.py
[2024-06-07T14:13:37.115+0000] {processor.py:830} INFO - Processing file /home/airflow/.local/lib/python3.12/site-packages/airflow/example_dags/example_task_group_decorator.py for tasks to queue
[2024-06-07T14:13:37.117+0000] {logging_mixin.py:188} INFO - [2024-06-07T14:13:37.116+0000] {dagbag.py:545} INFO - Filling up the DagBag from /home/airflow/.local/lib/python3.12/site-packages/airflow/example_dags/example_task_group_decorator.py
[2024-06-07T14:13:37.132+0000] {processor.py:840} INFO - DAG(s) 'example_task_group_decorator' retrieved from /home/airflow/.local/lib/python3.12/site-packages/airflow/example_dags/example_task_group_decorator.py
[2024-06-07T14:13:37.162+0000] {logging_mixin.py:188} INFO - [2024-06-07T14:13:37.162+0000] {dag.py:3096} INFO - Sync 1 DAGs
[2024-06-07T14:13:37.188+0000] {logging_mixin.py:188} INFO - [2024-06-07T14:13:37.188+0000] {dag.py:3954} INFO - Setting next_dagrun for example_task_group_decorator to 2024-06-06 00:00:00+00:00, run_after=2024-06-07 00:00:00+00:00
[2024-06-07T14:13:37.209+0000] {processor.py:183} INFO - Processing /home/airflow/.local/lib/python3.12/site-packages/airflow/example_dags/example_task_group_decorator.py took 0.102 seconds
[2024-06-07T14:14:07.526+0000] {processor.py:161} INFO - Started process (PID=1532) to work on /home/airflow/.local/lib/python3.12/site-packages/airflow/example_dags/example_task_group_decorator.py
[2024-06-07T14:14:07.527+0000] {processor.py:830} INFO - Processing file /home/airflow/.local/lib/python3.12/site-packages/airflow/example_dags/example_task_group_decorator.py for tasks to queue
[2024-06-07T14:14:07.529+0000] {logging_mixin.py:188} INFO - [2024-06-07T14:14:07.529+0000] {dagbag.py:545} INFO - Filling up the DagBag from /home/airflow/.local/lib/python3.12/site-packages/airflow/example_dags/example_task_group_decorator.py
[2024-06-07T14:14:07.544+0000] {processor.py:840} INFO - DAG(s) 'example_task_group_decorator' retrieved from /home/airflow/.local/lib/python3.12/site-packages/airflow/example_dags/example_task_group_decorator.py
[2024-06-07T14:14:07.574+0000] {logging_mixin.py:188} INFO - [2024-06-07T14:14:07.574+0000] {dag.py:3096} INFO - Sync 1 DAGs
[2024-06-07T14:14:07.597+0000] {logging_mixin.py:188} INFO - [2024-06-07T14:14:07.597+0000] {dag.py:3954} INFO - Setting next_dagrun for example_task_group_decorator to 2024-06-06 00:00:00+00:00, run_after=2024-06-07 00:00:00+00:00
[2024-06-07T14:14:07.617+0000] {processor.py:183} INFO - Processing /home/airflow/.local/lib/python3.12/site-packages/airflow/example_dags/example_task_group_decorator.py took 0.097 seconds
[2024-06-07T14:14:37.939+0000] {processor.py:161} INFO - Started process (PID=1592) to work on /home/airflow/.local/lib/python3.12/site-packages/airflow/example_dags/example_task_group_decorator.py
[2024-06-07T14:14:37.940+0000] {processor.py:830} INFO - Processing file /home/airflow/.local/lib/python3.12/site-packages/airflow/example_dags/example_task_group_decorator.py for tasks to queue
[2024-06-07T14:14:37.942+0000] {logging_mixin.py:188} INFO - [2024-06-07T14:14:37.941+0000] {dagbag.py:545} INFO - Filling up the DagBag from /home/airflow/.local/lib/python3.12/site-packages/airflow/example_dags/example_task_group_decorator.py
[2024-06-07T14:14:37.958+0000] {processor.py:840} INFO - DAG(s) 'example_task_group_decorator' retrieved from /home/airflow/.local/lib/python3.12/site-packages/airflow/example_dags/example_task_group_decorator.py
[2024-06-07T14:14:37.987+0000] {logging_mixin.py:188} INFO - [2024-06-07T14:14:37.987+0000] {dag.py:3096} INFO - Sync 1 DAGs
[2024-06-07T14:14:38.012+0000] {logging_mixin.py:188} INFO - [2024-06-07T14:14:38.011+0000] {dag.py:3954} INFO - Setting next_dagrun for example_task_group_decorator to 2024-06-06 00:00:00+00:00, run_after=2024-06-07 00:00:00+00:00
[2024-06-07T14:14:38.033+0000] {processor.py:183} INFO - Processing /home/airflow/.local/lib/python3.12/site-packages/airflow/example_dags/example_task_group_decorator.py took 0.100 seconds
[2024-06-07T14:15:09.464+0000] {processor.py:161} INFO - Started process (PID=1651) to work on /home/airflow/.local/lib/python3.12/site-packages/airflow/example_dags/example_task_group_decorator.py
[2024-06-07T14:15:09.468+0000] {processor.py:830} INFO - Processing file /home/airflow/.local/lib/python3.12/site-packages/airflow/example_dags/example_task_group_decorator.py for tasks to queue
[2024-06-07T14:15:09.471+0000] {logging_mixin.py:188} INFO - [2024-06-07T14:15:09.471+0000] {dagbag.py:545} INFO - Filling up the DagBag from /home/airflow/.local/lib/python3.12/site-packages/airflow/example_dags/example_task_group_decorator.py
[2024-06-07T14:15:09.497+0000] {processor.py:840} INFO - DAG(s) 'example_task_group_decorator' retrieved from /home/airflow/.local/lib/python3.12/site-packages/airflow/example_dags/example_task_group_decorator.py
[2024-06-07T14:15:09.561+0000] {logging_mixin.py:188} INFO - [2024-06-07T14:15:09.560+0000] {dag.py:3096} INFO - Sync 1 DAGs
[2024-06-07T14:15:09.607+0000] {logging_mixin.py:188} INFO - [2024-06-07T14:15:09.607+0000] {dag.py:3954} INFO - Setting next_dagrun for example_task_group_decorator to 2024-06-06 00:00:00+00:00, run_after=2024-06-07 00:00:00+00:00
[2024-06-07T14:15:09.636+0000] {processor.py:183} INFO - Processing /home/airflow/.local/lib/python3.12/site-packages/airflow/example_dags/example_task_group_decorator.py took 0.186 seconds
[2024-06-07T14:15:39.896+0000] {processor.py:161} INFO - Started process (PID=1710) to work on /home/airflow/.local/lib/python3.12/site-packages/airflow/example_dags/example_task_group_decorator.py
[2024-06-07T14:15:39.897+0000] {processor.py:830} INFO - Processing file /home/airflow/.local/lib/python3.12/site-packages/airflow/example_dags/example_task_group_decorator.py for tasks to queue
[2024-06-07T14:15:39.899+0000] {logging_mixin.py:188} INFO - [2024-06-07T14:15:39.899+0000] {dagbag.py:545} INFO - Filling up the DagBag from /home/airflow/.local/lib/python3.12/site-packages/airflow/example_dags/example_task_group_decorator.py
[2024-06-07T14:15:39.920+0000] {processor.py:840} INFO - DAG(s) 'example_task_group_decorator' retrieved from /home/airflow/.local/lib/python3.12/site-packages/airflow/example_dags/example_task_group_decorator.py
[2024-06-07T14:15:39.951+0000] {logging_mixin.py:188} INFO - [2024-06-07T14:15:39.950+0000] {dag.py:3096} INFO - Sync 1 DAGs
[2024-06-07T14:15:39.979+0000] {logging_mixin.py:188} INFO - [2024-06-07T14:15:39.978+0000] {dag.py:3954} INFO - Setting next_dagrun for example_task_group_decorator to 2024-06-06 00:00:00+00:00, run_after=2024-06-07 00:00:00+00:00
[2024-06-07T14:15:40.003+0000] {processor.py:183} INFO - Processing /home/airflow/.local/lib/python3.12/site-packages/airflow/example_dags/example_task_group_decorator.py took 0.120 seconds
[2024-06-07T14:16:11.056+0000] {processor.py:161} INFO - Started process (PID=1770) to work on /home/airflow/.local/lib/python3.12/site-packages/airflow/example_dags/example_task_group_decorator.py
[2024-06-07T14:16:11.058+0000] {processor.py:830} INFO - Processing file /home/airflow/.local/lib/python3.12/site-packages/airflow/example_dags/example_task_group_decorator.py for tasks to queue
[2024-06-07T14:16:11.061+0000] {logging_mixin.py:188} INFO - [2024-06-07T14:16:11.060+0000] {dagbag.py:545} INFO - Filling up the DagBag from /home/airflow/.local/lib/python3.12/site-packages/airflow/example_dags/example_task_group_decorator.py
[2024-06-07T14:16:11.078+0000] {processor.py:840} INFO - DAG(s) 'example_task_group_decorator' retrieved from /home/airflow/.local/lib/python3.12/site-packages/airflow/example_dags/example_task_group_decorator.py
[2024-06-07T14:16:11.107+0000] {logging_mixin.py:188} INFO - [2024-06-07T14:16:11.107+0000] {dag.py:3096} INFO - Sync 1 DAGs
[2024-06-07T14:16:11.309+0000] {logging_mixin.py:188} INFO - [2024-06-07T14:16:11.308+0000] {dag.py:3954} INFO - Setting next_dagrun for example_task_group_decorator to 2024-06-06 00:00:00+00:00, run_after=2024-06-07 00:00:00+00:00
[2024-06-07T14:16:11.332+0000] {processor.py:183} INFO - Processing /home/airflow/.local/lib/python3.12/site-packages/airflow/example_dags/example_task_group_decorator.py took 0.284 seconds
[2024-06-07T14:16:41.962+0000] {processor.py:161} INFO - Started process (PID=1830) to work on /home/airflow/.local/lib/python3.12/site-packages/airflow/example_dags/example_task_group_decorator.py
[2024-06-07T14:16:41.964+0000] {processor.py:830} INFO - Processing file /home/airflow/.local/lib/python3.12/site-packages/airflow/example_dags/example_task_group_decorator.py for tasks to queue
[2024-06-07T14:16:41.967+0000] {logging_mixin.py:188} INFO - [2024-06-07T14:16:41.966+0000] {dagbag.py:545} INFO - Filling up the DagBag from /home/airflow/.local/lib/python3.12/site-packages/airflow/example_dags/example_task_group_decorator.py
[2024-06-07T14:16:41.991+0000] {processor.py:840} INFO - DAG(s) 'example_task_group_decorator' retrieved from /home/airflow/.local/lib/python3.12/site-packages/airflow/example_dags/example_task_group_decorator.py
[2024-06-07T14:16:42.025+0000] {logging_mixin.py:188} INFO - [2024-06-07T14:16:42.024+0000] {dag.py:3096} INFO - Sync 1 DAGs
[2024-06-07T14:16:42.051+0000] {logging_mixin.py:188} INFO - [2024-06-07T14:16:42.051+0000] {dag.py:3954} INFO - Setting next_dagrun for example_task_group_decorator to 2024-06-06 00:00:00+00:00, run_after=2024-06-07 00:00:00+00:00
[2024-06-07T14:16:42.237+0000] {processor.py:183} INFO - Processing /home/airflow/.local/lib/python3.12/site-packages/airflow/example_dags/example_task_group_decorator.py took 0.285 seconds
[2024-06-07T14:17:12.521+0000] {processor.py:161} INFO - Started process (PID=1890) to work on /home/airflow/.local/lib/python3.12/site-packages/airflow/example_dags/example_task_group_decorator.py
[2024-06-07T14:17:12.522+0000] {processor.py:830} INFO - Processing file /home/airflow/.local/lib/python3.12/site-packages/airflow/example_dags/example_task_group_decorator.py for tasks to queue
[2024-06-07T14:17:12.525+0000] {logging_mixin.py:188} INFO - [2024-06-07T14:17:12.524+0000] {dagbag.py:545} INFO - Filling up the DagBag from /home/airflow/.local/lib/python3.12/site-packages/airflow/example_dags/example_task_group_decorator.py
[2024-06-07T14:17:12.540+0000] {processor.py:840} INFO - DAG(s) 'example_task_group_decorator' retrieved from /home/airflow/.local/lib/python3.12/site-packages/airflow/example_dags/example_task_group_decorator.py
[2024-06-07T14:17:12.567+0000] {logging_mixin.py:188} INFO - [2024-06-07T14:17:12.566+0000] {dag.py:3096} INFO - Sync 1 DAGs
[2024-06-07T14:17:12.592+0000] {logging_mixin.py:188} INFO - [2024-06-07T14:17:12.591+0000] {dag.py:3954} INFO - Setting next_dagrun for example_task_group_decorator to 2024-06-06 00:00:00+00:00, run_after=2024-06-07 00:00:00+00:00
[2024-06-07T14:17:12.761+0000] {processor.py:183} INFO - Processing /home/airflow/.local/lib/python3.12/site-packages/airflow/example_dags/example_task_group_decorator.py took 0.247 seconds
[2024-06-07T14:17:43.574+0000] {processor.py:161} INFO - Started process (PID=1950) to work on /home/airflow/.local/lib/python3.12/site-packages/airflow/example_dags/example_task_group_decorator.py
[2024-06-07T14:17:43.575+0000] {processor.py:830} INFO - Processing file /home/airflow/.local/lib/python3.12/site-packages/airflow/example_dags/example_task_group_decorator.py for tasks to queue
[2024-06-07T14:17:43.577+0000] {logging_mixin.py:188} INFO - [2024-06-07T14:17:43.577+0000] {dagbag.py:545} INFO - Filling up the DagBag from /home/airflow/.local/lib/python3.12/site-packages/airflow/example_dags/example_task_group_decorator.py
[2024-06-07T14:17:43.594+0000] {processor.py:840} INFO - DAG(s) 'example_task_group_decorator' retrieved from /home/airflow/.local/lib/python3.12/site-packages/airflow/example_dags/example_task_group_decorator.py
[2024-06-07T14:17:43.623+0000] {logging_mixin.py:188} INFO - [2024-06-07T14:17:43.623+0000] {dag.py:3096} INFO - Sync 1 DAGs
[2024-06-07T14:17:43.648+0000] {logging_mixin.py:188} INFO - [2024-06-07T14:17:43.648+0000] {dag.py:3954} INFO - Setting next_dagrun for example_task_group_decorator to 2024-06-06 00:00:00+00:00, run_after=2024-06-07 00:00:00+00:00
[2024-06-07T14:17:43.674+0000] {processor.py:183} INFO - Processing /home/airflow/.local/lib/python3.12/site-packages/airflow/example_dags/example_task_group_decorator.py took 0.106 seconds
[2024-06-07T14:18:13.872+0000] {processor.py:161} INFO - Started process (PID=2010) to work on /home/airflow/.local/lib/python3.12/site-packages/airflow/example_dags/example_task_group_decorator.py
[2024-06-07T14:18:13.873+0000] {processor.py:830} INFO - Processing file /home/airflow/.local/lib/python3.12/site-packages/airflow/example_dags/example_task_group_decorator.py for tasks to queue
[2024-06-07T14:18:13.876+0000] {logging_mixin.py:188} INFO - [2024-06-07T14:18:13.875+0000] {dagbag.py:545} INFO - Filling up the DagBag from /home/airflow/.local/lib/python3.12/site-packages/airflow/example_dags/example_task_group_decorator.py
[2024-06-07T14:18:13.895+0000] {processor.py:840} INFO - DAG(s) 'example_task_group_decorator' retrieved from /home/airflow/.local/lib/python3.12/site-packages/airflow/example_dags/example_task_group_decorator.py
[2024-06-07T14:18:13.931+0000] {logging_mixin.py:188} INFO - [2024-06-07T14:18:13.931+0000] {dag.py:3096} INFO - Sync 1 DAGs
[2024-06-07T14:18:13.958+0000] {logging_mixin.py:188} INFO - [2024-06-07T14:18:13.958+0000] {dag.py:3954} INFO - Setting next_dagrun for example_task_group_decorator to 2024-06-06 00:00:00+00:00, run_after=2024-06-07 00:00:00+00:00
[2024-06-07T14:18:13.982+0000] {processor.py:183} INFO - Processing /home/airflow/.local/lib/python3.12/site-packages/airflow/example_dags/example_task_group_decorator.py took 0.117 seconds
