[2024-06-07T14:01:41.224+0000] {processor.py:161} INFO - Started process (PID=44) to work on /home/airflow/.local/lib/python3.12/site-packages/airflow/example_dags/example_display_name.py
[2024-06-07T14:01:41.227+0000] {processor.py:830} INFO - Processing file /home/airflow/.local/lib/python3.12/site-packages/airflow/example_dags/example_display_name.py for tasks to queue
[2024-06-07T14:01:41.234+0000] {logging_mixin.py:188} INFO - [2024-06-07T14:01:41.233+0000] {dagbag.py:545} INFO - Filling up the DagBag from /home/airflow/.local/lib/python3.12/site-packages/airflow/example_dags/example_display_name.py
[2024-06-07T14:01:41.261+0000] {processor.py:840} INFO - DAG(s) 'example_display_name' retrieved from /home/airflow/.local/lib/python3.12/site-packages/airflow/example_dags/example_display_name.py
[2024-06-07T14:01:41.538+0000] {logging_mixin.py:188} INFO - [2024-06-07T14:01:41.538+0000] {dag.py:3096} INFO - Sync 1 DAGs
[2024-06-07T14:01:41.563+0000] {logging_mixin.py:188} INFO - [2024-06-07T14:01:41.562+0000] {dag.py:3954} INFO - Setting next_dagrun for example_display_name to None, run_after=None
[2024-06-07T14:01:41.619+0000] {processor.py:183} INFO - Processing /home/airflow/.local/lib/python3.12/site-packages/airflow/example_dags/example_display_name.py took 0.406 seconds
[2024-06-07T14:02:13.287+0000] {processor.py:161} INFO - Started process (PID=113) to work on /home/airflow/.local/lib/python3.12/site-packages/airflow/example_dags/example_display_name.py
[2024-06-07T14:02:13.288+0000] {processor.py:830} INFO - Processing file /home/airflow/.local/lib/python3.12/site-packages/airflow/example_dags/example_display_name.py for tasks to queue
[2024-06-07T14:02:13.290+0000] {logging_mixin.py:188} INFO - [2024-06-07T14:02:13.290+0000] {dagbag.py:545} INFO - Filling up the DagBag from /home/airflow/.local/lib/python3.12/site-packages/airflow/example_dags/example_display_name.py
[2024-06-07T14:02:13.297+0000] {processor.py:840} INFO - DAG(s) 'example_display_name' retrieved from /home/airflow/.local/lib/python3.12/site-packages/airflow/example_dags/example_display_name.py
[2024-06-07T14:02:13.324+0000] {logging_mixin.py:188} INFO - [2024-06-07T14:02:13.324+0000] {dag.py:3096} INFO - Sync 1 DAGs
[2024-06-07T14:02:13.347+0000] {logging_mixin.py:188} INFO - [2024-06-07T14:02:13.347+0000] {dag.py:3954} INFO - Setting next_dagrun for example_display_name to None, run_after=None
[2024-06-07T14:02:13.382+0000] {processor.py:183} INFO - Processing /home/airflow/.local/lib/python3.12/site-packages/airflow/example_dags/example_display_name.py took 0.102 seconds
[2024-06-07T14:02:43.464+0000] {processor.py:161} INFO - Started process (PID=179) to work on /home/airflow/.local/lib/python3.12/site-packages/airflow/example_dags/example_display_name.py
[2024-06-07T14:02:43.465+0000] {processor.py:830} INFO - Processing file /home/airflow/.local/lib/python3.12/site-packages/airflow/example_dags/example_display_name.py for tasks to queue
[2024-06-07T14:02:43.469+0000] {logging_mixin.py:188} INFO - [2024-06-07T14:02:43.468+0000] {dagbag.py:545} INFO - Filling up the DagBag from /home/airflow/.local/lib/python3.12/site-packages/airflow/example_dags/example_display_name.py
[2024-06-07T14:02:43.486+0000] {processor.py:840} INFO - DAG(s) 'example_display_name' retrieved from /home/airflow/.local/lib/python3.12/site-packages/airflow/example_dags/example_display_name.py
[2024-06-07T14:02:43.530+0000] {logging_mixin.py:188} INFO - [2024-06-07T14:02:43.529+0000] {dag.py:3096} INFO - Sync 1 DAGs
[2024-06-07T14:02:43.575+0000] {logging_mixin.py:188} INFO - [2024-06-07T14:02:43.575+0000] {dag.py:3954} INFO - Setting next_dagrun for example_display_name to None, run_after=None
[2024-06-07T14:02:43.625+0000] {processor.py:183} INFO - Processing /home/airflow/.local/lib/python3.12/site-packages/airflow/example_dags/example_display_name.py took 0.174 seconds
[2024-06-07T14:03:14.204+0000] {processor.py:161} INFO - Started process (PID=238) to work on /home/airflow/.local/lib/python3.12/site-packages/airflow/example_dags/example_display_name.py
[2024-06-07T14:03:14.206+0000] {processor.py:830} INFO - Processing file /home/airflow/.local/lib/python3.12/site-packages/airflow/example_dags/example_display_name.py for tasks to queue
[2024-06-07T14:03:14.208+0000] {logging_mixin.py:188} INFO - [2024-06-07T14:03:14.208+0000] {dagbag.py:545} INFO - Filling up the DagBag from /home/airflow/.local/lib/python3.12/site-packages/airflow/example_dags/example_display_name.py
[2024-06-07T14:03:14.220+0000] {processor.py:840} INFO - DAG(s) 'example_display_name' retrieved from /home/airflow/.local/lib/python3.12/site-packages/airflow/example_dags/example_display_name.py
[2024-06-07T14:03:14.249+0000] {logging_mixin.py:188} INFO - [2024-06-07T14:03:14.248+0000] {dag.py:3096} INFO - Sync 1 DAGs
[2024-06-07T14:03:14.268+0000] {logging_mixin.py:188} INFO - [2024-06-07T14:03:14.267+0000] {dag.py:3954} INFO - Setting next_dagrun for example_display_name to None, run_after=None
[2024-06-07T14:03:14.293+0000] {processor.py:183} INFO - Processing /home/airflow/.local/lib/python3.12/site-packages/airflow/example_dags/example_display_name.py took 0.095 seconds
[2024-06-07T14:03:44.535+0000] {processor.py:161} INFO - Started process (PID=298) to work on /home/airflow/.local/lib/python3.12/site-packages/airflow/example_dags/example_display_name.py
[2024-06-07T14:03:44.537+0000] {processor.py:830} INFO - Processing file /home/airflow/.local/lib/python3.12/site-packages/airflow/example_dags/example_display_name.py for tasks to queue
[2024-06-07T14:03:44.539+0000] {logging_mixin.py:188} INFO - [2024-06-07T14:03:44.538+0000] {dagbag.py:545} INFO - Filling up the DagBag from /home/airflow/.local/lib/python3.12/site-packages/airflow/example_dags/example_display_name.py
[2024-06-07T14:03:44.545+0000] {processor.py:840} INFO - DAG(s) 'example_display_name' retrieved from /home/airflow/.local/lib/python3.12/site-packages/airflow/example_dags/example_display_name.py
[2024-06-07T14:03:44.567+0000] {logging_mixin.py:188} INFO - [2024-06-07T14:03:44.567+0000] {dag.py:3096} INFO - Sync 1 DAGs
[2024-06-07T14:03:44.583+0000] {logging_mixin.py:188} INFO - [2024-06-07T14:03:44.583+0000] {dag.py:3954} INFO - Setting next_dagrun for example_display_name to None, run_after=None
[2024-06-07T14:03:44.601+0000] {processor.py:183} INFO - Processing /home/airflow/.local/lib/python3.12/site-packages/airflow/example_dags/example_display_name.py took 0.074 seconds
[2024-06-07T14:04:15.621+0000] {processor.py:161} INFO - Started process (PID=358) to work on /home/airflow/.local/lib/python3.12/site-packages/airflow/example_dags/example_display_name.py
[2024-06-07T14:04:15.622+0000] {processor.py:830} INFO - Processing file /home/airflow/.local/lib/python3.12/site-packages/airflow/example_dags/example_display_name.py for tasks to queue
[2024-06-07T14:04:15.625+0000] {logging_mixin.py:188} INFO - [2024-06-07T14:04:15.624+0000] {dagbag.py:545} INFO - Filling up the DagBag from /home/airflow/.local/lib/python3.12/site-packages/airflow/example_dags/example_display_name.py
[2024-06-07T14:04:15.633+0000] {processor.py:840} INFO - DAG(s) 'example_display_name' retrieved from /home/airflow/.local/lib/python3.12/site-packages/airflow/example_dags/example_display_name.py
[2024-06-07T14:04:15.652+0000] {logging_mixin.py:188} INFO - [2024-06-07T14:04:15.652+0000] {dag.py:3096} INFO - Sync 1 DAGs
[2024-06-07T14:04:15.665+0000] {logging_mixin.py:188} INFO - [2024-06-07T14:04:15.665+0000] {dag.py:3954} INFO - Setting next_dagrun for example_display_name to None, run_after=None
[2024-06-07T14:04:15.685+0000] {processor.py:183} INFO - Processing /home/airflow/.local/lib/python3.12/site-packages/airflow/example_dags/example_display_name.py took 0.073 seconds
[2024-06-07T14:04:46.164+0000] {processor.py:161} INFO - Started process (PID=424) to work on /home/airflow/.local/lib/python3.12/site-packages/airflow/example_dags/example_display_name.py
[2024-06-07T14:04:46.166+0000] {processor.py:830} INFO - Processing file /home/airflow/.local/lib/python3.12/site-packages/airflow/example_dags/example_display_name.py for tasks to queue
[2024-06-07T14:04:46.168+0000] {logging_mixin.py:188} INFO - [2024-06-07T14:04:46.167+0000] {dagbag.py:545} INFO - Filling up the DagBag from /home/airflow/.local/lib/python3.12/site-packages/airflow/example_dags/example_display_name.py
[2024-06-07T14:04:46.174+0000] {processor.py:840} INFO - DAG(s) 'example_display_name' retrieved from /home/airflow/.local/lib/python3.12/site-packages/airflow/example_dags/example_display_name.py
[2024-06-07T14:04:46.198+0000] {logging_mixin.py:188} INFO - [2024-06-07T14:04:46.198+0000] {dag.py:3096} INFO - Sync 1 DAGs
[2024-06-07T14:04:46.213+0000] {logging_mixin.py:188} INFO - [2024-06-07T14:04:46.212+0000] {dag.py:3954} INFO - Setting next_dagrun for example_display_name to None, run_after=None
[2024-06-07T14:04:46.234+0000] {processor.py:183} INFO - Processing /home/airflow/.local/lib/python3.12/site-packages/airflow/example_dags/example_display_name.py took 0.075 seconds
[2024-06-07T14:05:16.775+0000] {processor.py:161} INFO - Started process (PID=484) to work on /home/airflow/.local/lib/python3.12/site-packages/airflow/example_dags/example_display_name.py
[2024-06-07T14:05:16.776+0000] {processor.py:830} INFO - Processing file /home/airflow/.local/lib/python3.12/site-packages/airflow/example_dags/example_display_name.py for tasks to queue
[2024-06-07T14:05:16.778+0000] {logging_mixin.py:188} INFO - [2024-06-07T14:05:16.778+0000] {dagbag.py:545} INFO - Filling up the DagBag from /home/airflow/.local/lib/python3.12/site-packages/airflow/example_dags/example_display_name.py
[2024-06-07T14:05:16.785+0000] {processor.py:840} INFO - DAG(s) 'example_display_name' retrieved from /home/airflow/.local/lib/python3.12/site-packages/airflow/example_dags/example_display_name.py
[2024-06-07T14:05:16.808+0000] {logging_mixin.py:188} INFO - [2024-06-07T14:05:16.807+0000] {dag.py:3096} INFO - Sync 1 DAGs
[2024-06-07T14:05:16.821+0000] {logging_mixin.py:188} INFO - [2024-06-07T14:05:16.821+0000] {dag.py:3954} INFO - Setting next_dagrun for example_display_name to None, run_after=None
[2024-06-07T14:05:16.844+0000] {processor.py:183} INFO - Processing /home/airflow/.local/lib/python3.12/site-packages/airflow/example_dags/example_display_name.py took 0.076 seconds
[2024-06-07T14:05:47.337+0000] {processor.py:161} INFO - Started process (PID=545) to work on /home/airflow/.local/lib/python3.12/site-packages/airflow/example_dags/example_display_name.py
[2024-06-07T14:05:47.338+0000] {processor.py:830} INFO - Processing file /home/airflow/.local/lib/python3.12/site-packages/airflow/example_dags/example_display_name.py for tasks to queue
[2024-06-07T14:05:47.349+0000] {logging_mixin.py:188} INFO - [2024-06-07T14:05:47.347+0000] {dagbag.py:545} INFO - Filling up the DagBag from /home/airflow/.local/lib/python3.12/site-packages/airflow/example_dags/example_display_name.py
[2024-06-07T14:05:47.366+0000] {processor.py:840} INFO - DAG(s) 'example_display_name' retrieved from /home/airflow/.local/lib/python3.12/site-packages/airflow/example_dags/example_display_name.py
[2024-06-07T14:05:47.506+0000] {logging_mixin.py:188} INFO - [2024-06-07T14:05:47.501+0000] {dag.py:3096} INFO - Sync 1 DAGs
[2024-06-07T14:05:47.574+0000] {logging_mixin.py:188} INFO - [2024-06-07T14:05:47.573+0000] {dag.py:3954} INFO - Setting next_dagrun for example_display_name to None, run_after=None
[2024-06-07T14:05:47.662+0000] {processor.py:183} INFO - Processing /home/airflow/.local/lib/python3.12/site-packages/airflow/example_dags/example_display_name.py took 0.344 seconds
[2024-06-07T14:06:18.453+0000] {processor.py:161} INFO - Started process (PID=605) to work on /home/airflow/.local/lib/python3.12/site-packages/airflow/example_dags/example_display_name.py
[2024-06-07T14:06:18.454+0000] {processor.py:830} INFO - Processing file /home/airflow/.local/lib/python3.12/site-packages/airflow/example_dags/example_display_name.py for tasks to queue
[2024-06-07T14:06:18.457+0000] {logging_mixin.py:188} INFO - [2024-06-07T14:06:18.456+0000] {dagbag.py:545} INFO - Filling up the DagBag from /home/airflow/.local/lib/python3.12/site-packages/airflow/example_dags/example_display_name.py
[2024-06-07T14:06:18.462+0000] {processor.py:840} INFO - DAG(s) 'example_display_name' retrieved from /home/airflow/.local/lib/python3.12/site-packages/airflow/example_dags/example_display_name.py
[2024-06-07T14:06:18.483+0000] {logging_mixin.py:188} INFO - [2024-06-07T14:06:18.483+0000] {dag.py:3096} INFO - Sync 1 DAGs
[2024-06-07T14:06:18.497+0000] {logging_mixin.py:188} INFO - [2024-06-07T14:06:18.496+0000] {dag.py:3954} INFO - Setting next_dagrun for example_display_name to None, run_after=None
[2024-06-07T14:06:18.520+0000] {processor.py:183} INFO - Processing /home/airflow/.local/lib/python3.12/site-packages/airflow/example_dags/example_display_name.py took 0.073 seconds
[2024-06-07T14:06:49.180+0000] {processor.py:161} INFO - Started process (PID=665) to work on /home/airflow/.local/lib/python3.12/site-packages/airflow/example_dags/example_display_name.py
[2024-06-07T14:06:49.181+0000] {processor.py:830} INFO - Processing file /home/airflow/.local/lib/python3.12/site-packages/airflow/example_dags/example_display_name.py for tasks to queue
[2024-06-07T14:06:49.184+0000] {logging_mixin.py:188} INFO - [2024-06-07T14:06:49.183+0000] {dagbag.py:545} INFO - Filling up the DagBag from /home/airflow/.local/lib/python3.12/site-packages/airflow/example_dags/example_display_name.py
[2024-06-07T14:06:49.192+0000] {processor.py:840} INFO - DAG(s) 'example_display_name' retrieved from /home/airflow/.local/lib/python3.12/site-packages/airflow/example_dags/example_display_name.py
[2024-06-07T14:06:49.218+0000] {logging_mixin.py:188} INFO - [2024-06-07T14:06:49.218+0000] {dag.py:3096} INFO - Sync 1 DAGs
[2024-06-07T14:06:49.237+0000] {logging_mixin.py:188} INFO - [2024-06-07T14:06:49.237+0000] {dag.py:3954} INFO - Setting next_dagrun for example_display_name to None, run_after=None
[2024-06-07T14:06:49.267+0000] {processor.py:183} INFO - Processing /home/airflow/.local/lib/python3.12/site-packages/airflow/example_dags/example_display_name.py took 0.094 seconds
[2024-06-07T14:07:19.507+0000] {processor.py:161} INFO - Started process (PID=725) to work on /home/airflow/.local/lib/python3.12/site-packages/airflow/example_dags/example_display_name.py
[2024-06-07T14:07:19.509+0000] {processor.py:830} INFO - Processing file /home/airflow/.local/lib/python3.12/site-packages/airflow/example_dags/example_display_name.py for tasks to queue
[2024-06-07T14:07:19.511+0000] {logging_mixin.py:188} INFO - [2024-06-07T14:07:19.510+0000] {dagbag.py:545} INFO - Filling up the DagBag from /home/airflow/.local/lib/python3.12/site-packages/airflow/example_dags/example_display_name.py
[2024-06-07T14:07:19.521+0000] {processor.py:840} INFO - DAG(s) 'example_display_name' retrieved from /home/airflow/.local/lib/python3.12/site-packages/airflow/example_dags/example_display_name.py
[2024-06-07T14:07:19.544+0000] {logging_mixin.py:188} INFO - [2024-06-07T14:07:19.544+0000] {dag.py:3096} INFO - Sync 1 DAGs
[2024-06-07T14:07:19.560+0000] {logging_mixin.py:188} INFO - [2024-06-07T14:07:19.559+0000] {dag.py:3954} INFO - Setting next_dagrun for example_display_name to None, run_after=None
[2024-06-07T14:07:19.583+0000] {processor.py:183} INFO - Processing /home/airflow/.local/lib/python3.12/site-packages/airflow/example_dags/example_display_name.py took 0.082 seconds
[2024-06-07T14:07:49.999+0000] {processor.py:161} INFO - Started process (PID=785) to work on /home/airflow/.local/lib/python3.12/site-packages/airflow/example_dags/example_display_name.py
[2024-06-07T14:07:50.000+0000] {processor.py:830} INFO - Processing file /home/airflow/.local/lib/python3.12/site-packages/airflow/example_dags/example_display_name.py for tasks to queue
[2024-06-07T14:07:50.003+0000] {logging_mixin.py:188} INFO - [2024-06-07T14:07:50.002+0000] {dagbag.py:545} INFO - Filling up the DagBag from /home/airflow/.local/lib/python3.12/site-packages/airflow/example_dags/example_display_name.py
[2024-06-07T14:07:50.009+0000] {processor.py:840} INFO - DAG(s) 'example_display_name' retrieved from /home/airflow/.local/lib/python3.12/site-packages/airflow/example_dags/example_display_name.py
[2024-06-07T14:07:50.031+0000] {logging_mixin.py:188} INFO - [2024-06-07T14:07:50.031+0000] {dag.py:3096} INFO - Sync 1 DAGs
[2024-06-07T14:07:50.049+0000] {logging_mixin.py:188} INFO - [2024-06-07T14:07:50.049+0000] {dag.py:3954} INFO - Setting next_dagrun for example_display_name to None, run_after=None
[2024-06-07T14:07:50.074+0000] {processor.py:183} INFO - Processing /home/airflow/.local/lib/python3.12/site-packages/airflow/example_dags/example_display_name.py took 0.081 seconds
[2024-06-07T14:08:20.381+0000] {processor.py:161} INFO - Started process (PID=845) to work on /home/airflow/.local/lib/python3.12/site-packages/airflow/example_dags/example_display_name.py
[2024-06-07T14:08:20.382+0000] {processor.py:830} INFO - Processing file /home/airflow/.local/lib/python3.12/site-packages/airflow/example_dags/example_display_name.py for tasks to queue
[2024-06-07T14:08:20.386+0000] {logging_mixin.py:188} INFO - [2024-06-07T14:08:20.385+0000] {dagbag.py:545} INFO - Filling up the DagBag from /home/airflow/.local/lib/python3.12/site-packages/airflow/example_dags/example_display_name.py
[2024-06-07T14:08:20.408+0000] {processor.py:840} INFO - DAG(s) 'example_display_name' retrieved from /home/airflow/.local/lib/python3.12/site-packages/airflow/example_dags/example_display_name.py
[2024-06-07T14:08:20.479+0000] {logging_mixin.py:188} INFO - [2024-06-07T14:08:20.477+0000] {dag.py:3096} INFO - Sync 1 DAGs
[2024-06-07T14:08:20.536+0000] {logging_mixin.py:188} INFO - [2024-06-07T14:08:20.534+0000] {dag.py:3954} INFO - Setting next_dagrun for example_display_name to None, run_after=None
[2024-06-07T14:08:20.580+0000] {processor.py:183} INFO - Processing /home/airflow/.local/lib/python3.12/site-packages/airflow/example_dags/example_display_name.py took 0.230 seconds
[2024-06-07T14:08:51.076+0000] {processor.py:161} INFO - Started process (PID=905) to work on /home/airflow/.local/lib/python3.12/site-packages/airflow/example_dags/example_display_name.py
[2024-06-07T14:08:51.077+0000] {processor.py:830} INFO - Processing file /home/airflow/.local/lib/python3.12/site-packages/airflow/example_dags/example_display_name.py for tasks to queue
[2024-06-07T14:08:51.079+0000] {logging_mixin.py:188} INFO - [2024-06-07T14:08:51.079+0000] {dagbag.py:545} INFO - Filling up the DagBag from /home/airflow/.local/lib/python3.12/site-packages/airflow/example_dags/example_display_name.py
[2024-06-07T14:08:51.086+0000] {processor.py:840} INFO - DAG(s) 'example_display_name' retrieved from /home/airflow/.local/lib/python3.12/site-packages/airflow/example_dags/example_display_name.py
[2024-06-07T14:08:51.116+0000] {logging_mixin.py:188} INFO - [2024-06-07T14:08:51.115+0000] {dag.py:3096} INFO - Sync 1 DAGs
[2024-06-07T14:08:51.136+0000] {logging_mixin.py:188} INFO - [2024-06-07T14:08:51.136+0000] {dag.py:3954} INFO - Setting next_dagrun for example_display_name to None, run_after=None
[2024-06-07T14:08:51.165+0000] {processor.py:183} INFO - Processing /home/airflow/.local/lib/python3.12/site-packages/airflow/example_dags/example_display_name.py took 0.096 seconds
[2024-06-07T14:09:21.551+0000] {processor.py:161} INFO - Started process (PID=965) to work on /home/airflow/.local/lib/python3.12/site-packages/airflow/example_dags/example_display_name.py
[2024-06-07T14:09:21.557+0000] {processor.py:830} INFO - Processing file /home/airflow/.local/lib/python3.12/site-packages/airflow/example_dags/example_display_name.py for tasks to queue
[2024-06-07T14:09:21.565+0000] {logging_mixin.py:188} INFO - [2024-06-07T14:09:21.565+0000] {dagbag.py:545} INFO - Filling up the DagBag from /home/airflow/.local/lib/python3.12/site-packages/airflow/example_dags/example_display_name.py
[2024-06-07T14:09:21.583+0000] {processor.py:840} INFO - DAG(s) 'example_display_name' retrieved from /home/airflow/.local/lib/python3.12/site-packages/airflow/example_dags/example_display_name.py
[2024-06-07T14:09:21.628+0000] {logging_mixin.py:188} INFO - [2024-06-07T14:09:21.628+0000] {dag.py:3096} INFO - Sync 1 DAGs
[2024-06-07T14:09:21.658+0000] {logging_mixin.py:188} INFO - [2024-06-07T14:09:21.657+0000] {dag.py:3954} INFO - Setting next_dagrun for example_display_name to None, run_after=None
[2024-06-07T14:09:21.708+0000] {processor.py:183} INFO - Processing /home/airflow/.local/lib/python3.12/site-packages/airflow/example_dags/example_display_name.py took 0.174 seconds
[2024-06-07T14:09:51.762+0000] {processor.py:161} INFO - Started process (PID=1024) to work on /home/airflow/.local/lib/python3.12/site-packages/airflow/example_dags/example_display_name.py
[2024-06-07T14:09:51.763+0000] {processor.py:830} INFO - Processing file /home/airflow/.local/lib/python3.12/site-packages/airflow/example_dags/example_display_name.py for tasks to queue
[2024-06-07T14:09:51.766+0000] {logging_mixin.py:188} INFO - [2024-06-07T14:09:51.765+0000] {dagbag.py:545} INFO - Filling up the DagBag from /home/airflow/.local/lib/python3.12/site-packages/airflow/example_dags/example_display_name.py
[2024-06-07T14:09:51.778+0000] {processor.py:840} INFO - DAG(s) 'example_display_name' retrieved from /home/airflow/.local/lib/python3.12/site-packages/airflow/example_dags/example_display_name.py
[2024-06-07T14:09:51.804+0000] {logging_mixin.py:188} INFO - [2024-06-07T14:09:51.804+0000] {dag.py:3096} INFO - Sync 1 DAGs
[2024-06-07T14:09:51.819+0000] {logging_mixin.py:188} INFO - [2024-06-07T14:09:51.819+0000] {dag.py:3954} INFO - Setting next_dagrun for example_display_name to None, run_after=None
[2024-06-07T14:09:51.838+0000] {processor.py:183} INFO - Processing /home/airflow/.local/lib/python3.12/site-packages/airflow/example_dags/example_display_name.py took 0.086 seconds
[2024-06-07T14:10:21.908+0000] {processor.py:161} INFO - Started process (PID=1083) to work on /home/airflow/.local/lib/python3.12/site-packages/airflow/example_dags/example_display_name.py
[2024-06-07T14:10:21.910+0000] {processor.py:830} INFO - Processing file /home/airflow/.local/lib/python3.12/site-packages/airflow/example_dags/example_display_name.py for tasks to queue
[2024-06-07T14:10:21.919+0000] {logging_mixin.py:188} INFO - [2024-06-07T14:10:21.918+0000] {dagbag.py:545} INFO - Filling up the DagBag from /home/airflow/.local/lib/python3.12/site-packages/airflow/example_dags/example_display_name.py
[2024-06-07T14:10:21.926+0000] {processor.py:840} INFO - DAG(s) 'example_display_name' retrieved from /home/airflow/.local/lib/python3.12/site-packages/airflow/example_dags/example_display_name.py
[2024-06-07T14:10:21.950+0000] {logging_mixin.py:188} INFO - [2024-06-07T14:10:21.950+0000] {dag.py:3096} INFO - Sync 1 DAGs
[2024-06-07T14:10:21.965+0000] {logging_mixin.py:188} INFO - [2024-06-07T14:10:21.964+0000] {dag.py:3954} INFO - Setting next_dagrun for example_display_name to None, run_after=None
[2024-06-07T14:10:21.996+0000] {processor.py:183} INFO - Processing /home/airflow/.local/lib/python3.12/site-packages/airflow/example_dags/example_display_name.py took 0.099 seconds
[2024-06-07T14:10:52.195+0000] {processor.py:161} INFO - Started process (PID=1143) to work on /home/airflow/.local/lib/python3.12/site-packages/airflow/example_dags/example_display_name.py
[2024-06-07T14:10:52.196+0000] {processor.py:830} INFO - Processing file /home/airflow/.local/lib/python3.12/site-packages/airflow/example_dags/example_display_name.py for tasks to queue
[2024-06-07T14:10:52.198+0000] {logging_mixin.py:188} INFO - [2024-06-07T14:10:52.198+0000] {dagbag.py:545} INFO - Filling up the DagBag from /home/airflow/.local/lib/python3.12/site-packages/airflow/example_dags/example_display_name.py
[2024-06-07T14:10:52.206+0000] {processor.py:840} INFO - DAG(s) 'example_display_name' retrieved from /home/airflow/.local/lib/python3.12/site-packages/airflow/example_dags/example_display_name.py
[2024-06-07T14:10:52.228+0000] {logging_mixin.py:188} INFO - [2024-06-07T14:10:52.227+0000] {dag.py:3096} INFO - Sync 1 DAGs
[2024-06-07T14:10:52.241+0000] {logging_mixin.py:188} INFO - [2024-06-07T14:10:52.241+0000] {dag.py:3954} INFO - Setting next_dagrun for example_display_name to None, run_after=None
[2024-06-07T14:10:52.261+0000] {processor.py:183} INFO - Processing /home/airflow/.local/lib/python3.12/site-packages/airflow/example_dags/example_display_name.py took 0.072 seconds
[2024-06-07T14:11:22.751+0000] {processor.py:161} INFO - Started process (PID=1203) to work on /home/airflow/.local/lib/python3.12/site-packages/airflow/example_dags/example_display_name.py
[2024-06-07T14:11:22.753+0000] {processor.py:830} INFO - Processing file /home/airflow/.local/lib/python3.12/site-packages/airflow/example_dags/example_display_name.py for tasks to queue
[2024-06-07T14:11:22.755+0000] {logging_mixin.py:188} INFO - [2024-06-07T14:11:22.755+0000] {dagbag.py:545} INFO - Filling up the DagBag from /home/airflow/.local/lib/python3.12/site-packages/airflow/example_dags/example_display_name.py
[2024-06-07T14:11:22.765+0000] {processor.py:840} INFO - DAG(s) 'example_display_name' retrieved from /home/airflow/.local/lib/python3.12/site-packages/airflow/example_dags/example_display_name.py
[2024-06-07T14:11:22.795+0000] {logging_mixin.py:188} INFO - [2024-06-07T14:11:22.794+0000] {dag.py:3096} INFO - Sync 1 DAGs
[2024-06-07T14:11:22.814+0000] {logging_mixin.py:188} INFO - [2024-06-07T14:11:22.814+0000] {dag.py:3954} INFO - Setting next_dagrun for example_display_name to None, run_after=None
[2024-06-07T14:11:22.841+0000] {processor.py:183} INFO - Processing /home/airflow/.local/lib/python3.12/site-packages/airflow/example_dags/example_display_name.py took 0.098 seconds
[2024-06-07T14:11:53.487+0000] {processor.py:161} INFO - Started process (PID=1263) to work on /home/airflow/.local/lib/python3.12/site-packages/airflow/example_dags/example_display_name.py
[2024-06-07T14:11:53.489+0000] {processor.py:830} INFO - Processing file /home/airflow/.local/lib/python3.12/site-packages/airflow/example_dags/example_display_name.py for tasks to queue
[2024-06-07T14:11:53.492+0000] {logging_mixin.py:188} INFO - [2024-06-07T14:11:53.492+0000] {dagbag.py:545} INFO - Filling up the DagBag from /home/airflow/.local/lib/python3.12/site-packages/airflow/example_dags/example_display_name.py
[2024-06-07T14:11:53.503+0000] {processor.py:840} INFO - DAG(s) 'example_display_name' retrieved from /home/airflow/.local/lib/python3.12/site-packages/airflow/example_dags/example_display_name.py
[2024-06-07T14:11:53.529+0000] {logging_mixin.py:188} INFO - [2024-06-07T14:11:53.529+0000] {dag.py:3096} INFO - Sync 1 DAGs
[2024-06-07T14:11:53.545+0000] {logging_mixin.py:188} INFO - [2024-06-07T14:11:53.545+0000] {dag.py:3954} INFO - Setting next_dagrun for example_display_name to None, run_after=None
[2024-06-07T14:11:53.571+0000] {processor.py:183} INFO - Processing /home/airflow/.local/lib/python3.12/site-packages/airflow/example_dags/example_display_name.py took 0.094 seconds
[2024-06-07T14:12:23.721+0000] {processor.py:161} INFO - Started process (PID=1323) to work on /home/airflow/.local/lib/python3.12/site-packages/airflow/example_dags/example_display_name.py
[2024-06-07T14:12:23.723+0000] {processor.py:830} INFO - Processing file /home/airflow/.local/lib/python3.12/site-packages/airflow/example_dags/example_display_name.py for tasks to queue
[2024-06-07T14:12:23.726+0000] {logging_mixin.py:188} INFO - [2024-06-07T14:12:23.725+0000] {dagbag.py:545} INFO - Filling up the DagBag from /home/airflow/.local/lib/python3.12/site-packages/airflow/example_dags/example_display_name.py
[2024-06-07T14:12:23.735+0000] {processor.py:840} INFO - DAG(s) 'example_display_name' retrieved from /home/airflow/.local/lib/python3.12/site-packages/airflow/example_dags/example_display_name.py
[2024-06-07T14:12:23.764+0000] {logging_mixin.py:188} INFO - [2024-06-07T14:12:23.764+0000] {dag.py:3096} INFO - Sync 1 DAGs
[2024-06-07T14:12:23.784+0000] {logging_mixin.py:188} INFO - [2024-06-07T14:12:23.784+0000] {dag.py:3954} INFO - Setting next_dagrun for example_display_name to None, run_after=None
[2024-06-07T14:12:23.813+0000] {processor.py:183} INFO - Processing /home/airflow/.local/lib/python3.12/site-packages/airflow/example_dags/example_display_name.py took 0.099 seconds
[2024-06-07T14:12:54.018+0000] {processor.py:161} INFO - Started process (PID=1383) to work on /home/airflow/.local/lib/python3.12/site-packages/airflow/example_dags/example_display_name.py
[2024-06-07T14:12:54.019+0000] {processor.py:830} INFO - Processing file /home/airflow/.local/lib/python3.12/site-packages/airflow/example_dags/example_display_name.py for tasks to queue
[2024-06-07T14:12:54.022+0000] {logging_mixin.py:188} INFO - [2024-06-07T14:12:54.022+0000] {dagbag.py:545} INFO - Filling up the DagBag from /home/airflow/.local/lib/python3.12/site-packages/airflow/example_dags/example_display_name.py
[2024-06-07T14:12:54.028+0000] {processor.py:840} INFO - DAG(s) 'example_display_name' retrieved from /home/airflow/.local/lib/python3.12/site-packages/airflow/example_dags/example_display_name.py
[2024-06-07T14:12:54.050+0000] {logging_mixin.py:188} INFO - [2024-06-07T14:12:54.050+0000] {dag.py:3096} INFO - Sync 1 DAGs
[2024-06-07T14:12:54.063+0000] {logging_mixin.py:188} INFO - [2024-06-07T14:12:54.063+0000] {dag.py:3954} INFO - Setting next_dagrun for example_display_name to None, run_after=None
[2024-06-07T14:12:54.084+0000] {processor.py:183} INFO - Processing /home/airflow/.local/lib/python3.12/site-packages/airflow/example_dags/example_display_name.py took 0.072 seconds
[2024-06-07T14:13:24.524+0000] {processor.py:161} INFO - Started process (PID=1443) to work on /home/airflow/.local/lib/python3.12/site-packages/airflow/example_dags/example_display_name.py
[2024-06-07T14:13:24.526+0000] {processor.py:830} INFO - Processing file /home/airflow/.local/lib/python3.12/site-packages/airflow/example_dags/example_display_name.py for tasks to queue
[2024-06-07T14:13:24.528+0000] {logging_mixin.py:188} INFO - [2024-06-07T14:13:24.528+0000] {dagbag.py:545} INFO - Filling up the DagBag from /home/airflow/.local/lib/python3.12/site-packages/airflow/example_dags/example_display_name.py
[2024-06-07T14:13:24.536+0000] {processor.py:840} INFO - DAG(s) 'example_display_name' retrieved from /home/airflow/.local/lib/python3.12/site-packages/airflow/example_dags/example_display_name.py
[2024-06-07T14:13:24.560+0000] {logging_mixin.py:188} INFO - [2024-06-07T14:13:24.560+0000] {dag.py:3096} INFO - Sync 1 DAGs
[2024-06-07T14:13:24.574+0000] {logging_mixin.py:188} INFO - [2024-06-07T14:13:24.574+0000] {dag.py:3954} INFO - Setting next_dagrun for example_display_name to None, run_after=None
[2024-06-07T14:13:24.596+0000] {processor.py:183} INFO - Processing /home/airflow/.local/lib/python3.12/site-packages/airflow/example_dags/example_display_name.py took 0.080 seconds
[2024-06-07T14:13:54.738+0000] {processor.py:161} INFO - Started process (PID=1503) to work on /home/airflow/.local/lib/python3.12/site-packages/airflow/example_dags/example_display_name.py
[2024-06-07T14:13:54.739+0000] {processor.py:830} INFO - Processing file /home/airflow/.local/lib/python3.12/site-packages/airflow/example_dags/example_display_name.py for tasks to queue
[2024-06-07T14:13:54.741+0000] {logging_mixin.py:188} INFO - [2024-06-07T14:13:54.741+0000] {dagbag.py:545} INFO - Filling up the DagBag from /home/airflow/.local/lib/python3.12/site-packages/airflow/example_dags/example_display_name.py
[2024-06-07T14:13:54.748+0000] {processor.py:840} INFO - DAG(s) 'example_display_name' retrieved from /home/airflow/.local/lib/python3.12/site-packages/airflow/example_dags/example_display_name.py
[2024-06-07T14:13:54.770+0000] {logging_mixin.py:188} INFO - [2024-06-07T14:13:54.770+0000] {dag.py:3096} INFO - Sync 1 DAGs
[2024-06-07T14:13:54.785+0000] {logging_mixin.py:188} INFO - [2024-06-07T14:13:54.785+0000] {dag.py:3954} INFO - Setting next_dagrun for example_display_name to None, run_after=None
[2024-06-07T14:13:54.806+0000] {processor.py:183} INFO - Processing /home/airflow/.local/lib/python3.12/site-packages/airflow/example_dags/example_display_name.py took 0.075 seconds
[2024-06-07T14:14:24.923+0000] {processor.py:161} INFO - Started process (PID=1563) to work on /home/airflow/.local/lib/python3.12/site-packages/airflow/example_dags/example_display_name.py
[2024-06-07T14:14:24.924+0000] {processor.py:830} INFO - Processing file /home/airflow/.local/lib/python3.12/site-packages/airflow/example_dags/example_display_name.py for tasks to queue
[2024-06-07T14:14:24.927+0000] {logging_mixin.py:188} INFO - [2024-06-07T14:14:24.927+0000] {dagbag.py:545} INFO - Filling up the DagBag from /home/airflow/.local/lib/python3.12/site-packages/airflow/example_dags/example_display_name.py
[2024-06-07T14:14:24.935+0000] {processor.py:840} INFO - DAG(s) 'example_display_name' retrieved from /home/airflow/.local/lib/python3.12/site-packages/airflow/example_dags/example_display_name.py
[2024-06-07T14:14:24.977+0000] {logging_mixin.py:188} INFO - [2024-06-07T14:14:24.976+0000] {dag.py:3096} INFO - Sync 1 DAGs
[2024-06-07T14:14:24.996+0000] {logging_mixin.py:188} INFO - [2024-06-07T14:14:24.996+0000] {dag.py:3954} INFO - Setting next_dagrun for example_display_name to None, run_after=None
[2024-06-07T14:14:25.029+0000] {processor.py:183} INFO - Processing /home/airflow/.local/lib/python3.12/site-packages/airflow/example_dags/example_display_name.py took 0.113 seconds
[2024-06-07T14:14:55.486+0000] {processor.py:161} INFO - Started process (PID=1623) to work on /home/airflow/.local/lib/python3.12/site-packages/airflow/example_dags/example_display_name.py
[2024-06-07T14:14:55.487+0000] {processor.py:830} INFO - Processing file /home/airflow/.local/lib/python3.12/site-packages/airflow/example_dags/example_display_name.py for tasks to queue
[2024-06-07T14:14:55.489+0000] {logging_mixin.py:188} INFO - [2024-06-07T14:14:55.489+0000] {dagbag.py:545} INFO - Filling up the DagBag from /home/airflow/.local/lib/python3.12/site-packages/airflow/example_dags/example_display_name.py
[2024-06-07T14:14:55.495+0000] {processor.py:840} INFO - DAG(s) 'example_display_name' retrieved from /home/airflow/.local/lib/python3.12/site-packages/airflow/example_dags/example_display_name.py
[2024-06-07T14:14:55.516+0000] {logging_mixin.py:188} INFO - [2024-06-07T14:14:55.515+0000] {dag.py:3096} INFO - Sync 1 DAGs
[2024-06-07T14:14:55.530+0000] {logging_mixin.py:188} INFO - [2024-06-07T14:14:55.530+0000] {dag.py:3954} INFO - Setting next_dagrun for example_display_name to None, run_after=None
[2024-06-07T14:14:55.552+0000] {processor.py:183} INFO - Processing /home/airflow/.local/lib/python3.12/site-packages/airflow/example_dags/example_display_name.py took 0.073 seconds
[2024-06-07T14:15:26.281+0000] {processor.py:161} INFO - Started process (PID=1683) to work on /home/airflow/.local/lib/python3.12/site-packages/airflow/example_dags/example_display_name.py
[2024-06-07T14:15:26.282+0000] {processor.py:830} INFO - Processing file /home/airflow/.local/lib/python3.12/site-packages/airflow/example_dags/example_display_name.py for tasks to queue
[2024-06-07T14:15:26.288+0000] {logging_mixin.py:188} INFO - [2024-06-07T14:15:26.286+0000] {dagbag.py:545} INFO - Filling up the DagBag from /home/airflow/.local/lib/python3.12/site-packages/airflow/example_dags/example_display_name.py
[2024-06-07T14:15:26.297+0000] {processor.py:840} INFO - DAG(s) 'example_display_name' retrieved from /home/airflow/.local/lib/python3.12/site-packages/airflow/example_dags/example_display_name.py
[2024-06-07T14:15:26.332+0000] {logging_mixin.py:188} INFO - [2024-06-07T14:15:26.332+0000] {dag.py:3096} INFO - Sync 1 DAGs
[2024-06-07T14:15:26.355+0000] {logging_mixin.py:188} INFO - [2024-06-07T14:15:26.354+0000] {dag.py:3954} INFO - Setting next_dagrun for example_display_name to None, run_after=None
[2024-06-07T14:15:26.388+0000] {processor.py:183} INFO - Processing /home/airflow/.local/lib/python3.12/site-packages/airflow/example_dags/example_display_name.py took 0.117 seconds
[2024-06-07T14:15:56.886+0000] {processor.py:161} INFO - Started process (PID=1743) to work on /home/airflow/.local/lib/python3.12/site-packages/airflow/example_dags/example_display_name.py
[2024-06-07T14:15:56.887+0000] {processor.py:830} INFO - Processing file /home/airflow/.local/lib/python3.12/site-packages/airflow/example_dags/example_display_name.py for tasks to queue
[2024-06-07T14:15:56.889+0000] {logging_mixin.py:188} INFO - [2024-06-07T14:15:56.889+0000] {dagbag.py:545} INFO - Filling up the DagBag from /home/airflow/.local/lib/python3.12/site-packages/airflow/example_dags/example_display_name.py
[2024-06-07T14:15:56.898+0000] {processor.py:840} INFO - DAG(s) 'example_display_name' retrieved from /home/airflow/.local/lib/python3.12/site-packages/airflow/example_dags/example_display_name.py
[2024-06-07T14:15:56.937+0000] {logging_mixin.py:188} INFO - [2024-06-07T14:15:56.936+0000] {dag.py:3096} INFO - Sync 1 DAGs
[2024-06-07T14:15:56.957+0000] {logging_mixin.py:188} INFO - [2024-06-07T14:15:56.957+0000] {dag.py:3954} INFO - Setting next_dagrun for example_display_name to None, run_after=None
[2024-06-07T14:15:56.978+0000] {processor.py:183} INFO - Processing /home/airflow/.local/lib/python3.12/site-packages/airflow/example_dags/example_display_name.py took 0.101 seconds
[2024-06-07T14:16:27.695+0000] {processor.py:161} INFO - Started process (PID=1803) to work on /home/airflow/.local/lib/python3.12/site-packages/airflow/example_dags/example_display_name.py
[2024-06-07T14:16:27.697+0000] {processor.py:830} INFO - Processing file /home/airflow/.local/lib/python3.12/site-packages/airflow/example_dags/example_display_name.py for tasks to queue
[2024-06-07T14:16:27.700+0000] {logging_mixin.py:188} INFO - [2024-06-07T14:16:27.700+0000] {dagbag.py:545} INFO - Filling up the DagBag from /home/airflow/.local/lib/python3.12/site-packages/airflow/example_dags/example_display_name.py
[2024-06-07T14:16:27.710+0000] {processor.py:840} INFO - DAG(s) 'example_display_name' retrieved from /home/airflow/.local/lib/python3.12/site-packages/airflow/example_dags/example_display_name.py
[2024-06-07T14:16:27.742+0000] {logging_mixin.py:188} INFO - [2024-06-07T14:16:27.742+0000] {dag.py:3096} INFO - Sync 1 DAGs
[2024-06-07T14:16:27.761+0000] {logging_mixin.py:188} INFO - [2024-06-07T14:16:27.761+0000] {dag.py:3954} INFO - Setting next_dagrun for example_display_name to None, run_after=None
[2024-06-07T14:16:27.786+0000] {processor.py:183} INFO - Processing /home/airflow/.local/lib/python3.12/site-packages/airflow/example_dags/example_display_name.py took 0.100 seconds
[2024-06-07T14:16:58.202+0000] {processor.py:161} INFO - Started process (PID=1863) to work on /home/airflow/.local/lib/python3.12/site-packages/airflow/example_dags/example_display_name.py
[2024-06-07T14:16:58.203+0000] {processor.py:830} INFO - Processing file /home/airflow/.local/lib/python3.12/site-packages/airflow/example_dags/example_display_name.py for tasks to queue
[2024-06-07T14:16:58.207+0000] {logging_mixin.py:188} INFO - [2024-06-07T14:16:58.206+0000] {dagbag.py:545} INFO - Filling up the DagBag from /home/airflow/.local/lib/python3.12/site-packages/airflow/example_dags/example_display_name.py
[2024-06-07T14:16:58.216+0000] {processor.py:840} INFO - DAG(s) 'example_display_name' retrieved from /home/airflow/.local/lib/python3.12/site-packages/airflow/example_dags/example_display_name.py
[2024-06-07T14:16:58.245+0000] {logging_mixin.py:188} INFO - [2024-06-07T14:16:58.245+0000] {dag.py:3096} INFO - Sync 1 DAGs
[2024-06-07T14:16:58.264+0000] {logging_mixin.py:188} INFO - [2024-06-07T14:16:58.264+0000] {dag.py:3954} INFO - Setting next_dagrun for example_display_name to None, run_after=None
[2024-06-07T14:16:58.291+0000] {processor.py:183} INFO - Processing /home/airflow/.local/lib/python3.12/site-packages/airflow/example_dags/example_display_name.py took 0.099 seconds
[2024-06-07T14:17:29.033+0000] {processor.py:161} INFO - Started process (PID=1923) to work on /home/airflow/.local/lib/python3.12/site-packages/airflow/example_dags/example_display_name.py
[2024-06-07T14:17:29.034+0000] {processor.py:830} INFO - Processing file /home/airflow/.local/lib/python3.12/site-packages/airflow/example_dags/example_display_name.py for tasks to queue
[2024-06-07T14:17:29.036+0000] {logging_mixin.py:188} INFO - [2024-06-07T14:17:29.036+0000] {dagbag.py:545} INFO - Filling up the DagBag from /home/airflow/.local/lib/python3.12/site-packages/airflow/example_dags/example_display_name.py
[2024-06-07T14:17:29.195+0000] {processor.py:840} INFO - DAG(s) 'example_display_name' retrieved from /home/airflow/.local/lib/python3.12/site-packages/airflow/example_dags/example_display_name.py
[2024-06-07T14:17:29.226+0000] {logging_mixin.py:188} INFO - [2024-06-07T14:17:29.224+0000] {dag.py:3096} INFO - Sync 1 DAGs
[2024-06-07T14:17:29.250+0000] {logging_mixin.py:188} INFO - [2024-06-07T14:17:29.249+0000] {dag.py:3954} INFO - Setting next_dagrun for example_display_name to None, run_after=None
[2024-06-07T14:17:29.286+0000] {processor.py:183} INFO - Processing /home/airflow/.local/lib/python3.12/site-packages/airflow/example_dags/example_display_name.py took 0.259 seconds
[2024-06-07T14:17:59.798+0000] {processor.py:161} INFO - Started process (PID=1983) to work on /home/airflow/.local/lib/python3.12/site-packages/airflow/example_dags/example_display_name.py
[2024-06-07T14:17:59.799+0000] {processor.py:830} INFO - Processing file /home/airflow/.local/lib/python3.12/site-packages/airflow/example_dags/example_display_name.py for tasks to queue
[2024-06-07T14:17:59.802+0000] {logging_mixin.py:188} INFO - [2024-06-07T14:17:59.801+0000] {dagbag.py:545} INFO - Filling up the DagBag from /home/airflow/.local/lib/python3.12/site-packages/airflow/example_dags/example_display_name.py
[2024-06-07T14:17:59.812+0000] {processor.py:840} INFO - DAG(s) 'example_display_name' retrieved from /home/airflow/.local/lib/python3.12/site-packages/airflow/example_dags/example_display_name.py
[2024-06-07T14:17:59.838+0000] {logging_mixin.py:188} INFO - [2024-06-07T14:17:59.837+0000] {dag.py:3096} INFO - Sync 1 DAGs
[2024-06-07T14:17:59.856+0000] {logging_mixin.py:188} INFO - [2024-06-07T14:17:59.856+0000] {dag.py:3954} INFO - Setting next_dagrun for example_display_name to None, run_after=None
[2024-06-07T14:17:59.879+0000] {processor.py:183} INFO - Processing /home/airflow/.local/lib/python3.12/site-packages/airflow/example_dags/example_display_name.py took 0.089 seconds
[2024-06-07T14:18:30.424+0000] {processor.py:161} INFO - Started process (PID=2043) to work on /home/airflow/.local/lib/python3.12/site-packages/airflow/example_dags/example_display_name.py
[2024-06-07T14:18:30.425+0000] {processor.py:830} INFO - Processing file /home/airflow/.local/lib/python3.12/site-packages/airflow/example_dags/example_display_name.py for tasks to queue
[2024-06-07T14:18:30.428+0000] {logging_mixin.py:188} INFO - [2024-06-07T14:18:30.427+0000] {dagbag.py:545} INFO - Filling up the DagBag from /home/airflow/.local/lib/python3.12/site-packages/airflow/example_dags/example_display_name.py
[2024-06-07T14:18:30.435+0000] {processor.py:840} INFO - DAG(s) 'example_display_name' retrieved from /home/airflow/.local/lib/python3.12/site-packages/airflow/example_dags/example_display_name.py
[2024-06-07T14:18:30.456+0000] {logging_mixin.py:188} INFO - [2024-06-07T14:18:30.455+0000] {dag.py:3096} INFO - Sync 1 DAGs
[2024-06-07T14:18:30.470+0000] {logging_mixin.py:188} INFO - [2024-06-07T14:18:30.470+0000] {dag.py:3954} INFO - Setting next_dagrun for example_display_name to None, run_after=None
[2024-06-07T14:18:30.491+0000] {processor.py:183} INFO - Processing /home/airflow/.local/lib/python3.12/site-packages/airflow/example_dags/example_display_name.py took 0.073 seconds
