[2024-06-07T14:01:50.515+0000] {processor.py:161} INFO - Started process (PID=81) to work on /home/airflow/.local/lib/python3.12/site-packages/airflow/example_dags/example_local_kubernetes_executor.py
[2024-06-07T14:01:50.519+0000] {processor.py:830} INFO - Processing file /home/airflow/.local/lib/python3.12/site-packages/airflow/example_dags/example_local_kubernetes_executor.py for tasks to queue
[2024-06-07T14:01:50.526+0000] {logging_mixin.py:188} INFO - [2024-06-07T14:01:50.524+0000] {dagbag.py:545} INFO - Filling up the DagBag from /home/airflow/.local/lib/python3.12/site-packages/airflow/example_dags/example_local_kubernetes_executor.py
[2024-06-07T14:01:50.576+0000] {processor.py:840} INFO - DAG(s) 'example_local_kubernetes_executor' retrieved from /home/airflow/.local/lib/python3.12/site-packages/airflow/example_dags/example_local_kubernetes_executor.py
[2024-06-07T14:01:51.219+0000] {logging_mixin.py:188} INFO - [2024-06-07T14:01:51.218+0000] {dag.py:3096} INFO - Sync 1 DAGs
[2024-06-07T14:01:51.246+0000] {logging_mixin.py:188} INFO - [2024-06-07T14:01:51.245+0000] {dag.py:3954} INFO - Setting next_dagrun for example_local_kubernetes_executor to None, run_after=None
[2024-06-07T14:01:51.303+0000] {processor.py:183} INFO - Processing /home/airflow/.local/lib/python3.12/site-packages/airflow/example_dags/example_local_kubernetes_executor.py took 0.811 seconds
[2024-06-07T14:02:21.633+0000] {processor.py:161} INFO - Started process (PID=153) to work on /home/airflow/.local/lib/python3.12/site-packages/airflow/example_dags/example_local_kubernetes_executor.py
[2024-06-07T14:02:21.635+0000] {processor.py:830} INFO - Processing file /home/airflow/.local/lib/python3.12/site-packages/airflow/example_dags/example_local_kubernetes_executor.py for tasks to queue
[2024-06-07T14:02:21.639+0000] {logging_mixin.py:188} INFO - [2024-06-07T14:02:21.638+0000] {dagbag.py:545} INFO - Filling up the DagBag from /home/airflow/.local/lib/python3.12/site-packages/airflow/example_dags/example_local_kubernetes_executor.py
[2024-06-07T14:02:21.667+0000] {processor.py:840} INFO - DAG(s) 'example_local_kubernetes_executor' retrieved from /home/airflow/.local/lib/python3.12/site-packages/airflow/example_dags/example_local_kubernetes_executor.py
[2024-06-07T14:02:21.746+0000] {logging_mixin.py:188} INFO - [2024-06-07T14:02:21.746+0000] {dag.py:3096} INFO - Sync 1 DAGs
[2024-06-07T14:02:21.799+0000] {logging_mixin.py:188} INFO - [2024-06-07T14:02:21.798+0000] {dag.py:3954} INFO - Setting next_dagrun for example_local_kubernetes_executor to None, run_after=None
[2024-06-07T14:02:21.854+0000] {processor.py:183} INFO - Processing /home/airflow/.local/lib/python3.12/site-packages/airflow/example_dags/example_local_kubernetes_executor.py took 0.237 seconds
[2024-06-07T14:02:52.538+0000] {processor.py:161} INFO - Started process (PID=213) to work on /home/airflow/.local/lib/python3.12/site-packages/airflow/example_dags/example_local_kubernetes_executor.py
[2024-06-07T14:02:52.544+0000] {processor.py:830} INFO - Processing file /home/airflow/.local/lib/python3.12/site-packages/airflow/example_dags/example_local_kubernetes_executor.py for tasks to queue
[2024-06-07T14:02:52.549+0000] {logging_mixin.py:188} INFO - [2024-06-07T14:02:52.549+0000] {dagbag.py:545} INFO - Filling up the DagBag from /home/airflow/.local/lib/python3.12/site-packages/airflow/example_dags/example_local_kubernetes_executor.py
[2024-06-07T14:02:52.567+0000] {processor.py:840} INFO - DAG(s) 'example_local_kubernetes_executor' retrieved from /home/airflow/.local/lib/python3.12/site-packages/airflow/example_dags/example_local_kubernetes_executor.py
[2024-06-07T14:02:52.622+0000] {logging_mixin.py:188} INFO - [2024-06-07T14:02:52.621+0000] {dag.py:3096} INFO - Sync 1 DAGs
[2024-06-07T14:02:52.686+0000] {logging_mixin.py:188} INFO - [2024-06-07T14:02:52.683+0000] {dag.py:3954} INFO - Setting next_dagrun for example_local_kubernetes_executor to None, run_after=None
[2024-06-07T14:02:52.764+0000] {processor.py:183} INFO - Processing /home/airflow/.local/lib/python3.12/site-packages/airflow/example_dags/example_local_kubernetes_executor.py took 0.243 seconds
[2024-06-07T14:03:22.930+0000] {processor.py:161} INFO - Started process (PID=273) to work on /home/airflow/.local/lib/python3.12/site-packages/airflow/example_dags/example_local_kubernetes_executor.py
[2024-06-07T14:03:22.932+0000] {processor.py:830} INFO - Processing file /home/airflow/.local/lib/python3.12/site-packages/airflow/example_dags/example_local_kubernetes_executor.py for tasks to queue
[2024-06-07T14:03:22.935+0000] {logging_mixin.py:188} INFO - [2024-06-07T14:03:22.935+0000] {dagbag.py:545} INFO - Filling up the DagBag from /home/airflow/.local/lib/python3.12/site-packages/airflow/example_dags/example_local_kubernetes_executor.py
[2024-06-07T14:03:22.944+0000] {processor.py:840} INFO - DAG(s) 'example_local_kubernetes_executor' retrieved from /home/airflow/.local/lib/python3.12/site-packages/airflow/example_dags/example_local_kubernetes_executor.py
[2024-06-07T14:03:22.997+0000] {logging_mixin.py:188} INFO - [2024-06-07T14:03:22.996+0000] {dag.py:3096} INFO - Sync 1 DAGs
[2024-06-07T14:03:23.011+0000] {logging_mixin.py:188} INFO - [2024-06-07T14:03:23.010+0000] {dag.py:3954} INFO - Setting next_dagrun for example_local_kubernetes_executor to None, run_after=None
[2024-06-07T14:03:23.032+0000] {processor.py:183} INFO - Processing /home/airflow/.local/lib/python3.12/site-packages/airflow/example_dags/example_local_kubernetes_executor.py took 0.111 seconds
[2024-06-07T14:03:53.088+0000] {processor.py:161} INFO - Started process (PID=333) to work on /home/airflow/.local/lib/python3.12/site-packages/airflow/example_dags/example_local_kubernetes_executor.py
[2024-06-07T14:03:53.090+0000] {processor.py:830} INFO - Processing file /home/airflow/.local/lib/python3.12/site-packages/airflow/example_dags/example_local_kubernetes_executor.py for tasks to queue
[2024-06-07T14:03:53.093+0000] {logging_mixin.py:188} INFO - [2024-06-07T14:03:53.092+0000] {dagbag.py:545} INFO - Filling up the DagBag from /home/airflow/.local/lib/python3.12/site-packages/airflow/example_dags/example_local_kubernetes_executor.py
[2024-06-07T14:03:53.101+0000] {processor.py:840} INFO - DAG(s) 'example_local_kubernetes_executor' retrieved from /home/airflow/.local/lib/python3.12/site-packages/airflow/example_dags/example_local_kubernetes_executor.py
[2024-06-07T14:03:53.144+0000] {logging_mixin.py:188} INFO - [2024-06-07T14:03:53.144+0000] {dag.py:3096} INFO - Sync 1 DAGs
[2024-06-07T14:03:53.159+0000] {logging_mixin.py:188} INFO - [2024-06-07T14:03:53.159+0000] {dag.py:3954} INFO - Setting next_dagrun for example_local_kubernetes_executor to None, run_after=None
[2024-06-07T14:03:53.182+0000] {processor.py:183} INFO - Processing /home/airflow/.local/lib/python3.12/site-packages/airflow/example_dags/example_local_kubernetes_executor.py took 0.101 seconds
[2024-06-07T14:04:24.199+0000] {processor.py:161} INFO - Started process (PID=393) to work on /home/airflow/.local/lib/python3.12/site-packages/airflow/example_dags/example_local_kubernetes_executor.py
[2024-06-07T14:04:24.202+0000] {processor.py:830} INFO - Processing file /home/airflow/.local/lib/python3.12/site-packages/airflow/example_dags/example_local_kubernetes_executor.py for tasks to queue
[2024-06-07T14:04:24.205+0000] {logging_mixin.py:188} INFO - [2024-06-07T14:04:24.204+0000] {dagbag.py:545} INFO - Filling up the DagBag from /home/airflow/.local/lib/python3.12/site-packages/airflow/example_dags/example_local_kubernetes_executor.py
[2024-06-07T14:04:24.215+0000] {processor.py:840} INFO - DAG(s) 'example_local_kubernetes_executor' retrieved from /home/airflow/.local/lib/python3.12/site-packages/airflow/example_dags/example_local_kubernetes_executor.py
[2024-06-07T14:04:24.259+0000] {logging_mixin.py:188} INFO - [2024-06-07T14:04:24.258+0000] {dag.py:3096} INFO - Sync 1 DAGs
[2024-06-07T14:04:24.279+0000] {logging_mixin.py:188} INFO - [2024-06-07T14:04:24.279+0000] {dag.py:3954} INFO - Setting next_dagrun for example_local_kubernetes_executor to None, run_after=None
[2024-06-07T14:04:24.305+0000] {processor.py:183} INFO - Processing /home/airflow/.local/lib/python3.12/site-packages/airflow/example_dags/example_local_kubernetes_executor.py took 0.114 seconds
[2024-06-07T14:04:54.531+0000] {processor.py:161} INFO - Started process (PID=453) to work on /home/airflow/.local/lib/python3.12/site-packages/airflow/example_dags/example_local_kubernetes_executor.py
[2024-06-07T14:04:54.532+0000] {processor.py:830} INFO - Processing file /home/airflow/.local/lib/python3.12/site-packages/airflow/example_dags/example_local_kubernetes_executor.py for tasks to queue
[2024-06-07T14:04:54.535+0000] {logging_mixin.py:188} INFO - [2024-06-07T14:04:54.534+0000] {dagbag.py:545} INFO - Filling up the DagBag from /home/airflow/.local/lib/python3.12/site-packages/airflow/example_dags/example_local_kubernetes_executor.py
[2024-06-07T14:04:54.543+0000] {processor.py:840} INFO - DAG(s) 'example_local_kubernetes_executor' retrieved from /home/airflow/.local/lib/python3.12/site-packages/airflow/example_dags/example_local_kubernetes_executor.py
[2024-06-07T14:04:54.584+0000] {logging_mixin.py:188} INFO - [2024-06-07T14:04:54.584+0000] {dag.py:3096} INFO - Sync 1 DAGs
[2024-06-07T14:04:54.599+0000] {logging_mixin.py:188} INFO - [2024-06-07T14:04:54.599+0000] {dag.py:3954} INFO - Setting next_dagrun for example_local_kubernetes_executor to None, run_after=None
[2024-06-07T14:04:54.621+0000] {processor.py:183} INFO - Processing /home/airflow/.local/lib/python3.12/site-packages/airflow/example_dags/example_local_kubernetes_executor.py took 0.097 seconds
[2024-06-07T14:05:24.830+0000] {processor.py:161} INFO - Started process (PID=513) to work on /home/airflow/.local/lib/python3.12/site-packages/airflow/example_dags/example_local_kubernetes_executor.py
[2024-06-07T14:05:24.831+0000] {processor.py:830} INFO - Processing file /home/airflow/.local/lib/python3.12/site-packages/airflow/example_dags/example_local_kubernetes_executor.py for tasks to queue
[2024-06-07T14:05:24.844+0000] {logging_mixin.py:188} INFO - [2024-06-07T14:05:24.844+0000] {dagbag.py:545} INFO - Filling up the DagBag from /home/airflow/.local/lib/python3.12/site-packages/airflow/example_dags/example_local_kubernetes_executor.py
[2024-06-07T14:05:24.886+0000] {processor.py:840} INFO - DAG(s) 'example_local_kubernetes_executor' retrieved from /home/airflow/.local/lib/python3.12/site-packages/airflow/example_dags/example_local_kubernetes_executor.py
[2024-06-07T14:05:24.968+0000] {logging_mixin.py:188} INFO - [2024-06-07T14:05:24.968+0000] {dag.py:3096} INFO - Sync 1 DAGs
[2024-06-07T14:05:24.987+0000] {logging_mixin.py:188} INFO - [2024-06-07T14:05:24.987+0000] {dag.py:3954} INFO - Setting next_dagrun for example_local_kubernetes_executor to None, run_after=None
[2024-06-07T14:05:25.024+0000] {processor.py:183} INFO - Processing /home/airflow/.local/lib/python3.12/site-packages/airflow/example_dags/example_local_kubernetes_executor.py took 0.204 seconds
[2024-06-07T14:05:55.821+0000] {processor.py:161} INFO - Started process (PID=574) to work on /home/airflow/.local/lib/python3.12/site-packages/airflow/example_dags/example_local_kubernetes_executor.py
[2024-06-07T14:05:55.822+0000] {processor.py:830} INFO - Processing file /home/airflow/.local/lib/python3.12/site-packages/airflow/example_dags/example_local_kubernetes_executor.py for tasks to queue
[2024-06-07T14:05:55.825+0000] {logging_mixin.py:188} INFO - [2024-06-07T14:05:55.824+0000] {dagbag.py:545} INFO - Filling up the DagBag from /home/airflow/.local/lib/python3.12/site-packages/airflow/example_dags/example_local_kubernetes_executor.py
[2024-06-07T14:05:55.832+0000] {processor.py:840} INFO - DAG(s) 'example_local_kubernetes_executor' retrieved from /home/airflow/.local/lib/python3.12/site-packages/airflow/example_dags/example_local_kubernetes_executor.py
[2024-06-07T14:05:55.871+0000] {logging_mixin.py:188} INFO - [2024-06-07T14:05:55.871+0000] {dag.py:3096} INFO - Sync 1 DAGs
[2024-06-07T14:05:55.888+0000] {logging_mixin.py:188} INFO - [2024-06-07T14:05:55.887+0000] {dag.py:3954} INFO - Setting next_dagrun for example_local_kubernetes_executor to None, run_after=None
[2024-06-07T14:05:55.911+0000] {processor.py:183} INFO - Processing /home/airflow/.local/lib/python3.12/site-packages/airflow/example_dags/example_local_kubernetes_executor.py took 0.097 seconds
[2024-06-07T14:06:26.380+0000] {processor.py:161} INFO - Started process (PID=634) to work on /home/airflow/.local/lib/python3.12/site-packages/airflow/example_dags/example_local_kubernetes_executor.py
[2024-06-07T14:06:26.382+0000] {processor.py:830} INFO - Processing file /home/airflow/.local/lib/python3.12/site-packages/airflow/example_dags/example_local_kubernetes_executor.py for tasks to queue
[2024-06-07T14:06:26.384+0000] {logging_mixin.py:188} INFO - [2024-06-07T14:06:26.384+0000] {dagbag.py:545} INFO - Filling up the DagBag from /home/airflow/.local/lib/python3.12/site-packages/airflow/example_dags/example_local_kubernetes_executor.py
[2024-06-07T14:06:26.397+0000] {processor.py:840} INFO - DAG(s) 'example_local_kubernetes_executor' retrieved from /home/airflow/.local/lib/python3.12/site-packages/airflow/example_dags/example_local_kubernetes_executor.py
[2024-06-07T14:06:26.456+0000] {logging_mixin.py:188} INFO - [2024-06-07T14:06:26.455+0000] {dag.py:3096} INFO - Sync 1 DAGs
[2024-06-07T14:06:26.475+0000] {logging_mixin.py:188} INFO - [2024-06-07T14:06:26.475+0000] {dag.py:3954} INFO - Setting next_dagrun for example_local_kubernetes_executor to None, run_after=None
[2024-06-07T14:06:26.500+0000] {processor.py:183} INFO - Processing /home/airflow/.local/lib/python3.12/site-packages/airflow/example_dags/example_local_kubernetes_executor.py took 0.126 seconds
[2024-06-07T14:06:57.200+0000] {processor.py:161} INFO - Started process (PID=694) to work on /home/airflow/.local/lib/python3.12/site-packages/airflow/example_dags/example_local_kubernetes_executor.py
[2024-06-07T14:06:57.201+0000] {processor.py:830} INFO - Processing file /home/airflow/.local/lib/python3.12/site-packages/airflow/example_dags/example_local_kubernetes_executor.py for tasks to queue
[2024-06-07T14:06:57.204+0000] {logging_mixin.py:188} INFO - [2024-06-07T14:06:57.203+0000] {dagbag.py:545} INFO - Filling up the DagBag from /home/airflow/.local/lib/python3.12/site-packages/airflow/example_dags/example_local_kubernetes_executor.py
[2024-06-07T14:06:57.211+0000] {processor.py:840} INFO - DAG(s) 'example_local_kubernetes_executor' retrieved from /home/airflow/.local/lib/python3.12/site-packages/airflow/example_dags/example_local_kubernetes_executor.py
[2024-06-07T14:06:57.248+0000] {logging_mixin.py:188} INFO - [2024-06-07T14:06:57.247+0000] {dag.py:3096} INFO - Sync 1 DAGs
[2024-06-07T14:06:57.262+0000] {logging_mixin.py:188} INFO - [2024-06-07T14:06:57.262+0000] {dag.py:3954} INFO - Setting next_dagrun for example_local_kubernetes_executor to None, run_after=None
[2024-06-07T14:06:57.282+0000] {processor.py:183} INFO - Processing /home/airflow/.local/lib/python3.12/site-packages/airflow/example_dags/example_local_kubernetes_executor.py took 0.087 seconds
[2024-06-07T14:07:27.494+0000] {processor.py:161} INFO - Started process (PID=754) to work on /home/airflow/.local/lib/python3.12/site-packages/airflow/example_dags/example_local_kubernetes_executor.py
[2024-06-07T14:07:27.495+0000] {processor.py:830} INFO - Processing file /home/airflow/.local/lib/python3.12/site-packages/airflow/example_dags/example_local_kubernetes_executor.py for tasks to queue
[2024-06-07T14:07:27.498+0000] {logging_mixin.py:188} INFO - [2024-06-07T14:07:27.497+0000] {dagbag.py:545} INFO - Filling up the DagBag from /home/airflow/.local/lib/python3.12/site-packages/airflow/example_dags/example_local_kubernetes_executor.py
[2024-06-07T14:07:27.505+0000] {processor.py:840} INFO - DAG(s) 'example_local_kubernetes_executor' retrieved from /home/airflow/.local/lib/python3.12/site-packages/airflow/example_dags/example_local_kubernetes_executor.py
[2024-06-07T14:07:27.541+0000] {logging_mixin.py:188} INFO - [2024-06-07T14:07:27.541+0000] {dag.py:3096} INFO - Sync 1 DAGs
[2024-06-07T14:07:27.554+0000] {logging_mixin.py:188} INFO - [2024-06-07T14:07:27.553+0000] {dag.py:3954} INFO - Setting next_dagrun for example_local_kubernetes_executor to None, run_after=None
[2024-06-07T14:07:27.575+0000] {processor.py:183} INFO - Processing /home/airflow/.local/lib/python3.12/site-packages/airflow/example_dags/example_local_kubernetes_executor.py took 0.087 seconds
[2024-06-07T14:07:58.247+0000] {processor.py:161} INFO - Started process (PID=814) to work on /home/airflow/.local/lib/python3.12/site-packages/airflow/example_dags/example_local_kubernetes_executor.py
[2024-06-07T14:07:58.248+0000] {processor.py:830} INFO - Processing file /home/airflow/.local/lib/python3.12/site-packages/airflow/example_dags/example_local_kubernetes_executor.py for tasks to queue
[2024-06-07T14:07:58.250+0000] {logging_mixin.py:188} INFO - [2024-06-07T14:07:58.250+0000] {dagbag.py:545} INFO - Filling up the DagBag from /home/airflow/.local/lib/python3.12/site-packages/airflow/example_dags/example_local_kubernetes_executor.py
[2024-06-07T14:07:58.261+0000] {processor.py:840} INFO - DAG(s) 'example_local_kubernetes_executor' retrieved from /home/airflow/.local/lib/python3.12/site-packages/airflow/example_dags/example_local_kubernetes_executor.py
[2024-06-07T14:07:58.303+0000] {logging_mixin.py:188} INFO - [2024-06-07T14:07:58.302+0000] {dag.py:3096} INFO - Sync 1 DAGs
[2024-06-07T14:07:58.323+0000] {logging_mixin.py:188} INFO - [2024-06-07T14:07:58.323+0000] {dag.py:3954} INFO - Setting next_dagrun for example_local_kubernetes_executor to None, run_after=None
[2024-06-07T14:07:58.348+0000] {processor.py:183} INFO - Processing /home/airflow/.local/lib/python3.12/site-packages/airflow/example_dags/example_local_kubernetes_executor.py took 0.109 seconds
[2024-06-07T14:08:28.419+0000] {processor.py:161} INFO - Started process (PID=872) to work on /home/airflow/.local/lib/python3.12/site-packages/airflow/example_dags/example_local_kubernetes_executor.py
[2024-06-07T14:08:28.420+0000] {processor.py:830} INFO - Processing file /home/airflow/.local/lib/python3.12/site-packages/airflow/example_dags/example_local_kubernetes_executor.py for tasks to queue
[2024-06-07T14:08:28.423+0000] {logging_mixin.py:188} INFO - [2024-06-07T14:08:28.422+0000] {dagbag.py:545} INFO - Filling up the DagBag from /home/airflow/.local/lib/python3.12/site-packages/airflow/example_dags/example_local_kubernetes_executor.py
[2024-06-07T14:08:28.437+0000] {processor.py:840} INFO - DAG(s) 'example_local_kubernetes_executor' retrieved from /home/airflow/.local/lib/python3.12/site-packages/airflow/example_dags/example_local_kubernetes_executor.py
[2024-06-07T14:08:28.486+0000] {logging_mixin.py:188} INFO - [2024-06-07T14:08:28.486+0000] {dag.py:3096} INFO - Sync 1 DAGs
[2024-06-07T14:08:28.501+0000] {logging_mixin.py:188} INFO - [2024-06-07T14:08:28.501+0000] {dag.py:3954} INFO - Setting next_dagrun for example_local_kubernetes_executor to None, run_after=None
[2024-06-07T14:08:28.523+0000] {processor.py:183} INFO - Processing /home/airflow/.local/lib/python3.12/site-packages/airflow/example_dags/example_local_kubernetes_executor.py took 0.114 seconds
[2024-06-07T14:08:58.925+0000] {processor.py:161} INFO - Started process (PID=932) to work on /home/airflow/.local/lib/python3.12/site-packages/airflow/example_dags/example_local_kubernetes_executor.py
[2024-06-07T14:08:58.926+0000] {processor.py:830} INFO - Processing file /home/airflow/.local/lib/python3.12/site-packages/airflow/example_dags/example_local_kubernetes_executor.py for tasks to queue
[2024-06-07T14:08:58.927+0000] {logging_mixin.py:188} INFO - [2024-06-07T14:08:58.927+0000] {dagbag.py:545} INFO - Filling up the DagBag from /home/airflow/.local/lib/python3.12/site-packages/airflow/example_dags/example_local_kubernetes_executor.py
[2024-06-07T14:08:58.938+0000] {processor.py:840} INFO - DAG(s) 'example_local_kubernetes_executor' retrieved from /home/airflow/.local/lib/python3.12/site-packages/airflow/example_dags/example_local_kubernetes_executor.py
[2024-06-07T14:08:58.972+0000] {logging_mixin.py:188} INFO - [2024-06-07T14:08:58.972+0000] {dag.py:3096} INFO - Sync 1 DAGs
[2024-06-07T14:08:58.985+0000] {logging_mixin.py:188} INFO - [2024-06-07T14:08:58.985+0000] {dag.py:3954} INFO - Setting next_dagrun for example_local_kubernetes_executor to None, run_after=None
[2024-06-07T14:08:59.005+0000] {processor.py:183} INFO - Processing /home/airflow/.local/lib/python3.12/site-packages/airflow/example_dags/example_local_kubernetes_executor.py took 0.086 seconds
[2024-06-07T14:09:29.512+0000] {processor.py:161} INFO - Started process (PID=992) to work on /home/airflow/.local/lib/python3.12/site-packages/airflow/example_dags/example_local_kubernetes_executor.py
[2024-06-07T14:09:29.513+0000] {processor.py:830} INFO - Processing file /home/airflow/.local/lib/python3.12/site-packages/airflow/example_dags/example_local_kubernetes_executor.py for tasks to queue
[2024-06-07T14:09:29.515+0000] {logging_mixin.py:188} INFO - [2024-06-07T14:09:29.515+0000] {dagbag.py:545} INFO - Filling up the DagBag from /home/airflow/.local/lib/python3.12/site-packages/airflow/example_dags/example_local_kubernetes_executor.py
[2024-06-07T14:09:29.524+0000] {processor.py:840} INFO - DAG(s) 'example_local_kubernetes_executor' retrieved from /home/airflow/.local/lib/python3.12/site-packages/airflow/example_dags/example_local_kubernetes_executor.py
[2024-06-07T14:09:29.565+0000] {logging_mixin.py:188} INFO - [2024-06-07T14:09:29.564+0000] {dag.py:3096} INFO - Sync 1 DAGs
[2024-06-07T14:09:29.580+0000] {logging_mixin.py:188} INFO - [2024-06-07T14:09:29.580+0000] {dag.py:3954} INFO - Setting next_dagrun for example_local_kubernetes_executor to None, run_after=None
[2024-06-07T14:09:29.599+0000] {processor.py:183} INFO - Processing /home/airflow/.local/lib/python3.12/site-packages/airflow/example_dags/example_local_kubernetes_executor.py took 0.094 seconds
[2024-06-07T14:10:00.808+0000] {processor.py:161} INFO - Started process (PID=1054) to work on /home/airflow/.local/lib/python3.12/site-packages/airflow/example_dags/example_local_kubernetes_executor.py
[2024-06-07T14:10:00.814+0000] {processor.py:830} INFO - Processing file /home/airflow/.local/lib/python3.12/site-packages/airflow/example_dags/example_local_kubernetes_executor.py for tasks to queue
[2024-06-07T14:10:00.821+0000] {logging_mixin.py:188} INFO - [2024-06-07T14:10:00.821+0000] {dagbag.py:545} INFO - Filling up the DagBag from /home/airflow/.local/lib/python3.12/site-packages/airflow/example_dags/example_local_kubernetes_executor.py
[2024-06-07T14:10:00.855+0000] {processor.py:840} INFO - DAG(s) 'example_local_kubernetes_executor' retrieved from /home/airflow/.local/lib/python3.12/site-packages/airflow/example_dags/example_local_kubernetes_executor.py
[2024-06-07T14:10:00.965+0000] {logging_mixin.py:188} INFO - [2024-06-07T14:10:00.965+0000] {dag.py:3096} INFO - Sync 1 DAGs
[2024-06-07T14:10:01.040+0000] {logging_mixin.py:188} INFO - [2024-06-07T14:10:01.039+0000] {dag.py:3954} INFO - Setting next_dagrun for example_local_kubernetes_executor to None, run_after=None
[2024-06-07T14:10:01.140+0000] {processor.py:183} INFO - Processing /home/airflow/.local/lib/python3.12/site-packages/airflow/example_dags/example_local_kubernetes_executor.py took 0.356 seconds
[2024-06-07T14:10:31.861+0000] {processor.py:161} INFO - Started process (PID=1114) to work on /home/airflow/.local/lib/python3.12/site-packages/airflow/example_dags/example_local_kubernetes_executor.py
[2024-06-07T14:10:31.862+0000] {processor.py:830} INFO - Processing file /home/airflow/.local/lib/python3.12/site-packages/airflow/example_dags/example_local_kubernetes_executor.py for tasks to queue
[2024-06-07T14:10:31.866+0000] {logging_mixin.py:188} INFO - [2024-06-07T14:10:31.865+0000] {dagbag.py:545} INFO - Filling up the DagBag from /home/airflow/.local/lib/python3.12/site-packages/airflow/example_dags/example_local_kubernetes_executor.py
[2024-06-07T14:10:31.878+0000] {processor.py:840} INFO - DAG(s) 'example_local_kubernetes_executor' retrieved from /home/airflow/.local/lib/python3.12/site-packages/airflow/example_dags/example_local_kubernetes_executor.py
[2024-06-07T14:10:31.930+0000] {logging_mixin.py:188} INFO - [2024-06-07T14:10:31.930+0000] {dag.py:3096} INFO - Sync 1 DAGs
[2024-06-07T14:10:31.948+0000] {logging_mixin.py:188} INFO - [2024-06-07T14:10:31.948+0000] {dag.py:3954} INFO - Setting next_dagrun for example_local_kubernetes_executor to None, run_after=None
[2024-06-07T14:10:31.982+0000] {processor.py:183} INFO - Processing /home/airflow/.local/lib/python3.12/site-packages/airflow/example_dags/example_local_kubernetes_executor.py took 0.130 seconds
[2024-06-07T14:11:02.187+0000] {processor.py:161} INFO - Started process (PID=1174) to work on /home/airflow/.local/lib/python3.12/site-packages/airflow/example_dags/example_local_kubernetes_executor.py
[2024-06-07T14:11:02.189+0000] {processor.py:830} INFO - Processing file /home/airflow/.local/lib/python3.12/site-packages/airflow/example_dags/example_local_kubernetes_executor.py for tasks to queue
[2024-06-07T14:11:02.196+0000] {logging_mixin.py:188} INFO - [2024-06-07T14:11:02.195+0000] {dagbag.py:545} INFO - Filling up the DagBag from /home/airflow/.local/lib/python3.12/site-packages/airflow/example_dags/example_local_kubernetes_executor.py
[2024-06-07T14:11:02.220+0000] {processor.py:840} INFO - DAG(s) 'example_local_kubernetes_executor' retrieved from /home/airflow/.local/lib/python3.12/site-packages/airflow/example_dags/example_local_kubernetes_executor.py
[2024-06-07T14:11:02.331+0000] {logging_mixin.py:188} INFO - [2024-06-07T14:11:02.331+0000] {dag.py:3096} INFO - Sync 1 DAGs
[2024-06-07T14:11:02.388+0000] {logging_mixin.py:188} INFO - [2024-06-07T14:11:02.388+0000] {dag.py:3954} INFO - Setting next_dagrun for example_local_kubernetes_executor to None, run_after=None
[2024-06-07T14:11:02.458+0000] {processor.py:183} INFO - Processing /home/airflow/.local/lib/python3.12/site-packages/airflow/example_dags/example_local_kubernetes_executor.py took 0.288 seconds
[2024-06-07T14:11:32.733+0000] {processor.py:161} INFO - Started process (PID=1234) to work on /home/airflow/.local/lib/python3.12/site-packages/airflow/example_dags/example_local_kubernetes_executor.py
[2024-06-07T14:11:32.734+0000] {processor.py:830} INFO - Processing file /home/airflow/.local/lib/python3.12/site-packages/airflow/example_dags/example_local_kubernetes_executor.py for tasks to queue
[2024-06-07T14:11:32.737+0000] {logging_mixin.py:188} INFO - [2024-06-07T14:11:32.736+0000] {dagbag.py:545} INFO - Filling up the DagBag from /home/airflow/.local/lib/python3.12/site-packages/airflow/example_dags/example_local_kubernetes_executor.py
[2024-06-07T14:11:32.746+0000] {processor.py:840} INFO - DAG(s) 'example_local_kubernetes_executor' retrieved from /home/airflow/.local/lib/python3.12/site-packages/airflow/example_dags/example_local_kubernetes_executor.py
[2024-06-07T14:11:32.825+0000] {logging_mixin.py:188} INFO - [2024-06-07T14:11:32.824+0000] {dag.py:3096} INFO - Sync 1 DAGs
[2024-06-07T14:11:32.843+0000] {logging_mixin.py:188} INFO - [2024-06-07T14:11:32.843+0000] {dag.py:3954} INFO - Setting next_dagrun for example_local_kubernetes_executor to None, run_after=None
[2024-06-07T14:11:32.874+0000] {processor.py:183} INFO - Processing /home/airflow/.local/lib/python3.12/site-packages/airflow/example_dags/example_local_kubernetes_executor.py took 0.150 seconds
[2024-06-07T14:12:04.036+0000] {processor.py:161} INFO - Started process (PID=1294) to work on /home/airflow/.local/lib/python3.12/site-packages/airflow/example_dags/example_local_kubernetes_executor.py
[2024-06-07T14:12:04.037+0000] {processor.py:830} INFO - Processing file /home/airflow/.local/lib/python3.12/site-packages/airflow/example_dags/example_local_kubernetes_executor.py for tasks to queue
[2024-06-07T14:12:04.041+0000] {logging_mixin.py:188} INFO - [2024-06-07T14:12:04.041+0000] {dagbag.py:545} INFO - Filling up the DagBag from /home/airflow/.local/lib/python3.12/site-packages/airflow/example_dags/example_local_kubernetes_executor.py
[2024-06-07T14:12:04.051+0000] {processor.py:840} INFO - DAG(s) 'example_local_kubernetes_executor' retrieved from /home/airflow/.local/lib/python3.12/site-packages/airflow/example_dags/example_local_kubernetes_executor.py
[2024-06-07T14:12:04.097+0000] {logging_mixin.py:188} INFO - [2024-06-07T14:12:04.097+0000] {dag.py:3096} INFO - Sync 1 DAGs
[2024-06-07T14:12:04.118+0000] {logging_mixin.py:188} INFO - [2024-06-07T14:12:04.118+0000] {dag.py:3954} INFO - Setting next_dagrun for example_local_kubernetes_executor to None, run_after=None
[2024-06-07T14:12:04.138+0000] {processor.py:183} INFO - Processing /home/airflow/.local/lib/python3.12/site-packages/airflow/example_dags/example_local_kubernetes_executor.py took 0.114 seconds
[2024-06-07T14:12:34.243+0000] {processor.py:161} INFO - Started process (PID=1354) to work on /home/airflow/.local/lib/python3.12/site-packages/airflow/example_dags/example_local_kubernetes_executor.py
[2024-06-07T14:12:34.245+0000] {processor.py:830} INFO - Processing file /home/airflow/.local/lib/python3.12/site-packages/airflow/example_dags/example_local_kubernetes_executor.py for tasks to queue
[2024-06-07T14:12:34.247+0000] {logging_mixin.py:188} INFO - [2024-06-07T14:12:34.247+0000] {dagbag.py:545} INFO - Filling up the DagBag from /home/airflow/.local/lib/python3.12/site-packages/airflow/example_dags/example_local_kubernetes_executor.py
[2024-06-07T14:12:34.258+0000] {processor.py:840} INFO - DAG(s) 'example_local_kubernetes_executor' retrieved from /home/airflow/.local/lib/python3.12/site-packages/airflow/example_dags/example_local_kubernetes_executor.py
[2024-06-07T14:12:34.303+0000] {logging_mixin.py:188} INFO - [2024-06-07T14:12:34.303+0000] {dag.py:3096} INFO - Sync 1 DAGs
[2024-06-07T14:12:34.317+0000] {logging_mixin.py:188} INFO - [2024-06-07T14:12:34.316+0000] {dag.py:3954} INFO - Setting next_dagrun for example_local_kubernetes_executor to None, run_after=None
[2024-06-07T14:12:34.339+0000] {processor.py:183} INFO - Processing /home/airflow/.local/lib/python3.12/site-packages/airflow/example_dags/example_local_kubernetes_executor.py took 0.102 seconds
[2024-06-07T14:13:06.608+0000] {processor.py:161} INFO - Started process (PID=1414) to work on /home/airflow/.local/lib/python3.12/site-packages/airflow/example_dags/example_local_kubernetes_executor.py
[2024-06-07T14:13:06.611+0000] {processor.py:830} INFO - Processing file /home/airflow/.local/lib/python3.12/site-packages/airflow/example_dags/example_local_kubernetes_executor.py for tasks to queue
[2024-06-07T14:13:06.613+0000] {logging_mixin.py:188} INFO - [2024-06-07T14:13:06.613+0000] {dagbag.py:545} INFO - Filling up the DagBag from /home/airflow/.local/lib/python3.12/site-packages/airflow/example_dags/example_local_kubernetes_executor.py
[2024-06-07T14:13:06.623+0000] {processor.py:840} INFO - DAG(s) 'example_local_kubernetes_executor' retrieved from /home/airflow/.local/lib/python3.12/site-packages/airflow/example_dags/example_local_kubernetes_executor.py
[2024-06-07T14:13:06.673+0000] {logging_mixin.py:188} INFO - [2024-06-07T14:13:06.673+0000] {dag.py:3096} INFO - Sync 1 DAGs
[2024-06-07T14:13:06.702+0000] {logging_mixin.py:188} INFO - [2024-06-07T14:13:06.702+0000] {dag.py:3954} INFO - Setting next_dagrun for example_local_kubernetes_executor to None, run_after=None
[2024-06-07T14:13:06.734+0000] {processor.py:183} INFO - Processing /home/airflow/.local/lib/python3.12/site-packages/airflow/example_dags/example_local_kubernetes_executor.py took 0.137 seconds
[2024-06-07T14:13:37.247+0000] {processor.py:161} INFO - Started process (PID=1474) to work on /home/airflow/.local/lib/python3.12/site-packages/airflow/example_dags/example_local_kubernetes_executor.py
[2024-06-07T14:13:37.248+0000] {processor.py:830} INFO - Processing file /home/airflow/.local/lib/python3.12/site-packages/airflow/example_dags/example_local_kubernetes_executor.py for tasks to queue
[2024-06-07T14:13:37.250+0000] {logging_mixin.py:188} INFO - [2024-06-07T14:13:37.250+0000] {dagbag.py:545} INFO - Filling up the DagBag from /home/airflow/.local/lib/python3.12/site-packages/airflow/example_dags/example_local_kubernetes_executor.py
[2024-06-07T14:13:37.261+0000] {processor.py:840} INFO - DAG(s) 'example_local_kubernetes_executor' retrieved from /home/airflow/.local/lib/python3.12/site-packages/airflow/example_dags/example_local_kubernetes_executor.py
[2024-06-07T14:13:37.300+0000] {logging_mixin.py:188} INFO - [2024-06-07T14:13:37.300+0000] {dag.py:3096} INFO - Sync 1 DAGs
[2024-06-07T14:13:37.313+0000] {logging_mixin.py:188} INFO - [2024-06-07T14:13:37.313+0000] {dag.py:3954} INFO - Setting next_dagrun for example_local_kubernetes_executor to None, run_after=None
[2024-06-07T14:13:37.334+0000] {processor.py:183} INFO - Processing /home/airflow/.local/lib/python3.12/site-packages/airflow/example_dags/example_local_kubernetes_executor.py took 0.093 seconds
[2024-06-07T14:14:07.652+0000] {processor.py:161} INFO - Started process (PID=1534) to work on /home/airflow/.local/lib/python3.12/site-packages/airflow/example_dags/example_local_kubernetes_executor.py
[2024-06-07T14:14:07.654+0000] {processor.py:830} INFO - Processing file /home/airflow/.local/lib/python3.12/site-packages/airflow/example_dags/example_local_kubernetes_executor.py for tasks to queue
[2024-06-07T14:14:07.656+0000] {logging_mixin.py:188} INFO - [2024-06-07T14:14:07.655+0000] {dagbag.py:545} INFO - Filling up the DagBag from /home/airflow/.local/lib/python3.12/site-packages/airflow/example_dags/example_local_kubernetes_executor.py
[2024-06-07T14:14:07.663+0000] {processor.py:840} INFO - DAG(s) 'example_local_kubernetes_executor' retrieved from /home/airflow/.local/lib/python3.12/site-packages/airflow/example_dags/example_local_kubernetes_executor.py
[2024-06-07T14:14:07.700+0000] {logging_mixin.py:188} INFO - [2024-06-07T14:14:07.699+0000] {dag.py:3096} INFO - Sync 1 DAGs
[2024-06-07T14:14:07.715+0000] {logging_mixin.py:188} INFO - [2024-06-07T14:14:07.715+0000] {dag.py:3954} INFO - Setting next_dagrun for example_local_kubernetes_executor to None, run_after=None
[2024-06-07T14:14:07.738+0000] {processor.py:183} INFO - Processing /home/airflow/.local/lib/python3.12/site-packages/airflow/example_dags/example_local_kubernetes_executor.py took 0.091 seconds
[2024-06-07T14:14:38.076+0000] {processor.py:161} INFO - Started process (PID=1594) to work on /home/airflow/.local/lib/python3.12/site-packages/airflow/example_dags/example_local_kubernetes_executor.py
[2024-06-07T14:14:38.077+0000] {processor.py:830} INFO - Processing file /home/airflow/.local/lib/python3.12/site-packages/airflow/example_dags/example_local_kubernetes_executor.py for tasks to queue
[2024-06-07T14:14:38.080+0000] {logging_mixin.py:188} INFO - [2024-06-07T14:14:38.080+0000] {dagbag.py:545} INFO - Filling up the DagBag from /home/airflow/.local/lib/python3.12/site-packages/airflow/example_dags/example_local_kubernetes_executor.py
[2024-06-07T14:14:38.090+0000] {processor.py:840} INFO - DAG(s) 'example_local_kubernetes_executor' retrieved from /home/airflow/.local/lib/python3.12/site-packages/airflow/example_dags/example_local_kubernetes_executor.py
[2024-06-07T14:14:38.135+0000] {logging_mixin.py:188} INFO - [2024-06-07T14:14:38.134+0000] {dag.py:3096} INFO - Sync 1 DAGs
[2024-06-07T14:14:38.155+0000] {logging_mixin.py:188} INFO - [2024-06-07T14:14:38.154+0000] {dag.py:3954} INFO - Setting next_dagrun for example_local_kubernetes_executor to None, run_after=None
[2024-06-07T14:14:38.181+0000] {processor.py:183} INFO - Processing /home/airflow/.local/lib/python3.12/site-packages/airflow/example_dags/example_local_kubernetes_executor.py took 0.114 seconds
[2024-06-07T14:15:09.924+0000] {processor.py:161} INFO - Started process (PID=1654) to work on /home/airflow/.local/lib/python3.12/site-packages/airflow/example_dags/example_local_kubernetes_executor.py
[2024-06-07T14:15:09.925+0000] {processor.py:830} INFO - Processing file /home/airflow/.local/lib/python3.12/site-packages/airflow/example_dags/example_local_kubernetes_executor.py for tasks to queue
[2024-06-07T14:15:09.927+0000] {logging_mixin.py:188} INFO - [2024-06-07T14:15:09.927+0000] {dagbag.py:545} INFO - Filling up the DagBag from /home/airflow/.local/lib/python3.12/site-packages/airflow/example_dags/example_local_kubernetes_executor.py
[2024-06-07T14:15:09.939+0000] {processor.py:840} INFO - DAG(s) 'example_local_kubernetes_executor' retrieved from /home/airflow/.local/lib/python3.12/site-packages/airflow/example_dags/example_local_kubernetes_executor.py
[2024-06-07T14:15:09.992+0000] {logging_mixin.py:188} INFO - [2024-06-07T14:15:09.992+0000] {dag.py:3096} INFO - Sync 1 DAGs
[2024-06-07T14:15:10.009+0000] {logging_mixin.py:188} INFO - [2024-06-07T14:15:10.008+0000] {dag.py:3954} INFO - Setting next_dagrun for example_local_kubernetes_executor to None, run_after=None
[2024-06-07T14:15:10.038+0000] {processor.py:183} INFO - Processing /home/airflow/.local/lib/python3.12/site-packages/airflow/example_dags/example_local_kubernetes_executor.py took 0.120 seconds
[2024-06-07T14:15:40.196+0000] {processor.py:161} INFO - Started process (PID=1713) to work on /home/airflow/.local/lib/python3.12/site-packages/airflow/example_dags/example_local_kubernetes_executor.py
[2024-06-07T14:15:40.197+0000] {processor.py:830} INFO - Processing file /home/airflow/.local/lib/python3.12/site-packages/airflow/example_dags/example_local_kubernetes_executor.py for tasks to queue
[2024-06-07T14:15:40.199+0000] {logging_mixin.py:188} INFO - [2024-06-07T14:15:40.199+0000] {dagbag.py:545} INFO - Filling up the DagBag from /home/airflow/.local/lib/python3.12/site-packages/airflow/example_dags/example_local_kubernetes_executor.py
[2024-06-07T14:15:40.207+0000] {processor.py:840} INFO - DAG(s) 'example_local_kubernetes_executor' retrieved from /home/airflow/.local/lib/python3.12/site-packages/airflow/example_dags/example_local_kubernetes_executor.py
[2024-06-07T14:15:40.248+0000] {logging_mixin.py:188} INFO - [2024-06-07T14:15:40.247+0000] {dag.py:3096} INFO - Sync 1 DAGs
[2024-06-07T14:15:40.264+0000] {logging_mixin.py:188} INFO - [2024-06-07T14:15:40.264+0000] {dag.py:3954} INFO - Setting next_dagrun for example_local_kubernetes_executor to None, run_after=None
[2024-06-07T14:15:40.286+0000] {processor.py:183} INFO - Processing /home/airflow/.local/lib/python3.12/site-packages/airflow/example_dags/example_local_kubernetes_executor.py took 0.097 seconds
[2024-06-07T14:16:11.368+0000] {processor.py:161} INFO - Started process (PID=1772) to work on /home/airflow/.local/lib/python3.12/site-packages/airflow/example_dags/example_local_kubernetes_executor.py
[2024-06-07T14:16:11.369+0000] {processor.py:830} INFO - Processing file /home/airflow/.local/lib/python3.12/site-packages/airflow/example_dags/example_local_kubernetes_executor.py for tasks to queue
[2024-06-07T14:16:11.371+0000] {logging_mixin.py:188} INFO - [2024-06-07T14:16:11.371+0000] {dagbag.py:545} INFO - Filling up the DagBag from /home/airflow/.local/lib/python3.12/site-packages/airflow/example_dags/example_local_kubernetes_executor.py
[2024-06-07T14:16:11.379+0000] {processor.py:840} INFO - DAG(s) 'example_local_kubernetes_executor' retrieved from /home/airflow/.local/lib/python3.12/site-packages/airflow/example_dags/example_local_kubernetes_executor.py
[2024-06-07T14:16:11.416+0000] {logging_mixin.py:188} INFO - [2024-06-07T14:16:11.416+0000] {dag.py:3096} INFO - Sync 1 DAGs
[2024-06-07T14:16:11.578+0000] {logging_mixin.py:188} INFO - [2024-06-07T14:16:11.578+0000] {dag.py:3954} INFO - Setting next_dagrun for example_local_kubernetes_executor to None, run_after=None
[2024-06-07T14:16:11.603+0000] {processor.py:183} INFO - Processing /home/airflow/.local/lib/python3.12/site-packages/airflow/example_dags/example_local_kubernetes_executor.py took 0.242 seconds
[2024-06-07T14:16:42.284+0000] {processor.py:161} INFO - Started process (PID=1832) to work on /home/airflow/.local/lib/python3.12/site-packages/airflow/example_dags/example_local_kubernetes_executor.py
[2024-06-07T14:16:42.285+0000] {processor.py:830} INFO - Processing file /home/airflow/.local/lib/python3.12/site-packages/airflow/example_dags/example_local_kubernetes_executor.py for tasks to queue
[2024-06-07T14:16:42.287+0000] {logging_mixin.py:188} INFO - [2024-06-07T14:16:42.286+0000] {dagbag.py:545} INFO - Filling up the DagBag from /home/airflow/.local/lib/python3.12/site-packages/airflow/example_dags/example_local_kubernetes_executor.py
[2024-06-07T14:16:42.297+0000] {processor.py:840} INFO - DAG(s) 'example_local_kubernetes_executor' retrieved from /home/airflow/.local/lib/python3.12/site-packages/airflow/example_dags/example_local_kubernetes_executor.py
[2024-06-07T14:16:42.345+0000] {logging_mixin.py:188} INFO - [2024-06-07T14:16:42.345+0000] {dag.py:3096} INFO - Sync 1 DAGs
[2024-06-07T14:16:42.360+0000] {logging_mixin.py:188} INFO - [2024-06-07T14:16:42.360+0000] {dag.py:3954} INFO - Setting next_dagrun for example_local_kubernetes_executor to None, run_after=None
[2024-06-07T14:16:42.514+0000] {processor.py:183} INFO - Processing /home/airflow/.local/lib/python3.12/site-packages/airflow/example_dags/example_local_kubernetes_executor.py took 0.237 seconds
[2024-06-07T14:17:12.798+0000] {processor.py:161} INFO - Started process (PID=1892) to work on /home/airflow/.local/lib/python3.12/site-packages/airflow/example_dags/example_local_kubernetes_executor.py
[2024-06-07T14:17:12.799+0000] {processor.py:830} INFO - Processing file /home/airflow/.local/lib/python3.12/site-packages/airflow/example_dags/example_local_kubernetes_executor.py for tasks to queue
[2024-06-07T14:17:12.801+0000] {logging_mixin.py:188} INFO - [2024-06-07T14:17:12.801+0000] {dagbag.py:545} INFO - Filling up the DagBag from /home/airflow/.local/lib/python3.12/site-packages/airflow/example_dags/example_local_kubernetes_executor.py
[2024-06-07T14:17:12.809+0000] {processor.py:840} INFO - DAG(s) 'example_local_kubernetes_executor' retrieved from /home/airflow/.local/lib/python3.12/site-packages/airflow/example_dags/example_local_kubernetes_executor.py
[2024-06-07T14:17:12.849+0000] {logging_mixin.py:188} INFO - [2024-06-07T14:17:12.849+0000] {dag.py:3096} INFO - Sync 1 DAGs
[2024-06-07T14:17:12.863+0000] {logging_mixin.py:188} INFO - [2024-06-07T14:17:12.863+0000] {dag.py:3954} INFO - Setting next_dagrun for example_local_kubernetes_executor to None, run_after=None
[2024-06-07T14:17:13.019+0000] {processor.py:183} INFO - Processing /home/airflow/.local/lib/python3.12/site-packages/airflow/example_dags/example_local_kubernetes_executor.py took 0.227 seconds
[2024-06-07T14:17:43.713+0000] {processor.py:161} INFO - Started process (PID=1952) to work on /home/airflow/.local/lib/python3.12/site-packages/airflow/example_dags/example_local_kubernetes_executor.py
[2024-06-07T14:17:43.714+0000] {processor.py:830} INFO - Processing file /home/airflow/.local/lib/python3.12/site-packages/airflow/example_dags/example_local_kubernetes_executor.py for tasks to queue
[2024-06-07T14:17:43.717+0000] {logging_mixin.py:188} INFO - [2024-06-07T14:17:43.717+0000] {dagbag.py:545} INFO - Filling up the DagBag from /home/airflow/.local/lib/python3.12/site-packages/airflow/example_dags/example_local_kubernetes_executor.py
[2024-06-07T14:17:43.730+0000] {processor.py:840} INFO - DAG(s) 'example_local_kubernetes_executor' retrieved from /home/airflow/.local/lib/python3.12/site-packages/airflow/example_dags/example_local_kubernetes_executor.py
[2024-06-07T14:17:43.782+0000] {logging_mixin.py:188} INFO - [2024-06-07T14:17:43.782+0000] {dag.py:3096} INFO - Sync 1 DAGs
[2024-06-07T14:17:43.805+0000] {logging_mixin.py:188} INFO - [2024-06-07T14:17:43.804+0000] {dag.py:3954} INFO - Setting next_dagrun for example_local_kubernetes_executor to None, run_after=None
[2024-06-07T14:17:43.841+0000] {processor.py:183} INFO - Processing /home/airflow/.local/lib/python3.12/site-packages/airflow/example_dags/example_local_kubernetes_executor.py took 0.135 seconds
[2024-06-07T14:18:14.024+0000] {processor.py:161} INFO - Started process (PID=2012) to work on /home/airflow/.local/lib/python3.12/site-packages/airflow/example_dags/example_local_kubernetes_executor.py
[2024-06-07T14:18:14.025+0000] {processor.py:830} INFO - Processing file /home/airflow/.local/lib/python3.12/site-packages/airflow/example_dags/example_local_kubernetes_executor.py for tasks to queue
[2024-06-07T14:18:14.027+0000] {logging_mixin.py:188} INFO - [2024-06-07T14:18:14.027+0000] {dagbag.py:545} INFO - Filling up the DagBag from /home/airflow/.local/lib/python3.12/site-packages/airflow/example_dags/example_local_kubernetes_executor.py
[2024-06-07T14:18:14.036+0000] {processor.py:840} INFO - DAG(s) 'example_local_kubernetes_executor' retrieved from /home/airflow/.local/lib/python3.12/site-packages/airflow/example_dags/example_local_kubernetes_executor.py
[2024-06-07T14:18:14.080+0000] {logging_mixin.py:188} INFO - [2024-06-07T14:18:14.080+0000] {dag.py:3096} INFO - Sync 1 DAGs
[2024-06-07T14:18:14.098+0000] {logging_mixin.py:188} INFO - [2024-06-07T14:18:14.098+0000] {dag.py:3954} INFO - Setting next_dagrun for example_local_kubernetes_executor to None, run_after=None
[2024-06-07T14:18:14.123+0000] {processor.py:183} INFO - Processing /home/airflow/.local/lib/python3.12/site-packages/airflow/example_dags/example_local_kubernetes_executor.py took 0.109 seconds
