[2024-06-07T14:01:43.079+0000] {processor.py:161} INFO - Started process (PID=55) to work on /home/airflow/.local/lib/python3.12/site-packages/airflow/example_dags/example_sensors.py
[2024-06-07T14:01:43.080+0000] {processor.py:830} INFO - Processing file /home/airflow/.local/lib/python3.12/site-packages/airflow/example_dags/example_sensors.py for tasks to queue
[2024-06-07T14:01:43.084+0000] {logging_mixin.py:188} INFO - [2024-06-07T14:01:43.083+0000] {dagbag.py:545} INFO - Filling up the DagBag from /home/airflow/.local/lib/python3.12/site-packages/airflow/example_dags/example_sensors.py
[2024-06-07T14:01:43.109+0000] {processor.py:840} INFO - DAG(s) 'example_sensors' retrieved from /home/airflow/.local/lib/python3.12/site-packages/airflow/example_dags/example_sensors.py
[2024-06-07T14:01:43.372+0000] {logging_mixin.py:188} INFO - [2024-06-07T14:01:43.372+0000] {dag.py:3096} INFO - Sync 1 DAGs
[2024-06-07T14:01:43.396+0000] {logging_mixin.py:188} INFO - [2024-06-07T14:01:43.395+0000] {dag.py:3954} INFO - Setting next_dagrun for example_sensors to None, run_after=None
[2024-06-07T14:01:43.437+0000] {processor.py:183} INFO - Processing /home/airflow/.local/lib/python3.12/site-packages/airflow/example_dags/example_sensors.py took 0.370 seconds
[2024-06-07T14:02:14.169+0000] {processor.py:161} INFO - Started process (PID=123) to work on /home/airflow/.local/lib/python3.12/site-packages/airflow/example_dags/example_sensors.py
[2024-06-07T14:02:14.174+0000] {processor.py:830} INFO - Processing file /home/airflow/.local/lib/python3.12/site-packages/airflow/example_dags/example_sensors.py for tasks to queue
[2024-06-07T14:02:14.182+0000] {logging_mixin.py:188} INFO - [2024-06-07T14:02:14.182+0000] {dagbag.py:545} INFO - Filling up the DagBag from /home/airflow/.local/lib/python3.12/site-packages/airflow/example_dags/example_sensors.py
[2024-06-07T14:02:14.225+0000] {processor.py:840} INFO - DAG(s) 'example_sensors' retrieved from /home/airflow/.local/lib/python3.12/site-packages/airflow/example_dags/example_sensors.py
[2024-06-07T14:02:14.332+0000] {logging_mixin.py:188} INFO - [2024-06-07T14:02:14.331+0000] {dag.py:3096} INFO - Sync 1 DAGs
[2024-06-07T14:02:14.373+0000] {logging_mixin.py:188} INFO - [2024-06-07T14:02:14.372+0000] {dag.py:3954} INFO - Setting next_dagrun for example_sensors to None, run_after=None
[2024-06-07T14:02:14.411+0000] {processor.py:183} INFO - Processing /home/airflow/.local/lib/python3.12/site-packages/airflow/example_dags/example_sensors.py took 0.265 seconds
[2024-06-07T14:02:45.229+0000] {processor.py:161} INFO - Started process (PID=187) to work on /home/airflow/.local/lib/python3.12/site-packages/airflow/example_dags/example_sensors.py
[2024-06-07T14:02:45.231+0000] {processor.py:830} INFO - Processing file /home/airflow/.local/lib/python3.12/site-packages/airflow/example_dags/example_sensors.py for tasks to queue
[2024-06-07T14:02:45.235+0000] {logging_mixin.py:188} INFO - [2024-06-07T14:02:45.234+0000] {dagbag.py:545} INFO - Filling up the DagBag from /home/airflow/.local/lib/python3.12/site-packages/airflow/example_dags/example_sensors.py
[2024-06-07T14:02:45.249+0000] {processor.py:840} INFO - DAG(s) 'example_sensors' retrieved from /home/airflow/.local/lib/python3.12/site-packages/airflow/example_dags/example_sensors.py
[2024-06-07T14:02:45.292+0000] {logging_mixin.py:188} INFO - [2024-06-07T14:02:45.291+0000] {dag.py:3096} INFO - Sync 1 DAGs
[2024-06-07T14:02:45.316+0000] {logging_mixin.py:188} INFO - [2024-06-07T14:02:45.316+0000] {dag.py:3954} INFO - Setting next_dagrun for example_sensors to None, run_after=None
[2024-06-07T14:02:45.350+0000] {processor.py:183} INFO - Processing /home/airflow/.local/lib/python3.12/site-packages/airflow/example_dags/example_sensors.py took 0.134 seconds
[2024-06-07T14:03:16.407+0000] {processor.py:161} INFO - Started process (PID=253) to work on /home/airflow/.local/lib/python3.12/site-packages/airflow/example_dags/example_sensors.py
[2024-06-07T14:03:16.408+0000] {processor.py:830} INFO - Processing file /home/airflow/.local/lib/python3.12/site-packages/airflow/example_dags/example_sensors.py for tasks to queue
[2024-06-07T14:03:16.410+0000] {logging_mixin.py:188} INFO - [2024-06-07T14:03:16.410+0000] {dagbag.py:545} INFO - Filling up the DagBag from /home/airflow/.local/lib/python3.12/site-packages/airflow/example_dags/example_sensors.py
[2024-06-07T14:03:16.421+0000] {processor.py:840} INFO - DAG(s) 'example_sensors' retrieved from /home/airflow/.local/lib/python3.12/site-packages/airflow/example_dags/example_sensors.py
[2024-06-07T14:03:16.451+0000] {logging_mixin.py:188} INFO - [2024-06-07T14:03:16.451+0000] {dag.py:3096} INFO - Sync 1 DAGs
[2024-06-07T14:03:16.465+0000] {logging_mixin.py:188} INFO - [2024-06-07T14:03:16.464+0000] {dag.py:3954} INFO - Setting next_dagrun for example_sensors to None, run_after=None
[2024-06-07T14:03:16.495+0000] {processor.py:183} INFO - Processing /home/airflow/.local/lib/python3.12/site-packages/airflow/example_dags/example_sensors.py took 0.095 seconds
[2024-06-07T14:03:47.440+0000] {processor.py:161} INFO - Started process (PID=313) to work on /home/airflow/.local/lib/python3.12/site-packages/airflow/example_dags/example_sensors.py
[2024-06-07T14:03:47.442+0000] {processor.py:830} INFO - Processing file /home/airflow/.local/lib/python3.12/site-packages/airflow/example_dags/example_sensors.py for tasks to queue
[2024-06-07T14:03:47.444+0000] {logging_mixin.py:188} INFO - [2024-06-07T14:03:47.444+0000] {dagbag.py:545} INFO - Filling up the DagBag from /home/airflow/.local/lib/python3.12/site-packages/airflow/example_dags/example_sensors.py
[2024-06-07T14:03:47.453+0000] {processor.py:840} INFO - DAG(s) 'example_sensors' retrieved from /home/airflow/.local/lib/python3.12/site-packages/airflow/example_dags/example_sensors.py
[2024-06-07T14:03:47.482+0000] {logging_mixin.py:188} INFO - [2024-06-07T14:03:47.482+0000] {dag.py:3096} INFO - Sync 1 DAGs
[2024-06-07T14:03:47.497+0000] {logging_mixin.py:188} INFO - [2024-06-07T14:03:47.496+0000] {dag.py:3954} INFO - Setting next_dagrun for example_sensors to None, run_after=None
[2024-06-07T14:03:47.518+0000] {processor.py:183} INFO - Processing /home/airflow/.local/lib/python3.12/site-packages/airflow/example_dags/example_sensors.py took 0.084 seconds
[2024-06-07T14:04:17.727+0000] {processor.py:161} INFO - Started process (PID=371) to work on /home/airflow/.local/lib/python3.12/site-packages/airflow/example_dags/example_sensors.py
[2024-06-07T14:04:17.728+0000] {processor.py:830} INFO - Processing file /home/airflow/.local/lib/python3.12/site-packages/airflow/example_dags/example_sensors.py for tasks to queue
[2024-06-07T14:04:17.731+0000] {logging_mixin.py:188} INFO - [2024-06-07T14:04:17.731+0000] {dagbag.py:545} INFO - Filling up the DagBag from /home/airflow/.local/lib/python3.12/site-packages/airflow/example_dags/example_sensors.py
[2024-06-07T14:04:17.743+0000] {processor.py:840} INFO - DAG(s) 'example_sensors' retrieved from /home/airflow/.local/lib/python3.12/site-packages/airflow/example_dags/example_sensors.py
[2024-06-07T14:04:17.785+0000] {logging_mixin.py:188} INFO - [2024-06-07T14:04:17.785+0000] {dag.py:3096} INFO - Sync 1 DAGs
[2024-06-07T14:04:17.809+0000] {logging_mixin.py:188} INFO - [2024-06-07T14:04:17.808+0000] {dag.py:3954} INFO - Setting next_dagrun for example_sensors to None, run_after=None
[2024-06-07T14:04:17.838+0000] {processor.py:183} INFO - Processing /home/airflow/.local/lib/python3.12/site-packages/airflow/example_dags/example_sensors.py took 0.120 seconds
[2024-06-07T14:04:48.718+0000] {processor.py:161} INFO - Started process (PID=431) to work on /home/airflow/.local/lib/python3.12/site-packages/airflow/example_dags/example_sensors.py
[2024-06-07T14:04:48.719+0000] {processor.py:830} INFO - Processing file /home/airflow/.local/lib/python3.12/site-packages/airflow/example_dags/example_sensors.py for tasks to queue
[2024-06-07T14:04:48.723+0000] {logging_mixin.py:188} INFO - [2024-06-07T14:04:48.722+0000] {dagbag.py:545} INFO - Filling up the DagBag from /home/airflow/.local/lib/python3.12/site-packages/airflow/example_dags/example_sensors.py
[2024-06-07T14:04:48.740+0000] {processor.py:840} INFO - DAG(s) 'example_sensors' retrieved from /home/airflow/.local/lib/python3.12/site-packages/airflow/example_dags/example_sensors.py
[2024-06-07T14:04:48.782+0000] {logging_mixin.py:188} INFO - [2024-06-07T14:04:48.782+0000] {dag.py:3096} INFO - Sync 1 DAGs
[2024-06-07T14:04:48.799+0000] {logging_mixin.py:188} INFO - [2024-06-07T14:04:48.799+0000] {dag.py:3954} INFO - Setting next_dagrun for example_sensors to None, run_after=None
[2024-06-07T14:04:48.824+0000] {processor.py:183} INFO - Processing /home/airflow/.local/lib/python3.12/site-packages/airflow/example_dags/example_sensors.py took 0.120 seconds
[2024-06-07T14:05:19.195+0000] {processor.py:161} INFO - Started process (PID=491) to work on /home/airflow/.local/lib/python3.12/site-packages/airflow/example_dags/example_sensors.py
[2024-06-07T14:05:19.196+0000] {processor.py:830} INFO - Processing file /home/airflow/.local/lib/python3.12/site-packages/airflow/example_dags/example_sensors.py for tasks to queue
[2024-06-07T14:05:19.198+0000] {logging_mixin.py:188} INFO - [2024-06-07T14:05:19.198+0000] {dagbag.py:545} INFO - Filling up the DagBag from /home/airflow/.local/lib/python3.12/site-packages/airflow/example_dags/example_sensors.py
[2024-06-07T14:05:19.208+0000] {processor.py:840} INFO - DAG(s) 'example_sensors' retrieved from /home/airflow/.local/lib/python3.12/site-packages/airflow/example_dags/example_sensors.py
[2024-06-07T14:05:19.237+0000] {logging_mixin.py:188} INFO - [2024-06-07T14:05:19.237+0000] {dag.py:3096} INFO - Sync 1 DAGs
[2024-06-07T14:05:19.251+0000] {logging_mixin.py:188} INFO - [2024-06-07T14:05:19.251+0000] {dag.py:3954} INFO - Setting next_dagrun for example_sensors to None, run_after=None
[2024-06-07T14:05:19.272+0000] {processor.py:183} INFO - Processing /home/airflow/.local/lib/python3.12/site-packages/airflow/example_dags/example_sensors.py took 0.083 seconds
[2024-06-07T14:05:49.427+0000] {processor.py:161} INFO - Started process (PID=552) to work on /home/airflow/.local/lib/python3.12/site-packages/airflow/example_dags/example_sensors.py
[2024-06-07T14:05:49.428+0000] {processor.py:830} INFO - Processing file /home/airflow/.local/lib/python3.12/site-packages/airflow/example_dags/example_sensors.py for tasks to queue
[2024-06-07T14:05:49.430+0000] {logging_mixin.py:188} INFO - [2024-06-07T14:05:49.430+0000] {dagbag.py:545} INFO - Filling up the DagBag from /home/airflow/.local/lib/python3.12/site-packages/airflow/example_dags/example_sensors.py
[2024-06-07T14:05:49.440+0000] {processor.py:840} INFO - DAG(s) 'example_sensors' retrieved from /home/airflow/.local/lib/python3.12/site-packages/airflow/example_dags/example_sensors.py
[2024-06-07T14:05:49.469+0000] {logging_mixin.py:188} INFO - [2024-06-07T14:05:49.469+0000] {dag.py:3096} INFO - Sync 1 DAGs
[2024-06-07T14:05:49.485+0000] {logging_mixin.py:188} INFO - [2024-06-07T14:05:49.484+0000] {dag.py:3954} INFO - Setting next_dagrun for example_sensors to None, run_after=None
[2024-06-07T14:05:49.508+0000] {processor.py:183} INFO - Processing /home/airflow/.local/lib/python3.12/site-packages/airflow/example_dags/example_sensors.py took 0.088 seconds
[2024-06-07T14:06:19.920+0000] {processor.py:161} INFO - Started process (PID=612) to work on /home/airflow/.local/lib/python3.12/site-packages/airflow/example_dags/example_sensors.py
[2024-06-07T14:06:19.921+0000] {processor.py:830} INFO - Processing file /home/airflow/.local/lib/python3.12/site-packages/airflow/example_dags/example_sensors.py for tasks to queue
[2024-06-07T14:06:19.923+0000] {logging_mixin.py:188} INFO - [2024-06-07T14:06:19.923+0000] {dagbag.py:545} INFO - Filling up the DagBag from /home/airflow/.local/lib/python3.12/site-packages/airflow/example_dags/example_sensors.py
[2024-06-07T14:06:19.934+0000] {processor.py:840} INFO - DAG(s) 'example_sensors' retrieved from /home/airflow/.local/lib/python3.12/site-packages/airflow/example_dags/example_sensors.py
[2024-06-07T14:06:19.972+0000] {logging_mixin.py:188} INFO - [2024-06-07T14:06:19.972+0000] {dag.py:3096} INFO - Sync 1 DAGs
[2024-06-07T14:06:19.991+0000] {logging_mixin.py:188} INFO - [2024-06-07T14:06:19.991+0000] {dag.py:3954} INFO - Setting next_dagrun for example_sensors to None, run_after=None
[2024-06-07T14:06:20.014+0000] {processor.py:183} INFO - Processing /home/airflow/.local/lib/python3.12/site-packages/airflow/example_dags/example_sensors.py took 0.101 seconds
[2024-06-07T14:06:50.662+0000] {processor.py:161} INFO - Started process (PID=672) to work on /home/airflow/.local/lib/python3.12/site-packages/airflow/example_dags/example_sensors.py
[2024-06-07T14:06:50.663+0000] {processor.py:830} INFO - Processing file /home/airflow/.local/lib/python3.12/site-packages/airflow/example_dags/example_sensors.py for tasks to queue
[2024-06-07T14:06:50.665+0000] {logging_mixin.py:188} INFO - [2024-06-07T14:06:50.665+0000] {dagbag.py:545} INFO - Filling up the DagBag from /home/airflow/.local/lib/python3.12/site-packages/airflow/example_dags/example_sensors.py
[2024-06-07T14:06:50.675+0000] {processor.py:840} INFO - DAG(s) 'example_sensors' retrieved from /home/airflow/.local/lib/python3.12/site-packages/airflow/example_dags/example_sensors.py
[2024-06-07T14:06:50.704+0000] {logging_mixin.py:188} INFO - [2024-06-07T14:06:50.703+0000] {dag.py:3096} INFO - Sync 1 DAGs
[2024-06-07T14:06:50.718+0000] {logging_mixin.py:188} INFO - [2024-06-07T14:06:50.718+0000] {dag.py:3954} INFO - Setting next_dagrun for example_sensors to None, run_after=None
[2024-06-07T14:06:50.739+0000] {processor.py:183} INFO - Processing /home/airflow/.local/lib/python3.12/site-packages/airflow/example_dags/example_sensors.py took 0.083 seconds
[2024-06-07T14:07:22.031+0000] {processor.py:161} INFO - Started process (PID=732) to work on /home/airflow/.local/lib/python3.12/site-packages/airflow/example_dags/example_sensors.py
[2024-06-07T14:07:22.036+0000] {processor.py:830} INFO - Processing file /home/airflow/.local/lib/python3.12/site-packages/airflow/example_dags/example_sensors.py for tasks to queue
[2024-06-07T14:07:22.050+0000] {logging_mixin.py:188} INFO - [2024-06-07T14:07:22.050+0000] {dagbag.py:545} INFO - Filling up the DagBag from /home/airflow/.local/lib/python3.12/site-packages/airflow/example_dags/example_sensors.py
[2024-06-07T14:07:22.097+0000] {processor.py:840} INFO - DAG(s) 'example_sensors' retrieved from /home/airflow/.local/lib/python3.12/site-packages/airflow/example_dags/example_sensors.py
[2024-06-07T14:07:22.229+0000] {logging_mixin.py:188} INFO - [2024-06-07T14:07:22.229+0000] {dag.py:3096} INFO - Sync 1 DAGs
[2024-06-07T14:07:22.279+0000] {logging_mixin.py:188} INFO - [2024-06-07T14:07:22.279+0000] {dag.py:3954} INFO - Setting next_dagrun for example_sensors to None, run_after=None
[2024-06-07T14:07:22.382+0000] {processor.py:183} INFO - Processing /home/airflow/.local/lib/python3.12/site-packages/airflow/example_dags/example_sensors.py took 0.375 seconds
[2024-06-07T14:07:52.468+0000] {processor.py:161} INFO - Started process (PID=792) to work on /home/airflow/.local/lib/python3.12/site-packages/airflow/example_dags/example_sensors.py
[2024-06-07T14:07:52.469+0000] {processor.py:830} INFO - Processing file /home/airflow/.local/lib/python3.12/site-packages/airflow/example_dags/example_sensors.py for tasks to queue
[2024-06-07T14:07:52.472+0000] {logging_mixin.py:188} INFO - [2024-06-07T14:07:52.471+0000] {dagbag.py:545} INFO - Filling up the DagBag from /home/airflow/.local/lib/python3.12/site-packages/airflow/example_dags/example_sensors.py
[2024-06-07T14:07:52.481+0000] {processor.py:840} INFO - DAG(s) 'example_sensors' retrieved from /home/airflow/.local/lib/python3.12/site-packages/airflow/example_dags/example_sensors.py
[2024-06-07T14:07:52.515+0000] {logging_mixin.py:188} INFO - [2024-06-07T14:07:52.515+0000] {dag.py:3096} INFO - Sync 1 DAGs
[2024-06-07T14:07:52.535+0000] {logging_mixin.py:188} INFO - [2024-06-07T14:07:52.535+0000] {dag.py:3954} INFO - Setting next_dagrun for example_sensors to None, run_after=None
[2024-06-07T14:07:52.573+0000] {processor.py:183} INFO - Processing /home/airflow/.local/lib/python3.12/site-packages/airflow/example_dags/example_sensors.py took 0.111 seconds
[2024-06-07T14:08:23.428+0000] {processor.py:161} INFO - Started process (PID=852) to work on /home/airflow/.local/lib/python3.12/site-packages/airflow/example_dags/example_sensors.py
[2024-06-07T14:08:23.429+0000] {processor.py:830} INFO - Processing file /home/airflow/.local/lib/python3.12/site-packages/airflow/example_dags/example_sensors.py for tasks to queue
[2024-06-07T14:08:23.432+0000] {logging_mixin.py:188} INFO - [2024-06-07T14:08:23.432+0000] {dagbag.py:545} INFO - Filling up the DagBag from /home/airflow/.local/lib/python3.12/site-packages/airflow/example_dags/example_sensors.py
[2024-06-07T14:08:23.448+0000] {processor.py:840} INFO - DAG(s) 'example_sensors' retrieved from /home/airflow/.local/lib/python3.12/site-packages/airflow/example_dags/example_sensors.py
[2024-06-07T14:08:23.491+0000] {logging_mixin.py:188} INFO - [2024-06-07T14:08:23.491+0000] {dag.py:3096} INFO - Sync 1 DAGs
[2024-06-07T14:08:23.514+0000] {logging_mixin.py:188} INFO - [2024-06-07T14:08:23.514+0000] {dag.py:3954} INFO - Setting next_dagrun for example_sensors to None, run_after=None
[2024-06-07T14:08:23.536+0000] {processor.py:183} INFO - Processing /home/airflow/.local/lib/python3.12/site-packages/airflow/example_dags/example_sensors.py took 0.115 seconds
[2024-06-07T14:08:53.672+0000] {processor.py:161} INFO - Started process (PID=912) to work on /home/airflow/.local/lib/python3.12/site-packages/airflow/example_dags/example_sensors.py
[2024-06-07T14:08:53.673+0000] {processor.py:830} INFO - Processing file /home/airflow/.local/lib/python3.12/site-packages/airflow/example_dags/example_sensors.py for tasks to queue
[2024-06-07T14:08:53.676+0000] {logging_mixin.py:188} INFO - [2024-06-07T14:08:53.675+0000] {dagbag.py:545} INFO - Filling up the DagBag from /home/airflow/.local/lib/python3.12/site-packages/airflow/example_dags/example_sensors.py
[2024-06-07T14:08:53.685+0000] {processor.py:840} INFO - DAG(s) 'example_sensors' retrieved from /home/airflow/.local/lib/python3.12/site-packages/airflow/example_dags/example_sensors.py
[2024-06-07T14:08:53.713+0000] {logging_mixin.py:188} INFO - [2024-06-07T14:08:53.713+0000] {dag.py:3096} INFO - Sync 1 DAGs
[2024-06-07T14:08:53.727+0000] {logging_mixin.py:188} INFO - [2024-06-07T14:08:53.727+0000] {dag.py:3954} INFO - Setting next_dagrun for example_sensors to None, run_after=None
[2024-06-07T14:08:53.749+0000] {processor.py:183} INFO - Processing /home/airflow/.local/lib/python3.12/site-packages/airflow/example_dags/example_sensors.py took 0.083 seconds
[2024-06-07T14:09:24.169+0000] {processor.py:161} INFO - Started process (PID=971) to work on /home/airflow/.local/lib/python3.12/site-packages/airflow/example_dags/example_sensors.py
[2024-06-07T14:09:24.171+0000] {processor.py:830} INFO - Processing file /home/airflow/.local/lib/python3.12/site-packages/airflow/example_dags/example_sensors.py for tasks to queue
[2024-06-07T14:09:24.174+0000] {logging_mixin.py:188} INFO - [2024-06-07T14:09:24.174+0000] {dagbag.py:545} INFO - Filling up the DagBag from /home/airflow/.local/lib/python3.12/site-packages/airflow/example_dags/example_sensors.py
[2024-06-07T14:09:24.195+0000] {processor.py:840} INFO - DAG(s) 'example_sensors' retrieved from /home/airflow/.local/lib/python3.12/site-packages/airflow/example_dags/example_sensors.py
[2024-06-07T14:09:24.242+0000] {logging_mixin.py:188} INFO - [2024-06-07T14:09:24.241+0000] {dag.py:3096} INFO - Sync 1 DAGs
[2024-06-07T14:09:24.262+0000] {logging_mixin.py:188} INFO - [2024-06-07T14:09:24.261+0000] {dag.py:3954} INFO - Setting next_dagrun for example_sensors to None, run_after=None
[2024-06-07T14:09:24.286+0000] {processor.py:183} INFO - Processing /home/airflow/.local/lib/python3.12/site-packages/airflow/example_dags/example_sensors.py took 0.130 seconds
[2024-06-07T14:09:54.694+0000] {processor.py:161} INFO - Started process (PID=1033) to work on /home/airflow/.local/lib/python3.12/site-packages/airflow/example_dags/example_sensors.py
[2024-06-07T14:09:54.700+0000] {processor.py:830} INFO - Processing file /home/airflow/.local/lib/python3.12/site-packages/airflow/example_dags/example_sensors.py for tasks to queue
[2024-06-07T14:09:54.710+0000] {logging_mixin.py:188} INFO - [2024-06-07T14:09:54.705+0000] {dagbag.py:545} INFO - Filling up the DagBag from /home/airflow/.local/lib/python3.12/site-packages/airflow/example_dags/example_sensors.py
[2024-06-07T14:09:54.729+0000] {processor.py:840} INFO - DAG(s) 'example_sensors' retrieved from /home/airflow/.local/lib/python3.12/site-packages/airflow/example_dags/example_sensors.py
[2024-06-07T14:09:54.793+0000] {logging_mixin.py:188} INFO - [2024-06-07T14:09:54.789+0000] {dag.py:3096} INFO - Sync 1 DAGs
[2024-06-07T14:09:54.841+0000] {logging_mixin.py:188} INFO - [2024-06-07T14:09:54.841+0000] {dag.py:3954} INFO - Setting next_dagrun for example_sensors to None, run_after=None
[2024-06-07T14:09:54.920+0000] {processor.py:183} INFO - Processing /home/airflow/.local/lib/python3.12/site-packages/airflow/example_dags/example_sensors.py took 0.261 seconds
[2024-06-07T14:10:25.366+0000] {processor.py:161} INFO - Started process (PID=1093) to work on /home/airflow/.local/lib/python3.12/site-packages/airflow/example_dags/example_sensors.py
[2024-06-07T14:10:25.369+0000] {processor.py:830} INFO - Processing file /home/airflow/.local/lib/python3.12/site-packages/airflow/example_dags/example_sensors.py for tasks to queue
[2024-06-07T14:10:25.377+0000] {logging_mixin.py:188} INFO - [2024-06-07T14:10:25.376+0000] {dagbag.py:545} INFO - Filling up the DagBag from /home/airflow/.local/lib/python3.12/site-packages/airflow/example_dags/example_sensors.py
[2024-06-07T14:10:25.402+0000] {processor.py:840} INFO - DAG(s) 'example_sensors' retrieved from /home/airflow/.local/lib/python3.12/site-packages/airflow/example_dags/example_sensors.py
[2024-06-07T14:10:25.473+0000] {logging_mixin.py:188} INFO - [2024-06-07T14:10:25.473+0000] {dag.py:3096} INFO - Sync 1 DAGs
[2024-06-07T14:10:25.498+0000] {logging_mixin.py:188} INFO - [2024-06-07T14:10:25.498+0000] {dag.py:3954} INFO - Setting next_dagrun for example_sensors to None, run_after=None
[2024-06-07T14:10:25.529+0000] {processor.py:183} INFO - Processing /home/airflow/.local/lib/python3.12/site-packages/airflow/example_dags/example_sensors.py took 0.178 seconds
[2024-06-07T14:10:55.987+0000] {processor.py:161} INFO - Started process (PID=1153) to work on /home/airflow/.local/lib/python3.12/site-packages/airflow/example_dags/example_sensors.py
[2024-06-07T14:10:55.988+0000] {processor.py:830} INFO - Processing file /home/airflow/.local/lib/python3.12/site-packages/airflow/example_dags/example_sensors.py for tasks to queue
[2024-06-07T14:10:55.993+0000] {logging_mixin.py:188} INFO - [2024-06-07T14:10:55.992+0000] {dagbag.py:545} INFO - Filling up the DagBag from /home/airflow/.local/lib/python3.12/site-packages/airflow/example_dags/example_sensors.py
[2024-06-07T14:10:56.012+0000] {processor.py:840} INFO - DAG(s) 'example_sensors' retrieved from /home/airflow/.local/lib/python3.12/site-packages/airflow/example_dags/example_sensors.py
[2024-06-07T14:10:56.064+0000] {logging_mixin.py:188} INFO - [2024-06-07T14:10:56.063+0000] {dag.py:3096} INFO - Sync 1 DAGs
[2024-06-07T14:10:56.096+0000] {logging_mixin.py:188} INFO - [2024-06-07T14:10:56.095+0000] {dag.py:3954} INFO - Setting next_dagrun for example_sensors to None, run_after=None
[2024-06-07T14:10:56.131+0000] {processor.py:183} INFO - Processing /home/airflow/.local/lib/python3.12/site-packages/airflow/example_dags/example_sensors.py took 0.164 seconds
[2024-06-07T14:11:26.534+0000] {processor.py:161} INFO - Started process (PID=1211) to work on /home/airflow/.local/lib/python3.12/site-packages/airflow/example_dags/example_sensors.py
[2024-06-07T14:11:26.535+0000] {processor.py:830} INFO - Processing file /home/airflow/.local/lib/python3.12/site-packages/airflow/example_dags/example_sensors.py for tasks to queue
[2024-06-07T14:11:26.540+0000] {logging_mixin.py:188} INFO - [2024-06-07T14:11:26.539+0000] {dagbag.py:545} INFO - Filling up the DagBag from /home/airflow/.local/lib/python3.12/site-packages/airflow/example_dags/example_sensors.py
[2024-06-07T14:11:26.570+0000] {processor.py:840} INFO - DAG(s) 'example_sensors' retrieved from /home/airflow/.local/lib/python3.12/site-packages/airflow/example_dags/example_sensors.py
[2024-06-07T14:11:26.657+0000] {logging_mixin.py:188} INFO - [2024-06-07T14:11:26.657+0000] {dag.py:3096} INFO - Sync 1 DAGs
[2024-06-07T14:11:26.698+0000] {logging_mixin.py:188} INFO - [2024-06-07T14:11:26.698+0000] {dag.py:3954} INFO - Setting next_dagrun for example_sensors to None, run_after=None
[2024-06-07T14:11:26.763+0000] {processor.py:183} INFO - Processing /home/airflow/.local/lib/python3.12/site-packages/airflow/example_dags/example_sensors.py took 0.242 seconds
[2024-06-07T14:11:57.257+0000] {processor.py:161} INFO - Started process (PID=1269) to work on /home/airflow/.local/lib/python3.12/site-packages/airflow/example_dags/example_sensors.py
[2024-06-07T14:11:57.258+0000] {processor.py:830} INFO - Processing file /home/airflow/.local/lib/python3.12/site-packages/airflow/example_dags/example_sensors.py for tasks to queue
[2024-06-07T14:11:57.263+0000] {logging_mixin.py:188} INFO - [2024-06-07T14:11:57.262+0000] {dagbag.py:545} INFO - Filling up the DagBag from /home/airflow/.local/lib/python3.12/site-packages/airflow/example_dags/example_sensors.py
[2024-06-07T14:11:57.287+0000] {processor.py:840} INFO - DAG(s) 'example_sensors' retrieved from /home/airflow/.local/lib/python3.12/site-packages/airflow/example_dags/example_sensors.py
[2024-06-07T14:11:57.363+0000] {logging_mixin.py:188} INFO - [2024-06-07T14:11:57.363+0000] {dag.py:3096} INFO - Sync 1 DAGs
[2024-06-07T14:11:57.412+0000] {logging_mixin.py:188} INFO - [2024-06-07T14:11:57.412+0000] {dag.py:3954} INFO - Setting next_dagrun for example_sensors to None, run_after=None
[2024-06-07T14:11:57.528+0000] {processor.py:183} INFO - Processing /home/airflow/.local/lib/python3.12/site-packages/airflow/example_dags/example_sensors.py took 0.280 seconds
[2024-06-07T14:12:27.606+0000] {processor.py:161} INFO - Started process (PID=1329) to work on /home/airflow/.local/lib/python3.12/site-packages/airflow/example_dags/example_sensors.py
[2024-06-07T14:12:27.607+0000] {processor.py:830} INFO - Processing file /home/airflow/.local/lib/python3.12/site-packages/airflow/example_dags/example_sensors.py for tasks to queue
[2024-06-07T14:12:27.610+0000] {logging_mixin.py:188} INFO - [2024-06-07T14:12:27.609+0000] {dagbag.py:545} INFO - Filling up the DagBag from /home/airflow/.local/lib/python3.12/site-packages/airflow/example_dags/example_sensors.py
[2024-06-07T14:12:27.620+0000] {processor.py:840} INFO - DAG(s) 'example_sensors' retrieved from /home/airflow/.local/lib/python3.12/site-packages/airflow/example_dags/example_sensors.py
[2024-06-07T14:12:27.651+0000] {logging_mixin.py:188} INFO - [2024-06-07T14:12:27.650+0000] {dag.py:3096} INFO - Sync 1 DAGs
[2024-06-07T14:12:27.665+0000] {logging_mixin.py:188} INFO - [2024-06-07T14:12:27.665+0000] {dag.py:3954} INFO - Setting next_dagrun for example_sensors to None, run_after=None
[2024-06-07T14:12:27.687+0000] {processor.py:183} INFO - Processing /home/airflow/.local/lib/python3.12/site-packages/airflow/example_dags/example_sensors.py took 0.087 seconds
[2024-06-07T14:12:58.410+0000] {processor.py:161} INFO - Started process (PID=1389) to work on /home/airflow/.local/lib/python3.12/site-packages/airflow/example_dags/example_sensors.py
[2024-06-07T14:12:58.411+0000] {processor.py:830} INFO - Processing file /home/airflow/.local/lib/python3.12/site-packages/airflow/example_dags/example_sensors.py for tasks to queue
[2024-06-07T14:12:58.413+0000] {logging_mixin.py:188} INFO - [2024-06-07T14:12:58.412+0000] {dagbag.py:545} INFO - Filling up the DagBag from /home/airflow/.local/lib/python3.12/site-packages/airflow/example_dags/example_sensors.py
[2024-06-07T14:12:58.424+0000] {processor.py:840} INFO - DAG(s) 'example_sensors' retrieved from /home/airflow/.local/lib/python3.12/site-packages/airflow/example_dags/example_sensors.py
[2024-06-07T14:12:58.459+0000] {logging_mixin.py:188} INFO - [2024-06-07T14:12:58.459+0000] {dag.py:3096} INFO - Sync 1 DAGs
[2024-06-07T14:12:58.472+0000] {logging_mixin.py:188} INFO - [2024-06-07T14:12:58.472+0000] {dag.py:3954} INFO - Setting next_dagrun for example_sensors to None, run_after=None
[2024-06-07T14:12:58.492+0000] {processor.py:183} INFO - Processing /home/airflow/.local/lib/python3.12/site-packages/airflow/example_dags/example_sensors.py took 0.089 seconds
[2024-06-07T14:13:28.941+0000] {processor.py:161} INFO - Started process (PID=1449) to work on /home/airflow/.local/lib/python3.12/site-packages/airflow/example_dags/example_sensors.py
[2024-06-07T14:13:28.943+0000] {processor.py:830} INFO - Processing file /home/airflow/.local/lib/python3.12/site-packages/airflow/example_dags/example_sensors.py for tasks to queue
[2024-06-07T14:13:28.946+0000] {logging_mixin.py:188} INFO - [2024-06-07T14:13:28.945+0000] {dagbag.py:545} INFO - Filling up the DagBag from /home/airflow/.local/lib/python3.12/site-packages/airflow/example_dags/example_sensors.py
[2024-06-07T14:13:28.958+0000] {processor.py:840} INFO - DAG(s) 'example_sensors' retrieved from /home/airflow/.local/lib/python3.12/site-packages/airflow/example_dags/example_sensors.py
[2024-06-07T14:13:28.988+0000] {logging_mixin.py:188} INFO - [2024-06-07T14:13:28.988+0000] {dag.py:3096} INFO - Sync 1 DAGs
[2024-06-07T14:13:29.007+0000] {logging_mixin.py:188} INFO - [2024-06-07T14:13:29.007+0000] {dag.py:3954} INFO - Setting next_dagrun for example_sensors to None, run_after=None
[2024-06-07T14:13:29.041+0000] {processor.py:183} INFO - Processing /home/airflow/.local/lib/python3.12/site-packages/airflow/example_dags/example_sensors.py took 0.110 seconds
[2024-06-07T14:13:59.213+0000] {processor.py:161} INFO - Started process (PID=1509) to work on /home/airflow/.local/lib/python3.12/site-packages/airflow/example_dags/example_sensors.py
[2024-06-07T14:13:59.214+0000] {processor.py:830} INFO - Processing file /home/airflow/.local/lib/python3.12/site-packages/airflow/example_dags/example_sensors.py for tasks to queue
[2024-06-07T14:13:59.217+0000] {logging_mixin.py:188} INFO - [2024-06-07T14:13:59.217+0000] {dagbag.py:545} INFO - Filling up the DagBag from /home/airflow/.local/lib/python3.12/site-packages/airflow/example_dags/example_sensors.py
[2024-06-07T14:13:59.235+0000] {processor.py:840} INFO - DAG(s) 'example_sensors' retrieved from /home/airflow/.local/lib/python3.12/site-packages/airflow/example_dags/example_sensors.py
[2024-06-07T14:13:59.271+0000] {logging_mixin.py:188} INFO - [2024-06-07T14:13:59.271+0000] {dag.py:3096} INFO - Sync 1 DAGs
[2024-06-07T14:13:59.289+0000] {logging_mixin.py:188} INFO - [2024-06-07T14:13:59.289+0000] {dag.py:3954} INFO - Setting next_dagrun for example_sensors to None, run_after=None
[2024-06-07T14:13:59.319+0000] {processor.py:183} INFO - Processing /home/airflow/.local/lib/python3.12/site-packages/airflow/example_dags/example_sensors.py took 0.119 seconds
[2024-06-07T14:14:29.528+0000] {processor.py:161} INFO - Started process (PID=1569) to work on /home/airflow/.local/lib/python3.12/site-packages/airflow/example_dags/example_sensors.py
[2024-06-07T14:14:29.530+0000] {processor.py:830} INFO - Processing file /home/airflow/.local/lib/python3.12/site-packages/airflow/example_dags/example_sensors.py for tasks to queue
[2024-06-07T14:14:29.535+0000] {logging_mixin.py:188} INFO - [2024-06-07T14:14:29.534+0000] {dagbag.py:545} INFO - Filling up the DagBag from /home/airflow/.local/lib/python3.12/site-packages/airflow/example_dags/example_sensors.py
[2024-06-07T14:14:29.549+0000] {processor.py:840} INFO - DAG(s) 'example_sensors' retrieved from /home/airflow/.local/lib/python3.12/site-packages/airflow/example_dags/example_sensors.py
[2024-06-07T14:14:29.589+0000] {logging_mixin.py:188} INFO - [2024-06-07T14:14:29.588+0000] {dag.py:3096} INFO - Sync 1 DAGs
[2024-06-07T14:14:29.609+0000] {logging_mixin.py:188} INFO - [2024-06-07T14:14:29.609+0000] {dag.py:3954} INFO - Setting next_dagrun for example_sensors to None, run_after=None
[2024-06-07T14:14:29.635+0000] {processor.py:183} INFO - Processing /home/airflow/.local/lib/python3.12/site-packages/airflow/example_dags/example_sensors.py took 0.117 seconds
[2024-06-07T14:15:00.078+0000] {processor.py:161} INFO - Started process (PID=1629) to work on /home/airflow/.local/lib/python3.12/site-packages/airflow/example_dags/example_sensors.py
[2024-06-07T14:15:00.079+0000] {processor.py:830} INFO - Processing file /home/airflow/.local/lib/python3.12/site-packages/airflow/example_dags/example_sensors.py for tasks to queue
[2024-06-07T14:15:00.081+0000] {logging_mixin.py:188} INFO - [2024-06-07T14:15:00.080+0000] {dagbag.py:545} INFO - Filling up the DagBag from /home/airflow/.local/lib/python3.12/site-packages/airflow/example_dags/example_sensors.py
[2024-06-07T14:15:00.095+0000] {processor.py:840} INFO - DAG(s) 'example_sensors' retrieved from /home/airflow/.local/lib/python3.12/site-packages/airflow/example_dags/example_sensors.py
[2024-06-07T14:15:00.134+0000] {logging_mixin.py:188} INFO - [2024-06-07T14:15:00.133+0000] {dag.py:3096} INFO - Sync 1 DAGs
[2024-06-07T14:15:00.154+0000] {logging_mixin.py:188} INFO - [2024-06-07T14:15:00.154+0000] {dag.py:3954} INFO - Setting next_dagrun for example_sensors to None, run_after=None
[2024-06-07T14:15:00.319+0000] {processor.py:183} INFO - Processing /home/airflow/.local/lib/python3.12/site-packages/airflow/example_dags/example_sensors.py took 0.248 seconds
[2024-06-07T14:15:31.037+0000] {processor.py:161} INFO - Started process (PID=1689) to work on /home/airflow/.local/lib/python3.12/site-packages/airflow/example_dags/example_sensors.py
[2024-06-07T14:15:31.039+0000] {processor.py:830} INFO - Processing file /home/airflow/.local/lib/python3.12/site-packages/airflow/example_dags/example_sensors.py for tasks to queue
[2024-06-07T14:15:31.042+0000] {logging_mixin.py:188} INFO - [2024-06-07T14:15:31.041+0000] {dagbag.py:545} INFO - Filling up the DagBag from /home/airflow/.local/lib/python3.12/site-packages/airflow/example_dags/example_sensors.py
[2024-06-07T14:15:31.055+0000] {processor.py:840} INFO - DAG(s) 'example_sensors' retrieved from /home/airflow/.local/lib/python3.12/site-packages/airflow/example_dags/example_sensors.py
[2024-06-07T14:15:31.089+0000] {logging_mixin.py:188} INFO - [2024-06-07T14:15:31.089+0000] {dag.py:3096} INFO - Sync 1 DAGs
[2024-06-07T14:15:31.102+0000] {logging_mixin.py:188} INFO - [2024-06-07T14:15:31.102+0000] {dag.py:3954} INFO - Setting next_dagrun for example_sensors to None, run_after=None
[2024-06-07T14:15:31.123+0000] {processor.py:183} INFO - Processing /home/airflow/.local/lib/python3.12/site-packages/airflow/example_dags/example_sensors.py took 0.099 seconds
[2024-06-07T14:16:01.369+0000] {processor.py:161} INFO - Started process (PID=1749) to work on /home/airflow/.local/lib/python3.12/site-packages/airflow/example_dags/example_sensors.py
[2024-06-07T14:16:01.370+0000] {processor.py:830} INFO - Processing file /home/airflow/.local/lib/python3.12/site-packages/airflow/example_dags/example_sensors.py for tasks to queue
[2024-06-07T14:16:01.373+0000] {logging_mixin.py:188} INFO - [2024-06-07T14:16:01.372+0000] {dagbag.py:545} INFO - Filling up the DagBag from /home/airflow/.local/lib/python3.12/site-packages/airflow/example_dags/example_sensors.py
[2024-06-07T14:16:01.382+0000] {processor.py:840} INFO - DAG(s) 'example_sensors' retrieved from /home/airflow/.local/lib/python3.12/site-packages/airflow/example_dags/example_sensors.py
[2024-06-07T14:16:01.411+0000] {logging_mixin.py:188} INFO - [2024-06-07T14:16:01.411+0000] {dag.py:3096} INFO - Sync 1 DAGs
[2024-06-07T14:16:01.426+0000] {logging_mixin.py:188} INFO - [2024-06-07T14:16:01.426+0000] {dag.py:3954} INFO - Setting next_dagrun for example_sensors to None, run_after=None
[2024-06-07T14:16:01.446+0000] {processor.py:183} INFO - Processing /home/airflow/.local/lib/python3.12/site-packages/airflow/example_dags/example_sensors.py took 0.084 seconds
[2024-06-07T14:16:32.177+0000] {processor.py:161} INFO - Started process (PID=1809) to work on /home/airflow/.local/lib/python3.12/site-packages/airflow/example_dags/example_sensors.py
[2024-06-07T14:16:32.178+0000] {processor.py:830} INFO - Processing file /home/airflow/.local/lib/python3.12/site-packages/airflow/example_dags/example_sensors.py for tasks to queue
[2024-06-07T14:16:32.181+0000] {logging_mixin.py:188} INFO - [2024-06-07T14:16:32.180+0000] {dagbag.py:545} INFO - Filling up the DagBag from /home/airflow/.local/lib/python3.12/site-packages/airflow/example_dags/example_sensors.py
[2024-06-07T14:16:32.198+0000] {processor.py:840} INFO - DAG(s) 'example_sensors' retrieved from /home/airflow/.local/lib/python3.12/site-packages/airflow/example_dags/example_sensors.py
[2024-06-07T14:16:32.240+0000] {logging_mixin.py:188} INFO - [2024-06-07T14:16:32.240+0000] {dag.py:3096} INFO - Sync 1 DAGs
[2024-06-07T14:16:32.257+0000] {logging_mixin.py:188} INFO - [2024-06-07T14:16:32.256+0000] {dag.py:3954} INFO - Setting next_dagrun for example_sensors to None, run_after=None
[2024-06-07T14:16:32.280+0000] {processor.py:183} INFO - Processing /home/airflow/.local/lib/python3.12/site-packages/airflow/example_dags/example_sensors.py took 0.116 seconds
[2024-06-07T14:17:02.700+0000] {processor.py:161} INFO - Started process (PID=1869) to work on /home/airflow/.local/lib/python3.12/site-packages/airflow/example_dags/example_sensors.py
[2024-06-07T14:17:02.701+0000] {processor.py:830} INFO - Processing file /home/airflow/.local/lib/python3.12/site-packages/airflow/example_dags/example_sensors.py for tasks to queue
[2024-06-07T14:17:02.707+0000] {logging_mixin.py:188} INFO - [2024-06-07T14:17:02.706+0000] {dagbag.py:545} INFO - Filling up the DagBag from /home/airflow/.local/lib/python3.12/site-packages/airflow/example_dags/example_sensors.py
[2024-06-07T14:17:02.735+0000] {processor.py:840} INFO - DAG(s) 'example_sensors' retrieved from /home/airflow/.local/lib/python3.12/site-packages/airflow/example_dags/example_sensors.py
[2024-06-07T14:17:02.789+0000] {logging_mixin.py:188} INFO - [2024-06-07T14:17:02.788+0000] {dag.py:3096} INFO - Sync 1 DAGs
[2024-06-07T14:17:02.814+0000] {logging_mixin.py:188} INFO - [2024-06-07T14:17:02.814+0000] {dag.py:3954} INFO - Setting next_dagrun for example_sensors to None, run_after=None
[2024-06-07T14:17:02.839+0000] {processor.py:183} INFO - Processing /home/airflow/.local/lib/python3.12/site-packages/airflow/example_dags/example_sensors.py took 0.154 seconds
[2024-06-07T14:17:32.971+0000] {processor.py:161} INFO - Started process (PID=1929) to work on /home/airflow/.local/lib/python3.12/site-packages/airflow/example_dags/example_sensors.py
[2024-06-07T14:17:32.972+0000] {processor.py:830} INFO - Processing file /home/airflow/.local/lib/python3.12/site-packages/airflow/example_dags/example_sensors.py for tasks to queue
[2024-06-07T14:17:32.974+0000] {logging_mixin.py:188} INFO - [2024-06-07T14:17:32.974+0000] {dagbag.py:545} INFO - Filling up the DagBag from /home/airflow/.local/lib/python3.12/site-packages/airflow/example_dags/example_sensors.py
[2024-06-07T14:17:32.984+0000] {processor.py:840} INFO - DAG(s) 'example_sensors' retrieved from /home/airflow/.local/lib/python3.12/site-packages/airflow/example_dags/example_sensors.py
[2024-06-07T14:17:33.014+0000] {logging_mixin.py:188} INFO - [2024-06-07T14:17:33.014+0000] {dag.py:3096} INFO - Sync 1 DAGs
[2024-06-07T14:17:33.028+0000] {logging_mixin.py:188} INFO - [2024-06-07T14:17:33.028+0000] {dag.py:3954} INFO - Setting next_dagrun for example_sensors to None, run_after=None
[2024-06-07T14:17:33.050+0000] {processor.py:183} INFO - Processing /home/airflow/.local/lib/python3.12/site-packages/airflow/example_dags/example_sensors.py took 0.087 seconds
[2024-06-07T14:18:03.131+0000] {processor.py:161} INFO - Started process (PID=1989) to work on /home/airflow/.local/lib/python3.12/site-packages/airflow/example_dags/example_sensors.py
[2024-06-07T14:18:03.132+0000] {processor.py:830} INFO - Processing file /home/airflow/.local/lib/python3.12/site-packages/airflow/example_dags/example_sensors.py for tasks to queue
[2024-06-07T14:18:03.134+0000] {logging_mixin.py:188} INFO - [2024-06-07T14:18:03.134+0000] {dagbag.py:545} INFO - Filling up the DagBag from /home/airflow/.local/lib/python3.12/site-packages/airflow/example_dags/example_sensors.py
[2024-06-07T14:18:03.144+0000] {processor.py:840} INFO - DAG(s) 'example_sensors' retrieved from /home/airflow/.local/lib/python3.12/site-packages/airflow/example_dags/example_sensors.py
[2024-06-07T14:18:03.174+0000] {logging_mixin.py:188} INFO - [2024-06-07T14:18:03.174+0000] {dag.py:3096} INFO - Sync 1 DAGs
[2024-06-07T14:18:03.188+0000] {logging_mixin.py:188} INFO - [2024-06-07T14:18:03.187+0000] {dag.py:3954} INFO - Setting next_dagrun for example_sensors to None, run_after=None
[2024-06-07T14:18:03.208+0000] {processor.py:183} INFO - Processing /home/airflow/.local/lib/python3.12/site-packages/airflow/example_dags/example_sensors.py took 0.084 seconds
[2024-06-07T14:18:33.793+0000] {processor.py:161} INFO - Started process (PID=2049) to work on /home/airflow/.local/lib/python3.12/site-packages/airflow/example_dags/example_sensors.py
[2024-06-07T14:18:33.794+0000] {processor.py:830} INFO - Processing file /home/airflow/.local/lib/python3.12/site-packages/airflow/example_dags/example_sensors.py for tasks to queue
[2024-06-07T14:18:33.797+0000] {logging_mixin.py:188} INFO - [2024-06-07T14:18:33.796+0000] {dagbag.py:545} INFO - Filling up the DagBag from /home/airflow/.local/lib/python3.12/site-packages/airflow/example_dags/example_sensors.py
[2024-06-07T14:18:33.808+0000] {processor.py:840} INFO - DAG(s) 'example_sensors' retrieved from /home/airflow/.local/lib/python3.12/site-packages/airflow/example_dags/example_sensors.py
[2024-06-07T14:18:33.836+0000] {logging_mixin.py:188} INFO - [2024-06-07T14:18:33.836+0000] {dag.py:3096} INFO - Sync 1 DAGs
[2024-06-07T14:18:33.851+0000] {logging_mixin.py:188} INFO - [2024-06-07T14:18:33.851+0000] {dag.py:3954} INFO - Setting next_dagrun for example_sensors to None, run_after=None
[2024-06-07T14:18:33.872+0000] {processor.py:183} INFO - Processing /home/airflow/.local/lib/python3.12/site-packages/airflow/example_dags/example_sensors.py took 0.085 seconds
