[2024-06-07T14:01:44.120+0000] {processor.py:161} INFO - Started process (PID=60) to work on /home/airflow/.local/lib/python3.12/site-packages/airflow/example_dags/tutorial_dag.py
[2024-06-07T14:01:44.122+0000] {processor.py:830} INFO - Processing file /home/airflow/.local/lib/python3.12/site-packages/airflow/example_dags/tutorial_dag.py for tasks to queue
[2024-06-07T14:01:44.127+0000] {logging_mixin.py:188} INFO - [2024-06-07T14:01:44.126+0000] {dagbag.py:545} INFO - Filling up the DagBag from /home/airflow/.local/lib/python3.12/site-packages/airflow/example_dags/tutorial_dag.py
[2024-06-07T14:01:44.143+0000] {processor.py:840} INFO - DAG(s) 'tutorial_dag' retrieved from /home/airflow/.local/lib/python3.12/site-packages/airflow/example_dags/tutorial_dag.py
[2024-06-07T14:01:44.349+0000] {logging_mixin.py:188} INFO - [2024-06-07T14:01:44.348+0000] {dag.py:3096} INFO - Sync 1 DAGs
[2024-06-07T14:01:44.368+0000] {logging_mixin.py:188} INFO - [2024-06-07T14:01:44.368+0000] {dag.py:3954} INFO - Setting next_dagrun for tutorial_dag to None, run_after=None
[2024-06-07T14:01:44.409+0000] {processor.py:183} INFO - Processing /home/airflow/.local/lib/python3.12/site-packages/airflow/example_dags/tutorial_dag.py took 0.302 seconds
[2024-06-07T14:02:14.893+0000] {processor.py:161} INFO - Started process (PID=128) to work on /home/airflow/.local/lib/python3.12/site-packages/airflow/example_dags/tutorial_dag.py
[2024-06-07T14:02:14.899+0000] {processor.py:830} INFO - Processing file /home/airflow/.local/lib/python3.12/site-packages/airflow/example_dags/tutorial_dag.py for tasks to queue
[2024-06-07T14:02:14.909+0000] {logging_mixin.py:188} INFO - [2024-06-07T14:02:14.908+0000] {dagbag.py:545} INFO - Filling up the DagBag from /home/airflow/.local/lib/python3.12/site-packages/airflow/example_dags/tutorial_dag.py
[2024-06-07T14:02:14.930+0000] {processor.py:840} INFO - DAG(s) 'tutorial_dag' retrieved from /home/airflow/.local/lib/python3.12/site-packages/airflow/example_dags/tutorial_dag.py
[2024-06-07T14:02:14.989+0000] {logging_mixin.py:188} INFO - [2024-06-07T14:02:14.989+0000] {dag.py:3096} INFO - Sync 1 DAGs
[2024-06-07T14:02:15.047+0000] {logging_mixin.py:188} INFO - [2024-06-07T14:02:15.047+0000] {dag.py:3954} INFO - Setting next_dagrun for tutorial_dag to None, run_after=None
[2024-06-07T14:02:15.140+0000] {processor.py:183} INFO - Processing /home/airflow/.local/lib/python3.12/site-packages/airflow/example_dags/tutorial_dag.py took 0.270 seconds
[2024-06-07T14:02:45.670+0000] {processor.py:161} INFO - Started process (PID=192) to work on /home/airflow/.local/lib/python3.12/site-packages/airflow/example_dags/tutorial_dag.py
[2024-06-07T14:02:45.671+0000] {processor.py:830} INFO - Processing file /home/airflow/.local/lib/python3.12/site-packages/airflow/example_dags/tutorial_dag.py for tasks to queue
[2024-06-07T14:02:45.674+0000] {logging_mixin.py:188} INFO - [2024-06-07T14:02:45.673+0000] {dagbag.py:545} INFO - Filling up the DagBag from /home/airflow/.local/lib/python3.12/site-packages/airflow/example_dags/tutorial_dag.py
[2024-06-07T14:02:45.680+0000] {processor.py:840} INFO - DAG(s) 'tutorial_dag' retrieved from /home/airflow/.local/lib/python3.12/site-packages/airflow/example_dags/tutorial_dag.py
[2024-06-07T14:02:45.708+0000] {logging_mixin.py:188} INFO - [2024-06-07T14:02:45.708+0000] {dag.py:3096} INFO - Sync 1 DAGs
[2024-06-07T14:02:45.729+0000] {logging_mixin.py:188} INFO - [2024-06-07T14:02:45.729+0000] {dag.py:3954} INFO - Setting next_dagrun for tutorial_dag to None, run_after=None
[2024-06-07T14:02:45.766+0000] {processor.py:183} INFO - Processing /home/airflow/.local/lib/python3.12/site-packages/airflow/example_dags/tutorial_dag.py took 0.105 seconds
[2024-06-07T14:03:16.917+0000] {processor.py:161} INFO - Started process (PID=258) to work on /home/airflow/.local/lib/python3.12/site-packages/airflow/example_dags/tutorial_dag.py
[2024-06-07T14:03:16.918+0000] {processor.py:830} INFO - Processing file /home/airflow/.local/lib/python3.12/site-packages/airflow/example_dags/tutorial_dag.py for tasks to queue
[2024-06-07T14:03:16.920+0000] {logging_mixin.py:188} INFO - [2024-06-07T14:03:16.920+0000] {dagbag.py:545} INFO - Filling up the DagBag from /home/airflow/.local/lib/python3.12/site-packages/airflow/example_dags/tutorial_dag.py
[2024-06-07T14:03:16.926+0000] {processor.py:840} INFO - DAG(s) 'tutorial_dag' retrieved from /home/airflow/.local/lib/python3.12/site-packages/airflow/example_dags/tutorial_dag.py
[2024-06-07T14:03:16.951+0000] {logging_mixin.py:188} INFO - [2024-06-07T14:03:16.950+0000] {dag.py:3096} INFO - Sync 1 DAGs
[2024-06-07T14:03:16.965+0000] {logging_mixin.py:188} INFO - [2024-06-07T14:03:16.965+0000] {dag.py:3954} INFO - Setting next_dagrun for tutorial_dag to None, run_after=None
[2024-06-07T14:03:16.984+0000] {processor.py:183} INFO - Processing /home/airflow/.local/lib/python3.12/site-packages/airflow/example_dags/tutorial_dag.py took 0.075 seconds
[2024-06-07T14:03:47.894+0000] {processor.py:161} INFO - Started process (PID=318) to work on /home/airflow/.local/lib/python3.12/site-packages/airflow/example_dags/tutorial_dag.py
[2024-06-07T14:03:47.896+0000] {processor.py:830} INFO - Processing file /home/airflow/.local/lib/python3.12/site-packages/airflow/example_dags/tutorial_dag.py for tasks to queue
[2024-06-07T14:03:47.899+0000] {logging_mixin.py:188} INFO - [2024-06-07T14:03:47.898+0000] {dagbag.py:545} INFO - Filling up the DagBag from /home/airflow/.local/lib/python3.12/site-packages/airflow/example_dags/tutorial_dag.py
[2024-06-07T14:03:47.904+0000] {processor.py:840} INFO - DAG(s) 'tutorial_dag' retrieved from /home/airflow/.local/lib/python3.12/site-packages/airflow/example_dags/tutorial_dag.py
[2024-06-07T14:03:47.930+0000] {logging_mixin.py:188} INFO - [2024-06-07T14:03:47.930+0000] {dag.py:3096} INFO - Sync 1 DAGs
[2024-06-07T14:03:47.950+0000] {logging_mixin.py:188} INFO - [2024-06-07T14:03:47.950+0000] {dag.py:3954} INFO - Setting next_dagrun for tutorial_dag to None, run_after=None
[2024-06-07T14:03:47.981+0000] {processor.py:183} INFO - Processing /home/airflow/.local/lib/python3.12/site-packages/airflow/example_dags/tutorial_dag.py took 0.097 seconds
[2024-06-07T14:04:18.575+0000] {processor.py:161} INFO - Started process (PID=378) to work on /home/airflow/.local/lib/python3.12/site-packages/airflow/example_dags/tutorial_dag.py
[2024-06-07T14:04:18.577+0000] {processor.py:830} INFO - Processing file /home/airflow/.local/lib/python3.12/site-packages/airflow/example_dags/tutorial_dag.py for tasks to queue
[2024-06-07T14:04:18.582+0000] {logging_mixin.py:188} INFO - [2024-06-07T14:04:18.581+0000] {dagbag.py:545} INFO - Filling up the DagBag from /home/airflow/.local/lib/python3.12/site-packages/airflow/example_dags/tutorial_dag.py
[2024-06-07T14:04:18.597+0000] {processor.py:840} INFO - DAG(s) 'tutorial_dag' retrieved from /home/airflow/.local/lib/python3.12/site-packages/airflow/example_dags/tutorial_dag.py
[2024-06-07T14:04:18.663+0000] {logging_mixin.py:188} INFO - [2024-06-07T14:04:18.662+0000] {dag.py:3096} INFO - Sync 1 DAGs
[2024-06-07T14:04:18.715+0000] {logging_mixin.py:188} INFO - [2024-06-07T14:04:18.714+0000] {dag.py:3954} INFO - Setting next_dagrun for tutorial_dag to None, run_after=None
[2024-06-07T14:04:18.775+0000] {processor.py:183} INFO - Processing /home/airflow/.local/lib/python3.12/site-packages/airflow/example_dags/tutorial_dag.py took 0.214 seconds
[2024-06-07T14:04:49.284+0000] {processor.py:161} INFO - Started process (PID=438) to work on /home/airflow/.local/lib/python3.12/site-packages/airflow/example_dags/tutorial_dag.py
[2024-06-07T14:04:49.285+0000] {processor.py:830} INFO - Processing file /home/airflow/.local/lib/python3.12/site-packages/airflow/example_dags/tutorial_dag.py for tasks to queue
[2024-06-07T14:04:49.288+0000] {logging_mixin.py:188} INFO - [2024-06-07T14:04:49.287+0000] {dagbag.py:545} INFO - Filling up the DagBag from /home/airflow/.local/lib/python3.12/site-packages/airflow/example_dags/tutorial_dag.py
[2024-06-07T14:04:49.294+0000] {processor.py:840} INFO - DAG(s) 'tutorial_dag' retrieved from /home/airflow/.local/lib/python3.12/site-packages/airflow/example_dags/tutorial_dag.py
[2024-06-07T14:04:49.324+0000] {logging_mixin.py:188} INFO - [2024-06-07T14:04:49.324+0000] {dag.py:3096} INFO - Sync 1 DAGs
[2024-06-07T14:04:49.343+0000] {logging_mixin.py:188} INFO - [2024-06-07T14:04:49.342+0000] {dag.py:3954} INFO - Setting next_dagrun for tutorial_dag to None, run_after=None
[2024-06-07T14:04:49.369+0000] {processor.py:183} INFO - Processing /home/airflow/.local/lib/python3.12/site-packages/airflow/example_dags/tutorial_dag.py took 0.093 seconds
[2024-06-07T14:05:19.471+0000] {processor.py:161} INFO - Started process (PID=496) to work on /home/airflow/.local/lib/python3.12/site-packages/airflow/example_dags/tutorial_dag.py
[2024-06-07T14:05:19.473+0000] {processor.py:830} INFO - Processing file /home/airflow/.local/lib/python3.12/site-packages/airflow/example_dags/tutorial_dag.py for tasks to queue
[2024-06-07T14:05:19.475+0000] {logging_mixin.py:188} INFO - [2024-06-07T14:05:19.474+0000] {dagbag.py:545} INFO - Filling up the DagBag from /home/airflow/.local/lib/python3.12/site-packages/airflow/example_dags/tutorial_dag.py
[2024-06-07T14:05:19.480+0000] {processor.py:840} INFO - DAG(s) 'tutorial_dag' retrieved from /home/airflow/.local/lib/python3.12/site-packages/airflow/example_dags/tutorial_dag.py
[2024-06-07T14:05:19.501+0000] {logging_mixin.py:188} INFO - [2024-06-07T14:05:19.501+0000] {dag.py:3096} INFO - Sync 1 DAGs
[2024-06-07T14:05:19.516+0000] {logging_mixin.py:188} INFO - [2024-06-07T14:05:19.515+0000] {dag.py:3954} INFO - Setting next_dagrun for tutorial_dag to None, run_after=None
[2024-06-07T14:05:19.536+0000] {processor.py:183} INFO - Processing /home/airflow/.local/lib/python3.12/site-packages/airflow/example_dags/tutorial_dag.py took 0.071 seconds
[2024-06-07T14:05:49.769+0000] {processor.py:161} INFO - Started process (PID=557) to work on /home/airflow/.local/lib/python3.12/site-packages/airflow/example_dags/tutorial_dag.py
[2024-06-07T14:05:49.771+0000] {processor.py:830} INFO - Processing file /home/airflow/.local/lib/python3.12/site-packages/airflow/example_dags/tutorial_dag.py for tasks to queue
[2024-06-07T14:05:49.774+0000] {logging_mixin.py:188} INFO - [2024-06-07T14:05:49.773+0000] {dagbag.py:545} INFO - Filling up the DagBag from /home/airflow/.local/lib/python3.12/site-packages/airflow/example_dags/tutorial_dag.py
[2024-06-07T14:05:49.779+0000] {processor.py:840} INFO - DAG(s) 'tutorial_dag' retrieved from /home/airflow/.local/lib/python3.12/site-packages/airflow/example_dags/tutorial_dag.py
[2024-06-07T14:05:49.800+0000] {logging_mixin.py:188} INFO - [2024-06-07T14:05:49.800+0000] {dag.py:3096} INFO - Sync 1 DAGs
[2024-06-07T14:05:49.814+0000] {logging_mixin.py:188} INFO - [2024-06-07T14:05:49.813+0000] {dag.py:3954} INFO - Setting next_dagrun for tutorial_dag to None, run_after=None
[2024-06-07T14:05:49.838+0000] {processor.py:183} INFO - Processing /home/airflow/.local/lib/python3.12/site-packages/airflow/example_dags/tutorial_dag.py took 0.075 seconds
[2024-06-07T14:06:20.254+0000] {processor.py:161} INFO - Started process (PID=617) to work on /home/airflow/.local/lib/python3.12/site-packages/airflow/example_dags/tutorial_dag.py
[2024-06-07T14:06:20.255+0000] {processor.py:830} INFO - Processing file /home/airflow/.local/lib/python3.12/site-packages/airflow/example_dags/tutorial_dag.py for tasks to queue
[2024-06-07T14:06:20.257+0000] {logging_mixin.py:188} INFO - [2024-06-07T14:06:20.257+0000] {dagbag.py:545} INFO - Filling up the DagBag from /home/airflow/.local/lib/python3.12/site-packages/airflow/example_dags/tutorial_dag.py
[2024-06-07T14:06:20.263+0000] {processor.py:840} INFO - DAG(s) 'tutorial_dag' retrieved from /home/airflow/.local/lib/python3.12/site-packages/airflow/example_dags/tutorial_dag.py
[2024-06-07T14:06:20.289+0000] {logging_mixin.py:188} INFO - [2024-06-07T14:06:20.289+0000] {dag.py:3096} INFO - Sync 1 DAGs
[2024-06-07T14:06:20.303+0000] {logging_mixin.py:188} INFO - [2024-06-07T14:06:20.303+0000] {dag.py:3954} INFO - Setting next_dagrun for tutorial_dag to None, run_after=None
[2024-06-07T14:06:20.322+0000] {processor.py:183} INFO - Processing /home/airflow/.local/lib/python3.12/site-packages/airflow/example_dags/tutorial_dag.py took 0.075 seconds
[2024-06-07T14:06:51.117+0000] {processor.py:161} INFO - Started process (PID=677) to work on /home/airflow/.local/lib/python3.12/site-packages/airflow/example_dags/tutorial_dag.py
[2024-06-07T14:06:51.118+0000] {processor.py:830} INFO - Processing file /home/airflow/.local/lib/python3.12/site-packages/airflow/example_dags/tutorial_dag.py for tasks to queue
[2024-06-07T14:06:51.121+0000] {logging_mixin.py:188} INFO - [2024-06-07T14:06:51.120+0000] {dagbag.py:545} INFO - Filling up the DagBag from /home/airflow/.local/lib/python3.12/site-packages/airflow/example_dags/tutorial_dag.py
[2024-06-07T14:06:51.128+0000] {processor.py:840} INFO - DAG(s) 'tutorial_dag' retrieved from /home/airflow/.local/lib/python3.12/site-packages/airflow/example_dags/tutorial_dag.py
[2024-06-07T14:06:51.150+0000] {logging_mixin.py:188} INFO - [2024-06-07T14:06:51.149+0000] {dag.py:3096} INFO - Sync 1 DAGs
[2024-06-07T14:06:51.166+0000] {logging_mixin.py:188} INFO - [2024-06-07T14:06:51.165+0000] {dag.py:3954} INFO - Setting next_dagrun for tutorial_dag to None, run_after=None
[2024-06-07T14:06:51.187+0000] {processor.py:183} INFO - Processing /home/airflow/.local/lib/python3.12/site-packages/airflow/example_dags/tutorial_dag.py took 0.076 seconds
[2024-06-07T14:07:23.017+0000] {processor.py:161} INFO - Started process (PID=737) to work on /home/airflow/.local/lib/python3.12/site-packages/airflow/example_dags/tutorial_dag.py
[2024-06-07T14:07:23.018+0000] {processor.py:830} INFO - Processing file /home/airflow/.local/lib/python3.12/site-packages/airflow/example_dags/tutorial_dag.py for tasks to queue
[2024-06-07T14:07:23.020+0000] {logging_mixin.py:188} INFO - [2024-06-07T14:07:23.020+0000] {dagbag.py:545} INFO - Filling up the DagBag from /home/airflow/.local/lib/python3.12/site-packages/airflow/example_dags/tutorial_dag.py
[2024-06-07T14:07:23.027+0000] {processor.py:840} INFO - DAG(s) 'tutorial_dag' retrieved from /home/airflow/.local/lib/python3.12/site-packages/airflow/example_dags/tutorial_dag.py
[2024-06-07T14:07:23.052+0000] {logging_mixin.py:188} INFO - [2024-06-07T14:07:23.051+0000] {dag.py:3096} INFO - Sync 1 DAGs
[2024-06-07T14:07:23.065+0000] {logging_mixin.py:188} INFO - [2024-06-07T14:07:23.064+0000] {dag.py:3954} INFO - Setting next_dagrun for tutorial_dag to None, run_after=None
[2024-06-07T14:07:23.084+0000] {processor.py:183} INFO - Processing /home/airflow/.local/lib/python3.12/site-packages/airflow/example_dags/tutorial_dag.py took 0.074 seconds
[2024-06-07T14:07:54.243+0000] {processor.py:161} INFO - Started process (PID=797) to work on /home/airflow/.local/lib/python3.12/site-packages/airflow/example_dags/tutorial_dag.py
[2024-06-07T14:07:54.244+0000] {processor.py:830} INFO - Processing file /home/airflow/.local/lib/python3.12/site-packages/airflow/example_dags/tutorial_dag.py for tasks to queue
[2024-06-07T14:07:54.246+0000] {logging_mixin.py:188} INFO - [2024-06-07T14:07:54.246+0000] {dagbag.py:545} INFO - Filling up the DagBag from /home/airflow/.local/lib/python3.12/site-packages/airflow/example_dags/tutorial_dag.py
[2024-06-07T14:07:54.252+0000] {processor.py:840} INFO - DAG(s) 'tutorial_dag' retrieved from /home/airflow/.local/lib/python3.12/site-packages/airflow/example_dags/tutorial_dag.py
[2024-06-07T14:07:54.273+0000] {logging_mixin.py:188} INFO - [2024-06-07T14:07:54.272+0000] {dag.py:3096} INFO - Sync 1 DAGs
[2024-06-07T14:07:54.286+0000] {logging_mixin.py:188} INFO - [2024-06-07T14:07:54.286+0000] {dag.py:3954} INFO - Setting next_dagrun for tutorial_dag to None, run_after=None
[2024-06-07T14:07:54.304+0000] {processor.py:183} INFO - Processing /home/airflow/.local/lib/python3.12/site-packages/airflow/example_dags/tutorial_dag.py took 0.068 seconds
[2024-06-07T14:08:25.324+0000] {processor.py:161} INFO - Started process (PID=857) to work on /home/airflow/.local/lib/python3.12/site-packages/airflow/example_dags/tutorial_dag.py
[2024-06-07T14:08:25.325+0000] {processor.py:830} INFO - Processing file /home/airflow/.local/lib/python3.12/site-packages/airflow/example_dags/tutorial_dag.py for tasks to queue
[2024-06-07T14:08:25.328+0000] {logging_mixin.py:188} INFO - [2024-06-07T14:08:25.328+0000] {dagbag.py:545} INFO - Filling up the DagBag from /home/airflow/.local/lib/python3.12/site-packages/airflow/example_dags/tutorial_dag.py
[2024-06-07T14:08:25.339+0000] {processor.py:840} INFO - DAG(s) 'tutorial_dag' retrieved from /home/airflow/.local/lib/python3.12/site-packages/airflow/example_dags/tutorial_dag.py
[2024-06-07T14:08:25.380+0000] {logging_mixin.py:188} INFO - [2024-06-07T14:08:25.380+0000] {dag.py:3096} INFO - Sync 1 DAGs
[2024-06-07T14:08:25.408+0000] {logging_mixin.py:188} INFO - [2024-06-07T14:08:25.408+0000] {dag.py:3954} INFO - Setting next_dagrun for tutorial_dag to None, run_after=None
[2024-06-07T14:08:25.438+0000] {processor.py:183} INFO - Processing /home/airflow/.local/lib/python3.12/site-packages/airflow/example_dags/tutorial_dag.py took 0.126 seconds
[2024-06-07T14:08:56.007+0000] {processor.py:161} INFO - Started process (PID=917) to work on /home/airflow/.local/lib/python3.12/site-packages/airflow/example_dags/tutorial_dag.py
[2024-06-07T14:08:56.009+0000] {processor.py:830} INFO - Processing file /home/airflow/.local/lib/python3.12/site-packages/airflow/example_dags/tutorial_dag.py for tasks to queue
[2024-06-07T14:08:56.011+0000] {logging_mixin.py:188} INFO - [2024-06-07T14:08:56.011+0000] {dagbag.py:545} INFO - Filling up the DagBag from /home/airflow/.local/lib/python3.12/site-packages/airflow/example_dags/tutorial_dag.py
[2024-06-07T14:08:56.019+0000] {processor.py:840} INFO - DAG(s) 'tutorial_dag' retrieved from /home/airflow/.local/lib/python3.12/site-packages/airflow/example_dags/tutorial_dag.py
[2024-06-07T14:08:56.041+0000] {logging_mixin.py:188} INFO - [2024-06-07T14:08:56.041+0000] {dag.py:3096} INFO - Sync 1 DAGs
[2024-06-07T14:08:56.055+0000] {logging_mixin.py:188} INFO - [2024-06-07T14:08:56.055+0000] {dag.py:3954} INFO - Setting next_dagrun for tutorial_dag to None, run_after=None
[2024-06-07T14:08:56.075+0000] {processor.py:183} INFO - Processing /home/airflow/.local/lib/python3.12/site-packages/airflow/example_dags/tutorial_dag.py took 0.074 seconds
[2024-06-07T14:09:26.602+0000] {processor.py:161} INFO - Started process (PID=977) to work on /home/airflow/.local/lib/python3.12/site-packages/airflow/example_dags/tutorial_dag.py
[2024-06-07T14:09:26.604+0000] {processor.py:830} INFO - Processing file /home/airflow/.local/lib/python3.12/site-packages/airflow/example_dags/tutorial_dag.py for tasks to queue
[2024-06-07T14:09:26.606+0000] {logging_mixin.py:188} INFO - [2024-06-07T14:09:26.606+0000] {dagbag.py:545} INFO - Filling up the DagBag from /home/airflow/.local/lib/python3.12/site-packages/airflow/example_dags/tutorial_dag.py
[2024-06-07T14:09:26.620+0000] {processor.py:840} INFO - DAG(s) 'tutorial_dag' retrieved from /home/airflow/.local/lib/python3.12/site-packages/airflow/example_dags/tutorial_dag.py
[2024-06-07T14:09:26.645+0000] {logging_mixin.py:188} INFO - [2024-06-07T14:09:26.645+0000] {dag.py:3096} INFO - Sync 1 DAGs
[2024-06-07T14:09:26.662+0000] {logging_mixin.py:188} INFO - [2024-06-07T14:09:26.661+0000] {dag.py:3954} INFO - Setting next_dagrun for tutorial_dag to None, run_after=None
[2024-06-07T14:09:26.682+0000] {processor.py:183} INFO - Processing /home/airflow/.local/lib/python3.12/site-packages/airflow/example_dags/tutorial_dag.py took 0.086 seconds
[2024-06-07T14:09:56.799+0000] {processor.py:161} INFO - Started process (PID=1039) to work on /home/airflow/.local/lib/python3.12/site-packages/airflow/example_dags/tutorial_dag.py
[2024-06-07T14:09:56.800+0000] {processor.py:830} INFO - Processing file /home/airflow/.local/lib/python3.12/site-packages/airflow/example_dags/tutorial_dag.py for tasks to queue
[2024-06-07T14:09:56.803+0000] {logging_mixin.py:188} INFO - [2024-06-07T14:09:56.803+0000] {dagbag.py:545} INFO - Filling up the DagBag from /home/airflow/.local/lib/python3.12/site-packages/airflow/example_dags/tutorial_dag.py
[2024-06-07T14:09:56.812+0000] {processor.py:840} INFO - DAG(s) 'tutorial_dag' retrieved from /home/airflow/.local/lib/python3.12/site-packages/airflow/example_dags/tutorial_dag.py
[2024-06-07T14:09:56.838+0000] {logging_mixin.py:188} INFO - [2024-06-07T14:09:56.838+0000] {dag.py:3096} INFO - Sync 1 DAGs
[2024-06-07T14:09:56.857+0000] {logging_mixin.py:188} INFO - [2024-06-07T14:09:56.857+0000] {dag.py:3954} INFO - Setting next_dagrun for tutorial_dag to None, run_after=None
[2024-06-07T14:09:56.881+0000] {processor.py:183} INFO - Processing /home/airflow/.local/lib/python3.12/site-packages/airflow/example_dags/tutorial_dag.py took 0.090 seconds
[2024-06-07T14:10:27.573+0000] {processor.py:161} INFO - Started process (PID=1099) to work on /home/airflow/.local/lib/python3.12/site-packages/airflow/example_dags/tutorial_dag.py
[2024-06-07T14:10:27.576+0000] {processor.py:830} INFO - Processing file /home/airflow/.local/lib/python3.12/site-packages/airflow/example_dags/tutorial_dag.py for tasks to queue
[2024-06-07T14:10:27.584+0000] {logging_mixin.py:188} INFO - [2024-06-07T14:10:27.582+0000] {dagbag.py:545} INFO - Filling up the DagBag from /home/airflow/.local/lib/python3.12/site-packages/airflow/example_dags/tutorial_dag.py
[2024-06-07T14:10:27.607+0000] {processor.py:840} INFO - DAG(s) 'tutorial_dag' retrieved from /home/airflow/.local/lib/python3.12/site-packages/airflow/example_dags/tutorial_dag.py
[2024-06-07T14:10:27.672+0000] {logging_mixin.py:188} INFO - [2024-06-07T14:10:27.670+0000] {dag.py:3096} INFO - Sync 1 DAGs
[2024-06-07T14:10:27.702+0000] {logging_mixin.py:188} INFO - [2024-06-07T14:10:27.702+0000] {dag.py:3954} INFO - Setting next_dagrun for tutorial_dag to None, run_after=None
[2024-06-07T14:10:27.749+0000] {processor.py:183} INFO - Processing /home/airflow/.local/lib/python3.12/site-packages/airflow/example_dags/tutorial_dag.py took 0.194 seconds
[2024-06-07T14:10:57.994+0000] {processor.py:161} INFO - Started process (PID=1159) to work on /home/airflow/.local/lib/python3.12/site-packages/airflow/example_dags/tutorial_dag.py
[2024-06-07T14:10:57.996+0000] {processor.py:830} INFO - Processing file /home/airflow/.local/lib/python3.12/site-packages/airflow/example_dags/tutorial_dag.py for tasks to queue
[2024-06-07T14:10:57.999+0000] {logging_mixin.py:188} INFO - [2024-06-07T14:10:57.998+0000] {dagbag.py:545} INFO - Filling up the DagBag from /home/airflow/.local/lib/python3.12/site-packages/airflow/example_dags/tutorial_dag.py
[2024-06-07T14:10:58.006+0000] {processor.py:840} INFO - DAG(s) 'tutorial_dag' retrieved from /home/airflow/.local/lib/python3.12/site-packages/airflow/example_dags/tutorial_dag.py
[2024-06-07T14:10:58.039+0000] {logging_mixin.py:188} INFO - [2024-06-07T14:10:58.038+0000] {dag.py:3096} INFO - Sync 1 DAGs
[2024-06-07T14:10:58.057+0000] {logging_mixin.py:188} INFO - [2024-06-07T14:10:58.057+0000] {dag.py:3954} INFO - Setting next_dagrun for tutorial_dag to None, run_after=None
[2024-06-07T14:10:58.080+0000] {processor.py:183} INFO - Processing /home/airflow/.local/lib/python3.12/site-packages/airflow/example_dags/tutorial_dag.py took 0.096 seconds
[2024-06-07T14:11:28.359+0000] {processor.py:161} INFO - Started process (PID=1219) to work on /home/airflow/.local/lib/python3.12/site-packages/airflow/example_dags/tutorial_dag.py
[2024-06-07T14:11:28.360+0000] {processor.py:830} INFO - Processing file /home/airflow/.local/lib/python3.12/site-packages/airflow/example_dags/tutorial_dag.py for tasks to queue
[2024-06-07T14:11:28.363+0000] {logging_mixin.py:188} INFO - [2024-06-07T14:11:28.362+0000] {dagbag.py:545} INFO - Filling up the DagBag from /home/airflow/.local/lib/python3.12/site-packages/airflow/example_dags/tutorial_dag.py
[2024-06-07T14:11:28.371+0000] {processor.py:840} INFO - DAG(s) 'tutorial_dag' retrieved from /home/airflow/.local/lib/python3.12/site-packages/airflow/example_dags/tutorial_dag.py
[2024-06-07T14:11:28.398+0000] {logging_mixin.py:188} INFO - [2024-06-07T14:11:28.398+0000] {dag.py:3096} INFO - Sync 1 DAGs
[2024-06-07T14:11:28.416+0000] {logging_mixin.py:188} INFO - [2024-06-07T14:11:28.416+0000] {dag.py:3954} INFO - Setting next_dagrun for tutorial_dag to None, run_after=None
[2024-06-07T14:11:28.441+0000] {processor.py:183} INFO - Processing /home/airflow/.local/lib/python3.12/site-packages/airflow/example_dags/tutorial_dag.py took 0.094 seconds
[2024-06-07T14:12:01.582+0000] {processor.py:161} INFO - Started process (PID=1279) to work on /home/airflow/.local/lib/python3.12/site-packages/airflow/example_dags/tutorial_dag.py
[2024-06-07T14:12:01.585+0000] {processor.py:830} INFO - Processing file /home/airflow/.local/lib/python3.12/site-packages/airflow/example_dags/tutorial_dag.py for tasks to queue
[2024-06-07T14:12:01.588+0000] {logging_mixin.py:188} INFO - [2024-06-07T14:12:01.588+0000] {dagbag.py:545} INFO - Filling up the DagBag from /home/airflow/.local/lib/python3.12/site-packages/airflow/example_dags/tutorial_dag.py
[2024-06-07T14:12:01.595+0000] {processor.py:840} INFO - DAG(s) 'tutorial_dag' retrieved from /home/airflow/.local/lib/python3.12/site-packages/airflow/example_dags/tutorial_dag.py
[2024-06-07T14:12:01.640+0000] {logging_mixin.py:188} INFO - [2024-06-07T14:12:01.640+0000] {dag.py:3096} INFO - Sync 1 DAGs
[2024-06-07T14:12:01.678+0000] {logging_mixin.py:188} INFO - [2024-06-07T14:12:01.677+0000] {dag.py:3954} INFO - Setting next_dagrun for tutorial_dag to None, run_after=None
[2024-06-07T14:12:01.726+0000] {processor.py:183} INFO - Processing /home/airflow/.local/lib/python3.12/site-packages/airflow/example_dags/tutorial_dag.py took 0.152 seconds
[2024-06-07T14:12:32.171+0000] {processor.py:161} INFO - Started process (PID=1339) to work on /home/airflow/.local/lib/python3.12/site-packages/airflow/example_dags/tutorial_dag.py
[2024-06-07T14:12:32.172+0000] {processor.py:830} INFO - Processing file /home/airflow/.local/lib/python3.12/site-packages/airflow/example_dags/tutorial_dag.py for tasks to queue
[2024-06-07T14:12:32.174+0000] {logging_mixin.py:188} INFO - [2024-06-07T14:12:32.173+0000] {dagbag.py:545} INFO - Filling up the DagBag from /home/airflow/.local/lib/python3.12/site-packages/airflow/example_dags/tutorial_dag.py
[2024-06-07T14:12:32.179+0000] {processor.py:840} INFO - DAG(s) 'tutorial_dag' retrieved from /home/airflow/.local/lib/python3.12/site-packages/airflow/example_dags/tutorial_dag.py
[2024-06-07T14:12:32.203+0000] {logging_mixin.py:188} INFO - [2024-06-07T14:12:32.203+0000] {dag.py:3096} INFO - Sync 1 DAGs
[2024-06-07T14:12:32.217+0000] {logging_mixin.py:188} INFO - [2024-06-07T14:12:32.216+0000] {dag.py:3954} INFO - Setting next_dagrun for tutorial_dag to None, run_after=None
[2024-06-07T14:12:32.240+0000] {processor.py:183} INFO - Processing /home/airflow/.local/lib/python3.12/site-packages/airflow/example_dags/tutorial_dag.py took 0.076 seconds
[2024-06-07T14:13:02.707+0000] {processor.py:161} INFO - Started process (PID=1397) to work on /home/airflow/.local/lib/python3.12/site-packages/airflow/example_dags/tutorial_dag.py
[2024-06-07T14:13:02.711+0000] {processor.py:830} INFO - Processing file /home/airflow/.local/lib/python3.12/site-packages/airflow/example_dags/tutorial_dag.py for tasks to queue
[2024-06-07T14:13:02.718+0000] {logging_mixin.py:188} INFO - [2024-06-07T14:13:02.717+0000] {dagbag.py:545} INFO - Filling up the DagBag from /home/airflow/.local/lib/python3.12/site-packages/airflow/example_dags/tutorial_dag.py
[2024-06-07T14:13:02.732+0000] {processor.py:840} INFO - DAG(s) 'tutorial_dag' retrieved from /home/airflow/.local/lib/python3.12/site-packages/airflow/example_dags/tutorial_dag.py
[2024-06-07T14:13:02.785+0000] {logging_mixin.py:188} INFO - [2024-06-07T14:13:02.784+0000] {dag.py:3096} INFO - Sync 1 DAGs
[2024-06-07T14:13:02.822+0000] {logging_mixin.py:188} INFO - [2024-06-07T14:13:02.821+0000] {dag.py:3954} INFO - Setting next_dagrun for tutorial_dag to None, run_after=None
[2024-06-07T14:13:02.878+0000] {processor.py:183} INFO - Processing /home/airflow/.local/lib/python3.12/site-packages/airflow/example_dags/tutorial_dag.py took 0.189 seconds
[2024-06-07T14:13:33.018+0000] {processor.py:161} INFO - Started process (PID=1457) to work on /home/airflow/.local/lib/python3.12/site-packages/airflow/example_dags/tutorial_dag.py
[2024-06-07T14:13:33.019+0000] {processor.py:830} INFO - Processing file /home/airflow/.local/lib/python3.12/site-packages/airflow/example_dags/tutorial_dag.py for tasks to queue
[2024-06-07T14:13:33.021+0000] {logging_mixin.py:188} INFO - [2024-06-07T14:13:33.021+0000] {dagbag.py:545} INFO - Filling up the DagBag from /home/airflow/.local/lib/python3.12/site-packages/airflow/example_dags/tutorial_dag.py
[2024-06-07T14:13:33.027+0000] {processor.py:840} INFO - DAG(s) 'tutorial_dag' retrieved from /home/airflow/.local/lib/python3.12/site-packages/airflow/example_dags/tutorial_dag.py
[2024-06-07T14:13:33.049+0000] {logging_mixin.py:188} INFO - [2024-06-07T14:13:33.049+0000] {dag.py:3096} INFO - Sync 1 DAGs
[2024-06-07T14:13:33.064+0000] {logging_mixin.py:188} INFO - [2024-06-07T14:13:33.064+0000] {dag.py:3954} INFO - Setting next_dagrun for tutorial_dag to None, run_after=None
[2024-06-07T14:13:33.085+0000] {processor.py:183} INFO - Processing /home/airflow/.local/lib/python3.12/site-packages/airflow/example_dags/tutorial_dag.py took 0.074 seconds
[2024-06-07T14:14:03.421+0000] {processor.py:161} INFO - Started process (PID=1517) to work on /home/airflow/.local/lib/python3.12/site-packages/airflow/example_dags/tutorial_dag.py
[2024-06-07T14:14:03.422+0000] {processor.py:830} INFO - Processing file /home/airflow/.local/lib/python3.12/site-packages/airflow/example_dags/tutorial_dag.py for tasks to queue
[2024-06-07T14:14:03.424+0000] {logging_mixin.py:188} INFO - [2024-06-07T14:14:03.423+0000] {dagbag.py:545} INFO - Filling up the DagBag from /home/airflow/.local/lib/python3.12/site-packages/airflow/example_dags/tutorial_dag.py
[2024-06-07T14:14:03.429+0000] {processor.py:840} INFO - DAG(s) 'tutorial_dag' retrieved from /home/airflow/.local/lib/python3.12/site-packages/airflow/example_dags/tutorial_dag.py
[2024-06-07T14:14:03.450+0000] {logging_mixin.py:188} INFO - [2024-06-07T14:14:03.450+0000] {dag.py:3096} INFO - Sync 1 DAGs
[2024-06-07T14:14:03.463+0000] {logging_mixin.py:188} INFO - [2024-06-07T14:14:03.463+0000] {dag.py:3954} INFO - Setting next_dagrun for tutorial_dag to None, run_after=None
[2024-06-07T14:14:03.485+0000] {processor.py:183} INFO - Processing /home/airflow/.local/lib/python3.12/site-packages/airflow/example_dags/tutorial_dag.py took 0.070 seconds
[2024-06-07T14:14:34.463+0000] {processor.py:161} INFO - Started process (PID=1577) to work on /home/airflow/.local/lib/python3.12/site-packages/airflow/example_dags/tutorial_dag.py
[2024-06-07T14:14:34.466+0000] {processor.py:830} INFO - Processing file /home/airflow/.local/lib/python3.12/site-packages/airflow/example_dags/tutorial_dag.py for tasks to queue
[2024-06-07T14:14:34.470+0000] {logging_mixin.py:188} INFO - [2024-06-07T14:14:34.469+0000] {dagbag.py:545} INFO - Filling up the DagBag from /home/airflow/.local/lib/python3.12/site-packages/airflow/example_dags/tutorial_dag.py
[2024-06-07T14:14:34.482+0000] {processor.py:840} INFO - DAG(s) 'tutorial_dag' retrieved from /home/airflow/.local/lib/python3.12/site-packages/airflow/example_dags/tutorial_dag.py
[2024-06-07T14:14:34.511+0000] {logging_mixin.py:188} INFO - [2024-06-07T14:14:34.511+0000] {dag.py:3096} INFO - Sync 1 DAGs
[2024-06-07T14:14:34.531+0000] {logging_mixin.py:188} INFO - [2024-06-07T14:14:34.530+0000] {dag.py:3954} INFO - Setting next_dagrun for tutorial_dag to None, run_after=None
[2024-06-07T14:14:34.562+0000] {processor.py:183} INFO - Processing /home/airflow/.local/lib/python3.12/site-packages/airflow/example_dags/tutorial_dag.py took 0.108 seconds
[2024-06-07T14:15:04.652+0000] {processor.py:161} INFO - Started process (PID=1636) to work on /home/airflow/.local/lib/python3.12/site-packages/airflow/example_dags/tutorial_dag.py
[2024-06-07T14:15:04.653+0000] {processor.py:830} INFO - Processing file /home/airflow/.local/lib/python3.12/site-packages/airflow/example_dags/tutorial_dag.py for tasks to queue
[2024-06-07T14:15:04.655+0000] {logging_mixin.py:188} INFO - [2024-06-07T14:15:04.655+0000] {dagbag.py:545} INFO - Filling up the DagBag from /home/airflow/.local/lib/python3.12/site-packages/airflow/example_dags/tutorial_dag.py
[2024-06-07T14:15:04.661+0000] {processor.py:840} INFO - DAG(s) 'tutorial_dag' retrieved from /home/airflow/.local/lib/python3.12/site-packages/airflow/example_dags/tutorial_dag.py
[2024-06-07T14:15:04.681+0000] {logging_mixin.py:188} INFO - [2024-06-07T14:15:04.681+0000] {dag.py:3096} INFO - Sync 1 DAGs
[2024-06-07T14:15:04.698+0000] {logging_mixin.py:188} INFO - [2024-06-07T14:15:04.697+0000] {dag.py:3954} INFO - Setting next_dagrun for tutorial_dag to None, run_after=None
[2024-06-07T14:15:04.718+0000] {processor.py:183} INFO - Processing /home/airflow/.local/lib/python3.12/site-packages/airflow/example_dags/tutorial_dag.py took 0.072 seconds
[2024-06-07T14:15:35.163+0000] {processor.py:161} INFO - Started process (PID=1696) to work on /home/airflow/.local/lib/python3.12/site-packages/airflow/example_dags/tutorial_dag.py
[2024-06-07T14:15:35.164+0000] {processor.py:830} INFO - Processing file /home/airflow/.local/lib/python3.12/site-packages/airflow/example_dags/tutorial_dag.py for tasks to queue
[2024-06-07T14:15:35.167+0000] {logging_mixin.py:188} INFO - [2024-06-07T14:15:35.166+0000] {dagbag.py:545} INFO - Filling up the DagBag from /home/airflow/.local/lib/python3.12/site-packages/airflow/example_dags/tutorial_dag.py
[2024-06-07T14:15:35.180+0000] {processor.py:840} INFO - DAG(s) 'tutorial_dag' retrieved from /home/airflow/.local/lib/python3.12/site-packages/airflow/example_dags/tutorial_dag.py
[2024-06-07T14:15:35.206+0000] {logging_mixin.py:188} INFO - [2024-06-07T14:15:35.205+0000] {dag.py:3096} INFO - Sync 1 DAGs
[2024-06-07T14:15:35.227+0000] {logging_mixin.py:188} INFO - [2024-06-07T14:15:35.227+0000] {dag.py:3954} INFO - Setting next_dagrun for tutorial_dag to None, run_after=None
[2024-06-07T14:15:35.253+0000] {processor.py:183} INFO - Processing /home/airflow/.local/lib/python3.12/site-packages/airflow/example_dags/tutorial_dag.py took 0.100 seconds
[2024-06-07T14:16:05.782+0000] {processor.py:161} INFO - Started process (PID=1754) to work on /home/airflow/.local/lib/python3.12/site-packages/airflow/example_dags/tutorial_dag.py
[2024-06-07T14:16:05.783+0000] {processor.py:830} INFO - Processing file /home/airflow/.local/lib/python3.12/site-packages/airflow/example_dags/tutorial_dag.py for tasks to queue
[2024-06-07T14:16:05.786+0000] {logging_mixin.py:188} INFO - [2024-06-07T14:16:05.785+0000] {dagbag.py:545} INFO - Filling up the DagBag from /home/airflow/.local/lib/python3.12/site-packages/airflow/example_dags/tutorial_dag.py
[2024-06-07T14:16:05.794+0000] {processor.py:840} INFO - DAG(s) 'tutorial_dag' retrieved from /home/airflow/.local/lib/python3.12/site-packages/airflow/example_dags/tutorial_dag.py
[2024-06-07T14:16:05.825+0000] {logging_mixin.py:188} INFO - [2024-06-07T14:16:05.824+0000] {dag.py:3096} INFO - Sync 1 DAGs
[2024-06-07T14:16:05.840+0000] {logging_mixin.py:188} INFO - [2024-06-07T14:16:05.840+0000] {dag.py:3954} INFO - Setting next_dagrun for tutorial_dag to None, run_after=None
[2024-06-07T14:16:05.867+0000] {processor.py:183} INFO - Processing /home/airflow/.local/lib/python3.12/site-packages/airflow/example_dags/tutorial_dag.py took 0.092 seconds
[2024-06-07T14:16:36.553+0000] {processor.py:161} INFO - Started process (PID=1814) to work on /home/airflow/.local/lib/python3.12/site-packages/airflow/example_dags/tutorial_dag.py
[2024-06-07T14:16:36.555+0000] {processor.py:830} INFO - Processing file /home/airflow/.local/lib/python3.12/site-packages/airflow/example_dags/tutorial_dag.py for tasks to queue
[2024-06-07T14:16:36.559+0000] {logging_mixin.py:188} INFO - [2024-06-07T14:16:36.558+0000] {dagbag.py:545} INFO - Filling up the DagBag from /home/airflow/.local/lib/python3.12/site-packages/airflow/example_dags/tutorial_dag.py
[2024-06-07T14:16:36.589+0000] {processor.py:840} INFO - DAG(s) 'tutorial_dag' retrieved from /home/airflow/.local/lib/python3.12/site-packages/airflow/example_dags/tutorial_dag.py
[2024-06-07T14:16:36.652+0000] {logging_mixin.py:188} INFO - [2024-06-07T14:16:36.651+0000] {dag.py:3096} INFO - Sync 1 DAGs
[2024-06-07T14:16:36.685+0000] {logging_mixin.py:188} INFO - [2024-06-07T14:16:36.684+0000] {dag.py:3954} INFO - Setting next_dagrun for tutorial_dag to None, run_after=None
[2024-06-07T14:16:36.768+0000] {processor.py:183} INFO - Processing /home/airflow/.local/lib/python3.12/site-packages/airflow/example_dags/tutorial_dag.py took 0.234 seconds
[2024-06-07T14:17:06.950+0000] {processor.py:161} INFO - Started process (PID=1874) to work on /home/airflow/.local/lib/python3.12/site-packages/airflow/example_dags/tutorial_dag.py
[2024-06-07T14:17:06.951+0000] {processor.py:830} INFO - Processing file /home/airflow/.local/lib/python3.12/site-packages/airflow/example_dags/tutorial_dag.py for tasks to queue
[2024-06-07T14:17:06.954+0000] {logging_mixin.py:188} INFO - [2024-06-07T14:17:06.954+0000] {dagbag.py:545} INFO - Filling up the DagBag from /home/airflow/.local/lib/python3.12/site-packages/airflow/example_dags/tutorial_dag.py
[2024-06-07T14:17:06.961+0000] {processor.py:840} INFO - DAG(s) 'tutorial_dag' retrieved from /home/airflow/.local/lib/python3.12/site-packages/airflow/example_dags/tutorial_dag.py
[2024-06-07T14:17:06.984+0000] {logging_mixin.py:188} INFO - [2024-06-07T14:17:06.983+0000] {dag.py:3096} INFO - Sync 1 DAGs
[2024-06-07T14:17:07.002+0000] {logging_mixin.py:188} INFO - [2024-06-07T14:17:07.002+0000] {dag.py:3954} INFO - Setting next_dagrun for tutorial_dag to None, run_after=None
[2024-06-07T14:17:07.024+0000] {processor.py:183} INFO - Processing /home/airflow/.local/lib/python3.12/site-packages/airflow/example_dags/tutorial_dag.py took 0.080 seconds
[2024-06-07T14:17:37.251+0000] {processor.py:161} INFO - Started process (PID=1934) to work on /home/airflow/.local/lib/python3.12/site-packages/airflow/example_dags/tutorial_dag.py
[2024-06-07T14:17:37.252+0000] {processor.py:830} INFO - Processing file /home/airflow/.local/lib/python3.12/site-packages/airflow/example_dags/tutorial_dag.py for tasks to queue
[2024-06-07T14:17:37.254+0000] {logging_mixin.py:188} INFO - [2024-06-07T14:17:37.254+0000] {dagbag.py:545} INFO - Filling up the DagBag from /home/airflow/.local/lib/python3.12/site-packages/airflow/example_dags/tutorial_dag.py
[2024-06-07T14:17:37.261+0000] {processor.py:840} INFO - DAG(s) 'tutorial_dag' retrieved from /home/airflow/.local/lib/python3.12/site-packages/airflow/example_dags/tutorial_dag.py
[2024-06-07T14:17:37.288+0000] {logging_mixin.py:188} INFO - [2024-06-07T14:17:37.287+0000] {dag.py:3096} INFO - Sync 1 DAGs
[2024-06-07T14:17:37.301+0000] {logging_mixin.py:188} INFO - [2024-06-07T14:17:37.301+0000] {dag.py:3954} INFO - Setting next_dagrun for tutorial_dag to None, run_after=None
[2024-06-07T14:17:37.323+0000] {processor.py:183} INFO - Processing /home/airflow/.local/lib/python3.12/site-packages/airflow/example_dags/tutorial_dag.py took 0.079 seconds
[2024-06-07T14:18:07.443+0000] {processor.py:161} INFO - Started process (PID=1994) to work on /home/airflow/.local/lib/python3.12/site-packages/airflow/example_dags/tutorial_dag.py
[2024-06-07T14:18:07.445+0000] {processor.py:830} INFO - Processing file /home/airflow/.local/lib/python3.12/site-packages/airflow/example_dags/tutorial_dag.py for tasks to queue
[2024-06-07T14:18:07.447+0000] {logging_mixin.py:188} INFO - [2024-06-07T14:18:07.447+0000] {dagbag.py:545} INFO - Filling up the DagBag from /home/airflow/.local/lib/python3.12/site-packages/airflow/example_dags/tutorial_dag.py
[2024-06-07T14:18:07.455+0000] {processor.py:840} INFO - DAG(s) 'tutorial_dag' retrieved from /home/airflow/.local/lib/python3.12/site-packages/airflow/example_dags/tutorial_dag.py
[2024-06-07T14:18:07.478+0000] {logging_mixin.py:188} INFO - [2024-06-07T14:18:07.478+0000] {dag.py:3096} INFO - Sync 1 DAGs
[2024-06-07T14:18:07.498+0000] {logging_mixin.py:188} INFO - [2024-06-07T14:18:07.498+0000] {dag.py:3954} INFO - Setting next_dagrun for tutorial_dag to None, run_after=None
[2024-06-07T14:18:07.524+0000] {processor.py:183} INFO - Processing /home/airflow/.local/lib/python3.12/site-packages/airflow/example_dags/tutorial_dag.py took 0.087 seconds
[2024-06-07T14:18:38.026+0000] {processor.py:161} INFO - Started process (PID=2054) to work on /home/airflow/.local/lib/python3.12/site-packages/airflow/example_dags/tutorial_dag.py
[2024-06-07T14:18:38.028+0000] {processor.py:830} INFO - Processing file /home/airflow/.local/lib/python3.12/site-packages/airflow/example_dags/tutorial_dag.py for tasks to queue
[2024-06-07T14:18:38.033+0000] {logging_mixin.py:188} INFO - [2024-06-07T14:18:38.033+0000] {dagbag.py:545} INFO - Filling up the DagBag from /home/airflow/.local/lib/python3.12/site-packages/airflow/example_dags/tutorial_dag.py
[2024-06-07T14:18:38.054+0000] {processor.py:840} INFO - DAG(s) 'tutorial_dag' retrieved from /home/airflow/.local/lib/python3.12/site-packages/airflow/example_dags/tutorial_dag.py
[2024-06-07T14:18:38.113+0000] {logging_mixin.py:188} INFO - [2024-06-07T14:18:38.113+0000] {dag.py:3096} INFO - Sync 1 DAGs
[2024-06-07T14:18:38.138+0000] {logging_mixin.py:188} INFO - [2024-06-07T14:18:38.137+0000] {dag.py:3954} INFO - Setting next_dagrun for tutorial_dag to None, run_after=None
[2024-06-07T14:18:38.168+0000] {processor.py:183} INFO - Processing /home/airflow/.local/lib/python3.12/site-packages/airflow/example_dags/tutorial_dag.py took 0.154 seconds
