[2024-06-07T14:01:43.841+0000] {processor.py:161} INFO - Started process (PID=59) to work on /home/airflow/.local/lib/python3.12/site-packages/airflow/example_dags/tutorial.py
[2024-06-07T14:01:43.843+0000] {processor.py:830} INFO - Processing file /home/airflow/.local/lib/python3.12/site-packages/airflow/example_dags/tutorial.py for tasks to queue
[2024-06-07T14:01:43.846+0000] {logging_mixin.py:188} INFO - [2024-06-07T14:01:43.845+0000] {dagbag.py:545} INFO - Filling up the DagBag from /home/airflow/.local/lib/python3.12/site-packages/airflow/example_dags/tutorial.py
[2024-06-07T14:01:43.861+0000] {processor.py:840} INFO - DAG(s) 'tutorial' retrieved from /home/airflow/.local/lib/python3.12/site-packages/airflow/example_dags/tutorial.py
[2024-06-07T14:01:44.059+0000] {logging_mixin.py:188} INFO - [2024-06-07T14:01:44.059+0000] {dag.py:3096} INFO - Sync 1 DAGs
[2024-06-07T14:01:44.115+0000] {logging_mixin.py:188} INFO - [2024-06-07T14:01:44.114+0000] {dag.py:3954} INFO - Setting next_dagrun for tutorial to 2024-06-06 00:00:00+00:00, run_after=2024-06-07 00:00:00+00:00
[2024-06-07T14:01:44.157+0000] {processor.py:183} INFO - Processing /home/airflow/.local/lib/python3.12/site-packages/airflow/example_dags/tutorial.py took 0.328 seconds
[2024-06-07T14:02:14.701+0000] {processor.py:161} INFO - Started process (PID=127) to work on /home/airflow/.local/lib/python3.12/site-packages/airflow/example_dags/tutorial.py
[2024-06-07T14:02:14.702+0000] {processor.py:830} INFO - Processing file /home/airflow/.local/lib/python3.12/site-packages/airflow/example_dags/tutorial.py for tasks to queue
[2024-06-07T14:02:14.706+0000] {logging_mixin.py:188} INFO - [2024-06-07T14:02:14.706+0000] {dagbag.py:545} INFO - Filling up the DagBag from /home/airflow/.local/lib/python3.12/site-packages/airflow/example_dags/tutorial.py
[2024-06-07T14:02:14.722+0000] {processor.py:840} INFO - DAG(s) 'tutorial' retrieved from /home/airflow/.local/lib/python3.12/site-packages/airflow/example_dags/tutorial.py
[2024-06-07T14:02:14.790+0000] {logging_mixin.py:188} INFO - [2024-06-07T14:02:14.785+0000] {dag.py:3096} INFO - Sync 1 DAGs
[2024-06-07T14:02:14.887+0000] {logging_mixin.py:188} INFO - [2024-06-07T14:02:14.887+0000] {dag.py:3954} INFO - Setting next_dagrun for tutorial to 2024-06-06 00:00:00+00:00, run_after=2024-06-07 00:00:00+00:00
[2024-06-07T14:02:14.965+0000] {processor.py:183} INFO - Processing /home/airflow/.local/lib/python3.12/site-packages/airflow/example_dags/tutorial.py took 0.276 seconds
[2024-06-07T14:02:45.669+0000] {processor.py:161} INFO - Started process (PID=191) to work on /home/airflow/.local/lib/python3.12/site-packages/airflow/example_dags/tutorial.py
[2024-06-07T14:02:45.670+0000] {processor.py:830} INFO - Processing file /home/airflow/.local/lib/python3.12/site-packages/airflow/example_dags/tutorial.py for tasks to queue
[2024-06-07T14:02:45.672+0000] {logging_mixin.py:188} INFO - [2024-06-07T14:02:45.672+0000] {dagbag.py:545} INFO - Filling up the DagBag from /home/airflow/.local/lib/python3.12/site-packages/airflow/example_dags/tutorial.py
[2024-06-07T14:02:45.680+0000] {processor.py:840} INFO - DAG(s) 'tutorial' retrieved from /home/airflow/.local/lib/python3.12/site-packages/airflow/example_dags/tutorial.py
[2024-06-07T14:02:45.708+0000] {logging_mixin.py:188} INFO - [2024-06-07T14:02:45.708+0000] {dag.py:3096} INFO - Sync 1 DAGs
[2024-06-07T14:02:45.752+0000] {logging_mixin.py:188} INFO - [2024-06-07T14:02:45.751+0000] {dag.py:3954} INFO - Setting next_dagrun for tutorial to 2024-06-06 00:00:00+00:00, run_after=2024-06-07 00:00:00+00:00
[2024-06-07T14:02:45.808+0000] {processor.py:183} INFO - Processing /home/airflow/.local/lib/python3.12/site-packages/airflow/example_dags/tutorial.py took 0.148 seconds
[2024-06-07T14:03:16.917+0000] {processor.py:161} INFO - Started process (PID=257) to work on /home/airflow/.local/lib/python3.12/site-packages/airflow/example_dags/tutorial.py
[2024-06-07T14:03:16.918+0000] {processor.py:830} INFO - Processing file /home/airflow/.local/lib/python3.12/site-packages/airflow/example_dags/tutorial.py for tasks to queue
[2024-06-07T14:03:16.920+0000] {logging_mixin.py:188} INFO - [2024-06-07T14:03:16.920+0000] {dagbag.py:545} INFO - Filling up the DagBag from /home/airflow/.local/lib/python3.12/site-packages/airflow/example_dags/tutorial.py
[2024-06-07T14:03:16.927+0000] {processor.py:840} INFO - DAG(s) 'tutorial' retrieved from /home/airflow/.local/lib/python3.12/site-packages/airflow/example_dags/tutorial.py
[2024-06-07T14:03:16.954+0000] {logging_mixin.py:188} INFO - [2024-06-07T14:03:16.953+0000] {dag.py:3096} INFO - Sync 1 DAGs
[2024-06-07T14:03:16.977+0000] {logging_mixin.py:188} INFO - [2024-06-07T14:03:16.977+0000] {dag.py:3954} INFO - Setting next_dagrun for tutorial to 2024-06-06 00:00:00+00:00, run_after=2024-06-07 00:00:00+00:00
[2024-06-07T14:03:16.998+0000] {processor.py:183} INFO - Processing /home/airflow/.local/lib/python3.12/site-packages/airflow/example_dags/tutorial.py took 0.089 seconds
[2024-06-07T14:03:47.874+0000] {processor.py:161} INFO - Started process (PID=317) to work on /home/airflow/.local/lib/python3.12/site-packages/airflow/example_dags/tutorial.py
[2024-06-07T14:03:47.876+0000] {processor.py:830} INFO - Processing file /home/airflow/.local/lib/python3.12/site-packages/airflow/example_dags/tutorial.py for tasks to queue
[2024-06-07T14:03:47.878+0000] {logging_mixin.py:188} INFO - [2024-06-07T14:03:47.878+0000] {dagbag.py:545} INFO - Filling up the DagBag from /home/airflow/.local/lib/python3.12/site-packages/airflow/example_dags/tutorial.py
[2024-06-07T14:03:47.888+0000] {processor.py:840} INFO - DAG(s) 'tutorial' retrieved from /home/airflow/.local/lib/python3.12/site-packages/airflow/example_dags/tutorial.py
[2024-06-07T14:03:47.916+0000] {logging_mixin.py:188} INFO - [2024-06-07T14:03:47.916+0000] {dag.py:3096} INFO - Sync 1 DAGs
[2024-06-07T14:03:47.941+0000] {logging_mixin.py:188} INFO - [2024-06-07T14:03:47.941+0000] {dag.py:3954} INFO - Setting next_dagrun for tutorial to 2024-06-06 00:00:00+00:00, run_after=2024-06-07 00:00:00+00:00
[2024-06-07T14:03:47.972+0000] {processor.py:183} INFO - Processing /home/airflow/.local/lib/python3.12/site-packages/airflow/example_dags/tutorial.py took 0.105 seconds
[2024-06-07T14:04:18.415+0000] {processor.py:161} INFO - Started process (PID=377) to work on /home/airflow/.local/lib/python3.12/site-packages/airflow/example_dags/tutorial.py
[2024-06-07T14:04:18.416+0000] {processor.py:830} INFO - Processing file /home/airflow/.local/lib/python3.12/site-packages/airflow/example_dags/tutorial.py for tasks to queue
[2024-06-07T14:04:18.419+0000] {logging_mixin.py:188} INFO - [2024-06-07T14:04:18.418+0000] {dagbag.py:545} INFO - Filling up the DagBag from /home/airflow/.local/lib/python3.12/site-packages/airflow/example_dags/tutorial.py
[2024-06-07T14:04:18.427+0000] {processor.py:840} INFO - DAG(s) 'tutorial' retrieved from /home/airflow/.local/lib/python3.12/site-packages/airflow/example_dags/tutorial.py
[2024-06-07T14:04:18.448+0000] {logging_mixin.py:188} INFO - [2024-06-07T14:04:18.447+0000] {dag.py:3096} INFO - Sync 1 DAGs
[2024-06-07T14:04:18.480+0000] {logging_mixin.py:188} INFO - [2024-06-07T14:04:18.480+0000] {dag.py:3954} INFO - Setting next_dagrun for tutorial to 2024-06-06 00:00:00+00:00, run_after=2024-06-07 00:00:00+00:00
[2024-06-07T14:04:18.514+0000] {processor.py:183} INFO - Processing /home/airflow/.local/lib/python3.12/site-packages/airflow/example_dags/tutorial.py took 0.105 seconds
[2024-06-07T14:04:49.153+0000] {processor.py:161} INFO - Started process (PID=436) to work on /home/airflow/.local/lib/python3.12/site-packages/airflow/example_dags/tutorial.py
[2024-06-07T14:04:49.154+0000] {processor.py:830} INFO - Processing file /home/airflow/.local/lib/python3.12/site-packages/airflow/example_dags/tutorial.py for tasks to queue
[2024-06-07T14:04:49.157+0000] {logging_mixin.py:188} INFO - [2024-06-07T14:04:49.156+0000] {dagbag.py:545} INFO - Filling up the DagBag from /home/airflow/.local/lib/python3.12/site-packages/airflow/example_dags/tutorial.py
[2024-06-07T14:04:49.163+0000] {processor.py:840} INFO - DAG(s) 'tutorial' retrieved from /home/airflow/.local/lib/python3.12/site-packages/airflow/example_dags/tutorial.py
[2024-06-07T14:04:49.193+0000] {logging_mixin.py:188} INFO - [2024-06-07T14:04:49.193+0000] {dag.py:3096} INFO - Sync 1 DAGs
[2024-06-07T14:04:49.220+0000] {logging_mixin.py:188} INFO - [2024-06-07T14:04:49.219+0000] {dag.py:3954} INFO - Setting next_dagrun for tutorial to 2024-06-06 00:00:00+00:00, run_after=2024-06-07 00:00:00+00:00
[2024-06-07T14:04:49.242+0000] {processor.py:183} INFO - Processing /home/airflow/.local/lib/python3.12/site-packages/airflow/example_dags/tutorial.py took 0.098 seconds
[2024-06-07T14:05:19.421+0000] {processor.py:161} INFO - Started process (PID=495) to work on /home/airflow/.local/lib/python3.12/site-packages/airflow/example_dags/tutorial.py
[2024-06-07T14:05:19.422+0000] {processor.py:830} INFO - Processing file /home/airflow/.local/lib/python3.12/site-packages/airflow/example_dags/tutorial.py for tasks to queue
[2024-06-07T14:05:19.424+0000] {logging_mixin.py:188} INFO - [2024-06-07T14:05:19.424+0000] {dagbag.py:545} INFO - Filling up the DagBag from /home/airflow/.local/lib/python3.12/site-packages/airflow/example_dags/tutorial.py
[2024-06-07T14:05:19.431+0000] {processor.py:840} INFO - DAG(s) 'tutorial' retrieved from /home/airflow/.local/lib/python3.12/site-packages/airflow/example_dags/tutorial.py
[2024-06-07T14:05:19.456+0000] {logging_mixin.py:188} INFO - [2024-06-07T14:05:19.455+0000] {dag.py:3096} INFO - Sync 1 DAGs
[2024-06-07T14:05:19.478+0000] {logging_mixin.py:188} INFO - [2024-06-07T14:05:19.478+0000] {dag.py:3954} INFO - Setting next_dagrun for tutorial to 2024-06-06 00:00:00+00:00, run_after=2024-06-07 00:00:00+00:00
[2024-06-07T14:05:19.500+0000] {processor.py:183} INFO - Processing /home/airflow/.local/lib/python3.12/site-packages/airflow/example_dags/tutorial.py took 0.085 seconds
[2024-06-07T14:05:49.768+0000] {processor.py:161} INFO - Started process (PID=556) to work on /home/airflow/.local/lib/python3.12/site-packages/airflow/example_dags/tutorial.py
[2024-06-07T14:05:49.770+0000] {processor.py:830} INFO - Processing file /home/airflow/.local/lib/python3.12/site-packages/airflow/example_dags/tutorial.py for tasks to queue
[2024-06-07T14:05:49.773+0000] {logging_mixin.py:188} INFO - [2024-06-07T14:05:49.772+0000] {dagbag.py:545} INFO - Filling up the DagBag from /home/airflow/.local/lib/python3.12/site-packages/airflow/example_dags/tutorial.py
[2024-06-07T14:05:49.779+0000] {processor.py:840} INFO - DAG(s) 'tutorial' retrieved from /home/airflow/.local/lib/python3.12/site-packages/airflow/example_dags/tutorial.py
[2024-06-07T14:05:49.800+0000] {logging_mixin.py:188} INFO - [2024-06-07T14:05:49.800+0000] {dag.py:3096} INFO - Sync 1 DAGs
[2024-06-07T14:05:49.824+0000] {logging_mixin.py:188} INFO - [2024-06-07T14:05:49.823+0000] {dag.py:3954} INFO - Setting next_dagrun for tutorial to 2024-06-06 00:00:00+00:00, run_after=2024-06-07 00:00:00+00:00
[2024-06-07T14:05:49.848+0000] {processor.py:183} INFO - Processing /home/airflow/.local/lib/python3.12/site-packages/airflow/example_dags/tutorial.py took 0.088 seconds
[2024-06-07T14:06:20.166+0000] {processor.py:161} INFO - Started process (PID=616) to work on /home/airflow/.local/lib/python3.12/site-packages/airflow/example_dags/tutorial.py
[2024-06-07T14:06:20.167+0000] {processor.py:830} INFO - Processing file /home/airflow/.local/lib/python3.12/site-packages/airflow/example_dags/tutorial.py for tasks to queue
[2024-06-07T14:06:20.169+0000] {logging_mixin.py:188} INFO - [2024-06-07T14:06:20.169+0000] {dagbag.py:545} INFO - Filling up the DagBag from /home/airflow/.local/lib/python3.12/site-packages/airflow/example_dags/tutorial.py
[2024-06-07T14:06:20.176+0000] {processor.py:840} INFO - DAG(s) 'tutorial' retrieved from /home/airflow/.local/lib/python3.12/site-packages/airflow/example_dags/tutorial.py
[2024-06-07T14:06:20.196+0000] {logging_mixin.py:188} INFO - [2024-06-07T14:06:20.195+0000] {dag.py:3096} INFO - Sync 1 DAGs
[2024-06-07T14:06:20.219+0000] {logging_mixin.py:188} INFO - [2024-06-07T14:06:20.218+0000] {dag.py:3954} INFO - Setting next_dagrun for tutorial to 2024-06-06 00:00:00+00:00, run_after=2024-06-07 00:00:00+00:00
[2024-06-07T14:06:20.239+0000] {processor.py:183} INFO - Processing /home/airflow/.local/lib/python3.12/site-packages/airflow/example_dags/tutorial.py took 0.080 seconds
[2024-06-07T14:06:51.003+0000] {processor.py:161} INFO - Started process (PID=676) to work on /home/airflow/.local/lib/python3.12/site-packages/airflow/example_dags/tutorial.py
[2024-06-07T14:06:51.004+0000] {processor.py:830} INFO - Processing file /home/airflow/.local/lib/python3.12/site-packages/airflow/example_dags/tutorial.py for tasks to queue
[2024-06-07T14:06:51.006+0000] {logging_mixin.py:188} INFO - [2024-06-07T14:06:51.006+0000] {dagbag.py:545} INFO - Filling up the DagBag from /home/airflow/.local/lib/python3.12/site-packages/airflow/example_dags/tutorial.py
[2024-06-07T14:06:51.012+0000] {processor.py:840} INFO - DAG(s) 'tutorial' retrieved from /home/airflow/.local/lib/python3.12/site-packages/airflow/example_dags/tutorial.py
[2024-06-07T14:06:51.034+0000] {logging_mixin.py:188} INFO - [2024-06-07T14:06:51.034+0000] {dag.py:3096} INFO - Sync 1 DAGs
[2024-06-07T14:06:51.056+0000] {logging_mixin.py:188} INFO - [2024-06-07T14:06:51.056+0000] {dag.py:3954} INFO - Setting next_dagrun for tutorial to 2024-06-06 00:00:00+00:00, run_after=2024-06-07 00:00:00+00:00
[2024-06-07T14:06:51.077+0000] {processor.py:183} INFO - Processing /home/airflow/.local/lib/python3.12/site-packages/airflow/example_dags/tutorial.py took 0.080 seconds
[2024-06-07T14:07:23.014+0000] {processor.py:161} INFO - Started process (PID=736) to work on /home/airflow/.local/lib/python3.12/site-packages/airflow/example_dags/tutorial.py
[2024-06-07T14:07:23.015+0000] {processor.py:830} INFO - Processing file /home/airflow/.local/lib/python3.12/site-packages/airflow/example_dags/tutorial.py for tasks to queue
[2024-06-07T14:07:23.017+0000] {logging_mixin.py:188} INFO - [2024-06-07T14:07:23.017+0000] {dagbag.py:545} INFO - Filling up the DagBag from /home/airflow/.local/lib/python3.12/site-packages/airflow/example_dags/tutorial.py
[2024-06-07T14:07:23.024+0000] {processor.py:840} INFO - DAG(s) 'tutorial' retrieved from /home/airflow/.local/lib/python3.12/site-packages/airflow/example_dags/tutorial.py
[2024-06-07T14:07:23.050+0000] {logging_mixin.py:188} INFO - [2024-06-07T14:07:23.049+0000] {dag.py:3096} INFO - Sync 1 DAGs
[2024-06-07T14:07:23.074+0000] {logging_mixin.py:188} INFO - [2024-06-07T14:07:23.074+0000] {dag.py:3954} INFO - Setting next_dagrun for tutorial to 2024-06-06 00:00:00+00:00, run_after=2024-06-07 00:00:00+00:00
[2024-06-07T14:07:23.095+0000] {processor.py:183} INFO - Processing /home/airflow/.local/lib/python3.12/site-packages/airflow/example_dags/tutorial.py took 0.088 seconds
[2024-06-07T14:07:54.164+0000] {processor.py:161} INFO - Started process (PID=796) to work on /home/airflow/.local/lib/python3.12/site-packages/airflow/example_dags/tutorial.py
[2024-06-07T14:07:54.165+0000] {processor.py:830} INFO - Processing file /home/airflow/.local/lib/python3.12/site-packages/airflow/example_dags/tutorial.py for tasks to queue
[2024-06-07T14:07:54.168+0000] {logging_mixin.py:188} INFO - [2024-06-07T14:07:54.167+0000] {dagbag.py:545} INFO - Filling up the DagBag from /home/airflow/.local/lib/python3.12/site-packages/airflow/example_dags/tutorial.py
[2024-06-07T14:07:54.176+0000] {processor.py:840} INFO - DAG(s) 'tutorial' retrieved from /home/airflow/.local/lib/python3.12/site-packages/airflow/example_dags/tutorial.py
[2024-06-07T14:07:54.200+0000] {logging_mixin.py:188} INFO - [2024-06-07T14:07:54.199+0000] {dag.py:3096} INFO - Sync 1 DAGs
[2024-06-07T14:07:54.226+0000] {logging_mixin.py:188} INFO - [2024-06-07T14:07:54.226+0000] {dag.py:3954} INFO - Setting next_dagrun for tutorial to 2024-06-06 00:00:00+00:00, run_after=2024-06-07 00:00:00+00:00
[2024-06-07T14:07:54.245+0000] {processor.py:183} INFO - Processing /home/airflow/.local/lib/python3.12/site-packages/airflow/example_dags/tutorial.py took 0.090 seconds
[2024-06-07T14:08:25.209+0000] {processor.py:161} INFO - Started process (PID=856) to work on /home/airflow/.local/lib/python3.12/site-packages/airflow/example_dags/tutorial.py
[2024-06-07T14:08:25.212+0000] {processor.py:830} INFO - Processing file /home/airflow/.local/lib/python3.12/site-packages/airflow/example_dags/tutorial.py for tasks to queue
[2024-06-07T14:08:25.215+0000] {logging_mixin.py:188} INFO - [2024-06-07T14:08:25.214+0000] {dagbag.py:545} INFO - Filling up the DagBag from /home/airflow/.local/lib/python3.12/site-packages/airflow/example_dags/tutorial.py
[2024-06-07T14:08:25.223+0000] {processor.py:840} INFO - DAG(s) 'tutorial' retrieved from /home/airflow/.local/lib/python3.12/site-packages/airflow/example_dags/tutorial.py
[2024-06-07T14:08:25.251+0000] {logging_mixin.py:188} INFO - [2024-06-07T14:08:25.250+0000] {dag.py:3096} INFO - Sync 1 DAGs
[2024-06-07T14:08:25.292+0000] {logging_mixin.py:188} INFO - [2024-06-07T14:08:25.292+0000] {dag.py:3954} INFO - Setting next_dagrun for tutorial to 2024-06-06 00:00:00+00:00, run_after=2024-06-07 00:00:00+00:00
[2024-06-07T14:08:25.327+0000] {processor.py:183} INFO - Processing /home/airflow/.local/lib/python3.12/site-packages/airflow/example_dags/tutorial.py took 0.129 seconds
[2024-06-07T14:08:55.935+0000] {processor.py:161} INFO - Started process (PID=916) to work on /home/airflow/.local/lib/python3.12/site-packages/airflow/example_dags/tutorial.py
[2024-06-07T14:08:55.936+0000] {processor.py:830} INFO - Processing file /home/airflow/.local/lib/python3.12/site-packages/airflow/example_dags/tutorial.py for tasks to queue
[2024-06-07T14:08:55.938+0000] {logging_mixin.py:188} INFO - [2024-06-07T14:08:55.938+0000] {dagbag.py:545} INFO - Filling up the DagBag from /home/airflow/.local/lib/python3.12/site-packages/airflow/example_dags/tutorial.py
[2024-06-07T14:08:55.946+0000] {processor.py:840} INFO - DAG(s) 'tutorial' retrieved from /home/airflow/.local/lib/python3.12/site-packages/airflow/example_dags/tutorial.py
[2024-06-07T14:08:55.968+0000] {logging_mixin.py:188} INFO - [2024-06-07T14:08:55.967+0000] {dag.py:3096} INFO - Sync 1 DAGs
[2024-06-07T14:08:55.993+0000] {logging_mixin.py:188} INFO - [2024-06-07T14:08:55.993+0000] {dag.py:3954} INFO - Setting next_dagrun for tutorial to 2024-06-06 00:00:00+00:00, run_after=2024-06-07 00:00:00+00:00
[2024-06-07T14:08:56.014+0000] {processor.py:183} INFO - Processing /home/airflow/.local/lib/python3.12/site-packages/airflow/example_dags/tutorial.py took 0.085 seconds
[2024-06-07T14:09:26.510+0000] {processor.py:161} INFO - Started process (PID=976) to work on /home/airflow/.local/lib/python3.12/site-packages/airflow/example_dags/tutorial.py
[2024-06-07T14:09:26.511+0000] {processor.py:830} INFO - Processing file /home/airflow/.local/lib/python3.12/site-packages/airflow/example_dags/tutorial.py for tasks to queue
[2024-06-07T14:09:26.514+0000] {logging_mixin.py:188} INFO - [2024-06-07T14:09:26.514+0000] {dagbag.py:545} INFO - Filling up the DagBag from /home/airflow/.local/lib/python3.12/site-packages/airflow/example_dags/tutorial.py
[2024-06-07T14:09:26.522+0000] {processor.py:840} INFO - DAG(s) 'tutorial' retrieved from /home/airflow/.local/lib/python3.12/site-packages/airflow/example_dags/tutorial.py
[2024-06-07T14:09:26.549+0000] {logging_mixin.py:188} INFO - [2024-06-07T14:09:26.549+0000] {dag.py:3096} INFO - Sync 1 DAGs
[2024-06-07T14:09:26.580+0000] {logging_mixin.py:188} INFO - [2024-06-07T14:09:26.580+0000] {dag.py:3954} INFO - Setting next_dagrun for tutorial to 2024-06-06 00:00:00+00:00, run_after=2024-06-07 00:00:00+00:00
[2024-06-07T14:09:26.605+0000] {processor.py:183} INFO - Processing /home/airflow/.local/lib/python3.12/site-packages/airflow/example_dags/tutorial.py took 0.103 seconds
[2024-06-07T14:09:56.717+0000] {processor.py:161} INFO - Started process (PID=1038) to work on /home/airflow/.local/lib/python3.12/site-packages/airflow/example_dags/tutorial.py
[2024-06-07T14:09:56.719+0000] {processor.py:830} INFO - Processing file /home/airflow/.local/lib/python3.12/site-packages/airflow/example_dags/tutorial.py for tasks to queue
[2024-06-07T14:09:56.721+0000] {logging_mixin.py:188} INFO - [2024-06-07T14:09:56.721+0000] {dagbag.py:545} INFO - Filling up the DagBag from /home/airflow/.local/lib/python3.12/site-packages/airflow/example_dags/tutorial.py
[2024-06-07T14:09:56.729+0000] {processor.py:840} INFO - DAG(s) 'tutorial' retrieved from /home/airflow/.local/lib/python3.12/site-packages/airflow/example_dags/tutorial.py
[2024-06-07T14:09:56.760+0000] {logging_mixin.py:188} INFO - [2024-06-07T14:09:56.760+0000] {dag.py:3096} INFO - Sync 1 DAGs
[2024-06-07T14:09:56.796+0000] {logging_mixin.py:188} INFO - [2024-06-07T14:09:56.796+0000] {dag.py:3954} INFO - Setting next_dagrun for tutorial to 2024-06-06 00:00:00+00:00, run_after=2024-06-07 00:00:00+00:00
[2024-06-07T14:09:56.823+0000] {processor.py:183} INFO - Processing /home/airflow/.local/lib/python3.12/site-packages/airflow/example_dags/tutorial.py took 0.116 seconds
[2024-06-07T14:10:27.450+0000] {processor.py:161} INFO - Started process (PID=1098) to work on /home/airflow/.local/lib/python3.12/site-packages/airflow/example_dags/tutorial.py
[2024-06-07T14:10:27.451+0000] {processor.py:830} INFO - Processing file /home/airflow/.local/lib/python3.12/site-packages/airflow/example_dags/tutorial.py for tasks to queue
[2024-06-07T14:10:27.455+0000] {logging_mixin.py:188} INFO - [2024-06-07T14:10:27.454+0000] {dagbag.py:545} INFO - Filling up the DagBag from /home/airflow/.local/lib/python3.12/site-packages/airflow/example_dags/tutorial.py
[2024-06-07T14:10:27.465+0000] {processor.py:840} INFO - DAG(s) 'tutorial' retrieved from /home/airflow/.local/lib/python3.12/site-packages/airflow/example_dags/tutorial.py
[2024-06-07T14:10:27.493+0000] {logging_mixin.py:188} INFO - [2024-06-07T14:10:27.493+0000] {dag.py:3096} INFO - Sync 1 DAGs
[2024-06-07T14:10:27.530+0000] {logging_mixin.py:188} INFO - [2024-06-07T14:10:27.529+0000] {dag.py:3954} INFO - Setting next_dagrun for tutorial to 2024-06-06 00:00:00+00:00, run_after=2024-06-07 00:00:00+00:00
[2024-06-07T14:10:27.575+0000] {processor.py:183} INFO - Processing /home/airflow/.local/lib/python3.12/site-packages/airflow/example_dags/tutorial.py took 0.134 seconds
[2024-06-07T14:10:57.902+0000] {processor.py:161} INFO - Started process (PID=1158) to work on /home/airflow/.local/lib/python3.12/site-packages/airflow/example_dags/tutorial.py
[2024-06-07T14:10:57.903+0000] {processor.py:830} INFO - Processing file /home/airflow/.local/lib/python3.12/site-packages/airflow/example_dags/tutorial.py for tasks to queue
[2024-06-07T14:10:57.906+0000] {logging_mixin.py:188} INFO - [2024-06-07T14:10:57.905+0000] {dagbag.py:545} INFO - Filling up the DagBag from /home/airflow/.local/lib/python3.12/site-packages/airflow/example_dags/tutorial.py
[2024-06-07T14:10:57.915+0000] {processor.py:840} INFO - DAG(s) 'tutorial' retrieved from /home/airflow/.local/lib/python3.12/site-packages/airflow/example_dags/tutorial.py
[2024-06-07T14:10:57.940+0000] {logging_mixin.py:188} INFO - [2024-06-07T14:10:57.940+0000] {dag.py:3096} INFO - Sync 1 DAGs
[2024-06-07T14:10:57.975+0000] {logging_mixin.py:188} INFO - [2024-06-07T14:10:57.975+0000] {dag.py:3954} INFO - Setting next_dagrun for tutorial to 2024-06-06 00:00:00+00:00, run_after=2024-06-07 00:00:00+00:00
[2024-06-07T14:10:58.004+0000] {processor.py:183} INFO - Processing /home/airflow/.local/lib/python3.12/site-packages/airflow/example_dags/tutorial.py took 0.112 seconds
[2024-06-07T14:11:28.251+0000] {processor.py:161} INFO - Started process (PID=1218) to work on /home/airflow/.local/lib/python3.12/site-packages/airflow/example_dags/tutorial.py
[2024-06-07T14:11:28.253+0000] {processor.py:830} INFO - Processing file /home/airflow/.local/lib/python3.12/site-packages/airflow/example_dags/tutorial.py for tasks to queue
[2024-06-07T14:11:28.255+0000] {logging_mixin.py:188} INFO - [2024-06-07T14:11:28.255+0000] {dagbag.py:545} INFO - Filling up the DagBag from /home/airflow/.local/lib/python3.12/site-packages/airflow/example_dags/tutorial.py
[2024-06-07T14:11:28.262+0000] {processor.py:840} INFO - DAG(s) 'tutorial' retrieved from /home/airflow/.local/lib/python3.12/site-packages/airflow/example_dags/tutorial.py
[2024-06-07T14:11:28.288+0000] {logging_mixin.py:188} INFO - [2024-06-07T14:11:28.288+0000] {dag.py:3096} INFO - Sync 1 DAGs
[2024-06-07T14:11:28.316+0000] {logging_mixin.py:188} INFO - [2024-06-07T14:11:28.316+0000] {dag.py:3954} INFO - Setting next_dagrun for tutorial to 2024-06-06 00:00:00+00:00, run_after=2024-06-07 00:00:00+00:00
[2024-06-07T14:11:28.346+0000] {processor.py:183} INFO - Processing /home/airflow/.local/lib/python3.12/site-packages/airflow/example_dags/tutorial.py took 0.104 seconds
[2024-06-07T14:12:01.579+0000] {processor.py:161} INFO - Started process (PID=1278) to work on /home/airflow/.local/lib/python3.12/site-packages/airflow/example_dags/tutorial.py
[2024-06-07T14:12:01.581+0000] {processor.py:830} INFO - Processing file /home/airflow/.local/lib/python3.12/site-packages/airflow/example_dags/tutorial.py for tasks to queue
[2024-06-07T14:12:01.586+0000] {logging_mixin.py:188} INFO - [2024-06-07T14:12:01.586+0000] {dagbag.py:545} INFO - Filling up the DagBag from /home/airflow/.local/lib/python3.12/site-packages/airflow/example_dags/tutorial.py
[2024-06-07T14:12:01.595+0000] {processor.py:840} INFO - DAG(s) 'tutorial' retrieved from /home/airflow/.local/lib/python3.12/site-packages/airflow/example_dags/tutorial.py
[2024-06-07T14:12:01.640+0000] {logging_mixin.py:188} INFO - [2024-06-07T14:12:01.639+0000] {dag.py:3096} INFO - Sync 1 DAGs
[2024-06-07T14:12:01.699+0000] {logging_mixin.py:188} INFO - [2024-06-07T14:12:01.699+0000] {dag.py:3954} INFO - Setting next_dagrun for tutorial to 2024-06-06 00:00:00+00:00, run_after=2024-06-07 00:00:00+00:00
[2024-06-07T14:12:01.736+0000] {processor.py:183} INFO - Processing /home/airflow/.local/lib/python3.12/site-packages/airflow/example_dags/tutorial.py took 0.168 seconds
[2024-06-07T14:12:32.055+0000] {processor.py:161} INFO - Started process (PID=1337) to work on /home/airflow/.local/lib/python3.12/site-packages/airflow/example_dags/tutorial.py
[2024-06-07T14:12:32.056+0000] {processor.py:830} INFO - Processing file /home/airflow/.local/lib/python3.12/site-packages/airflow/example_dags/tutorial.py for tasks to queue
[2024-06-07T14:12:32.058+0000] {logging_mixin.py:188} INFO - [2024-06-07T14:12:32.058+0000] {dagbag.py:545} INFO - Filling up the DagBag from /home/airflow/.local/lib/python3.12/site-packages/airflow/example_dags/tutorial.py
[2024-06-07T14:12:32.064+0000] {processor.py:840} INFO - DAG(s) 'tutorial' retrieved from /home/airflow/.local/lib/python3.12/site-packages/airflow/example_dags/tutorial.py
[2024-06-07T14:12:32.086+0000] {logging_mixin.py:188} INFO - [2024-06-07T14:12:32.086+0000] {dag.py:3096} INFO - Sync 1 DAGs
[2024-06-07T14:12:32.111+0000] {logging_mixin.py:188} INFO - [2024-06-07T14:12:32.111+0000] {dag.py:3954} INFO - Setting next_dagrun for tutorial to 2024-06-06 00:00:00+00:00, run_after=2024-06-07 00:00:00+00:00
[2024-06-07T14:12:32.134+0000] {processor.py:183} INFO - Processing /home/airflow/.local/lib/python3.12/site-packages/airflow/example_dags/tutorial.py took 0.089 seconds
[2024-06-07T14:13:02.696+0000] {processor.py:161} INFO - Started process (PID=1396) to work on /home/airflow/.local/lib/python3.12/site-packages/airflow/example_dags/tutorial.py
[2024-06-07T14:13:02.703+0000] {processor.py:830} INFO - Processing file /home/airflow/.local/lib/python3.12/site-packages/airflow/example_dags/tutorial.py for tasks to queue
[2024-06-07T14:13:02.709+0000] {logging_mixin.py:188} INFO - [2024-06-07T14:13:02.707+0000] {dagbag.py:545} INFO - Filling up the DagBag from /home/airflow/.local/lib/python3.12/site-packages/airflow/example_dags/tutorial.py
[2024-06-07T14:13:02.727+0000] {processor.py:840} INFO - DAG(s) 'tutorial' retrieved from /home/airflow/.local/lib/python3.12/site-packages/airflow/example_dags/tutorial.py
[2024-06-07T14:13:02.784+0000] {logging_mixin.py:188} INFO - [2024-06-07T14:13:02.783+0000] {dag.py:3096} INFO - Sync 1 DAGs
[2024-06-07T14:13:02.853+0000] {logging_mixin.py:188} INFO - [2024-06-07T14:13:02.852+0000] {dag.py:3954} INFO - Setting next_dagrun for tutorial to 2024-06-06 00:00:00+00:00, run_after=2024-06-07 00:00:00+00:00
[2024-06-07T14:13:02.915+0000] {processor.py:183} INFO - Processing /home/airflow/.local/lib/python3.12/site-packages/airflow/example_dags/tutorial.py took 0.234 seconds
[2024-06-07T14:13:33.018+0000] {processor.py:161} INFO - Started process (PID=1456) to work on /home/airflow/.local/lib/python3.12/site-packages/airflow/example_dags/tutorial.py
[2024-06-07T14:13:33.019+0000] {processor.py:830} INFO - Processing file /home/airflow/.local/lib/python3.12/site-packages/airflow/example_dags/tutorial.py for tasks to queue
[2024-06-07T14:13:33.021+0000] {logging_mixin.py:188} INFO - [2024-06-07T14:13:33.021+0000] {dagbag.py:545} INFO - Filling up the DagBag from /home/airflow/.local/lib/python3.12/site-packages/airflow/example_dags/tutorial.py
[2024-06-07T14:13:33.028+0000] {processor.py:840} INFO - DAG(s) 'tutorial' retrieved from /home/airflow/.local/lib/python3.12/site-packages/airflow/example_dags/tutorial.py
[2024-06-07T14:13:33.049+0000] {logging_mixin.py:188} INFO - [2024-06-07T14:13:33.049+0000] {dag.py:3096} INFO - Sync 1 DAGs
[2024-06-07T14:13:33.075+0000] {logging_mixin.py:188} INFO - [2024-06-07T14:13:33.074+0000] {dag.py:3954} INFO - Setting next_dagrun for tutorial to 2024-06-06 00:00:00+00:00, run_after=2024-06-07 00:00:00+00:00
[2024-06-07T14:13:33.097+0000] {processor.py:183} INFO - Processing /home/airflow/.local/lib/python3.12/site-packages/airflow/example_dags/tutorial.py took 0.086 seconds
[2024-06-07T14:14:03.421+0000] {processor.py:161} INFO - Started process (PID=1516) to work on /home/airflow/.local/lib/python3.12/site-packages/airflow/example_dags/tutorial.py
[2024-06-07T14:14:03.422+0000] {processor.py:830} INFO - Processing file /home/airflow/.local/lib/python3.12/site-packages/airflow/example_dags/tutorial.py for tasks to queue
[2024-06-07T14:14:03.424+0000] {logging_mixin.py:188} INFO - [2024-06-07T14:14:03.424+0000] {dagbag.py:545} INFO - Filling up the DagBag from /home/airflow/.local/lib/python3.12/site-packages/airflow/example_dags/tutorial.py
[2024-06-07T14:14:03.430+0000] {processor.py:840} INFO - DAG(s) 'tutorial' retrieved from /home/airflow/.local/lib/python3.12/site-packages/airflow/example_dags/tutorial.py
[2024-06-07T14:14:03.450+0000] {logging_mixin.py:188} INFO - [2024-06-07T14:14:03.450+0000] {dag.py:3096} INFO - Sync 1 DAGs
[2024-06-07T14:14:03.473+0000] {logging_mixin.py:188} INFO - [2024-06-07T14:14:03.473+0000] {dag.py:3954} INFO - Setting next_dagrun for tutorial to 2024-06-06 00:00:00+00:00, run_after=2024-06-07 00:00:00+00:00
[2024-06-07T14:14:03.500+0000] {processor.py:183} INFO - Processing /home/airflow/.local/lib/python3.12/site-packages/airflow/example_dags/tutorial.py took 0.085 seconds
[2024-06-07T14:14:34.305+0000] {processor.py:161} INFO - Started process (PID=1576) to work on /home/airflow/.local/lib/python3.12/site-packages/airflow/example_dags/tutorial.py
[2024-06-07T14:14:34.307+0000] {processor.py:830} INFO - Processing file /home/airflow/.local/lib/python3.12/site-packages/airflow/example_dags/tutorial.py for tasks to queue
[2024-06-07T14:14:34.309+0000] {logging_mixin.py:188} INFO - [2024-06-07T14:14:34.309+0000] {dagbag.py:545} INFO - Filling up the DagBag from /home/airflow/.local/lib/python3.12/site-packages/airflow/example_dags/tutorial.py
[2024-06-07T14:14:34.319+0000] {processor.py:840} INFO - DAG(s) 'tutorial' retrieved from /home/airflow/.local/lib/python3.12/site-packages/airflow/example_dags/tutorial.py
[2024-06-07T14:14:34.352+0000] {logging_mixin.py:188} INFO - [2024-06-07T14:14:34.352+0000] {dag.py:3096} INFO - Sync 1 DAGs
[2024-06-07T14:14:34.385+0000] {logging_mixin.py:188} INFO - [2024-06-07T14:14:34.385+0000] {dag.py:3954} INFO - Setting next_dagrun for tutorial to 2024-06-06 00:00:00+00:00, run_after=2024-06-07 00:00:00+00:00
[2024-06-07T14:14:34.423+0000] {processor.py:183} INFO - Processing /home/airflow/.local/lib/python3.12/site-packages/airflow/example_dags/tutorial.py took 0.126 seconds
[2024-06-07T14:15:04.544+0000] {processor.py:161} INFO - Started process (PID=1635) to work on /home/airflow/.local/lib/python3.12/site-packages/airflow/example_dags/tutorial.py
[2024-06-07T14:15:04.545+0000] {processor.py:830} INFO - Processing file /home/airflow/.local/lib/python3.12/site-packages/airflow/example_dags/tutorial.py for tasks to queue
[2024-06-07T14:15:04.547+0000] {logging_mixin.py:188} INFO - [2024-06-07T14:15:04.547+0000] {dagbag.py:545} INFO - Filling up the DagBag from /home/airflow/.local/lib/python3.12/site-packages/airflow/example_dags/tutorial.py
[2024-06-07T14:15:04.553+0000] {processor.py:840} INFO - DAG(s) 'tutorial' retrieved from /home/airflow/.local/lib/python3.12/site-packages/airflow/example_dags/tutorial.py
[2024-06-07T14:15:04.574+0000] {logging_mixin.py:188} INFO - [2024-06-07T14:15:04.574+0000] {dag.py:3096} INFO - Sync 1 DAGs
[2024-06-07T14:15:04.596+0000] {logging_mixin.py:188} INFO - [2024-06-07T14:15:04.596+0000] {dag.py:3954} INFO - Setting next_dagrun for tutorial to 2024-06-06 00:00:00+00:00, run_after=2024-06-07 00:00:00+00:00
[2024-06-07T14:15:04.616+0000] {processor.py:183} INFO - Processing /home/airflow/.local/lib/python3.12/site-packages/airflow/example_dags/tutorial.py took 0.078 seconds
[2024-06-07T14:15:35.163+0000] {processor.py:161} INFO - Started process (PID=1695) to work on /home/airflow/.local/lib/python3.12/site-packages/airflow/example_dags/tutorial.py
[2024-06-07T14:15:35.164+0000] {processor.py:830} INFO - Processing file /home/airflow/.local/lib/python3.12/site-packages/airflow/example_dags/tutorial.py for tasks to queue
[2024-06-07T14:15:35.167+0000] {logging_mixin.py:188} INFO - [2024-06-07T14:15:35.166+0000] {dagbag.py:545} INFO - Filling up the DagBag from /home/airflow/.local/lib/python3.12/site-packages/airflow/example_dags/tutorial.py
[2024-06-07T14:15:35.180+0000] {processor.py:840} INFO - DAG(s) 'tutorial' retrieved from /home/airflow/.local/lib/python3.12/site-packages/airflow/example_dags/tutorial.py
[2024-06-07T14:15:35.212+0000] {logging_mixin.py:188} INFO - [2024-06-07T14:15:35.212+0000] {dag.py:3096} INFO - Sync 1 DAGs
[2024-06-07T14:15:35.245+0000] {logging_mixin.py:188} INFO - [2024-06-07T14:15:35.245+0000] {dag.py:3954} INFO - Setting next_dagrun for tutorial to 2024-06-06 00:00:00+00:00, run_after=2024-06-07 00:00:00+00:00
[2024-06-07T14:15:35.406+0000] {processor.py:183} INFO - Processing /home/airflow/.local/lib/python3.12/site-packages/airflow/example_dags/tutorial.py took 0.253 seconds
[2024-06-07T14:16:05.781+0000] {processor.py:161} INFO - Started process (PID=1753) to work on /home/airflow/.local/lib/python3.12/site-packages/airflow/example_dags/tutorial.py
[2024-06-07T14:16:05.782+0000] {processor.py:830} INFO - Processing file /home/airflow/.local/lib/python3.12/site-packages/airflow/example_dags/tutorial.py for tasks to queue
[2024-06-07T14:16:05.784+0000] {logging_mixin.py:188} INFO - [2024-06-07T14:16:05.784+0000] {dagbag.py:545} INFO - Filling up the DagBag from /home/airflow/.local/lib/python3.12/site-packages/airflow/example_dags/tutorial.py
[2024-06-07T14:16:05.793+0000] {processor.py:840} INFO - DAG(s) 'tutorial' retrieved from /home/airflow/.local/lib/python3.12/site-packages/airflow/example_dags/tutorial.py
[2024-06-07T14:16:05.825+0000] {logging_mixin.py:188} INFO - [2024-06-07T14:16:05.824+0000] {dag.py:3096} INFO - Sync 1 DAGs
[2024-06-07T14:16:05.854+0000] {logging_mixin.py:188} INFO - [2024-06-07T14:16:05.854+0000] {dag.py:3954} INFO - Setting next_dagrun for tutorial to 2024-06-06 00:00:00+00:00, run_after=2024-06-07 00:00:00+00:00
[2024-06-07T14:16:06.035+0000] {processor.py:183} INFO - Processing /home/airflow/.local/lib/python3.12/site-packages/airflow/example_dags/tutorial.py took 0.261 seconds
[2024-06-07T14:16:36.568+0000] {processor.py:161} INFO - Started process (PID=1813) to work on /home/airflow/.local/lib/python3.12/site-packages/airflow/example_dags/tutorial.py
[2024-06-07T14:16:36.570+0000] {processor.py:830} INFO - Processing file /home/airflow/.local/lib/python3.12/site-packages/airflow/example_dags/tutorial.py for tasks to queue
[2024-06-07T14:16:36.573+0000] {logging_mixin.py:188} INFO - [2024-06-07T14:16:36.572+0000] {dagbag.py:545} INFO - Filling up the DagBag from /home/airflow/.local/lib/python3.12/site-packages/airflow/example_dags/tutorial.py
[2024-06-07T14:16:36.596+0000] {processor.py:840} INFO - DAG(s) 'tutorial' retrieved from /home/airflow/.local/lib/python3.12/site-packages/airflow/example_dags/tutorial.py
[2024-06-07T14:16:36.657+0000] {logging_mixin.py:188} INFO - [2024-06-07T14:16:36.656+0000] {dag.py:3096} INFO - Sync 1 DAGs
[2024-06-07T14:16:36.745+0000] {logging_mixin.py:188} INFO - [2024-06-07T14:16:36.744+0000] {dag.py:3954} INFO - Setting next_dagrun for tutorial to 2024-06-06 00:00:00+00:00, run_after=2024-06-07 00:00:00+00:00
[2024-06-07T14:16:36.807+0000] {processor.py:183} INFO - Processing /home/airflow/.local/lib/python3.12/site-packages/airflow/example_dags/tutorial.py took 0.260 seconds
[2024-06-07T14:17:06.950+0000] {processor.py:161} INFO - Started process (PID=1873) to work on /home/airflow/.local/lib/python3.12/site-packages/airflow/example_dags/tutorial.py
[2024-06-07T14:17:06.951+0000] {processor.py:830} INFO - Processing file /home/airflow/.local/lib/python3.12/site-packages/airflow/example_dags/tutorial.py for tasks to queue
[2024-06-07T14:17:06.954+0000] {logging_mixin.py:188} INFO - [2024-06-07T14:17:06.954+0000] {dagbag.py:545} INFO - Filling up the DagBag from /home/airflow/.local/lib/python3.12/site-packages/airflow/example_dags/tutorial.py
[2024-06-07T14:17:06.962+0000] {processor.py:840} INFO - DAG(s) 'tutorial' retrieved from /home/airflow/.local/lib/python3.12/site-packages/airflow/example_dags/tutorial.py
[2024-06-07T14:17:06.987+0000] {logging_mixin.py:188} INFO - [2024-06-07T14:17:06.986+0000] {dag.py:3096} INFO - Sync 1 DAGs
[2024-06-07T14:17:07.012+0000] {logging_mixin.py:188} INFO - [2024-06-07T14:17:07.012+0000] {dag.py:3954} INFO - Setting next_dagrun for tutorial to 2024-06-06 00:00:00+00:00, run_after=2024-06-07 00:00:00+00:00
[2024-06-07T14:17:07.036+0000] {processor.py:183} INFO - Processing /home/airflow/.local/lib/python3.12/site-packages/airflow/example_dags/tutorial.py took 0.092 seconds
[2024-06-07T14:17:37.251+0000] {processor.py:161} INFO - Started process (PID=1933) to work on /home/airflow/.local/lib/python3.12/site-packages/airflow/example_dags/tutorial.py
[2024-06-07T14:17:37.252+0000] {processor.py:830} INFO - Processing file /home/airflow/.local/lib/python3.12/site-packages/airflow/example_dags/tutorial.py for tasks to queue
[2024-06-07T14:17:37.254+0000] {logging_mixin.py:188} INFO - [2024-06-07T14:17:37.254+0000] {dagbag.py:545} INFO - Filling up the DagBag from /home/airflow/.local/lib/python3.12/site-packages/airflow/example_dags/tutorial.py
[2024-06-07T14:17:37.261+0000] {processor.py:840} INFO - DAG(s) 'tutorial' retrieved from /home/airflow/.local/lib/python3.12/site-packages/airflow/example_dags/tutorial.py
[2024-06-07T14:17:37.287+0000] {logging_mixin.py:188} INFO - [2024-06-07T14:17:37.287+0000] {dag.py:3096} INFO - Sync 1 DAGs
[2024-06-07T14:17:37.312+0000] {logging_mixin.py:188} INFO - [2024-06-07T14:17:37.311+0000] {dag.py:3954} INFO - Setting next_dagrun for tutorial to 2024-06-06 00:00:00+00:00, run_after=2024-06-07 00:00:00+00:00
[2024-06-07T14:17:37.333+0000] {processor.py:183} INFO - Processing /home/airflow/.local/lib/python3.12/site-packages/airflow/example_dags/tutorial.py took 0.089 seconds
[2024-06-07T14:18:07.442+0000] {processor.py:161} INFO - Started process (PID=1993) to work on /home/airflow/.local/lib/python3.12/site-packages/airflow/example_dags/tutorial.py
[2024-06-07T14:18:07.444+0000] {processor.py:830} INFO - Processing file /home/airflow/.local/lib/python3.12/site-packages/airflow/example_dags/tutorial.py for tasks to queue
[2024-06-07T14:18:07.447+0000] {logging_mixin.py:188} INFO - [2024-06-07T14:18:07.446+0000] {dagbag.py:545} INFO - Filling up the DagBag from /home/airflow/.local/lib/python3.12/site-packages/airflow/example_dags/tutorial.py
[2024-06-07T14:18:07.454+0000] {processor.py:840} INFO - DAG(s) 'tutorial' retrieved from /home/airflow/.local/lib/python3.12/site-packages/airflow/example_dags/tutorial.py
[2024-06-07T14:18:07.478+0000] {logging_mixin.py:188} INFO - [2024-06-07T14:18:07.478+0000] {dag.py:3096} INFO - Sync 1 DAGs
[2024-06-07T14:18:07.509+0000] {logging_mixin.py:188} INFO - [2024-06-07T14:18:07.509+0000] {dag.py:3954} INFO - Setting next_dagrun for tutorial to 2024-06-06 00:00:00+00:00, run_after=2024-06-07 00:00:00+00:00
[2024-06-07T14:18:07.535+0000] {processor.py:183} INFO - Processing /home/airflow/.local/lib/python3.12/site-packages/airflow/example_dags/tutorial.py took 0.099 seconds
[2024-06-07T14:18:38.089+0000] {processor.py:161} INFO - Started process (PID=2053) to work on /home/airflow/.local/lib/python3.12/site-packages/airflow/example_dags/tutorial.py
[2024-06-07T14:18:38.094+0000] {processor.py:830} INFO - Processing file /home/airflow/.local/lib/python3.12/site-packages/airflow/example_dags/tutorial.py for tasks to queue
[2024-06-07T14:18:38.103+0000] {logging_mixin.py:188} INFO - [2024-06-07T14:18:38.102+0000] {dagbag.py:545} INFO - Filling up the DagBag from /home/airflow/.local/lib/python3.12/site-packages/airflow/example_dags/tutorial.py
[2024-06-07T14:18:38.119+0000] {processor.py:840} INFO - DAG(s) 'tutorial' retrieved from /home/airflow/.local/lib/python3.12/site-packages/airflow/example_dags/tutorial.py
[2024-06-07T14:18:38.171+0000] {logging_mixin.py:188} INFO - [2024-06-07T14:18:38.170+0000] {dag.py:3096} INFO - Sync 1 DAGs
[2024-06-07T14:18:38.241+0000] {logging_mixin.py:188} INFO - [2024-06-07T14:18:38.241+0000] {dag.py:3954} INFO - Setting next_dagrun for tutorial to 2024-06-06 00:00:00+00:00, run_after=2024-06-07 00:00:00+00:00
[2024-06-07T14:18:38.297+0000] {processor.py:183} INFO - Processing /home/airflow/.local/lib/python3.12/site-packages/airflow/example_dags/tutorial.py took 0.223 seconds
