[2024-06-05T16:31:45.239+0000] {processor.py:161} INFO - Started process (PID=31) to work on /opt/airflow/dags/pipe.py
[2024-06-05T16:31:45.240+0000] {processor.py:830} INFO - Processing file /opt/airflow/dags/pipe.py for tasks to queue
[2024-06-05T16:31:45.243+0000] {logging_mixin.py:188} INFO - [2024-06-05T16:31:45.243+0000] {dagbag.py:545} INFO - Filling up the DagBag from /opt/airflow/dags/pipe.py
[2024-06-05T16:31:47.983+0000] {processor.py:840} INFO - DAG(s) 's3_to_postgres' retrieved from /opt/airflow/dags/pipe.py
[2024-06-05T16:31:48.145+0000] {logging_mixin.py:188} INFO - [2024-06-05T16:31:48.144+0000] {dag.py:3096} INFO - Sync 1 DAGs
[2024-06-05T16:31:48.175+0000] {logging_mixin.py:188} INFO - [2024-06-05T16:31:48.175+0000] {dag.py:3954} INFO - Setting next_dagrun for s3_to_postgres to 2024-06-05 00:00:00+00:00, run_after=2024-06-06 00:00:00+00:00
[2024-06-05T16:31:48.204+0000] {processor.py:183} INFO - Processing /opt/airflow/dags/pipe.py took 2.974 seconds
[2024-06-05T16:32:17.203+0000] {processor.py:161} INFO - Started process (PID=110) to work on /opt/airflow/dags/pipe.py
[2024-06-05T16:32:17.205+0000] {processor.py:830} INFO - Processing file /opt/airflow/dags/pipe.py for tasks to queue
[2024-06-05T16:32:17.206+0000] {logging_mixin.py:188} INFO - [2024-06-05T16:32:17.206+0000] {dagbag.py:545} INFO - Filling up the DagBag from /opt/airflow/dags/pipe.py
[2024-06-05T16:32:17.752+0000] {processor.py:840} INFO - DAG(s) 's3_to_postgres' retrieved from /opt/airflow/dags/pipe.py
[2024-06-05T16:32:17.772+0000] {logging_mixin.py:188} INFO - [2024-06-05T16:32:17.771+0000] {dag.py:3096} INFO - Sync 1 DAGs
[2024-06-05T16:32:17.791+0000] {logging_mixin.py:188} INFO - [2024-06-05T16:32:17.790+0000] {dag.py:3954} INFO - Setting next_dagrun for s3_to_postgres to 2024-06-05 00:00:00+00:00, run_after=2024-06-06 00:00:00+00:00
[2024-06-05T16:32:17.810+0000] {processor.py:183} INFO - Processing /opt/airflow/dags/pipe.py took 0.613 seconds
[2024-06-05T16:32:18.386+0000] {processor.py:161} INFO - Started process (PID=127) to work on /opt/airflow/dags/pipe.py
[2024-06-05T16:32:18.388+0000] {processor.py:830} INFO - Processing file /opt/airflow/dags/pipe.py for tasks to queue
[2024-06-05T16:32:18.391+0000] {logging_mixin.py:188} INFO - [2024-06-05T16:32:18.391+0000] {dagbag.py:545} INFO - Filling up the DagBag from /opt/airflow/dags/pipe.py
[2024-06-05T16:32:19.343+0000] {processor.py:840} INFO - DAG(s) 's3_to_postgres' retrieved from /opt/airflow/dags/pipe.py
[2024-06-05T16:32:19.386+0000] {logging_mixin.py:188} INFO - [2024-06-05T16:32:19.385+0000] {dag.py:3096} INFO - Sync 1 DAGs
[2024-06-05T16:32:19.445+0000] {logging_mixin.py:188} INFO - [2024-06-05T16:32:19.444+0000] {dag.py:3954} INFO - Setting next_dagrun for s3_to_postgres to 2024-06-05 00:00:00+00:00, run_after=2024-06-06 00:00:00+00:00
[2024-06-05T16:32:19.498+0000] {processor.py:183} INFO - Processing /opt/airflow/dags/pipe.py took 1.122 seconds
[2024-06-05T16:32:48.077+0000] {processor.py:161} INFO - Started process (PID=227) to work on /opt/airflow/dags/pipe.py
[2024-06-05T16:32:48.078+0000] {processor.py:830} INFO - Processing file /opt/airflow/dags/pipe.py for tasks to queue
[2024-06-05T16:32:48.081+0000] {logging_mixin.py:188} INFO - [2024-06-05T16:32:48.080+0000] {dagbag.py:545} INFO - Filling up the DagBag from /opt/airflow/dags/pipe.py
[2024-06-05T16:32:48.797+0000] {processor.py:840} INFO - DAG(s) 's3_to_postgres' retrieved from /opt/airflow/dags/pipe.py
[2024-06-05T16:32:48.821+0000] {logging_mixin.py:188} INFO - [2024-06-05T16:32:48.821+0000] {dag.py:3096} INFO - Sync 1 DAGs
[2024-06-05T16:32:48.848+0000] {logging_mixin.py:188} INFO - [2024-06-05T16:32:48.847+0000] {dag.py:3954} INFO - Setting next_dagrun for s3_to_postgres to 2024-06-05 00:00:00+00:00, run_after=2024-06-06 00:00:00+00:00
[2024-06-05T16:32:48.870+0000] {processor.py:183} INFO - Processing /opt/airflow/dags/pipe.py took 0.802 seconds
[2024-06-05T16:32:50.086+0000] {processor.py:161} INFO - Started process (PID=247) to work on /opt/airflow/dags/pipe.py
[2024-06-05T16:32:50.087+0000] {processor.py:830} INFO - Processing file /opt/airflow/dags/pipe.py for tasks to queue
[2024-06-05T16:32:50.091+0000] {logging_mixin.py:188} INFO - [2024-06-05T16:32:50.091+0000] {dagbag.py:545} INFO - Filling up the DagBag from /opt/airflow/dags/pipe.py
[2024-06-05T16:32:51.196+0000] {processor.py:840} INFO - DAG(s) 's3_to_postgres' retrieved from /opt/airflow/dags/pipe.py
[2024-06-05T16:32:51.218+0000] {logging_mixin.py:188} INFO - [2024-06-05T16:32:51.217+0000] {dag.py:3096} INFO - Sync 1 DAGs
[2024-06-05T16:32:51.244+0000] {logging_mixin.py:188} INFO - [2024-06-05T16:32:51.244+0000] {dag.py:3954} INFO - Setting next_dagrun for s3_to_postgres to 2024-06-05 00:00:00+00:00, run_after=2024-06-06 00:00:00+00:00
[2024-06-05T16:32:51.267+0000] {processor.py:183} INFO - Processing /opt/airflow/dags/pipe.py took 1.201 seconds
[2024-06-05T16:33:18.949+0000] {processor.py:161} INFO - Started process (PID=344) to work on /opt/airflow/dags/pipe.py
[2024-06-05T16:33:18.950+0000] {processor.py:830} INFO - Processing file /opt/airflow/dags/pipe.py for tasks to queue
[2024-06-05T16:33:18.952+0000] {logging_mixin.py:188} INFO - [2024-06-05T16:33:18.952+0000] {dagbag.py:545} INFO - Filling up the DagBag from /opt/airflow/dags/pipe.py
[2024-06-05T16:33:19.592+0000] {processor.py:840} INFO - DAG(s) 's3_to_postgres' retrieved from /opt/airflow/dags/pipe.py
[2024-06-05T16:33:19.615+0000] {logging_mixin.py:188} INFO - [2024-06-05T16:33:19.614+0000] {dag.py:3096} INFO - Sync 1 DAGs
[2024-06-05T16:33:19.641+0000] {logging_mixin.py:188} INFO - [2024-06-05T16:33:19.640+0000] {dag.py:3954} INFO - Setting next_dagrun for s3_to_postgres to 2024-06-05 00:00:00+00:00, run_after=2024-06-06 00:00:00+00:00
[2024-06-05T16:33:19.660+0000] {processor.py:183} INFO - Processing /opt/airflow/dags/pipe.py took 0.720 seconds
[2024-06-05T16:33:21.476+0000] {processor.py:161} INFO - Started process (PID=366) to work on /opt/airflow/dags/pipe.py
[2024-06-05T16:33:21.477+0000] {processor.py:830} INFO - Processing file /opt/airflow/dags/pipe.py for tasks to queue
[2024-06-05T16:33:21.479+0000] {logging_mixin.py:188} INFO - [2024-06-05T16:33:21.479+0000] {dagbag.py:545} INFO - Filling up the DagBag from /opt/airflow/dags/pipe.py
[2024-06-05T16:33:22.881+0000] {processor.py:840} INFO - DAG(s) 's3_to_postgres' retrieved from /opt/airflow/dags/pipe.py
[2024-06-05T16:33:22.911+0000] {logging_mixin.py:188} INFO - [2024-06-05T16:33:22.910+0000] {dag.py:3096} INFO - Sync 1 DAGs
[2024-06-05T16:33:22.956+0000] {logging_mixin.py:188} INFO - [2024-06-05T16:33:22.955+0000] {dag.py:3954} INFO - Setting next_dagrun for s3_to_postgres to 2024-06-05 00:00:00+00:00, run_after=2024-06-06 00:00:00+00:00
[2024-06-05T16:33:22.999+0000] {processor.py:183} INFO - Processing /opt/airflow/dags/pipe.py took 1.530 seconds
[2024-06-05T16:34:57.401+0000] {processor.py:161} INFO - Started process (PID=31) to work on /opt/airflow/dags/pipe.py
[2024-06-05T16:34:57.403+0000] {processor.py:830} INFO - Processing file /opt/airflow/dags/pipe.py for tasks to queue
[2024-06-05T16:34:57.405+0000] {logging_mixin.py:188} INFO - [2024-06-05T16:34:57.405+0000] {dagbag.py:545} INFO - Filling up the DagBag from /opt/airflow/dags/pipe.py
[2024-06-05T16:35:00.053+0000] {processor.py:840} INFO - DAG(s) 's3_postgres' retrieved from /opt/airflow/dags/pipe.py
[2024-06-05T16:35:00.215+0000] {logging_mixin.py:188} INFO - [2024-06-05T16:35:00.214+0000] {override.py:1829} INFO - Created Permission View: can read on DAG:s3_postgres
[2024-06-05T16:35:00.229+0000] {logging_mixin.py:188} INFO - [2024-06-05T16:35:00.228+0000] {override.py:1829} INFO - Created Permission View: can delete on DAG:s3_postgres
[2024-06-05T16:35:00.238+0000] {logging_mixin.py:188} INFO - [2024-06-05T16:35:00.237+0000] {override.py:1829} INFO - Created Permission View: can edit on DAG:s3_postgres
[2024-06-05T16:35:00.239+0000] {logging_mixin.py:188} INFO - [2024-06-05T16:35:00.239+0000] {dag.py:3096} INFO - Sync 1 DAGs
[2024-06-05T16:35:00.252+0000] {logging_mixin.py:188} INFO - [2024-06-05T16:35:00.251+0000] {dag.py:3118} INFO - Creating ORM DAG for s3_postgres
[2024-06-05T16:35:00.267+0000] {logging_mixin.py:188} INFO - [2024-06-05T16:35:00.266+0000] {dag.py:3954} INFO - Setting next_dagrun for s3_postgres to 2024-06-04 00:00:00+00:00, run_after=2024-06-05 00:00:00+00:00
[2024-06-05T16:35:00.294+0000] {processor.py:183} INFO - Processing /opt/airflow/dags/pipe.py took 2.900 seconds
[2024-06-05T16:35:28.660+0000] {processor.py:161} INFO - Started process (PID=110) to work on /opt/airflow/dags/pipe.py
[2024-06-05T16:35:28.661+0000] {processor.py:830} INFO - Processing file /opt/airflow/dags/pipe.py for tasks to queue
[2024-06-05T16:35:28.663+0000] {logging_mixin.py:188} INFO - [2024-06-05T16:35:28.663+0000] {dagbag.py:545} INFO - Filling up the DagBag from /opt/airflow/dags/pipe.py
[2024-06-05T16:35:29.278+0000] {processor.py:840} INFO - DAG(s) 's3_postgres' retrieved from /opt/airflow/dags/pipe.py
[2024-06-05T16:35:29.300+0000] {logging_mixin.py:188} INFO - [2024-06-05T16:35:29.299+0000] {dag.py:3096} INFO - Sync 1 DAGs
[2024-06-05T16:35:29.321+0000] {logging_mixin.py:188} INFO - [2024-06-05T16:35:29.321+0000] {dag.py:3954} INFO - Setting next_dagrun for s3_postgres to 2024-06-04 00:00:00+00:00, run_after=2024-06-05 00:00:00+00:00
[2024-06-05T16:35:29.340+0000] {processor.py:183} INFO - Processing /opt/airflow/dags/pipe.py took 0.687 seconds
[2024-06-05T16:35:30.438+0000] {processor.py:161} INFO - Started process (PID=140) to work on /opt/airflow/dags/pipe.py
[2024-06-05T16:35:30.440+0000] {processor.py:830} INFO - Processing file /opt/airflow/dags/pipe.py for tasks to queue
[2024-06-05T16:35:30.442+0000] {logging_mixin.py:188} INFO - [2024-06-05T16:35:30.442+0000] {dagbag.py:545} INFO - Filling up the DagBag from /opt/airflow/dags/pipe.py
[2024-06-05T16:35:31.067+0000] {processor.py:840} INFO - DAG(s) 's3_postgres' retrieved from /opt/airflow/dags/pipe.py
[2024-06-05T16:35:31.087+0000] {logging_mixin.py:188} INFO - [2024-06-05T16:35:31.086+0000] {dag.py:3096} INFO - Sync 1 DAGs
[2024-06-05T16:35:31.111+0000] {logging_mixin.py:188} INFO - [2024-06-05T16:35:31.110+0000] {dag.py:3954} INFO - Setting next_dagrun for s3_postgres to 2024-06-04 00:00:00+00:00, run_after=2024-06-05 00:00:00+00:00
[2024-06-05T16:35:31.134+0000] {processor.py:183} INFO - Processing /opt/airflow/dags/pipe.py took 0.702 seconds
[2024-06-05T16:35:59.434+0000] {processor.py:161} INFO - Started process (PID=228) to work on /opt/airflow/dags/pipe.py
[2024-06-05T16:35:59.435+0000] {processor.py:830} INFO - Processing file /opt/airflow/dags/pipe.py for tasks to queue
[2024-06-05T16:35:59.437+0000] {logging_mixin.py:188} INFO - [2024-06-05T16:35:59.437+0000] {dagbag.py:545} INFO - Filling up the DagBag from /opt/airflow/dags/pipe.py
[2024-06-05T16:36:00.699+0000] {processor.py:840} INFO - DAG(s) 's3_postgres' retrieved from /opt/airflow/dags/pipe.py
[2024-06-05T16:36:00.749+0000] {logging_mixin.py:188} INFO - [2024-06-05T16:36:00.748+0000] {dag.py:3096} INFO - Sync 1 DAGs
[2024-06-05T16:36:00.857+0000] {logging_mixin.py:188} INFO - [2024-06-05T16:36:00.855+0000] {dag.py:3954} INFO - Setting next_dagrun for s3_postgres to 2024-06-05 00:00:00+00:00, run_after=2024-06-06 00:00:00+00:00
[2024-06-05T16:36:00.915+0000] {processor.py:183} INFO - Processing /opt/airflow/dags/pipe.py took 1.491 seconds
[2024-06-05T16:36:01.684+0000] {processor.py:161} INFO - Started process (PID=244) to work on /opt/airflow/dags/pipe.py
[2024-06-05T16:36:01.686+0000] {processor.py:830} INFO - Processing file /opt/airflow/dags/pipe.py for tasks to queue
[2024-06-05T16:36:01.699+0000] {logging_mixin.py:188} INFO - [2024-06-05T16:36:01.687+0000] {dagbag.py:545} INFO - Filling up the DagBag from /opt/airflow/dags/pipe.py
[2024-06-05T16:36:04.236+0000] {processor.py:840} INFO - DAG(s) 's3_postgres' retrieved from /opt/airflow/dags/pipe.py
[2024-06-05T16:36:04.300+0000] {logging_mixin.py:188} INFO - [2024-06-05T16:36:04.299+0000] {dag.py:3096} INFO - Sync 1 DAGs
[2024-06-05T16:36:04.421+0000] {logging_mixin.py:188} INFO - [2024-06-05T16:36:04.420+0000] {dag.py:3954} INFO - Setting next_dagrun for s3_postgres to 2024-06-05 00:00:00+00:00, run_after=2024-06-06 00:00:00+00:00
[2024-06-05T16:36:04.515+0000] {processor.py:183} INFO - Processing /opt/airflow/dags/pipe.py took 2.855 seconds
[2024-06-05T16:36:31.661+0000] {processor.py:161} INFO - Started process (PID=352) to work on /opt/airflow/dags/pipe.py
[2024-06-05T16:36:31.662+0000] {processor.py:830} INFO - Processing file /opt/airflow/dags/pipe.py for tasks to queue
[2024-06-05T16:36:31.665+0000] {logging_mixin.py:188} INFO - [2024-06-05T16:36:31.665+0000] {dagbag.py:545} INFO - Filling up the DagBag from /opt/airflow/dags/pipe.py
[2024-06-05T16:36:32.415+0000] {processor.py:840} INFO - DAG(s) 's3_postgres' retrieved from /opt/airflow/dags/pipe.py
[2024-06-05T16:36:32.436+0000] {logging_mixin.py:188} INFO - [2024-06-05T16:36:32.436+0000] {dag.py:3096} INFO - Sync 1 DAGs
[2024-06-05T16:36:32.466+0000] {logging_mixin.py:188} INFO - [2024-06-05T16:36:32.466+0000] {dag.py:3954} INFO - Setting next_dagrun for s3_postgres to 2024-06-05 00:00:00+00:00, run_after=2024-06-06 00:00:00+00:00
[2024-06-05T16:36:32.495+0000] {processor.py:183} INFO - Processing /opt/airflow/dags/pipe.py took 0.842 seconds
[2024-06-05T16:36:35.511+0000] {processor.py:161} INFO - Started process (PID=383) to work on /opt/airflow/dags/pipe.py
[2024-06-05T16:36:35.513+0000] {processor.py:830} INFO - Processing file /opt/airflow/dags/pipe.py for tasks to queue
[2024-06-05T16:36:35.517+0000] {logging_mixin.py:188} INFO - [2024-06-05T16:36:35.516+0000] {dagbag.py:545} INFO - Filling up the DagBag from /opt/airflow/dags/pipe.py
[2024-06-05T16:36:36.693+0000] {processor.py:840} INFO - DAG(s) 's3_postgres' retrieved from /opt/airflow/dags/pipe.py
[2024-06-05T16:36:36.715+0000] {logging_mixin.py:188} INFO - [2024-06-05T16:36:36.714+0000] {dag.py:3096} INFO - Sync 1 DAGs
[2024-06-05T16:36:36.751+0000] {logging_mixin.py:188} INFO - [2024-06-05T16:36:36.750+0000] {dag.py:3954} INFO - Setting next_dagrun for s3_postgres to 2024-06-05 00:00:00+00:00, run_after=2024-06-06 00:00:00+00:00
[2024-06-05T16:36:36.776+0000] {processor.py:183} INFO - Processing /opt/airflow/dags/pipe.py took 1.281 seconds
[2024-06-05T16:37:03.251+0000] {processor.py:161} INFO - Started process (PID=473) to work on /opt/airflow/dags/pipe.py
[2024-06-05T16:37:03.252+0000] {processor.py:830} INFO - Processing file /opt/airflow/dags/pipe.py for tasks to queue
[2024-06-05T16:37:03.255+0000] {logging_mixin.py:188} INFO - [2024-06-05T16:37:03.254+0000] {dagbag.py:545} INFO - Filling up the DagBag from /opt/airflow/dags/pipe.py
[2024-06-05T16:37:03.997+0000] {processor.py:840} INFO - DAG(s) 's3_postgres' retrieved from /opt/airflow/dags/pipe.py
[2024-06-05T16:37:04.014+0000] {logging_mixin.py:188} INFO - [2024-06-05T16:37:04.013+0000] {dag.py:3096} INFO - Sync 1 DAGs
[2024-06-05T16:37:04.039+0000] {logging_mixin.py:188} INFO - [2024-06-05T16:37:04.038+0000] {dag.py:3954} INFO - Setting next_dagrun for s3_postgres to 2024-06-05 00:00:00+00:00, run_after=2024-06-06 00:00:00+00:00
[2024-06-05T16:37:04.066+0000] {processor.py:183} INFO - Processing /opt/airflow/dags/pipe.py took 0.826 seconds
[2024-06-05T16:37:07.128+0000] {processor.py:161} INFO - Started process (PID=504) to work on /opt/airflow/dags/pipe.py
[2024-06-05T16:37:07.129+0000] {processor.py:830} INFO - Processing file /opt/airflow/dags/pipe.py for tasks to queue
[2024-06-05T16:37:07.131+0000] {logging_mixin.py:188} INFO - [2024-06-05T16:37:07.130+0000] {dagbag.py:545} INFO - Filling up the DagBag from /opt/airflow/dags/pipe.py
[2024-06-05T16:37:07.816+0000] {processor.py:840} INFO - DAG(s) 's3_postgres' retrieved from /opt/airflow/dags/pipe.py
[2024-06-05T16:37:07.838+0000] {logging_mixin.py:188} INFO - [2024-06-05T16:37:07.837+0000] {dag.py:3096} INFO - Sync 1 DAGs
[2024-06-05T16:37:07.866+0000] {logging_mixin.py:188} INFO - [2024-06-05T16:37:07.865+0000] {dag.py:3954} INFO - Setting next_dagrun for s3_postgres to 2024-06-05 00:00:00+00:00, run_after=2024-06-06 00:00:00+00:00
[2024-06-05T16:37:07.888+0000] {processor.py:183} INFO - Processing /opt/airflow/dags/pipe.py took 0.772 seconds
[2024-06-05T16:37:34.191+0000] {processor.py:161} INFO - Started process (PID=591) to work on /opt/airflow/dags/pipe.py
[2024-06-05T16:37:34.194+0000] {processor.py:830} INFO - Processing file /opt/airflow/dags/pipe.py for tasks to queue
[2024-06-05T16:37:34.197+0000] {logging_mixin.py:188} INFO - [2024-06-05T16:37:34.196+0000] {dagbag.py:545} INFO - Filling up the DagBag from /opt/airflow/dags/pipe.py
[2024-06-05T16:37:35.059+0000] {processor.py:840} INFO - DAG(s) 's3_postgres' retrieved from /opt/airflow/dags/pipe.py
[2024-06-05T16:37:35.085+0000] {logging_mixin.py:188} INFO - [2024-06-05T16:37:35.085+0000] {dag.py:3096} INFO - Sync 1 DAGs
[2024-06-05T16:37:35.124+0000] {logging_mixin.py:188} INFO - [2024-06-05T16:37:35.124+0000] {dag.py:3954} INFO - Setting next_dagrun for s3_postgres to 2024-06-05 00:00:00+00:00, run_after=2024-06-06 00:00:00+00:00
[2024-06-05T16:37:35.165+0000] {processor.py:183} INFO - Processing /opt/airflow/dags/pipe.py took 0.988 seconds
[2024-06-05T16:37:38.143+0000] {processor.py:161} INFO - Started process (PID=622) to work on /opt/airflow/dags/pipe.py
[2024-06-05T16:37:38.145+0000] {processor.py:830} INFO - Processing file /opt/airflow/dags/pipe.py for tasks to queue
[2024-06-05T16:37:38.147+0000] {logging_mixin.py:188} INFO - [2024-06-05T16:37:38.147+0000] {dagbag.py:545} INFO - Filling up the DagBag from /opt/airflow/dags/pipe.py
[2024-06-05T16:37:39.112+0000] {processor.py:840} INFO - DAG(s) 's3_postgres' retrieved from /opt/airflow/dags/pipe.py
[2024-06-05T16:37:39.133+0000] {logging_mixin.py:188} INFO - [2024-06-05T16:37:39.132+0000] {dag.py:3096} INFO - Sync 1 DAGs
[2024-06-05T16:37:39.155+0000] {logging_mixin.py:188} INFO - [2024-06-05T16:37:39.155+0000] {dag.py:3954} INFO - Setting next_dagrun for s3_postgres to 2024-06-05 00:00:00+00:00, run_after=2024-06-06 00:00:00+00:00
[2024-06-05T16:37:39.186+0000] {processor.py:183} INFO - Processing /opt/airflow/dags/pipe.py took 1.058 seconds
[2024-06-05T16:38:05.326+0000] {processor.py:161} INFO - Started process (PID=708) to work on /opt/airflow/dags/pipe.py
[2024-06-05T16:38:05.330+0000] {processor.py:830} INFO - Processing file /opt/airflow/dags/pipe.py for tasks to queue
[2024-06-05T16:38:05.335+0000] {logging_mixin.py:188} INFO - [2024-06-05T16:38:05.334+0000] {dagbag.py:545} INFO - Filling up the DagBag from /opt/airflow/dags/pipe.py
[2024-06-05T16:38:06.083+0000] {processor.py:840} INFO - DAG(s) 's3_postgres' retrieved from /opt/airflow/dags/pipe.py
[2024-06-05T16:38:06.100+0000] {logging_mixin.py:188} INFO - [2024-06-05T16:38:06.100+0000] {dag.py:3096} INFO - Sync 1 DAGs
[2024-06-05T16:38:06.123+0000] {logging_mixin.py:188} INFO - [2024-06-05T16:38:06.123+0000] {dag.py:3954} INFO - Setting next_dagrun for s3_postgres to 2024-06-05 00:00:00+00:00, run_after=2024-06-06 00:00:00+00:00
[2024-06-05T16:38:06.142+0000] {processor.py:183} INFO - Processing /opt/airflow/dags/pipe.py took 0.833 seconds
[2024-06-05T16:38:09.506+0000] {processor.py:161} INFO - Started process (PID=738) to work on /opt/airflow/dags/pipe.py
[2024-06-05T16:38:09.507+0000] {processor.py:830} INFO - Processing file /opt/airflow/dags/pipe.py for tasks to queue
[2024-06-05T16:38:09.509+0000] {logging_mixin.py:188} INFO - [2024-06-05T16:38:09.508+0000] {dagbag.py:545} INFO - Filling up the DagBag from /opt/airflow/dags/pipe.py
[2024-06-05T16:38:10.036+0000] {processor.py:840} INFO - DAG(s) 's3_postgres' retrieved from /opt/airflow/dags/pipe.py
[2024-06-05T16:38:10.054+0000] {logging_mixin.py:188} INFO - [2024-06-05T16:38:10.053+0000] {dag.py:3096} INFO - Sync 1 DAGs
[2024-06-05T16:38:10.074+0000] {logging_mixin.py:188} INFO - [2024-06-05T16:38:10.073+0000] {dag.py:3954} INFO - Setting next_dagrun for s3_postgres to 2024-06-05 00:00:00+00:00, run_after=2024-06-06 00:00:00+00:00
[2024-06-05T16:38:10.092+0000] {processor.py:183} INFO - Processing /opt/airflow/dags/pipe.py took 0.592 seconds
[2024-06-05T16:38:36.224+0000] {processor.py:161} INFO - Started process (PID=832) to work on /opt/airflow/dags/pipe.py
[2024-06-05T16:38:36.225+0000] {processor.py:830} INFO - Processing file /opt/airflow/dags/pipe.py for tasks to queue
[2024-06-05T16:38:36.228+0000] {logging_mixin.py:188} INFO - [2024-06-05T16:38:36.227+0000] {dagbag.py:545} INFO - Filling up the DagBag from /opt/airflow/dags/pipe.py
[2024-06-05T16:38:36.826+0000] {processor.py:840} INFO - DAG(s) 's3_postgres' retrieved from /opt/airflow/dags/pipe.py
[2024-06-05T16:38:36.845+0000] {logging_mixin.py:188} INFO - [2024-06-05T16:38:36.845+0000] {dag.py:3096} INFO - Sync 1 DAGs
[2024-06-05T16:38:36.868+0000] {logging_mixin.py:188} INFO - [2024-06-05T16:38:36.868+0000] {dag.py:3954} INFO - Setting next_dagrun for s3_postgres to 2024-06-05 00:00:00+00:00, run_after=2024-06-06 00:00:00+00:00
[2024-06-05T16:38:36.890+0000] {processor.py:183} INFO - Processing /opt/airflow/dags/pipe.py took 0.673 seconds
[2024-06-05T16:38:40.529+0000] {processor.py:161} INFO - Started process (PID=853) to work on /opt/airflow/dags/pipe.py
[2024-06-05T16:38:40.531+0000] {processor.py:830} INFO - Processing file /opt/airflow/dags/pipe.py for tasks to queue
[2024-06-05T16:38:40.532+0000] {logging_mixin.py:188} INFO - [2024-06-05T16:38:40.531+0000] {dagbag.py:545} INFO - Filling up the DagBag from /opt/airflow/dags/pipe.py
[2024-06-05T16:38:41.126+0000] {processor.py:840} INFO - DAG(s) 's3_postgres' retrieved from /opt/airflow/dags/pipe.py
[2024-06-05T16:38:41.160+0000] {logging_mixin.py:188} INFO - [2024-06-05T16:38:41.160+0000] {dag.py:3096} INFO - Sync 1 DAGs
[2024-06-05T16:38:41.190+0000] {logging_mixin.py:188} INFO - [2024-06-05T16:38:41.189+0000] {dag.py:3954} INFO - Setting next_dagrun for s3_postgres to 2024-06-05 00:00:00+00:00, run_after=2024-06-06 00:00:00+00:00
[2024-06-05T16:38:41.213+0000] {processor.py:183} INFO - Processing /opt/airflow/dags/pipe.py took 0.690 seconds
[2024-06-05T16:39:07.684+0000] {processor.py:161} INFO - Started process (PID=946) to work on /opt/airflow/dags/pipe.py
[2024-06-05T16:39:07.685+0000] {processor.py:830} INFO - Processing file /opt/airflow/dags/pipe.py for tasks to queue
[2024-06-05T16:39:07.688+0000] {logging_mixin.py:188} INFO - [2024-06-05T16:39:07.687+0000] {dagbag.py:545} INFO - Filling up the DagBag from /opt/airflow/dags/pipe.py
[2024-06-05T16:39:08.256+0000] {processor.py:840} INFO - DAG(s) 's3_postgres' retrieved from /opt/airflow/dags/pipe.py
[2024-06-05T16:39:08.275+0000] {logging_mixin.py:188} INFO - [2024-06-05T16:39:08.274+0000] {dag.py:3096} INFO - Sync 1 DAGs
[2024-06-05T16:39:08.298+0000] {logging_mixin.py:188} INFO - [2024-06-05T16:39:08.298+0000] {dag.py:3954} INFO - Setting next_dagrun for s3_postgres to 2024-06-05 00:00:00+00:00, run_after=2024-06-06 00:00:00+00:00
[2024-06-05T16:39:08.317+0000] {processor.py:183} INFO - Processing /opt/airflow/dags/pipe.py took 0.643 seconds
[2024-06-05T16:39:12.160+0000] {processor.py:161} INFO - Started process (PID=980) to work on /opt/airflow/dags/pipe.py
[2024-06-05T16:39:12.161+0000] {processor.py:830} INFO - Processing file /opt/airflow/dags/pipe.py for tasks to queue
[2024-06-05T16:39:12.162+0000] {logging_mixin.py:188} INFO - [2024-06-05T16:39:12.162+0000] {dagbag.py:545} INFO - Filling up the DagBag from /opt/airflow/dags/pipe.py
[2024-06-05T16:39:12.803+0000] {processor.py:840} INFO - DAG(s) 's3_postgres' retrieved from /opt/airflow/dags/pipe.py
[2024-06-05T16:39:12.838+0000] {logging_mixin.py:188} INFO - [2024-06-05T16:39:12.837+0000] {dag.py:3096} INFO - Sync 1 DAGs
[2024-06-05T16:39:12.899+0000] {logging_mixin.py:188} INFO - [2024-06-05T16:39:12.898+0000] {dag.py:3954} INFO - Setting next_dagrun for s3_postgres to 2024-06-05 00:00:00+00:00, run_after=2024-06-06 00:00:00+00:00
[2024-06-05T16:39:12.967+0000] {processor.py:183} INFO - Processing /opt/airflow/dags/pipe.py took 0.813 seconds
[2024-06-05T16:39:38.542+0000] {processor.py:161} INFO - Started process (PID=1060) to work on /opt/airflow/dags/pipe.py
[2024-06-05T16:39:38.544+0000] {processor.py:830} INFO - Processing file /opt/airflow/dags/pipe.py for tasks to queue
[2024-06-05T16:39:38.547+0000] {logging_mixin.py:188} INFO - [2024-06-05T16:39:38.547+0000] {dagbag.py:545} INFO - Filling up the DagBag from /opt/airflow/dags/pipe.py
[2024-06-05T16:39:39.491+0000] {processor.py:840} INFO - DAG(s) 's3_postgres' retrieved from /opt/airflow/dags/pipe.py
[2024-06-05T16:39:39.515+0000] {logging_mixin.py:188} INFO - [2024-06-05T16:39:39.514+0000] {dag.py:3096} INFO - Sync 1 DAGs
[2024-06-05T16:39:39.546+0000] {logging_mixin.py:188} INFO - [2024-06-05T16:39:39.545+0000] {dag.py:3954} INFO - Setting next_dagrun for s3_postgres to 2024-06-05 00:00:00+00:00, run_after=2024-06-06 00:00:00+00:00
[2024-06-05T16:39:39.573+0000] {processor.py:183} INFO - Processing /opt/airflow/dags/pipe.py took 1.045 seconds
[2024-06-05T16:39:43.897+0000] {processor.py:161} INFO - Started process (PID=1102) to work on /opt/airflow/dags/pipe.py
[2024-06-05T16:39:43.898+0000] {processor.py:830} INFO - Processing file /opt/airflow/dags/pipe.py for tasks to queue
[2024-06-05T16:39:43.901+0000] {logging_mixin.py:188} INFO - [2024-06-05T16:39:43.900+0000] {dagbag.py:545} INFO - Filling up the DagBag from /opt/airflow/dags/pipe.py
[2024-06-05T16:39:44.984+0000] {processor.py:840} INFO - DAG(s) 's3_postgres' retrieved from /opt/airflow/dags/pipe.py
[2024-06-05T16:39:45.009+0000] {logging_mixin.py:188} INFO - [2024-06-05T16:39:45.007+0000] {dag.py:3096} INFO - Sync 1 DAGs
[2024-06-05T16:39:45.040+0000] {logging_mixin.py:188} INFO - [2024-06-05T16:39:45.039+0000] {dag.py:3954} INFO - Setting next_dagrun for s3_postgres to 2024-06-05 00:00:00+00:00, run_after=2024-06-06 00:00:00+00:00
[2024-06-05T16:39:45.066+0000] {processor.py:183} INFO - Processing /opt/airflow/dags/pipe.py took 1.184 seconds
[2024-06-05T16:40:10.450+0000] {processor.py:161} INFO - Started process (PID=1179) to work on /opt/airflow/dags/pipe.py
[2024-06-05T16:40:10.451+0000] {processor.py:830} INFO - Processing file /opt/airflow/dags/pipe.py for tasks to queue
[2024-06-05T16:40:10.454+0000] {logging_mixin.py:188} INFO - [2024-06-05T16:40:10.454+0000] {dagbag.py:545} INFO - Filling up the DagBag from /opt/airflow/dags/pipe.py
[2024-06-05T16:40:11.690+0000] {processor.py:840} INFO - DAG(s) 's3_postgres' retrieved from /opt/airflow/dags/pipe.py
[2024-06-05T16:40:11.733+0000] {logging_mixin.py:188} INFO - [2024-06-05T16:40:11.732+0000] {dag.py:3096} INFO - Sync 1 DAGs
[2024-06-05T16:40:11.784+0000] {logging_mixin.py:188} INFO - [2024-06-05T16:40:11.783+0000] {dag.py:3954} INFO - Setting next_dagrun for s3_postgres to 2024-06-05 00:00:00+00:00, run_after=2024-06-06 00:00:00+00:00
[2024-06-05T16:40:11.822+0000] {processor.py:183} INFO - Processing /opt/airflow/dags/pipe.py took 1.382 seconds
[2024-06-05T16:40:15.289+0000] {processor.py:161} INFO - Started process (PID=1220) to work on /opt/airflow/dags/pipe.py
[2024-06-05T16:40:15.290+0000] {processor.py:830} INFO - Processing file /opt/airflow/dags/pipe.py for tasks to queue
[2024-06-05T16:40:15.292+0000] {logging_mixin.py:188} INFO - [2024-06-05T16:40:15.291+0000] {dagbag.py:545} INFO - Filling up the DagBag from /opt/airflow/dags/pipe.py
[2024-06-05T16:40:16.385+0000] {processor.py:840} INFO - DAG(s) 's3_postgres' retrieved from /opt/airflow/dags/pipe.py
[2024-06-05T16:40:16.429+0000] {logging_mixin.py:188} INFO - [2024-06-05T16:40:16.428+0000] {dag.py:3096} INFO - Sync 1 DAGs
[2024-06-05T16:40:16.478+0000] {logging_mixin.py:188} INFO - [2024-06-05T16:40:16.477+0000] {dag.py:3954} INFO - Setting next_dagrun for s3_postgres to 2024-06-05 00:00:00+00:00, run_after=2024-06-06 00:00:00+00:00
[2024-06-05T16:40:16.508+0000] {processor.py:183} INFO - Processing /opt/airflow/dags/pipe.py took 1.228 seconds
[2024-06-05T16:41:01.054+0000] {processor.py:161} INFO - Started process (PID=1264) to work on /opt/airflow/dags/pipe.py
[2024-06-05T16:41:01.126+0000] {processor.py:830} INFO - Processing file /opt/airflow/dags/pipe.py for tasks to queue
[2024-06-05T16:41:01.144+0000] {logging_mixin.py:188} INFO - [2024-06-05T16:41:01.134+0000] {dagbag.py:545} INFO - Filling up the DagBag from /opt/airflow/dags/pipe.py
[2024-06-05T16:41:04.175+0000] {processor.py:161} INFO - Started process (PID=1269) to work on /opt/airflow/dags/pipe.py
[2024-06-05T16:41:04.188+0000] {processor.py:830} INFO - Processing file /opt/airflow/dags/pipe.py for tasks to queue
[2024-06-05T16:41:04.225+0000] {logging_mixin.py:188} INFO - [2024-06-05T16:41:04.225+0000] {dagbag.py:545} INFO - Filling up the DagBag from /opt/airflow/dags/pipe.py
[2024-06-05T16:41:09.035+0000] {processor.py:840} INFO - DAG(s) 's3_postgres' retrieved from /opt/airflow/dags/pipe.py
[2024-06-05T16:41:09.090+0000] {logging_mixin.py:188} INFO - [2024-06-05T16:41:09.088+0000] {dag.py:3096} INFO - Sync 1 DAGs
[2024-06-05T16:41:09.169+0000] {processor.py:840} INFO - DAG(s) 's3_postgres' retrieved from /opt/airflow/dags/pipe.py
[2024-06-05T16:41:09.177+0000] {logging_mixin.py:188} INFO - [2024-06-05T16:41:09.177+0000] {dag.py:3954} INFO - Setting next_dagrun for s3_postgres to 2024-06-05 00:00:00+00:00, run_after=2024-06-06 00:00:00+00:00
[2024-06-05T16:41:09.229+0000] {logging_mixin.py:188} INFO - [2024-06-05T16:41:09.228+0000] {dag.py:3096} INFO - Sync 1 DAGs
[2024-06-05T16:41:09.245+0000] {processor.py:183} INFO - Processing /opt/airflow/dags/pipe.py took 8.401 seconds
[2024-06-05T16:41:09.339+0000] {logging_mixin.py:188} INFO - [2024-06-05T16:41:09.338+0000] {dag.py:3954} INFO - Setting next_dagrun for s3_postgres to 2024-06-05 00:00:00+00:00, run_after=2024-06-06 00:00:00+00:00
[2024-06-05T16:41:09.452+0000] {processor.py:183} INFO - Processing /opt/airflow/dags/pipe.py took 5.293 seconds
[2024-06-05T16:41:39.738+0000] {processor.py:161} INFO - Started process (PID=1394) to work on /opt/airflow/dags/pipe.py
[2024-06-05T16:41:39.740+0000] {processor.py:830} INFO - Processing file /opt/airflow/dags/pipe.py for tasks to queue
[2024-06-05T16:41:39.742+0000] {logging_mixin.py:188} INFO - [2024-06-05T16:41:39.741+0000] {dagbag.py:545} INFO - Filling up the DagBag from /opt/airflow/dags/pipe.py
[2024-06-05T16:41:39.975+0000] {processor.py:161} INFO - Started process (PID=1396) to work on /opt/airflow/dags/pipe.py
[2024-06-05T16:41:39.977+0000] {processor.py:830} INFO - Processing file /opt/airflow/dags/pipe.py for tasks to queue
[2024-06-05T16:41:39.981+0000] {logging_mixin.py:188} INFO - [2024-06-05T16:41:39.980+0000] {dagbag.py:545} INFO - Filling up the DagBag from /opt/airflow/dags/pipe.py
[2024-06-05T16:41:40.717+0000] {processor.py:840} INFO - DAG(s) 's3_postgres' retrieved from /opt/airflow/dags/pipe.py
[2024-06-05T16:41:40.739+0000] {logging_mixin.py:188} INFO - [2024-06-05T16:41:40.738+0000] {dag.py:3096} INFO - Sync 1 DAGs
[2024-06-05T16:41:40.765+0000] {logging_mixin.py:188} INFO - [2024-06-05T16:41:40.765+0000] {dag.py:3954} INFO - Setting next_dagrun for s3_postgres to 2024-06-05 00:00:00+00:00, run_after=2024-06-06 00:00:00+00:00
[2024-06-05T16:41:40.790+0000] {processor.py:183} INFO - Processing /opt/airflow/dags/pipe.py took 1.064 seconds
[2024-06-05T16:41:40.961+0000] {processor.py:840} INFO - DAG(s) 's3_postgres' retrieved from /opt/airflow/dags/pipe.py
[2024-06-05T16:41:40.990+0000] {logging_mixin.py:188} INFO - [2024-06-05T16:41:40.989+0000] {dag.py:3096} INFO - Sync 1 DAGs
[2024-06-05T16:41:41.022+0000] {logging_mixin.py:188} INFO - [2024-06-05T16:41:41.022+0000] {dag.py:3954} INFO - Setting next_dagrun for s3_postgres to 2024-06-05 00:00:00+00:00, run_after=2024-06-06 00:00:00+00:00
[2024-06-05T16:41:41.045+0000] {processor.py:183} INFO - Processing /opt/airflow/dags/pipe.py took 1.082 seconds
[2024-06-05T16:42:11.148+0000] {processor.py:161} INFO - Started process (PID=1510) to work on /opt/airflow/dags/pipe.py
[2024-06-05T16:42:11.150+0000] {processor.py:830} INFO - Processing file /opt/airflow/dags/pipe.py for tasks to queue
[2024-06-05T16:42:11.154+0000] {logging_mixin.py:188} INFO - [2024-06-05T16:42:11.154+0000] {dagbag.py:545} INFO - Filling up the DagBag from /opt/airflow/dags/pipe.py
[2024-06-05T16:42:11.283+0000] {processor.py:161} INFO - Started process (PID=1511) to work on /opt/airflow/dags/pipe.py
[2024-06-05T16:42:11.286+0000] {processor.py:830} INFO - Processing file /opt/airflow/dags/pipe.py for tasks to queue
[2024-06-05T16:42:11.287+0000] {logging_mixin.py:188} INFO - [2024-06-05T16:42:11.287+0000] {dagbag.py:545} INFO - Filling up the DagBag from /opt/airflow/dags/pipe.py
[2024-06-05T16:42:12.219+0000] {processor.py:840} INFO - DAG(s) 's3_postgres' retrieved from /opt/airflow/dags/pipe.py
[2024-06-05T16:42:12.247+0000] {logging_mixin.py:188} INFO - [2024-06-05T16:42:12.246+0000] {dag.py:3096} INFO - Sync 1 DAGs
[2024-06-05T16:42:12.283+0000] {logging_mixin.py:188} INFO - [2024-06-05T16:42:12.283+0000] {dag.py:3954} INFO - Setting next_dagrun for s3_postgres to 2024-06-05 00:00:00+00:00, run_after=2024-06-06 00:00:00+00:00
[2024-06-05T16:42:12.331+0000] {processor.py:183} INFO - Processing /opt/airflow/dags/pipe.py took 1.198 seconds
[2024-06-05T16:42:12.385+0000] {processor.py:840} INFO - DAG(s) 's3_postgres' retrieved from /opt/airflow/dags/pipe.py
[2024-06-05T16:42:12.425+0000] {logging_mixin.py:188} INFO - [2024-06-05T16:42:12.424+0000] {dag.py:3096} INFO - Sync 1 DAGs
[2024-06-05T16:42:12.470+0000] {logging_mixin.py:188} INFO - [2024-06-05T16:42:12.469+0000] {dag.py:3954} INFO - Setting next_dagrun for s3_postgres to 2024-06-05 00:00:00+00:00, run_after=2024-06-06 00:00:00+00:00
[2024-06-05T16:42:12.517+0000] {processor.py:183} INFO - Processing /opt/airflow/dags/pipe.py took 1.252 seconds
[2024-06-05T16:42:42.711+0000] {processor.py:161} INFO - Started process (PID=1626) to work on /opt/airflow/dags/pipe.py
[2024-06-05T16:42:42.712+0000] {processor.py:830} INFO - Processing file /opt/airflow/dags/pipe.py for tasks to queue
[2024-06-05T16:42:42.714+0000] {logging_mixin.py:188} INFO - [2024-06-05T16:42:42.713+0000] {dagbag.py:545} INFO - Filling up the DagBag from /opt/airflow/dags/pipe.py
[2024-06-05T16:42:42.928+0000] {processor.py:161} INFO - Started process (PID=1628) to work on /opt/airflow/dags/pipe.py
[2024-06-05T16:42:42.930+0000] {processor.py:830} INFO - Processing file /opt/airflow/dags/pipe.py for tasks to queue
[2024-06-05T16:42:42.933+0000] {logging_mixin.py:188} INFO - [2024-06-05T16:42:42.932+0000] {dagbag.py:545} INFO - Filling up the DagBag from /opt/airflow/dags/pipe.py
[2024-06-05T16:42:43.382+0000] {processor.py:840} INFO - DAG(s) 's3_postgres' retrieved from /opt/airflow/dags/pipe.py
[2024-06-05T16:42:43.403+0000] {logging_mixin.py:188} INFO - [2024-06-05T16:42:43.403+0000] {dag.py:3096} INFO - Sync 1 DAGs
[2024-06-05T16:42:43.430+0000] {logging_mixin.py:188} INFO - [2024-06-05T16:42:43.430+0000] {dag.py:3954} INFO - Setting next_dagrun for s3_postgres to 2024-06-05 00:00:00+00:00, run_after=2024-06-06 00:00:00+00:00
[2024-06-05T16:42:43.453+0000] {processor.py:183} INFO - Processing /opt/airflow/dags/pipe.py took 0.748 seconds
[2024-06-05T16:42:43.619+0000] {processor.py:840} INFO - DAG(s) 's3_postgres' retrieved from /opt/airflow/dags/pipe.py
[2024-06-05T16:42:43.638+0000] {logging_mixin.py:188} INFO - [2024-06-05T16:42:43.637+0000] {dag.py:3096} INFO - Sync 1 DAGs
[2024-06-05T16:42:43.659+0000] {logging_mixin.py:188} INFO - [2024-06-05T16:42:43.658+0000] {dag.py:3954} INFO - Setting next_dagrun for s3_postgres to 2024-06-05 00:00:00+00:00, run_after=2024-06-06 00:00:00+00:00
[2024-06-05T16:42:43.679+0000] {processor.py:183} INFO - Processing /opt/airflow/dags/pipe.py took 0.759 seconds
[2024-06-05T16:43:13.887+0000] {processor.py:161} INFO - Started process (PID=1741) to work on /opt/airflow/dags/pipe.py
[2024-06-05T16:43:13.888+0000] {processor.py:830} INFO - Processing file /opt/airflow/dags/pipe.py for tasks to queue
[2024-06-05T16:43:13.889+0000] {logging_mixin.py:188} INFO - [2024-06-05T16:43:13.888+0000] {dagbag.py:545} INFO - Filling up the DagBag from /opt/airflow/dags/pipe.py
[2024-06-05T16:43:14.250+0000] {processor.py:161} INFO - Started process (PID=1745) to work on /opt/airflow/dags/pipe.py
[2024-06-05T16:43:14.252+0000] {processor.py:830} INFO - Processing file /opt/airflow/dags/pipe.py for tasks to queue
[2024-06-05T16:43:14.254+0000] {logging_mixin.py:188} INFO - [2024-06-05T16:43:14.254+0000] {dagbag.py:545} INFO - Filling up the DagBag from /opt/airflow/dags/pipe.py
[2024-06-05T16:43:14.427+0000] {processor.py:840} INFO - DAG(s) 's3_postgres' retrieved from /opt/airflow/dags/pipe.py
[2024-06-05T16:43:14.446+0000] {logging_mixin.py:188} INFO - [2024-06-05T16:43:14.445+0000] {dag.py:3096} INFO - Sync 1 DAGs
[2024-06-05T16:43:14.471+0000] {logging_mixin.py:188} INFO - [2024-06-05T16:43:14.471+0000] {dag.py:3954} INFO - Setting next_dagrun for s3_postgres to 2024-06-05 00:00:00+00:00, run_after=2024-06-06 00:00:00+00:00
[2024-06-05T16:43:14.491+0000] {processor.py:183} INFO - Processing /opt/airflow/dags/pipe.py took 0.610 seconds
[2024-06-05T16:43:14.781+0000] {processor.py:840} INFO - DAG(s) 's3_postgres' retrieved from /opt/airflow/dags/pipe.py
[2024-06-05T16:43:14.797+0000] {logging_mixin.py:188} INFO - [2024-06-05T16:43:14.797+0000] {dag.py:3096} INFO - Sync 1 DAGs
[2024-06-05T16:43:14.819+0000] {logging_mixin.py:188} INFO - [2024-06-05T16:43:14.819+0000] {dag.py:3954} INFO - Setting next_dagrun for s3_postgres to 2024-06-05 00:00:00+00:00, run_after=2024-06-06 00:00:00+00:00
[2024-06-05T16:43:14.841+0000] {processor.py:183} INFO - Processing /opt/airflow/dags/pipe.py took 0.601 seconds
[2024-06-05T16:43:44.942+0000] {processor.py:161} INFO - Started process (PID=1856) to work on /opt/airflow/dags/pipe.py
[2024-06-05T16:43:44.944+0000] {processor.py:830} INFO - Processing file /opt/airflow/dags/pipe.py for tasks to queue
[2024-06-05T16:43:44.947+0000] {logging_mixin.py:188} INFO - [2024-06-05T16:43:44.946+0000] {dagbag.py:545} INFO - Filling up the DagBag from /opt/airflow/dags/pipe.py
[2024-06-05T16:45:06.426+0000] {processor.py:161} INFO - Started process (PID=31) to work on /opt/airflow/dags/pipe.py
[2024-06-05T16:45:06.430+0000] {processor.py:830} INFO - Processing file /opt/airflow/dags/pipe.py for tasks to queue
[2024-06-05T16:45:06.438+0000] {logging_mixin.py:188} INFO - [2024-06-05T16:45:06.437+0000] {dagbag.py:545} INFO - Filling up the DagBag from /opt/airflow/dags/pipe.py
[2024-06-05T16:45:11.625+0000] {processor.py:840} INFO - DAG(s) 's3_postgres' retrieved from /opt/airflow/dags/pipe.py
[2024-06-05T16:45:11.871+0000] {logging_mixin.py:188} INFO - [2024-06-05T16:45:11.870+0000] {dag.py:3096} INFO - Sync 1 DAGs
[2024-06-05T16:45:11.911+0000] {logging_mixin.py:188} INFO - [2024-06-05T16:45:11.911+0000] {dag.py:3954} INFO - Setting next_dagrun for s3_postgres to 2024-06-05 00:00:00+00:00, run_after=2024-06-06 00:00:00+00:00
[2024-06-05T16:45:11.945+0000] {processor.py:183} INFO - Processing /opt/airflow/dags/pipe.py took 5.546 seconds
[2024-06-05T16:45:43.261+0000] {processor.py:161} INFO - Started process (PID=104) to work on /opt/airflow/dags/pipe.py
[2024-06-05T16:45:43.263+0000] {processor.py:830} INFO - Processing file /opt/airflow/dags/pipe.py for tasks to queue
[2024-06-05T16:45:43.274+0000] {logging_mixin.py:188} INFO - [2024-06-05T16:45:43.273+0000] {dagbag.py:545} INFO - Filling up the DagBag from /opt/airflow/dags/pipe.py
[2024-06-05T16:45:44.880+0000] {processor.py:840} INFO - DAG(s) 's3_postgres' retrieved from /opt/airflow/dags/pipe.py
[2024-06-05T16:45:44.922+0000] {logging_mixin.py:188} INFO - [2024-06-05T16:45:44.922+0000] {dag.py:3096} INFO - Sync 1 DAGs
[2024-06-05T16:45:44.978+0000] {logging_mixin.py:188} INFO - [2024-06-05T16:45:44.977+0000] {dag.py:3954} INFO - Setting next_dagrun for s3_postgres to 2024-06-05 00:00:00+00:00, run_after=2024-06-06 00:00:00+00:00
[2024-06-05T16:45:45.014+0000] {processor.py:183} INFO - Processing /opt/airflow/dags/pipe.py took 1.783 seconds
[2024-06-05T16:46:15.296+0000] {processor.py:161} INFO - Started process (PID=165) to work on /opt/airflow/dags/pipe.py
[2024-06-05T16:46:15.298+0000] {processor.py:830} INFO - Processing file /opt/airflow/dags/pipe.py for tasks to queue
[2024-06-05T16:46:15.302+0000] {logging_mixin.py:188} INFO - [2024-06-05T16:46:15.301+0000] {dagbag.py:545} INFO - Filling up the DagBag from /opt/airflow/dags/pipe.py
[2024-06-05T16:46:16.338+0000] {processor.py:840} INFO - DAG(s) 's3_postgres' retrieved from /opt/airflow/dags/pipe.py
[2024-06-05T16:46:16.361+0000] {logging_mixin.py:188} INFO - [2024-06-05T16:46:16.360+0000] {dag.py:3096} INFO - Sync 1 DAGs
[2024-06-05T16:46:16.388+0000] {logging_mixin.py:188} INFO - [2024-06-05T16:46:16.388+0000] {dag.py:3954} INFO - Setting next_dagrun for s3_postgres to 2024-06-05 00:00:00+00:00, run_after=2024-06-06 00:00:00+00:00
[2024-06-05T16:46:16.413+0000] {processor.py:183} INFO - Processing /opt/airflow/dags/pipe.py took 1.138 seconds
[2024-06-05T16:46:46.707+0000] {processor.py:161} INFO - Started process (PID=226) to work on /opt/airflow/dags/pipe.py
[2024-06-05T16:46:46.711+0000] {processor.py:830} INFO - Processing file /opt/airflow/dags/pipe.py for tasks to queue
[2024-06-05T16:46:46.714+0000] {logging_mixin.py:188} INFO - [2024-06-05T16:46:46.714+0000] {dagbag.py:545} INFO - Filling up the DagBag from /opt/airflow/dags/pipe.py
[2024-06-05T16:46:47.498+0000] {processor.py:840} INFO - DAG(s) 's3_postgres' retrieved from /opt/airflow/dags/pipe.py
[2024-06-05T16:46:47.524+0000] {logging_mixin.py:188} INFO - [2024-06-05T16:46:47.523+0000] {dag.py:3096} INFO - Sync 1 DAGs
[2024-06-05T16:46:47.558+0000] {logging_mixin.py:188} INFO - [2024-06-05T16:46:47.557+0000] {dag.py:3954} INFO - Setting next_dagrun for s3_postgres to 2024-06-05 00:00:00+00:00, run_after=2024-06-06 00:00:00+00:00
[2024-06-05T16:46:47.605+0000] {processor.py:183} INFO - Processing /opt/airflow/dags/pipe.py took 0.909 seconds
[2024-06-05T16:47:17.792+0000] {processor.py:161} INFO - Started process (PID=290) to work on /opt/airflow/dags/pipe.py
[2024-06-05T16:47:17.793+0000] {processor.py:830} INFO - Processing file /opt/airflow/dags/pipe.py for tasks to queue
[2024-06-05T16:47:17.797+0000] {logging_mixin.py:188} INFO - [2024-06-05T16:47:17.796+0000] {dagbag.py:545} INFO - Filling up the DagBag from /opt/airflow/dags/pipe.py
[2024-06-05T16:47:18.479+0000] {processor.py:840} INFO - DAG(s) 's3_postgres' retrieved from /opt/airflow/dags/pipe.py
[2024-06-05T16:47:18.497+0000] {logging_mixin.py:188} INFO - [2024-06-05T16:47:18.496+0000] {dag.py:3096} INFO - Sync 1 DAGs
[2024-06-05T16:47:18.517+0000] {logging_mixin.py:188} INFO - [2024-06-05T16:47:18.517+0000] {dag.py:3954} INFO - Setting next_dagrun for s3_postgres to 2024-06-05 00:00:00+00:00, run_after=2024-06-06 00:00:00+00:00
[2024-06-05T16:47:18.534+0000] {processor.py:183} INFO - Processing /opt/airflow/dags/pipe.py took 0.750 seconds
[2024-06-05T16:47:48.736+0000] {processor.py:161} INFO - Started process (PID=351) to work on /opt/airflow/dags/pipe.py
[2024-06-05T16:47:48.737+0000] {processor.py:830} INFO - Processing file /opt/airflow/dags/pipe.py for tasks to queue
[2024-06-05T16:47:48.740+0000] {logging_mixin.py:188} INFO - [2024-06-05T16:47:48.739+0000] {dagbag.py:545} INFO - Filling up the DagBag from /opt/airflow/dags/pipe.py
[2024-06-05T16:47:49.269+0000] {processor.py:840} INFO - DAG(s) 's3_postgres' retrieved from /opt/airflow/dags/pipe.py
[2024-06-05T16:47:49.286+0000] {logging_mixin.py:188} INFO - [2024-06-05T16:47:49.285+0000] {dag.py:3096} INFO - Sync 1 DAGs
[2024-06-05T16:47:49.305+0000] {logging_mixin.py:188} INFO - [2024-06-05T16:47:49.305+0000] {dag.py:3954} INFO - Setting next_dagrun for s3_postgres to 2024-06-05 00:00:00+00:00, run_after=2024-06-06 00:00:00+00:00
[2024-06-05T16:47:49.333+0000] {processor.py:183} INFO - Processing /opt/airflow/dags/pipe.py took 0.603 seconds
[2024-06-05T16:48:19.989+0000] {processor.py:161} INFO - Started process (PID=412) to work on /opt/airflow/dags/pipe.py
[2024-06-05T16:48:19.990+0000] {processor.py:830} INFO - Processing file /opt/airflow/dags/pipe.py for tasks to queue
[2024-06-05T16:48:19.992+0000] {logging_mixin.py:188} INFO - [2024-06-05T16:48:19.992+0000] {dagbag.py:545} INFO - Filling up the DagBag from /opt/airflow/dags/pipe.py
[2024-06-05T16:48:20.543+0000] {processor.py:840} INFO - DAG(s) 's3_postgres' retrieved from /opt/airflow/dags/pipe.py
[2024-06-05T16:48:20.562+0000] {logging_mixin.py:188} INFO - [2024-06-05T16:48:20.561+0000] {dag.py:3096} INFO - Sync 1 DAGs
[2024-06-05T16:48:20.586+0000] {logging_mixin.py:188} INFO - [2024-06-05T16:48:20.586+0000] {dag.py:3954} INFO - Setting next_dagrun for s3_postgres to 2024-06-05 00:00:00+00:00, run_after=2024-06-06 00:00:00+00:00
[2024-06-05T16:48:20.607+0000] {processor.py:183} INFO - Processing /opt/airflow/dags/pipe.py took 0.625 seconds
[2024-06-05T16:48:39.589+0000] {processor.py:161} INFO - Started process (PID=458) to work on /opt/airflow/dags/pipe.py
[2024-06-05T16:48:39.590+0000] {processor.py:830} INFO - Processing file /opt/airflow/dags/pipe.py for tasks to queue
[2024-06-05T16:48:39.593+0000] {logging_mixin.py:188} INFO - [2024-06-05T16:48:39.592+0000] {dagbag.py:545} INFO - Filling up the DagBag from /opt/airflow/dags/pipe.py
[2024-06-05T16:48:40.608+0000] {processor.py:840} INFO - DAG(s) 's3_postgres' retrieved from /opt/airflow/dags/pipe.py
[2024-06-05T16:48:40.663+0000] {logging_mixin.py:188} INFO - [2024-06-05T16:48:40.661+0000] {dag.py:3096} INFO - Sync 1 DAGs
[2024-06-05T16:48:40.712+0000] {logging_mixin.py:188} INFO - [2024-06-05T16:48:40.712+0000] {dag.py:3954} INFO - Setting next_dagrun for s3_postgres to 2024-06-05 00:00:00+00:00, run_after=2024-06-06 00:00:00+00:00
[2024-06-05T16:48:40.770+0000] {processor.py:183} INFO - Processing /opt/airflow/dags/pipe.py took 1.188 seconds
[2024-06-05T16:49:56.414+0000] {processor.py:161} INFO - Started process (PID=30) to work on /opt/airflow/dags/pipe.py
[2024-06-05T16:49:56.416+0000] {processor.py:830} INFO - Processing file /opt/airflow/dags/pipe.py for tasks to queue
[2024-06-05T16:49:56.421+0000] {logging_mixin.py:188} INFO - [2024-06-05T16:49:56.421+0000] {dagbag.py:545} INFO - Filling up the DagBag from /opt/airflow/dags/pipe.py
[2024-06-05T16:50:01.882+0000] {processor.py:840} INFO - DAG(s) 's3_postgres' retrieved from /opt/airflow/dags/pipe.py
[2024-06-05T16:50:02.230+0000] {logging_mixin.py:188} INFO - [2024-06-05T16:50:02.229+0000] {dag.py:3096} INFO - Sync 1 DAGs
[2024-06-05T16:50:02.308+0000] {logging_mixin.py:188} INFO - [2024-06-05T16:50:02.307+0000] {dag.py:3954} INFO - Setting next_dagrun for s3_postgres to 2024-06-05 00:00:00+00:00, run_after=2024-06-06 00:00:00+00:00
[2024-06-05T16:50:02.380+0000] {processor.py:183} INFO - Processing /opt/airflow/dags/pipe.py took 5.981 seconds
[2024-06-05T16:50:32.829+0000] {processor.py:161} INFO - Started process (PID=102) to work on /opt/airflow/dags/pipe.py
[2024-06-05T16:50:32.831+0000] {processor.py:830} INFO - Processing file /opt/airflow/dags/pipe.py for tasks to queue
[2024-06-05T16:50:32.835+0000] {logging_mixin.py:188} INFO - [2024-06-05T16:50:32.835+0000] {dagbag.py:545} INFO - Filling up the DagBag from /opt/airflow/dags/pipe.py
[2024-06-05T16:50:33.569+0000] {processor.py:840} INFO - DAG(s) 's3_postgres' retrieved from /opt/airflow/dags/pipe.py
[2024-06-05T16:50:33.595+0000] {logging_mixin.py:188} INFO - [2024-06-05T16:50:33.594+0000] {dag.py:3096} INFO - Sync 1 DAGs
[2024-06-05T16:50:33.623+0000] {logging_mixin.py:188} INFO - [2024-06-05T16:50:33.623+0000] {dag.py:3954} INFO - Setting next_dagrun for s3_postgres to 2024-06-05 00:00:00+00:00, run_after=2024-06-06 00:00:00+00:00
[2024-06-05T16:50:33.646+0000] {processor.py:183} INFO - Processing /opt/airflow/dags/pipe.py took 0.826 seconds
[2024-06-05T16:51:03.877+0000] {processor.py:161} INFO - Started process (PID=166) to work on /opt/airflow/dags/pipe.py
[2024-06-05T16:51:03.879+0000] {processor.py:830} INFO - Processing file /opt/airflow/dags/pipe.py for tasks to queue
[2024-06-05T16:51:03.882+0000] {logging_mixin.py:188} INFO - [2024-06-05T16:51:03.881+0000] {dagbag.py:545} INFO - Filling up the DagBag from /opt/airflow/dags/pipe.py
[2024-06-05T16:51:04.702+0000] {processor.py:840} INFO - DAG(s) 's3_postgres' retrieved from /opt/airflow/dags/pipe.py
[2024-06-05T16:51:04.722+0000] {logging_mixin.py:188} INFO - [2024-06-05T16:51:04.721+0000] {dag.py:3096} INFO - Sync 1 DAGs
[2024-06-05T16:51:04.747+0000] {logging_mixin.py:188} INFO - [2024-06-05T16:51:04.747+0000] {dag.py:3954} INFO - Setting next_dagrun for s3_postgres to 2024-06-05 00:00:00+00:00, run_after=2024-06-06 00:00:00+00:00
[2024-06-05T16:51:04.771+0000] {processor.py:183} INFO - Processing /opt/airflow/dags/pipe.py took 0.901 seconds
[2024-06-05T16:51:33.321+0000] {processor.py:161} INFO - Started process (PID=225) to work on /opt/airflow/dags/pipe.py
[2024-06-05T16:51:33.322+0000] {processor.py:830} INFO - Processing file /opt/airflow/dags/pipe.py for tasks to queue
[2024-06-05T16:51:33.324+0000] {logging_mixin.py:188} INFO - [2024-06-05T16:51:33.324+0000] {dagbag.py:545} INFO - Filling up the DagBag from /opt/airflow/dags/pipe.py
[2024-06-05T16:51:33.944+0000] {processor.py:840} INFO - DAG(s) 's3_postgres' retrieved from /opt/airflow/dags/pipe.py
[2024-06-05T16:51:33.983+0000] {logging_mixin.py:188} INFO - [2024-06-05T16:51:33.981+0000] {dag.py:3096} INFO - Sync 1 DAGs
[2024-06-05T16:51:34.008+0000] {logging_mixin.py:188} INFO - [2024-06-05T16:51:34.008+0000] {dag.py:3954} INFO - Setting next_dagrun for s3_postgres to 2024-06-05 00:00:00+00:00, run_after=2024-06-06 00:00:00+00:00
[2024-06-05T16:51:34.040+0000] {processor.py:183} INFO - Processing /opt/airflow/dags/pipe.py took 0.726 seconds
[2024-06-05T16:52:04.624+0000] {processor.py:161} INFO - Started process (PID=286) to work on /opt/airflow/dags/pipe.py
[2024-06-05T16:52:04.625+0000] {processor.py:830} INFO - Processing file /opt/airflow/dags/pipe.py for tasks to queue
[2024-06-05T16:52:04.627+0000] {logging_mixin.py:188} INFO - [2024-06-05T16:52:04.627+0000] {dagbag.py:545} INFO - Filling up the DagBag from /opt/airflow/dags/pipe.py
[2024-06-05T16:52:05.212+0000] {processor.py:840} INFO - DAG(s) 's3_postgres' retrieved from /opt/airflow/dags/pipe.py
[2024-06-05T16:52:05.229+0000] {logging_mixin.py:188} INFO - [2024-06-05T16:52:05.228+0000] {dag.py:3096} INFO - Sync 1 DAGs
[2024-06-05T16:52:05.247+0000] {logging_mixin.py:188} INFO - [2024-06-05T16:52:05.247+0000] {dag.py:3954} INFO - Setting next_dagrun for s3_postgres to 2024-06-05 00:00:00+00:00, run_after=2024-06-06 00:00:00+00:00
[2024-06-05T16:52:05.266+0000] {processor.py:183} INFO - Processing /opt/airflow/dags/pipe.py took 0.650 seconds
[2024-06-05T16:52:35.507+0000] {processor.py:161} INFO - Started process (PID=349) to work on /opt/airflow/dags/pipe.py
[2024-06-05T16:52:35.509+0000] {processor.py:830} INFO - Processing file /opt/airflow/dags/pipe.py for tasks to queue
[2024-06-05T16:52:35.513+0000] {logging_mixin.py:188} INFO - [2024-06-05T16:52:35.513+0000] {dagbag.py:545} INFO - Filling up the DagBag from /opt/airflow/dags/pipe.py
[2024-06-05T16:52:36.219+0000] {processor.py:840} INFO - DAG(s) 's3_postgres' retrieved from /opt/airflow/dags/pipe.py
[2024-06-05T16:52:36.237+0000] {logging_mixin.py:188} INFO - [2024-06-05T16:52:36.237+0000] {dag.py:3096} INFO - Sync 1 DAGs
[2024-06-05T16:52:36.259+0000] {logging_mixin.py:188} INFO - [2024-06-05T16:52:36.259+0000] {dag.py:3954} INFO - Setting next_dagrun for s3_postgres to 2024-06-05 00:00:00+00:00, run_after=2024-06-06 00:00:00+00:00
[2024-06-05T16:52:36.284+0000] {processor.py:183} INFO - Processing /opt/airflow/dags/pipe.py took 0.791 seconds
[2024-06-05T16:53:06.768+0000] {processor.py:161} INFO - Started process (PID=409) to work on /opt/airflow/dags/pipe.py
[2024-06-05T16:53:06.769+0000] {processor.py:830} INFO - Processing file /opt/airflow/dags/pipe.py for tasks to queue
[2024-06-05T16:53:06.771+0000] {logging_mixin.py:188} INFO - [2024-06-05T16:53:06.770+0000] {dagbag.py:545} INFO - Filling up the DagBag from /opt/airflow/dags/pipe.py
[2024-06-05T16:53:07.263+0000] {processor.py:840} INFO - DAG(s) 's3_postgres' retrieved from /opt/airflow/dags/pipe.py
[2024-06-05T16:53:07.280+0000] {logging_mixin.py:188} INFO - [2024-06-05T16:53:07.279+0000] {dag.py:3096} INFO - Sync 1 DAGs
[2024-06-05T16:53:07.298+0000] {logging_mixin.py:188} INFO - [2024-06-05T16:53:07.298+0000] {dag.py:3954} INFO - Setting next_dagrun for s3_postgres to 2024-06-05 00:00:00+00:00, run_after=2024-06-06 00:00:00+00:00
[2024-06-05T16:53:07.315+0000] {processor.py:183} INFO - Processing /opt/airflow/dags/pipe.py took 0.554 seconds
[2024-06-05T16:53:38.306+0000] {processor.py:161} INFO - Started process (PID=470) to work on /opt/airflow/dags/pipe.py
[2024-06-05T16:53:38.308+0000] {processor.py:830} INFO - Processing file /opt/airflow/dags/pipe.py for tasks to queue
[2024-06-05T16:53:38.311+0000] {logging_mixin.py:188} INFO - [2024-06-05T16:53:38.310+0000] {dagbag.py:545} INFO - Filling up the DagBag from /opt/airflow/dags/pipe.py
[2024-06-05T16:53:38.863+0000] {processor.py:840} INFO - DAG(s) 's3_postgres' retrieved from /opt/airflow/dags/pipe.py
[2024-06-05T16:53:38.882+0000] {logging_mixin.py:188} INFO - [2024-06-05T16:53:38.881+0000] {dag.py:3096} INFO - Sync 1 DAGs
[2024-06-05T16:53:38.901+0000] {logging_mixin.py:188} INFO - [2024-06-05T16:53:38.900+0000] {dag.py:3954} INFO - Setting next_dagrun for s3_postgres to 2024-06-05 00:00:00+00:00, run_after=2024-06-06 00:00:00+00:00
[2024-06-05T16:53:38.920+0000] {processor.py:183} INFO - Processing /opt/airflow/dags/pipe.py took 0.624 seconds
[2024-06-05T16:54:09.009+0000] {processor.py:161} INFO - Started process (PID=533) to work on /opt/airflow/dags/pipe.py
[2024-06-05T16:54:09.010+0000] {processor.py:830} INFO - Processing file /opt/airflow/dags/pipe.py for tasks to queue
[2024-06-05T16:54:09.012+0000] {logging_mixin.py:188} INFO - [2024-06-05T16:54:09.012+0000] {dagbag.py:545} INFO - Filling up the DagBag from /opt/airflow/dags/pipe.py
[2024-06-05T16:54:09.547+0000] {processor.py:840} INFO - DAG(s) 's3_postgres' retrieved from /opt/airflow/dags/pipe.py
[2024-06-05T16:54:09.562+0000] {logging_mixin.py:188} INFO - [2024-06-05T16:54:09.562+0000] {dag.py:3096} INFO - Sync 1 DAGs
[2024-06-05T16:54:09.580+0000] {logging_mixin.py:188} INFO - [2024-06-05T16:54:09.580+0000] {dag.py:3954} INFO - Setting next_dagrun for s3_postgres to 2024-06-05 00:00:00+00:00, run_after=2024-06-06 00:00:00+00:00
[2024-06-05T16:54:09.599+0000] {processor.py:183} INFO - Processing /opt/airflow/dags/pipe.py took 0.599 seconds
[2024-06-05T16:54:40.487+0000] {processor.py:161} INFO - Started process (PID=593) to work on /opt/airflow/dags/pipe.py
[2024-06-05T16:54:40.488+0000] {processor.py:830} INFO - Processing file /opt/airflow/dags/pipe.py for tasks to queue
[2024-06-05T16:54:40.490+0000] {logging_mixin.py:188} INFO - [2024-06-05T16:54:40.490+0000] {dagbag.py:545} INFO - Filling up the DagBag from /opt/airflow/dags/pipe.py
[2024-06-05T16:54:40.989+0000] {processor.py:840} INFO - DAG(s) 's3_postgres' retrieved from /opt/airflow/dags/pipe.py
[2024-06-05T16:54:41.005+0000] {logging_mixin.py:188} INFO - [2024-06-05T16:54:41.005+0000] {dag.py:3096} INFO - Sync 1 DAGs
[2024-06-05T16:54:41.031+0000] {logging_mixin.py:188} INFO - [2024-06-05T16:54:41.031+0000] {dag.py:3954} INFO - Setting next_dagrun for s3_postgres to 2024-06-05 00:00:00+00:00, run_after=2024-06-06 00:00:00+00:00
[2024-06-05T16:54:41.056+0000] {processor.py:183} INFO - Processing /opt/airflow/dags/pipe.py took 0.575 seconds
[2024-06-05T16:55:11.959+0000] {processor.py:161} INFO - Started process (PID=654) to work on /opt/airflow/dags/pipe.py
[2024-06-05T16:55:11.960+0000] {processor.py:830} INFO - Processing file /opt/airflow/dags/pipe.py for tasks to queue
[2024-06-05T16:55:11.962+0000] {logging_mixin.py:188} INFO - [2024-06-05T16:55:11.962+0000] {dagbag.py:545} INFO - Filling up the DagBag from /opt/airflow/dags/pipe.py
[2024-06-05T16:55:12.515+0000] {processor.py:840} INFO - DAG(s) 's3_postgres' retrieved from /opt/airflow/dags/pipe.py
[2024-06-05T16:55:12.531+0000] {logging_mixin.py:188} INFO - [2024-06-05T16:55:12.530+0000] {dag.py:3096} INFO - Sync 1 DAGs
[2024-06-05T16:55:12.549+0000] {logging_mixin.py:188} INFO - [2024-06-05T16:55:12.549+0000] {dag.py:3954} INFO - Setting next_dagrun for s3_postgres to 2024-06-05 00:00:00+00:00, run_after=2024-06-06 00:00:00+00:00
[2024-06-05T16:55:12.567+0000] {processor.py:183} INFO - Processing /opt/airflow/dags/pipe.py took 0.615 seconds
[2024-06-05T16:55:42.661+0000] {processor.py:161} INFO - Started process (PID=718) to work on /opt/airflow/dags/pipe.py
[2024-06-05T16:55:42.662+0000] {processor.py:830} INFO - Processing file /opt/airflow/dags/pipe.py for tasks to queue
[2024-06-05T16:55:42.664+0000] {logging_mixin.py:188} INFO - [2024-06-05T16:55:42.663+0000] {dagbag.py:545} INFO - Filling up the DagBag from /opt/airflow/dags/pipe.py
[2024-06-05T16:55:43.186+0000] {processor.py:840} INFO - DAG(s) 's3_postgres' retrieved from /opt/airflow/dags/pipe.py
[2024-06-05T16:55:43.203+0000] {logging_mixin.py:188} INFO - [2024-06-05T16:55:43.202+0000] {dag.py:3096} INFO - Sync 1 DAGs
[2024-06-05T16:55:43.221+0000] {logging_mixin.py:188} INFO - [2024-06-05T16:55:43.221+0000] {dag.py:3954} INFO - Setting next_dagrun for s3_postgres to 2024-06-05 00:00:00+00:00, run_after=2024-06-06 00:00:00+00:00
[2024-06-05T16:55:43.241+0000] {processor.py:183} INFO - Processing /opt/airflow/dags/pipe.py took 0.587 seconds
[2024-06-05T16:56:14.002+0000] {processor.py:161} INFO - Started process (PID=780) to work on /opt/airflow/dags/pipe.py
[2024-06-05T16:56:14.003+0000] {processor.py:830} INFO - Processing file /opt/airflow/dags/pipe.py for tasks to queue
[2024-06-05T16:56:14.006+0000] {logging_mixin.py:188} INFO - [2024-06-05T16:56:14.005+0000] {dagbag.py:545} INFO - Filling up the DagBag from /opt/airflow/dags/pipe.py
[2024-06-05T16:56:14.627+0000] {processor.py:840} INFO - DAG(s) 's3_postgres' retrieved from /opt/airflow/dags/pipe.py
[2024-06-05T16:56:14.644+0000] {logging_mixin.py:188} INFO - [2024-06-05T16:56:14.643+0000] {dag.py:3096} INFO - Sync 1 DAGs
[2024-06-05T16:56:14.661+0000] {logging_mixin.py:188} INFO - [2024-06-05T16:56:14.661+0000] {dag.py:3954} INFO - Setting next_dagrun for s3_postgres to 2024-06-05 00:00:00+00:00, run_after=2024-06-06 00:00:00+00:00
[2024-06-05T16:56:14.681+0000] {processor.py:183} INFO - Processing /opt/airflow/dags/pipe.py took 0.688 seconds
[2024-06-05T16:56:45.414+0000] {processor.py:161} INFO - Started process (PID=842) to work on /opt/airflow/dags/pipe.py
[2024-06-05T16:56:45.415+0000] {processor.py:830} INFO - Processing file /opt/airflow/dags/pipe.py for tasks to queue
[2024-06-05T16:56:45.418+0000] {logging_mixin.py:188} INFO - [2024-06-05T16:56:45.417+0000] {dagbag.py:545} INFO - Filling up the DagBag from /opt/airflow/dags/pipe.py
[2024-06-05T16:56:45.985+0000] {processor.py:840} INFO - DAG(s) 's3_postgres' retrieved from /opt/airflow/dags/pipe.py
[2024-06-05T16:56:46.001+0000] {logging_mixin.py:188} INFO - [2024-06-05T16:56:46.000+0000] {dag.py:3096} INFO - Sync 1 DAGs
[2024-06-05T16:56:46.018+0000] {logging_mixin.py:188} INFO - [2024-06-05T16:56:46.018+0000] {dag.py:3954} INFO - Setting next_dagrun for s3_postgres to 2024-06-05 00:00:00+00:00, run_after=2024-06-06 00:00:00+00:00
[2024-06-05T16:56:46.039+0000] {processor.py:183} INFO - Processing /opt/airflow/dags/pipe.py took 0.631 seconds
[2024-06-05T16:57:16.087+0000] {processor.py:161} INFO - Started process (PID=905) to work on /opt/airflow/dags/pipe.py
[2024-06-05T16:57:16.088+0000] {processor.py:830} INFO - Processing file /opt/airflow/dags/pipe.py for tasks to queue
[2024-06-05T16:57:16.090+0000] {logging_mixin.py:188} INFO - [2024-06-05T16:57:16.090+0000] {dagbag.py:545} INFO - Filling up the DagBag from /opt/airflow/dags/pipe.py
[2024-06-05T16:57:16.631+0000] {processor.py:840} INFO - DAG(s) 's3_postgres' retrieved from /opt/airflow/dags/pipe.py
[2024-06-05T16:57:16.647+0000] {logging_mixin.py:188} INFO - [2024-06-05T16:57:16.647+0000] {dag.py:3096} INFO - Sync 1 DAGs
[2024-06-05T16:57:16.665+0000] {logging_mixin.py:188} INFO - [2024-06-05T16:57:16.665+0000] {dag.py:3954} INFO - Setting next_dagrun for s3_postgres to 2024-06-05 00:00:00+00:00, run_after=2024-06-06 00:00:00+00:00
[2024-06-05T16:57:16.682+0000] {processor.py:183} INFO - Processing /opt/airflow/dags/pipe.py took 0.603 seconds
[2024-06-05T16:57:47.469+0000] {processor.py:161} INFO - Started process (PID=967) to work on /opt/airflow/dags/pipe.py
[2024-06-05T16:57:47.470+0000] {processor.py:830} INFO - Processing file /opt/airflow/dags/pipe.py for tasks to queue
[2024-06-05T16:57:47.472+0000] {logging_mixin.py:188} INFO - [2024-06-05T16:57:47.472+0000] {dagbag.py:545} INFO - Filling up the DagBag from /opt/airflow/dags/pipe.py
[2024-06-05T16:57:48.000+0000] {processor.py:840} INFO - DAG(s) 's3_postgres' retrieved from /opt/airflow/dags/pipe.py
[2024-06-05T16:57:48.017+0000] {logging_mixin.py:188} INFO - [2024-06-05T16:57:48.016+0000] {dag.py:3096} INFO - Sync 1 DAGs
[2024-06-05T16:57:48.035+0000] {logging_mixin.py:188} INFO - [2024-06-05T16:57:48.035+0000] {dag.py:3954} INFO - Setting next_dagrun for s3_postgres to 2024-06-05 00:00:00+00:00, run_after=2024-06-06 00:00:00+00:00
[2024-06-05T16:57:48.054+0000] {processor.py:183} INFO - Processing /opt/airflow/dags/pipe.py took 0.590 seconds
[2024-06-05T16:58:18.777+0000] {processor.py:161} INFO - Started process (PID=1028) to work on /opt/airflow/dags/pipe.py
[2024-06-05T16:58:18.778+0000] {processor.py:830} INFO - Processing file /opt/airflow/dags/pipe.py for tasks to queue
[2024-06-05T16:58:18.780+0000] {logging_mixin.py:188} INFO - [2024-06-05T16:58:18.779+0000] {dagbag.py:545} INFO - Filling up the DagBag from /opt/airflow/dags/pipe.py
[2024-06-05T16:58:19.301+0000] {processor.py:840} INFO - DAG(s) 's3_postgres' retrieved from /opt/airflow/dags/pipe.py
[2024-06-05T16:58:19.317+0000] {logging_mixin.py:188} INFO - [2024-06-05T16:58:19.317+0000] {dag.py:3096} INFO - Sync 1 DAGs
[2024-06-05T16:58:19.337+0000] {logging_mixin.py:188} INFO - [2024-06-05T16:58:19.336+0000] {dag.py:3954} INFO - Setting next_dagrun for s3_postgres to 2024-06-05 00:00:00+00:00, run_after=2024-06-06 00:00:00+00:00
[2024-06-05T16:58:19.352+0000] {processor.py:183} INFO - Processing /opt/airflow/dags/pipe.py took 0.581 seconds
[2024-06-05T16:58:49.472+0000] {processor.py:161} INFO - Started process (PID=1093) to work on /opt/airflow/dags/pipe.py
[2024-06-05T16:58:49.473+0000] {processor.py:830} INFO - Processing file /opt/airflow/dags/pipe.py for tasks to queue
[2024-06-05T16:58:49.474+0000] {logging_mixin.py:188} INFO - [2024-06-05T16:58:49.474+0000] {dagbag.py:545} INFO - Filling up the DagBag from /opt/airflow/dags/pipe.py
[2024-06-05T16:58:49.997+0000] {processor.py:840} INFO - DAG(s) 's3_postgres' retrieved from /opt/airflow/dags/pipe.py
[2024-06-05T16:58:50.014+0000] {logging_mixin.py:188} INFO - [2024-06-05T16:58:50.014+0000] {dag.py:3096} INFO - Sync 1 DAGs
[2024-06-05T16:58:50.034+0000] {logging_mixin.py:188} INFO - [2024-06-05T16:58:50.034+0000] {dag.py:3954} INFO - Setting next_dagrun for s3_postgres to 2024-06-05 00:00:00+00:00, run_after=2024-06-06 00:00:00+00:00
[2024-06-05T16:58:50.053+0000] {processor.py:183} INFO - Processing /opt/airflow/dags/pipe.py took 0.587 seconds
[2024-06-05T16:59:20.276+0000] {processor.py:161} INFO - Started process (PID=1155) to work on /opt/airflow/dags/pipe.py
[2024-06-05T16:59:20.277+0000] {processor.py:830} INFO - Processing file /opt/airflow/dags/pipe.py for tasks to queue
[2024-06-05T16:59:20.279+0000] {logging_mixin.py:188} INFO - [2024-06-05T16:59:20.278+0000] {dagbag.py:545} INFO - Filling up the DagBag from /opt/airflow/dags/pipe.py
[2024-06-05T16:59:20.833+0000] {processor.py:840} INFO - DAG(s) 's3_postgres' retrieved from /opt/airflow/dags/pipe.py
[2024-06-05T16:59:20.850+0000] {logging_mixin.py:188} INFO - [2024-06-05T16:59:20.850+0000] {dag.py:3096} INFO - Sync 1 DAGs
[2024-06-05T16:59:20.869+0000] {logging_mixin.py:188} INFO - [2024-06-05T16:59:20.869+0000] {dag.py:3954} INFO - Setting next_dagrun for s3_postgres to 2024-06-05 00:00:00+00:00, run_after=2024-06-06 00:00:00+00:00
[2024-06-05T16:59:20.888+0000] {processor.py:183} INFO - Processing /opt/airflow/dags/pipe.py took 0.618 seconds
[2024-06-05T16:59:50.965+0000] {processor.py:161} INFO - Started process (PID=1219) to work on /opt/airflow/dags/pipe.py
[2024-06-05T16:59:50.966+0000] {processor.py:830} INFO - Processing file /opt/airflow/dags/pipe.py for tasks to queue
[2024-06-05T16:59:50.969+0000] {logging_mixin.py:188} INFO - [2024-06-05T16:59:50.968+0000] {dagbag.py:545} INFO - Filling up the DagBag from /opt/airflow/dags/pipe.py
[2024-06-05T16:59:51.664+0000] {processor.py:840} INFO - DAG(s) 's3_postgres' retrieved from /opt/airflow/dags/pipe.py
[2024-06-05T16:59:51.698+0000] {logging_mixin.py:188} INFO - [2024-06-05T16:59:51.697+0000] {dag.py:3096} INFO - Sync 1 DAGs
[2024-06-05T16:59:51.749+0000] {logging_mixin.py:188} INFO - [2024-06-05T16:59:51.748+0000] {dag.py:3954} INFO - Setting next_dagrun for s3_postgres to 2024-06-05 00:00:00+00:00, run_after=2024-06-06 00:00:00+00:00
[2024-06-05T16:59:51.786+0000] {processor.py:183} INFO - Processing /opt/airflow/dags/pipe.py took 0.828 seconds
[2024-06-05T17:00:22.335+0000] {processor.py:161} INFO - Started process (PID=1279) to work on /opt/airflow/dags/pipe.py
[2024-06-05T17:00:22.336+0000] {processor.py:830} INFO - Processing file /opt/airflow/dags/pipe.py for tasks to queue
[2024-06-05T17:00:22.338+0000] {logging_mixin.py:188} INFO - [2024-06-05T17:00:22.337+0000] {dagbag.py:545} INFO - Filling up the DagBag from /opt/airflow/dags/pipe.py
[2024-06-05T17:00:22.900+0000] {processor.py:840} INFO - DAG(s) 's3_postgres' retrieved from /opt/airflow/dags/pipe.py
[2024-06-05T17:00:22.921+0000] {logging_mixin.py:188} INFO - [2024-06-05T17:00:22.920+0000] {dag.py:3096} INFO - Sync 1 DAGs
[2024-06-05T17:00:22.948+0000] {logging_mixin.py:188} INFO - [2024-06-05T17:00:22.947+0000] {dag.py:3954} INFO - Setting next_dagrun for s3_postgres to 2024-06-05 00:00:00+00:00, run_after=2024-06-06 00:00:00+00:00
[2024-06-05T17:00:22.969+0000] {processor.py:183} INFO - Processing /opt/airflow/dags/pipe.py took 0.641 seconds
[2024-06-05T17:00:53.056+0000] {processor.py:161} INFO - Started process (PID=1344) to work on /opt/airflow/dags/pipe.py
[2024-06-05T17:00:53.057+0000] {processor.py:830} INFO - Processing file /opt/airflow/dags/pipe.py for tasks to queue
[2024-06-05T17:00:53.059+0000] {logging_mixin.py:188} INFO - [2024-06-05T17:00:53.059+0000] {dagbag.py:545} INFO - Filling up the DagBag from /opt/airflow/dags/pipe.py
[2024-06-05T17:00:53.569+0000] {processor.py:840} INFO - DAG(s) 's3_postgres' retrieved from /opt/airflow/dags/pipe.py
[2024-06-05T17:00:53.586+0000] {logging_mixin.py:188} INFO - [2024-06-05T17:00:53.586+0000] {dag.py:3096} INFO - Sync 1 DAGs
[2024-06-05T17:00:53.606+0000] {logging_mixin.py:188} INFO - [2024-06-05T17:00:53.606+0000] {dag.py:3954} INFO - Setting next_dagrun for s3_postgres to 2024-06-05 00:00:00+00:00, run_after=2024-06-06 00:00:00+00:00
[2024-06-05T17:00:53.623+0000] {processor.py:183} INFO - Processing /opt/airflow/dags/pipe.py took 0.574 seconds
[2024-06-05T17:01:23.730+0000] {processor.py:161} INFO - Started process (PID=1410) to work on /opt/airflow/dags/pipe.py
[2024-06-05T17:01:23.731+0000] {processor.py:830} INFO - Processing file /opt/airflow/dags/pipe.py for tasks to queue
[2024-06-05T17:01:23.734+0000] {logging_mixin.py:188} INFO - [2024-06-05T17:01:23.733+0000] {dagbag.py:545} INFO - Filling up the DagBag from /opt/airflow/dags/pipe.py
[2024-06-05T17:01:24.236+0000] {processor.py:840} INFO - DAG(s) 's3_postgres' retrieved from /opt/airflow/dags/pipe.py
[2024-06-05T17:01:24.252+0000] {logging_mixin.py:188} INFO - [2024-06-05T17:01:24.252+0000] {dag.py:3096} INFO - Sync 1 DAGs
[2024-06-05T17:01:24.271+0000] {logging_mixin.py:188} INFO - [2024-06-05T17:01:24.271+0000] {dag.py:3954} INFO - Setting next_dagrun for s3_postgres to 2024-06-05 00:00:00+00:00, run_after=2024-06-06 00:00:00+00:00
[2024-06-05T17:01:24.289+0000] {processor.py:183} INFO - Processing /opt/airflow/dags/pipe.py took 0.566 seconds
[2024-06-05T17:01:54.763+0000] {processor.py:161} INFO - Started process (PID=1470) to work on /opt/airflow/dags/pipe.py
[2024-06-05T17:01:54.764+0000] {processor.py:830} INFO - Processing file /opt/airflow/dags/pipe.py for tasks to queue
[2024-06-05T17:01:54.768+0000] {logging_mixin.py:188} INFO - [2024-06-05T17:01:54.767+0000] {dagbag.py:545} INFO - Filling up the DagBag from /opt/airflow/dags/pipe.py
[2024-06-05T17:01:55.361+0000] {processor.py:840} INFO - DAG(s) 's3_postgres' retrieved from /opt/airflow/dags/pipe.py
[2024-06-05T17:01:55.378+0000] {logging_mixin.py:188} INFO - [2024-06-05T17:01:55.377+0000] {dag.py:3096} INFO - Sync 1 DAGs
[2024-06-05T17:01:55.403+0000] {logging_mixin.py:188} INFO - [2024-06-05T17:01:55.402+0000] {dag.py:3954} INFO - Setting next_dagrun for s3_postgres to 2024-06-05 00:00:00+00:00, run_after=2024-06-06 00:00:00+00:00
[2024-06-05T17:01:55.420+0000] {processor.py:183} INFO - Processing /opt/airflow/dags/pipe.py took 0.666 seconds
[2024-06-05T17:02:25.638+0000] {processor.py:161} INFO - Started process (PID=1530) to work on /opt/airflow/dags/pipe.py
[2024-06-05T17:02:25.640+0000] {processor.py:830} INFO - Processing file /opt/airflow/dags/pipe.py for tasks to queue
[2024-06-05T17:02:25.643+0000] {logging_mixin.py:188} INFO - [2024-06-05T17:02:25.642+0000] {dagbag.py:545} INFO - Filling up the DagBag from /opt/airflow/dags/pipe.py
[2024-06-05T17:02:26.248+0000] {processor.py:840} INFO - DAG(s) 's3_postgres' retrieved from /opt/airflow/dags/pipe.py
[2024-06-05T17:02:26.269+0000] {logging_mixin.py:188} INFO - [2024-06-05T17:02:26.268+0000] {dag.py:3096} INFO - Sync 1 DAGs
[2024-06-05T17:02:26.293+0000] {logging_mixin.py:188} INFO - [2024-06-05T17:02:26.293+0000] {dag.py:3954} INFO - Setting next_dagrun for s3_postgres to 2024-06-05 00:00:00+00:00, run_after=2024-06-06 00:00:00+00:00
[2024-06-05T17:02:26.316+0000] {processor.py:183} INFO - Processing /opt/airflow/dags/pipe.py took 0.687 seconds
[2024-06-05T17:02:56.909+0000] {processor.py:161} INFO - Started process (PID=1590) to work on /opt/airflow/dags/pipe.py
[2024-06-05T17:02:56.910+0000] {processor.py:830} INFO - Processing file /opt/airflow/dags/pipe.py for tasks to queue
[2024-06-05T17:02:56.912+0000] {logging_mixin.py:188} INFO - [2024-06-05T17:02:56.911+0000] {dagbag.py:545} INFO - Filling up the DagBag from /opt/airflow/dags/pipe.py
[2024-06-05T17:02:57.399+0000] {processor.py:840} INFO - DAG(s) 's3_postgres' retrieved from /opt/airflow/dags/pipe.py
[2024-06-05T17:02:57.415+0000] {logging_mixin.py:188} INFO - [2024-06-05T17:02:57.415+0000] {dag.py:3096} INFO - Sync 1 DAGs
[2024-06-05T17:02:57.434+0000] {logging_mixin.py:188} INFO - [2024-06-05T17:02:57.433+0000] {dag.py:3954} INFO - Setting next_dagrun for s3_postgres to 2024-06-05 00:00:00+00:00, run_after=2024-06-06 00:00:00+00:00
[2024-06-05T17:02:57.451+0000] {processor.py:183} INFO - Processing /opt/airflow/dags/pipe.py took 0.549 seconds
[2024-06-05T17:03:28.364+0000] {processor.py:161} INFO - Started process (PID=1650) to work on /opt/airflow/dags/pipe.py
[2024-06-05T17:03:28.366+0000] {processor.py:830} INFO - Processing file /opt/airflow/dags/pipe.py for tasks to queue
[2024-06-05T17:03:28.368+0000] {logging_mixin.py:188} INFO - [2024-06-05T17:03:28.368+0000] {dagbag.py:545} INFO - Filling up the DagBag from /opt/airflow/dags/pipe.py
[2024-06-05T17:03:28.981+0000] {processor.py:840} INFO - DAG(s) 's3_postgres' retrieved from /opt/airflow/dags/pipe.py
[2024-06-05T17:03:28.996+0000] {logging_mixin.py:188} INFO - [2024-06-05T17:03:28.995+0000] {dag.py:3096} INFO - Sync 1 DAGs
[2024-06-05T17:03:29.014+0000] {logging_mixin.py:188} INFO - [2024-06-05T17:03:29.014+0000] {dag.py:3954} INFO - Setting next_dagrun for s3_postgres to 2024-06-05 00:00:00+00:00, run_after=2024-06-06 00:00:00+00:00
[2024-06-05T17:03:29.032+0000] {processor.py:183} INFO - Processing /opt/airflow/dags/pipe.py took 0.675 seconds
[2024-06-05T17:03:59.698+0000] {processor.py:161} INFO - Started process (PID=1710) to work on /opt/airflow/dags/pipe.py
[2024-06-05T17:03:59.699+0000] {processor.py:830} INFO - Processing file /opt/airflow/dags/pipe.py for tasks to queue
[2024-06-05T17:03:59.701+0000] {logging_mixin.py:188} INFO - [2024-06-05T17:03:59.701+0000] {dagbag.py:545} INFO - Filling up the DagBag from /opt/airflow/dags/pipe.py
[2024-06-05T17:04:00.222+0000] {processor.py:840} INFO - DAG(s) 's3_postgres' retrieved from /opt/airflow/dags/pipe.py
[2024-06-05T17:04:00.237+0000] {logging_mixin.py:188} INFO - [2024-06-05T17:04:00.236+0000] {dag.py:3096} INFO - Sync 1 DAGs
[2024-06-05T17:04:00.255+0000] {logging_mixin.py:188} INFO - [2024-06-05T17:04:00.255+0000] {dag.py:3954} INFO - Setting next_dagrun for s3_postgres to 2024-06-05 00:00:00+00:00, run_after=2024-06-06 00:00:00+00:00
[2024-06-05T17:04:00.272+0000] {processor.py:183} INFO - Processing /opt/airflow/dags/pipe.py took 0.580 seconds
[2024-06-05T17:04:31.025+0000] {processor.py:161} INFO - Started process (PID=1770) to work on /opt/airflow/dags/pipe.py
[2024-06-05T17:04:31.026+0000] {processor.py:830} INFO - Processing file /opt/airflow/dags/pipe.py for tasks to queue
[2024-06-05T17:04:31.028+0000] {logging_mixin.py:188} INFO - [2024-06-05T17:04:31.028+0000] {dagbag.py:545} INFO - Filling up the DagBag from /opt/airflow/dags/pipe.py
[2024-06-05T17:04:31.535+0000] {processor.py:840} INFO - DAG(s) 's3_postgres' retrieved from /opt/airflow/dags/pipe.py
[2024-06-05T17:04:31.551+0000] {logging_mixin.py:188} INFO - [2024-06-05T17:04:31.551+0000] {dag.py:3096} INFO - Sync 1 DAGs
[2024-06-05T17:04:31.573+0000] {logging_mixin.py:188} INFO - [2024-06-05T17:04:31.572+0000] {dag.py:3954} INFO - Setting next_dagrun for s3_postgres to 2024-06-05 00:00:00+00:00, run_after=2024-06-06 00:00:00+00:00
[2024-06-05T17:04:31.591+0000] {processor.py:183} INFO - Processing /opt/airflow/dags/pipe.py took 0.572 seconds
[2024-06-05T17:05:01.708+0000] {processor.py:161} INFO - Started process (PID=1830) to work on /opt/airflow/dags/pipe.py
[2024-06-05T17:05:01.709+0000] {processor.py:830} INFO - Processing file /opt/airflow/dags/pipe.py for tasks to queue
[2024-06-05T17:05:01.711+0000] {logging_mixin.py:188} INFO - [2024-06-05T17:05:01.711+0000] {dagbag.py:545} INFO - Filling up the DagBag from /opt/airflow/dags/pipe.py
[2024-06-05T17:05:02.354+0000] {processor.py:840} INFO - DAG(s) 's3_postgres' retrieved from /opt/airflow/dags/pipe.py
[2024-06-05T17:05:02.375+0000] {logging_mixin.py:188} INFO - [2024-06-05T17:05:02.375+0000] {dag.py:3096} INFO - Sync 1 DAGs
[2024-06-05T17:05:02.402+0000] {logging_mixin.py:188} INFO - [2024-06-05T17:05:02.402+0000] {dag.py:3954} INFO - Setting next_dagrun for s3_postgres to 2024-06-05 00:00:00+00:00, run_after=2024-06-06 00:00:00+00:00
[2024-06-05T17:05:02.428+0000] {processor.py:183} INFO - Processing /opt/airflow/dags/pipe.py took 0.726 seconds
[2024-06-05T17:05:33.114+0000] {processor.py:161} INFO - Started process (PID=1896) to work on /opt/airflow/dags/pipe.py
[2024-06-05T17:05:33.115+0000] {processor.py:830} INFO - Processing file /opt/airflow/dags/pipe.py for tasks to queue
[2024-06-05T17:05:33.117+0000] {logging_mixin.py:188} INFO - [2024-06-05T17:05:33.117+0000] {dagbag.py:545} INFO - Filling up the DagBag from /opt/airflow/dags/pipe.py
[2024-06-05T17:05:33.656+0000] {processor.py:840} INFO - DAG(s) 's3_postgres' retrieved from /opt/airflow/dags/pipe.py
[2024-06-05T17:05:33.672+0000] {logging_mixin.py:188} INFO - [2024-06-05T17:05:33.671+0000] {dag.py:3096} INFO - Sync 1 DAGs
[2024-06-05T17:05:33.693+0000] {logging_mixin.py:188} INFO - [2024-06-05T17:05:33.693+0000] {dag.py:3954} INFO - Setting next_dagrun for s3_postgres to 2024-06-05 00:00:00+00:00, run_after=2024-06-06 00:00:00+00:00
[2024-06-05T17:05:33.714+0000] {processor.py:183} INFO - Processing /opt/airflow/dags/pipe.py took 0.606 seconds
[2024-06-05T17:06:03.910+0000] {processor.py:161} INFO - Started process (PID=1956) to work on /opt/airflow/dags/pipe.py
[2024-06-05T17:06:03.911+0000] {processor.py:830} INFO - Processing file /opt/airflow/dags/pipe.py for tasks to queue
[2024-06-05T17:06:03.913+0000] {logging_mixin.py:188} INFO - [2024-06-05T17:06:03.913+0000] {dagbag.py:545} INFO - Filling up the DagBag from /opt/airflow/dags/pipe.py
[2024-06-05T17:06:04.279+0000] {processor.py:840} INFO - DAG(s) 's3_postgres' retrieved from /opt/airflow/dags/pipe.py
[2024-06-05T17:06:04.297+0000] {logging_mixin.py:188} INFO - [2024-06-05T17:06:04.297+0000] {dag.py:3096} INFO - Sync 1 DAGs
[2024-06-05T17:06:04.317+0000] {logging_mixin.py:188} INFO - [2024-06-05T17:06:04.317+0000] {dag.py:3954} INFO - Setting next_dagrun for s3_postgres to 2024-06-05 00:00:00+00:00, run_after=2024-06-06 00:00:00+00:00
[2024-06-05T17:06:04.334+0000] {processor.py:183} INFO - Processing /opt/airflow/dags/pipe.py took 0.430 seconds
[2024-06-05T17:06:34.700+0000] {processor.py:161} INFO - Started process (PID=2016) to work on /opt/airflow/dags/pipe.py
[2024-06-05T17:06:34.701+0000] {processor.py:830} INFO - Processing file /opt/airflow/dags/pipe.py for tasks to queue
[2024-06-05T17:06:34.703+0000] {logging_mixin.py:188} INFO - [2024-06-05T17:06:34.703+0000] {dagbag.py:545} INFO - Filling up the DagBag from /opt/airflow/dags/pipe.py
[2024-06-05T17:06:35.071+0000] {processor.py:840} INFO - DAG(s) 's3_postgres' retrieved from /opt/airflow/dags/pipe.py
[2024-06-05T17:06:35.089+0000] {logging_mixin.py:188} INFO - [2024-06-05T17:06:35.089+0000] {dag.py:3096} INFO - Sync 1 DAGs
[2024-06-05T17:06:35.111+0000] {logging_mixin.py:188} INFO - [2024-06-05T17:06:35.111+0000] {dag.py:3954} INFO - Setting next_dagrun for s3_postgres to 2024-06-05 00:00:00+00:00, run_after=2024-06-06 00:00:00+00:00
[2024-06-05T17:06:35.129+0000] {processor.py:183} INFO - Processing /opt/airflow/dags/pipe.py took 0.435 seconds
[2024-06-05T17:07:06.179+0000] {processor.py:161} INFO - Started process (PID=2076) to work on /opt/airflow/dags/pipe.py
[2024-06-05T17:07:06.182+0000] {processor.py:830} INFO - Processing file /opt/airflow/dags/pipe.py for tasks to queue
[2024-06-05T17:07:06.188+0000] {logging_mixin.py:188} INFO - [2024-06-05T17:07:06.187+0000] {dagbag.py:545} INFO - Filling up the DagBag from /opt/airflow/dags/pipe.py
[2024-06-05T17:07:06.744+0000] {processor.py:840} INFO - DAG(s) 's3_postgres' retrieved from /opt/airflow/dags/pipe.py
[2024-06-05T17:07:06.764+0000] {logging_mixin.py:188} INFO - [2024-06-05T17:07:06.764+0000] {dag.py:3096} INFO - Sync 1 DAGs
[2024-06-05T17:07:06.790+0000] {logging_mixin.py:188} INFO - [2024-06-05T17:07:06.790+0000] {dag.py:3954} INFO - Setting next_dagrun for s3_postgres to 2024-06-05 00:00:00+00:00, run_after=2024-06-06 00:00:00+00:00
[2024-06-05T17:07:06.813+0000] {processor.py:183} INFO - Processing /opt/airflow/dags/pipe.py took 0.645 seconds
[2024-06-05T17:07:36.360+0000] {processor.py:161} INFO - Started process (PID=2136) to work on /opt/airflow/dags/pipe.py
[2024-06-05T17:07:36.361+0000] {processor.py:830} INFO - Processing file /opt/airflow/dags/pipe.py for tasks to queue
[2024-06-05T17:07:36.363+0000] {logging_mixin.py:188} INFO - [2024-06-05T17:07:36.362+0000] {dagbag.py:545} INFO - Filling up the DagBag from /opt/airflow/dags/pipe.py
[2024-06-05T17:07:36.758+0000] {logging_mixin.py:188} INFO - [2024-06-05T17:07:36.752+0000] {dagbag.py:355} ERROR - Failed to import: /opt/airflow/dags/pipe.py
Traceback (most recent call last):
  File "/home/airflow/.local/lib/python3.12/site-packages/airflow/models/dagbag.py", line 351, in parse
    loader.exec_module(new_module)
  File "<frozen importlib._bootstrap_external>", line 995, in exec_module
  File "<frozen importlib._bootstrap>", line 488, in _call_with_frames_removed
  File "/opt/airflow/dags/pipe.py", line 159, in <module>
    download_and_insert_task >> create_table_task >> fetch_recent_data_task
    ^^^^^^^^^^^^^^^^^^^^^^^^
NameError: name 'download_and_insert_task' is not defined. Did you mean: 'download_and_insert_data'?
[2024-06-05T17:07:36.762+0000] {processor.py:842} WARNING - No viable dags retrieved from /opt/airflow/dags/pipe.py
[2024-06-05T17:07:36.782+0000] {processor.py:183} INFO - Processing /opt/airflow/dags/pipe.py took 0.429 seconds
[2024-06-05T17:08:07.532+0000] {processor.py:161} INFO - Started process (PID=2196) to work on /opt/airflow/dags/pipe.py
[2024-06-05T17:08:07.533+0000] {processor.py:830} INFO - Processing file /opt/airflow/dags/pipe.py for tasks to queue
[2024-06-05T17:08:07.535+0000] {logging_mixin.py:188} INFO - [2024-06-05T17:08:07.535+0000] {dagbag.py:545} INFO - Filling up the DagBag from /opt/airflow/dags/pipe.py
[2024-06-05T17:08:07.941+0000] {logging_mixin.py:188} INFO - [2024-06-05T17:08:07.933+0000] {dagbag.py:355} ERROR - Failed to import: /opt/airflow/dags/pipe.py
Traceback (most recent call last):
  File "/home/airflow/.local/lib/python3.12/site-packages/airflow/models/dagbag.py", line 351, in parse
    loader.exec_module(new_module)
  File "<frozen importlib._bootstrap_external>", line 995, in exec_module
  File "<frozen importlib._bootstrap>", line 488, in _call_with_frames_removed
  File "/opt/airflow/dags/pipe.py", line 159, in <module>
    download_and_insert_task >> create_table_task >> fetch_recent_data_task
    ^^^^^^^^^^^^^^^^^^^^^^^^
NameError: name 'download_and_insert_task' is not defined. Did you mean: 'download_and_insert_data'?
[2024-06-05T17:08:07.945+0000] {processor.py:842} WARNING - No viable dags retrieved from /opt/airflow/dags/pipe.py
[2024-06-05T17:08:07.976+0000] {processor.py:183} INFO - Processing /opt/airflow/dags/pipe.py took 0.450 seconds
[2024-06-05T17:08:23.163+0000] {processor.py:161} INFO - Started process (PID=2222) to work on /opt/airflow/dags/pipe.py
[2024-06-05T17:08:23.164+0000] {processor.py:830} INFO - Processing file /opt/airflow/dags/pipe.py for tasks to queue
[2024-06-05T17:08:23.166+0000] {logging_mixin.py:188} INFO - [2024-06-05T17:08:23.166+0000] {dagbag.py:545} INFO - Filling up the DagBag from /opt/airflow/dags/pipe.py
[2024-06-05T17:08:23.573+0000] {processor.py:840} INFO - DAG(s) 's3_postgres' retrieved from /opt/airflow/dags/pipe.py
[2024-06-05T17:08:23.592+0000] {logging_mixin.py:188} INFO - [2024-06-05T17:08:23.592+0000] {dag.py:3096} INFO - Sync 1 DAGs
[2024-06-05T17:08:23.614+0000] {logging_mixin.py:188} INFO - [2024-06-05T17:08:23.614+0000] {dag.py:3954} INFO - Setting next_dagrun for s3_postgres to 2024-06-05 00:00:00+00:00, run_after=2024-06-06 00:00:00+00:00
[2024-06-05T17:08:23.644+0000] {processor.py:183} INFO - Processing /opt/airflow/dags/pipe.py took 0.490 seconds
[2024-06-05T17:08:26.589+0000] {processor.py:161} INFO - Started process (PID=2229) to work on /opt/airflow/dags/pipe.py
[2024-06-05T17:08:26.590+0000] {processor.py:830} INFO - Processing file /opt/airflow/dags/pipe.py for tasks to queue
[2024-06-05T17:08:26.594+0000] {logging_mixin.py:188} INFO - [2024-06-05T17:08:26.593+0000] {dagbag.py:545} INFO - Filling up the DagBag from /opt/airflow/dags/pipe.py
[2024-06-05T17:08:27.234+0000] {processor.py:840} INFO - DAG(s) 's3_postgres' retrieved from /opt/airflow/dags/pipe.py
[2024-06-05T17:08:27.258+0000] {logging_mixin.py:188} INFO - [2024-06-05T17:08:27.258+0000] {dag.py:3096} INFO - Sync 1 DAGs
[2024-06-05T17:08:27.298+0000] {logging_mixin.py:188} INFO - [2024-06-05T17:08:27.297+0000] {dag.py:3954} INFO - Setting next_dagrun for s3_postgres to 2024-06-05 00:00:00+00:00, run_after=2024-06-06 00:00:00+00:00
[2024-06-05T17:08:27.338+0000] {processor.py:183} INFO - Processing /opt/airflow/dags/pipe.py took 0.759 seconds
[2024-06-05T17:08:57.844+0000] {processor.py:161} INFO - Started process (PID=2289) to work on /opt/airflow/dags/pipe.py
[2024-06-05T17:08:57.845+0000] {processor.py:830} INFO - Processing file /opt/airflow/dags/pipe.py for tasks to queue
[2024-06-05T17:08:57.848+0000] {logging_mixin.py:188} INFO - [2024-06-05T17:08:57.847+0000] {dagbag.py:545} INFO - Filling up the DagBag from /opt/airflow/dags/pipe.py
[2024-06-05T17:08:58.318+0000] {processor.py:840} INFO - DAG(s) 's3_postgres' retrieved from /opt/airflow/dags/pipe.py
[2024-06-05T17:08:58.338+0000] {logging_mixin.py:188} INFO - [2024-06-05T17:08:58.338+0000] {dag.py:3096} INFO - Sync 1 DAGs
[2024-06-05T17:08:58.365+0000] {logging_mixin.py:188} INFO - [2024-06-05T17:08:58.365+0000] {dag.py:3954} INFO - Setting next_dagrun for s3_postgres to 2024-06-05 00:00:00+00:00, run_after=2024-06-06 00:00:00+00:00
[2024-06-05T17:08:58.387+0000] {processor.py:183} INFO - Processing /opt/airflow/dags/pipe.py took 0.551 seconds
[2024-06-05T17:09:28.569+0000] {processor.py:161} INFO - Started process (PID=2349) to work on /opt/airflow/dags/pipe.py
[2024-06-05T17:09:28.570+0000] {processor.py:830} INFO - Processing file /opt/airflow/dags/pipe.py for tasks to queue
[2024-06-05T17:09:28.572+0000] {logging_mixin.py:188} INFO - [2024-06-05T17:09:28.572+0000] {dagbag.py:545} INFO - Filling up the DagBag from /opt/airflow/dags/pipe.py
[2024-06-05T17:09:29.043+0000] {processor.py:840} INFO - DAG(s) 's3_postgres' retrieved from /opt/airflow/dags/pipe.py
[2024-06-05T17:09:29.061+0000] {logging_mixin.py:188} INFO - [2024-06-05T17:09:29.061+0000] {dag.py:3096} INFO - Sync 1 DAGs
[2024-06-05T17:09:29.090+0000] {logging_mixin.py:188} INFO - [2024-06-05T17:09:29.089+0000] {dag.py:3954} INFO - Setting next_dagrun for s3_postgres to 2024-06-05 00:00:00+00:00, run_after=2024-06-06 00:00:00+00:00
[2024-06-05T17:09:29.111+0000] {processor.py:183} INFO - Processing /opt/airflow/dags/pipe.py took 0.549 seconds
[2024-06-05T17:09:59.232+0000] {processor.py:161} INFO - Started process (PID=2409) to work on /opt/airflow/dags/pipe.py
[2024-06-05T17:09:59.234+0000] {processor.py:830} INFO - Processing file /opt/airflow/dags/pipe.py for tasks to queue
[2024-06-05T17:09:59.237+0000] {logging_mixin.py:188} INFO - [2024-06-05T17:09:59.236+0000] {dagbag.py:545} INFO - Filling up the DagBag from /opt/airflow/dags/pipe.py
[2024-06-05T17:10:00.263+0000] {processor.py:840} INFO - DAG(s) 's3_postgres' retrieved from /opt/airflow/dags/pipe.py
[2024-06-05T17:10:00.524+0000] {logging_mixin.py:188} INFO - [2024-06-05T17:10:00.523+0000] {dag.py:3096} INFO - Sync 1 DAGs
[2024-06-05T17:10:00.582+0000] {logging_mixin.py:188} INFO - [2024-06-05T17:10:00.582+0000] {dag.py:3954} INFO - Setting next_dagrun for s3_postgres to 2024-06-05 00:00:00+00:00, run_after=2024-06-06 00:00:00+00:00
[2024-06-05T17:10:00.645+0000] {processor.py:183} INFO - Processing /opt/airflow/dags/pipe.py took 1.422 seconds
[2024-06-05T17:10:31.478+0000] {processor.py:161} INFO - Started process (PID=2473) to work on /opt/airflow/dags/pipe.py
[2024-06-05T17:10:31.479+0000] {processor.py:830} INFO - Processing file /opt/airflow/dags/pipe.py for tasks to queue
[2024-06-05T17:10:31.481+0000] {logging_mixin.py:188} INFO - [2024-06-05T17:10:31.480+0000] {dagbag.py:545} INFO - Filling up the DagBag from /opt/airflow/dags/pipe.py
[2024-06-05T17:10:31.980+0000] {processor.py:840} INFO - DAG(s) 's3_postgres' retrieved from /opt/airflow/dags/pipe.py
[2024-06-05T17:10:31.999+0000] {logging_mixin.py:188} INFO - [2024-06-05T17:10:31.999+0000] {dag.py:3096} INFO - Sync 1 DAGs
[2024-06-05T17:10:32.022+0000] {logging_mixin.py:188} INFO - [2024-06-05T17:10:32.022+0000] {dag.py:3954} INFO - Setting next_dagrun for s3_postgres to 2024-06-05 00:00:00+00:00, run_after=2024-06-06 00:00:00+00:00
[2024-06-05T17:10:32.042+0000] {processor.py:183} INFO - Processing /opt/airflow/dags/pipe.py took 0.571 seconds
[2024-06-05T17:11:02.144+0000] {processor.py:161} INFO - Started process (PID=2533) to work on /opt/airflow/dags/pipe.py
[2024-06-05T17:11:02.146+0000] {processor.py:830} INFO - Processing file /opt/airflow/dags/pipe.py for tasks to queue
[2024-06-05T17:11:02.149+0000] {logging_mixin.py:188} INFO - [2024-06-05T17:11:02.149+0000] {dagbag.py:545} INFO - Filling up the DagBag from /opt/airflow/dags/pipe.py
[2024-06-05T17:11:02.544+0000] {processor.py:840} INFO - DAG(s) 's3_postgres' retrieved from /opt/airflow/dags/pipe.py
[2024-06-05T17:11:02.563+0000] {logging_mixin.py:188} INFO - [2024-06-05T17:11:02.563+0000] {dag.py:3096} INFO - Sync 1 DAGs
[2024-06-05T17:11:02.585+0000] {logging_mixin.py:188} INFO - [2024-06-05T17:11:02.585+0000] {dag.py:3954} INFO - Setting next_dagrun for s3_postgres to 2024-06-05 00:00:00+00:00, run_after=2024-06-06 00:00:00+00:00
[2024-06-05T17:11:02.605+0000] {processor.py:183} INFO - Processing /opt/airflow/dags/pipe.py took 0.469 seconds
[2024-06-05T17:11:32.772+0000] {processor.py:161} INFO - Started process (PID=2597) to work on /opt/airflow/dags/pipe.py
[2024-06-05T17:11:32.773+0000] {processor.py:830} INFO - Processing file /opt/airflow/dags/pipe.py for tasks to queue
[2024-06-05T17:11:32.776+0000] {logging_mixin.py:188} INFO - [2024-06-05T17:11:32.775+0000] {dagbag.py:545} INFO - Filling up the DagBag from /opt/airflow/dags/pipe.py
[2024-06-05T17:11:33.188+0000] {processor.py:840} INFO - DAG(s) 's3_postgres' retrieved from /opt/airflow/dags/pipe.py
[2024-06-05T17:11:33.208+0000] {logging_mixin.py:188} INFO - [2024-06-05T17:11:33.207+0000] {dag.py:3096} INFO - Sync 1 DAGs
[2024-06-05T17:11:33.228+0000] {logging_mixin.py:188} INFO - [2024-06-05T17:11:33.228+0000] {dag.py:3954} INFO - Setting next_dagrun for s3_postgres to 2024-06-05 00:00:00+00:00, run_after=2024-06-06 00:00:00+00:00
[2024-06-05T17:11:33.247+0000] {processor.py:183} INFO - Processing /opt/airflow/dags/pipe.py took 0.484 seconds
[2024-06-05T17:12:04.207+0000] {processor.py:161} INFO - Started process (PID=2663) to work on /opt/airflow/dags/pipe.py
[2024-06-05T17:12:04.208+0000] {processor.py:830} INFO - Processing file /opt/airflow/dags/pipe.py for tasks to queue
[2024-06-05T17:12:04.210+0000] {logging_mixin.py:188} INFO - [2024-06-05T17:12:04.209+0000] {dagbag.py:545} INFO - Filling up the DagBag from /opt/airflow/dags/pipe.py
[2024-06-05T17:12:04.644+0000] {processor.py:840} INFO - DAG(s) 's3_postgres' retrieved from /opt/airflow/dags/pipe.py
[2024-06-05T17:12:04.666+0000] {logging_mixin.py:188} INFO - [2024-06-05T17:12:04.666+0000] {dag.py:3096} INFO - Sync 1 DAGs
[2024-06-05T17:12:04.689+0000] {logging_mixin.py:188} INFO - [2024-06-05T17:12:04.689+0000] {dag.py:3954} INFO - Setting next_dagrun for s3_postgres to 2024-06-05 00:00:00+00:00, run_after=2024-06-06 00:00:00+00:00
[2024-06-05T17:12:04.710+0000] {processor.py:183} INFO - Processing /opt/airflow/dags/pipe.py took 0.510 seconds
