[2024-06-08T14:28:23.659+0000] {local_task_job_runner.py:120} INFO - ::group::Pre task execution logs
[2024-06-08T14:28:23.687+0000] {taskinstance.py:2076} INFO - Dependencies all met for dep_context=non-requeueable deps ti=<TaskInstance: s3_postgres.wait_until_6pm scheduled__2024-06-07T00:00:00+00:00 [queued]>
[2024-06-08T14:28:23.699+0000] {taskinstance.py:2076} INFO - Dependencies all met for dep_context=requeueable deps ti=<TaskInstance: s3_postgres.wait_until_6pm scheduled__2024-06-07T00:00:00+00:00 [queued]>
[2024-06-08T14:28:23.700+0000] {taskinstance.py:2306} INFO - Starting attempt 1 of 2
[2024-06-08T14:28:23.718+0000] {taskinstance.py:2330} INFO - Executing <Task(TimeDeltaSensor): wait_until_6pm> on 2024-06-07 00:00:00+00:00
[2024-06-08T14:28:23.731+0000] {warnings.py:110} WARNING - /home/***/.local/lib/python3.12/site-packages/***/task/task_runner/standard_task_runner.py:61: DeprecationWarning: This process (pid=180) is multi-threaded, use of fork() may lead to deadlocks in the child.
  pid = os.fork()

[2024-06-08T14:28:23.733+0000] {standard_task_runner.py:63} INFO - Started process 182 to run task
[2024-06-08T14:28:23.734+0000] {standard_task_runner.py:90} INFO - Running: ['***', 'tasks', 'run', 's3_postgres', 'wait_until_6pm', 'scheduled__2024-06-07T00:00:00+00:00', '--job-id', '856', '--raw', '--subdir', 'DAGS_FOLDER/pipeline.py', '--cfg-path', '/tmp/tmprujk3rms']
[2024-06-08T14:28:23.736+0000] {standard_task_runner.py:91} INFO - Job 856: Subtask wait_until_6pm
[2024-06-08T14:28:23.874+0000] {task_command.py:426} INFO - Running <TaskInstance: s3_postgres.wait_until_6pm scheduled__2024-06-07T00:00:00+00:00 [running]> on host 728c6b2dbd3f
[2024-06-08T14:28:24.021+0000] {taskinstance.py:2648} INFO - Exporting env vars: AIRFLOW_CTX_DAG_OWNER='***' AIRFLOW_CTX_DAG_ID='s3_postgres' AIRFLOW_CTX_TASK_ID='wait_until_6pm' AIRFLOW_CTX_EXECUTION_DATE='2024-06-07T00:00:00+00:00' AIRFLOW_CTX_TRY_NUMBER='1' AIRFLOW_CTX_DAG_RUN_ID='scheduled__2024-06-07T00:00:00+00:00'
[2024-06-08T14:28:24.023+0000] {taskinstance.py:430} INFO - ::endgroup::
[2024-06-08T14:28:24.035+0000] {time_delta.py:51} INFO - Checking if the time (2024-06-08 18:00:00+00:00) has come
[2024-06-08T14:28:24.038+0000] {taskinstance.py:441} INFO - ::group::Post task execution logs
[2024-06-08T14:28:24.071+0000] {taskinstance.py:2865} INFO - Rescheduling task, marking task as UP_FOR_RESCHEDULE
[2024-06-08T14:28:24.118+0000] {local_task_job_runner.py:240} INFO - Task exited with return code 0
[2024-06-08T14:28:24.162+0000] {taskinstance.py:3498} INFO - 0 downstream tasks scheduled from follow-on schedule check
[2024-06-08T14:28:24.165+0000] {local_task_job_runner.py:222} INFO - ::endgroup::
[2024-06-08T14:29:25.842+0000] {local_task_job_runner.py:120} INFO - ::group::Pre task execution logs
[2024-06-08T14:29:25.861+0000] {taskinstance.py:2076} INFO - Dependencies all met for dep_context=non-requeueable deps ti=<TaskInstance: s3_postgres.wait_until_6pm scheduled__2024-06-07T00:00:00+00:00 [queued]>
[2024-06-08T14:29:25.869+0000] {taskinstance.py:2076} INFO - Dependencies all met for dep_context=requeueable deps ti=<TaskInstance: s3_postgres.wait_until_6pm scheduled__2024-06-07T00:00:00+00:00 [queued]>
[2024-06-08T14:29:25.870+0000] {taskinstance.py:2306} INFO - Starting attempt 1 of 2
[2024-06-08T14:29:25.882+0000] {taskinstance.py:2330} INFO - Executing <Task(TimeDeltaSensor): wait_until_6pm> on 2024-06-07 00:00:00+00:00
[2024-06-08T14:29:25.888+0000] {warnings.py:110} WARNING - /home/***/.local/lib/python3.12/site-packages/***/task/task_runner/standard_task_runner.py:61: DeprecationWarning: This process (pid=197) is multi-threaded, use of fork() may lead to deadlocks in the child.
  pid = os.fork()

[2024-06-08T14:29:25.889+0000] {standard_task_runner.py:63} INFO - Started process 199 to run task
[2024-06-08T14:29:25.890+0000] {standard_task_runner.py:90} INFO - Running: ['***', 'tasks', 'run', 's3_postgres', 'wait_until_6pm', 'scheduled__2024-06-07T00:00:00+00:00', '--job-id', '857', '--raw', '--subdir', 'DAGS_FOLDER/pipeline.py', '--cfg-path', '/tmp/tmp05w0mcov']
[2024-06-08T14:29:25.891+0000] {standard_task_runner.py:91} INFO - Job 857: Subtask wait_until_6pm
[2024-06-08T14:29:25.938+0000] {task_command.py:426} INFO - Running <TaskInstance: s3_postgres.wait_until_6pm scheduled__2024-06-07T00:00:00+00:00 [running]> on host 728c6b2dbd3f
[2024-06-08T14:29:26.024+0000] {taskinstance.py:2648} INFO - Exporting env vars: AIRFLOW_CTX_DAG_OWNER='***' AIRFLOW_CTX_DAG_ID='s3_postgres' AIRFLOW_CTX_TASK_ID='wait_until_6pm' AIRFLOW_CTX_EXECUTION_DATE='2024-06-07T00:00:00+00:00' AIRFLOW_CTX_TRY_NUMBER='1' AIRFLOW_CTX_DAG_RUN_ID='scheduled__2024-06-07T00:00:00+00:00'
[2024-06-08T14:29:26.025+0000] {taskinstance.py:430} INFO - ::endgroup::
[2024-06-08T14:29:26.033+0000] {time_delta.py:51} INFO - Checking if the time (2024-06-08 18:00:00+00:00) has come
[2024-06-08T14:29:26.035+0000] {taskinstance.py:441} INFO - ::group::Post task execution logs
[2024-06-08T14:29:26.053+0000] {taskinstance.py:2865} INFO - Rescheduling task, marking task as UP_FOR_RESCHEDULE
[2024-06-08T14:29:26.063+0000] {local_task_job_runner.py:240} INFO - Task exited with return code 0
[2024-06-08T14:29:26.097+0000] {taskinstance.py:3498} INFO - 0 downstream tasks scheduled from follow-on schedule check
[2024-06-08T14:29:26.099+0000] {local_task_job_runner.py:222} INFO - ::endgroup::
[2024-06-08T14:30:29.022+0000] {local_task_job_runner.py:120} INFO - ::group::Pre task execution logs
[2024-06-08T14:30:29.047+0000] {taskinstance.py:2076} INFO - Dependencies all met for dep_context=non-requeueable deps ti=<TaskInstance: s3_postgres.wait_until_6pm scheduled__2024-06-07T00:00:00+00:00 [queued]>
[2024-06-08T14:30:29.057+0000] {taskinstance.py:2076} INFO - Dependencies all met for dep_context=requeueable deps ti=<TaskInstance: s3_postgres.wait_until_6pm scheduled__2024-06-07T00:00:00+00:00 [queued]>
[2024-06-08T14:30:29.057+0000] {taskinstance.py:2306} INFO - Starting attempt 1 of 2
[2024-06-08T14:30:29.073+0000] {taskinstance.py:2330} INFO - Executing <Task(TimeDeltaSensor): wait_until_6pm> on 2024-06-07 00:00:00+00:00
[2024-06-08T14:30:29.079+0000] {warnings.py:110} WARNING - /home/***/.local/lib/python3.12/site-packages/***/task/task_runner/standard_task_runner.py:61: DeprecationWarning: This process (pid=214) is multi-threaded, use of fork() may lead to deadlocks in the child.
  pid = os.fork()

[2024-06-08T14:30:29.081+0000] {standard_task_runner.py:63} INFO - Started process 216 to run task
[2024-06-08T14:30:29.081+0000] {standard_task_runner.py:90} INFO - Running: ['***', 'tasks', 'run', 's3_postgres', 'wait_until_6pm', 'scheduled__2024-06-07T00:00:00+00:00', '--job-id', '858', '--raw', '--subdir', 'DAGS_FOLDER/pipeline.py', '--cfg-path', '/tmp/tmpbt2kauou']
[2024-06-08T14:30:29.084+0000] {standard_task_runner.py:91} INFO - Job 858: Subtask wait_until_6pm
[2024-06-08T14:30:29.173+0000] {task_command.py:426} INFO - Running <TaskInstance: s3_postgres.wait_until_6pm scheduled__2024-06-07T00:00:00+00:00 [running]> on host 728c6b2dbd3f
[2024-06-08T14:30:29.323+0000] {taskinstance.py:2648} INFO - Exporting env vars: AIRFLOW_CTX_DAG_OWNER='***' AIRFLOW_CTX_DAG_ID='s3_postgres' AIRFLOW_CTX_TASK_ID='wait_until_6pm' AIRFLOW_CTX_EXECUTION_DATE='2024-06-07T00:00:00+00:00' AIRFLOW_CTX_TRY_NUMBER='1' AIRFLOW_CTX_DAG_RUN_ID='scheduled__2024-06-07T00:00:00+00:00'
[2024-06-08T14:30:29.324+0000] {taskinstance.py:430} INFO - ::endgroup::
[2024-06-08T14:30:29.335+0000] {time_delta.py:51} INFO - Checking if the time (2024-06-08 18:00:00+00:00) has come
[2024-06-08T14:30:29.337+0000] {taskinstance.py:441} INFO - ::group::Post task execution logs
[2024-06-08T14:30:29.358+0000] {taskinstance.py:2865} INFO - Rescheduling task, marking task as UP_FOR_RESCHEDULE
[2024-06-08T14:30:29.375+0000] {local_task_job_runner.py:240} INFO - Task exited with return code 0
[2024-06-08T14:30:29.404+0000] {taskinstance.py:3498} INFO - 0 downstream tasks scheduled from follow-on schedule check
[2024-06-08T14:30:29.406+0000] {local_task_job_runner.py:222} INFO - ::endgroup::
[2024-06-08T14:31:32.535+0000] {local_task_job_runner.py:120} INFO - ::group::Pre task execution logs
[2024-06-08T14:31:32.572+0000] {taskinstance.py:2076} INFO - Dependencies all met for dep_context=non-requeueable deps ti=<TaskInstance: s3_postgres.wait_until_6pm scheduled__2024-06-07T00:00:00+00:00 [queued]>
[2024-06-08T14:31:32.583+0000] {taskinstance.py:2076} INFO - Dependencies all met for dep_context=requeueable deps ti=<TaskInstance: s3_postgres.wait_until_6pm scheduled__2024-06-07T00:00:00+00:00 [queued]>
[2024-06-08T14:31:32.584+0000] {taskinstance.py:2306} INFO - Starting attempt 1 of 2
[2024-06-08T14:31:32.597+0000] {taskinstance.py:2330} INFO - Executing <Task(TimeDeltaSensor): wait_until_6pm> on 2024-06-07 00:00:00+00:00
[2024-06-08T14:31:32.604+0000] {warnings.py:110} WARNING - /home/***/.local/lib/python3.12/site-packages/***/task/task_runner/standard_task_runner.py:61: DeprecationWarning: This process (pid=231) is multi-threaded, use of fork() may lead to deadlocks in the child.
  pid = os.fork()

[2024-06-08T14:31:32.606+0000] {standard_task_runner.py:63} INFO - Started process 233 to run task
[2024-06-08T14:31:32.606+0000] {standard_task_runner.py:90} INFO - Running: ['***', 'tasks', 'run', 's3_postgres', 'wait_until_6pm', 'scheduled__2024-06-07T00:00:00+00:00', '--job-id', '859', '--raw', '--subdir', 'DAGS_FOLDER/pipeline.py', '--cfg-path', '/tmp/tmpd7m1txbk']
[2024-06-08T14:31:32.608+0000] {standard_task_runner.py:91} INFO - Job 859: Subtask wait_until_6pm
[2024-06-08T14:31:32.655+0000] {task_command.py:426} INFO - Running <TaskInstance: s3_postgres.wait_until_6pm scheduled__2024-06-07T00:00:00+00:00 [running]> on host 728c6b2dbd3f
[2024-06-08T14:31:32.756+0000] {taskinstance.py:2648} INFO - Exporting env vars: AIRFLOW_CTX_DAG_OWNER='***' AIRFLOW_CTX_DAG_ID='s3_postgres' AIRFLOW_CTX_TASK_ID='wait_until_6pm' AIRFLOW_CTX_EXECUTION_DATE='2024-06-07T00:00:00+00:00' AIRFLOW_CTX_TRY_NUMBER='1' AIRFLOW_CTX_DAG_RUN_ID='scheduled__2024-06-07T00:00:00+00:00'
[2024-06-08T14:31:32.758+0000] {taskinstance.py:430} INFO - ::endgroup::
[2024-06-08T14:31:32.766+0000] {time_delta.py:51} INFO - Checking if the time (2024-06-08 18:00:00+00:00) has come
[2024-06-08T14:31:32.772+0000] {taskinstance.py:441} INFO - ::group::Post task execution logs
[2024-06-08T14:31:32.864+0000] {taskinstance.py:2865} INFO - Rescheduling task, marking task as UP_FOR_RESCHEDULE
[2024-06-08T14:31:32.922+0000] {local_task_job_runner.py:240} INFO - Task exited with return code 0
[2024-06-08T14:31:32.954+0000] {taskinstance.py:3498} INFO - 0 downstream tasks scheduled from follow-on schedule check
[2024-06-08T14:31:32.956+0000] {local_task_job_runner.py:222} INFO - ::endgroup::
[2024-06-08T14:32:34.359+0000] {local_task_job_runner.py:120} INFO - ::group::Pre task execution logs
[2024-06-08T14:32:34.381+0000] {taskinstance.py:2076} INFO - Dependencies all met for dep_context=non-requeueable deps ti=<TaskInstance: s3_postgres.wait_until_6pm scheduled__2024-06-07T00:00:00+00:00 [queued]>
[2024-06-08T14:32:34.391+0000] {taskinstance.py:2076} INFO - Dependencies all met for dep_context=requeueable deps ti=<TaskInstance: s3_postgres.wait_until_6pm scheduled__2024-06-07T00:00:00+00:00 [queued]>
[2024-06-08T14:32:34.392+0000] {taskinstance.py:2306} INFO - Starting attempt 1 of 2
[2024-06-08T14:32:34.405+0000] {taskinstance.py:2330} INFO - Executing <Task(TimeDeltaSensor): wait_until_6pm> on 2024-06-07 00:00:00+00:00
[2024-06-08T14:32:34.411+0000] {warnings.py:110} WARNING - /home/***/.local/lib/python3.12/site-packages/***/task/task_runner/standard_task_runner.py:61: DeprecationWarning: This process (pid=241) is multi-threaded, use of fork() may lead to deadlocks in the child.
  pid = os.fork()

[2024-06-08T14:32:34.413+0000] {standard_task_runner.py:63} INFO - Started process 243 to run task
[2024-06-08T14:32:34.413+0000] {standard_task_runner.py:90} INFO - Running: ['***', 'tasks', 'run', 's3_postgres', 'wait_until_6pm', 'scheduled__2024-06-07T00:00:00+00:00', '--job-id', '860', '--raw', '--subdir', 'DAGS_FOLDER/pipeline.py', '--cfg-path', '/tmp/tmpi52ceflt']
[2024-06-08T14:32:34.414+0000] {standard_task_runner.py:91} INFO - Job 860: Subtask wait_until_6pm
[2024-06-08T14:32:34.456+0000] {task_command.py:426} INFO - Running <TaskInstance: s3_postgres.wait_until_6pm scheduled__2024-06-07T00:00:00+00:00 [running]> on host 728c6b2dbd3f
[2024-06-08T14:32:34.537+0000] {taskinstance.py:2648} INFO - Exporting env vars: AIRFLOW_CTX_DAG_OWNER='***' AIRFLOW_CTX_DAG_ID='s3_postgres' AIRFLOW_CTX_TASK_ID='wait_until_6pm' AIRFLOW_CTX_EXECUTION_DATE='2024-06-07T00:00:00+00:00' AIRFLOW_CTX_TRY_NUMBER='1' AIRFLOW_CTX_DAG_RUN_ID='scheduled__2024-06-07T00:00:00+00:00'
[2024-06-08T14:32:34.538+0000] {taskinstance.py:430} INFO - ::endgroup::
[2024-06-08T14:32:34.546+0000] {time_delta.py:51} INFO - Checking if the time (2024-06-08 18:00:00+00:00) has come
[2024-06-08T14:32:34.548+0000] {taskinstance.py:441} INFO - ::group::Post task execution logs
[2024-06-08T14:32:34.567+0000] {taskinstance.py:2865} INFO - Rescheduling task, marking task as UP_FOR_RESCHEDULE
[2024-06-08T14:32:34.587+0000] {local_task_job_runner.py:240} INFO - Task exited with return code 0
[2024-06-08T14:32:34.614+0000] {taskinstance.py:3498} INFO - 0 downstream tasks scheduled from follow-on schedule check
[2024-06-08T14:32:34.616+0000] {local_task_job_runner.py:222} INFO - ::endgroup::
[2024-06-08T14:33:36.829+0000] {local_task_job_runner.py:120} INFO - ::group::Pre task execution logs
[2024-06-08T14:33:36.852+0000] {taskinstance.py:2076} INFO - Dependencies all met for dep_context=non-requeueable deps ti=<TaskInstance: s3_postgres.wait_until_6pm scheduled__2024-06-07T00:00:00+00:00 [queued]>
[2024-06-08T14:33:36.859+0000] {taskinstance.py:2076} INFO - Dependencies all met for dep_context=requeueable deps ti=<TaskInstance: s3_postgres.wait_until_6pm scheduled__2024-06-07T00:00:00+00:00 [queued]>
[2024-06-08T14:33:36.860+0000] {taskinstance.py:2306} INFO - Starting attempt 1 of 2
[2024-06-08T14:33:36.874+0000] {taskinstance.py:2330} INFO - Executing <Task(TimeDeltaSensor): wait_until_6pm> on 2024-06-07 00:00:00+00:00
[2024-06-08T14:33:36.881+0000] {warnings.py:110} WARNING - /home/***/.local/lib/python3.12/site-packages/***/task/task_runner/standard_task_runner.py:61: DeprecationWarning: This process (pid=258) is multi-threaded, use of fork() may lead to deadlocks in the child.
  pid = os.fork()

[2024-06-08T14:33:36.883+0000] {standard_task_runner.py:63} INFO - Started process 260 to run task
[2024-06-08T14:33:36.882+0000] {standard_task_runner.py:90} INFO - Running: ['***', 'tasks', 'run', 's3_postgres', 'wait_until_6pm', 'scheduled__2024-06-07T00:00:00+00:00', '--job-id', '861', '--raw', '--subdir', 'DAGS_FOLDER/pipeline.py', '--cfg-path', '/tmp/tmpgr6v0fav']
[2024-06-08T14:33:36.884+0000] {standard_task_runner.py:91} INFO - Job 861: Subtask wait_until_6pm
[2024-06-08T14:33:36.931+0000] {task_command.py:426} INFO - Running <TaskInstance: s3_postgres.wait_until_6pm scheduled__2024-06-07T00:00:00+00:00 [running]> on host 728c6b2dbd3f
[2024-06-08T14:33:37.024+0000] {taskinstance.py:2648} INFO - Exporting env vars: AIRFLOW_CTX_DAG_OWNER='***' AIRFLOW_CTX_DAG_ID='s3_postgres' AIRFLOW_CTX_TASK_ID='wait_until_6pm' AIRFLOW_CTX_EXECUTION_DATE='2024-06-07T00:00:00+00:00' AIRFLOW_CTX_TRY_NUMBER='1' AIRFLOW_CTX_DAG_RUN_ID='scheduled__2024-06-07T00:00:00+00:00'
[2024-06-08T14:33:37.025+0000] {taskinstance.py:430} INFO - ::endgroup::
[2024-06-08T14:33:37.034+0000] {time_delta.py:51} INFO - Checking if the time (2024-06-08 18:00:00+00:00) has come
[2024-06-08T14:33:37.036+0000] {taskinstance.py:441} INFO - ::group::Post task execution logs
[2024-06-08T14:33:37.056+0000] {taskinstance.py:2865} INFO - Rescheduling task, marking task as UP_FOR_RESCHEDULE
[2024-06-08T14:33:37.098+0000] {local_task_job_runner.py:240} INFO - Task exited with return code 0
[2024-06-08T14:33:37.128+0000] {taskinstance.py:3498} INFO - 0 downstream tasks scheduled from follow-on schedule check
[2024-06-08T14:33:37.131+0000] {local_task_job_runner.py:222} INFO - ::endgroup::
[2024-06-08T14:34:38.445+0000] {local_task_job_runner.py:120} INFO - ::group::Pre task execution logs
[2024-06-08T14:34:38.478+0000] {taskinstance.py:2076} INFO - Dependencies all met for dep_context=non-requeueable deps ti=<TaskInstance: s3_postgres.wait_until_6pm scheduled__2024-06-07T00:00:00+00:00 [queued]>
[2024-06-08T14:34:38.495+0000] {taskinstance.py:2076} INFO - Dependencies all met for dep_context=requeueable deps ti=<TaskInstance: s3_postgres.wait_until_6pm scheduled__2024-06-07T00:00:00+00:00 [queued]>
[2024-06-08T14:34:38.496+0000] {taskinstance.py:2306} INFO - Starting attempt 1 of 2
[2024-06-08T14:34:38.518+0000] {taskinstance.py:2330} INFO - Executing <Task(TimeDeltaSensor): wait_until_6pm> on 2024-06-07 00:00:00+00:00
[2024-06-08T14:34:38.527+0000] {warnings.py:110} WARNING - /home/***/.local/lib/python3.12/site-packages/***/task/task_runner/standard_task_runner.py:61: DeprecationWarning: This process (pid=275) is multi-threaded, use of fork() may lead to deadlocks in the child.
  pid = os.fork()

[2024-06-08T14:34:38.529+0000] {standard_task_runner.py:63} INFO - Started process 277 to run task
[2024-06-08T14:34:38.529+0000] {standard_task_runner.py:90} INFO - Running: ['***', 'tasks', 'run', 's3_postgres', 'wait_until_6pm', 'scheduled__2024-06-07T00:00:00+00:00', '--job-id', '862', '--raw', '--subdir', 'DAGS_FOLDER/pipeline.py', '--cfg-path', '/tmp/tmp2xlvbjo0']
[2024-06-08T14:34:38.531+0000] {standard_task_runner.py:91} INFO - Job 862: Subtask wait_until_6pm
[2024-06-08T14:34:38.590+0000] {task_command.py:426} INFO - Running <TaskInstance: s3_postgres.wait_until_6pm scheduled__2024-06-07T00:00:00+00:00 [running]> on host 728c6b2dbd3f
[2024-06-08T14:34:38.683+0000] {taskinstance.py:2648} INFO - Exporting env vars: AIRFLOW_CTX_DAG_OWNER='***' AIRFLOW_CTX_DAG_ID='s3_postgres' AIRFLOW_CTX_TASK_ID='wait_until_6pm' AIRFLOW_CTX_EXECUTION_DATE='2024-06-07T00:00:00+00:00' AIRFLOW_CTX_TRY_NUMBER='1' AIRFLOW_CTX_DAG_RUN_ID='scheduled__2024-06-07T00:00:00+00:00'
[2024-06-08T14:34:38.685+0000] {taskinstance.py:430} INFO - ::endgroup::
[2024-06-08T14:34:38.694+0000] {time_delta.py:51} INFO - Checking if the time (2024-06-08 18:00:00+00:00) has come
[2024-06-08T14:34:38.696+0000] {taskinstance.py:441} INFO - ::group::Post task execution logs
[2024-06-08T14:34:38.718+0000] {taskinstance.py:2865} INFO - Rescheduling task, marking task as UP_FOR_RESCHEDULE
[2024-06-08T14:34:38.745+0000] {local_task_job_runner.py:240} INFO - Task exited with return code 0
[2024-06-08T14:34:38.776+0000] {taskinstance.py:3498} INFO - 0 downstream tasks scheduled from follow-on schedule check
[2024-06-08T14:34:38.778+0000] {local_task_job_runner.py:222} INFO - ::endgroup::
[2024-06-08T14:35:40.961+0000] {local_task_job_runner.py:120} INFO - ::group::Pre task execution logs
[2024-06-08T14:35:40.984+0000] {taskinstance.py:2076} INFO - Dependencies all met for dep_context=non-requeueable deps ti=<TaskInstance: s3_postgres.wait_until_6pm scheduled__2024-06-07T00:00:00+00:00 [queued]>
[2024-06-08T14:35:40.993+0000] {taskinstance.py:2076} INFO - Dependencies all met for dep_context=requeueable deps ti=<TaskInstance: s3_postgres.wait_until_6pm scheduled__2024-06-07T00:00:00+00:00 [queued]>
[2024-06-08T14:35:40.993+0000] {taskinstance.py:2306} INFO - Starting attempt 1 of 2
[2024-06-08T14:35:41.014+0000] {taskinstance.py:2330} INFO - Executing <Task(TimeDeltaSensor): wait_until_6pm> on 2024-06-07 00:00:00+00:00
[2024-06-08T14:35:41.021+0000] {warnings.py:110} WARNING - /home/***/.local/lib/python3.12/site-packages/***/task/task_runner/standard_task_runner.py:61: DeprecationWarning: This process (pid=292) is multi-threaded, use of fork() may lead to deadlocks in the child.
  pid = os.fork()

[2024-06-08T14:35:41.022+0000] {standard_task_runner.py:63} INFO - Started process 294 to run task
[2024-06-08T14:35:41.022+0000] {standard_task_runner.py:90} INFO - Running: ['***', 'tasks', 'run', 's3_postgres', 'wait_until_6pm', 'scheduled__2024-06-07T00:00:00+00:00', '--job-id', '863', '--raw', '--subdir', 'DAGS_FOLDER/pipeline.py', '--cfg-path', '/tmp/tmpxx6dedc9']
[2024-06-08T14:35:41.024+0000] {standard_task_runner.py:91} INFO - Job 863: Subtask wait_until_6pm
[2024-06-08T14:35:41.076+0000] {task_command.py:426} INFO - Running <TaskInstance: s3_postgres.wait_until_6pm scheduled__2024-06-07T00:00:00+00:00 [running]> on host 728c6b2dbd3f
[2024-06-08T14:35:41.171+0000] {taskinstance.py:2648} INFO - Exporting env vars: AIRFLOW_CTX_DAG_OWNER='***' AIRFLOW_CTX_DAG_ID='s3_postgres' AIRFLOW_CTX_TASK_ID='wait_until_6pm' AIRFLOW_CTX_EXECUTION_DATE='2024-06-07T00:00:00+00:00' AIRFLOW_CTX_TRY_NUMBER='1' AIRFLOW_CTX_DAG_RUN_ID='scheduled__2024-06-07T00:00:00+00:00'
[2024-06-08T14:35:41.173+0000] {taskinstance.py:430} INFO - ::endgroup::
[2024-06-08T14:35:41.182+0000] {time_delta.py:51} INFO - Checking if the time (2024-06-08 18:00:00+00:00) has come
[2024-06-08T14:35:41.185+0000] {taskinstance.py:441} INFO - ::group::Post task execution logs
[2024-06-08T14:35:41.207+0000] {taskinstance.py:2865} INFO - Rescheduling task, marking task as UP_FOR_RESCHEDULE
[2024-06-08T14:35:41.237+0000] {local_task_job_runner.py:240} INFO - Task exited with return code 0
[2024-06-08T14:35:41.270+0000] {taskinstance.py:3498} INFO - 0 downstream tasks scheduled from follow-on schedule check
[2024-06-08T14:35:41.273+0000] {local_task_job_runner.py:222} INFO - ::endgroup::
[2024-06-08T14:36:43.088+0000] {local_task_job_runner.py:120} INFO - ::group::Pre task execution logs
[2024-06-08T14:36:43.110+0000] {taskinstance.py:2076} INFO - Dependencies all met for dep_context=non-requeueable deps ti=<TaskInstance: s3_postgres.wait_until_6pm scheduled__2024-06-07T00:00:00+00:00 [queued]>
[2024-06-08T14:36:43.117+0000] {taskinstance.py:2076} INFO - Dependencies all met for dep_context=requeueable deps ti=<TaskInstance: s3_postgres.wait_until_6pm scheduled__2024-06-07T00:00:00+00:00 [queued]>
[2024-06-08T14:36:43.118+0000] {taskinstance.py:2306} INFO - Starting attempt 1 of 2
[2024-06-08T14:36:43.131+0000] {taskinstance.py:2330} INFO - Executing <Task(TimeDeltaSensor): wait_until_6pm> on 2024-06-07 00:00:00+00:00
[2024-06-08T14:36:43.137+0000] {warnings.py:110} WARNING - /home/***/.local/lib/python3.12/site-packages/***/task/task_runner/standard_task_runner.py:61: DeprecationWarning: This process (pid=309) is multi-threaded, use of fork() may lead to deadlocks in the child.
  pid = os.fork()

[2024-06-08T14:36:43.139+0000] {standard_task_runner.py:63} INFO - Started process 311 to run task
[2024-06-08T14:36:43.139+0000] {standard_task_runner.py:90} INFO - Running: ['***', 'tasks', 'run', 's3_postgres', 'wait_until_6pm', 'scheduled__2024-06-07T00:00:00+00:00', '--job-id', '864', '--raw', '--subdir', 'DAGS_FOLDER/pipeline.py', '--cfg-path', '/tmp/tmpmprqbkue']
[2024-06-08T14:36:43.140+0000] {standard_task_runner.py:91} INFO - Job 864: Subtask wait_until_6pm
[2024-06-08T14:36:43.186+0000] {task_command.py:426} INFO - Running <TaskInstance: s3_postgres.wait_until_6pm scheduled__2024-06-07T00:00:00+00:00 [running]> on host 728c6b2dbd3f
[2024-06-08T14:36:43.273+0000] {taskinstance.py:2648} INFO - Exporting env vars: AIRFLOW_CTX_DAG_OWNER='***' AIRFLOW_CTX_DAG_ID='s3_postgres' AIRFLOW_CTX_TASK_ID='wait_until_6pm' AIRFLOW_CTX_EXECUTION_DATE='2024-06-07T00:00:00+00:00' AIRFLOW_CTX_TRY_NUMBER='1' AIRFLOW_CTX_DAG_RUN_ID='scheduled__2024-06-07T00:00:00+00:00'
[2024-06-08T14:36:43.275+0000] {taskinstance.py:430} INFO - ::endgroup::
[2024-06-08T14:36:43.283+0000] {time_delta.py:51} INFO - Checking if the time (2024-06-08 18:00:00+00:00) has come
[2024-06-08T14:36:43.285+0000] {taskinstance.py:441} INFO - ::group::Post task execution logs
[2024-06-08T14:36:43.305+0000] {taskinstance.py:2865} INFO - Rescheduling task, marking task as UP_FOR_RESCHEDULE
[2024-06-08T14:36:43.313+0000] {local_task_job_runner.py:240} INFO - Task exited with return code 0
[2024-06-08T14:36:43.339+0000] {taskinstance.py:3498} INFO - 0 downstream tasks scheduled from follow-on schedule check
[2024-06-08T14:36:43.342+0000] {local_task_job_runner.py:222} INFO - ::endgroup::
[2024-06-08T14:37:45.283+0000] {local_task_job_runner.py:120} INFO - ::group::Pre task execution logs
[2024-06-08T14:37:45.311+0000] {taskinstance.py:2076} INFO - Dependencies all met for dep_context=non-requeueable deps ti=<TaskInstance: s3_postgres.wait_until_6pm scheduled__2024-06-07T00:00:00+00:00 [queued]>
[2024-06-08T14:37:45.320+0000] {taskinstance.py:2076} INFO - Dependencies all met for dep_context=requeueable deps ti=<TaskInstance: s3_postgres.wait_until_6pm scheduled__2024-06-07T00:00:00+00:00 [queued]>
[2024-06-08T14:37:45.321+0000] {taskinstance.py:2306} INFO - Starting attempt 1 of 2
[2024-06-08T14:37:45.342+0000] {taskinstance.py:2330} INFO - Executing <Task(TimeDeltaSensor): wait_until_6pm> on 2024-06-07 00:00:00+00:00
[2024-06-08T14:37:45.352+0000] {warnings.py:110} WARNING - /home/***/.local/lib/python3.12/site-packages/***/task/task_runner/standard_task_runner.py:61: DeprecationWarning: This process (pid=326) is multi-threaded, use of fork() may lead to deadlocks in the child.
  pid = os.fork()

[2024-06-08T14:37:45.354+0000] {standard_task_runner.py:63} INFO - Started process 328 to run task
[2024-06-08T14:37:45.354+0000] {standard_task_runner.py:90} INFO - Running: ['***', 'tasks', 'run', 's3_postgres', 'wait_until_6pm', 'scheduled__2024-06-07T00:00:00+00:00', '--job-id', '865', '--raw', '--subdir', 'DAGS_FOLDER/pipeline.py', '--cfg-path', '/tmp/tmprtboq1aa']
[2024-06-08T14:37:45.356+0000] {standard_task_runner.py:91} INFO - Job 865: Subtask wait_until_6pm
[2024-06-08T14:37:45.406+0000] {task_command.py:426} INFO - Running <TaskInstance: s3_postgres.wait_until_6pm scheduled__2024-06-07T00:00:00+00:00 [running]> on host 728c6b2dbd3f
[2024-06-08T14:37:45.516+0000] {taskinstance.py:2648} INFO - Exporting env vars: AIRFLOW_CTX_DAG_OWNER='***' AIRFLOW_CTX_DAG_ID='s3_postgres' AIRFLOW_CTX_TASK_ID='wait_until_6pm' AIRFLOW_CTX_EXECUTION_DATE='2024-06-07T00:00:00+00:00' AIRFLOW_CTX_TRY_NUMBER='1' AIRFLOW_CTX_DAG_RUN_ID='scheduled__2024-06-07T00:00:00+00:00'
[2024-06-08T14:37:45.518+0000] {taskinstance.py:430} INFO - ::endgroup::
[2024-06-08T14:37:45.526+0000] {time_delta.py:51} INFO - Checking if the time (2024-06-08 18:00:00+00:00) has come
[2024-06-08T14:37:45.527+0000] {taskinstance.py:441} INFO - ::group::Post task execution logs
[2024-06-08T14:37:45.548+0000] {taskinstance.py:2865} INFO - Rescheduling task, marking task as UP_FOR_RESCHEDULE
[2024-06-08T14:37:45.568+0000] {local_task_job_runner.py:240} INFO - Task exited with return code 0
[2024-06-08T14:37:45.612+0000] {taskinstance.py:3498} INFO - 0 downstream tasks scheduled from follow-on schedule check
[2024-06-08T14:37:45.614+0000] {local_task_job_runner.py:222} INFO - ::endgroup::
[2024-06-08T14:38:47.917+0000] {local_task_job_runner.py:120} INFO - ::group::Pre task execution logs
[2024-06-08T14:38:47.944+0000] {taskinstance.py:2076} INFO - Dependencies all met for dep_context=non-requeueable deps ti=<TaskInstance: s3_postgres.wait_until_6pm scheduled__2024-06-07T00:00:00+00:00 [queued]>
[2024-06-08T14:38:47.957+0000] {taskinstance.py:2076} INFO - Dependencies all met for dep_context=requeueable deps ti=<TaskInstance: s3_postgres.wait_until_6pm scheduled__2024-06-07T00:00:00+00:00 [queued]>
[2024-06-08T14:38:47.958+0000] {taskinstance.py:2306} INFO - Starting attempt 1 of 2
[2024-06-08T14:38:47.974+0000] {taskinstance.py:2330} INFO - Executing <Task(TimeDeltaSensor): wait_until_6pm> on 2024-06-07 00:00:00+00:00
[2024-06-08T14:38:47.980+0000] {warnings.py:110} WARNING - /home/***/.local/lib/python3.12/site-packages/***/task/task_runner/standard_task_runner.py:61: DeprecationWarning: This process (pid=343) is multi-threaded, use of fork() may lead to deadlocks in the child.
  pid = os.fork()

[2024-06-08T14:38:47.981+0000] {standard_task_runner.py:63} INFO - Started process 345 to run task
[2024-06-08T14:38:47.982+0000] {standard_task_runner.py:90} INFO - Running: ['***', 'tasks', 'run', 's3_postgres', 'wait_until_6pm', 'scheduled__2024-06-07T00:00:00+00:00', '--job-id', '866', '--raw', '--subdir', 'DAGS_FOLDER/pipeline.py', '--cfg-path', '/tmp/tmp58fdjojx']
[2024-06-08T14:38:47.983+0000] {standard_task_runner.py:91} INFO - Job 866: Subtask wait_until_6pm
[2024-06-08T14:38:48.026+0000] {task_command.py:426} INFO - Running <TaskInstance: s3_postgres.wait_until_6pm scheduled__2024-06-07T00:00:00+00:00 [running]> on host 728c6b2dbd3f
[2024-06-08T14:38:48.108+0000] {taskinstance.py:2648} INFO - Exporting env vars: AIRFLOW_CTX_DAG_OWNER='***' AIRFLOW_CTX_DAG_ID='s3_postgres' AIRFLOW_CTX_TASK_ID='wait_until_6pm' AIRFLOW_CTX_EXECUTION_DATE='2024-06-07T00:00:00+00:00' AIRFLOW_CTX_TRY_NUMBER='1' AIRFLOW_CTX_DAG_RUN_ID='scheduled__2024-06-07T00:00:00+00:00'
[2024-06-08T14:38:48.109+0000] {taskinstance.py:430} INFO - ::endgroup::
[2024-06-08T14:38:48.118+0000] {time_delta.py:51} INFO - Checking if the time (2024-06-08 18:00:00+00:00) has come
[2024-06-08T14:38:48.120+0000] {taskinstance.py:441} INFO - ::group::Post task execution logs
[2024-06-08T14:38:48.138+0000] {taskinstance.py:2865} INFO - Rescheduling task, marking task as UP_FOR_RESCHEDULE
[2024-06-08T14:38:48.155+0000] {local_task_job_runner.py:240} INFO - Task exited with return code 0
[2024-06-08T14:38:48.184+0000] {taskinstance.py:3498} INFO - 0 downstream tasks scheduled from follow-on schedule check
[2024-06-08T14:38:48.186+0000] {local_task_job_runner.py:222} INFO - ::endgroup::
[2024-06-08T14:39:50.082+0000] {local_task_job_runner.py:120} INFO - ::group::Pre task execution logs
[2024-06-08T14:39:50.103+0000] {taskinstance.py:2076} INFO - Dependencies all met for dep_context=non-requeueable deps ti=<TaskInstance: s3_postgres.wait_until_6pm scheduled__2024-06-07T00:00:00+00:00 [queued]>
[2024-06-08T14:39:50.112+0000] {taskinstance.py:2076} INFO - Dependencies all met for dep_context=requeueable deps ti=<TaskInstance: s3_postgres.wait_until_6pm scheduled__2024-06-07T00:00:00+00:00 [queued]>
[2024-06-08T14:39:50.112+0000] {taskinstance.py:2306} INFO - Starting attempt 1 of 2
[2024-06-08T14:39:50.128+0000] {taskinstance.py:2330} INFO - Executing <Task(TimeDeltaSensor): wait_until_6pm> on 2024-06-07 00:00:00+00:00
[2024-06-08T14:39:50.135+0000] {warnings.py:110} WARNING - /home/***/.local/lib/python3.12/site-packages/***/task/task_runner/standard_task_runner.py:61: DeprecationWarning: This process (pid=360) is multi-threaded, use of fork() may lead to deadlocks in the child.
  pid = os.fork()

[2024-06-08T14:39:50.137+0000] {standard_task_runner.py:63} INFO - Started process 362 to run task
[2024-06-08T14:39:50.136+0000] {standard_task_runner.py:90} INFO - Running: ['***', 'tasks', 'run', 's3_postgres', 'wait_until_6pm', 'scheduled__2024-06-07T00:00:00+00:00', '--job-id', '867', '--raw', '--subdir', 'DAGS_FOLDER/pipeline.py', '--cfg-path', '/tmp/tmpfdcywyh8']
[2024-06-08T14:39:50.138+0000] {standard_task_runner.py:91} INFO - Job 867: Subtask wait_until_6pm
[2024-06-08T14:39:50.184+0000] {task_command.py:426} INFO - Running <TaskInstance: s3_postgres.wait_until_6pm scheduled__2024-06-07T00:00:00+00:00 [running]> on host 728c6b2dbd3f
[2024-06-08T14:39:50.283+0000] {taskinstance.py:2648} INFO - Exporting env vars: AIRFLOW_CTX_DAG_OWNER='***' AIRFLOW_CTX_DAG_ID='s3_postgres' AIRFLOW_CTX_TASK_ID='wait_until_6pm' AIRFLOW_CTX_EXECUTION_DATE='2024-06-07T00:00:00+00:00' AIRFLOW_CTX_TRY_NUMBER='1' AIRFLOW_CTX_DAG_RUN_ID='scheduled__2024-06-07T00:00:00+00:00'
[2024-06-08T14:39:50.284+0000] {taskinstance.py:430} INFO - ::endgroup::
[2024-06-08T14:39:50.295+0000] {time_delta.py:51} INFO - Checking if the time (2024-06-08 18:00:00+00:00) has come
[2024-06-08T14:39:50.298+0000] {taskinstance.py:441} INFO - ::group::Post task execution logs
[2024-06-08T14:39:50.319+0000] {taskinstance.py:2865} INFO - Rescheduling task, marking task as UP_FOR_RESCHEDULE
[2024-06-08T14:39:50.351+0000] {local_task_job_runner.py:240} INFO - Task exited with return code 0
[2024-06-08T14:39:50.385+0000] {taskinstance.py:3498} INFO - 0 downstream tasks scheduled from follow-on schedule check
[2024-06-08T14:39:50.387+0000] {local_task_job_runner.py:222} INFO - ::endgroup::
[2024-06-08T14:40:56.546+0000] {local_task_job_runner.py:120} INFO - ::group::Pre task execution logs
[2024-06-08T14:40:56.599+0000] {taskinstance.py:2076} INFO - Dependencies all met for dep_context=non-requeueable deps ti=<TaskInstance: s3_postgres.wait_until_6pm scheduled__2024-06-07T00:00:00+00:00 [queued]>
[2024-06-08T14:40:56.621+0000] {taskinstance.py:2076} INFO - Dependencies all met for dep_context=requeueable deps ti=<TaskInstance: s3_postgres.wait_until_6pm scheduled__2024-06-07T00:00:00+00:00 [queued]>
[2024-06-08T14:40:56.623+0000] {taskinstance.py:2306} INFO - Starting attempt 1 of 2
[2024-06-08T14:40:56.648+0000] {taskinstance.py:2330} INFO - Executing <Task(TimeDeltaSensor): wait_until_6pm> on 2024-06-07 00:00:00+00:00
[2024-06-08T14:40:56.659+0000] {standard_task_runner.py:90} INFO - Running: ['***', 'tasks', 'run', 's3_postgres', 'wait_until_6pm', 'scheduled__2024-06-07T00:00:00+00:00', '--job-id', '868', '--raw', '--subdir', 'DAGS_FOLDER/pipeline.py', '--cfg-path', '/tmp/tmp5c2h0wbb']
[2024-06-08T14:40:56.662+0000] {standard_task_runner.py:91} INFO - Job 868: Subtask wait_until_6pm
[2024-06-08T14:40:56.660+0000] {warnings.py:110} WARNING - /home/***/.local/lib/python3.12/site-packages/***/task/task_runner/standard_task_runner.py:61: DeprecationWarning: This process (pid=370) is multi-threaded, use of fork() may lead to deadlocks in the child.
  pid = os.fork()

[2024-06-08T14:40:56.667+0000] {standard_task_runner.py:63} INFO - Started process 379 to run task
[2024-06-08T14:40:56.746+0000] {task_command.py:426} INFO - Running <TaskInstance: s3_postgres.wait_until_6pm scheduled__2024-06-07T00:00:00+00:00 [running]> on host 728c6b2dbd3f
[2024-06-08T14:40:56.953+0000] {taskinstance.py:2648} INFO - Exporting env vars: AIRFLOW_CTX_DAG_OWNER='***' AIRFLOW_CTX_DAG_ID='s3_postgres' AIRFLOW_CTX_TASK_ID='wait_until_6pm' AIRFLOW_CTX_EXECUTION_DATE='2024-06-07T00:00:00+00:00' AIRFLOW_CTX_TRY_NUMBER='1' AIRFLOW_CTX_DAG_RUN_ID='scheduled__2024-06-07T00:00:00+00:00'
[2024-06-08T14:40:56.956+0000] {taskinstance.py:430} INFO - ::endgroup::
[2024-06-08T14:40:56.986+0000] {time_delta.py:51} INFO - Checking if the time (2024-06-08 18:00:00+00:00) has come
[2024-06-08T14:40:56.989+0000] {taskinstance.py:441} INFO - ::group::Post task execution logs
[2024-06-08T14:40:57.025+0000] {taskinstance.py:2865} INFO - Rescheduling task, marking task as UP_FOR_RESCHEDULE
[2024-06-08T14:40:57.043+0000] {local_task_job_runner.py:240} INFO - Task exited with return code 0
[2024-06-08T14:40:57.090+0000] {taskinstance.py:3498} INFO - 0 downstream tasks scheduled from follow-on schedule check
[2024-06-08T14:40:57.094+0000] {local_task_job_runner.py:222} INFO - ::endgroup::
[2024-06-08T14:41:59.850+0000] {local_task_job_runner.py:120} INFO - ::group::Pre task execution logs
[2024-06-08T14:41:59.911+0000] {taskinstance.py:2076} INFO - Dependencies all met for dep_context=non-requeueable deps ti=<TaskInstance: s3_postgres.wait_until_6pm scheduled__2024-06-07T00:00:00+00:00 [queued]>
[2024-06-08T14:41:59.928+0000] {taskinstance.py:2076} INFO - Dependencies all met for dep_context=requeueable deps ti=<TaskInstance: s3_postgres.wait_until_6pm scheduled__2024-06-07T00:00:00+00:00 [queued]>
[2024-06-08T14:41:59.929+0000] {taskinstance.py:2306} INFO - Starting attempt 1 of 2
[2024-06-08T14:41:59.951+0000] {taskinstance.py:2330} INFO - Executing <Task(TimeDeltaSensor): wait_until_6pm> on 2024-06-07 00:00:00+00:00
[2024-06-08T14:41:59.961+0000] {warnings.py:110} WARNING - /home/***/.local/lib/python3.12/site-packages/***/task/task_runner/standard_task_runner.py:61: DeprecationWarning: This process (pid=387) is multi-threaded, use of fork() may lead to deadlocks in the child.
  pid = os.fork()

[2024-06-08T14:41:59.964+0000] {standard_task_runner.py:63} INFO - Started process 389 to run task
[2024-06-08T14:41:59.964+0000] {standard_task_runner.py:90} INFO - Running: ['***', 'tasks', 'run', 's3_postgres', 'wait_until_6pm', 'scheduled__2024-06-07T00:00:00+00:00', '--job-id', '869', '--raw', '--subdir', 'DAGS_FOLDER/pipeline.py', '--cfg-path', '/tmp/tmpmzu87z_9']
[2024-06-08T14:41:59.966+0000] {standard_task_runner.py:91} INFO - Job 869: Subtask wait_until_6pm
[2024-06-08T14:42:00.047+0000] {task_command.py:426} INFO - Running <TaskInstance: s3_postgres.wait_until_6pm scheduled__2024-06-07T00:00:00+00:00 [running]> on host 728c6b2dbd3f
[2024-06-08T14:42:00.243+0000] {taskinstance.py:2648} INFO - Exporting env vars: AIRFLOW_CTX_DAG_OWNER='***' AIRFLOW_CTX_DAG_ID='s3_postgres' AIRFLOW_CTX_TASK_ID='wait_until_6pm' AIRFLOW_CTX_EXECUTION_DATE='2024-06-07T00:00:00+00:00' AIRFLOW_CTX_TRY_NUMBER='1' AIRFLOW_CTX_DAG_RUN_ID='scheduled__2024-06-07T00:00:00+00:00'
[2024-06-08T14:42:00.245+0000] {taskinstance.py:430} INFO - ::endgroup::
[2024-06-08T14:42:00.257+0000] {time_delta.py:51} INFO - Checking if the time (2024-06-08 18:00:00+00:00) has come
[2024-06-08T14:42:00.261+0000] {taskinstance.py:441} INFO - ::group::Post task execution logs
[2024-06-08T14:42:00.287+0000] {taskinstance.py:2865} INFO - Rescheduling task, marking task as UP_FOR_RESCHEDULE
[2024-06-08T14:42:00.302+0000] {local_task_job_runner.py:240} INFO - Task exited with return code 0
[2024-06-08T14:42:00.341+0000] {taskinstance.py:3498} INFO - 0 downstream tasks scheduled from follow-on schedule check
[2024-06-08T14:42:00.344+0000] {local_task_job_runner.py:222} INFO - ::endgroup::
[2024-06-08T14:43:05.143+0000] {local_task_job_runner.py:120} INFO - ::group::Pre task execution logs
[2024-06-08T14:43:05.235+0000] {taskinstance.py:2076} INFO - Dependencies all met for dep_context=non-requeueable deps ti=<TaskInstance: s3_postgres.wait_until_6pm scheduled__2024-06-07T00:00:00+00:00 [queued]>
[2024-06-08T14:43:05.266+0000] {taskinstance.py:2076} INFO - Dependencies all met for dep_context=requeueable deps ti=<TaskInstance: s3_postgres.wait_until_6pm scheduled__2024-06-07T00:00:00+00:00 [queued]>
[2024-06-08T14:43:05.267+0000] {taskinstance.py:2306} INFO - Starting attempt 1 of 2
[2024-06-08T14:43:05.317+0000] {taskinstance.py:2330} INFO - Executing <Task(TimeDeltaSensor): wait_until_6pm> on 2024-06-07 00:00:00+00:00
[2024-06-08T14:43:05.364+0000] {standard_task_runner.py:90} INFO - Running: ['***', 'tasks', 'run', 's3_postgres', 'wait_until_6pm', 'scheduled__2024-06-07T00:00:00+00:00', '--job-id', '870', '--raw', '--subdir', 'DAGS_FOLDER/pipeline.py', '--cfg-path', '/tmp/tmp0zh161ef']
[2024-06-08T14:43:05.381+0000] {standard_task_runner.py:91} INFO - Job 870: Subtask wait_until_6pm
[2024-06-08T14:43:05.385+0000] {warnings.py:110} WARNING - /home/***/.local/lib/python3.12/site-packages/***/task/task_runner/standard_task_runner.py:61: DeprecationWarning: This process (pid=404) is multi-threaded, use of fork() may lead to deadlocks in the child.
  pid = os.fork()

[2024-06-08T14:43:05.392+0000] {standard_task_runner.py:63} INFO - Started process 406 to run task
[2024-06-08T14:43:05.515+0000] {task_command.py:426} INFO - Running <TaskInstance: s3_postgres.wait_until_6pm scheduled__2024-06-07T00:00:00+00:00 [running]> on host 728c6b2dbd3f
[2024-06-08T14:43:05.803+0000] {taskinstance.py:2648} INFO - Exporting env vars: AIRFLOW_CTX_DAG_OWNER='***' AIRFLOW_CTX_DAG_ID='s3_postgres' AIRFLOW_CTX_TASK_ID='wait_until_6pm' AIRFLOW_CTX_EXECUTION_DATE='2024-06-07T00:00:00+00:00' AIRFLOW_CTX_TRY_NUMBER='1' AIRFLOW_CTX_DAG_RUN_ID='scheduled__2024-06-07T00:00:00+00:00'
[2024-06-08T14:43:05.808+0000] {taskinstance.py:430} INFO - ::endgroup::
[2024-06-08T14:43:05.830+0000] {time_delta.py:51} INFO - Checking if the time (2024-06-08 18:00:00+00:00) has come
[2024-06-08T14:43:05.836+0000] {taskinstance.py:441} INFO - ::group::Post task execution logs
[2024-06-08T14:43:05.884+0000] {taskinstance.py:2865} INFO - Rescheduling task, marking task as UP_FOR_RESCHEDULE
[2024-06-08T14:43:05.947+0000] {local_task_job_runner.py:240} INFO - Task exited with return code 0
[2024-06-08T14:43:06.009+0000] {taskinstance.py:3498} INFO - 0 downstream tasks scheduled from follow-on schedule check
[2024-06-08T14:43:06.012+0000] {local_task_job_runner.py:222} INFO - ::endgroup::
[2024-06-08T14:44:10.339+0000] {local_task_job_runner.py:120} INFO - ::group::Pre task execution logs
[2024-06-08T14:44:10.392+0000] {taskinstance.py:2076} INFO - Dependencies all met for dep_context=non-requeueable deps ti=<TaskInstance: s3_postgres.wait_until_6pm scheduled__2024-06-07T00:00:00+00:00 [queued]>
[2024-06-08T14:44:10.411+0000] {taskinstance.py:2076} INFO - Dependencies all met for dep_context=requeueable deps ti=<TaskInstance: s3_postgres.wait_until_6pm scheduled__2024-06-07T00:00:00+00:00 [queued]>
[2024-06-08T14:44:10.412+0000] {taskinstance.py:2306} INFO - Starting attempt 1 of 2
[2024-06-08T14:44:10.497+0000] {taskinstance.py:2330} INFO - Executing <Task(TimeDeltaSensor): wait_until_6pm> on 2024-06-07 00:00:00+00:00
[2024-06-08T14:44:10.512+0000] {standard_task_runner.py:90} INFO - Running: ['***', 'tasks', 'run', 's3_postgres', 'wait_until_6pm', 'scheduled__2024-06-07T00:00:00+00:00', '--job-id', '871', '--raw', '--subdir', 'DAGS_FOLDER/pipeline.py', '--cfg-path', '/tmp/tmp2zksbtqh']
[2024-06-08T14:44:10.509+0000] {warnings.py:110} WARNING - /home/***/.local/lib/python3.12/site-packages/***/task/task_runner/standard_task_runner.py:61: DeprecationWarning: This process (pid=421) is multi-threaded, use of fork() may lead to deadlocks in the child.
  pid = os.fork()

[2024-06-08T14:44:10.521+0000] {standard_task_runner.py:91} INFO - Job 871: Subtask wait_until_6pm
[2024-06-08T14:44:10.522+0000] {standard_task_runner.py:63} INFO - Started process 423 to run task
[2024-06-08T14:44:10.652+0000] {task_command.py:426} INFO - Running <TaskInstance: s3_postgres.wait_until_6pm scheduled__2024-06-07T00:00:00+00:00 [running]> on host 728c6b2dbd3f
[2024-06-08T14:44:10.890+0000] {taskinstance.py:2648} INFO - Exporting env vars: AIRFLOW_CTX_DAG_OWNER='***' AIRFLOW_CTX_DAG_ID='s3_postgres' AIRFLOW_CTX_TASK_ID='wait_until_6pm' AIRFLOW_CTX_EXECUTION_DATE='2024-06-07T00:00:00+00:00' AIRFLOW_CTX_TRY_NUMBER='1' AIRFLOW_CTX_DAG_RUN_ID='scheduled__2024-06-07T00:00:00+00:00'
[2024-06-08T14:44:10.899+0000] {taskinstance.py:430} INFO - ::endgroup::
[2024-06-08T14:44:10.919+0000] {time_delta.py:51} INFO - Checking if the time (2024-06-08 18:00:00+00:00) has come
[2024-06-08T14:44:10.922+0000] {taskinstance.py:441} INFO - ::group::Post task execution logs
[2024-06-08T14:44:11.009+0000] {taskinstance.py:2865} INFO - Rescheduling task, marking task as UP_FOR_RESCHEDULE
[2024-06-08T14:44:11.066+0000] {local_task_job_runner.py:240} INFO - Task exited with return code 0
[2024-06-08T14:44:11.148+0000] {taskinstance.py:3498} INFO - 0 downstream tasks scheduled from follow-on schedule check
[2024-06-08T14:44:11.175+0000] {local_task_job_runner.py:222} INFO - ::endgroup::
[2024-06-08T14:45:15.715+0000] {local_task_job_runner.py:120} INFO - ::group::Pre task execution logs
[2024-06-08T14:45:15.840+0000] {taskinstance.py:2076} INFO - Dependencies all met for dep_context=non-requeueable deps ti=<TaskInstance: s3_postgres.wait_until_6pm scheduled__2024-06-07T00:00:00+00:00 [queued]>
[2024-06-08T14:45:15.899+0000] {taskinstance.py:2076} INFO - Dependencies all met for dep_context=requeueable deps ti=<TaskInstance: s3_postgres.wait_until_6pm scheduled__2024-06-07T00:00:00+00:00 [queued]>
[2024-06-08T14:45:15.902+0000] {taskinstance.py:2306} INFO - Starting attempt 1 of 2
[2024-06-08T14:45:15.993+0000] {taskinstance.py:2330} INFO - Executing <Task(TimeDeltaSensor): wait_until_6pm> on 2024-06-07 00:00:00+00:00
[2024-06-08T14:45:16.047+0000] {standard_task_runner.py:90} INFO - Running: ['***', 'tasks', 'run', 's3_postgres', 'wait_until_6pm', 'scheduled__2024-06-07T00:00:00+00:00', '--job-id', '872', '--raw', '--subdir', 'DAGS_FOLDER/pipeline.py', '--cfg-path', '/tmp/tmp_luwkumo']
[2024-06-08T14:45:16.074+0000] {standard_task_runner.py:91} INFO - Job 872: Subtask wait_until_6pm
[2024-06-08T14:45:16.038+0000] {warnings.py:110} WARNING - /home/***/.local/lib/python3.12/site-packages/***/task/task_runner/standard_task_runner.py:61: DeprecationWarning: This process (pid=431) is multi-threaded, use of fork() may lead to deadlocks in the child.
  pid = os.fork()

[2024-06-08T14:45:16.110+0000] {standard_task_runner.py:63} INFO - Started process 440 to run task
[2024-06-08T14:45:16.310+0000] {task_command.py:426} INFO - Running <TaskInstance: s3_postgres.wait_until_6pm scheduled__2024-06-07T00:00:00+00:00 [running]> on host 728c6b2dbd3f
[2024-06-08T14:45:16.877+0000] {taskinstance.py:2648} INFO - Exporting env vars: AIRFLOW_CTX_DAG_OWNER='***' AIRFLOW_CTX_DAG_ID='s3_postgres' AIRFLOW_CTX_TASK_ID='wait_until_6pm' AIRFLOW_CTX_EXECUTION_DATE='2024-06-07T00:00:00+00:00' AIRFLOW_CTX_TRY_NUMBER='1' AIRFLOW_CTX_DAG_RUN_ID='scheduled__2024-06-07T00:00:00+00:00'
[2024-06-08T14:45:16.881+0000] {taskinstance.py:430} INFO - ::endgroup::
[2024-06-08T14:45:16.935+0000] {time_delta.py:51} INFO - Checking if the time (2024-06-08 18:00:00+00:00) has come
[2024-06-08T14:45:17.020+0000] {taskinstance.py:441} INFO - ::group::Post task execution logs
[2024-06-08T14:45:17.130+0000] {taskinstance.py:2865} INFO - Rescheduling task, marking task as UP_FOR_RESCHEDULE
[2024-06-08T14:45:17.279+0000] {local_task_job_runner.py:240} INFO - Task exited with return code 0
[2024-06-08T14:45:17.397+0000] {taskinstance.py:3498} INFO - 0 downstream tasks scheduled from follow-on schedule check
[2024-06-08T14:45:17.408+0000] {local_task_job_runner.py:222} INFO - ::endgroup::
[2024-06-08T14:46:21.321+0000] {local_task_job_runner.py:120} INFO - ::group::Pre task execution logs
[2024-06-08T14:46:21.360+0000] {taskinstance.py:2076} INFO - Dependencies all met for dep_context=non-requeueable deps ti=<TaskInstance: s3_postgres.wait_until_6pm scheduled__2024-06-07T00:00:00+00:00 [queued]>
[2024-06-08T14:46:21.373+0000] {taskinstance.py:2076} INFO - Dependencies all met for dep_context=requeueable deps ti=<TaskInstance: s3_postgres.wait_until_6pm scheduled__2024-06-07T00:00:00+00:00 [queued]>
[2024-06-08T14:46:21.374+0000] {taskinstance.py:2306} INFO - Starting attempt 1 of 2
[2024-06-08T14:46:21.395+0000] {taskinstance.py:2330} INFO - Executing <Task(TimeDeltaSensor): wait_until_6pm> on 2024-06-07 00:00:00+00:00
[2024-06-08T14:46:21.404+0000] {warnings.py:110} WARNING - /home/***/.local/lib/python3.12/site-packages/***/task/task_runner/standard_task_runner.py:61: DeprecationWarning: This process (pid=448) is multi-threaded, use of fork() may lead to deadlocks in the child.
  pid = os.fork()

[2024-06-08T14:46:21.406+0000] {standard_task_runner.py:63} INFO - Started process 450 to run task
[2024-06-08T14:46:21.407+0000] {standard_task_runner.py:90} INFO - Running: ['***', 'tasks', 'run', 's3_postgres', 'wait_until_6pm', 'scheduled__2024-06-07T00:00:00+00:00', '--job-id', '873', '--raw', '--subdir', 'DAGS_FOLDER/pipeline.py', '--cfg-path', '/tmp/tmp53vspoqv']
[2024-06-08T14:46:21.409+0000] {standard_task_runner.py:91} INFO - Job 873: Subtask wait_until_6pm
[2024-06-08T14:46:21.528+0000] {task_command.py:426} INFO - Running <TaskInstance: s3_postgres.wait_until_6pm scheduled__2024-06-07T00:00:00+00:00 [running]> on host 728c6b2dbd3f
[2024-06-08T14:46:21.728+0000] {taskinstance.py:2648} INFO - Exporting env vars: AIRFLOW_CTX_DAG_OWNER='***' AIRFLOW_CTX_DAG_ID='s3_postgres' AIRFLOW_CTX_TASK_ID='wait_until_6pm' AIRFLOW_CTX_EXECUTION_DATE='2024-06-07T00:00:00+00:00' AIRFLOW_CTX_TRY_NUMBER='1' AIRFLOW_CTX_DAG_RUN_ID='scheduled__2024-06-07T00:00:00+00:00'
[2024-06-08T14:46:21.731+0000] {taskinstance.py:430} INFO - ::endgroup::
[2024-06-08T14:46:21.751+0000] {time_delta.py:51} INFO - Checking if the time (2024-06-08 18:00:00+00:00) has come
[2024-06-08T14:46:21.754+0000] {taskinstance.py:441} INFO - ::group::Post task execution logs
[2024-06-08T14:46:21.799+0000] {taskinstance.py:2865} INFO - Rescheduling task, marking task as UP_FOR_RESCHEDULE
[2024-06-08T14:46:21.822+0000] {local_task_job_runner.py:240} INFO - Task exited with return code 0
[2024-06-08T14:46:21.872+0000] {taskinstance.py:3498} INFO - 0 downstream tasks scheduled from follow-on schedule check
[2024-06-08T14:46:21.876+0000] {local_task_job_runner.py:222} INFO - ::endgroup::
[2024-06-08T14:47:24.852+0000] {local_task_job_runner.py:120} INFO - ::group::Pre task execution logs
[2024-06-08T14:47:24.884+0000] {taskinstance.py:2076} INFO - Dependencies all met for dep_context=non-requeueable deps ti=<TaskInstance: s3_postgres.wait_until_6pm scheduled__2024-06-07T00:00:00+00:00 [queued]>
[2024-06-08T14:47:24.897+0000] {taskinstance.py:2076} INFO - Dependencies all met for dep_context=requeueable deps ti=<TaskInstance: s3_postgres.wait_until_6pm scheduled__2024-06-07T00:00:00+00:00 [queued]>
[2024-06-08T14:47:24.897+0000] {taskinstance.py:2306} INFO - Starting attempt 1 of 2
[2024-06-08T14:47:24.918+0000] {taskinstance.py:2330} INFO - Executing <Task(TimeDeltaSensor): wait_until_6pm> on 2024-06-07 00:00:00+00:00
[2024-06-08T14:47:24.930+0000] {warnings.py:110} WARNING - /home/***/.local/lib/python3.12/site-packages/***/task/task_runner/standard_task_runner.py:61: DeprecationWarning: This process (pid=465) is multi-threaded, use of fork() may lead to deadlocks in the child.
  pid = os.fork()

[2024-06-08T14:47:24.932+0000] {standard_task_runner.py:63} INFO - Started process 467 to run task
[2024-06-08T14:47:24.932+0000] {standard_task_runner.py:90} INFO - Running: ['***', 'tasks', 'run', 's3_postgres', 'wait_until_6pm', 'scheduled__2024-06-07T00:00:00+00:00', '--job-id', '874', '--raw', '--subdir', 'DAGS_FOLDER/pipeline.py', '--cfg-path', '/tmp/tmpix8_4ugm']
[2024-06-08T14:47:24.934+0000] {standard_task_runner.py:91} INFO - Job 874: Subtask wait_until_6pm
[2024-06-08T14:47:25.011+0000] {task_command.py:426} INFO - Running <TaskInstance: s3_postgres.wait_until_6pm scheduled__2024-06-07T00:00:00+00:00 [running]> on host 728c6b2dbd3f
[2024-06-08T14:47:25.156+0000] {taskinstance.py:2648} INFO - Exporting env vars: AIRFLOW_CTX_DAG_OWNER='***' AIRFLOW_CTX_DAG_ID='s3_postgres' AIRFLOW_CTX_TASK_ID='wait_until_6pm' AIRFLOW_CTX_EXECUTION_DATE='2024-06-07T00:00:00+00:00' AIRFLOW_CTX_TRY_NUMBER='1' AIRFLOW_CTX_DAG_RUN_ID='scheduled__2024-06-07T00:00:00+00:00'
[2024-06-08T14:47:25.159+0000] {taskinstance.py:430} INFO - ::endgroup::
[2024-06-08T14:47:25.170+0000] {time_delta.py:51} INFO - Checking if the time (2024-06-08 18:00:00+00:00) has come
[2024-06-08T14:47:25.172+0000] {taskinstance.py:441} INFO - ::group::Post task execution logs
[2024-06-08T14:47:25.197+0000] {taskinstance.py:2865} INFO - Rescheduling task, marking task as UP_FOR_RESCHEDULE
[2024-06-08T14:47:25.227+0000] {local_task_job_runner.py:240} INFO - Task exited with return code 0
[2024-06-08T14:47:25.273+0000] {taskinstance.py:3498} INFO - 0 downstream tasks scheduled from follow-on schedule check
[2024-06-08T14:47:25.277+0000] {local_task_job_runner.py:222} INFO - ::endgroup::
[2024-06-08T14:48:29.477+0000] {local_task_job_runner.py:120} INFO - ::group::Pre task execution logs
[2024-06-08T14:48:29.529+0000] {taskinstance.py:2076} INFO - Dependencies all met for dep_context=non-requeueable deps ti=<TaskInstance: s3_postgres.wait_until_6pm scheduled__2024-06-07T00:00:00+00:00 [queued]>
[2024-06-08T14:48:29.548+0000] {taskinstance.py:2076} INFO - Dependencies all met for dep_context=requeueable deps ti=<TaskInstance: s3_postgres.wait_until_6pm scheduled__2024-06-07T00:00:00+00:00 [queued]>
[2024-06-08T14:48:29.549+0000] {taskinstance.py:2306} INFO - Starting attempt 1 of 2
[2024-06-08T14:48:29.581+0000] {taskinstance.py:2330} INFO - Executing <Task(TimeDeltaSensor): wait_until_6pm> on 2024-06-07 00:00:00+00:00
[2024-06-08T14:48:29.591+0000] {warnings.py:110} WARNING - /home/***/.local/lib/python3.12/site-packages/***/task/task_runner/standard_task_runner.py:61: DeprecationWarning: This process (pid=482) is multi-threaded, use of fork() may lead to deadlocks in the child.
  pid = os.fork()

[2024-06-08T14:48:29.593+0000] {standard_task_runner.py:63} INFO - Started process 484 to run task
[2024-06-08T14:48:29.594+0000] {standard_task_runner.py:90} INFO - Running: ['***', 'tasks', 'run', 's3_postgres', 'wait_until_6pm', 'scheduled__2024-06-07T00:00:00+00:00', '--job-id', '875', '--raw', '--subdir', 'DAGS_FOLDER/pipeline.py', '--cfg-path', '/tmp/tmp5m6ry54b']
[2024-06-08T14:48:29.595+0000] {standard_task_runner.py:91} INFO - Job 875: Subtask wait_until_6pm
[2024-06-08T14:48:29.677+0000] {task_command.py:426} INFO - Running <TaskInstance: s3_postgres.wait_until_6pm scheduled__2024-06-07T00:00:00+00:00 [running]> on host 728c6b2dbd3f
[2024-06-08T14:48:29.878+0000] {taskinstance.py:2648} INFO - Exporting env vars: AIRFLOW_CTX_DAG_OWNER='***' AIRFLOW_CTX_DAG_ID='s3_postgres' AIRFLOW_CTX_TASK_ID='wait_until_6pm' AIRFLOW_CTX_EXECUTION_DATE='2024-06-07T00:00:00+00:00' AIRFLOW_CTX_TRY_NUMBER='1' AIRFLOW_CTX_DAG_RUN_ID='scheduled__2024-06-07T00:00:00+00:00'
[2024-06-08T14:48:29.882+0000] {taskinstance.py:430} INFO - ::endgroup::
[2024-06-08T14:48:29.897+0000] {time_delta.py:51} INFO - Checking if the time (2024-06-08 18:00:00+00:00) has come
[2024-06-08T14:48:29.899+0000] {taskinstance.py:441} INFO - ::group::Post task execution logs
[2024-06-08T14:48:29.937+0000] {taskinstance.py:2865} INFO - Rescheduling task, marking task as UP_FOR_RESCHEDULE
[2024-06-08T14:48:29.971+0000] {local_task_job_runner.py:240} INFO - Task exited with return code 0
[2024-06-08T14:48:30.017+0000] {taskinstance.py:3498} INFO - 0 downstream tasks scheduled from follow-on schedule check
[2024-06-08T14:48:30.020+0000] {local_task_job_runner.py:222} INFO - ::endgroup::
[2024-06-08T14:49:33.139+0000] {local_task_job_runner.py:120} INFO - ::group::Pre task execution logs
[2024-06-08T14:49:33.181+0000] {taskinstance.py:2076} INFO - Dependencies all met for dep_context=non-requeueable deps ti=<TaskInstance: s3_postgres.wait_until_6pm scheduled__2024-06-07T00:00:00+00:00 [queued]>
[2024-06-08T14:49:33.215+0000] {taskinstance.py:2076} INFO - Dependencies all met for dep_context=requeueable deps ti=<TaskInstance: s3_postgres.wait_until_6pm scheduled__2024-06-07T00:00:00+00:00 [queued]>
[2024-06-08T14:49:33.217+0000] {taskinstance.py:2306} INFO - Starting attempt 1 of 2
[2024-06-08T14:49:33.259+0000] {taskinstance.py:2330} INFO - Executing <Task(TimeDeltaSensor): wait_until_6pm> on 2024-06-07 00:00:00+00:00
[2024-06-08T14:49:33.273+0000] {warnings.py:110} WARNING - /home/***/.local/lib/python3.12/site-packages/***/task/task_runner/standard_task_runner.py:61: DeprecationWarning: This process (pid=492) is multi-threaded, use of fork() may lead to deadlocks in the child.
  pid = os.fork()

[2024-06-08T14:49:33.276+0000] {standard_task_runner.py:63} INFO - Started process 494 to run task
[2024-06-08T14:49:33.276+0000] {standard_task_runner.py:90} INFO - Running: ['***', 'tasks', 'run', 's3_postgres', 'wait_until_6pm', 'scheduled__2024-06-07T00:00:00+00:00', '--job-id', '876', '--raw', '--subdir', 'DAGS_FOLDER/pipeline.py', '--cfg-path', '/tmp/tmpod_tzx5b']
[2024-06-08T14:49:33.278+0000] {standard_task_runner.py:91} INFO - Job 876: Subtask wait_until_6pm
[2024-06-08T14:49:33.364+0000] {task_command.py:426} INFO - Running <TaskInstance: s3_postgres.wait_until_6pm scheduled__2024-06-07T00:00:00+00:00 [running]> on host 728c6b2dbd3f
[2024-06-08T14:49:33.558+0000] {taskinstance.py:2648} INFO - Exporting env vars: AIRFLOW_CTX_DAG_OWNER='***' AIRFLOW_CTX_DAG_ID='s3_postgres' AIRFLOW_CTX_TASK_ID='wait_until_6pm' AIRFLOW_CTX_EXECUTION_DATE='2024-06-07T00:00:00+00:00' AIRFLOW_CTX_TRY_NUMBER='1' AIRFLOW_CTX_DAG_RUN_ID='scheduled__2024-06-07T00:00:00+00:00'
[2024-06-08T14:49:33.564+0000] {taskinstance.py:430} INFO - ::endgroup::
[2024-06-08T14:49:33.584+0000] {time_delta.py:51} INFO - Checking if the time (2024-06-08 18:00:00+00:00) has come
[2024-06-08T14:49:33.587+0000] {taskinstance.py:441} INFO - ::group::Post task execution logs
[2024-06-08T14:49:33.650+0000] {taskinstance.py:2865} INFO - Rescheduling task, marking task as UP_FOR_RESCHEDULE
[2024-06-08T14:49:33.695+0000] {local_task_job_runner.py:240} INFO - Task exited with return code 0
[2024-06-08T14:49:33.779+0000] {taskinstance.py:3498} INFO - 0 downstream tasks scheduled from follow-on schedule check
[2024-06-08T14:49:33.784+0000] {local_task_job_runner.py:222} INFO - ::endgroup::
[2024-06-08T14:50:36.232+0000] {local_task_job_runner.py:120} INFO - ::group::Pre task execution logs
[2024-06-08T14:50:36.278+0000] {taskinstance.py:2076} INFO - Dependencies all met for dep_context=non-requeueable deps ti=<TaskInstance: s3_postgres.wait_until_6pm scheduled__2024-06-07T00:00:00+00:00 [queued]>
[2024-06-08T14:50:36.291+0000] {taskinstance.py:2076} INFO - Dependencies all met for dep_context=requeueable deps ti=<TaskInstance: s3_postgres.wait_until_6pm scheduled__2024-06-07T00:00:00+00:00 [queued]>
[2024-06-08T14:50:36.291+0000] {taskinstance.py:2306} INFO - Starting attempt 1 of 2
[2024-06-08T14:50:36.314+0000] {taskinstance.py:2330} INFO - Executing <Task(TimeDeltaSensor): wait_until_6pm> on 2024-06-07 00:00:00+00:00
[2024-06-08T14:50:36.320+0000] {warnings.py:110} WARNING - /home/***/.local/lib/python3.12/site-packages/***/task/task_runner/standard_task_runner.py:61: DeprecationWarning: This process (pid=509) is multi-threaded, use of fork() may lead to deadlocks in the child.
  pid = os.fork()

[2024-06-08T14:50:36.322+0000] {standard_task_runner.py:63} INFO - Started process 511 to run task
[2024-06-08T14:50:36.323+0000] {standard_task_runner.py:90} INFO - Running: ['***', 'tasks', 'run', 's3_postgres', 'wait_until_6pm', 'scheduled__2024-06-07T00:00:00+00:00', '--job-id', '877', '--raw', '--subdir', 'DAGS_FOLDER/pipeline.py', '--cfg-path', '/tmp/tmpyv8q6yc_']
[2024-06-08T14:50:36.325+0000] {standard_task_runner.py:91} INFO - Job 877: Subtask wait_until_6pm
[2024-06-08T14:50:36.382+0000] {task_command.py:426} INFO - Running <TaskInstance: s3_postgres.wait_until_6pm scheduled__2024-06-07T00:00:00+00:00 [running]> on host 728c6b2dbd3f
[2024-06-08T14:50:36.497+0000] {taskinstance.py:2648} INFO - Exporting env vars: AIRFLOW_CTX_DAG_OWNER='***' AIRFLOW_CTX_DAG_ID='s3_postgres' AIRFLOW_CTX_TASK_ID='wait_until_6pm' AIRFLOW_CTX_EXECUTION_DATE='2024-06-07T00:00:00+00:00' AIRFLOW_CTX_TRY_NUMBER='1' AIRFLOW_CTX_DAG_RUN_ID='scheduled__2024-06-07T00:00:00+00:00'
[2024-06-08T14:50:36.499+0000] {taskinstance.py:430} INFO - ::endgroup::
[2024-06-08T14:50:36.509+0000] {time_delta.py:51} INFO - Checking if the time (2024-06-08 18:00:00+00:00) has come
[2024-06-08T14:50:36.512+0000] {taskinstance.py:441} INFO - ::group::Post task execution logs
[2024-06-08T14:50:36.535+0000] {taskinstance.py:2865} INFO - Rescheduling task, marking task as UP_FOR_RESCHEDULE
[2024-06-08T14:50:36.577+0000] {local_task_job_runner.py:240} INFO - Task exited with return code 0
[2024-06-08T14:50:36.612+0000] {taskinstance.py:3498} INFO - 0 downstream tasks scheduled from follow-on schedule check
[2024-06-08T14:50:36.615+0000] {local_task_job_runner.py:222} INFO - ::endgroup::
[2024-06-08T14:51:39.317+0000] {local_task_job_runner.py:120} INFO - ::group::Pre task execution logs
[2024-06-08T14:51:39.373+0000] {taskinstance.py:2076} INFO - Dependencies all met for dep_context=non-requeueable deps ti=<TaskInstance: s3_postgres.wait_until_6pm scheduled__2024-06-07T00:00:00+00:00 [queued]>
[2024-06-08T14:51:39.387+0000] {taskinstance.py:2076} INFO - Dependencies all met for dep_context=requeueable deps ti=<TaskInstance: s3_postgres.wait_until_6pm scheduled__2024-06-07T00:00:00+00:00 [queued]>
[2024-06-08T14:51:39.389+0000] {taskinstance.py:2306} INFO - Starting attempt 1 of 2
[2024-06-08T14:51:39.419+0000] {taskinstance.py:2330} INFO - Executing <Task(TimeDeltaSensor): wait_until_6pm> on 2024-06-07 00:00:00+00:00
[2024-06-08T14:51:39.444+0000] {standard_task_runner.py:90} INFO - Running: ['***', 'tasks', 'run', 's3_postgres', 'wait_until_6pm', 'scheduled__2024-06-07T00:00:00+00:00', '--job-id', '878', '--raw', '--subdir', 'DAGS_FOLDER/pipeline.py', '--cfg-path', '/tmp/tmpbfr63x_s']
[2024-06-08T14:51:39.437+0000] {warnings.py:110} WARNING - /home/***/.local/lib/python3.12/site-packages/***/task/task_runner/standard_task_runner.py:61: DeprecationWarning: This process (pid=526) is multi-threaded, use of fork() may lead to deadlocks in the child.
  pid = os.fork()

[2024-06-08T14:51:39.450+0000] {standard_task_runner.py:91} INFO - Job 878: Subtask wait_until_6pm
[2024-06-08T14:51:39.451+0000] {standard_task_runner.py:63} INFO - Started process 528 to run task
[2024-06-08T14:51:39.586+0000] {task_command.py:426} INFO - Running <TaskInstance: s3_postgres.wait_until_6pm scheduled__2024-06-07T00:00:00+00:00 [running]> on host 728c6b2dbd3f
[2024-06-08T14:51:39.765+0000] {taskinstance.py:2648} INFO - Exporting env vars: AIRFLOW_CTX_DAG_OWNER='***' AIRFLOW_CTX_DAG_ID='s3_postgres' AIRFLOW_CTX_TASK_ID='wait_until_6pm' AIRFLOW_CTX_EXECUTION_DATE='2024-06-07T00:00:00+00:00' AIRFLOW_CTX_TRY_NUMBER='1' AIRFLOW_CTX_DAG_RUN_ID='scheduled__2024-06-07T00:00:00+00:00'
[2024-06-08T14:51:39.767+0000] {taskinstance.py:430} INFO - ::endgroup::
[2024-06-08T14:51:39.776+0000] {time_delta.py:51} INFO - Checking if the time (2024-06-08 18:00:00+00:00) has come
[2024-06-08T14:51:39.778+0000] {taskinstance.py:441} INFO - ::group::Post task execution logs
[2024-06-08T14:51:39.807+0000] {taskinstance.py:2865} INFO - Rescheduling task, marking task as UP_FOR_RESCHEDULE
[2024-06-08T14:51:39.831+0000] {local_task_job_runner.py:240} INFO - Task exited with return code 0
[2024-06-08T14:51:39.876+0000] {taskinstance.py:3498} INFO - 0 downstream tasks scheduled from follow-on schedule check
[2024-06-08T14:51:39.879+0000] {local_task_job_runner.py:222} INFO - ::endgroup::
[2024-06-08T14:52:42.518+0000] {local_task_job_runner.py:120} INFO - ::group::Pre task execution logs
[2024-06-08T14:52:42.544+0000] {taskinstance.py:2076} INFO - Dependencies all met for dep_context=non-requeueable deps ti=<TaskInstance: s3_postgres.wait_until_6pm scheduled__2024-06-07T00:00:00+00:00 [queued]>
[2024-06-08T14:52:42.559+0000] {taskinstance.py:2076} INFO - Dependencies all met for dep_context=requeueable deps ti=<TaskInstance: s3_postgres.wait_until_6pm scheduled__2024-06-07T00:00:00+00:00 [queued]>
[2024-06-08T14:52:42.559+0000] {taskinstance.py:2306} INFO - Starting attempt 1 of 2
[2024-06-08T14:52:42.577+0000] {taskinstance.py:2330} INFO - Executing <Task(TimeDeltaSensor): wait_until_6pm> on 2024-06-07 00:00:00+00:00
[2024-06-08T14:52:42.585+0000] {warnings.py:110} WARNING - /home/***/.local/lib/python3.12/site-packages/***/task/task_runner/standard_task_runner.py:61: DeprecationWarning: This process (pid=536) is multi-threaded, use of fork() may lead to deadlocks in the child.
  pid = os.fork()

[2024-06-08T14:52:42.587+0000] {standard_task_runner.py:63} INFO - Started process 538 to run task
[2024-06-08T14:52:42.586+0000] {standard_task_runner.py:90} INFO - Running: ['***', 'tasks', 'run', 's3_postgres', 'wait_until_6pm', 'scheduled__2024-06-07T00:00:00+00:00', '--job-id', '879', '--raw', '--subdir', 'DAGS_FOLDER/pipeline.py', '--cfg-path', '/tmp/tmpp6f7orhg']
[2024-06-08T14:52:42.587+0000] {standard_task_runner.py:91} INFO - Job 879: Subtask wait_until_6pm
[2024-06-08T14:52:42.649+0000] {task_command.py:426} INFO - Running <TaskInstance: s3_postgres.wait_until_6pm scheduled__2024-06-07T00:00:00+00:00 [running]> on host 728c6b2dbd3f
[2024-06-08T14:52:42.784+0000] {taskinstance.py:2648} INFO - Exporting env vars: AIRFLOW_CTX_DAG_OWNER='***' AIRFLOW_CTX_DAG_ID='s3_postgres' AIRFLOW_CTX_TASK_ID='wait_until_6pm' AIRFLOW_CTX_EXECUTION_DATE='2024-06-07T00:00:00+00:00' AIRFLOW_CTX_TRY_NUMBER='1' AIRFLOW_CTX_DAG_RUN_ID='scheduled__2024-06-07T00:00:00+00:00'
[2024-06-08T14:52:42.786+0000] {taskinstance.py:430} INFO - ::endgroup::
[2024-06-08T14:52:42.803+0000] {time_delta.py:51} INFO - Checking if the time (2024-06-08 18:00:00+00:00) has come
[2024-06-08T14:52:42.805+0000] {taskinstance.py:441} INFO - ::group::Post task execution logs
[2024-06-08T14:52:42.832+0000] {taskinstance.py:2865} INFO - Rescheduling task, marking task as UP_FOR_RESCHEDULE
[2024-06-08T14:52:42.882+0000] {local_task_job_runner.py:240} INFO - Task exited with return code 0
[2024-06-08T14:52:42.897+0000] {local_task_job_runner.py:222} INFO - ::endgroup::
[2024-06-08T14:53:47.167+0000] {local_task_job_runner.py:120} INFO - ::group::Pre task execution logs
[2024-06-08T14:53:47.199+0000] {taskinstance.py:2076} INFO - Dependencies all met for dep_context=non-requeueable deps ti=<TaskInstance: s3_postgres.wait_until_6pm scheduled__2024-06-07T00:00:00+00:00 [queued]>
[2024-06-08T14:53:47.211+0000] {taskinstance.py:2076} INFO - Dependencies all met for dep_context=requeueable deps ti=<TaskInstance: s3_postgres.wait_until_6pm scheduled__2024-06-07T00:00:00+00:00 [queued]>
[2024-06-08T14:53:47.212+0000] {taskinstance.py:2306} INFO - Starting attempt 1 of 2
[2024-06-08T14:53:47.231+0000] {taskinstance.py:2330} INFO - Executing <Task(TimeDeltaSensor): wait_until_6pm> on 2024-06-07 00:00:00+00:00
[2024-06-08T14:53:47.240+0000] {warnings.py:110} WARNING - /home/***/.local/lib/python3.12/site-packages/***/task/task_runner/standard_task_runner.py:61: DeprecationWarning: This process (pid=553) is multi-threaded, use of fork() may lead to deadlocks in the child.
  pid = os.fork()

[2024-06-08T14:53:47.243+0000] {standard_task_runner.py:63} INFO - Started process 555 to run task
[2024-06-08T14:53:47.243+0000] {standard_task_runner.py:90} INFO - Running: ['***', 'tasks', 'run', 's3_postgres', 'wait_until_6pm', 'scheduled__2024-06-07T00:00:00+00:00', '--job-id', '880', '--raw', '--subdir', 'DAGS_FOLDER/pipeline.py', '--cfg-path', '/tmp/tmpznni8y52']
[2024-06-08T14:53:47.244+0000] {standard_task_runner.py:91} INFO - Job 880: Subtask wait_until_6pm
[2024-06-08T14:53:47.363+0000] {task_command.py:426} INFO - Running <TaskInstance: s3_postgres.wait_until_6pm scheduled__2024-06-07T00:00:00+00:00 [running]> on host 728c6b2dbd3f
[2024-06-08T14:53:47.527+0000] {taskinstance.py:2648} INFO - Exporting env vars: AIRFLOW_CTX_DAG_OWNER='***' AIRFLOW_CTX_DAG_ID='s3_postgres' AIRFLOW_CTX_TASK_ID='wait_until_6pm' AIRFLOW_CTX_EXECUTION_DATE='2024-06-07T00:00:00+00:00' AIRFLOW_CTX_TRY_NUMBER='1' AIRFLOW_CTX_DAG_RUN_ID='scheduled__2024-06-07T00:00:00+00:00'
[2024-06-08T14:53:47.529+0000] {taskinstance.py:430} INFO - ::endgroup::
[2024-06-08T14:53:47.540+0000] {time_delta.py:51} INFO - Checking if the time (2024-06-08 18:00:00+00:00) has come
[2024-06-08T14:53:47.543+0000] {taskinstance.py:441} INFO - ::group::Post task execution logs
[2024-06-08T14:53:47.572+0000] {taskinstance.py:2865} INFO - Rescheduling task, marking task as UP_FOR_RESCHEDULE
[2024-06-08T14:53:47.620+0000] {local_task_job_runner.py:240} INFO - Task exited with return code 0
[2024-06-08T14:53:47.635+0000] {local_task_job_runner.py:222} INFO - ::endgroup::
[2024-06-08T14:54:57.460+0000] {local_task_job_runner.py:120} INFO - ::group::Pre task execution logs
[2024-06-08T14:54:57.555+0000] {taskinstance.py:2076} INFO - Dependencies all met for dep_context=non-requeueable deps ti=<TaskInstance: s3_postgres.wait_until_6pm scheduled__2024-06-07T00:00:00+00:00 [queued]>
[2024-06-08T14:54:57.613+0000] {taskinstance.py:2076} INFO - Dependencies all met for dep_context=requeueable deps ti=<TaskInstance: s3_postgres.wait_until_6pm scheduled__2024-06-07T00:00:00+00:00 [queued]>
[2024-06-08T14:54:57.638+0000] {taskinstance.py:2306} INFO - Starting attempt 1 of 2
[2024-06-08T14:54:57.691+0000] {taskinstance.py:2330} INFO - Executing <Task(TimeDeltaSensor): wait_until_6pm> on 2024-06-07 00:00:00+00:00
[2024-06-08T14:54:57.716+0000] {warnings.py:110} WARNING - /home/***/.local/lib/python3.12/site-packages/***/task/task_runner/standard_task_runner.py:61: DeprecationWarning: This process (pid=570) is multi-threaded, use of fork() may lead to deadlocks in the child.
  pid = os.fork()

[2024-06-08T14:54:57.718+0000] {standard_task_runner.py:90} INFO - Running: ['***', 'tasks', 'run', 's3_postgres', 'wait_until_6pm', 'scheduled__2024-06-07T00:00:00+00:00', '--job-id', '881', '--raw', '--subdir', 'DAGS_FOLDER/pipeline.py', '--cfg-path', '/tmp/tmpiy5aiwf9']
[2024-06-08T14:54:57.730+0000] {standard_task_runner.py:91} INFO - Job 881: Subtask wait_until_6pm
[2024-06-08T14:54:57.723+0000] {standard_task_runner.py:63} INFO - Started process 572 to run task
[2024-06-08T14:54:57.904+0000] {task_command.py:426} INFO - Running <TaskInstance: s3_postgres.wait_until_6pm scheduled__2024-06-07T00:00:00+00:00 [running]> on host 728c6b2dbd3f
[2024-06-08T14:54:58.231+0000] {taskinstance.py:2648} INFO - Exporting env vars: AIRFLOW_CTX_DAG_OWNER='***' AIRFLOW_CTX_DAG_ID='s3_postgres' AIRFLOW_CTX_TASK_ID='wait_until_6pm' AIRFLOW_CTX_EXECUTION_DATE='2024-06-07T00:00:00+00:00' AIRFLOW_CTX_TRY_NUMBER='1' AIRFLOW_CTX_DAG_RUN_ID='scheduled__2024-06-07T00:00:00+00:00'
[2024-06-08T14:54:58.239+0000] {taskinstance.py:430} INFO - ::endgroup::
[2024-06-08T14:54:58.267+0000] {time_delta.py:51} INFO - Checking if the time (2024-06-08 18:00:00+00:00) has come
[2024-06-08T14:54:58.279+0000] {taskinstance.py:441} INFO - ::group::Post task execution logs
[2024-06-08T14:54:58.336+0000] {taskinstance.py:2865} INFO - Rescheduling task, marking task as UP_FOR_RESCHEDULE
[2024-06-08T14:54:58.373+0000] {local_task_job_runner.py:240} INFO - Task exited with return code 0
[2024-06-08T14:54:58.448+0000] {taskinstance.py:3498} INFO - 0 downstream tasks scheduled from follow-on schedule check
[2024-06-08T14:54:58.454+0000] {local_task_job_runner.py:222} INFO - ::endgroup::
[2024-06-08T14:56:01.054+0000] {local_task_job_runner.py:120} INFO - ::group::Pre task execution logs
[2024-06-08T14:56:01.092+0000] {taskinstance.py:2076} INFO - Dependencies all met for dep_context=non-requeueable deps ti=<TaskInstance: s3_postgres.wait_until_6pm scheduled__2024-06-07T00:00:00+00:00 [queued]>
[2024-06-08T14:56:01.106+0000] {taskinstance.py:2076} INFO - Dependencies all met for dep_context=requeueable deps ti=<TaskInstance: s3_postgres.wait_until_6pm scheduled__2024-06-07T00:00:00+00:00 [queued]>
[2024-06-08T14:56:01.107+0000] {taskinstance.py:2306} INFO - Starting attempt 1 of 2
[2024-06-08T14:56:01.125+0000] {taskinstance.py:2330} INFO - Executing <Task(TimeDeltaSensor): wait_until_6pm> on 2024-06-07 00:00:00+00:00
[2024-06-08T14:56:01.133+0000] {warnings.py:110} WARNING - /home/***/.local/lib/python3.12/site-packages/***/task/task_runner/standard_task_runner.py:61: DeprecationWarning: This process (pid=587) is multi-threaded, use of fork() may lead to deadlocks in the child.
  pid = os.fork()

[2024-06-08T14:56:01.135+0000] {standard_task_runner.py:63} INFO - Started process 589 to run task
[2024-06-08T14:56:01.135+0000] {standard_task_runner.py:90} INFO - Running: ['***', 'tasks', 'run', 's3_postgres', 'wait_until_6pm', 'scheduled__2024-06-07T00:00:00+00:00', '--job-id', '882', '--raw', '--subdir', 'DAGS_FOLDER/pipeline.py', '--cfg-path', '/tmp/tmp2j400y1p']
[2024-06-08T14:56:01.137+0000] {standard_task_runner.py:91} INFO - Job 882: Subtask wait_until_6pm
[2024-06-08T14:56:01.206+0000] {task_command.py:426} INFO - Running <TaskInstance: s3_postgres.wait_until_6pm scheduled__2024-06-07T00:00:00+00:00 [running]> on host 728c6b2dbd3f
[2024-06-08T14:56:01.334+0000] {taskinstance.py:2648} INFO - Exporting env vars: AIRFLOW_CTX_DAG_OWNER='***' AIRFLOW_CTX_DAG_ID='s3_postgres' AIRFLOW_CTX_TASK_ID='wait_until_6pm' AIRFLOW_CTX_EXECUTION_DATE='2024-06-07T00:00:00+00:00' AIRFLOW_CTX_TRY_NUMBER='1' AIRFLOW_CTX_DAG_RUN_ID='scheduled__2024-06-07T00:00:00+00:00'
[2024-06-08T14:56:01.335+0000] {taskinstance.py:430} INFO - ::endgroup::
[2024-06-08T14:56:01.346+0000] {time_delta.py:51} INFO - Checking if the time (2024-06-08 18:00:00+00:00) has come
[2024-06-08T14:56:01.348+0000] {taskinstance.py:441} INFO - ::group::Post task execution logs
[2024-06-08T14:56:01.374+0000] {taskinstance.py:2865} INFO - Rescheduling task, marking task as UP_FOR_RESCHEDULE
[2024-06-08T14:56:01.393+0000] {local_task_job_runner.py:240} INFO - Task exited with return code 0
[2024-06-08T14:56:01.440+0000] {taskinstance.py:3498} INFO - 0 downstream tasks scheduled from follow-on schedule check
[2024-06-08T14:56:01.443+0000] {local_task_job_runner.py:222} INFO - ::endgroup::
[2024-06-08T14:57:03.573+0000] {local_task_job_runner.py:120} INFO - ::group::Pre task execution logs
[2024-06-08T14:57:03.606+0000] {taskinstance.py:2076} INFO - Dependencies all met for dep_context=non-requeueable deps ti=<TaskInstance: s3_postgres.wait_until_6pm scheduled__2024-06-07T00:00:00+00:00 [queued]>
[2024-06-08T14:57:03.619+0000] {taskinstance.py:2076} INFO - Dependencies all met for dep_context=requeueable deps ti=<TaskInstance: s3_postgres.wait_until_6pm scheduled__2024-06-07T00:00:00+00:00 [queued]>
[2024-06-08T14:57:03.619+0000] {taskinstance.py:2306} INFO - Starting attempt 1 of 2
[2024-06-08T14:57:03.636+0000] {taskinstance.py:2330} INFO - Executing <Task(TimeDeltaSensor): wait_until_6pm> on 2024-06-07 00:00:00+00:00
[2024-06-08T14:57:03.647+0000] {warnings.py:110} WARNING - /home/***/.local/lib/python3.12/site-packages/***/task/task_runner/standard_task_runner.py:61: DeprecationWarning: This process (pid=604) is multi-threaded, use of fork() may lead to deadlocks in the child.
  pid = os.fork()

[2024-06-08T14:57:03.651+0000] {standard_task_runner.py:63} INFO - Started process 606 to run task
[2024-06-08T14:57:03.650+0000] {standard_task_runner.py:90} INFO - Running: ['***', 'tasks', 'run', 's3_postgres', 'wait_until_6pm', 'scheduled__2024-06-07T00:00:00+00:00', '--job-id', '883', '--raw', '--subdir', 'DAGS_FOLDER/pipeline.py', '--cfg-path', '/tmp/tmp0573vr1u']
[2024-06-08T14:57:03.653+0000] {standard_task_runner.py:91} INFO - Job 883: Subtask wait_until_6pm
[2024-06-08T14:57:03.714+0000] {task_command.py:426} INFO - Running <TaskInstance: s3_postgres.wait_until_6pm scheduled__2024-06-07T00:00:00+00:00 [running]> on host 728c6b2dbd3f
[2024-06-08T14:57:03.823+0000] {taskinstance.py:2648} INFO - Exporting env vars: AIRFLOW_CTX_DAG_OWNER='***' AIRFLOW_CTX_DAG_ID='s3_postgres' AIRFLOW_CTX_TASK_ID='wait_until_6pm' AIRFLOW_CTX_EXECUTION_DATE='2024-06-07T00:00:00+00:00' AIRFLOW_CTX_TRY_NUMBER='1' AIRFLOW_CTX_DAG_RUN_ID='scheduled__2024-06-07T00:00:00+00:00'
[2024-06-08T14:57:03.825+0000] {taskinstance.py:430} INFO - ::endgroup::
[2024-06-08T14:57:03.835+0000] {time_delta.py:51} INFO - Checking if the time (2024-06-08 18:00:00+00:00) has come
[2024-06-08T14:57:03.837+0000] {taskinstance.py:441} INFO - ::group::Post task execution logs
[2024-06-08T14:57:03.858+0000] {taskinstance.py:2865} INFO - Rescheduling task, marking task as UP_FOR_RESCHEDULE
[2024-06-08T14:57:03.907+0000] {local_task_job_runner.py:240} INFO - Task exited with return code 0
[2024-06-08T14:57:03.941+0000] {taskinstance.py:3498} INFO - 0 downstream tasks scheduled from follow-on schedule check
[2024-06-08T14:57:03.944+0000] {local_task_job_runner.py:222} INFO - ::endgroup::
[2024-06-08T14:58:07.220+0000] {local_task_job_runner.py:120} INFO - ::group::Pre task execution logs
[2024-06-08T14:58:07.293+0000] {taskinstance.py:2076} INFO - Dependencies all met for dep_context=non-requeueable deps ti=<TaskInstance: s3_postgres.wait_until_6pm scheduled__2024-06-07T00:00:00+00:00 [queued]>
[2024-06-08T14:58:07.308+0000] {taskinstance.py:2076} INFO - Dependencies all met for dep_context=requeueable deps ti=<TaskInstance: s3_postgres.wait_until_6pm scheduled__2024-06-07T00:00:00+00:00 [queued]>
[2024-06-08T14:58:07.309+0000] {taskinstance.py:2306} INFO - Starting attempt 1 of 2
[2024-06-08T14:58:07.335+0000] {taskinstance.py:2330} INFO - Executing <Task(TimeDeltaSensor): wait_until_6pm> on 2024-06-07 00:00:00+00:00
[2024-06-08T14:58:07.347+0000] {warnings.py:110} WARNING - /home/***/.local/lib/python3.12/site-packages/***/task/task_runner/standard_task_runner.py:61: DeprecationWarning: This process (pid=622) is multi-threaded, use of fork() may lead to deadlocks in the child.
  pid = os.fork()

[2024-06-08T14:58:07.350+0000] {standard_task_runner.py:63} INFO - Started process 624 to run task
[2024-06-08T14:58:07.351+0000] {standard_task_runner.py:90} INFO - Running: ['***', 'tasks', 'run', 's3_postgres', 'wait_until_6pm', 'scheduled__2024-06-07T00:00:00+00:00', '--job-id', '884', '--raw', '--subdir', 'DAGS_FOLDER/pipeline.py', '--cfg-path', '/tmp/tmp5k3xcqcr']
[2024-06-08T14:58:07.353+0000] {standard_task_runner.py:91} INFO - Job 884: Subtask wait_until_6pm
[2024-06-08T14:58:07.441+0000] {task_command.py:426} INFO - Running <TaskInstance: s3_postgres.wait_until_6pm scheduled__2024-06-07T00:00:00+00:00 [running]> on host 728c6b2dbd3f
[2024-06-08T14:58:07.606+0000] {taskinstance.py:2648} INFO - Exporting env vars: AIRFLOW_CTX_DAG_OWNER='***' AIRFLOW_CTX_DAG_ID='s3_postgres' AIRFLOW_CTX_TASK_ID='wait_until_6pm' AIRFLOW_CTX_EXECUTION_DATE='2024-06-07T00:00:00+00:00' AIRFLOW_CTX_TRY_NUMBER='1' AIRFLOW_CTX_DAG_RUN_ID='scheduled__2024-06-07T00:00:00+00:00'
[2024-06-08T14:58:07.609+0000] {taskinstance.py:430} INFO - ::endgroup::
[2024-06-08T14:58:07.664+0000] {time_delta.py:51} INFO - Checking if the time (2024-06-08 18:00:00+00:00) has come
[2024-06-08T14:58:07.675+0000] {taskinstance.py:441} INFO - ::group::Post task execution logs
[2024-06-08T14:58:07.715+0000] {taskinstance.py:2865} INFO - Rescheduling task, marking task as UP_FOR_RESCHEDULE
[2024-06-08T14:58:07.729+0000] {local_task_job_runner.py:240} INFO - Task exited with return code 0
[2024-06-08T14:58:07.772+0000] {taskinstance.py:3498} INFO - 0 downstream tasks scheduled from follow-on schedule check
[2024-06-08T14:58:07.774+0000] {local_task_job_runner.py:222} INFO - ::endgroup::
[2024-06-08T14:59:13.885+0000] {local_task_job_runner.py:120} INFO - ::group::Pre task execution logs
[2024-06-08T14:59:13.935+0000] {taskinstance.py:2076} INFO - Dependencies all met for dep_context=non-requeueable deps ti=<TaskInstance: s3_postgres.wait_until_6pm scheduled__2024-06-07T00:00:00+00:00 [queued]>
[2024-06-08T14:59:13.951+0000] {taskinstance.py:2076} INFO - Dependencies all met for dep_context=requeueable deps ti=<TaskInstance: s3_postgres.wait_until_6pm scheduled__2024-06-07T00:00:00+00:00 [queued]>
[2024-06-08T14:59:13.952+0000] {taskinstance.py:2306} INFO - Starting attempt 1 of 2
[2024-06-08T14:59:13.987+0000] {taskinstance.py:2330} INFO - Executing <Task(TimeDeltaSensor): wait_until_6pm> on 2024-06-07 00:00:00+00:00
[2024-06-08T14:59:13.995+0000] {warnings.py:110} WARNING - /home/***/.local/lib/python3.12/site-packages/***/task/task_runner/standard_task_runner.py:61: DeprecationWarning: This process (pid=639) is multi-threaded, use of fork() may lead to deadlocks in the child.
  pid = os.fork()

[2024-06-08T14:59:13.997+0000] {standard_task_runner.py:63} INFO - Started process 641 to run task
[2024-06-08T14:59:13.998+0000] {standard_task_runner.py:90} INFO - Running: ['***', 'tasks', 'run', 's3_postgres', 'wait_until_6pm', 'scheduled__2024-06-07T00:00:00+00:00', '--job-id', '885', '--raw', '--subdir', 'DAGS_FOLDER/pipeline.py', '--cfg-path', '/tmp/tmpg_vke90j']
[2024-06-08T14:59:14.006+0000] {standard_task_runner.py:91} INFO - Job 885: Subtask wait_until_6pm
[2024-06-08T14:59:14.096+0000] {task_command.py:426} INFO - Running <TaskInstance: s3_postgres.wait_until_6pm scheduled__2024-06-07T00:00:00+00:00 [running]> on host 728c6b2dbd3f
[2024-06-08T14:59:14.308+0000] {taskinstance.py:2648} INFO - Exporting env vars: AIRFLOW_CTX_DAG_OWNER='***' AIRFLOW_CTX_DAG_ID='s3_postgres' AIRFLOW_CTX_TASK_ID='wait_until_6pm' AIRFLOW_CTX_EXECUTION_DATE='2024-06-07T00:00:00+00:00' AIRFLOW_CTX_TRY_NUMBER='1' AIRFLOW_CTX_DAG_RUN_ID='scheduled__2024-06-07T00:00:00+00:00'
[2024-06-08T14:59:14.311+0000] {taskinstance.py:430} INFO - ::endgroup::
[2024-06-08T14:59:14.330+0000] {time_delta.py:51} INFO - Checking if the time (2024-06-08 18:00:00+00:00) has come
[2024-06-08T14:59:14.335+0000] {taskinstance.py:441} INFO - ::group::Post task execution logs
[2024-06-08T14:59:14.391+0000] {taskinstance.py:2865} INFO - Rescheduling task, marking task as UP_FOR_RESCHEDULE
[2024-06-08T14:59:14.429+0000] {local_task_job_runner.py:240} INFO - Task exited with return code 0
[2024-06-08T14:59:14.504+0000] {taskinstance.py:3498} INFO - 0 downstream tasks scheduled from follow-on schedule check
[2024-06-08T14:59:14.515+0000] {local_task_job_runner.py:222} INFO - ::endgroup::
[2024-06-08T15:00:16.992+0000] {local_task_job_runner.py:120} INFO - ::group::Pre task execution logs
[2024-06-08T15:00:17.016+0000] {taskinstance.py:2076} INFO - Dependencies all met for dep_context=non-requeueable deps ti=<TaskInstance: s3_postgres.wait_until_6pm scheduled__2024-06-07T00:00:00+00:00 [queued]>
[2024-06-08T15:00:17.028+0000] {taskinstance.py:2076} INFO - Dependencies all met for dep_context=requeueable deps ti=<TaskInstance: s3_postgres.wait_until_6pm scheduled__2024-06-07T00:00:00+00:00 [queued]>
[2024-06-08T15:00:17.028+0000] {taskinstance.py:2306} INFO - Starting attempt 1 of 2
[2024-06-08T15:00:17.046+0000] {taskinstance.py:2330} INFO - Executing <Task(TimeDeltaSensor): wait_until_6pm> on 2024-06-07 00:00:00+00:00
[2024-06-08T15:00:17.053+0000] {warnings.py:110} WARNING - /home/***/.local/lib/python3.12/site-packages/***/task/task_runner/standard_task_runner.py:61: DeprecationWarning: This process (pid=649) is multi-threaded, use of fork() may lead to deadlocks in the child.
  pid = os.fork()

[2024-06-08T15:00:17.055+0000] {standard_task_runner.py:63} INFO - Started process 651 to run task
[2024-06-08T15:00:17.056+0000] {standard_task_runner.py:90} INFO - Running: ['***', 'tasks', 'run', 's3_postgres', 'wait_until_6pm', 'scheduled__2024-06-07T00:00:00+00:00', '--job-id', '886', '--raw', '--subdir', 'DAGS_FOLDER/pipeline.py', '--cfg-path', '/tmp/tmp1v7qmyzp']
[2024-06-08T15:00:17.058+0000] {standard_task_runner.py:91} INFO - Job 886: Subtask wait_until_6pm
[2024-06-08T15:00:17.113+0000] {task_command.py:426} INFO - Running <TaskInstance: s3_postgres.wait_until_6pm scheduled__2024-06-07T00:00:00+00:00 [running]> on host 728c6b2dbd3f
[2024-06-08T15:00:17.233+0000] {taskinstance.py:2648} INFO - Exporting env vars: AIRFLOW_CTX_DAG_OWNER='***' AIRFLOW_CTX_DAG_ID='s3_postgres' AIRFLOW_CTX_TASK_ID='wait_until_6pm' AIRFLOW_CTX_EXECUTION_DATE='2024-06-07T00:00:00+00:00' AIRFLOW_CTX_TRY_NUMBER='1' AIRFLOW_CTX_DAG_RUN_ID='scheduled__2024-06-07T00:00:00+00:00'
[2024-06-08T15:00:17.236+0000] {taskinstance.py:430} INFO - ::endgroup::
[2024-06-08T15:00:17.250+0000] {time_delta.py:51} INFO - Checking if the time (2024-06-08 18:00:00+00:00) has come
[2024-06-08T15:00:17.252+0000] {taskinstance.py:441} INFO - ::group::Post task execution logs
[2024-06-08T15:00:17.281+0000] {taskinstance.py:2865} INFO - Rescheduling task, marking task as UP_FOR_RESCHEDULE
[2024-06-08T15:00:17.311+0000] {local_task_job_runner.py:240} INFO - Task exited with return code 0
[2024-06-08T15:00:17.355+0000] {taskinstance.py:3498} INFO - 0 downstream tasks scheduled from follow-on schedule check
[2024-06-08T15:00:17.358+0000] {local_task_job_runner.py:222} INFO - ::endgroup::
[2024-06-08T15:01:19.832+0000] {local_task_job_runner.py:120} INFO - ::group::Pre task execution logs
[2024-06-08T15:01:19.861+0000] {taskinstance.py:2076} INFO - Dependencies all met for dep_context=non-requeueable deps ti=<TaskInstance: s3_postgres.wait_until_6pm scheduled__2024-06-07T00:00:00+00:00 [queued]>
[2024-06-08T15:01:19.870+0000] {taskinstance.py:2076} INFO - Dependencies all met for dep_context=requeueable deps ti=<TaskInstance: s3_postgres.wait_until_6pm scheduled__2024-06-07T00:00:00+00:00 [queued]>
[2024-06-08T15:01:19.871+0000] {taskinstance.py:2306} INFO - Starting attempt 1 of 2
[2024-06-08T15:01:19.888+0000] {taskinstance.py:2330} INFO - Executing <Task(TimeDeltaSensor): wait_until_6pm> on 2024-06-07 00:00:00+00:00
[2024-06-08T15:01:19.897+0000] {warnings.py:110} WARNING - /home/***/.local/lib/python3.12/site-packages/***/task/task_runner/standard_task_runner.py:61: DeprecationWarning: This process (pid=666) is multi-threaded, use of fork() may lead to deadlocks in the child.
  pid = os.fork()

[2024-06-08T15:01:19.899+0000] {standard_task_runner.py:63} INFO - Started process 668 to run task
[2024-06-08T15:01:19.899+0000] {standard_task_runner.py:90} INFO - Running: ['***', 'tasks', 'run', 's3_postgres', 'wait_until_6pm', 'scheduled__2024-06-07T00:00:00+00:00', '--job-id', '887', '--raw', '--subdir', 'DAGS_FOLDER/pipeline.py', '--cfg-path', '/tmp/tmpjc0vd9y7']
[2024-06-08T15:01:19.901+0000] {standard_task_runner.py:91} INFO - Job 887: Subtask wait_until_6pm
[2024-06-08T15:01:19.952+0000] {task_command.py:426} INFO - Running <TaskInstance: s3_postgres.wait_until_6pm scheduled__2024-06-07T00:00:00+00:00 [running]> on host 728c6b2dbd3f
[2024-06-08T15:01:20.077+0000] {taskinstance.py:2648} INFO - Exporting env vars: AIRFLOW_CTX_DAG_OWNER='***' AIRFLOW_CTX_DAG_ID='s3_postgres' AIRFLOW_CTX_TASK_ID='wait_until_6pm' AIRFLOW_CTX_EXECUTION_DATE='2024-06-07T00:00:00+00:00' AIRFLOW_CTX_TRY_NUMBER='1' AIRFLOW_CTX_DAG_RUN_ID='scheduled__2024-06-07T00:00:00+00:00'
[2024-06-08T15:01:20.079+0000] {taskinstance.py:430} INFO - ::endgroup::
[2024-06-08T15:01:20.090+0000] {time_delta.py:51} INFO - Checking if the time (2024-06-08 18:00:00+00:00) has come
[2024-06-08T15:01:20.094+0000] {taskinstance.py:441} INFO - ::group::Post task execution logs
[2024-06-08T15:01:20.118+0000] {taskinstance.py:2865} INFO - Rescheduling task, marking task as UP_FOR_RESCHEDULE
[2024-06-08T15:01:20.154+0000] {local_task_job_runner.py:240} INFO - Task exited with return code 0
[2024-06-08T15:01:20.209+0000] {taskinstance.py:3498} INFO - 0 downstream tasks scheduled from follow-on schedule check
[2024-06-08T15:01:20.211+0000] {local_task_job_runner.py:222} INFO - ::endgroup::
[2024-06-08T15:02:26.517+0000] {local_task_job_runner.py:120} INFO - ::group::Pre task execution logs
[2024-06-08T15:02:26.630+0000] {taskinstance.py:2076} INFO - Dependencies all met for dep_context=non-requeueable deps ti=<TaskInstance: s3_postgres.wait_until_6pm scheduled__2024-06-07T00:00:00+00:00 [queued]>
[2024-06-08T15:02:26.681+0000] {taskinstance.py:2076} INFO - Dependencies all met for dep_context=requeueable deps ti=<TaskInstance: s3_postgres.wait_until_6pm scheduled__2024-06-07T00:00:00+00:00 [queued]>
[2024-06-08T15:02:26.682+0000] {taskinstance.py:2306} INFO - Starting attempt 1 of 2
[2024-06-08T15:02:26.760+0000] {taskinstance.py:2330} INFO - Executing <Task(TimeDeltaSensor): wait_until_6pm> on 2024-06-07 00:00:00+00:00
[2024-06-08T15:02:26.787+0000] {standard_task_runner.py:90} INFO - Running: ['***', 'tasks', 'run', 's3_postgres', 'wait_until_6pm', 'scheduled__2024-06-07T00:00:00+00:00', '--job-id', '888', '--raw', '--subdir', 'DAGS_FOLDER/pipeline.py', '--cfg-path', '/tmp/tmpp9lworua']
[2024-06-08T15:02:26.794+0000] {standard_task_runner.py:91} INFO - Job 888: Subtask wait_until_6pm
[2024-06-08T15:02:26.784+0000] {warnings.py:110} WARNING - /home/***/.local/lib/python3.12/site-packages/***/task/task_runner/standard_task_runner.py:61: DeprecationWarning: This process (pid=683) is multi-threaded, use of fork() may lead to deadlocks in the child.
  pid = os.fork()

[2024-06-08T15:02:26.804+0000] {standard_task_runner.py:63} INFO - Started process 685 to run task
[2024-06-08T15:02:26.964+0000] {task_command.py:426} INFO - Running <TaskInstance: s3_postgres.wait_until_6pm scheduled__2024-06-07T00:00:00+00:00 [running]> on host 728c6b2dbd3f
[2024-06-08T15:02:27.289+0000] {taskinstance.py:2648} INFO - Exporting env vars: AIRFLOW_CTX_DAG_OWNER='***' AIRFLOW_CTX_DAG_ID='s3_postgres' AIRFLOW_CTX_TASK_ID='wait_until_6pm' AIRFLOW_CTX_EXECUTION_DATE='2024-06-07T00:00:00+00:00' AIRFLOW_CTX_TRY_NUMBER='1' AIRFLOW_CTX_DAG_RUN_ID='scheduled__2024-06-07T00:00:00+00:00'
[2024-06-08T15:02:27.292+0000] {taskinstance.py:430} INFO - ::endgroup::
[2024-06-08T15:02:27.318+0000] {time_delta.py:51} INFO - Checking if the time (2024-06-08 18:00:00+00:00) has come
[2024-06-08T15:02:27.322+0000] {taskinstance.py:441} INFO - ::group::Post task execution logs
[2024-06-08T15:02:27.393+0000] {taskinstance.py:2865} INFO - Rescheduling task, marking task as UP_FOR_RESCHEDULE
[2024-06-08T15:02:27.442+0000] {local_task_job_runner.py:240} INFO - Task exited with return code 0
[2024-06-08T15:02:27.566+0000] {taskinstance.py:3498} INFO - 0 downstream tasks scheduled from follow-on schedule check
[2024-06-08T15:02:27.578+0000] {local_task_job_runner.py:222} INFO - ::endgroup::
[2024-06-08T15:03:30.484+0000] {local_task_job_runner.py:120} INFO - ::group::Pre task execution logs
[2024-06-08T15:03:30.512+0000] {taskinstance.py:2076} INFO - Dependencies all met for dep_context=non-requeueable deps ti=<TaskInstance: s3_postgres.wait_until_6pm scheduled__2024-06-07T00:00:00+00:00 [queued]>
[2024-06-08T15:03:30.523+0000] {taskinstance.py:2076} INFO - Dependencies all met for dep_context=requeueable deps ti=<TaskInstance: s3_postgres.wait_until_6pm scheduled__2024-06-07T00:00:00+00:00 [queued]>
[2024-06-08T15:03:30.523+0000] {taskinstance.py:2306} INFO - Starting attempt 1 of 2
[2024-06-08T15:03:30.541+0000] {taskinstance.py:2330} INFO - Executing <Task(TimeDeltaSensor): wait_until_6pm> on 2024-06-07 00:00:00+00:00
[2024-06-08T15:03:30.549+0000] {warnings.py:110} WARNING - /home/***/.local/lib/python3.12/site-packages/***/task/task_runner/standard_task_runner.py:61: DeprecationWarning: This process (pid=693) is multi-threaded, use of fork() may lead to deadlocks in the child.
  pid = os.fork()

[2024-06-08T15:03:30.551+0000] {standard_task_runner.py:63} INFO - Started process 695 to run task
[2024-06-08T15:03:30.552+0000] {standard_task_runner.py:90} INFO - Running: ['***', 'tasks', 'run', 's3_postgres', 'wait_until_6pm', 'scheduled__2024-06-07T00:00:00+00:00', '--job-id', '889', '--raw', '--subdir', 'DAGS_FOLDER/pipeline.py', '--cfg-path', '/tmp/tmply0unoti']
[2024-06-08T15:03:30.554+0000] {standard_task_runner.py:91} INFO - Job 889: Subtask wait_until_6pm
[2024-06-08T15:03:30.617+0000] {task_command.py:426} INFO - Running <TaskInstance: s3_postgres.wait_until_6pm scheduled__2024-06-07T00:00:00+00:00 [running]> on host 728c6b2dbd3f
[2024-06-08T15:03:30.725+0000] {taskinstance.py:2648} INFO - Exporting env vars: AIRFLOW_CTX_DAG_OWNER='***' AIRFLOW_CTX_DAG_ID='s3_postgres' AIRFLOW_CTX_TASK_ID='wait_until_6pm' AIRFLOW_CTX_EXECUTION_DATE='2024-06-07T00:00:00+00:00' AIRFLOW_CTX_TRY_NUMBER='1' AIRFLOW_CTX_DAG_RUN_ID='scheduled__2024-06-07T00:00:00+00:00'
[2024-06-08T15:03:30.727+0000] {taskinstance.py:430} INFO - ::endgroup::
[2024-06-08T15:03:30.736+0000] {time_delta.py:51} INFO - Checking if the time (2024-06-08 18:00:00+00:00) has come
[2024-06-08T15:03:30.737+0000] {taskinstance.py:441} INFO - ::group::Post task execution logs
[2024-06-08T15:03:30.761+0000] {taskinstance.py:2865} INFO - Rescheduling task, marking task as UP_FOR_RESCHEDULE
[2024-06-08T15:03:30.806+0000] {local_task_job_runner.py:240} INFO - Task exited with return code 0
[2024-06-08T15:03:30.843+0000] {taskinstance.py:3498} INFO - 0 downstream tasks scheduled from follow-on schedule check
[2024-06-08T15:03:30.846+0000] {local_task_job_runner.py:222} INFO - ::endgroup::
[2024-06-08T15:04:32.378+0000] {local_task_job_runner.py:120} INFO - ::group::Pre task execution logs
[2024-06-08T15:04:32.404+0000] {taskinstance.py:2076} INFO - Dependencies all met for dep_context=non-requeueable deps ti=<TaskInstance: s3_postgres.wait_until_6pm scheduled__2024-06-07T00:00:00+00:00 [queued]>
[2024-06-08T15:04:32.415+0000] {taskinstance.py:2076} INFO - Dependencies all met for dep_context=requeueable deps ti=<TaskInstance: s3_postgres.wait_until_6pm scheduled__2024-06-07T00:00:00+00:00 [queued]>
[2024-06-08T15:04:32.415+0000] {taskinstance.py:2306} INFO - Starting attempt 1 of 2
[2024-06-08T15:04:32.433+0000] {taskinstance.py:2330} INFO - Executing <Task(TimeDeltaSensor): wait_until_6pm> on 2024-06-07 00:00:00+00:00
[2024-06-08T15:04:32.441+0000] {warnings.py:110} WARNING - /home/***/.local/lib/python3.12/site-packages/***/task/task_runner/standard_task_runner.py:61: DeprecationWarning: This process (pid=710) is multi-threaded, use of fork() may lead to deadlocks in the child.
  pid = os.fork()

[2024-06-08T15:04:32.444+0000] {standard_task_runner.py:63} INFO - Started process 712 to run task
[2024-06-08T15:04:32.443+0000] {standard_task_runner.py:90} INFO - Running: ['***', 'tasks', 'run', 's3_postgres', 'wait_until_6pm', 'scheduled__2024-06-07T00:00:00+00:00', '--job-id', '890', '--raw', '--subdir', 'DAGS_FOLDER/pipeline.py', '--cfg-path', '/tmp/tmp0kt7wd0_']
[2024-06-08T15:04:32.445+0000] {standard_task_runner.py:91} INFO - Job 890: Subtask wait_until_6pm
[2024-06-08T15:04:32.507+0000] {task_command.py:426} INFO - Running <TaskInstance: s3_postgres.wait_until_6pm scheduled__2024-06-07T00:00:00+00:00 [running]> on host 728c6b2dbd3f
[2024-06-08T15:04:32.659+0000] {taskinstance.py:2648} INFO - Exporting env vars: AIRFLOW_CTX_DAG_OWNER='***' AIRFLOW_CTX_DAG_ID='s3_postgres' AIRFLOW_CTX_TASK_ID='wait_until_6pm' AIRFLOW_CTX_EXECUTION_DATE='2024-06-07T00:00:00+00:00' AIRFLOW_CTX_TRY_NUMBER='1' AIRFLOW_CTX_DAG_RUN_ID='scheduled__2024-06-07T00:00:00+00:00'
[2024-06-08T15:04:32.661+0000] {taskinstance.py:430} INFO - ::endgroup::
[2024-06-08T15:04:32.673+0000] {time_delta.py:51} INFO - Checking if the time (2024-06-08 18:00:00+00:00) has come
[2024-06-08T15:04:32.675+0000] {taskinstance.py:441} INFO - ::group::Post task execution logs
[2024-06-08T15:04:32.703+0000] {taskinstance.py:2865} INFO - Rescheduling task, marking task as UP_FOR_RESCHEDULE
[2024-06-08T15:04:32.740+0000] {local_task_job_runner.py:240} INFO - Task exited with return code 0
[2024-06-08T15:04:32.773+0000] {taskinstance.py:3498} INFO - 0 downstream tasks scheduled from follow-on schedule check
[2024-06-08T15:04:32.775+0000] {local_task_job_runner.py:222} INFO - ::endgroup::
