[2024-06-08T14:19:09.631+0000] {processor.py:161} INFO - Started process (PID=31) to work on /opt/airflow/dags/pipeline.py
[2024-06-08T14:19:09.632+0000] {processor.py:830} INFO - Processing file /opt/airflow/dags/pipeline.py for tasks to queue
[2024-06-08T14:19:09.635+0000] {logging_mixin.py:188} INFO - [2024-06-08T14:19:09.635+0000] {dagbag.py:545} INFO - Filling up the DagBag from /opt/airflow/dags/pipeline.py
[2024-06-08T14:19:16.237+0000] {processor.py:840} INFO - DAG(s) 's3_postgres' retrieved from /opt/airflow/dags/pipeline.py
[2024-06-08T14:19:16.830+0000] {logging_mixin.py:188} INFO - [2024-06-08T14:19:16.829+0000] {dag.py:3096} INFO - Sync 1 DAGs
[2024-06-08T14:19:16.942+0000] {logging_mixin.py:188} INFO - [2024-06-08T14:19:16.941+0000] {dag.py:3954} INFO - Setting next_dagrun for s3_postgres to 2024-06-07 00:00:00+00:00, run_after=2024-06-08 00:00:00+00:00
[2024-06-08T14:19:17.107+0000] {processor.py:183} INFO - Processing /opt/airflow/dags/pipeline.py took 7.497 seconds
[2024-06-08T14:19:47.379+0000] {processor.py:161} INFO - Started process (PID=108) to work on /opt/airflow/dags/pipeline.py
[2024-06-08T14:19:47.380+0000] {processor.py:830} INFO - Processing file /opt/airflow/dags/pipeline.py for tasks to queue
[2024-06-08T14:19:47.382+0000] {logging_mixin.py:188} INFO - [2024-06-08T14:19:47.382+0000] {dagbag.py:545} INFO - Filling up the DagBag from /opt/airflow/dags/pipeline.py
[2024-06-08T14:19:47.996+0000] {processor.py:840} INFO - DAG(s) 's3_postgres' retrieved from /opt/airflow/dags/pipeline.py
[2024-06-08T14:19:48.013+0000] {logging_mixin.py:188} INFO - [2024-06-08T14:19:48.012+0000] {dag.py:3096} INFO - Sync 1 DAGs
[2024-06-08T14:19:48.033+0000] {logging_mixin.py:188} INFO - [2024-06-08T14:19:48.033+0000] {dag.py:3954} INFO - Setting next_dagrun for s3_postgres to 2024-06-08 00:00:00+00:00, run_after=2024-06-09 00:00:00+00:00
[2024-06-08T14:19:48.054+0000] {processor.py:183} INFO - Processing /opt/airflow/dags/pipeline.py took 0.681 seconds
[2024-06-08T14:20:18.430+0000] {processor.py:161} INFO - Started process (PID=168) to work on /opt/airflow/dags/pipeline.py
[2024-06-08T14:20:18.431+0000] {processor.py:830} INFO - Processing file /opt/airflow/dags/pipeline.py for tasks to queue
[2024-06-08T14:20:18.434+0000] {logging_mixin.py:188} INFO - [2024-06-08T14:20:18.433+0000] {dagbag.py:545} INFO - Filling up the DagBag from /opt/airflow/dags/pipeline.py
[2024-06-08T14:20:19.040+0000] {processor.py:840} INFO - DAG(s) 's3_postgres' retrieved from /opt/airflow/dags/pipeline.py
[2024-06-08T14:20:19.071+0000] {logging_mixin.py:188} INFO - [2024-06-08T14:20:19.070+0000] {dag.py:3096} INFO - Sync 1 DAGs
[2024-06-08T14:20:19.104+0000] {logging_mixin.py:188} INFO - [2024-06-08T14:20:19.104+0000] {dag.py:3954} INFO - Setting next_dagrun for s3_postgres to 2024-06-08 00:00:00+00:00, run_after=2024-06-09 00:00:00+00:00
[2024-06-08T14:20:19.127+0000] {processor.py:183} INFO - Processing /opt/airflow/dags/pipeline.py took 0.704 seconds
[2024-06-08T14:20:49.571+0000] {processor.py:161} INFO - Started process (PID=228) to work on /opt/airflow/dags/pipeline.py
[2024-06-08T14:20:49.573+0000] {processor.py:830} INFO - Processing file /opt/airflow/dags/pipeline.py for tasks to queue
[2024-06-08T14:20:49.574+0000] {logging_mixin.py:188} INFO - [2024-06-08T14:20:49.574+0000] {dagbag.py:545} INFO - Filling up the DagBag from /opt/airflow/dags/pipeline.py
[2024-06-08T14:20:50.091+0000] {processor.py:840} INFO - DAG(s) 's3_postgres' retrieved from /opt/airflow/dags/pipeline.py
[2024-06-08T14:20:50.115+0000] {logging_mixin.py:188} INFO - [2024-06-08T14:20:50.114+0000] {dag.py:3096} INFO - Sync 1 DAGs
[2024-06-08T14:20:50.145+0000] {logging_mixin.py:188} INFO - [2024-06-08T14:20:50.145+0000] {dag.py:3954} INFO - Setting next_dagrun for s3_postgres to 2024-06-08 00:00:00+00:00, run_after=2024-06-09 00:00:00+00:00
[2024-06-08T14:20:50.173+0000] {processor.py:183} INFO - Processing /opt/airflow/dags/pipeline.py took 0.607 seconds
[2024-06-08T14:21:20.609+0000] {processor.py:161} INFO - Started process (PID=288) to work on /opt/airflow/dags/pipeline.py
[2024-06-08T14:21:20.613+0000] {processor.py:830} INFO - Processing file /opt/airflow/dags/pipeline.py for tasks to queue
[2024-06-08T14:21:20.616+0000] {logging_mixin.py:188} INFO - [2024-06-08T14:21:20.615+0000] {dagbag.py:545} INFO - Filling up the DagBag from /opt/airflow/dags/pipeline.py
[2024-06-08T14:21:21.869+0000] {processor.py:840} INFO - DAG(s) 's3_postgres' retrieved from /opt/airflow/dags/pipeline.py
[2024-06-08T14:21:21.900+0000] {logging_mixin.py:188} INFO - [2024-06-08T14:21:21.899+0000] {dag.py:3096} INFO - Sync 1 DAGs
[2024-06-08T14:21:21.931+0000] {logging_mixin.py:188} INFO - [2024-06-08T14:21:21.930+0000] {dag.py:3954} INFO - Setting next_dagrun for s3_postgres to 2024-06-08 00:00:00+00:00, run_after=2024-06-09 00:00:00+00:00
[2024-06-08T14:21:21.953+0000] {processor.py:183} INFO - Processing /opt/airflow/dags/pipeline.py took 1.357 seconds
[2024-06-08T14:21:52.237+0000] {processor.py:161} INFO - Started process (PID=349) to work on /opt/airflow/dags/pipeline.py
[2024-06-08T14:21:52.238+0000] {processor.py:830} INFO - Processing file /opt/airflow/dags/pipeline.py for tasks to queue
[2024-06-08T14:21:52.241+0000] {logging_mixin.py:188} INFO - [2024-06-08T14:21:52.240+0000] {dagbag.py:545} INFO - Filling up the DagBag from /opt/airflow/dags/pipeline.py
[2024-06-08T14:21:53.038+0000] {processor.py:840} INFO - DAG(s) 's3_postgres' retrieved from /opt/airflow/dags/pipeline.py
[2024-06-08T14:21:53.071+0000] {logging_mixin.py:188} INFO - [2024-06-08T14:21:53.071+0000] {dag.py:3096} INFO - Sync 1 DAGs
[2024-06-08T14:21:53.113+0000] {logging_mixin.py:188} INFO - [2024-06-08T14:21:53.113+0000] {dag.py:3954} INFO - Setting next_dagrun for s3_postgres to 2024-06-08 00:00:00+00:00, run_after=2024-06-09 00:00:00+00:00
[2024-06-08T14:21:53.157+0000] {processor.py:183} INFO - Processing /opt/airflow/dags/pipeline.py took 0.927 seconds
[2024-06-08T14:22:23.759+0000] {processor.py:161} INFO - Started process (PID=410) to work on /opt/airflow/dags/pipeline.py
[2024-06-08T14:22:23.761+0000] {processor.py:830} INFO - Processing file /opt/airflow/dags/pipeline.py for tasks to queue
[2024-06-08T14:22:23.763+0000] {logging_mixin.py:188} INFO - [2024-06-08T14:22:23.763+0000] {dagbag.py:545} INFO - Filling up the DagBag from /opt/airflow/dags/pipeline.py
[2024-06-08T14:22:24.407+0000] {processor.py:840} INFO - DAG(s) 's3_postgres' retrieved from /opt/airflow/dags/pipeline.py
[2024-06-08T14:22:24.426+0000] {logging_mixin.py:188} INFO - [2024-06-08T14:22:24.426+0000] {dag.py:3096} INFO - Sync 1 DAGs
[2024-06-08T14:22:24.448+0000] {logging_mixin.py:188} INFO - [2024-06-08T14:22:24.448+0000] {dag.py:3954} INFO - Setting next_dagrun for s3_postgres to 2024-06-08 00:00:00+00:00, run_after=2024-06-09 00:00:00+00:00
[2024-06-08T14:22:24.472+0000] {processor.py:183} INFO - Processing /opt/airflow/dags/pipeline.py took 0.719 seconds
[2024-06-08T14:22:55.069+0000] {processor.py:161} INFO - Started process (PID=471) to work on /opt/airflow/dags/pipeline.py
[2024-06-08T14:22:55.071+0000] {processor.py:830} INFO - Processing file /opt/airflow/dags/pipeline.py for tasks to queue
[2024-06-08T14:22:55.073+0000] {logging_mixin.py:188} INFO - [2024-06-08T14:22:55.073+0000] {dagbag.py:545} INFO - Filling up the DagBag from /opt/airflow/dags/pipeline.py
[2024-06-08T14:22:55.741+0000] {processor.py:840} INFO - DAG(s) 's3_postgres' retrieved from /opt/airflow/dags/pipeline.py
[2024-06-08T14:22:55.763+0000] {logging_mixin.py:188} INFO - [2024-06-08T14:22:55.762+0000] {dag.py:3096} INFO - Sync 1 DAGs
[2024-06-08T14:22:55.789+0000] {logging_mixin.py:188} INFO - [2024-06-08T14:22:55.788+0000] {dag.py:3954} INFO - Setting next_dagrun for s3_postgres to 2024-06-08 00:00:00+00:00, run_after=2024-06-09 00:00:00+00:00
[2024-06-08T14:22:55.816+0000] {processor.py:183} INFO - Processing /opt/airflow/dags/pipeline.py took 0.757 seconds
[2024-06-08T14:23:26.792+0000] {processor.py:161} INFO - Started process (PID=531) to work on /opt/airflow/dags/pipeline.py
[2024-06-08T14:23:26.793+0000] {processor.py:830} INFO - Processing file /opt/airflow/dags/pipeline.py for tasks to queue
[2024-06-08T14:23:26.795+0000] {logging_mixin.py:188} INFO - [2024-06-08T14:23:26.794+0000] {dagbag.py:545} INFO - Filling up the DagBag from /opt/airflow/dags/pipeline.py
[2024-06-08T14:23:27.682+0000] {processor.py:840} INFO - DAG(s) 's3_postgres' retrieved from /opt/airflow/dags/pipeline.py
[2024-06-08T14:23:27.728+0000] {logging_mixin.py:188} INFO - [2024-06-08T14:23:27.727+0000] {dag.py:3096} INFO - Sync 1 DAGs
[2024-06-08T14:23:27.770+0000] {logging_mixin.py:188} INFO - [2024-06-08T14:23:27.770+0000] {dag.py:3954} INFO - Setting next_dagrun for s3_postgres to 2024-06-08 00:00:00+00:00, run_after=2024-06-09 00:00:00+00:00
[2024-06-08T14:23:27.793+0000] {processor.py:183} INFO - Processing /opt/airflow/dags/pipeline.py took 1.008 seconds
[2024-06-08T14:23:58.377+0000] {processor.py:161} INFO - Started process (PID=592) to work on /opt/airflow/dags/pipeline.py
[2024-06-08T14:23:58.379+0000] {processor.py:830} INFO - Processing file /opt/airflow/dags/pipeline.py for tasks to queue
[2024-06-08T14:23:58.384+0000] {logging_mixin.py:188} INFO - [2024-06-08T14:23:58.383+0000] {dagbag.py:545} INFO - Filling up the DagBag from /opt/airflow/dags/pipeline.py
[2024-06-08T14:23:59.486+0000] {processor.py:840} INFO - DAG(s) 's3_postgres' retrieved from /opt/airflow/dags/pipeline.py
[2024-06-08T14:23:59.523+0000] {logging_mixin.py:188} INFO - [2024-06-08T14:23:59.522+0000] {dag.py:3096} INFO - Sync 1 DAGs
[2024-06-08T14:23:59.562+0000] {logging_mixin.py:188} INFO - [2024-06-08T14:23:59.561+0000] {dag.py:3954} INFO - Setting next_dagrun for s3_postgres to 2024-06-08 00:00:00+00:00, run_after=2024-06-09 00:00:00+00:00
[2024-06-08T14:23:59.587+0000] {processor.py:183} INFO - Processing /opt/airflow/dags/pipeline.py took 1.227 seconds
[2024-06-08T14:24:30.455+0000] {processor.py:161} INFO - Started process (PID=652) to work on /opt/airflow/dags/pipeline.py
[2024-06-08T14:24:30.456+0000] {processor.py:830} INFO - Processing file /opt/airflow/dags/pipeline.py for tasks to queue
[2024-06-08T14:24:30.460+0000] {logging_mixin.py:188} INFO - [2024-06-08T14:24:30.459+0000] {dagbag.py:545} INFO - Filling up the DagBag from /opt/airflow/dags/pipeline.py
[2024-06-08T14:24:31.665+0000] {processor.py:840} INFO - DAG(s) 's3_postgres' retrieved from /opt/airflow/dags/pipeline.py
[2024-06-08T14:24:31.690+0000] {logging_mixin.py:188} INFO - [2024-06-08T14:24:31.690+0000] {dag.py:3096} INFO - Sync 1 DAGs
[2024-06-08T14:24:31.721+0000] {logging_mixin.py:188} INFO - [2024-06-08T14:24:31.721+0000] {dag.py:3954} INFO - Setting next_dagrun for s3_postgres to 2024-06-08 00:00:00+00:00, run_after=2024-06-09 00:00:00+00:00
[2024-06-08T14:24:31.744+0000] {processor.py:183} INFO - Processing /opt/airflow/dags/pipeline.py took 1.296 seconds
[2024-06-08T14:25:02.530+0000] {processor.py:161} INFO - Started process (PID=715) to work on /opt/airflow/dags/pipeline.py
[2024-06-08T14:25:02.532+0000] {processor.py:830} INFO - Processing file /opt/airflow/dags/pipeline.py for tasks to queue
[2024-06-08T14:25:02.537+0000] {logging_mixin.py:188} INFO - [2024-06-08T14:25:02.535+0000] {dagbag.py:545} INFO - Filling up the DagBag from /opt/airflow/dags/pipeline.py
[2024-06-08T14:25:04.525+0000] {processor.py:840} INFO - DAG(s) 's3_postgres' retrieved from /opt/airflow/dags/pipeline.py
[2024-06-08T14:25:04.561+0000] {logging_mixin.py:188} INFO - [2024-06-08T14:25:04.560+0000] {dag.py:3096} INFO - Sync 1 DAGs
[2024-06-08T14:25:04.602+0000] {logging_mixin.py:188} INFO - [2024-06-08T14:25:04.602+0000] {dag.py:3954} INFO - Setting next_dagrun for s3_postgres to 2024-06-08 00:00:00+00:00, run_after=2024-06-09 00:00:00+00:00
[2024-06-08T14:25:04.644+0000] {processor.py:183} INFO - Processing /opt/airflow/dags/pipeline.py took 2.134 seconds
[2024-06-08T14:25:34.748+0000] {processor.py:161} INFO - Started process (PID=777) to work on /opt/airflow/dags/pipeline.py
[2024-06-08T14:25:34.750+0000] {processor.py:830} INFO - Processing file /opt/airflow/dags/pipeline.py for tasks to queue
[2024-06-08T14:25:34.752+0000] {logging_mixin.py:188} INFO - [2024-06-08T14:25:34.751+0000] {dagbag.py:545} INFO - Filling up the DagBag from /opt/airflow/dags/pipeline.py
[2024-06-08T14:25:35.378+0000] {processor.py:840} INFO - DAG(s) 's3_postgres' retrieved from /opt/airflow/dags/pipeline.py
[2024-06-08T14:25:35.396+0000] {logging_mixin.py:188} INFO - [2024-06-08T14:25:35.396+0000] {dag.py:3096} INFO - Sync 1 DAGs
[2024-06-08T14:25:35.421+0000] {logging_mixin.py:188} INFO - [2024-06-08T14:25:35.420+0000] {dag.py:3954} INFO - Setting next_dagrun for s3_postgres to 2024-06-08 00:00:00+00:00, run_after=2024-06-09 00:00:00+00:00
[2024-06-08T14:25:35.442+0000] {processor.py:183} INFO - Processing /opt/airflow/dags/pipeline.py took 0.703 seconds
[2024-06-08T14:26:05.867+0000] {processor.py:161} INFO - Started process (PID=837) to work on /opt/airflow/dags/pipeline.py
[2024-06-08T14:26:05.869+0000] {processor.py:830} INFO - Processing file /opt/airflow/dags/pipeline.py for tasks to queue
[2024-06-08T14:26:05.871+0000] {logging_mixin.py:188} INFO - [2024-06-08T14:26:05.871+0000] {dagbag.py:545} INFO - Filling up the DagBag from /opt/airflow/dags/pipeline.py
[2024-06-08T14:26:06.509+0000] {processor.py:840} INFO - DAG(s) 's3_postgres' retrieved from /opt/airflow/dags/pipeline.py
[2024-06-08T14:26:06.537+0000] {logging_mixin.py:188} INFO - [2024-06-08T14:26:06.537+0000] {dag.py:3096} INFO - Sync 1 DAGs
[2024-06-08T14:26:06.570+0000] {logging_mixin.py:188} INFO - [2024-06-08T14:26:06.570+0000] {dag.py:3954} INFO - Setting next_dagrun for s3_postgres to 2024-06-08 00:00:00+00:00, run_after=2024-06-09 00:00:00+00:00
[2024-06-08T14:26:06.598+0000] {processor.py:183} INFO - Processing /opt/airflow/dags/pipeline.py took 0.738 seconds
[2024-06-08T14:26:36.684+0000] {processor.py:161} INFO - Started process (PID=901) to work on /opt/airflow/dags/pipeline.py
[2024-06-08T14:26:36.685+0000] {processor.py:830} INFO - Processing file /opt/airflow/dags/pipeline.py for tasks to queue
[2024-06-08T14:26:36.687+0000] {logging_mixin.py:188} INFO - [2024-06-08T14:26:36.687+0000] {dagbag.py:545} INFO - Filling up the DagBag from /opt/airflow/dags/pipeline.py
[2024-06-08T14:26:37.213+0000] {processor.py:840} INFO - DAG(s) 's3_postgres' retrieved from /opt/airflow/dags/pipeline.py
[2024-06-08T14:26:37.230+0000] {logging_mixin.py:188} INFO - [2024-06-08T14:26:37.229+0000] {dag.py:3096} INFO - Sync 1 DAGs
[2024-06-08T14:26:37.248+0000] {logging_mixin.py:188} INFO - [2024-06-08T14:26:37.248+0000] {dag.py:3954} INFO - Setting next_dagrun for s3_postgres to 2024-06-08 00:00:00+00:00, run_after=2024-06-09 00:00:00+00:00
[2024-06-08T14:26:37.267+0000] {processor.py:183} INFO - Processing /opt/airflow/dags/pipeline.py took 0.589 seconds
[2024-06-08T14:27:08.218+0000] {processor.py:161} INFO - Started process (PID=964) to work on /opt/airflow/dags/pipeline.py
[2024-06-08T14:27:08.219+0000] {processor.py:830} INFO - Processing file /opt/airflow/dags/pipeline.py for tasks to queue
[2024-06-08T14:27:08.222+0000] {logging_mixin.py:188} INFO - [2024-06-08T14:27:08.221+0000] {dagbag.py:545} INFO - Filling up the DagBag from /opt/airflow/dags/pipeline.py
[2024-06-08T14:27:08.900+0000] {processor.py:840} INFO - DAG(s) 's3_postgres' retrieved from /opt/airflow/dags/pipeline.py
[2024-06-08T14:27:08.916+0000] {logging_mixin.py:188} INFO - [2024-06-08T14:27:08.916+0000] {dag.py:3096} INFO - Sync 1 DAGs
[2024-06-08T14:27:08.937+0000] {logging_mixin.py:188} INFO - [2024-06-08T14:27:08.937+0000] {dag.py:3954} INFO - Setting next_dagrun for s3_postgres to 2024-06-08 00:00:00+00:00, run_after=2024-06-09 00:00:00+00:00
[2024-06-08T14:27:08.956+0000] {processor.py:183} INFO - Processing /opt/airflow/dags/pipeline.py took 0.746 seconds
[2024-06-08T14:27:24.883+0000] {processor.py:161} INFO - Started process (PID=1005) to work on /opt/airflow/dags/pipeline.py
[2024-06-08T14:27:24.884+0000] {processor.py:830} INFO - Processing file /opt/airflow/dags/pipeline.py for tasks to queue
[2024-06-08T14:27:24.887+0000] {logging_mixin.py:188} INFO - [2024-06-08T14:27:24.887+0000] {dagbag.py:545} INFO - Filling up the DagBag from /opt/airflow/dags/pipeline.py
[2024-06-08T14:27:27.810+0000] {processor.py:840} INFO - DAG(s) 's3_postgres' retrieved from /opt/airflow/dags/pipeline.py
[2024-06-08T14:27:27.895+0000] {logging_mixin.py:188} INFO - [2024-06-08T14:27:27.894+0000] {dag.py:3096} INFO - Sync 1 DAGs
[2024-06-08T14:27:27.952+0000] {logging_mixin.py:188} INFO - [2024-06-08T14:27:27.952+0000] {dag.py:3954} INFO - Setting next_dagrun for s3_postgres to 2024-06-08 00:00:00+00:00, run_after=2024-06-09 00:00:00+00:00
[2024-06-08T14:27:28.032+0000] {processor.py:183} INFO - Processing /opt/airflow/dags/pipeline.py took 3.164 seconds
[2024-06-08T14:27:35.064+0000] {processor.py:161} INFO - Started process (PID=1016) to work on /opt/airflow/dags/pipeline.py
[2024-06-08T14:27:35.066+0000] {processor.py:830} INFO - Processing file /opt/airflow/dags/pipeline.py for tasks to queue
[2024-06-08T14:27:35.083+0000] {logging_mixin.py:188} INFO - [2024-06-08T14:27:35.083+0000] {dagbag.py:545} INFO - Filling up the DagBag from /opt/airflow/dags/pipeline.py
[2024-06-08T14:27:37.587+0000] {processor.py:840} INFO - DAG(s) 's3_postgres' retrieved from /opt/airflow/dags/pipeline.py
[2024-06-08T14:27:37.649+0000] {logging_mixin.py:188} INFO - [2024-06-08T14:27:37.648+0000] {dag.py:3096} INFO - Sync 1 DAGs
[2024-06-08T14:27:37.723+0000] {logging_mixin.py:188} INFO - [2024-06-08T14:27:37.721+0000] {dag.py:3954} INFO - Setting next_dagrun for s3_postgres to 2024-06-08 00:00:00+00:00, run_after=2024-06-09 00:00:00+00:00
[2024-06-08T14:27:37.801+0000] {processor.py:183} INFO - Processing /opt/airflow/dags/pipeline.py took 2.761 seconds
[2024-06-08T14:28:08.227+0000] {processor.py:161} INFO - Started process (PID=1078) to work on /opt/airflow/dags/pipeline.py
[2024-06-08T14:28:08.233+0000] {processor.py:830} INFO - Processing file /opt/airflow/dags/pipeline.py for tasks to queue
[2024-06-08T14:28:08.236+0000] {logging_mixin.py:188} INFO - [2024-06-08T14:28:08.235+0000] {dagbag.py:545} INFO - Filling up the DagBag from /opt/airflow/dags/pipeline.py
[2024-06-08T14:28:08.876+0000] {processor.py:840} INFO - DAG(s) 's3_postgres' retrieved from /opt/airflow/dags/pipeline.py
[2024-06-08T14:28:08.894+0000] {logging_mixin.py:188} INFO - [2024-06-08T14:28:08.893+0000] {dag.py:3096} INFO - Sync 1 DAGs
[2024-06-08T14:28:08.918+0000] {logging_mixin.py:188} INFO - [2024-06-08T14:28:08.917+0000] {dag.py:3954} INFO - Setting next_dagrun for s3_postgres to 2024-06-08 00:00:00+00:00, run_after=2024-06-09 00:00:00+00:00
[2024-06-08T14:28:08.941+0000] {processor.py:183} INFO - Processing /opt/airflow/dags/pipeline.py took 0.728 seconds
[2024-06-08T14:28:39.150+0000] {processor.py:161} INFO - Started process (PID=1141) to work on /opt/airflow/dags/pipeline.py
[2024-06-08T14:28:39.152+0000] {processor.py:830} INFO - Processing file /opt/airflow/dags/pipeline.py for tasks to queue
[2024-06-08T14:28:39.155+0000] {logging_mixin.py:188} INFO - [2024-06-08T14:28:39.155+0000] {dagbag.py:545} INFO - Filling up the DagBag from /opt/airflow/dags/pipeline.py
[2024-06-08T14:28:40.454+0000] {processor.py:840} INFO - DAG(s) 's3_postgres' retrieved from /opt/airflow/dags/pipeline.py
[2024-06-08T14:28:40.488+0000] {logging_mixin.py:188} INFO - [2024-06-08T14:28:40.488+0000] {dag.py:3096} INFO - Sync 1 DAGs
[2024-06-08T14:28:40.525+0000] {logging_mixin.py:188} INFO - [2024-06-08T14:28:40.524+0000] {dag.py:3954} INFO - Setting next_dagrun for s3_postgres to 2024-06-08 00:00:00+00:00, run_after=2024-06-09 00:00:00+00:00
[2024-06-08T14:28:40.561+0000] {processor.py:183} INFO - Processing /opt/airflow/dags/pipeline.py took 1.427 seconds
[2024-06-08T14:29:10.738+0000] {processor.py:161} INFO - Started process (PID=1204) to work on /opt/airflow/dags/pipeline.py
[2024-06-08T14:29:10.739+0000] {processor.py:830} INFO - Processing file /opt/airflow/dags/pipeline.py for tasks to queue
[2024-06-08T14:29:10.742+0000] {logging_mixin.py:188} INFO - [2024-06-08T14:29:10.741+0000] {dagbag.py:545} INFO - Filling up the DagBag from /opt/airflow/dags/pipeline.py
[2024-06-08T14:29:11.977+0000] {processor.py:840} INFO - DAG(s) 's3_postgres' retrieved from /opt/airflow/dags/pipeline.py
[2024-06-08T14:29:12.032+0000] {logging_mixin.py:188} INFO - [2024-06-08T14:29:12.030+0000] {dag.py:3096} INFO - Sync 1 DAGs
[2024-06-08T14:29:12.111+0000] {logging_mixin.py:188} INFO - [2024-06-08T14:29:12.111+0000] {dag.py:3954} INFO - Setting next_dagrun for s3_postgres to 2024-06-08 00:00:00+00:00, run_after=2024-06-09 00:00:00+00:00
[2024-06-08T14:29:12.187+0000] {processor.py:183} INFO - Processing /opt/airflow/dags/pipeline.py took 1.461 seconds
[2024-06-08T14:29:42.337+0000] {processor.py:161} INFO - Started process (PID=1268) to work on /opt/airflow/dags/pipeline.py
[2024-06-08T14:29:42.338+0000] {processor.py:830} INFO - Processing file /opt/airflow/dags/pipeline.py for tasks to queue
[2024-06-08T14:29:42.341+0000] {logging_mixin.py:188} INFO - [2024-06-08T14:29:42.341+0000] {dagbag.py:545} INFO - Filling up the DagBag from /opt/airflow/dags/pipeline.py
[2024-06-08T14:29:43.148+0000] {processor.py:840} INFO - DAG(s) 's3_postgres' retrieved from /opt/airflow/dags/pipeline.py
[2024-06-08T14:29:43.165+0000] {logging_mixin.py:188} INFO - [2024-06-08T14:29:43.165+0000] {dag.py:3096} INFO - Sync 1 DAGs
[2024-06-08T14:29:43.190+0000] {logging_mixin.py:188} INFO - [2024-06-08T14:29:43.189+0000] {dag.py:3954} INFO - Setting next_dagrun for s3_postgres to 2024-06-08 00:00:00+00:00, run_after=2024-06-09 00:00:00+00:00
[2024-06-08T14:29:43.222+0000] {processor.py:183} INFO - Processing /opt/airflow/dags/pipeline.py took 0.894 seconds
[2024-06-08T14:30:13.769+0000] {processor.py:161} INFO - Started process (PID=1330) to work on /opt/airflow/dags/pipeline.py
[2024-06-08T14:30:13.770+0000] {processor.py:830} INFO - Processing file /opt/airflow/dags/pipeline.py for tasks to queue
[2024-06-08T14:30:13.772+0000] {logging_mixin.py:188} INFO - [2024-06-08T14:30:13.772+0000] {dagbag.py:545} INFO - Filling up the DagBag from /opt/airflow/dags/pipeline.py
[2024-06-08T14:30:14.330+0000] {processor.py:840} INFO - DAG(s) 's3_postgres' retrieved from /opt/airflow/dags/pipeline.py
[2024-06-08T14:30:14.346+0000] {logging_mixin.py:188} INFO - [2024-06-08T14:30:14.346+0000] {dag.py:3096} INFO - Sync 1 DAGs
[2024-06-08T14:30:14.366+0000] {logging_mixin.py:188} INFO - [2024-06-08T14:30:14.366+0000] {dag.py:3954} INFO - Setting next_dagrun for s3_postgres to 2024-06-08 00:00:00+00:00, run_after=2024-06-09 00:00:00+00:00
[2024-06-08T14:30:14.384+0000] {processor.py:183} INFO - Processing /opt/airflow/dags/pipeline.py took 0.621 seconds
[2024-06-08T14:30:44.652+0000] {processor.py:161} INFO - Started process (PID=1394) to work on /opt/airflow/dags/pipeline.py
[2024-06-08T14:30:44.654+0000] {processor.py:830} INFO - Processing file /opt/airflow/dags/pipeline.py for tasks to queue
[2024-06-08T14:30:44.659+0000] {logging_mixin.py:188} INFO - [2024-06-08T14:30:44.658+0000] {dagbag.py:545} INFO - Filling up the DagBag from /opt/airflow/dags/pipeline.py
[2024-06-08T14:30:45.465+0000] {processor.py:840} INFO - DAG(s) 's3_postgres' retrieved from /opt/airflow/dags/pipeline.py
[2024-06-08T14:30:45.485+0000] {logging_mixin.py:188} INFO - [2024-06-08T14:30:45.485+0000] {dag.py:3096} INFO - Sync 1 DAGs
[2024-06-08T14:30:45.512+0000] {logging_mixin.py:188} INFO - [2024-06-08T14:30:45.512+0000] {dag.py:3954} INFO - Setting next_dagrun for s3_postgres to 2024-06-08 00:00:00+00:00, run_after=2024-06-09 00:00:00+00:00
[2024-06-08T14:30:45.530+0000] {processor.py:183} INFO - Processing /opt/airflow/dags/pipeline.py took 0.885 seconds
[2024-06-08T14:31:15.833+0000] {processor.py:161} INFO - Started process (PID=1460) to work on /opt/airflow/dags/pipeline.py
[2024-06-08T14:31:15.834+0000] {processor.py:830} INFO - Processing file /opt/airflow/dags/pipeline.py for tasks to queue
[2024-06-08T14:31:15.836+0000] {logging_mixin.py:188} INFO - [2024-06-08T14:31:15.836+0000] {dagbag.py:545} INFO - Filling up the DagBag from /opt/airflow/dags/pipeline.py
[2024-06-08T14:31:16.404+0000] {processor.py:840} INFO - DAG(s) 's3_postgres' retrieved from /opt/airflow/dags/pipeline.py
[2024-06-08T14:31:16.423+0000] {logging_mixin.py:188} INFO - [2024-06-08T14:31:16.422+0000] {dag.py:3096} INFO - Sync 1 DAGs
[2024-06-08T14:31:16.447+0000] {logging_mixin.py:188} INFO - [2024-06-08T14:31:16.447+0000] {dag.py:3954} INFO - Setting next_dagrun for s3_postgres to 2024-06-08 00:00:00+00:00, run_after=2024-06-09 00:00:00+00:00
[2024-06-08T14:31:16.465+0000] {processor.py:183} INFO - Processing /opt/airflow/dags/pipeline.py took 0.638 seconds
[2024-06-08T14:31:47.292+0000] {processor.py:161} INFO - Started process (PID=1522) to work on /opt/airflow/dags/pipeline.py
[2024-06-08T14:31:47.293+0000] {processor.py:830} INFO - Processing file /opt/airflow/dags/pipeline.py for tasks to queue
[2024-06-08T14:31:47.295+0000] {logging_mixin.py:188} INFO - [2024-06-08T14:31:47.294+0000] {dagbag.py:545} INFO - Filling up the DagBag from /opt/airflow/dags/pipeline.py
[2024-06-08T14:31:47.869+0000] {processor.py:840} INFO - DAG(s) 's3_postgres' retrieved from /opt/airflow/dags/pipeline.py
[2024-06-08T14:31:47.885+0000] {logging_mixin.py:188} INFO - [2024-06-08T14:31:47.884+0000] {dag.py:3096} INFO - Sync 1 DAGs
[2024-06-08T14:31:47.905+0000] {logging_mixin.py:188} INFO - [2024-06-08T14:31:47.905+0000] {dag.py:3954} INFO - Setting next_dagrun for s3_postgres to 2024-06-08 00:00:00+00:00, run_after=2024-06-09 00:00:00+00:00
[2024-06-08T14:31:47.924+0000] {processor.py:183} INFO - Processing /opt/airflow/dags/pipeline.py took 0.639 seconds
[2024-06-08T14:32:18.921+0000] {processor.py:161} INFO - Started process (PID=1584) to work on /opt/airflow/dags/pipeline.py
[2024-06-08T14:32:18.923+0000] {processor.py:830} INFO - Processing file /opt/airflow/dags/pipeline.py for tasks to queue
[2024-06-08T14:32:18.924+0000] {logging_mixin.py:188} INFO - [2024-06-08T14:32:18.924+0000] {dagbag.py:545} INFO - Filling up the DagBag from /opt/airflow/dags/pipeline.py
[2024-06-08T14:32:19.467+0000] {processor.py:840} INFO - DAG(s) 's3_postgres' retrieved from /opt/airflow/dags/pipeline.py
[2024-06-08T14:32:19.484+0000] {logging_mixin.py:188} INFO - [2024-06-08T14:32:19.483+0000] {dag.py:3096} INFO - Sync 1 DAGs
[2024-06-08T14:32:19.503+0000] {logging_mixin.py:188} INFO - [2024-06-08T14:32:19.503+0000] {dag.py:3954} INFO - Setting next_dagrun for s3_postgres to 2024-06-08 00:00:00+00:00, run_after=2024-06-09 00:00:00+00:00
[2024-06-08T14:32:19.523+0000] {processor.py:183} INFO - Processing /opt/airflow/dags/pipeline.py took 0.607 seconds
[2024-06-08T14:32:49.908+0000] {processor.py:161} INFO - Started process (PID=1644) to work on /opt/airflow/dags/pipeline.py
[2024-06-08T14:32:49.910+0000] {processor.py:830} INFO - Processing file /opt/airflow/dags/pipeline.py for tasks to queue
[2024-06-08T14:32:49.912+0000] {logging_mixin.py:188} INFO - [2024-06-08T14:32:49.911+0000] {dagbag.py:545} INFO - Filling up the DagBag from /opt/airflow/dags/pipeline.py
[2024-06-08T14:32:50.501+0000] {processor.py:840} INFO - DAG(s) 's3_postgres' retrieved from /opt/airflow/dags/pipeline.py
[2024-06-08T14:32:50.523+0000] {logging_mixin.py:188} INFO - [2024-06-08T14:32:50.523+0000] {dag.py:3096} INFO - Sync 1 DAGs
[2024-06-08T14:32:50.554+0000] {logging_mixin.py:188} INFO - [2024-06-08T14:32:50.553+0000] {dag.py:3954} INFO - Setting next_dagrun for s3_postgres to 2024-06-08 00:00:00+00:00, run_after=2024-06-09 00:00:00+00:00
[2024-06-08T14:32:50.587+0000] {processor.py:183} INFO - Processing /opt/airflow/dags/pipeline.py took 0.686 seconds
[2024-06-08T14:33:21.554+0000] {processor.py:161} INFO - Started process (PID=1706) to work on /opt/airflow/dags/pipeline.py
[2024-06-08T14:33:21.556+0000] {processor.py:830} INFO - Processing file /opt/airflow/dags/pipeline.py for tasks to queue
[2024-06-08T14:33:21.558+0000] {logging_mixin.py:188} INFO - [2024-06-08T14:33:21.557+0000] {dagbag.py:545} INFO - Filling up the DagBag from /opt/airflow/dags/pipeline.py
[2024-06-08T14:33:21.945+0000] {processor.py:840} INFO - DAG(s) 's3_postgres' retrieved from /opt/airflow/dags/pipeline.py
[2024-06-08T14:33:21.964+0000] {logging_mixin.py:188} INFO - [2024-06-08T14:33:21.963+0000] {dag.py:3096} INFO - Sync 1 DAGs
[2024-06-08T14:33:21.985+0000] {logging_mixin.py:188} INFO - [2024-06-08T14:33:21.985+0000] {dag.py:3954} INFO - Setting next_dagrun for s3_postgres to 2024-06-08 00:00:00+00:00, run_after=2024-06-09 00:00:00+00:00
[2024-06-08T14:33:22.004+0000] {processor.py:183} INFO - Processing /opt/airflow/dags/pipeline.py took 0.457 seconds
[2024-06-08T14:33:52.215+0000] {processor.py:161} INFO - Started process (PID=1766) to work on /opt/airflow/dags/pipeline.py
[2024-06-08T14:33:52.216+0000] {processor.py:830} INFO - Processing file /opt/airflow/dags/pipeline.py for tasks to queue
[2024-06-08T14:33:52.218+0000] {logging_mixin.py:188} INFO - [2024-06-08T14:33:52.218+0000] {dagbag.py:545} INFO - Filling up the DagBag from /opt/airflow/dags/pipeline.py
[2024-06-08T14:33:52.671+0000] {processor.py:840} INFO - DAG(s) 's3_postgres' retrieved from /opt/airflow/dags/pipeline.py
[2024-06-08T14:33:52.692+0000] {logging_mixin.py:188} INFO - [2024-06-08T14:33:52.691+0000] {dag.py:3096} INFO - Sync 1 DAGs
[2024-06-08T14:33:52.718+0000] {logging_mixin.py:188} INFO - [2024-06-08T14:33:52.718+0000] {dag.py:3954} INFO - Setting next_dagrun for s3_postgres to 2024-06-08 00:00:00+00:00, run_after=2024-06-09 00:00:00+00:00
[2024-06-08T14:33:52.738+0000] {processor.py:183} INFO - Processing /opt/airflow/dags/pipeline.py took 0.528 seconds
[2024-06-08T14:34:22.805+0000] {processor.py:161} INFO - Started process (PID=1829) to work on /opt/airflow/dags/pipeline.py
[2024-06-08T14:34:22.806+0000] {processor.py:830} INFO - Processing file /opt/airflow/dags/pipeline.py for tasks to queue
[2024-06-08T14:34:22.808+0000] {logging_mixin.py:188} INFO - [2024-06-08T14:34:22.808+0000] {dagbag.py:545} INFO - Filling up the DagBag from /opt/airflow/dags/pipeline.py
[2024-06-08T14:34:23.268+0000] {processor.py:840} INFO - DAG(s) 's3_postgres' retrieved from /opt/airflow/dags/pipeline.py
[2024-06-08T14:34:23.296+0000] {logging_mixin.py:188} INFO - [2024-06-08T14:34:23.295+0000] {dag.py:3096} INFO - Sync 1 DAGs
[2024-06-08T14:34:23.320+0000] {logging_mixin.py:188} INFO - [2024-06-08T14:34:23.320+0000] {dag.py:3954} INFO - Setting next_dagrun for s3_postgres to 2024-06-08 00:00:00+00:00, run_after=2024-06-09 00:00:00+00:00
[2024-06-08T14:34:23.340+0000] {processor.py:183} INFO - Processing /opt/airflow/dags/pipeline.py took 0.543 seconds
[2024-06-08T14:34:54.129+0000] {processor.py:161} INFO - Started process (PID=1890) to work on /opt/airflow/dags/pipeline.py
[2024-06-08T14:34:54.130+0000] {processor.py:830} INFO - Processing file /opt/airflow/dags/pipeline.py for tasks to queue
[2024-06-08T14:34:54.132+0000] {logging_mixin.py:188} INFO - [2024-06-08T14:34:54.132+0000] {dagbag.py:545} INFO - Filling up the DagBag from /opt/airflow/dags/pipeline.py
[2024-06-08T14:34:54.531+0000] {processor.py:840} INFO - DAG(s) 's3_postgres' retrieved from /opt/airflow/dags/pipeline.py
[2024-06-08T14:34:54.554+0000] {logging_mixin.py:188} INFO - [2024-06-08T14:34:54.553+0000] {dag.py:3096} INFO - Sync 1 DAGs
[2024-06-08T14:34:54.576+0000] {logging_mixin.py:188} INFO - [2024-06-08T14:34:54.576+0000] {dag.py:3954} INFO - Setting next_dagrun for s3_postgres to 2024-06-08 00:00:00+00:00, run_after=2024-06-09 00:00:00+00:00
[2024-06-08T14:34:54.596+0000] {processor.py:183} INFO - Processing /opt/airflow/dags/pipeline.py took 0.473 seconds
[2024-06-08T14:35:24.813+0000] {processor.py:161} INFO - Started process (PID=1950) to work on /opt/airflow/dags/pipeline.py
[2024-06-08T14:35:24.814+0000] {processor.py:830} INFO - Processing file /opt/airflow/dags/pipeline.py for tasks to queue
[2024-06-08T14:35:24.816+0000] {logging_mixin.py:188} INFO - [2024-06-08T14:35:24.816+0000] {dagbag.py:545} INFO - Filling up the DagBag from /opt/airflow/dags/pipeline.py
[2024-06-08T14:35:25.337+0000] {processor.py:840} INFO - DAG(s) 's3_postgres' retrieved from /opt/airflow/dags/pipeline.py
[2024-06-08T14:35:25.362+0000] {logging_mixin.py:188} INFO - [2024-06-08T14:35:25.362+0000] {dag.py:3096} INFO - Sync 1 DAGs
[2024-06-08T14:35:25.387+0000] {logging_mixin.py:188} INFO - [2024-06-08T14:35:25.387+0000] {dag.py:3954} INFO - Setting next_dagrun for s3_postgres to 2024-06-08 00:00:00+00:00, run_after=2024-06-09 00:00:00+00:00
[2024-06-08T14:35:25.407+0000] {processor.py:183} INFO - Processing /opt/airflow/dags/pipeline.py took 0.601 seconds
[2024-06-08T14:35:56.347+0000] {processor.py:161} INFO - Started process (PID=2013) to work on /opt/airflow/dags/pipeline.py
[2024-06-08T14:35:56.348+0000] {processor.py:830} INFO - Processing file /opt/airflow/dags/pipeline.py for tasks to queue
[2024-06-08T14:35:56.352+0000] {logging_mixin.py:188} INFO - [2024-06-08T14:35:56.351+0000] {dagbag.py:545} INFO - Filling up the DagBag from /opt/airflow/dags/pipeline.py
[2024-06-08T14:35:56.975+0000] {processor.py:840} INFO - DAG(s) 's3_postgres' retrieved from /opt/airflow/dags/pipeline.py
[2024-06-08T14:35:57.002+0000] {logging_mixin.py:188} INFO - [2024-06-08T14:35:57.001+0000] {dag.py:3096} INFO - Sync 1 DAGs
[2024-06-08T14:35:57.030+0000] {logging_mixin.py:188} INFO - [2024-06-08T14:35:57.030+0000] {dag.py:3954} INFO - Setting next_dagrun for s3_postgres to 2024-06-08 00:00:00+00:00, run_after=2024-06-09 00:00:00+00:00
[2024-06-08T14:35:57.054+0000] {processor.py:183} INFO - Processing /opt/airflow/dags/pipeline.py took 0.716 seconds
[2024-06-08T14:36:27.532+0000] {processor.py:161} INFO - Started process (PID=2073) to work on /opt/airflow/dags/pipeline.py
[2024-06-08T14:36:27.533+0000] {processor.py:830} INFO - Processing file /opt/airflow/dags/pipeline.py for tasks to queue
[2024-06-08T14:36:27.535+0000] {logging_mixin.py:188} INFO - [2024-06-08T14:36:27.535+0000] {dagbag.py:545} INFO - Filling up the DagBag from /opt/airflow/dags/pipeline.py
[2024-06-08T14:36:28.175+0000] {processor.py:840} INFO - DAG(s) 's3_postgres' retrieved from /opt/airflow/dags/pipeline.py
[2024-06-08T14:36:28.198+0000] {logging_mixin.py:188} INFO - [2024-06-08T14:36:28.197+0000] {dag.py:3096} INFO - Sync 1 DAGs
[2024-06-08T14:36:28.243+0000] {logging_mixin.py:188} INFO - [2024-06-08T14:36:28.242+0000] {dag.py:3954} INFO - Setting next_dagrun for s3_postgres to 2024-06-08 00:00:00+00:00, run_after=2024-06-09 00:00:00+00:00
[2024-06-08T14:36:28.269+0000] {processor.py:183} INFO - Processing /opt/airflow/dags/pipeline.py took 0.743 seconds
[2024-06-08T14:36:58.722+0000] {processor.py:161} INFO - Started process (PID=2134) to work on /opt/airflow/dags/pipeline.py
[2024-06-08T14:36:58.723+0000] {processor.py:830} INFO - Processing file /opt/airflow/dags/pipeline.py for tasks to queue
[2024-06-08T14:36:58.725+0000] {logging_mixin.py:188} INFO - [2024-06-08T14:36:58.724+0000] {dagbag.py:545} INFO - Filling up the DagBag from /opt/airflow/dags/pipeline.py
[2024-06-08T14:36:59.194+0000] {processor.py:840} INFO - DAG(s) 's3_postgres' retrieved from /opt/airflow/dags/pipeline.py
[2024-06-08T14:36:59.222+0000] {logging_mixin.py:188} INFO - [2024-06-08T14:36:59.221+0000] {dag.py:3096} INFO - Sync 1 DAGs
[2024-06-08T14:36:59.254+0000] {logging_mixin.py:188} INFO - [2024-06-08T14:36:59.253+0000] {dag.py:3954} INFO - Setting next_dagrun for s3_postgres to 2024-06-08 00:00:00+00:00, run_after=2024-06-09 00:00:00+00:00
[2024-06-08T14:36:59.277+0000] {processor.py:183} INFO - Processing /opt/airflow/dags/pipeline.py took 0.563 seconds
[2024-06-08T14:37:29.453+0000] {processor.py:161} INFO - Started process (PID=2198) to work on /opt/airflow/dags/pipeline.py
[2024-06-08T14:37:29.454+0000] {processor.py:830} INFO - Processing file /opt/airflow/dags/pipeline.py for tasks to queue
[2024-06-08T14:37:29.457+0000] {logging_mixin.py:188} INFO - [2024-06-08T14:37:29.456+0000] {dagbag.py:545} INFO - Filling up the DagBag from /opt/airflow/dags/pipeline.py
[2024-06-08T14:37:29.937+0000] {processor.py:840} INFO - DAG(s) 's3_postgres' retrieved from /opt/airflow/dags/pipeline.py
[2024-06-08T14:37:29.967+0000] {logging_mixin.py:188} INFO - [2024-06-08T14:37:29.966+0000] {dag.py:3096} INFO - Sync 1 DAGs
[2024-06-08T14:37:29.999+0000] {logging_mixin.py:188} INFO - [2024-06-08T14:37:29.998+0000] {dag.py:3954} INFO - Setting next_dagrun for s3_postgres to 2024-06-08 00:00:00+00:00, run_after=2024-06-09 00:00:00+00:00
[2024-06-08T14:37:30.023+0000] {processor.py:183} INFO - Processing /opt/airflow/dags/pipeline.py took 0.577 seconds
[2024-06-08T14:38:00.313+0000] {processor.py:161} INFO - Started process (PID=2259) to work on /opt/airflow/dags/pipeline.py
[2024-06-08T14:38:00.314+0000] {processor.py:830} INFO - Processing file /opt/airflow/dags/pipeline.py for tasks to queue
[2024-06-08T14:38:00.319+0000] {logging_mixin.py:188} INFO - [2024-06-08T14:38:00.318+0000] {dagbag.py:545} INFO - Filling up the DagBag from /opt/airflow/dags/pipeline.py
[2024-06-08T14:38:00.986+0000] {processor.py:840} INFO - DAG(s) 's3_postgres' retrieved from /opt/airflow/dags/pipeline.py
[2024-06-08T14:38:01.007+0000] {logging_mixin.py:188} INFO - [2024-06-08T14:38:01.007+0000] {dag.py:3096} INFO - Sync 1 DAGs
[2024-06-08T14:38:01.037+0000] {logging_mixin.py:188} INFO - [2024-06-08T14:38:01.036+0000] {dag.py:3954} INFO - Setting next_dagrun for s3_postgres to 2024-06-08 00:00:00+00:00, run_after=2024-06-09 00:00:00+00:00
[2024-06-08T14:38:01.057+0000] {processor.py:183} INFO - Processing /opt/airflow/dags/pipeline.py took 0.757 seconds
[2024-06-08T14:38:32.087+0000] {processor.py:161} INFO - Started process (PID=2319) to work on /opt/airflow/dags/pipeline.py
[2024-06-08T14:38:32.089+0000] {processor.py:830} INFO - Processing file /opt/airflow/dags/pipeline.py for tasks to queue
[2024-06-08T14:38:32.098+0000] {logging_mixin.py:188} INFO - [2024-06-08T14:38:32.097+0000] {dagbag.py:545} INFO - Filling up the DagBag from /opt/airflow/dags/pipeline.py
[2024-06-08T14:38:33.388+0000] {processor.py:840} INFO - DAG(s) 's3_postgres' retrieved from /opt/airflow/dags/pipeline.py
[2024-06-08T14:38:33.412+0000] {logging_mixin.py:188} INFO - [2024-06-08T14:38:33.411+0000] {dag.py:3096} INFO - Sync 1 DAGs
[2024-06-08T14:38:33.442+0000] {logging_mixin.py:188} INFO - [2024-06-08T14:38:33.442+0000] {dag.py:3954} INFO - Setting next_dagrun for s3_postgres to 2024-06-08 00:00:00+00:00, run_after=2024-06-09 00:00:00+00:00
[2024-06-08T14:38:33.467+0000] {processor.py:183} INFO - Processing /opt/airflow/dags/pipeline.py took 1.401 seconds
[2024-06-08T14:39:03.980+0000] {processor.py:161} INFO - Started process (PID=2379) to work on /opt/airflow/dags/pipeline.py
[2024-06-08T14:39:03.981+0000] {processor.py:830} INFO - Processing file /opt/airflow/dags/pipeline.py for tasks to queue
[2024-06-08T14:39:03.983+0000] {logging_mixin.py:188} INFO - [2024-06-08T14:39:03.983+0000] {dagbag.py:545} INFO - Filling up the DagBag from /opt/airflow/dags/pipeline.py
[2024-06-08T14:39:04.381+0000] {processor.py:840} INFO - DAG(s) 's3_postgres' retrieved from /opt/airflow/dags/pipeline.py
[2024-06-08T14:39:04.401+0000] {logging_mixin.py:188} INFO - [2024-06-08T14:39:04.401+0000] {dag.py:3096} INFO - Sync 1 DAGs
[2024-06-08T14:39:04.424+0000] {logging_mixin.py:188} INFO - [2024-06-08T14:39:04.424+0000] {dag.py:3954} INFO - Setting next_dagrun for s3_postgres to 2024-06-08 00:00:00+00:00, run_after=2024-06-09 00:00:00+00:00
[2024-06-08T14:39:04.444+0000] {processor.py:183} INFO - Processing /opt/airflow/dags/pipeline.py took 0.470 seconds
[2024-06-08T14:39:34.975+0000] {processor.py:161} INFO - Started process (PID=2439) to work on /opt/airflow/dags/pipeline.py
[2024-06-08T14:39:34.976+0000] {processor.py:830} INFO - Processing file /opt/airflow/dags/pipeline.py for tasks to queue
[2024-06-08T14:39:34.978+0000] {logging_mixin.py:188} INFO - [2024-06-08T14:39:34.978+0000] {dagbag.py:545} INFO - Filling up the DagBag from /opt/airflow/dags/pipeline.py
[2024-06-08T14:39:35.414+0000] {processor.py:840} INFO - DAG(s) 's3_postgres' retrieved from /opt/airflow/dags/pipeline.py
[2024-06-08T14:39:35.436+0000] {logging_mixin.py:188} INFO - [2024-06-08T14:39:35.436+0000] {dag.py:3096} INFO - Sync 1 DAGs
[2024-06-08T14:39:35.458+0000] {logging_mixin.py:188} INFO - [2024-06-08T14:39:35.457+0000] {dag.py:3954} INFO - Setting next_dagrun for s3_postgres to 2024-06-08 00:00:00+00:00, run_after=2024-06-09 00:00:00+00:00
[2024-06-08T14:39:35.477+0000] {processor.py:183} INFO - Processing /opt/airflow/dags/pipeline.py took 0.508 seconds
[2024-06-08T14:40:06.453+0000] {processor.py:161} INFO - Started process (PID=2503) to work on /opt/airflow/dags/pipeline.py
[2024-06-08T14:40:06.454+0000] {processor.py:830} INFO - Processing file /opt/airflow/dags/pipeline.py for tasks to queue
[2024-06-08T14:40:06.457+0000] {logging_mixin.py:188} INFO - [2024-06-08T14:40:06.457+0000] {dagbag.py:545} INFO - Filling up the DagBag from /opt/airflow/dags/pipeline.py
[2024-06-08T14:40:06.885+0000] {processor.py:840} INFO - DAG(s) 's3_postgres' retrieved from /opt/airflow/dags/pipeline.py
[2024-06-08T14:40:06.905+0000] {logging_mixin.py:188} INFO - [2024-06-08T14:40:06.905+0000] {dag.py:3096} INFO - Sync 1 DAGs
[2024-06-08T14:40:06.927+0000] {logging_mixin.py:188} INFO - [2024-06-08T14:40:06.927+0000] {dag.py:3954} INFO - Setting next_dagrun for s3_postgres to 2024-06-08 00:00:00+00:00, run_after=2024-06-09 00:00:00+00:00
[2024-06-08T14:40:06.946+0000] {processor.py:183} INFO - Processing /opt/airflow/dags/pipeline.py took 0.501 seconds
[2024-06-08T14:40:37.106+0000] {processor.py:161} INFO - Started process (PID=2563) to work on /opt/airflow/dags/pipeline.py
[2024-06-08T14:40:37.116+0000] {processor.py:830} INFO - Processing file /opt/airflow/dags/pipeline.py for tasks to queue
[2024-06-08T14:40:37.119+0000] {logging_mixin.py:188} INFO - [2024-06-08T14:40:37.119+0000] {dagbag.py:545} INFO - Filling up the DagBag from /opt/airflow/dags/pipeline.py
[2024-06-08T14:40:38.888+0000] {processor.py:840} INFO - DAG(s) 's3_postgres' retrieved from /opt/airflow/dags/pipeline.py
[2024-06-08T14:40:38.946+0000] {logging_mixin.py:188} INFO - [2024-06-08T14:40:38.945+0000] {dag.py:3096} INFO - Sync 1 DAGs
[2024-06-08T14:40:39.042+0000] {logging_mixin.py:188} INFO - [2024-06-08T14:40:39.041+0000] {dag.py:3954} INFO - Setting next_dagrun for s3_postgres to 2024-06-08 00:00:00+00:00, run_after=2024-06-09 00:00:00+00:00
[2024-06-08T14:40:39.111+0000] {processor.py:183} INFO - Processing /opt/airflow/dags/pipeline.py took 2.016 seconds
[2024-06-08T14:41:09.913+0000] {processor.py:161} INFO - Started process (PID=2628) to work on /opt/airflow/dags/pipeline.py
[2024-06-08T14:41:09.915+0000] {processor.py:830} INFO - Processing file /opt/airflow/dags/pipeline.py for tasks to queue
[2024-06-08T14:41:09.918+0000] {logging_mixin.py:188} INFO - [2024-06-08T14:41:09.918+0000] {dagbag.py:545} INFO - Filling up the DagBag from /opt/airflow/dags/pipeline.py
[2024-06-08T14:41:11.002+0000] {processor.py:840} INFO - DAG(s) 's3_postgres' retrieved from /opt/airflow/dags/pipeline.py
[2024-06-08T14:41:11.033+0000] {logging_mixin.py:188} INFO - [2024-06-08T14:41:11.033+0000] {dag.py:3096} INFO - Sync 1 DAGs
[2024-06-08T14:41:11.067+0000] {logging_mixin.py:188} INFO - [2024-06-08T14:41:11.067+0000] {dag.py:3954} INFO - Setting next_dagrun for s3_postgres to 2024-06-08 00:00:00+00:00, run_after=2024-06-09 00:00:00+00:00
[2024-06-08T14:41:11.094+0000] {processor.py:183} INFO - Processing /opt/airflow/dags/pipeline.py took 1.192 seconds
[2024-06-08T14:41:41.244+0000] {processor.py:161} INFO - Started process (PID=2688) to work on /opt/airflow/dags/pipeline.py
[2024-06-08T14:41:41.246+0000] {processor.py:830} INFO - Processing file /opt/airflow/dags/pipeline.py for tasks to queue
[2024-06-08T14:41:41.248+0000] {logging_mixin.py:188} INFO - [2024-06-08T14:41:41.248+0000] {dagbag.py:545} INFO - Filling up the DagBag from /opt/airflow/dags/pipeline.py
[2024-06-08T14:41:41.835+0000] {processor.py:840} INFO - DAG(s) 's3_postgres' retrieved from /opt/airflow/dags/pipeline.py
[2024-06-08T14:41:41.865+0000] {logging_mixin.py:188} INFO - [2024-06-08T14:41:41.864+0000] {dag.py:3096} INFO - Sync 1 DAGs
[2024-06-08T14:41:41.894+0000] {logging_mixin.py:188} INFO - [2024-06-08T14:41:41.894+0000] {dag.py:3954} INFO - Setting next_dagrun for s3_postgres to 2024-06-08 00:00:00+00:00, run_after=2024-06-09 00:00:00+00:00
[2024-06-08T14:41:41.919+0000] {processor.py:183} INFO - Processing /opt/airflow/dags/pipeline.py took 0.682 seconds
[2024-06-08T14:42:12.564+0000] {processor.py:161} INFO - Started process (PID=2748) to work on /opt/airflow/dags/pipeline.py
[2024-06-08T14:42:12.565+0000] {processor.py:830} INFO - Processing file /opt/airflow/dags/pipeline.py for tasks to queue
[2024-06-08T14:42:12.568+0000] {logging_mixin.py:188} INFO - [2024-06-08T14:42:12.568+0000] {dagbag.py:545} INFO - Filling up the DagBag from /opt/airflow/dags/pipeline.py
[2024-06-08T14:42:13.231+0000] {processor.py:840} INFO - DAG(s) 's3_postgres' retrieved from /opt/airflow/dags/pipeline.py
[2024-06-08T14:42:13.256+0000] {logging_mixin.py:188} INFO - [2024-06-08T14:42:13.256+0000] {dag.py:3096} INFO - Sync 1 DAGs
[2024-06-08T14:42:13.289+0000] {logging_mixin.py:188} INFO - [2024-06-08T14:42:13.289+0000] {dag.py:3954} INFO - Setting next_dagrun for s3_postgres to 2024-06-08 00:00:00+00:00, run_after=2024-06-09 00:00:00+00:00
[2024-06-08T14:42:13.313+0000] {processor.py:183} INFO - Processing /opt/airflow/dags/pipeline.py took 0.761 seconds
[2024-06-08T14:42:43.628+0000] {processor.py:161} INFO - Started process (PID=2808) to work on /opt/airflow/dags/pipeline.py
[2024-06-08T14:42:43.631+0000] {processor.py:830} INFO - Processing file /opt/airflow/dags/pipeline.py for tasks to queue
[2024-06-08T14:42:43.635+0000] {logging_mixin.py:188} INFO - [2024-06-08T14:42:43.634+0000] {dagbag.py:545} INFO - Filling up the DagBag from /opt/airflow/dags/pipeline.py
[2024-06-08T14:42:44.902+0000] {processor.py:840} INFO - DAG(s) 's3_postgres' retrieved from /opt/airflow/dags/pipeline.py
[2024-06-08T14:42:44.947+0000] {logging_mixin.py:188} INFO - [2024-06-08T14:42:44.946+0000] {dag.py:3096} INFO - Sync 1 DAGs
[2024-06-08T14:42:45.000+0000] {logging_mixin.py:188} INFO - [2024-06-08T14:42:44.999+0000] {dag.py:3954} INFO - Setting next_dagrun for s3_postgres to 2024-06-08 00:00:00+00:00, run_after=2024-06-09 00:00:00+00:00
[2024-06-08T14:42:45.044+0000] {processor.py:183} INFO - Processing /opt/airflow/dags/pipeline.py took 1.440 seconds
[2024-06-08T14:43:15.913+0000] {processor.py:161} INFO - Started process (PID=2871) to work on /opt/airflow/dags/pipeline.py
[2024-06-08T14:43:15.919+0000] {processor.py:830} INFO - Processing file /opt/airflow/dags/pipeline.py for tasks to queue
[2024-06-08T14:43:15.928+0000] {logging_mixin.py:188} INFO - [2024-06-08T14:43:15.924+0000] {dagbag.py:545} INFO - Filling up the DagBag from /opt/airflow/dags/pipeline.py
[2024-06-08T14:43:17.705+0000] {processor.py:840} INFO - DAG(s) 's3_postgres' retrieved from /opt/airflow/dags/pipeline.py
[2024-06-08T14:43:17.746+0000] {logging_mixin.py:188} INFO - [2024-06-08T14:43:17.745+0000] {dag.py:3096} INFO - Sync 1 DAGs
[2024-06-08T14:43:17.794+0000] {logging_mixin.py:188} INFO - [2024-06-08T14:43:17.793+0000] {dag.py:3954} INFO - Setting next_dagrun for s3_postgres to 2024-06-08 00:00:00+00:00, run_after=2024-06-09 00:00:00+00:00
[2024-06-08T14:43:17.837+0000] {processor.py:183} INFO - Processing /opt/airflow/dags/pipeline.py took 1.947 seconds
[2024-06-08T14:43:48.179+0000] {processor.py:161} INFO - Started process (PID=2939) to work on /opt/airflow/dags/pipeline.py
[2024-06-08T14:43:48.181+0000] {processor.py:830} INFO - Processing file /opt/airflow/dags/pipeline.py for tasks to queue
[2024-06-08T14:43:48.184+0000] {logging_mixin.py:188} INFO - [2024-06-08T14:43:48.183+0000] {dagbag.py:545} INFO - Filling up the DagBag from /opt/airflow/dags/pipeline.py
[2024-06-08T14:43:49.118+0000] {processor.py:840} INFO - DAG(s) 's3_postgres' retrieved from /opt/airflow/dags/pipeline.py
[2024-06-08T14:43:49.154+0000] {logging_mixin.py:188} INFO - [2024-06-08T14:43:49.153+0000] {dag.py:3096} INFO - Sync 1 DAGs
[2024-06-08T14:43:49.484+0000] {logging_mixin.py:188} INFO - [2024-06-08T14:43:49.483+0000] {dag.py:3954} INFO - Setting next_dagrun for s3_postgres to 2024-06-08 00:00:00+00:00, run_after=2024-06-09 00:00:00+00:00
[2024-06-08T14:43:49.513+0000] {processor.py:183} INFO - Processing /opt/airflow/dags/pipeline.py took 1.348 seconds
[2024-06-08T14:44:19.903+0000] {processor.py:161} INFO - Started process (PID=2999) to work on /opt/airflow/dags/pipeline.py
[2024-06-08T14:44:19.906+0000] {processor.py:830} INFO - Processing file /opt/airflow/dags/pipeline.py for tasks to queue
[2024-06-08T14:44:19.918+0000] {logging_mixin.py:188} INFO - [2024-06-08T14:44:19.917+0000] {dagbag.py:545} INFO - Filling up the DagBag from /opt/airflow/dags/pipeline.py
[2024-06-08T14:44:21.769+0000] {processor.py:840} INFO - DAG(s) 's3_postgres' retrieved from /opt/airflow/dags/pipeline.py
[2024-06-08T14:44:21.861+0000] {logging_mixin.py:188} INFO - [2024-06-08T14:44:21.860+0000] {dag.py:3096} INFO - Sync 1 DAGs
[2024-06-08T14:44:21.964+0000] {logging_mixin.py:188} INFO - [2024-06-08T14:44:21.963+0000] {dag.py:3954} INFO - Setting next_dagrun for s3_postgres to 2024-06-08 00:00:00+00:00, run_after=2024-06-09 00:00:00+00:00
[2024-06-08T14:44:23.129+0000] {processor.py:183} INFO - Processing /opt/airflow/dags/pipeline.py took 3.240 seconds
[2024-06-08T14:44:53.678+0000] {processor.py:161} INFO - Started process (PID=3061) to work on /opt/airflow/dags/pipeline.py
[2024-06-08T14:44:53.680+0000] {processor.py:830} INFO - Processing file /opt/airflow/dags/pipeline.py for tasks to queue
[2024-06-08T14:44:53.683+0000] {logging_mixin.py:188} INFO - [2024-06-08T14:44:53.682+0000] {dagbag.py:545} INFO - Filling up the DagBag from /opt/airflow/dags/pipeline.py
[2024-06-08T14:44:54.302+0000] {processor.py:840} INFO - DAG(s) 's3_postgres' retrieved from /opt/airflow/dags/pipeline.py
[2024-06-08T14:44:54.392+0000] {logging_mixin.py:188} INFO - [2024-06-08T14:44:54.392+0000] {dag.py:3096} INFO - Sync 1 DAGs
[2024-06-08T14:44:54.481+0000] {logging_mixin.py:188} INFO - [2024-06-08T14:44:54.480+0000] {dag.py:3954} INFO - Setting next_dagrun for s3_postgres to 2024-06-08 00:00:00+00:00, run_after=2024-06-09 00:00:00+00:00
[2024-06-08T14:44:54.847+0000] {processor.py:183} INFO - Processing /opt/airflow/dags/pipeline.py took 1.181 seconds
[2024-06-08T14:45:25.107+0000] {processor.py:161} INFO - Started process (PID=3121) to work on /opt/airflow/dags/pipeline.py
[2024-06-08T14:45:25.111+0000] {processor.py:830} INFO - Processing file /opt/airflow/dags/pipeline.py for tasks to queue
[2024-06-08T14:45:25.121+0000] {logging_mixin.py:188} INFO - [2024-06-08T14:45:25.115+0000] {dagbag.py:545} INFO - Filling up the DagBag from /opt/airflow/dags/pipeline.py
[2024-06-08T14:45:28.302+0000] {processor.py:840} INFO - DAG(s) 's3_postgres' retrieved from /opt/airflow/dags/pipeline.py
[2024-06-08T14:45:28.369+0000] {logging_mixin.py:188} INFO - [2024-06-08T14:45:28.362+0000] {dag.py:3096} INFO - Sync 1 DAGs
[2024-06-08T14:45:28.432+0000] {logging_mixin.py:188} INFO - [2024-06-08T14:45:28.431+0000] {dag.py:3954} INFO - Setting next_dagrun for s3_postgres to 2024-06-08 00:00:00+00:00, run_after=2024-06-09 00:00:00+00:00
[2024-06-08T14:45:28.511+0000] {processor.py:183} INFO - Processing /opt/airflow/dags/pipeline.py took 3.433 seconds
[2024-06-08T14:45:58.828+0000] {processor.py:161} INFO - Started process (PID=3184) to work on /opt/airflow/dags/pipeline.py
[2024-06-08T14:45:58.830+0000] {processor.py:830} INFO - Processing file /opt/airflow/dags/pipeline.py for tasks to queue
[2024-06-08T14:45:58.835+0000] {logging_mixin.py:188} INFO - [2024-06-08T14:45:58.834+0000] {dagbag.py:545} INFO - Filling up the DagBag from /opt/airflow/dags/pipeline.py
[2024-06-08T14:46:00.744+0000] {processor.py:840} INFO - DAG(s) 's3_postgres' retrieved from /opt/airflow/dags/pipeline.py
[2024-06-08T14:46:00.813+0000] {logging_mixin.py:188} INFO - [2024-06-08T14:46:00.812+0000] {dag.py:3096} INFO - Sync 1 DAGs
[2024-06-08T14:46:00.903+0000] {logging_mixin.py:188} INFO - [2024-06-08T14:46:00.903+0000] {dag.py:3954} INFO - Setting next_dagrun for s3_postgres to 2024-06-08 00:00:00+00:00, run_after=2024-06-09 00:00:00+00:00
[2024-06-08T14:46:00.955+0000] {processor.py:183} INFO - Processing /opt/airflow/dags/pipeline.py took 2.137 seconds
[2024-06-08T14:46:31.718+0000] {processor.py:161} INFO - Started process (PID=3246) to work on /opt/airflow/dags/pipeline.py
[2024-06-08T14:46:31.720+0000] {processor.py:830} INFO - Processing file /opt/airflow/dags/pipeline.py for tasks to queue
[2024-06-08T14:46:31.723+0000] {logging_mixin.py:188} INFO - [2024-06-08T14:46:31.723+0000] {dagbag.py:545} INFO - Filling up the DagBag from /opt/airflow/dags/pipeline.py
[2024-06-08T14:46:32.678+0000] {processor.py:840} INFO - DAG(s) 's3_postgres' retrieved from /opt/airflow/dags/pipeline.py
[2024-06-08T14:46:32.707+0000] {logging_mixin.py:188} INFO - [2024-06-08T14:46:32.705+0000] {dag.py:3096} INFO - Sync 1 DAGs
[2024-06-08T14:46:32.741+0000] {logging_mixin.py:188} INFO - [2024-06-08T14:46:32.741+0000] {dag.py:3954} INFO - Setting next_dagrun for s3_postgres to 2024-06-08 00:00:00+00:00, run_after=2024-06-09 00:00:00+00:00
[2024-06-08T14:46:32.768+0000] {processor.py:183} INFO - Processing /opt/airflow/dags/pipeline.py took 1.059 seconds
[2024-06-08T14:47:03.059+0000] {processor.py:161} INFO - Started process (PID=3307) to work on /opt/airflow/dags/pipeline.py
[2024-06-08T14:47:03.060+0000] {processor.py:830} INFO - Processing file /opt/airflow/dags/pipeline.py for tasks to queue
[2024-06-08T14:47:03.063+0000] {logging_mixin.py:188} INFO - [2024-06-08T14:47:03.062+0000] {dagbag.py:545} INFO - Filling up the DagBag from /opt/airflow/dags/pipeline.py
[2024-06-08T14:47:03.957+0000] {processor.py:840} INFO - DAG(s) 's3_postgres' retrieved from /opt/airflow/dags/pipeline.py
[2024-06-08T14:47:03.980+0000] {logging_mixin.py:188} INFO - [2024-06-08T14:47:03.979+0000] {dag.py:3096} INFO - Sync 1 DAGs
[2024-06-08T14:47:04.010+0000] {logging_mixin.py:188} INFO - [2024-06-08T14:47:04.010+0000] {dag.py:3954} INFO - Setting next_dagrun for s3_postgres to 2024-06-08 00:00:00+00:00, run_after=2024-06-09 00:00:00+00:00
[2024-06-08T14:47:04.044+0000] {processor.py:183} INFO - Processing /opt/airflow/dags/pipeline.py took 0.995 seconds
[2024-06-08T14:47:34.123+0000] {processor.py:161} INFO - Started process (PID=3371) to work on /opt/airflow/dags/pipeline.py
[2024-06-08T14:47:34.124+0000] {processor.py:830} INFO - Processing file /opt/airflow/dags/pipeline.py for tasks to queue
[2024-06-08T14:47:34.127+0000] {logging_mixin.py:188} INFO - [2024-06-08T14:47:34.126+0000] {dagbag.py:545} INFO - Filling up the DagBag from /opt/airflow/dags/pipeline.py
[2024-06-08T14:47:35.122+0000] {processor.py:840} INFO - DAG(s) 's3_postgres' retrieved from /opt/airflow/dags/pipeline.py
[2024-06-08T14:47:35.140+0000] {logging_mixin.py:188} INFO - [2024-06-08T14:47:35.139+0000] {dag.py:3096} INFO - Sync 1 DAGs
[2024-06-08T14:47:35.164+0000] {logging_mixin.py:188} INFO - [2024-06-08T14:47:35.163+0000] {dag.py:3954} INFO - Setting next_dagrun for s3_postgres to 2024-06-08 00:00:00+00:00, run_after=2024-06-09 00:00:00+00:00
[2024-06-08T14:47:35.183+0000] {processor.py:183} INFO - Processing /opt/airflow/dags/pipeline.py took 1.069 seconds
[2024-06-08T14:48:05.809+0000] {processor.py:161} INFO - Started process (PID=3431) to work on /opt/airflow/dags/pipeline.py
[2024-06-08T14:48:05.813+0000] {processor.py:830} INFO - Processing file /opt/airflow/dags/pipeline.py for tasks to queue
[2024-06-08T14:48:05.819+0000] {logging_mixin.py:188} INFO - [2024-06-08T14:48:05.818+0000] {dagbag.py:545} INFO - Filling up the DagBag from /opt/airflow/dags/pipeline.py
[2024-06-08T14:48:08.680+0000] {processor.py:840} INFO - DAG(s) 's3_postgres' retrieved from /opt/airflow/dags/pipeline.py
[2024-06-08T14:48:08.776+0000] {logging_mixin.py:188} INFO - [2024-06-08T14:48:08.775+0000] {dag.py:3096} INFO - Sync 1 DAGs
[2024-06-08T14:48:08.883+0000] {logging_mixin.py:188} INFO - [2024-06-08T14:48:08.883+0000] {dag.py:3954} INFO - Setting next_dagrun for s3_postgres to 2024-06-08 00:00:00+00:00, run_after=2024-06-09 00:00:00+00:00
[2024-06-08T14:48:09.198+0000] {processor.py:183} INFO - Processing /opt/airflow/dags/pipeline.py took 3.402 seconds
[2024-06-08T14:48:39.810+0000] {processor.py:161} INFO - Started process (PID=3496) to work on /opt/airflow/dags/pipeline.py
[2024-06-08T14:48:39.811+0000] {processor.py:830} INFO - Processing file /opt/airflow/dags/pipeline.py for tasks to queue
[2024-06-08T14:48:39.813+0000] {logging_mixin.py:188} INFO - [2024-06-08T14:48:39.813+0000] {dagbag.py:545} INFO - Filling up the DagBag from /opt/airflow/dags/pipeline.py
[2024-06-08T14:48:40.727+0000] {processor.py:840} INFO - DAG(s) 's3_postgres' retrieved from /opt/airflow/dags/pipeline.py
[2024-06-08T14:48:40.754+0000] {logging_mixin.py:188} INFO - [2024-06-08T14:48:40.753+0000] {dag.py:3096} INFO - Sync 1 DAGs
[2024-06-08T14:48:40.778+0000] {logging_mixin.py:188} INFO - [2024-06-08T14:48:40.777+0000] {dag.py:3954} INFO - Setting next_dagrun for s3_postgres to 2024-06-08 00:00:00+00:00, run_after=2024-06-09 00:00:00+00:00
[2024-06-08T14:48:40.802+0000] {processor.py:183} INFO - Processing /opt/airflow/dags/pipeline.py took 1.003 seconds
[2024-06-08T14:49:11.862+0000] {processor.py:161} INFO - Started process (PID=3558) to work on /opt/airflow/dags/pipeline.py
[2024-06-08T14:49:11.864+0000] {processor.py:830} INFO - Processing file /opt/airflow/dags/pipeline.py for tasks to queue
[2024-06-08T14:49:11.866+0000] {logging_mixin.py:188} INFO - [2024-06-08T14:49:11.866+0000] {dagbag.py:545} INFO - Filling up the DagBag from /opt/airflow/dags/pipeline.py
[2024-06-08T14:49:12.999+0000] {processor.py:840} INFO - DAG(s) 's3_postgres' retrieved from /opt/airflow/dags/pipeline.py
[2024-06-08T14:49:13.040+0000] {logging_mixin.py:188} INFO - [2024-06-08T14:49:13.039+0000] {dag.py:3096} INFO - Sync 1 DAGs
[2024-06-08T14:49:13.090+0000] {logging_mixin.py:188} INFO - [2024-06-08T14:49:13.090+0000] {dag.py:3954} INFO - Setting next_dagrun for s3_postgres to 2024-06-08 00:00:00+00:00, run_after=2024-06-09 00:00:00+00:00
[2024-06-08T14:49:13.132+0000] {processor.py:183} INFO - Processing /opt/airflow/dags/pipeline.py took 1.278 seconds
[2024-06-08T14:49:43.591+0000] {processor.py:161} INFO - Started process (PID=3622) to work on /opt/airflow/dags/pipeline.py
[2024-06-08T14:49:43.593+0000] {processor.py:830} INFO - Processing file /opt/airflow/dags/pipeline.py for tasks to queue
[2024-06-08T14:49:43.598+0000] {logging_mixin.py:188} INFO - [2024-06-08T14:49:43.597+0000] {dagbag.py:545} INFO - Filling up the DagBag from /opt/airflow/dags/pipeline.py
[2024-06-08T14:49:45.907+0000] {processor.py:840} INFO - DAG(s) 's3_postgres' retrieved from /opt/airflow/dags/pipeline.py
[2024-06-08T14:49:45.974+0000] {logging_mixin.py:188} INFO - [2024-06-08T14:49:45.973+0000] {dag.py:3096} INFO - Sync 1 DAGs
[2024-06-08T14:49:46.054+0000] {logging_mixin.py:188} INFO - [2024-06-08T14:49:46.053+0000] {dag.py:3954} INFO - Setting next_dagrun for s3_postgres to 2024-06-08 00:00:00+00:00, run_after=2024-06-09 00:00:00+00:00
[2024-06-08T14:49:46.123+0000] {processor.py:183} INFO - Processing /opt/airflow/dags/pipeline.py took 2.548 seconds
[2024-06-08T14:50:16.335+0000] {processor.py:161} INFO - Started process (PID=3684) to work on /opt/airflow/dags/pipeline.py
[2024-06-08T14:50:16.336+0000] {processor.py:830} INFO - Processing file /opt/airflow/dags/pipeline.py for tasks to queue
[2024-06-08T14:50:16.339+0000] {logging_mixin.py:188} INFO - [2024-06-08T14:50:16.338+0000] {dagbag.py:545} INFO - Filling up the DagBag from /opt/airflow/dags/pipeline.py
[2024-06-08T14:50:18.270+0000] {processor.py:840} INFO - DAG(s) 's3_postgres' retrieved from /opt/airflow/dags/pipeline.py
[2024-06-08T14:50:18.376+0000] {logging_mixin.py:188} INFO - [2024-06-08T14:50:18.374+0000] {dag.py:3096} INFO - Sync 1 DAGs
[2024-06-08T14:50:18.553+0000] {logging_mixin.py:188} INFO - [2024-06-08T14:50:18.553+0000] {dag.py:3954} INFO - Setting next_dagrun for s3_postgres to 2024-06-08 00:00:00+00:00, run_after=2024-06-09 00:00:00+00:00
[2024-06-08T14:50:18.765+0000] {processor.py:183} INFO - Processing /opt/airflow/dags/pipeline.py took 2.441 seconds
[2024-06-08T14:50:49.122+0000] {processor.py:161} INFO - Started process (PID=3750) to work on /opt/airflow/dags/pipeline.py
[2024-06-08T14:50:49.135+0000] {processor.py:830} INFO - Processing file /opt/airflow/dags/pipeline.py for tasks to queue
[2024-06-08T14:50:49.142+0000] {logging_mixin.py:188} INFO - [2024-06-08T14:50:49.141+0000] {dagbag.py:545} INFO - Filling up the DagBag from /opt/airflow/dags/pipeline.py
[2024-06-08T14:50:51.418+0000] {processor.py:840} INFO - DAG(s) 's3_postgres' retrieved from /opt/airflow/dags/pipeline.py
[2024-06-08T14:50:51.446+0000] {logging_mixin.py:188} INFO - [2024-06-08T14:50:51.446+0000] {dag.py:3096} INFO - Sync 1 DAGs
[2024-06-08T14:50:51.487+0000] {logging_mixin.py:188} INFO - [2024-06-08T14:50:51.487+0000] {dag.py:3954} INFO - Setting next_dagrun for s3_postgres to 2024-06-08 00:00:00+00:00, run_after=2024-06-09 00:00:00+00:00
[2024-06-08T14:50:51.531+0000] {processor.py:183} INFO - Processing /opt/airflow/dags/pipeline.py took 2.459 seconds
[2024-06-08T14:51:21.663+0000] {processor.py:161} INFO - Started process (PID=3820) to work on /opt/airflow/dags/pipeline.py
[2024-06-08T14:51:21.665+0000] {processor.py:830} INFO - Processing file /opt/airflow/dags/pipeline.py for tasks to queue
[2024-06-08T14:51:21.668+0000] {logging_mixin.py:188} INFO - [2024-06-08T14:51:21.668+0000] {dagbag.py:545} INFO - Filling up the DagBag from /opt/airflow/dags/pipeline.py
[2024-06-08T14:51:22.656+0000] {processor.py:840} INFO - DAG(s) 's3_postgres' retrieved from /opt/airflow/dags/pipeline.py
[2024-06-08T14:51:22.678+0000] {logging_mixin.py:188} INFO - [2024-06-08T14:51:22.677+0000] {dag.py:3096} INFO - Sync 1 DAGs
[2024-06-08T14:51:22.707+0000] {logging_mixin.py:188} INFO - [2024-06-08T14:51:22.707+0000] {dag.py:3954} INFO - Setting next_dagrun for s3_postgres to 2024-06-08 00:00:00+00:00, run_after=2024-06-09 00:00:00+00:00
[2024-06-08T14:51:22.734+0000] {processor.py:183} INFO - Processing /opt/airflow/dags/pipeline.py took 1.082 seconds
[2024-06-08T14:51:53.338+0000] {processor.py:161} INFO - Started process (PID=3882) to work on /opt/airflow/dags/pipeline.py
[2024-06-08T14:51:53.339+0000] {processor.py:830} INFO - Processing file /opt/airflow/dags/pipeline.py for tasks to queue
[2024-06-08T14:51:53.341+0000] {logging_mixin.py:188} INFO - [2024-06-08T14:51:53.341+0000] {dagbag.py:545} INFO - Filling up the DagBag from /opt/airflow/dags/pipeline.py
[2024-06-08T14:51:54.226+0000] {processor.py:840} INFO - DAG(s) 's3_postgres' retrieved from /opt/airflow/dags/pipeline.py
[2024-06-08T14:51:54.247+0000] {logging_mixin.py:188} INFO - [2024-06-08T14:51:54.247+0000] {dag.py:3096} INFO - Sync 1 DAGs
[2024-06-08T14:51:54.280+0000] {logging_mixin.py:188} INFO - [2024-06-08T14:51:54.280+0000] {dag.py:3954} INFO - Setting next_dagrun for s3_postgres to 2024-06-08 00:00:00+00:00, run_after=2024-06-09 00:00:00+00:00
[2024-06-08T14:51:54.309+0000] {processor.py:183} INFO - Processing /opt/airflow/dags/pipeline.py took 0.979 seconds
[2024-06-08T14:52:24.652+0000] {processor.py:161} INFO - Started process (PID=3945) to work on /opt/airflow/dags/pipeline.py
[2024-06-08T14:52:24.665+0000] {processor.py:830} INFO - Processing file /opt/airflow/dags/pipeline.py for tasks to queue
[2024-06-08T14:52:24.669+0000] {logging_mixin.py:188} INFO - [2024-06-08T14:52:24.668+0000] {dagbag.py:545} INFO - Filling up the DagBag from /opt/airflow/dags/pipeline.py
[2024-06-08T14:52:27.733+0000] {processor.py:840} INFO - DAG(s) 's3_postgres' retrieved from /opt/airflow/dags/pipeline.py
[2024-06-08T14:52:27.763+0000] {logging_mixin.py:188} INFO - [2024-06-08T14:52:27.762+0000] {dag.py:3096} INFO - Sync 1 DAGs
[2024-06-08T14:52:27.797+0000] {logging_mixin.py:188} INFO - [2024-06-08T14:52:27.797+0000] {dag.py:3954} INFO - Setting next_dagrun for s3_postgres to 2024-06-08 00:00:00+00:00, run_after=2024-06-09 00:00:00+00:00
[2024-06-08T14:52:27.830+0000] {processor.py:183} INFO - Processing /opt/airflow/dags/pipeline.py took 3.203 seconds
[2024-06-08T14:52:58.490+0000] {processor.py:161} INFO - Started process (PID=4011) to work on /opt/airflow/dags/pipeline.py
[2024-06-08T14:52:58.491+0000] {processor.py:830} INFO - Processing file /opt/airflow/dags/pipeline.py for tasks to queue
[2024-06-08T14:52:58.494+0000] {logging_mixin.py:188} INFO - [2024-06-08T14:52:58.493+0000] {dagbag.py:545} INFO - Filling up the DagBag from /opt/airflow/dags/pipeline.py
[2024-06-08T14:52:59.741+0000] {processor.py:840} INFO - DAG(s) 's3_postgres' retrieved from /opt/airflow/dags/pipeline.py
[2024-06-08T14:52:59.778+0000] {logging_mixin.py:188} INFO - [2024-06-08T14:52:59.777+0000] {dag.py:3096} INFO - Sync 1 DAGs
[2024-06-08T14:52:59.818+0000] {logging_mixin.py:188} INFO - [2024-06-08T14:52:59.818+0000] {dag.py:3954} INFO - Setting next_dagrun for s3_postgres to 2024-06-08 00:00:00+00:00, run_after=2024-06-09 00:00:00+00:00
[2024-06-08T14:52:59.850+0000] {processor.py:183} INFO - Processing /opt/airflow/dags/pipeline.py took 1.370 seconds
[2024-06-08T14:53:30.544+0000] {processor.py:161} INFO - Started process (PID=4073) to work on /opt/airflow/dags/pipeline.py
[2024-06-08T14:53:30.546+0000] {processor.py:830} INFO - Processing file /opt/airflow/dags/pipeline.py for tasks to queue
[2024-06-08T14:53:30.549+0000] {logging_mixin.py:188} INFO - [2024-06-08T14:53:30.549+0000] {dagbag.py:545} INFO - Filling up the DagBag from /opt/airflow/dags/pipeline.py
[2024-06-08T14:53:31.247+0000] {processor.py:840} INFO - DAG(s) 's3_postgres' retrieved from /opt/airflow/dags/pipeline.py
[2024-06-08T14:53:31.269+0000] {logging_mixin.py:188} INFO - [2024-06-08T14:53:31.268+0000] {dag.py:3096} INFO - Sync 1 DAGs
[2024-06-08T14:53:31.292+0000] {logging_mixin.py:188} INFO - [2024-06-08T14:53:31.292+0000] {dag.py:3954} INFO - Setting next_dagrun for s3_postgres to 2024-06-08 00:00:00+00:00, run_after=2024-06-09 00:00:00+00:00
[2024-06-08T14:53:31.312+0000] {processor.py:183} INFO - Processing /opt/airflow/dags/pipeline.py took 0.777 seconds
[2024-06-08T14:54:02.113+0000] {processor.py:161} INFO - Started process (PID=4136) to work on /opt/airflow/dags/pipeline.py
[2024-06-08T14:54:02.116+0000] {processor.py:830} INFO - Processing file /opt/airflow/dags/pipeline.py for tasks to queue
[2024-06-08T14:54:02.119+0000] {logging_mixin.py:188} INFO - [2024-06-08T14:54:02.119+0000] {dagbag.py:545} INFO - Filling up the DagBag from /opt/airflow/dags/pipeline.py
[2024-06-08T14:54:03.126+0000] {processor.py:840} INFO - DAG(s) 's3_postgres' retrieved from /opt/airflow/dags/pipeline.py
[2024-06-08T14:54:03.150+0000] {logging_mixin.py:188} INFO - [2024-06-08T14:54:03.149+0000] {dag.py:3096} INFO - Sync 1 DAGs
[2024-06-08T14:54:03.183+0000] {logging_mixin.py:188} INFO - [2024-06-08T14:54:03.183+0000] {dag.py:3954} INFO - Setting next_dagrun for s3_postgres to 2024-06-08 00:00:00+00:00, run_after=2024-06-09 00:00:00+00:00
[2024-06-08T14:54:03.218+0000] {processor.py:183} INFO - Processing /opt/airflow/dags/pipeline.py took 1.116 seconds
[2024-06-08T14:54:33.456+0000] {processor.py:161} INFO - Started process (PID=4197) to work on /opt/airflow/dags/pipeline.py
[2024-06-08T14:54:33.457+0000] {processor.py:830} INFO - Processing file /opt/airflow/dags/pipeline.py for tasks to queue
[2024-06-08T14:54:33.459+0000] {logging_mixin.py:188} INFO - [2024-06-08T14:54:33.459+0000] {dagbag.py:545} INFO - Filling up the DagBag from /opt/airflow/dags/pipeline.py
[2024-06-08T14:54:34.502+0000] {processor.py:840} INFO - DAG(s) 's3_postgres' retrieved from /opt/airflow/dags/pipeline.py
[2024-06-08T14:54:34.521+0000] {logging_mixin.py:188} INFO - [2024-06-08T14:54:34.520+0000] {dag.py:3096} INFO - Sync 1 DAGs
[2024-06-08T14:54:34.546+0000] {logging_mixin.py:188} INFO - [2024-06-08T14:54:34.545+0000] {dag.py:3954} INFO - Setting next_dagrun for s3_postgres to 2024-06-08 00:00:00+00:00, run_after=2024-06-09 00:00:00+00:00
[2024-06-08T14:54:34.569+0000] {processor.py:183} INFO - Processing /opt/airflow/dags/pipeline.py took 1.123 seconds
[2024-06-08T14:55:05.043+0000] {processor.py:161} INFO - Started process (PID=4258) to work on /opt/airflow/dags/pipeline.py
[2024-06-08T14:55:05.060+0000] {processor.py:830} INFO - Processing file /opt/airflow/dags/pipeline.py for tasks to queue
[2024-06-08T14:55:05.070+0000] {logging_mixin.py:188} INFO - [2024-06-08T14:55:05.070+0000] {dagbag.py:545} INFO - Filling up the DagBag from /opt/airflow/dags/pipeline.py
[2024-06-08T14:55:07.013+0000] {processor.py:840} INFO - DAG(s) 's3_postgres' retrieved from /opt/airflow/dags/pipeline.py
[2024-06-08T14:55:07.085+0000] {logging_mixin.py:188} INFO - [2024-06-08T14:55:07.081+0000] {dag.py:3096} INFO - Sync 1 DAGs
[2024-06-08T14:55:07.160+0000] {logging_mixin.py:188} INFO - [2024-06-08T14:55:07.160+0000] {dag.py:3954} INFO - Setting next_dagrun for s3_postgres to 2024-06-08 00:00:00+00:00, run_after=2024-06-09 00:00:00+00:00
[2024-06-08T14:55:07.200+0000] {processor.py:183} INFO - Processing /opt/airflow/dags/pipeline.py took 2.179 seconds
[2024-06-08T14:55:37.726+0000] {processor.py:161} INFO - Started process (PID=4319) to work on /opt/airflow/dags/pipeline.py
[2024-06-08T14:55:37.727+0000] {processor.py:830} INFO - Processing file /opt/airflow/dags/pipeline.py for tasks to queue
[2024-06-08T14:55:37.730+0000] {logging_mixin.py:188} INFO - [2024-06-08T14:55:37.730+0000] {dagbag.py:545} INFO - Filling up the DagBag from /opt/airflow/dags/pipeline.py
[2024-06-08T14:55:39.017+0000] {processor.py:840} INFO - DAG(s) 's3_postgres' retrieved from /opt/airflow/dags/pipeline.py
[2024-06-08T14:55:39.044+0000] {logging_mixin.py:188} INFO - [2024-06-08T14:55:39.043+0000] {dag.py:3096} INFO - Sync 1 DAGs
[2024-06-08T14:55:39.086+0000] {logging_mixin.py:188} INFO - [2024-06-08T14:55:39.086+0000] {dag.py:3954} INFO - Setting next_dagrun for s3_postgres to 2024-06-08 00:00:00+00:00, run_after=2024-06-09 00:00:00+00:00
[2024-06-08T14:55:39.121+0000] {processor.py:183} INFO - Processing /opt/airflow/dags/pipeline.py took 1.408 seconds
[2024-06-08T14:56:09.265+0000] {processor.py:161} INFO - Started process (PID=4381) to work on /opt/airflow/dags/pipeline.py
[2024-06-08T14:56:09.267+0000] {processor.py:830} INFO - Processing file /opt/airflow/dags/pipeline.py for tasks to queue
[2024-06-08T14:56:09.271+0000] {logging_mixin.py:188} INFO - [2024-06-08T14:56:09.271+0000] {dagbag.py:545} INFO - Filling up the DagBag from /opt/airflow/dags/pipeline.py
[2024-06-08T14:56:09.998+0000] {processor.py:840} INFO - DAG(s) 's3_postgres' retrieved from /opt/airflow/dags/pipeline.py
[2024-06-08T14:56:10.021+0000] {logging_mixin.py:188} INFO - [2024-06-08T14:56:10.021+0000] {dag.py:3096} INFO - Sync 1 DAGs
[2024-06-08T14:56:10.046+0000] {logging_mixin.py:188} INFO - [2024-06-08T14:56:10.046+0000] {dag.py:3954} INFO - Setting next_dagrun for s3_postgres to 2024-06-08 00:00:00+00:00, run_after=2024-06-09 00:00:00+00:00
[2024-06-08T14:56:10.067+0000] {processor.py:183} INFO - Processing /opt/airflow/dags/pipeline.py took 0.819 seconds
[2024-06-08T14:56:40.333+0000] {processor.py:161} INFO - Started process (PID=4441) to work on /opt/airflow/dags/pipeline.py
[2024-06-08T14:56:40.335+0000] {processor.py:830} INFO - Processing file /opt/airflow/dags/pipeline.py for tasks to queue
[2024-06-08T14:56:40.338+0000] {logging_mixin.py:188} INFO - [2024-06-08T14:56:40.338+0000] {dagbag.py:545} INFO - Filling up the DagBag from /opt/airflow/dags/pipeline.py
[2024-06-08T14:56:41.140+0000] {processor.py:840} INFO - DAG(s) 's3_postgres' retrieved from /opt/airflow/dags/pipeline.py
[2024-06-08T14:56:41.164+0000] {logging_mixin.py:188} INFO - [2024-06-08T14:56:41.163+0000] {dag.py:3096} INFO - Sync 1 DAGs
[2024-06-08T14:56:41.189+0000] {logging_mixin.py:188} INFO - [2024-06-08T14:56:41.188+0000] {dag.py:3954} INFO - Setting next_dagrun for s3_postgres to 2024-06-08 00:00:00+00:00, run_after=2024-06-09 00:00:00+00:00
[2024-06-08T14:56:41.211+0000] {processor.py:183} INFO - Processing /opt/airflow/dags/pipeline.py took 0.889 seconds
[2024-06-08T14:57:12.070+0000] {processor.py:161} INFO - Started process (PID=4501) to work on /opt/airflow/dags/pipeline.py
[2024-06-08T14:57:12.072+0000] {processor.py:830} INFO - Processing file /opt/airflow/dags/pipeline.py for tasks to queue
[2024-06-08T14:57:12.075+0000] {logging_mixin.py:188} INFO - [2024-06-08T14:57:12.074+0000] {dagbag.py:545} INFO - Filling up the DagBag from /opt/airflow/dags/pipeline.py
[2024-06-08T14:57:12.851+0000] {processor.py:840} INFO - DAG(s) 's3_postgres' retrieved from /opt/airflow/dags/pipeline.py
[2024-06-08T14:57:12.873+0000] {logging_mixin.py:188} INFO - [2024-06-08T14:57:12.873+0000] {dag.py:3096} INFO - Sync 1 DAGs
[2024-06-08T14:57:12.900+0000] {logging_mixin.py:188} INFO - [2024-06-08T14:57:12.899+0000] {dag.py:3954} INFO - Setting next_dagrun for s3_postgres to 2024-06-08 00:00:00+00:00, run_after=2024-06-09 00:00:00+00:00
[2024-06-08T14:57:12.929+0000] {processor.py:183} INFO - Processing /opt/airflow/dags/pipeline.py took 0.867 seconds
[2024-06-08T14:57:43.462+0000] {processor.py:161} INFO - Started process (PID=4561) to work on /opt/airflow/dags/pipeline.py
[2024-06-08T14:57:43.475+0000] {processor.py:830} INFO - Processing file /opt/airflow/dags/pipeline.py for tasks to queue
[2024-06-08T14:57:43.481+0000] {logging_mixin.py:188} INFO - [2024-06-08T14:57:43.480+0000] {dagbag.py:545} INFO - Filling up the DagBag from /opt/airflow/dags/pipeline.py
[2024-06-08T14:57:46.222+0000] {processor.py:840} INFO - DAG(s) 's3_postgres' retrieved from /opt/airflow/dags/pipeline.py
[2024-06-08T14:57:46.281+0000] {logging_mixin.py:188} INFO - [2024-06-08T14:57:46.280+0000] {dag.py:3096} INFO - Sync 1 DAGs
[2024-06-08T14:57:46.412+0000] {logging_mixin.py:188} INFO - [2024-06-08T14:57:46.412+0000] {dag.py:3954} INFO - Setting next_dagrun for s3_postgres to 2024-06-08 00:00:00+00:00, run_after=2024-06-09 00:00:00+00:00
[2024-06-08T14:57:46.495+0000] {processor.py:183} INFO - Processing /opt/airflow/dags/pipeline.py took 3.050 seconds
[2024-06-08T14:58:16.586+0000] {processor.py:161} INFO - Started process (PID=4626) to work on /opt/airflow/dags/pipeline.py
[2024-06-08T14:58:16.589+0000] {processor.py:830} INFO - Processing file /opt/airflow/dags/pipeline.py for tasks to queue
[2024-06-08T14:58:16.593+0000] {logging_mixin.py:188} INFO - [2024-06-08T14:58:16.592+0000] {dagbag.py:545} INFO - Filling up the DagBag from /opt/airflow/dags/pipeline.py
[2024-06-08T14:58:17.637+0000] {processor.py:840} INFO - DAG(s) 's3_postgres' retrieved from /opt/airflow/dags/pipeline.py
[2024-06-08T14:58:17.665+0000] {logging_mixin.py:188} INFO - [2024-06-08T14:58:17.663+0000] {dag.py:3096} INFO - Sync 1 DAGs
[2024-06-08T14:58:17.699+0000] {logging_mixin.py:188} INFO - [2024-06-08T14:58:17.698+0000] {dag.py:3954} INFO - Setting next_dagrun for s3_postgres to 2024-06-08 00:00:00+00:00, run_after=2024-06-09 00:00:00+00:00
[2024-06-08T14:58:17.738+0000] {processor.py:183} INFO - Processing /opt/airflow/dags/pipeline.py took 1.168 seconds
[2024-06-08T14:58:48.125+0000] {processor.py:161} INFO - Started process (PID=4686) to work on /opt/airflow/dags/pipeline.py
[2024-06-08T14:58:48.127+0000] {processor.py:830} INFO - Processing file /opt/airflow/dags/pipeline.py for tasks to queue
[2024-06-08T14:58:48.130+0000] {logging_mixin.py:188} INFO - [2024-06-08T14:58:48.129+0000] {dagbag.py:545} INFO - Filling up the DagBag from /opt/airflow/dags/pipeline.py
[2024-06-08T14:58:49.282+0000] {processor.py:840} INFO - DAG(s) 's3_postgres' retrieved from /opt/airflow/dags/pipeline.py
[2024-06-08T14:58:49.320+0000] {logging_mixin.py:188} INFO - [2024-06-08T14:58:49.318+0000] {dag.py:3096} INFO - Sync 1 DAGs
[2024-06-08T14:58:49.357+0000] {logging_mixin.py:188} INFO - [2024-06-08T14:58:49.357+0000] {dag.py:3954} INFO - Setting next_dagrun for s3_postgres to 2024-06-08 00:00:00+00:00, run_after=2024-06-09 00:00:00+00:00
[2024-06-08T14:58:49.394+0000] {processor.py:183} INFO - Processing /opt/airflow/dags/pipeline.py took 1.281 seconds
[2024-06-08T14:59:20.114+0000] {processor.py:161} INFO - Started process (PID=4746) to work on /opt/airflow/dags/pipeline.py
[2024-06-08T14:59:20.126+0000] {processor.py:830} INFO - Processing file /opt/airflow/dags/pipeline.py for tasks to queue
[2024-06-08T14:59:20.139+0000] {logging_mixin.py:188} INFO - [2024-06-08T14:59:20.130+0000] {dagbag.py:545} INFO - Filling up the DagBag from /opt/airflow/dags/pipeline.py
[2024-06-08T14:59:24.930+0000] {processor.py:840} INFO - DAG(s) 's3_postgres' retrieved from /opt/airflow/dags/pipeline.py
[2024-06-08T14:59:25.022+0000] {logging_mixin.py:188} INFO - [2024-06-08T14:59:25.021+0000] {dag.py:3096} INFO - Sync 1 DAGs
[2024-06-08T14:59:25.159+0000] {logging_mixin.py:188} INFO - [2024-06-08T14:59:25.158+0000] {dag.py:3954} INFO - Setting next_dagrun for s3_postgres to 2024-06-08 00:00:00+00:00, run_after=2024-06-09 00:00:00+00:00
[2024-06-08T14:59:25.315+0000] {processor.py:183} INFO - Processing /opt/airflow/dags/pipeline.py took 5.226 seconds
[2024-06-08T14:59:55.687+0000] {processor.py:161} INFO - Started process (PID=4816) to work on /opt/airflow/dags/pipeline.py
[2024-06-08T14:59:55.700+0000] {processor.py:830} INFO - Processing file /opt/airflow/dags/pipeline.py for tasks to queue
[2024-06-08T14:59:55.709+0000] {logging_mixin.py:188} INFO - [2024-06-08T14:59:55.708+0000] {dagbag.py:545} INFO - Filling up the DagBag from /opt/airflow/dags/pipeline.py
[2024-06-08T15:00:01.634+0000] {processor.py:840} INFO - DAG(s) 's3_postgres' retrieved from /opt/airflow/dags/pipeline.py
[2024-06-08T15:00:01.735+0000] {logging_mixin.py:188} INFO - [2024-06-08T15:00:01.734+0000] {dag.py:3096} INFO - Sync 1 DAGs
[2024-06-08T15:00:01.829+0000] {logging_mixin.py:188} INFO - [2024-06-08T15:00:01.829+0000] {dag.py:3954} INFO - Setting next_dagrun for s3_postgres to 2024-06-08 00:00:00+00:00, run_after=2024-06-09 00:00:00+00:00
[2024-06-08T15:00:01.908+0000] {processor.py:183} INFO - Processing /opt/airflow/dags/pipeline.py took 6.245 seconds
[2024-06-08T15:00:31.995+0000] {processor.py:161} INFO - Started process (PID=4881) to work on /opt/airflow/dags/pipeline.py
[2024-06-08T15:00:31.996+0000] {processor.py:830} INFO - Processing file /opt/airflow/dags/pipeline.py for tasks to queue
[2024-06-08T15:00:31.999+0000] {logging_mixin.py:188} INFO - [2024-06-08T15:00:31.999+0000] {dagbag.py:545} INFO - Filling up the DagBag from /opt/airflow/dags/pipeline.py
[2024-06-08T15:00:32.757+0000] {processor.py:840} INFO - DAG(s) 's3_postgres' retrieved from /opt/airflow/dags/pipeline.py
[2024-06-08T15:00:32.779+0000] {logging_mixin.py:188} INFO - [2024-06-08T15:00:32.778+0000] {dag.py:3096} INFO - Sync 1 DAGs
[2024-06-08T15:00:32.807+0000] {logging_mixin.py:188} INFO - [2024-06-08T15:00:32.807+0000] {dag.py:3954} INFO - Setting next_dagrun for s3_postgres to 2024-06-08 00:00:00+00:00, run_after=2024-06-09 00:00:00+00:00
[2024-06-08T15:00:32.834+0000] {processor.py:183} INFO - Processing /opt/airflow/dags/pipeline.py took 0.850 seconds
[2024-06-08T15:01:03.313+0000] {processor.py:161} INFO - Started process (PID=4942) to work on /opt/airflow/dags/pipeline.py
[2024-06-08T15:01:03.314+0000] {processor.py:830} INFO - Processing file /opt/airflow/dags/pipeline.py for tasks to queue
[2024-06-08T15:01:03.318+0000] {logging_mixin.py:188} INFO - [2024-06-08T15:01:03.317+0000] {dagbag.py:545} INFO - Filling up the DagBag from /opt/airflow/dags/pipeline.py
[2024-06-08T15:01:04.944+0000] {processor.py:840} INFO - DAG(s) 's3_postgres' retrieved from /opt/airflow/dags/pipeline.py
[2024-06-08T15:01:04.985+0000] {logging_mixin.py:188} INFO - [2024-06-08T15:01:04.984+0000] {dag.py:3096} INFO - Sync 1 DAGs
[2024-06-08T15:01:05.038+0000] {logging_mixin.py:188} INFO - [2024-06-08T15:01:05.037+0000] {dag.py:3954} INFO - Setting next_dagrun for s3_postgres to 2024-06-08 00:00:00+00:00, run_after=2024-06-09 00:00:00+00:00
[2024-06-08T15:01:05.073+0000] {processor.py:183} INFO - Processing /opt/airflow/dags/pipeline.py took 1.771 seconds
[2024-06-08T15:01:35.279+0000] {processor.py:161} INFO - Started process (PID=5007) to work on /opt/airflow/dags/pipeline.py
[2024-06-08T15:01:35.280+0000] {processor.py:830} INFO - Processing file /opt/airflow/dags/pipeline.py for tasks to queue
[2024-06-08T15:01:35.283+0000] {logging_mixin.py:188} INFO - [2024-06-08T15:01:35.282+0000] {dagbag.py:545} INFO - Filling up the DagBag from /opt/airflow/dags/pipeline.py
[2024-06-08T15:01:36.104+0000] {processor.py:840} INFO - DAG(s) 's3_postgres' retrieved from /opt/airflow/dags/pipeline.py
[2024-06-08T15:01:36.129+0000] {logging_mixin.py:188} INFO - [2024-06-08T15:01:36.129+0000] {dag.py:3096} INFO - Sync 1 DAGs
[2024-06-08T15:01:36.164+0000] {logging_mixin.py:188} INFO - [2024-06-08T15:01:36.163+0000] {dag.py:3954} INFO - Setting next_dagrun for s3_postgres to 2024-06-08 00:00:00+00:00, run_after=2024-06-09 00:00:00+00:00
[2024-06-08T15:01:36.190+0000] {processor.py:183} INFO - Processing /opt/airflow/dags/pipeline.py took 0.919 seconds
[2024-06-08T15:02:06.731+0000] {processor.py:161} INFO - Started process (PID=5067) to work on /opt/airflow/dags/pipeline.py
[2024-06-08T15:02:06.734+0000] {processor.py:830} INFO - Processing file /opt/airflow/dags/pipeline.py for tasks to queue
[2024-06-08T15:02:06.741+0000] {logging_mixin.py:188} INFO - [2024-06-08T15:02:06.740+0000] {dagbag.py:545} INFO - Filling up the DagBag from /opt/airflow/dags/pipeline.py
[2024-06-08T15:02:07.742+0000] {processor.py:840} INFO - DAG(s) 's3_postgres' retrieved from /opt/airflow/dags/pipeline.py
[2024-06-08T15:02:07.766+0000] {logging_mixin.py:188} INFO - [2024-06-08T15:02:07.766+0000] {dag.py:3096} INFO - Sync 1 DAGs
[2024-06-08T15:02:07.804+0000] {logging_mixin.py:188} INFO - [2024-06-08T15:02:07.804+0000] {dag.py:3954} INFO - Setting next_dagrun for s3_postgres to 2024-06-08 00:00:00+00:00, run_after=2024-06-09 00:00:00+00:00
[2024-06-08T15:02:07.832+0000] {processor.py:183} INFO - Processing /opt/airflow/dags/pipeline.py took 1.112 seconds
[2024-06-08T15:02:38.946+0000] {processor.py:161} INFO - Started process (PID=5131) to work on /opt/airflow/dags/pipeline.py
[2024-06-08T15:02:38.953+0000] {processor.py:830} INFO - Processing file /opt/airflow/dags/pipeline.py for tasks to queue
[2024-06-08T15:02:38.960+0000] {logging_mixin.py:188} INFO - [2024-06-08T15:02:38.959+0000] {dagbag.py:545} INFO - Filling up the DagBag from /opt/airflow/dags/pipeline.py
[2024-06-08T15:02:40.810+0000] {processor.py:840} INFO - DAG(s) 's3_postgres' retrieved from /opt/airflow/dags/pipeline.py
[2024-06-08T15:02:40.840+0000] {logging_mixin.py:188} INFO - [2024-06-08T15:02:40.839+0000] {dag.py:3096} INFO - Sync 1 DAGs
[2024-06-08T15:02:40.882+0000] {logging_mixin.py:188} INFO - [2024-06-08T15:02:40.882+0000] {dag.py:3954} INFO - Setting next_dagrun for s3_postgres to 2024-06-08 00:00:00+00:00, run_after=2024-06-09 00:00:00+00:00
[2024-06-08T15:02:40.913+0000] {processor.py:183} INFO - Processing /opt/airflow/dags/pipeline.py took 1.987 seconds
[2024-06-08T15:03:11.592+0000] {processor.py:161} INFO - Started process (PID=5194) to work on /opt/airflow/dags/pipeline.py
[2024-06-08T15:03:11.595+0000] {processor.py:830} INFO - Processing file /opt/airflow/dags/pipeline.py for tasks to queue
[2024-06-08T15:03:11.598+0000] {logging_mixin.py:188} INFO - [2024-06-08T15:03:11.597+0000] {dagbag.py:545} INFO - Filling up the DagBag from /opt/airflow/dags/pipeline.py
[2024-06-08T15:03:12.696+0000] {processor.py:840} INFO - DAG(s) 's3_postgres' retrieved from /opt/airflow/dags/pipeline.py
[2024-06-08T15:03:12.716+0000] {logging_mixin.py:188} INFO - [2024-06-08T15:03:12.716+0000] {dag.py:3096} INFO - Sync 1 DAGs
[2024-06-08T15:03:12.741+0000] {logging_mixin.py:188} INFO - [2024-06-08T15:03:12.741+0000] {dag.py:3954} INFO - Setting next_dagrun for s3_postgres to 2024-06-08 00:00:00+00:00, run_after=2024-06-09 00:00:00+00:00
[2024-06-08T15:03:12.769+0000] {processor.py:183} INFO - Processing /opt/airflow/dags/pipeline.py took 1.187 seconds
[2024-06-08T15:03:43.103+0000] {processor.py:161} INFO - Started process (PID=5258) to work on /opt/airflow/dags/pipeline.py
[2024-06-08T15:03:43.105+0000] {processor.py:830} INFO - Processing file /opt/airflow/dags/pipeline.py for tasks to queue
[2024-06-08T15:03:43.107+0000] {logging_mixin.py:188} INFO - [2024-06-08T15:03:43.107+0000] {dagbag.py:545} INFO - Filling up the DagBag from /opt/airflow/dags/pipeline.py
[2024-06-08T15:03:43.817+0000] {processor.py:840} INFO - DAG(s) 's3_postgres' retrieved from /opt/airflow/dags/pipeline.py
[2024-06-08T15:03:43.836+0000] {logging_mixin.py:188} INFO - [2024-06-08T15:03:43.836+0000] {dag.py:3096} INFO - Sync 1 DAGs
[2024-06-08T15:03:43.860+0000] {logging_mixin.py:188} INFO - [2024-06-08T15:03:43.860+0000] {dag.py:3954} INFO - Setting next_dagrun for s3_postgres to 2024-06-08 00:00:00+00:00, run_after=2024-06-09 00:00:00+00:00
[2024-06-08T15:03:43.880+0000] {processor.py:183} INFO - Processing /opt/airflow/dags/pipeline.py took 0.785 seconds
[2024-06-08T15:04:13.933+0000] {processor.py:161} INFO - Started process (PID=5318) to work on /opt/airflow/dags/pipeline.py
[2024-06-08T15:04:13.934+0000] {processor.py:830} INFO - Processing file /opt/airflow/dags/pipeline.py for tasks to queue
[2024-06-08T15:04:13.936+0000] {logging_mixin.py:188} INFO - [2024-06-08T15:04:13.936+0000] {dagbag.py:545} INFO - Filling up the DagBag from /opt/airflow/dags/pipeline.py
[2024-06-08T15:04:14.590+0000] {processor.py:840} INFO - DAG(s) 's3_postgres' retrieved from /opt/airflow/dags/pipeline.py
[2024-06-08T15:04:14.616+0000] {logging_mixin.py:188} INFO - [2024-06-08T15:04:14.615+0000] {dag.py:3096} INFO - Sync 1 DAGs
[2024-06-08T15:04:14.651+0000] {logging_mixin.py:188} INFO - [2024-06-08T15:04:14.650+0000] {dag.py:3954} INFO - Setting next_dagrun for s3_postgres to 2024-06-08 00:00:00+00:00, run_after=2024-06-09 00:00:00+00:00
[2024-06-08T15:04:14.684+0000] {processor.py:183} INFO - Processing /opt/airflow/dags/pipeline.py took 0.760 seconds
[2024-06-08T15:04:45.466+0000] {processor.py:161} INFO - Started process (PID=5378) to work on /opt/airflow/dags/pipeline.py
[2024-06-08T15:04:45.489+0000] {processor.py:830} INFO - Processing file /opt/airflow/dags/pipeline.py for tasks to queue
[2024-06-08T15:04:45.494+0000] {logging_mixin.py:188} INFO - [2024-06-08T15:04:45.492+0000] {dagbag.py:545} INFO - Filling up the DagBag from /opt/airflow/dags/pipeline.py
[2024-06-08T15:04:47.660+0000] {processor.py:840} INFO - DAG(s) 's3_postgres' retrieved from /opt/airflow/dags/pipeline.py
[2024-06-08T15:04:47.722+0000] {logging_mixin.py:188} INFO - [2024-06-08T15:04:47.721+0000] {dag.py:3096} INFO - Sync 1 DAGs
[2024-06-08T15:04:47.839+0000] {logging_mixin.py:188} INFO - [2024-06-08T15:04:47.839+0000] {dag.py:3954} INFO - Setting next_dagrun for s3_postgres to 2024-06-08 00:00:00+00:00, run_after=2024-06-09 00:00:00+00:00
[2024-06-08T15:04:47.909+0000] {processor.py:183} INFO - Processing /opt/airflow/dags/pipeline.py took 2.467 seconds
