[2024-06-07T14:01:37.858+0000] {processor.py:161} INFO - Started process (PID=31) to work on /opt/airflow/dags/pipeline.py
[2024-06-07T14:01:37.859+0000] {processor.py:830} INFO - Processing file /opt/airflow/dags/pipeline.py for tasks to queue
[2024-06-07T14:01:37.861+0000] {logging_mixin.py:188} INFO - [2024-06-07T14:01:37.860+0000] {dagbag.py:545} INFO - Filling up the DagBag from /opt/airflow/dags/pipeline.py
[2024-06-07T14:01:40.411+0000] {processor.py:840} INFO - DAG(s) 's3_postgres' retrieved from /opt/airflow/dags/pipeline.py
[2024-06-07T14:01:40.577+0000] {logging_mixin.py:188} INFO - [2024-06-07T14:01:40.576+0000] {dag.py:3096} INFO - Sync 1 DAGs
[2024-06-07T14:01:40.608+0000] {logging_mixin.py:188} INFO - [2024-06-07T14:01:40.608+0000] {dag.py:3954} INFO - Setting next_dagrun for s3_postgres to 2024-06-05 00:00:00+00:00, run_after=2024-06-06 00:00:00+00:00
[2024-06-07T14:01:40.651+0000] {processor.py:183} INFO - Processing /opt/airflow/dags/pipeline.py took 2.800 seconds
[2024-06-07T14:02:11.304+0000] {processor.py:161} INFO - Started process (PID=106) to work on /opt/airflow/dags/pipeline.py
[2024-06-07T14:02:11.308+0000] {processor.py:830} INFO - Processing file /opt/airflow/dags/pipeline.py for tasks to queue
[2024-06-07T14:02:11.312+0000] {logging_mixin.py:188} INFO - [2024-06-07T14:02:11.311+0000] {dagbag.py:545} INFO - Filling up the DagBag from /opt/airflow/dags/pipeline.py
[2024-06-07T14:02:13.185+0000] {processor.py:840} INFO - DAG(s) 's3_postgres' retrieved from /opt/airflow/dags/pipeline.py
[2024-06-07T14:02:13.204+0000] {logging_mixin.py:188} INFO - [2024-06-07T14:02:13.203+0000] {dag.py:3096} INFO - Sync 1 DAGs
[2024-06-07T14:02:13.228+0000] {logging_mixin.py:188} INFO - [2024-06-07T14:02:13.228+0000] {dag.py:3954} INFO - Setting next_dagrun for s3_postgres to 2024-06-07 00:00:00+00:00, run_after=2024-06-08 00:00:00+00:00
[2024-06-07T14:02:13.248+0000] {processor.py:183} INFO - Processing /opt/airflow/dags/pipeline.py took 1.967 seconds
[2024-06-07T14:02:43.456+0000] {processor.py:161} INFO - Started process (PID=178) to work on /opt/airflow/dags/pipeline.py
[2024-06-07T14:02:43.458+0000] {processor.py:830} INFO - Processing file /opt/airflow/dags/pipeline.py for tasks to queue
[2024-06-07T14:02:43.462+0000] {logging_mixin.py:188} INFO - [2024-06-07T14:02:43.461+0000] {dagbag.py:545} INFO - Filling up the DagBag from /opt/airflow/dags/pipeline.py
[2024-06-07T14:02:44.788+0000] {processor.py:840} INFO - DAG(s) 's3_postgres' retrieved from /opt/airflow/dags/pipeline.py
[2024-06-07T14:02:44.831+0000] {logging_mixin.py:188} INFO - [2024-06-07T14:02:44.829+0000] {dag.py:3096} INFO - Sync 1 DAGs
[2024-06-07T14:02:44.892+0000] {logging_mixin.py:188} INFO - [2024-06-07T14:02:44.891+0000] {dag.py:3954} INFO - Setting next_dagrun for s3_postgres to 2024-06-07 00:00:00+00:00, run_after=2024-06-08 00:00:00+00:00
[2024-06-07T14:02:44.925+0000] {processor.py:183} INFO - Processing /opt/airflow/dags/pipeline.py took 1.487 seconds
[2024-06-07T14:03:15.803+0000] {processor.py:161} INFO - Started process (PID=242) to work on /opt/airflow/dags/pipeline.py
[2024-06-07T14:03:15.804+0000] {processor.py:830} INFO - Processing file /opt/airflow/dags/pipeline.py for tasks to queue
[2024-06-07T14:03:15.806+0000] {logging_mixin.py:188} INFO - [2024-06-07T14:03:15.806+0000] {dagbag.py:545} INFO - Filling up the DagBag from /opt/airflow/dags/pipeline.py
[2024-06-07T14:03:16.579+0000] {processor.py:840} INFO - DAG(s) 's3_postgres' retrieved from /opt/airflow/dags/pipeline.py
[2024-06-07T14:03:16.602+0000] {logging_mixin.py:188} INFO - [2024-06-07T14:03:16.601+0000] {dag.py:3096} INFO - Sync 1 DAGs
[2024-06-07T14:03:16.621+0000] {logging_mixin.py:188} INFO - [2024-06-07T14:03:16.621+0000] {dag.py:3954} INFO - Setting next_dagrun for s3_postgres to 2024-06-07 00:00:00+00:00, run_after=2024-06-08 00:00:00+00:00
[2024-06-07T14:03:16.639+0000] {processor.py:183} INFO - Processing /opt/airflow/dags/pipeline.py took 0.843 seconds
[2024-06-07T14:03:46.872+0000] {processor.py:161} INFO - Started process (PID=308) to work on /opt/airflow/dags/pipeline.py
[2024-06-07T14:03:46.874+0000] {processor.py:830} INFO - Processing file /opt/airflow/dags/pipeline.py for tasks to queue
[2024-06-07T14:03:46.881+0000] {logging_mixin.py:188} INFO - [2024-06-07T14:03:46.879+0000] {dagbag.py:545} INFO - Filling up the DagBag from /opt/airflow/dags/pipeline.py
[2024-06-07T14:03:47.601+0000] {processor.py:840} INFO - DAG(s) 's3_postgres' retrieved from /opt/airflow/dags/pipeline.py
[2024-06-07T14:03:47.628+0000] {logging_mixin.py:188} INFO - [2024-06-07T14:03:47.627+0000] {dag.py:3096} INFO - Sync 1 DAGs
[2024-06-07T14:03:47.656+0000] {logging_mixin.py:188} INFO - [2024-06-07T14:03:47.656+0000] {dag.py:3954} INFO - Setting next_dagrun for s3_postgres to 2024-06-07 00:00:00+00:00, run_after=2024-06-08 00:00:00+00:00
[2024-06-07T14:03:47.680+0000] {processor.py:183} INFO - Processing /opt/airflow/dags/pipeline.py took 0.821 seconds
[2024-06-07T14:04:17.796+0000] {processor.py:161} INFO - Started process (PID=372) to work on /opt/airflow/dags/pipeline.py
[2024-06-07T14:04:17.797+0000] {processor.py:830} INFO - Processing file /opt/airflow/dags/pipeline.py for tasks to queue
[2024-06-07T14:04:17.800+0000] {logging_mixin.py:188} INFO - [2024-06-07T14:04:17.800+0000] {dagbag.py:545} INFO - Filling up the DagBag from /opt/airflow/dags/pipeline.py
[2024-06-07T14:04:18.786+0000] {processor.py:840} INFO - DAG(s) 's3_postgres' retrieved from /opt/airflow/dags/pipeline.py
[2024-06-07T14:04:18.820+0000] {logging_mixin.py:188} INFO - [2024-06-07T14:04:18.820+0000] {dag.py:3096} INFO - Sync 1 DAGs
[2024-06-07T14:04:18.860+0000] {logging_mixin.py:188} INFO - [2024-06-07T14:04:18.860+0000] {dag.py:3954} INFO - Setting next_dagrun for s3_postgres to 2024-06-07 00:00:00+00:00, run_after=2024-06-08 00:00:00+00:00
[2024-06-07T14:04:18.885+0000] {processor.py:183} INFO - Processing /opt/airflow/dags/pipeline.py took 1.097 seconds
[2024-06-07T14:04:48.943+0000] {processor.py:161} INFO - Started process (PID=434) to work on /opt/airflow/dags/pipeline.py
[2024-06-07T14:04:48.945+0000] {processor.py:830} INFO - Processing file /opt/airflow/dags/pipeline.py for tasks to queue
[2024-06-07T14:04:48.947+0000] {logging_mixin.py:188} INFO - [2024-06-07T14:04:48.947+0000] {dagbag.py:545} INFO - Filling up the DagBag from /opt/airflow/dags/pipeline.py
[2024-06-07T14:04:49.733+0000] {processor.py:840} INFO - DAG(s) 's3_postgres' retrieved from /opt/airflow/dags/pipeline.py
[2024-06-07T14:04:49.758+0000] {logging_mixin.py:188} INFO - [2024-06-07T14:04:49.757+0000] {dag.py:3096} INFO - Sync 1 DAGs
[2024-06-07T14:04:49.785+0000] {logging_mixin.py:188} INFO - [2024-06-07T14:04:49.784+0000] {dag.py:3954} INFO - Setting next_dagrun for s3_postgres to 2024-06-07 00:00:00+00:00, run_after=2024-06-08 00:00:00+00:00
[2024-06-07T14:04:49.806+0000] {processor.py:183} INFO - Processing /opt/airflow/dags/pipeline.py took 0.871 seconds
[2024-06-07T14:05:20.590+0000] {processor.py:161} INFO - Started process (PID=498) to work on /opt/airflow/dags/pipeline.py
[2024-06-07T14:05:20.592+0000] {processor.py:830} INFO - Processing file /opt/airflow/dags/pipeline.py for tasks to queue
[2024-06-07T14:05:20.594+0000] {logging_mixin.py:188} INFO - [2024-06-07T14:05:20.594+0000] {dagbag.py:545} INFO - Filling up the DagBag from /opt/airflow/dags/pipeline.py
[2024-06-07T14:05:21.196+0000] {processor.py:840} INFO - DAG(s) 's3_postgres' retrieved from /opt/airflow/dags/pipeline.py
[2024-06-07T14:05:21.220+0000] {logging_mixin.py:188} INFO - [2024-06-07T14:05:21.220+0000] {dag.py:3096} INFO - Sync 1 DAGs
[2024-06-07T14:05:21.251+0000] {logging_mixin.py:188} INFO - [2024-06-07T14:05:21.251+0000] {dag.py:3954} INFO - Setting next_dagrun for s3_postgres to 2024-06-07 00:00:00+00:00, run_after=2024-06-08 00:00:00+00:00
[2024-06-07T14:05:21.280+0000] {processor.py:183} INFO - Processing /opt/airflow/dags/pipeline.py took 0.697 seconds
[2024-06-07T14:05:52.138+0000] {processor.py:161} INFO - Started process (PID=563) to work on /opt/airflow/dags/pipeline.py
[2024-06-07T14:05:52.139+0000] {processor.py:830} INFO - Processing file /opt/airflow/dags/pipeline.py for tasks to queue
[2024-06-07T14:05:52.142+0000] {logging_mixin.py:188} INFO - [2024-06-07T14:05:52.141+0000] {dagbag.py:545} INFO - Filling up the DagBag from /opt/airflow/dags/pipeline.py
[2024-06-07T14:05:52.684+0000] {processor.py:840} INFO - DAG(s) 's3_postgres' retrieved from /opt/airflow/dags/pipeline.py
[2024-06-07T14:05:52.701+0000] {logging_mixin.py:188} INFO - [2024-06-07T14:05:52.701+0000] {dag.py:3096} INFO - Sync 1 DAGs
[2024-06-07T14:05:52.720+0000] {logging_mixin.py:188} INFO - [2024-06-07T14:05:52.720+0000] {dag.py:3954} INFO - Setting next_dagrun for s3_postgres to 2024-06-07 00:00:00+00:00, run_after=2024-06-08 00:00:00+00:00
[2024-06-07T14:05:52.740+0000] {processor.py:183} INFO - Processing /opt/airflow/dags/pipeline.py took 0.610 seconds
[2024-06-07T14:06:23.736+0000] {processor.py:161} INFO - Started process (PID=625) to work on /opt/airflow/dags/pipeline.py
[2024-06-07T14:06:23.737+0000] {processor.py:830} INFO - Processing file /opt/airflow/dags/pipeline.py for tasks to queue
[2024-06-07T14:06:23.739+0000] {logging_mixin.py:188} INFO - [2024-06-07T14:06:23.739+0000] {dagbag.py:545} INFO - Filling up the DagBag from /opt/airflow/dags/pipeline.py
[2024-06-07T14:06:24.302+0000] {processor.py:840} INFO - DAG(s) 's3_postgres' retrieved from /opt/airflow/dags/pipeline.py
[2024-06-07T14:06:24.319+0000] {logging_mixin.py:188} INFO - [2024-06-07T14:06:24.319+0000] {dag.py:3096} INFO - Sync 1 DAGs
[2024-06-07T14:06:24.339+0000] {logging_mixin.py:188} INFO - [2024-06-07T14:06:24.339+0000] {dag.py:3954} INFO - Setting next_dagrun for s3_postgres to 2024-06-07 00:00:00+00:00, run_after=2024-06-08 00:00:00+00:00
[2024-06-07T14:06:24.357+0000] {processor.py:183} INFO - Processing /opt/airflow/dags/pipeline.py took 0.629 seconds
[2024-06-07T14:06:54.576+0000] {processor.py:161} INFO - Started process (PID=685) to work on /opt/airflow/dags/pipeline.py
[2024-06-07T14:06:54.577+0000] {processor.py:830} INFO - Processing file /opt/airflow/dags/pipeline.py for tasks to queue
[2024-06-07T14:06:54.580+0000] {logging_mixin.py:188} INFO - [2024-06-07T14:06:54.579+0000] {dagbag.py:545} INFO - Filling up the DagBag from /opt/airflow/dags/pipeline.py
[2024-06-07T14:06:55.117+0000] {processor.py:840} INFO - DAG(s) 's3_postgres' retrieved from /opt/airflow/dags/pipeline.py
[2024-06-07T14:06:55.133+0000] {logging_mixin.py:188} INFO - [2024-06-07T14:06:55.132+0000] {dag.py:3096} INFO - Sync 1 DAGs
[2024-06-07T14:06:55.152+0000] {logging_mixin.py:188} INFO - [2024-06-07T14:06:55.152+0000] {dag.py:3954} INFO - Setting next_dagrun for s3_postgres to 2024-06-07 00:00:00+00:00, run_after=2024-06-08 00:00:00+00:00
[2024-06-07T14:06:55.169+0000] {processor.py:183} INFO - Processing /opt/airflow/dags/pipeline.py took 0.599 seconds
[2024-06-07T14:07:25.534+0000] {processor.py:161} INFO - Started process (PID=745) to work on /opt/airflow/dags/pipeline.py
[2024-06-07T14:07:25.535+0000] {processor.py:830} INFO - Processing file /opt/airflow/dags/pipeline.py for tasks to queue
[2024-06-07T14:07:25.537+0000] {logging_mixin.py:188} INFO - [2024-06-07T14:07:25.537+0000] {dagbag.py:545} INFO - Filling up the DagBag from /opt/airflow/dags/pipeline.py
[2024-06-07T14:07:26.093+0000] {processor.py:840} INFO - DAG(s) 's3_postgres' retrieved from /opt/airflow/dags/pipeline.py
[2024-06-07T14:07:26.110+0000] {logging_mixin.py:188} INFO - [2024-06-07T14:07:26.110+0000] {dag.py:3096} INFO - Sync 1 DAGs
[2024-06-07T14:07:26.131+0000] {logging_mixin.py:188} INFO - [2024-06-07T14:07:26.131+0000] {dag.py:3954} INFO - Setting next_dagrun for s3_postgres to 2024-06-07 00:00:00+00:00, run_after=2024-06-08 00:00:00+00:00
[2024-06-07T14:07:26.149+0000] {processor.py:183} INFO - Processing /opt/airflow/dags/pipeline.py took 0.622 seconds
[2024-06-07T14:07:57.142+0000] {processor.py:161} INFO - Started process (PID=808) to work on /opt/airflow/dags/pipeline.py
[2024-06-07T14:07:57.149+0000] {processor.py:830} INFO - Processing file /opt/airflow/dags/pipeline.py for tasks to queue
[2024-06-07T14:07:57.161+0000] {logging_mixin.py:188} INFO - [2024-06-07T14:07:57.160+0000] {dagbag.py:545} INFO - Filling up the DagBag from /opt/airflow/dags/pipeline.py
[2024-06-07T14:07:58.335+0000] {processor.py:840} INFO - DAG(s) 's3_postgres' retrieved from /opt/airflow/dags/pipeline.py
[2024-06-07T14:07:58.352+0000] {logging_mixin.py:188} INFO - [2024-06-07T14:07:58.351+0000] {dag.py:3096} INFO - Sync 1 DAGs
[2024-06-07T14:07:58.393+0000] {logging_mixin.py:188} INFO - [2024-06-07T14:07:58.393+0000] {dag.py:3954} INFO - Setting next_dagrun for s3_postgres to 2024-06-07 00:00:00+00:00, run_after=2024-06-08 00:00:00+00:00
[2024-06-07T14:07:58.422+0000] {processor.py:183} INFO - Processing /opt/airflow/dags/pipeline.py took 1.303 seconds
[2024-06-07T14:08:28.570+0000] {processor.py:161} INFO - Started process (PID=873) to work on /opt/airflow/dags/pipeline.py
[2024-06-07T14:08:28.571+0000] {processor.py:830} INFO - Processing file /opt/airflow/dags/pipeline.py for tasks to queue
[2024-06-07T14:08:28.575+0000] {logging_mixin.py:188} INFO - [2024-06-07T14:08:28.574+0000] {dagbag.py:545} INFO - Filling up the DagBag from /opt/airflow/dags/pipeline.py
[2024-06-07T14:08:29.318+0000] {processor.py:840} INFO - DAG(s) 's3_postgres' retrieved from /opt/airflow/dags/pipeline.py
[2024-06-07T14:08:29.337+0000] {logging_mixin.py:188} INFO - [2024-06-07T14:08:29.336+0000] {dag.py:3096} INFO - Sync 1 DAGs
[2024-06-07T14:08:29.362+0000] {logging_mixin.py:188} INFO - [2024-06-07T14:08:29.362+0000] {dag.py:3954} INFO - Setting next_dagrun for s3_postgres to 2024-06-07 00:00:00+00:00, run_after=2024-06-08 00:00:00+00:00
[2024-06-07T14:08:29.384+0000] {processor.py:183} INFO - Processing /opt/airflow/dags/pipeline.py took 0.823 seconds
[2024-06-07T14:08:59.947+0000] {processor.py:161} INFO - Started process (PID=933) to work on /opt/airflow/dags/pipeline.py
[2024-06-07T14:08:59.949+0000] {processor.py:830} INFO - Processing file /opt/airflow/dags/pipeline.py for tasks to queue
[2024-06-07T14:08:59.952+0000] {logging_mixin.py:188} INFO - [2024-06-07T14:08:59.951+0000] {dagbag.py:545} INFO - Filling up the DagBag from /opt/airflow/dags/pipeline.py
[2024-06-07T14:09:00.606+0000] {processor.py:840} INFO - DAG(s) 's3_postgres' retrieved from /opt/airflow/dags/pipeline.py
[2024-06-07T14:09:00.626+0000] {logging_mixin.py:188} INFO - [2024-06-07T14:09:00.625+0000] {dag.py:3096} INFO - Sync 1 DAGs
[2024-06-07T14:09:00.647+0000] {logging_mixin.py:188} INFO - [2024-06-07T14:09:00.647+0000] {dag.py:3954} INFO - Setting next_dagrun for s3_postgres to 2024-06-07 00:00:00+00:00, run_after=2024-06-08 00:00:00+00:00
[2024-06-07T14:09:00.668+0000] {processor.py:183} INFO - Processing /opt/airflow/dags/pipeline.py took 0.730 seconds
[2024-06-07T14:09:31.551+0000] {processor.py:161} INFO - Started process (PID=995) to work on /opt/airflow/dags/pipeline.py
[2024-06-07T14:09:31.552+0000] {processor.py:830} INFO - Processing file /opt/airflow/dags/pipeline.py for tasks to queue
[2024-06-07T14:09:31.555+0000] {logging_mixin.py:188} INFO - [2024-06-07T14:09:31.554+0000] {dagbag.py:545} INFO - Filling up the DagBag from /opt/airflow/dags/pipeline.py
[2024-06-07T14:09:32.105+0000] {processor.py:840} INFO - DAG(s) 's3_postgres' retrieved from /opt/airflow/dags/pipeline.py
[2024-06-07T14:09:32.122+0000] {logging_mixin.py:188} INFO - [2024-06-07T14:09:32.122+0000] {dag.py:3096} INFO - Sync 1 DAGs
[2024-06-07T14:09:32.140+0000] {logging_mixin.py:188} INFO - [2024-06-07T14:09:32.139+0000] {dag.py:3954} INFO - Setting next_dagrun for s3_postgres to 2024-06-07 00:00:00+00:00, run_after=2024-06-08 00:00:00+00:00
[2024-06-07T14:09:32.159+0000] {processor.py:183} INFO - Processing /opt/airflow/dags/pipeline.py took 0.615 seconds
[2024-06-07T14:09:53.370+0000] {processor.py:161} INFO - Started process (PID=1028) to work on /opt/airflow/dags/pipeline.py
[2024-06-07T14:09:53.372+0000] {processor.py:830} INFO - Processing file /opt/airflow/dags/pipeline.py for tasks to queue
[2024-06-07T14:09:53.374+0000] {logging_mixin.py:188} INFO - [2024-06-07T14:09:53.374+0000] {dagbag.py:545} INFO - Filling up the DagBag from /opt/airflow/dags/pipeline.py
[2024-06-07T14:09:53.948+0000] {processor.py:840} INFO - DAG(s) 's3_postgres' retrieved from /opt/airflow/dags/pipeline.py
[2024-06-07T14:09:54.056+0000] {logging_mixin.py:188} INFO - [2024-06-07T14:09:54.056+0000] {dag.py:3096} INFO - Sync 1 DAGs
[2024-06-07T14:09:54.096+0000] {logging_mixin.py:188} INFO - [2024-06-07T14:09:54.095+0000] {dag.py:3954} INFO - Setting next_dagrun for s3_postgres to 2024-06-07 00:00:00+00:00, run_after=2024-06-08 00:00:00+00:00
[2024-06-07T14:09:54.152+0000] {processor.py:183} INFO - Processing /opt/airflow/dags/pipeline.py took 0.789 seconds
[2024-06-07T14:10:24.227+0000] {processor.py:161} INFO - Started process (PID=1088) to work on /opt/airflow/dags/pipeline.py
[2024-06-07T14:10:24.228+0000] {processor.py:830} INFO - Processing file /opt/airflow/dags/pipeline.py for tasks to queue
[2024-06-07T14:10:24.231+0000] {logging_mixin.py:188} INFO - [2024-06-07T14:10:24.230+0000] {dagbag.py:545} INFO - Filling up the DagBag from /opt/airflow/dags/pipeline.py
[2024-06-07T14:10:25.161+0000] {processor.py:840} INFO - DAG(s) 's3_postgres' retrieved from /opt/airflow/dags/pipeline.py
[2024-06-07T14:10:25.189+0000] {logging_mixin.py:188} INFO - [2024-06-07T14:10:25.188+0000] {dag.py:3096} INFO - Sync 1 DAGs
[2024-06-07T14:10:25.223+0000] {logging_mixin.py:188} INFO - [2024-06-07T14:10:25.223+0000] {dag.py:3954} INFO - Setting next_dagrun for s3_postgres to 2024-06-07 00:00:00+00:00, run_after=2024-06-08 00:00:00+00:00
[2024-06-07T14:10:25.258+0000] {processor.py:183} INFO - Processing /opt/airflow/dags/pipeline.py took 1.039 seconds
[2024-06-07T14:10:55.479+0000] {processor.py:161} INFO - Started process (PID=1149) to work on /opt/airflow/dags/pipeline.py
[2024-06-07T14:10:55.481+0000] {processor.py:830} INFO - Processing file /opt/airflow/dags/pipeline.py for tasks to queue
[2024-06-07T14:10:55.484+0000] {logging_mixin.py:188} INFO - [2024-06-07T14:10:55.483+0000] {dagbag.py:545} INFO - Filling up the DagBag from /opt/airflow/dags/pipeline.py
[2024-06-07T14:10:56.422+0000] {processor.py:840} INFO - DAG(s) 's3_postgres' retrieved from /opt/airflow/dags/pipeline.py
[2024-06-07T14:10:56.446+0000] {logging_mixin.py:188} INFO - [2024-06-07T14:10:56.446+0000] {dag.py:3096} INFO - Sync 1 DAGs
[2024-06-07T14:10:56.479+0000] {logging_mixin.py:188} INFO - [2024-06-07T14:10:56.479+0000] {dag.py:3954} INFO - Setting next_dagrun for s3_postgres to 2024-06-07 00:00:00+00:00, run_after=2024-06-08 00:00:00+00:00
[2024-06-07T14:10:56.508+0000] {processor.py:183} INFO - Processing /opt/airflow/dags/pipeline.py took 1.038 seconds
[2024-06-07T14:11:26.830+0000] {processor.py:161} INFO - Started process (PID=1212) to work on /opt/airflow/dags/pipeline.py
[2024-06-07T14:11:26.832+0000] {processor.py:830} INFO - Processing file /opt/airflow/dags/pipeline.py for tasks to queue
[2024-06-07T14:11:26.836+0000] {logging_mixin.py:188} INFO - [2024-06-07T14:11:26.835+0000] {dagbag.py:545} INFO - Filling up the DagBag from /opt/airflow/dags/pipeline.py
[2024-06-07T14:11:27.933+0000] {processor.py:840} INFO - DAG(s) 's3_postgres' retrieved from /opt/airflow/dags/pipeline.py
[2024-06-07T14:11:27.961+0000] {logging_mixin.py:188} INFO - [2024-06-07T14:11:27.960+0000] {dag.py:3096} INFO - Sync 1 DAGs
[2024-06-07T14:11:27.991+0000] {logging_mixin.py:188} INFO - [2024-06-07T14:11:27.991+0000] {dag.py:3954} INFO - Setting next_dagrun for s3_postgres to 2024-06-07 00:00:00+00:00, run_after=2024-06-08 00:00:00+00:00
[2024-06-07T14:11:28.016+0000] {processor.py:183} INFO - Processing /opt/airflow/dags/pipeline.py took 1.197 seconds
[2024-06-07T14:11:58.442+0000] {processor.py:161} INFO - Started process (PID=1272) to work on /opt/airflow/dags/pipeline.py
[2024-06-07T14:11:58.447+0000] {processor.py:830} INFO - Processing file /opt/airflow/dags/pipeline.py for tasks to queue
[2024-06-07T14:11:58.454+0000] {logging_mixin.py:188} INFO - [2024-06-07T14:11:58.452+0000] {dagbag.py:545} INFO - Filling up the DagBag from /opt/airflow/dags/pipeline.py
[2024-06-07T14:12:01.048+0000] {processor.py:840} INFO - DAG(s) 's3_postgres' retrieved from /opt/airflow/dags/pipeline.py
[2024-06-07T14:12:01.089+0000] {logging_mixin.py:188} INFO - [2024-06-07T14:12:01.089+0000] {dag.py:3096} INFO - Sync 1 DAGs
[2024-06-07T14:12:01.167+0000] {logging_mixin.py:188} INFO - [2024-06-07T14:12:01.165+0000] {dag.py:3954} INFO - Setting next_dagrun for s3_postgres to 2024-06-07 00:00:00+00:00, run_after=2024-06-08 00:00:00+00:00
[2024-06-07T14:12:01.268+0000] {processor.py:183} INFO - Processing /opt/airflow/dags/pipeline.py took 2.838 seconds
[2024-06-07T14:12:31.811+0000] {processor.py:161} INFO - Started process (PID=1334) to work on /opt/airflow/dags/pipeline.py
[2024-06-07T14:12:31.812+0000] {processor.py:830} INFO - Processing file /opt/airflow/dags/pipeline.py for tasks to queue
[2024-06-07T14:12:31.814+0000] {logging_mixin.py:188} INFO - [2024-06-07T14:12:31.814+0000] {dagbag.py:545} INFO - Filling up the DagBag from /opt/airflow/dags/pipeline.py
[2024-06-07T14:12:32.391+0000] {processor.py:840} INFO - DAG(s) 's3_postgres' retrieved from /opt/airflow/dags/pipeline.py
[2024-06-07T14:12:32.410+0000] {logging_mixin.py:188} INFO - [2024-06-07T14:12:32.410+0000] {dag.py:3096} INFO - Sync 1 DAGs
[2024-06-07T14:12:32.433+0000] {logging_mixin.py:188} INFO - [2024-06-07T14:12:32.432+0000] {dag.py:3954} INFO - Setting next_dagrun for s3_postgres to 2024-06-07 00:00:00+00:00, run_after=2024-06-08 00:00:00+00:00
[2024-06-07T14:12:32.453+0000] {processor.py:183} INFO - Processing /opt/airflow/dags/pipeline.py took 0.648 seconds
[2024-06-07T14:13:02.988+0000] {processor.py:161} INFO - Started process (PID=1398) to work on /opt/airflow/dags/pipeline.py
[2024-06-07T14:13:02.990+0000] {processor.py:830} INFO - Processing file /opt/airflow/dags/pipeline.py for tasks to queue
[2024-06-07T14:13:02.994+0000] {logging_mixin.py:188} INFO - [2024-06-07T14:13:02.993+0000] {dagbag.py:545} INFO - Filling up the DagBag from /opt/airflow/dags/pipeline.py
[2024-06-07T14:13:04.276+0000] {processor.py:840} INFO - DAG(s) 's3_postgres' retrieved from /opt/airflow/dags/pipeline.py
[2024-06-07T14:13:04.316+0000] {logging_mixin.py:188} INFO - [2024-06-07T14:13:04.315+0000] {dag.py:3096} INFO - Sync 1 DAGs
[2024-06-07T14:13:04.363+0000] {logging_mixin.py:188} INFO - [2024-06-07T14:13:04.363+0000] {dag.py:3954} INFO - Setting next_dagrun for s3_postgres to 2024-06-07 00:00:00+00:00, run_after=2024-06-08 00:00:00+00:00
[2024-06-07T14:13:04.415+0000] {processor.py:183} INFO - Processing /opt/airflow/dags/pipeline.py took 1.443 seconds
[2024-06-07T14:13:35.154+0000] {processor.py:161} INFO - Started process (PID=1459) to work on /opt/airflow/dags/pipeline.py
[2024-06-07T14:13:35.155+0000] {processor.py:830} INFO - Processing file /opt/airflow/dags/pipeline.py for tasks to queue
[2024-06-07T14:13:35.157+0000] {logging_mixin.py:188} INFO - [2024-06-07T14:13:35.157+0000] {dagbag.py:545} INFO - Filling up the DagBag from /opt/airflow/dags/pipeline.py
[2024-06-07T14:13:35.734+0000] {processor.py:840} INFO - DAG(s) 's3_postgres' retrieved from /opt/airflow/dags/pipeline.py
[2024-06-07T14:13:35.752+0000] {logging_mixin.py:188} INFO - [2024-06-07T14:13:35.751+0000] {dag.py:3096} INFO - Sync 1 DAGs
[2024-06-07T14:13:35.771+0000] {logging_mixin.py:188} INFO - [2024-06-07T14:13:35.770+0000] {dag.py:3954} INFO - Setting next_dagrun for s3_postgres to 2024-06-07 00:00:00+00:00, run_after=2024-06-08 00:00:00+00:00
[2024-06-07T14:13:35.791+0000] {processor.py:183} INFO - Processing /opt/airflow/dags/pipeline.py took 0.642 seconds
[2024-06-07T14:14:05.904+0000] {processor.py:161} INFO - Started process (PID=1524) to work on /opt/airflow/dags/pipeline.py
[2024-06-07T14:14:05.905+0000] {processor.py:830} INFO - Processing file /opt/airflow/dags/pipeline.py for tasks to queue
[2024-06-07T14:14:05.908+0000] {logging_mixin.py:188} INFO - [2024-06-07T14:14:05.907+0000] {dagbag.py:545} INFO - Filling up the DagBag from /opt/airflow/dags/pipeline.py
[2024-06-07T14:14:06.483+0000] {processor.py:840} INFO - DAG(s) 's3_postgres' retrieved from /opt/airflow/dags/pipeline.py
[2024-06-07T14:14:06.499+0000] {logging_mixin.py:188} INFO - [2024-06-07T14:14:06.499+0000] {dag.py:3096} INFO - Sync 1 DAGs
[2024-06-07T14:14:06.517+0000] {logging_mixin.py:188} INFO - [2024-06-07T14:14:06.517+0000] {dag.py:3954} INFO - Setting next_dagrun for s3_postgres to 2024-06-07 00:00:00+00:00, run_after=2024-06-08 00:00:00+00:00
[2024-06-07T14:14:06.533+0000] {processor.py:183} INFO - Processing /opt/airflow/dags/pipeline.py took 0.635 seconds
[2024-06-07T14:14:36.632+0000] {processor.py:161} INFO - Started process (PID=1587) to work on /opt/airflow/dags/pipeline.py
[2024-06-07T14:14:36.634+0000] {processor.py:830} INFO - Processing file /opt/airflow/dags/pipeline.py for tasks to queue
[2024-06-07T14:14:36.637+0000] {logging_mixin.py:188} INFO - [2024-06-07T14:14:36.637+0000] {dagbag.py:545} INFO - Filling up the DagBag from /opt/airflow/dags/pipeline.py
[2024-06-07T14:14:37.279+0000] {processor.py:840} INFO - DAG(s) 's3_postgres' retrieved from /opt/airflow/dags/pipeline.py
[2024-06-07T14:14:37.300+0000] {logging_mixin.py:188} INFO - [2024-06-07T14:14:37.299+0000] {dag.py:3096} INFO - Sync 1 DAGs
[2024-06-07T14:14:37.322+0000] {logging_mixin.py:188} INFO - [2024-06-07T14:14:37.322+0000] {dag.py:3954} INFO - Setting next_dagrun for s3_postgres to 2024-06-07 00:00:00+00:00, run_after=2024-06-08 00:00:00+00:00
[2024-06-07T14:14:37.341+0000] {processor.py:183} INFO - Processing /opt/airflow/dags/pipeline.py took 0.721 seconds
[2024-06-07T14:15:08.499+0000] {processor.py:161} INFO - Started process (PID=1648) to work on /opt/airflow/dags/pipeline.py
[2024-06-07T14:15:08.511+0000] {processor.py:830} INFO - Processing file /opt/airflow/dags/pipeline.py for tasks to queue
[2024-06-07T14:15:08.526+0000] {logging_mixin.py:188} INFO - [2024-06-07T14:15:08.520+0000] {dagbag.py:545} INFO - Filling up the DagBag from /opt/airflow/dags/pipeline.py
[2024-06-07T14:15:09.986+0000] {processor.py:840} INFO - DAG(s) 's3_postgres' retrieved from /opt/airflow/dags/pipeline.py
[2024-06-07T14:15:10.008+0000] {logging_mixin.py:188} INFO - [2024-06-07T14:15:10.007+0000] {dag.py:3096} INFO - Sync 1 DAGs
[2024-06-07T14:15:10.035+0000] {logging_mixin.py:188} INFO - [2024-06-07T14:15:10.035+0000] {dag.py:3954} INFO - Setting next_dagrun for s3_postgres to 2024-06-07 00:00:00+00:00, run_after=2024-06-08 00:00:00+00:00
[2024-06-07T14:15:10.066+0000] {processor.py:183} INFO - Processing /opt/airflow/dags/pipeline.py took 1.594 seconds
[2024-06-07T14:15:40.189+0000] {processor.py:161} INFO - Started process (PID=1712) to work on /opt/airflow/dags/pipeline.py
[2024-06-07T14:15:40.190+0000] {processor.py:830} INFO - Processing file /opt/airflow/dags/pipeline.py for tasks to queue
[2024-06-07T14:15:40.193+0000] {logging_mixin.py:188} INFO - [2024-06-07T14:15:40.192+0000] {dagbag.py:545} INFO - Filling up the DagBag from /opt/airflow/dags/pipeline.py
[2024-06-07T14:15:40.785+0000] {processor.py:840} INFO - DAG(s) 's3_postgres' retrieved from /opt/airflow/dags/pipeline.py
[2024-06-07T14:15:40.803+0000] {logging_mixin.py:188} INFO - [2024-06-07T14:15:40.802+0000] {dag.py:3096} INFO - Sync 1 DAGs
[2024-06-07T14:15:40.821+0000] {logging_mixin.py:188} INFO - [2024-06-07T14:15:40.821+0000] {dag.py:3954} INFO - Setting next_dagrun for s3_postgres to 2024-06-07 00:00:00+00:00, run_after=2024-06-08 00:00:00+00:00
[2024-06-07T14:15:40.844+0000] {processor.py:183} INFO - Processing /opt/airflow/dags/pipeline.py took 0.662 seconds
[2024-06-07T14:16:12.289+0000] {processor.py:161} INFO - Started process (PID=1776) to work on /opt/airflow/dags/pipeline.py
[2024-06-07T14:16:12.290+0000] {processor.py:830} INFO - Processing file /opt/airflow/dags/pipeline.py for tasks to queue
[2024-06-07T14:16:12.292+0000] {logging_mixin.py:188} INFO - [2024-06-07T14:16:12.291+0000] {dagbag.py:545} INFO - Filling up the DagBag from /opt/airflow/dags/pipeline.py
[2024-06-07T14:16:12.943+0000] {processor.py:840} INFO - DAG(s) 's3_postgres' retrieved from /opt/airflow/dags/pipeline.py
[2024-06-07T14:16:12.958+0000] {logging_mixin.py:188} INFO - [2024-06-07T14:16:12.958+0000] {dag.py:3096} INFO - Sync 1 DAGs
[2024-06-07T14:16:12.979+0000] {logging_mixin.py:188} INFO - [2024-06-07T14:16:12.978+0000] {dag.py:3954} INFO - Setting next_dagrun for s3_postgres to 2024-06-07 00:00:00+00:00, run_after=2024-06-08 00:00:00+00:00
[2024-06-07T14:16:12.996+0000] {processor.py:183} INFO - Processing /opt/airflow/dags/pipeline.py took 0.715 seconds
[2024-06-07T14:16:43.150+0000] {processor.py:161} INFO - Started process (PID=1838) to work on /opt/airflow/dags/pipeline.py
[2024-06-07T14:16:43.151+0000] {processor.py:830} INFO - Processing file /opt/airflow/dags/pipeline.py for tasks to queue
[2024-06-07T14:16:43.153+0000] {logging_mixin.py:188} INFO - [2024-06-07T14:16:43.153+0000] {dagbag.py:545} INFO - Filling up the DagBag from /opt/airflow/dags/pipeline.py
[2024-06-07T14:16:43.729+0000] {processor.py:840} INFO - DAG(s) 's3_postgres' retrieved from /opt/airflow/dags/pipeline.py
[2024-06-07T14:16:43.746+0000] {logging_mixin.py:188} INFO - [2024-06-07T14:16:43.746+0000] {dag.py:3096} INFO - Sync 1 DAGs
[2024-06-07T14:16:43.767+0000] {logging_mixin.py:188} INFO - [2024-06-07T14:16:43.767+0000] {dag.py:3954} INFO - Setting next_dagrun for s3_postgres to 2024-06-07 00:00:00+00:00, run_after=2024-06-08 00:00:00+00:00
[2024-06-07T14:16:43.789+0000] {processor.py:183} INFO - Processing /opt/airflow/dags/pipeline.py took 0.646 seconds
[2024-06-07T14:17:13.979+0000] {processor.py:161} INFO - Started process (PID=1899) to work on /opt/airflow/dags/pipeline.py
[2024-06-07T14:17:13.981+0000] {processor.py:830} INFO - Processing file /opt/airflow/dags/pipeline.py for tasks to queue
[2024-06-07T14:17:13.983+0000] {logging_mixin.py:188} INFO - [2024-06-07T14:17:13.982+0000] {dagbag.py:545} INFO - Filling up the DagBag from /opt/airflow/dags/pipeline.py
[2024-06-07T14:17:14.513+0000] {processor.py:840} INFO - DAG(s) 's3_postgres' retrieved from /opt/airflow/dags/pipeline.py
[2024-06-07T14:17:14.530+0000] {logging_mixin.py:188} INFO - [2024-06-07T14:17:14.530+0000] {dag.py:3096} INFO - Sync 1 DAGs
[2024-06-07T14:17:14.550+0000] {logging_mixin.py:188} INFO - [2024-06-07T14:17:14.550+0000] {dag.py:3954} INFO - Setting next_dagrun for s3_postgres to 2024-06-07 00:00:00+00:00, run_after=2024-06-08 00:00:00+00:00
[2024-06-07T14:17:14.570+0000] {processor.py:183} INFO - Processing /opt/airflow/dags/pipeline.py took 0.596 seconds
[2024-06-07T14:17:45.288+0000] {processor.py:161} INFO - Started process (PID=1959) to work on /opt/airflow/dags/pipeline.py
[2024-06-07T14:17:45.289+0000] {processor.py:830} INFO - Processing file /opt/airflow/dags/pipeline.py for tasks to queue
[2024-06-07T14:17:45.291+0000] {logging_mixin.py:188} INFO - [2024-06-07T14:17:45.291+0000] {dagbag.py:545} INFO - Filling up the DagBag from /opt/airflow/dags/pipeline.py
[2024-06-07T14:17:45.717+0000] {processor.py:840} INFO - DAG(s) 's3_postgres' retrieved from /opt/airflow/dags/pipeline.py
[2024-06-07T14:17:45.740+0000] {logging_mixin.py:188} INFO - [2024-06-07T14:17:45.740+0000] {dag.py:3096} INFO - Sync 1 DAGs
[2024-06-07T14:17:45.768+0000] {logging_mixin.py:188} INFO - [2024-06-07T14:17:45.768+0000] {dag.py:3954} INFO - Setting next_dagrun for s3_postgres to 2024-06-07 00:00:00+00:00, run_after=2024-06-08 00:00:00+00:00
[2024-06-07T14:17:45.792+0000] {processor.py:183} INFO - Processing /opt/airflow/dags/pipeline.py took 0.512 seconds
[2024-06-07T14:18:15.860+0000] {processor.py:161} INFO - Started process (PID=2020) to work on /opt/airflow/dags/pipeline.py
[2024-06-07T14:18:15.861+0000] {processor.py:830} INFO - Processing file /opt/airflow/dags/pipeline.py for tasks to queue
[2024-06-07T14:18:15.866+0000] {logging_mixin.py:188} INFO - [2024-06-07T14:18:15.865+0000] {dagbag.py:545} INFO - Filling up the DagBag from /opt/airflow/dags/pipeline.py
[2024-06-07T14:18:16.299+0000] {processor.py:840} INFO - DAG(s) 's3_postgres' retrieved from /opt/airflow/dags/pipeline.py
[2024-06-07T14:18:16.325+0000] {logging_mixin.py:188} INFO - [2024-06-07T14:18:16.325+0000] {dag.py:3096} INFO - Sync 1 DAGs
[2024-06-07T14:18:16.354+0000] {logging_mixin.py:188} INFO - [2024-06-07T14:18:16.354+0000] {dag.py:3954} INFO - Setting next_dagrun for s3_postgres to 2024-06-07 00:00:00+00:00, run_after=2024-06-08 00:00:00+00:00
[2024-06-07T14:18:16.380+0000] {processor.py:183} INFO - Processing /opt/airflow/dags/pipeline.py took 0.528 seconds
